<deck>
<canvas width="792" height="612"/>
<slide>
<text align="c" xp="50" yp="50" sp="10" >decksh tests</text>
<text align="c" xp="50" yp="20" sp="2" >version</text>
<text align="c" xp="50" yp="15" sp="2" >2025-08-16-1.0.0</text>
</slide>
<slide>
<text align="c" xp="50" yp="92" sp="4" >Empty</text>
</slide>
<slide>
<text align="c" xp="50" yp="92" sp="4" >Ruler</text>
<line xp1="5.00" yp1="0.00" xp2="5.00" yp2="100.00" sp="0.05" color="black" opacity="70"/>
<line xp1="0.00" yp1="5.00" xp2="100.00" yp2="5.00" sp="0.05" color="black" opacity="70"/>
<text align="c" xp="5.00" yp="2" sp="1.2" color="black" opacity="75" font="mono">5</text>
<text align="c" xp="2" yp="5.00" sp="1.2" color="black" opacity="75" font="mono">5</text>
<line xp1="10.00" yp1="0.00" xp2="10.00" yp2="100.00" sp="0.05" color="black" opacity="70"/>
<line xp1="0.00" yp1="10.00" xp2="100.00" yp2="10.00" sp="0.05" color="black" opacity="70"/>
<text align="c" xp="10.00" yp="2" sp="1.2" color="black" opacity="75" font="mono">10</text>
<text align="c" xp="2" yp="10.00" sp="1.2" color="black" opacity="75" font="mono">10</text>
<line xp1="15.00" yp1="0.00" xp2="15.00" yp2="100.00" sp="0.05" color="black" opacity="70"/>
<line xp1="0.00" yp1="15.00" xp2="100.00" yp2="15.00" sp="0.05" color="black" opacity="70"/>
<text align="c" xp="15.00" yp="2" sp="1.2" color="black" opacity="75" font="mono">15</text>
<text align="c" xp="2" yp="15.00" sp="1.2" color="black" opacity="75" font="mono">15</text>
<line xp1="20.00" yp1="0.00" xp2="20.00" yp2="100.00" sp="0.05" color="black" opacity="70"/>
<line xp1="0.00" yp1="20.00" xp2="100.00" yp2="20.00" sp="0.05" color="black" opacity="70"/>
<text align="c" xp="20.00" yp="2" sp="1.2" color="black" opacity="75" font="mono">20</text>
<text align="c" xp="2" yp="20.00" sp="1.2" color="black" opacity="75" font="mono">20</text>
<line xp1="25.00" yp1="0.00" xp2="25.00" yp2="100.00" sp="0.05" color="black" opacity="70"/>
<line xp1="0.00" yp1="25.00" xp2="100.00" yp2="25.00" sp="0.05" color="black" opacity="70"/>
<text align="c" xp="25.00" yp="2" sp="1.2" color="black" opacity="75" font="mono">25</text>
<text align="c" xp="2" yp="25.00" sp="1.2" color="black" opacity="75" font="mono">25</text>
<line xp1="30.00" yp1="0.00" xp2="30.00" yp2="100.00" sp="0.05" color="black" opacity="70"/>
<line xp1="0.00" yp1="30.00" xp2="100.00" yp2="30.00" sp="0.05" color="black" opacity="70"/>
<text align="c" xp="30.00" yp="2" sp="1.2" color="black" opacity="75" font="mono">30</text>
<text align="c" xp="2" yp="30.00" sp="1.2" color="black" opacity="75" font="mono">30</text>
<line xp1="35.00" yp1="0.00" xp2="35.00" yp2="100.00" sp="0.05" color="black" opacity="70"/>
<line xp1="0.00" yp1="35.00" xp2="100.00" yp2="35.00" sp="0.05" color="black" opacity="70"/>
<text align="c" xp="35.00" yp="2" sp="1.2" color="black" opacity="75" font="mono">35</text>
<text align="c" xp="2" yp="35.00" sp="1.2" color="black" opacity="75" font="mono">35</text>
<line xp1="40.00" yp1="0.00" xp2="40.00" yp2="100.00" sp="0.05" color="black" opacity="70"/>
<line xp1="0.00" yp1="40.00" xp2="100.00" yp2="40.00" sp="0.05" color="black" opacity="70"/>
<text align="c" xp="40.00" yp="2" sp="1.2" color="black" opacity="75" font="mono">40</text>
<text align="c" xp="2" yp="40.00" sp="1.2" color="black" opacity="75" font="mono">40</text>
<line xp1="45.00" yp1="0.00" xp2="45.00" yp2="100.00" sp="0.05" color="black" opacity="70"/>
<line xp1="0.00" yp1="45.00" xp2="100.00" yp2="45.00" sp="0.05" color="black" opacity="70"/>
<text align="c" xp="45.00" yp="2" sp="1.2" color="black" opacity="75" font="mono">45</text>
<text align="c" xp="2" yp="45.00" sp="1.2" color="black" opacity="75" font="mono">45</text>
<line xp1="50.00" yp1="0.00" xp2="50.00" yp2="100.00" sp="0.05" color="black" opacity="70"/>
<line xp1="0.00" yp1="50.00" xp2="100.00" yp2="50.00" sp="0.05" color="black" opacity="70"/>
<text align="c" xp="50.00" yp="2" sp="1.2" color="black" opacity="75" font="mono">50</text>
<text align="c" xp="2" yp="50.00" sp="1.2" color="black" opacity="75" font="mono">50</text>
<line xp1="55.00" yp1="0.00" xp2="55.00" yp2="100.00" sp="0.05" color="black" opacity="70"/>
<line xp1="0.00" yp1="55.00" xp2="100.00" yp2="55.00" sp="0.05" color="black" opacity="70"/>
<text align="c" xp="55.00" yp="2" sp="1.2" color="black" opacity="75" font="mono">55</text>
<text align="c" xp="2" yp="55.00" sp="1.2" color="black" opacity="75" font="mono">55</text>
<line xp1="60.00" yp1="0.00" xp2="60.00" yp2="100.00" sp="0.05" color="black" opacity="70"/>
<line xp1="0.00" yp1="60.00" xp2="100.00" yp2="60.00" sp="0.05" color="black" opacity="70"/>
<text align="c" xp="60.00" yp="2" sp="1.2" color="black" opacity="75" font="mono">60</text>
<text align="c" xp="2" yp="60.00" sp="1.2" color="black" opacity="75" font="mono">60</text>
<line xp1="65.00" yp1="0.00" xp2="65.00" yp2="100.00" sp="0.05" color="black" opacity="70"/>
<line xp1="0.00" yp1="65.00" xp2="100.00" yp2="65.00" sp="0.05" color="black" opacity="70"/>
<text align="c" xp="65.00" yp="2" sp="1.2" color="black" opacity="75" font="mono">65</text>
<text align="c" xp="2" yp="65.00" sp="1.2" color="black" opacity="75" font="mono">65</text>
<line xp1="70.00" yp1="0.00" xp2="70.00" yp2="100.00" sp="0.05" color="black" opacity="70"/>
<line xp1="0.00" yp1="70.00" xp2="100.00" yp2="70.00" sp="0.05" color="black" opacity="70"/>
<text align="c" xp="70.00" yp="2" sp="1.2" color="black" opacity="75" font="mono">70</text>
<text align="c" xp="2" yp="70.00" sp="1.2" color="black" opacity="75" font="mono">70</text>
<line xp1="75.00" yp1="0.00" xp2="75.00" yp2="100.00" sp="0.05" color="black" opacity="70"/>
<line xp1="0.00" yp1="75.00" xp2="100.00" yp2="75.00" sp="0.05" color="black" opacity="70"/>
<text align="c" xp="75.00" yp="2" sp="1.2" color="black" opacity="75" font="mono">75</text>
<text align="c" xp="2" yp="75.00" sp="1.2" color="black" opacity="75" font="mono">75</text>
<line xp1="80.00" yp1="0.00" xp2="80.00" yp2="100.00" sp="0.05" color="black" opacity="70"/>
<line xp1="0.00" yp1="80.00" xp2="100.00" yp2="80.00" sp="0.05" color="black" opacity="70"/>
<text align="c" xp="80.00" yp="2" sp="1.2" color="black" opacity="75" font="mono">80</text>
<text align="c" xp="2" yp="80.00" sp="1.2" color="black" opacity="75" font="mono">80</text>
<line xp1="85.00" yp1="0.00" xp2="85.00" yp2="100.00" sp="0.05" color="black" opacity="70"/>
<line xp1="0.00" yp1="85.00" xp2="100.00" yp2="85.00" sp="0.05" color="black" opacity="70"/>
<text align="c" xp="85.00" yp="2" sp="1.2" color="black" opacity="75" font="mono">85</text>
<text align="c" xp="2" yp="85.00" sp="1.2" color="black" opacity="75" font="mono">85</text>
<line xp1="90.00" yp1="0.00" xp2="90.00" yp2="100.00" sp="0.05" color="black" opacity="70"/>
<line xp1="0.00" yp1="90.00" xp2="100.00" yp2="90.00" sp="0.05" color="black" opacity="70"/>
<text align="c" xp="90.00" yp="2" sp="1.2" color="black" opacity="75" font="mono">90</text>
<text align="c" xp="2" yp="90.00" sp="1.2" color="black" opacity="75" font="mono">90</text>
<line xp1="95.00" yp1="0.00" xp2="95.00" yp2="100.00" sp="0.05" color="black" opacity="70"/>
<line xp1="0.00" yp1="95.00" xp2="100.00" yp2="95.00" sp="0.05" color="black" opacity="70"/>
<text align="c" xp="95.00" yp="2" sp="1.2" color="black" opacity="75" font="mono">95</text>
<text align="c" xp="2" yp="95.00" sp="1.2" color="black" opacity="75" font="mono">95</text>
</slide>
<slide>
<text align="c" xp="50" yp="92" sp="4" >Ruler 20</text>
<line xp1="20.00" yp1="0.00" xp2="20.00" yp2="100.00" sp="0.05" color="black" opacity="70"/>
<line xp1="0.00" yp1="20.00" xp2="100.00" yp2="20.00" sp="0.05" color="black" opacity="70"/>
<text align="c" xp="20.00" yp="2" sp="1.2" color="black" opacity="75" font="mono">20</text>
<text align="c" xp="2" yp="20.00" sp="1.2" color="black" opacity="75" font="mono">20</text>
<line xp1="40.00" yp1="0.00" xp2="40.00" yp2="100.00" sp="0.05" color="black" opacity="70"/>
<line xp1="0.00" yp1="40.00" xp2="100.00" yp2="40.00" sp="0.05" color="black" opacity="70"/>
<text align="c" xp="40.00" yp="2" sp="1.2" color="black" opacity="75" font="mono">40</text>
<text align="c" xp="2" yp="40.00" sp="1.2" color="black" opacity="75" font="mono">40</text>
<line xp1="60.00" yp1="0.00" xp2="60.00" yp2="100.00" sp="0.05" color="black" opacity="70"/>
<line xp1="0.00" yp1="60.00" xp2="100.00" yp2="60.00" sp="0.05" color="black" opacity="70"/>
<text align="c" xp="60.00" yp="2" sp="1.2" color="black" opacity="75" font="mono">60</text>
<text align="c" xp="2" yp="60.00" sp="1.2" color="black" opacity="75" font="mono">60</text>
<line xp1="80.00" yp1="0.00" xp2="80.00" yp2="100.00" sp="0.05" color="black" opacity="70"/>
<line xp1="0.00" yp1="80.00" xp2="100.00" yp2="80.00" sp="0.05" color="black" opacity="70"/>
<text align="c" xp="80.00" yp="2" sp="1.2" color="black" opacity="75" font="mono">80</text>
<text align="c" xp="2" yp="80.00" sp="1.2" color="black" opacity="75" font="mono">80</text>
</slide>
<slide>
<text align="c" xp="50" yp="92" sp="4" >Ruler 10 colored</text>
<line xp1="10.00" yp1="0.00" xp2="10.00" yp2="100.00" sp="0.05" color="red" opacity="70"/>
<line xp1="0.00" yp1="10.00" xp2="100.00" yp2="10.00" sp="0.05" color="red" opacity="70"/>
<text align="c" xp="10.00" yp="2" sp="1.2" color="red" opacity="75" font="mono">10</text>
<text align="c" xp="2" yp="10.00" sp="1.2" color="red" opacity="75" font="mono">10</text>
<line xp1="20.00" yp1="0.00" xp2="20.00" yp2="100.00" sp="0.05" color="red" opacity="70"/>
<line xp1="0.00" yp1="20.00" xp2="100.00" yp2="20.00" sp="0.05" color="red" opacity="70"/>
<text align="c" xp="20.00" yp="2" sp="1.2" color="red" opacity="75" font="mono">20</text>
<text align="c" xp="2" yp="20.00" sp="1.2" color="red" opacity="75" font="mono">20</text>
<line xp1="30.00" yp1="0.00" xp2="30.00" yp2="100.00" sp="0.05" color="red" opacity="70"/>
<line xp1="0.00" yp1="30.00" xp2="100.00" yp2="30.00" sp="0.05" color="red" opacity="70"/>
<text align="c" xp="30.00" yp="2" sp="1.2" color="red" opacity="75" font="mono">30</text>
<text align="c" xp="2" yp="30.00" sp="1.2" color="red" opacity="75" font="mono">30</text>
<line xp1="40.00" yp1="0.00" xp2="40.00" yp2="100.00" sp="0.05" color="red" opacity="70"/>
<line xp1="0.00" yp1="40.00" xp2="100.00" yp2="40.00" sp="0.05" color="red" opacity="70"/>
<text align="c" xp="40.00" yp="2" sp="1.2" color="red" opacity="75" font="mono">40</text>
<text align="c" xp="2" yp="40.00" sp="1.2" color="red" opacity="75" font="mono">40</text>
<line xp1="50.00" yp1="0.00" xp2="50.00" yp2="100.00" sp="0.05" color="red" opacity="70"/>
<line xp1="0.00" yp1="50.00" xp2="100.00" yp2="50.00" sp="0.05" color="red" opacity="70"/>
<text align="c" xp="50.00" yp="2" sp="1.2" color="red" opacity="75" font="mono">50</text>
<text align="c" xp="2" yp="50.00" sp="1.2" color="red" opacity="75" font="mono">50</text>
<line xp1="60.00" yp1="0.00" xp2="60.00" yp2="100.00" sp="0.05" color="red" opacity="70"/>
<line xp1="0.00" yp1="60.00" xp2="100.00" yp2="60.00" sp="0.05" color="red" opacity="70"/>
<text align="c" xp="60.00" yp="2" sp="1.2" color="red" opacity="75" font="mono">60</text>
<text align="c" xp="2" yp="60.00" sp="1.2" color="red" opacity="75" font="mono">60</text>
<line xp1="70.00" yp1="0.00" xp2="70.00" yp2="100.00" sp="0.05" color="red" opacity="70"/>
<line xp1="0.00" yp1="70.00" xp2="100.00" yp2="70.00" sp="0.05" color="red" opacity="70"/>
<text align="c" xp="70.00" yp="2" sp="1.2" color="red" opacity="75" font="mono">70</text>
<text align="c" xp="2" yp="70.00" sp="1.2" color="red" opacity="75" font="mono">70</text>
<line xp1="80.00" yp1="0.00" xp2="80.00" yp2="100.00" sp="0.05" color="red" opacity="70"/>
<line xp1="0.00" yp1="80.00" xp2="100.00" yp2="80.00" sp="0.05" color="red" opacity="70"/>
<text align="c" xp="80.00" yp="2" sp="1.2" color="red" opacity="75" font="mono">80</text>
<text align="c" xp="2" yp="80.00" sp="1.2" color="red" opacity="75" font="mono">80</text>
<line xp1="90.00" yp1="0.00" xp2="90.00" yp2="100.00" sp="0.05" color="red" opacity="70"/>
<line xp1="0.00" yp1="90.00" xp2="100.00" yp2="90.00" sp="0.05" color="red" opacity="70"/>
<text align="c" xp="90.00" yp="2" sp="1.2" color="red" opacity="75" font="mono">90</text>
<text align="c" xp="2" yp="90.00" sp="1.2" color="red" opacity="75" font="mono">90</text>
</slide>
<slide bg="orange">
<text align="c" xp="50" yp="92" sp="4" >Background color only</text>
</slide>
<slide bg="blue" fg="white">
<text align="c" xp="50" yp="92" sp="4" >Background and Foreground</text>
</slide>
<slide gradcolor1="blue" gradcolor2="white" gp="10">
<text align="c" xp="50" yp="92" sp="4" >Gradiant only</text>
</slide>
<slide gradcolor1="purple" gradcolor2="orange" gp="10" fg="white">
<text align="c" xp="50" yp="92" sp="4" >Gradient and Foreground</text>
<rect xp="50" yp="60" wp="50" hp="15" gradcolor1="black" gradcolor2="white" gp="60"/>
<rect xp="50" yp="40" wp="50" hp="15" color="red"/>
<text align="c" xp="50" yp="60" sp="3" >60</text>
<text align="c" xp="50" yp="40" sp="3" >40</text>
</slide>
<slide>
<line xp1="5" yp1="72" xp2="90" yp2="72" sp="4" color="#0000aa" opacity="10"/>
<text align="c" xp="50" yp="92" sp="4" >Colors, fonts, opacity</text>
<text xp="6" yp="70" sp="3" font="sans" color="#7f7f7f">Colors</text>
<text xp="35" yp="70" sp="3" font="sans" color="#7f7f7f">Fonts</text>
<text xp="68" yp="70" sp="3" font="sans" color="#7f7f7f">Opacity (0-100)</text>
<list xp="6" yp="60" sp="2.5" font="mono" color="steelblue" opacity="100" lp="1.5">
<li>"steelblue"</li>
<li>"#4682b4"</li>
<li>"rgb(70,130,180)"</li>
<li>"hsv(207,61,71)"</li>
<li>maroon/blue/90</li>
</list>
<list xp="35" yp="60" sp="2.5" font="mono" color="" opacity="100" lp="1.5">
<li>"sans"</li>
<li>"serif"</li>
<li>"mono"</li>
<li>"symbol"</li>
</list>
<list xp="50" yp="60" sp="2.5" font="mono" color="" opacity="100" lp="1.5">
<li>Sans Serif</li>
<li font="serif">Serif</li>
<li font="mono">Monospace</li>
<li font="symbol">abcde</li>
</list>
<list xp="68" yp="60" sp="2.5" font="mono" color="" opacity="100" lp="1.5">
<li>100</li>
<li>50</li>
<li>20</li>
</list>
<line xp1="80" yp1="61" xp2="86" yp2="61" sp="2" color="maroon"/>
<line xp1="80" yp1="56" xp2="86" yp2="56" sp="2" color="maroon" opacity="50"/>
<line xp1="80" yp1="51" xp2="86" yp2="51" sp="2" color="maroon" opacity="20"/>
<rect xp="30" yp="42" wp="4" hp="3" gradcolor1="maroon" gradcolor2="blue" gp="90"/>
<line xp1="33" yp1="25" xp2="33" yp2="75" sp="0.1"/>
<line xp1="66" yp1="25" xp2="66" yp2="75" sp="0.1"/>
<line xp1="5" yp1="25" xp2="5" yp2="75" sp="0.1"/>
<line xp1="90" yp1="25" xp2="90" yp2="75" sp="0.1"/>
<line xp1="5" yp1="25" xp2="90" yp2="25" sp="0.1"/>
<list xp="6" yp="20" sp="2" font="mono">
<li>maroon</li>
<li>#800000</li>
<li>rgb(128,0,0)</li>
<li>hsv(0,100,50)</li>
</list>
<rect xp="30" yp="20" wp="2" hr="100" color="maroon"/>
<rect xp="30" yp="15" wp="2" hr="100" color="#800000"/>
<rect xp="30" yp="10" wp="2" hr="100" color="rgb(128,0,0)"/>
<rect xp="30" yp="5" wp="2" hr="100" color="hsv(0,100,50)"/>
</slide>
<slide>
<text align="c" xp="50" yp="92" sp="4" >Functions</text>
<ellipse xp="20" yp="20" wp="2" hr="100" color="gray"/>
<text xp="20" yp="22" sp="3" font="mono" color="red">20)</text>
<text align="e" xp="20" yp="22" sp="3" font="mono" color="red">(20,</text>
<ellipse xp="40" yp="20" wp="2" hr="100" color="gray"/>
<text xp="40" yp="22" sp="3" font="mono" color="green">20)</text>
<text align="e" xp="40" yp="22" sp="3" font="mono" color="green">(40,</text>
<ellipse xp="60" yp="20" wp="2" hr="100" color="gray"/>
<text xp="60" yp="22" sp="3" font="mono" color="blue">20)</text>
<text align="e" xp="60" yp="22" sp="3" font="mono" color="blue">(60,</text>
<ellipse xp="80" yp="20" wp="2" hr="100" color="gray"/>
<text xp="80" yp="22" sp="3" font="mono" color="gray">20)</text>
<text align="e" xp="80" yp="22" sp="3" font="mono" color="gray">(80,</text>
<ellipse xp="20" yp="40" wp="2" hr="100" color="gray"/>
<text xp="20" yp="42" sp="3" font="mono" color="red">40)</text>
<text align="e" xp="20" yp="42" sp="3" font="mono" color="red">(20,</text>
<ellipse xp="40" yp="40" wp="2" hr="100" color="gray"/>
<text xp="40" yp="42" sp="3" font="mono" color="green">40)</text>
<text align="e" xp="40" yp="42" sp="3" font="mono" color="green">(40,</text>
<ellipse xp="60" yp="40" wp="2" hr="100" color="gray"/>
<text xp="60" yp="42" sp="3" font="mono" color="blue">40)</text>
<text align="e" xp="60" yp="42" sp="3" font="mono" color="blue">(60,</text>
<ellipse xp="80" yp="40" wp="2" hr="100" color="gray"/>
<text xp="80" yp="42" sp="3" font="mono" color="gray">40)</text>
<text align="e" xp="80" yp="42" sp="3" font="mono" color="gray">(80,</text>
<ellipse xp="20" yp="60" wp="2" hr="100" color="gray"/>
<text xp="20" yp="62" sp="3" font="mono" color="red">60)</text>
<text align="e" xp="20" yp="62" sp="3" font="mono" color="red">(20,</text>
<ellipse xp="40" yp="60" wp="2" hr="100" color="gray"/>
<text xp="40" yp="62" sp="3" font="mono" color="green">60)</text>
<text align="e" xp="40" yp="62" sp="3" font="mono" color="green">(40,</text>
<ellipse xp="60" yp="60" wp="2" hr="100" color="gray"/>
<text xp="60" yp="62" sp="3" font="mono" color="blue">60)</text>
<text align="e" xp="60" yp="62" sp="3" font="mono" color="blue">(60,</text>
<ellipse xp="80" yp="60" wp="2" hr="100" color="gray"/>
<text xp="80" yp="62" sp="3" font="mono" color="gray">60)</text>
<text align="e" xp="80" yp="62" sp="3" font="mono" color="gray">(80,</text>
<ellipse xp="20" yp="80" wp="2" hr="100" color="gray"/>
<text xp="20" yp="82" sp="3" font="mono" color="red">80)</text>
<text align="e" xp="20" yp="82" sp="3" font="mono" color="red">(20,</text>
<ellipse xp="40" yp="80" wp="2" hr="100" color="gray"/>
<text xp="40" yp="82" sp="3" font="mono" color="green">80)</text>
<text align="e" xp="40" yp="82" sp="3" font="mono" color="green">(40,</text>
<ellipse xp="60" yp="80" wp="2" hr="100" color="gray"/>
<text xp="60" yp="82" sp="3" font="mono" color="blue">80)</text>
<text align="e" xp="60" yp="82" sp="3" font="mono" color="blue">(60,</text>
<ellipse xp="80" yp="80" wp="2" hr="100" color="gray"/>
<text xp="80" yp="82" sp="3" font="mono" color="gray">80)</text>
<text align="e" xp="80" yp="82" sp="3" font="mono" color="gray">(80,</text>
<ellipse xp="50" yp="10" wp="10" hr="100" color="red"/>
<text align="e" xp="50" yp="10" sp="2" font="mono" color="white">(50,</text>
<text xp="50" yp="10" sp="2" font="mono" color="white">10)</text>
</slide>
<slide>
<text align="c" xp="50" yp="92" sp="4" >Conditionals</text>
<text xp="45" yp="70" sp="3" font="mono">r=13.31</text>
<text xp="60" yp="70" sp="3" font="mono">x=31.11</text>
<text xp="75" yp="70" sp="3" font="mono">b=28.25</text>
<text xp="10" yp="60" sp="3" font="serif">equal to</text>
<text xp="45" yp="60" sp="3" font="mono">r == x</text>
<text xp="10" yp="55.5" sp="3" font="serif">not equal to</text>
<text xp="45" yp="55.5" sp="3" font="mono">r != x</text>
<text xp="10" yp="51" sp="3" font="serif">greater than</text>
<text xp="45" yp="51" sp="3" font="mono">r &gt; x</text>
<text xp="10" yp="46.5" sp="3" font="serif">less than</text>
<text xp="45" yp="46.5" sp="3" font="mono">r &lt; x</text>
<text xp="10" yp="42" sp="3" font="serif">greater than or equal to</text>
<text xp="45" yp="42" sp="3" font="mono">r &gt;= x</text>
<text xp="10" yp="37.5" sp="3" font="serif">less than or equal to</text>
<text xp="45" yp="37.5" sp="3" font="mono">r &lt;= x</text>
<text xp="10" yp="33" sp="3" font="serif">between</text>
<text xp="45" yp="33" sp="3" font="mono">r &gt;&lt; x b</text>
<text align="c" xp="65" yp="55.5" sp="2" >YES</text>
<text align="c" xp="65" yp="46.5" sp="2" >YES</text>
<text align="c" xp="65" yp="37.5" sp="2" >YES</text>
</slide>
<slide>
<text align="c" xp="50" yp="92" sp="4" >Conditionals (if -- else -- eif)</text>
<text file="ifelse.dsh" xp="5" yp="65" sp="3" font="mono"/>
<text align="c" xp="50" yp="5" sp="4" >in the else clause</text>
<text align="c" xp="10" yp="5" sp="3" >r=80.16</text>
<text align="c" xp="90" yp="5" sp="3" >x=93.93</text>
<rect xp="50" yp="25" wp="100" hp="20" color="blue" opacity="20"/>
</slide>
<slide>
<text align="c" xp="50" yp="92" sp="4" >String Conditionals</text>
<text align="c" xp="50" yp="50" sp="3" >strings are not equal</text>
<ellipse xp="20" yp="50" wp="5" hr="100" color="red"/>
<ellipse xp="80" yp="50" wp="5" hr="100" color="blue"/>
</slide>
<slide>
<text align="c" xp="50" yp="92" sp="4" >Coordinates</text>
<line xp1="40" yp1="40" xp2="60" yp2="40" sp="0.2" color="blue"/>
<line xp1="60" yp1="40" xp2="60" yp2="60" sp="0.2" color="red"/>
<line xp1="60" yp1="60" xp2="40" yp2="60" sp="0.2" color="green"/>
<line xp1="40" yp1="60" xp2="40" yp2="40" sp="0.2" color="orange"/>
<polygon xc="40 60 60 40" yc="40 40 60 60" color="black" opacity="10"/>
<ellipse xp="52.17825484430232" yp="43.62142610817229" wp="5" hr="100" color="red" opacity="50"/>
<ellipse xp="52.17825484430232" yp="43.62142610817229" wp="1" hr="100"/>
<text align="c" xp="40" yp="40" sp="2" >p1 (a,b)</text>
<text align="c" xp="60" yp="40" sp="2" >p2 (a+c,b)</text>
<text align="c" xp="60" yp="60" sp="2" >p3 (a+c,b+c)</text>
<text align="c" xp="40" yp="60" sp="2" >p4 (a,b+c)</text>
</slide>
<slide>
<text align="c" xp="50" yp="50" sp="5" >Included data from another file</text>
</slide>
<slide>
<text align="c" xp="50" yp="92" sp="4" >Content (see test.md.pdf)</text>
<text type="markdown" file="test.md" xp="50" yp="50" sp="2"/>
</slide>
<slide>
<text align="c" xp="50" yp="92" sp="4" >Grid</text>
<ellipse xp="10" yp="80" wp="1" hr="100"/>
<ellipse xp="20" yp="80" wp="2" hr="100"/>
<ellipse xp="30" yp="80" wp="4" hr="100"/>
<ellipse xp="10" yp="68" wp="4" hr="100"/>
<ellipse xp="20" yp="68" wp="2" hr="100"/>
<ellipse xp="30" yp="68" wp="1" hr="100"/>
<arc xp="10" yp="56" wp="3" hp="3" a1="0" a2="90"/>
<arc xp="20" yp="56" wp="3" hp="3" a1="90" a2="180"/>
<arc xp="30" yp="56" wp="3" hp="3" a1="180" a2="270"/>
<rect xp="10" yp="44" wp="4" hr="100" color="red"/>
<rect xp="20" yp="44" wp="4" hr="100" color="green"/>
<rect xp="30" yp="44" wp="4" hr="100" color="blue"/>
<image name="follow.jpg" xp="10" yp="32" width="640" height="480" scale="10"/>
<image name="follow.jpg" xp="20" yp="32" width="640" height="480" scale="10"/>
<image name="follow.jpg" xp="30" yp="32" width="640" height="480" scale="10"/>
<text file="grid.d" xp="45" yp="80" sp="1.5" font="mono"/>
</slide>
<slide>
<text type="block" xp="5" yp="92" wp="20" sp="2" >Now is the time for all good men to come to the aid of the party &amp; 'do it now'</text>
<text type="block" xp="35" yp="92" wp="15" sp="2" font="serif">Now is the time for all good men to come to the aid of the party &amp; 'do it now'</text>
<text type="block" xp="65" yp="92" wp="10" sp="2" font="mono" color="red">Now is the time for all good men to come to the aid of the party &amp; 'do it now'</text>
<text type="block" xp="85" yp="92" wp="10" sp="2" >Now is the time for all good men to come to the aid of the party &amp; 'do it now' (read from a file)</text>
<text file="AAPL.d" xp="5" yp="50" sp="2" />
<text file="AAPL.d" xp="35" yp="50" sp="2" font="serif"/>
<text file="AAPL.d" xp="65" yp="50" sp="2" font="mono" color="red"/>
<text type="code" file="code/hw.go" xp="5" yp="75" wp="20" sp="1"/>
<text type="code" file="code/hw.go" xp="35" yp="75" wp="20" sp="1" color="red"/>
</slide>
<slide>
<text align="c" xp="50" yp="92" sp="4" >Text and Alignment</text>
<line xp1="10" yp1="0" xp2="10" yp2="100" sp="0.1"/>
<line xp1="35" yp1="0" xp2="35" yp2="100" sp="0.1"/>
<line xp1="60" yp1="0" xp2="60" yp2="100" sp="0.1"/>
<line xp1="85" yp1="0" xp2="85" yp2="100" sp="0.1"/>
<text xp="10" yp="80" sp="3" >one</text>
<text xp="10" yp="70" sp="3" font="serif">two</text>
<text xp="10" yp="60" sp="3" font="mono" color="red">three</text>
<text xp="10" yp="50" sp="3" font="sans" color="blue" opacity="80">four</text>
<text align="c" xp="35" yp="80" sp="3" >one</text>
<text align="c" xp="35" yp="70" sp="3" font="serif">two</text>
<text align="c" xp="35" yp="60" sp="3" font="mono" color="red">three</text>
<text align="c" xp="35" yp="50" sp="3" font="sans" color="blue" opacity="60">four</text>
<text align="e" xp="60" yp="80" sp="3" >one</text>
<text align="e" xp="60" yp="70" sp="3" font="serif">two</text>
<text align="e" xp="60" yp="60" sp="3" font="mono" color="red">three</text>
<text align="e" xp="60" yp="50" sp="3" font="sans" color="blue" opacity="40">four</text>
<text xp="85" yp="60" rotation="0" sp="3" >one (0)</text>
<text xp="85" yp="60" rotation="90" sp="3" font="serif">two (90)</text>
<text xp="85" yp="60" rotation="180" sp="3" font="mono" color="red">three (180)</text>
<text xp="85" yp="60" rotation="270" sp="3" font="sans" color="blue" opacity="20">four (270)</text>
<text xp="3.00" yp="20.00" rotation="450.00" sp="2" font="mono">m</text>
<text xp="3.07" yp="21.29" rotation="441.82" sp="2" font="mono">o</text>
<text xp="3.28" yp="22.55" rotation="433.64" sp="2" font="mono">v</text>
<text xp="3.63" yp="23.76" rotation="425.45" sp="2" font="mono">i</text>
<text xp="4.11" yp="24.90" rotation="417.27" sp="2" font="mono">n</text>
<text xp="4.71" yp="25.93" rotation="409.09" sp="2" font="mono">g</text>
<text xp="5.42" yp="26.85" rotation="400.91" sp="2" font="mono"> </text>
<text xp="6.22" yp="27.62" rotation="392.73" sp="2" font="mono">o</text>
<text xp="7.09" yp="28.24" rotation="384.55" sp="2" font="mono">n</text>
<text xp="8.03" yp="28.69" rotation="376.36" sp="2" font="mono"> </text>
<text xp="9.00" yp="28.97" rotation="368.18" sp="2" font="mono">u</text>
<text xp="10.00" yp="29.06" rotation="360.00" sp="2" font="mono">p</text>
<text xp="25.00" yp="20.00" rotation="450.00" sp="2" font="mono" color="red">h</text>
<text xp="25.19" yp="22.52" rotation="438.75" sp="2" font="mono" color="red">e</text>
<text xp="25.76" yp="24.95" rotation="427.50" sp="2" font="mono" color="red">l</text>
<text xp="26.69" yp="27.19" rotation="416.25" sp="2" font="mono" color="red">l</text>
<text xp="27.93" yp="29.15" rotation="405.00" sp="2" font="mono" color="red">o</text>
<text xp="29.44" yp="30.76" rotation="393.75" sp="2" font="mono" color="red"> </text>
<text xp="31.17" yp="31.96" rotation="382.50" sp="2" font="mono" color="red">t</text>
<text xp="33.05" yp="32.69" rotation="371.25" sp="2" font="mono" color="red">h</text>
<text xp="35.00" yp="32.94" rotation="360.00" sp="2" font="mono" color="red">e</text>
<text xp="36.95" yp="32.69" rotation="348.75" sp="2" font="mono" color="red">r</text>
<text xp="38.83" yp="31.96" rotation="337.50" sp="2" font="mono" color="red">e</text>
<text xp="40.56" yp="30.76" rotation="326.25" sp="2" font="mono" color="red"> </text>
<text xp="42.07" yp="29.15" rotation="315.00" sp="2" font="mono" color="red">w</text>
<text xp="43.31" yp="27.19" rotation="303.75" sp="2" font="mono" color="red">o</text>
<text xp="44.24" yp="24.95" rotation="292.50" sp="2" font="mono" color="red">r</text>
<text xp="44.81" yp="22.52" rotation="281.25" sp="2" font="mono" color="red">l</text>
<text xp="45.00" yp="20.00" rotation="270.00" sp="2" font="mono" color="red">d</text>
<text xp="50.00" yp="20.00" rotation="270.00" sp="2" font="mono" color="blue">t</text>
<text xp="50.15" yp="17.75" rotation="280.00" sp="2" font="mono" color="blue">h</text>
<text xp="50.60" yp="15.57" rotation="290.00" sp="2" font="mono" color="blue">i</text>
<text xp="51.34" yp="13.53" rotation="300.00" sp="2" font="mono" color="blue">s</text>
<text xp="52.34" yp="11.68" rotation="310.00" sp="2" font="mono" color="blue"> </text>
<text xp="53.57" yp="10.09" rotation="320.00" sp="2" font="mono" color="blue">i</text>
<text xp="55.00" yp="8.79" rotation="330.00" sp="2" font="mono" color="blue">s</text>
<text xp="56.58" yp="7.84" rotation="340.00" sp="2" font="mono" color="blue"> </text>
<text xp="58.26" yp="7.26" rotation="350.00" sp="2" font="mono" color="blue">o</text>
<text xp="60.00" yp="7.06" rotation="360.00" sp="2" font="mono" color="blue">n</text>
<text xp="61.74" yp="7.26" rotation="370.00" sp="2" font="mono" color="blue">l</text>
<text xp="63.42" yp="7.84" rotation="380.00" sp="2" font="mono" color="blue">y</text>
<text xp="65.00" yp="8.79" rotation="390.00" sp="2" font="mono" color="blue"> </text>
<text xp="66.43" yp="10.09" rotation="400.00" sp="2" font="mono" color="blue">a</text>
<text xp="67.66" yp="11.68" rotation="410.00" sp="2" font="mono" color="blue"> </text>
<text xp="68.66" yp="13.53" rotation="420.00" sp="2" font="mono" color="blue">t</text>
<text xp="69.40" yp="15.57" rotation="430.00" sp="2" font="mono" color="blue">e</text>
<text xp="69.85" yp="17.75" rotation="440.00" sp="2" font="mono" color="blue">s</text>
<text xp="70.00" yp="20.00" rotation="450.00" sp="2" font="mono" color="blue">t</text>
<text xp="85.00" yp="32.94" rotation="360.00" sp="2" font="mono" color="blue" opacity="40">c</text>
<text xp="86.56" yp="32.78" rotation="351.00" sp="2" font="mono" color="blue" opacity="40">o</text>
<text xp="88.09" yp="32.31" rotation="342.00" sp="2" font="mono" color="blue" opacity="40">m</text>
<text xp="89.54" yp="31.53" rotation="333.00" sp="2" font="mono" color="blue" opacity="40">i</text>
<text xp="90.88" yp="30.47" rotation="324.00" sp="2" font="mono" color="blue" opacity="40">n</text>
<text xp="92.07" yp="29.15" rotation="315.00" sp="2" font="mono" color="blue" opacity="40">g</text>
<text xp="93.09" yp="27.61" rotation="306.00" sp="2" font="mono" color="blue" opacity="40"> </text>
<text xp="93.91" yp="25.88" rotation="297.00" sp="2" font="mono" color="blue" opacity="40">d</text>
<text xp="94.51" yp="24.00" rotation="288.00" sp="2" font="mono" color="blue" opacity="40">o</text>
<text xp="94.88" yp="22.02" rotation="279.00" sp="2" font="mono" color="blue" opacity="40">w</text>
<text xp="95.00" yp="20.00" rotation="270.00" sp="2" font="mono" color="blue" opacity="40">n</text>
</slide>
<slide>
<text align="c" xp="50" yp="92" sp="4" >Binary and Assignment Operators</text>
<text align="c" xp="50" yp="70" sp="3" >a+b (y+=60)</text>
<text align="c" xp="50" yp="60" sp="3" >a-b (y-=10)</text>
<text align="c" xp="50" yp="20" sp="3" >a*b (y/=3) </text>
<text align="c" xp="50" yp="30" sp="3" >a/b (y*-1.5)</text>
<text align="c" xp="30" yp="40" sp="3" >a%b</text>
</slide>
<slide>
<text align="c" xp="50" yp="92" sp="4" >Lists</text>
<list xp="20" yp="90" sp="2" >
<li>one</li>
<li>two</li>
<li>three</li>
</list>
<list type="bullet" xp="40" yp="90" sp="2" >
<li>one</li>
<li>two</li>
<li>three</li>
</list>
<list type="number" xp="60" yp="90" sp="2" >
<li>one</li>
<li>two</li>
<li>three</li>
</list>
<list xp="20" yp="70" sp="2" font="sans">
<li>one</li>
<li>two</li>
<li>three</li>
</list>
<list type="bullet" xp="40" yp="70" sp="2" font="serif">
<li>one</li>
<li>two</li>
<li>three</li>
</list>
<list type="number" xp="60" yp="70" sp="2" font="mono">
<li>one</li>
<li>two</li>
<li>three</li>
</list>
<list xp="20" yp="50" sp="2" font="sans" color="red">
<li>one</li>
<li>two</li>
<li>three</li>
</list>
<list type="bullet" xp="40" yp="50" sp="2" font="serif" color="green">
<li>one</li>
<li>two</li>
<li>three</li>
</list>
<list type="number" xp="60" yp="50" sp="2" font="mono" color="blue">
<li>one</li>
<li>two</li>
<li>three</li>
</list>
<list xp="20" yp="30" sp="2" font="sans" color="red" opacity="80">
<li>one</li>
<li>two</li>
<li>three</li>
</list>
<list type="bullet" xp="40" yp="30" sp="2" font="serif" color="green" opacity="60">
<li>one</li>
<li>two</li>
<li>three</li>
</list>
<list type="number" xp="60" yp="30" sp="2" font="mono" color="blue" opacity="40">
<li>one</li>
<li>two</li>
<li>three</li>
</list>
<list xp="20" yp="10" sp="2" font="sans" color="red" opacity="80" lp="1">
<li>one</li>
<li>two</li>
<li>three</li>
</list>
<list type="bullet" xp="40" yp="10" sp="2" font="serif" color="green" opacity="60" lp="1">
<li>one</li>
<li>two</li>
<li>three</li>
</list>
<list type="number" xp="60" yp="10" sp="2" font="mono" color="blue" opacity="40" lp="1">
<li>one</li>
<li>two</li>
<li>three</li>
</list>
</slide>
<slide>
<text align="c" xp="50" yp="92" sp="4" >Centered List</text>
<line xp1="50" yp1="0" xp2="50" yp2="100" sp="0.1"/>
<list align="center" xp="50" yp="80" sp="3" >
<li>one</li>
<li>two</li>
<li>three</li>
<li>four</li>
</list>
<list align="center" xp="50" yp="40" sp="3" font="" color="" opacity="100" lp="1.2">
<li>one</li>
<li>two</li>
<li>three</li>
<li>four</li>
</list>
</slide>
<slide>
<text align="c" xp="50" yp="92" sp="4" >Loops</text>
<line xp1="100" yp1="0" xp2="0" yp2="0" sp="0.1" color="blue"/>
<line xp1="0" yp1="100" xp2="0" yp2="0" sp="0.1" color="red"/>
<line xp1="100" yp1="5" xp2="0" yp2="5" sp="0.1" color="blue"/>
<line xp1="5" yp1="100" xp2="5" yp2="0" sp="0.1" color="red"/>
<line xp1="100" yp1="10" xp2="0" yp2="10" sp="0.1" color="blue"/>
<line xp1="10" yp1="100" xp2="10" yp2="0" sp="0.1" color="red"/>
<line xp1="100" yp1="15" xp2="0" yp2="15" sp="0.1" color="blue"/>
<line xp1="15" yp1="100" xp2="15" yp2="0" sp="0.1" color="red"/>
<line xp1="100" yp1="20" xp2="0" yp2="20" sp="0.1" color="blue"/>
<line xp1="20" yp1="100" xp2="20" yp2="0" sp="0.1" color="red"/>
<line xp1="100" yp1="25" xp2="0" yp2="25" sp="0.1" color="blue"/>
<line xp1="25" yp1="100" xp2="25" yp2="0" sp="0.1" color="red"/>
<line xp1="100" yp1="30" xp2="0" yp2="30" sp="0.1" color="blue"/>
<line xp1="30" yp1="100" xp2="30" yp2="0" sp="0.1" color="red"/>
<line xp1="100" yp1="35" xp2="0" yp2="35" sp="0.1" color="blue"/>
<line xp1="35" yp1="100" xp2="35" yp2="0" sp="0.1" color="red"/>
<line xp1="100" yp1="40" xp2="0" yp2="40" sp="0.1" color="blue"/>
<line xp1="40" yp1="100" xp2="40" yp2="0" sp="0.1" color="red"/>
<line xp1="100" yp1="45" xp2="0" yp2="45" sp="0.1" color="blue"/>
<line xp1="45" yp1="100" xp2="45" yp2="0" sp="0.1" color="red"/>
<line xp1="100" yp1="50" xp2="0" yp2="50" sp="0.1" color="blue"/>
<line xp1="50" yp1="100" xp2="50" yp2="0" sp="0.1" color="red"/>
<line xp1="100" yp1="55" xp2="0" yp2="55" sp="0.1" color="blue"/>
<line xp1="55" yp1="100" xp2="55" yp2="0" sp="0.1" color="red"/>
<line xp1="100" yp1="60" xp2="0" yp2="60" sp="0.1" color="blue"/>
<line xp1="60" yp1="100" xp2="60" yp2="0" sp="0.1" color="red"/>
<line xp1="100" yp1="65" xp2="0" yp2="65" sp="0.1" color="blue"/>
<line xp1="65" yp1="100" xp2="65" yp2="0" sp="0.1" color="red"/>
<line xp1="100" yp1="70" xp2="0" yp2="70" sp="0.1" color="blue"/>
<line xp1="70" yp1="100" xp2="70" yp2="0" sp="0.1" color="red"/>
<line xp1="100" yp1="75" xp2="0" yp2="75" sp="0.1" color="blue"/>
<line xp1="75" yp1="100" xp2="75" yp2="0" sp="0.1" color="red"/>
<line xp1="100" yp1="80" xp2="0" yp2="80" sp="0.1" color="blue"/>
<line xp1="80" yp1="100" xp2="80" yp2="0" sp="0.1" color="red"/>
<line xp1="100" yp1="85" xp2="0" yp2="85" sp="0.1" color="blue"/>
<line xp1="85" yp1="100" xp2="85" yp2="0" sp="0.1" color="red"/>
<line xp1="100" yp1="90" xp2="0" yp2="90" sp="0.1" color="blue"/>
<line xp1="90" yp1="100" xp2="90" yp2="0" sp="0.1" color="red"/>
<line xp1="100" yp1="95" xp2="0" yp2="95" sp="0.1" color="blue"/>
<line xp1="95" yp1="100" xp2="95" yp2="0" sp="0.1" color="red"/>
<line xp1="100" yp1="100" xp2="0" yp2="100" sp="0.1" color="blue"/>
<line xp1="100" yp1="100" xp2="100" yp2="0" sp="0.1" color="red"/>
</slide>
<slide>
<text align="c" xp="50" yp="92" sp="4" >Random</text>
<ellipse xp="11.275022530376456" yp="46.58008925986692" wp="10" hr="100" color="red" opacity="46.58008925986692"/>
<ellipse xp="13.575659486676459" yp="28.599354865588534" wp="10" hr="100" color="green" opacity="28.599354865588534"/>
<ellipse xp="68.23551532740358" yp="26.10439794010385" wp="10" hr="100" color="blue" opacity="26.10439794010385"/>
</slide>
<slide>
<text align="c" xp="50" yp="80" sp="3" >sqrt 8 = 2.8284271247461903</text>
<text align="c" xp="50" yp="70" sp="3" >sqrt 8 + 6 = 3.7416573867739413</text>
<text align="c" xp="50" yp="60" sp="3" >sqrt 8 - 6 = 1.4142135623730951</text>
<text align="c" xp="50" yp="50" sp="3" >sqrt 8 * 6 = 6.928203230275509</text>
<text align="c" xp="50" yp="40" sp="3" >sqrt 8 / 6 = 1.1547005383792515</text>
<text align="c" xp="50" yp="92" sp="4" >Square Root</text>
</slide>
<slide>
<text align="c" xp="50" yp="80" sp="3" >sine 3.1415926 = 5.3589793170057245e-08</text>
<text align="c" xp="50" yp="70" sp="3" >sine 3.1415926 + 0.707 = -0.6495557148113534</text>
<text align="c" xp="50" yp="60" sp="3" >sine 3.1415926 - 0.707 = 0.6495557963014893</text>
<text align="c" xp="50" yp="50" sp="3" >sine 3.1415926 * 0.707 = 0.7958963696196476</text>
<text align="c" xp="50" yp="40" sp="3" >sine 3.1415926 / 0.707 = -0.9640809602990886</text>
<text align="c" xp="50" yp="92" sp="4" >Sine</text>
</slide>
<slide>
<text align="c" xp="50" yp="80" sp="3" >cosine 3.1415926 = -0.9999999999999986</text>
<text align="c" xp="50" yp="70" sp="3" >cosine 3.1415926 + 0.707 = -0.7603139965539972</text>
<text align="c" xp="50" yp="60" sp="3" >cosine 3.1415926 - 0.707 = -0.7603139269348801</text>
<text align="c" xp="50" yp="50" sp="3" >cosine 3.1415926 * 0.707 = -0.6054328772260928</text>
<text align="c" xp="50" yp="40" sp="3" >cosine 3.1415926 / 0.707 = -0.2656085502930713</text>
<text align="c" xp="50" yp="92" sp="4" >Cosine</text>
</slide>
<slide>
<text align="c" xp="50" yp="80" sp="3" >tangent 3.1415926 = -5.358979317005727e-08</text>
<text align="c" xp="50" yp="70" sp="3" >tangent 3.1415926 + 0.707 = 0.8543256046256702</text>
<text align="c" xp="50" yp="60" sp="3" >tangent 3.1415926 - 0.707 = -0.8543257900326782</text>
<text align="c" xp="50" yp="50" sp="3" >tangent 3.1415926 * 0.707 = -1.31459060047449</text>
<text align="c" xp="50" yp="40" sp="3" >tangent 3.1415926 / 0.707 = 3.629706043857873</text>
<text align="c" xp="50" yp="92" sp="4" >Tangent</text>
</slide>
<slide>
<text align="c" xp="50" yp="92" sp="4" >Format</text>
<text align="c" xp="20" yp="80" sp="3" >Widget 1: 10.00</text>
<text align="c" xp="20" yp="70" sp="3" >Widget 2: 120.000</text>
<text align="c" xp="20" yp="60" sp="3" >Total Widgets: 130</text>
<text align="c" xp="20" yp="50" sp="3" ></text>
<text align="e" xp="80" yp="80" sp="3" >1,234,567,890</text>
<text align="e" xp="80" yp="75" sp="3" >123,456,789</text>
<text align="e" xp="80" yp="70" sp="3" >12,345,678</text>
<text align="e" xp="80" yp="65" sp="3" >1,234,567</text>
<text align="e" xp="80" yp="60" sp="3" >123,456</text>
<text align="e" xp="80" yp="55" sp="3" >12,345</text>
<text align="e" xp="80" yp="50" sp="3" >1,234</text>
<text align="e" xp="80" yp="45" sp="3" >123</text>
</slide>
<slide>
<text align="c" xp="50" yp="92" sp="4" >Format (2)</text>
<text align="c" xp="50" yp="80" sp="3" font="mono">x=10</text>
<text align="c" xp="50" yp="73" sp="3" font="mono">(x=10.00, y=20.00)</text>
<text align="c" xp="50" yp="66" sp="3" font="mono">(x=10 y=20 z=30)</text>
<text align="c" xp="50" yp="59" sp="3" font="mono">x=10 y=20 z=30 x1=66</text>
<text align="c" xp="50" yp="52" sp="3" font="mono">x=10 y=20 z=30 x1=66 x2=33</text>
<text align="c" xp="50" yp="45" sp="3" font="mono">x plus y=30</text>
<text align="c" xp="50" yp="38" sp="3" font="mono">x minus y=-10</text>
<text align="c" xp="50" yp="31" sp="3" font="mono">x divided by y=0.5</text>
<text align="c" xp="50" yp="24" sp="3" font="mono">x times y=200</text>
<text align="c" xp="50" yp="17" sp="3" font="mono">x mod y=10</text>
</slide>
<slide>
<text align="c" xp="50" yp="92" sp="4" >Polar Coordinates</text>
<text align="c" xp="70" yp="50" sp="2" >0</text>
<line xp1="50" yp1="50" xp2="70" yp2="50" sp="0.1"/>
<text align="c" xp="64.14213562373095" yp="68.30158727776947" sp="2" >π/4 (45°)</text>
<line xp1="50" yp1="50" xp2="64.14213562373095" yp2="68.30158727776947" sp="0.1"/>
<text align="c" xp="50" yp="75.88235294117646" sp="2" >π/2 (90°)</text>
<line xp1="50" yp1="50" xp2="50" yp2="75.88235294117646" sp="0.1"/>
<text align="c" xp="35.85786437626905" yp="68.30158727776947" sp="2" >3π/4 (135°)</text>
<line xp1="50" yp1="50" xp2="35.85786437626905" yp2="68.30158727776947" sp="0.1"/>
<text align="c" xp="30" yp="50" sp="2" >π (180°)</text>
<line xp1="50" yp1="50" xp2="30" yp2="50" sp="0.1"/>
<text align="c" xp="35.85786437626905" yp="31.698412722230536" sp="2" >5π/4 (225°)</text>
<line xp1="50" yp1="50" xp2="35.85786437626905" yp2="31.698412722230536" sp="0.1"/>
<text align="c" xp="49.99999999999999" yp="24.11764705882353" sp="2" >3π/2 (270°)</text>
<line xp1="50" yp1="50" xp2="49.99999999999999" yp2="24.11764705882353" sp="0.1"/>
<text align="c" xp="66.38304088577983" yp="35.154492235619976" sp="2" >7π/4 (325°)</text>
<line xp1="50" yp1="50" xp2="66.38304088577983" yp2="35.154492235619976" sp="0.1"/>
<line xp1="50" yp1="50" xp2="57.071067811865476" yp2="59.150793638884736" sp="0.5" color="red" opacity="30"/>
<ellipse xp="57.071067811865476" yp="59.150793638884736" wp="2" hr="100" color="red"/>
<ellipse xp="50" yp="50" wp="40" hr="100" color="gray" opacity="20"/>
</slide>
<slide>
<text align="c" xp="50" yp="92" sp="4" >Map Ranges</text>
<text xp="10" yp="20" sp="2" >1958</text>
<text xp="38.38709677419355" yp="20" sp="2" >1978</text>
<text xp="51.29032258064516" yp="20" sp="2" >1980</text>
<text xp="90" yp="20" sp="2" >end</text>
<text xp="10" yp="90" sp="2" >1958</text>
<text xp="10" yp="72.25806451612902" sp="2" >1980</text>
<text xp="10" yp="64.19354838709677" sp="2" >1990</text>
<text xp="10" yp="48.064516129032256" sp="2" >2020</text>
</slide>
<slide>
<text align="c" xp="50" yp="92" sp="4" >Areas</text>
<ellipse xp="50" yp="50" wp="10.341150292027784" hr="100" color="gray"/>
<ellipse xp="60" yp="50" wp="5.076452342476948" hr="100" color="orange"/>
<ellipse xp="67" yp="50" wp="1.28211881143121" hr="100" color="red"/>
<ellipse xp="50" yp="30" wp="10.341150292027784" hr="100"/>
<ellipse xp="60" yp="30" wp="5.076452342476948" hr="100"/>
<ellipse xp="67" yp="30" wp="1.28211881143121" hr="100"/>
<ellipse xp="80" yp="30" wp="11.519972124434418" hr="100"/>
</slide>
<slide>
<text align="c" xp="50" yp="92" sp="4" >substr</text>
<text xp="5" yp="80" sp="3" font="mono">s="hello, world"</text>
<text xp="5" yp="70" sp="3" font="mono">substr s - -</text>
<text xp="5" yp="60" sp="3" font="mono">substr s - 4</text>
<text xp="5" yp="50" sp="3" font="mono">substr s 7 -</text>
<text xp="5" yp="40" sp="3" font="mono">substr s 3 8</text>
<text xp="5" yp="30" sp="3" font="mono">substr "This is a test" 5 8</text>
<text xp="60" yp="70" sp="3" >hello, world</text>
<text xp="60" yp="60" sp="3" >hello</text>
<text xp="60" yp="50" sp="3" >world</text>
<text xp="60" yp="40" sp="3" >lo, wo</text>
<text xp="60" yp="30" sp="3" >is a</text>
</slide>
<slide>
<text align="c" xp="50" yp="92" sp="4" >Lines</text>
<line xp1="50" yp1="50" xp2="70" yp2="50"/>
<line xp1="50" yp1="55" xp2="75" yp2="55" sp="0.5"/>
<line xp1="50" yp1="60" xp2="80" yp2="60" sp="1" color="red"/>
<line xp1="50" yp1="65" xp2="85" yp2="65" sp="1.5" color="blue"/>
<line xp1="50" yp1="70" xp2="90" yp2="70" sp="2" color="green" opacity="50"/>
<line xp1="10" yp1="50" xp2="10" yp2="70"/>
<line xp1="15" yp1="50" xp2="15" yp2="75" sp="0.5"/>
<line xp1="20" yp1="50" xp2="20" yp2="80" sp="1" color="red"/>
<line xp1="25" yp1="50" xp2="25" yp2="85" sp="1.5" color="blue"/>
<line xp1="30" yp1="50" xp2="30" yp2="90" sp="2" color="green" opacity="50"/>
<line xp1="10" yp1="10" xp2="10" yp2="40" sp="0.1" color="red"/>
<line xp1="10" yp1="10" xp2="40" yp2="10" sp="0.1" color="blue"/>
<line xp1="15" yp1="10" xp2="15" yp2="40" sp="0.1" color="red"/>
<line xp1="10" yp1="15" xp2="40" yp2="15" sp="0.1" color="blue"/>
<line xp1="20" yp1="10" xp2="20" yp2="40" sp="0.1" color="red"/>
<line xp1="10" yp1="20" xp2="40" yp2="20" sp="0.1" color="blue"/>
<line xp1="25" yp1="10" xp2="25" yp2="40" sp="0.1" color="red"/>
<line xp1="10" yp1="25" xp2="40" yp2="25" sp="0.1" color="blue"/>
<line xp1="30" yp1="10" xp2="30" yp2="40" sp="0.1" color="red"/>
<line xp1="10" yp1="30" xp2="40" yp2="30" sp="0.1" color="blue"/>
<line xp1="35" yp1="10" xp2="35" yp2="40" sp="0.1" color="red"/>
<line xp1="10" yp1="35" xp2="40" yp2="35" sp="0.1" color="blue"/>
<line xp1="40" yp1="10" xp2="40" yp2="40" sp="0.1" color="red"/>
<line xp1="10" yp1="40" xp2="40" yp2="40" sp="0.1" color="blue"/>
<line xp1="50" yp1="10" xp2="50" yp2="40" sp="0.1" color="blue"/>
<line xp1="55" yp1="10" xp2="55" yp2="40" sp="0.1" color="blue"/>
<line xp1="60" yp1="10" xp2="60" yp2="40" sp="0.1" color="blue"/>
<line xp1="65" yp1="10" xp2="65" yp2="40" sp="0.1" color="blue"/>
<line xp1="70" yp1="10" xp2="70" yp2="40" sp="0.1" color="blue"/>
<line xp1="75" yp1="10" xp2="75" yp2="40" sp="0.1" color="blue"/>
<line xp1="80" yp1="10" xp2="80" yp2="40" sp="0.1" color="blue"/>
<line xp1="50" yp1="10" xp2="80" yp2="10" sp="0.1" color="red"/>
<line xp1="50" yp1="15" xp2="80" yp2="15" sp="0.1" color="red"/>
<line xp1="50" yp1="20" xp2="80" yp2="20" sp="0.1" color="red"/>
<line xp1="50" yp1="25" xp2="80" yp2="25" sp="0.1" color="red"/>
<line xp1="50" yp1="30" xp2="80" yp2="30" sp="0.1" color="red"/>
<line xp1="50" yp1="35" xp2="80" yp2="35" sp="0.1" color="red"/>
<line xp1="50" yp1="40" xp2="80" yp2="40" sp="0.1" color="red"/>
</slide>
<slide>
<text align="c" xp="50" yp="92" sp="4" >Stars</text>
<polygon xc="20.00 15.24 11.18 22.94 34.27 20.00 5.73 17.06 28.82 24.76" yc="69.41 52.00 34.30 44.77 56.00 56.47 56.00 44.77 34.30 52.00"/>
<polygon xc="50.00 45.24 41.18 52.94 64.27 50.00 35.73 47.06 58.82 54.76" yc="69.41 52.00 34.30 44.77 56.00 56.47 56.00 44.77 34.30 52.00" color="red"/>
<polygon xc="80.00 75.24 71.18 82.94 94.27 80.00 65.73 77.06 88.82 84.76" yc="69.41 52.00 34.30 44.77 56.00 56.47 56.00 44.77 34.30 52.00" color="red" opacity="20"/>
</slide>
<slide>
<text align="c" xp="50" yp="92" sp="4" >Pill/Rounded Rectangles</text>
<ellipse xp="15" yp="65" wp="10" hr="100" />
<ellipse xp="45" yp="65" wp="10" hr="100" />
<ellipse xp="15" yp="35" wp="10" hr="100" />
<ellipse xp="45" yp="35" wp="10" hr="100" />
<line xp1="15" yp1="65" xp2="45" yp2="65" sp="10" />
<line xp1="15" yp1="35" xp2="45" yp2="35" sp="10" />
<rect xp="30" yp="50" wp="40" hp="30" />
<ellipse xp="60" yp="65" wp="5" hr="100" color="red"/>
<ellipse xp="80" yp="65" wp="5" hr="100" color="red"/>
<ellipse xp="60" yp="35" wp="5" hr="100" color="red"/>
<ellipse xp="80" yp="35" wp="5" hr="100" color="red"/>
<line xp1="60" yp1="65" xp2="80" yp2="65" sp="5" color="red"/>
<line xp1="60" yp1="35" xp2="80" yp2="35" sp="5" color="red"/>
<rect xp="70" yp="50" wp="25" hp="30" color="red"/>
<ellipse xp="25" yp="20" wp="5" hr="100" color="blue"/>
<ellipse xp="75" yp="20" wp="5" hr="100" color="blue"/>
<ellipse xp="25" yp="10" wp="5" hr="100" color="blue"/>
<ellipse xp="75" yp="10" wp="5" hr="100" color="blue"/>
<line xp1="25" yp1="20" xp2="75" yp2="20" sp="5" color="blue"/>
<line xp1="25" yp1="10" xp2="75" yp2="10" sp="5" color="blue"/>
<rect xp="50" yp="15" wp="55" hp="10" color="blue"/>
<ellipse xp="30" yp="80" wp="5" hr="100" />
<line xp1="30" yp1="80" xp2="40" yp2="80" sp="5" hp="100" />
<ellipse xp="40" yp="80" wp="5" hr="100" />
<ellipse xp="70" yp="80" wp="5" hr="100" color="red"/>
<line xp1="70" yp1="80" xp2="80" yp2="80" sp="5" hp="100" color="red"/>
<ellipse xp="80" yp="80" wp="5" hr="100" color="red"/>
</slide>
<slide>
<text align="c" xp="50" yp="5" sp="5" >Shapes</text>
<polygon xc="15 20 25" yc="90 95 90"/>
<polygon xc="35 40 45" yc="90 95 90" color="red"/>
<polygon xc="55 60 65" yc="90 95 90" color="blue" opacity="30"/>
<rect xp="20" yp="80" wp="10" hp="5"/>
<rect xp="40" yp="80" wp="10" hp="5" color="red"/>
<rect xp="60" yp="80" wp="10" hp="5" color="blue" opacity="30"/>
<rect xp="20" yp="70" wp="5" hr="100"/>
<rect xp="40" yp="70" wp="5" hr="100" color="red"/>
<rect xp="60" yp="70" wp="5" hr="100" color="blue" opacity="30"/>
<ellipse xp="20" yp="60" wp="10" hp="5"/>
<ellipse xp="40" yp="60" wp="10" hp="5" color="red"/>
<ellipse xp="60" yp="60" wp="10" hp="5" color="blue" opacity="30"/>
<ellipse xp="20" yp="50" wp="5" hr="100"/>
<ellipse xp="40" yp="50" wp="5" hr="100" color="red"/>
<ellipse xp="60" yp="50" wp="5" hr="100" color="blue" opacity="30"/>
<line xp1="15" yp1="35" xp2="25" yp2="40"/>
<line xp1="35" yp1="35" xp2="45" yp2="40" sp="1" color="red"/>
<line xp1="55" yp1="35" xp2="65" yp2="40" sp="1" color="blue"/>
<line xp1="75" yp1="35" xp2="85" yp2="40" sp="1" color="green" opacity="30"/>
<arc xp="20" yp="25" wp="10" hp="5" a1="0" a2="180"/>
<arc xp="40" yp="25" wp="10" hp="5" a1="0" a2="180" sp="1" color="red"/>
<arc xp="60" yp="25" wp="10" hp="5" a1="0" a2="180" sp="1" color="blue"/>
<arc xp="80" yp="25" wp="10" hp="5" a1="0" a2="180" sp="1" color="green" opacity="30"/>
<curve xp1="15" yp1="15" xp2="10" yp2="25" xp3="25" yp3="15"/>
<curve xp1="35" yp1="15" xp2="30" yp2="25" xp3="45" yp3="15" sp="1"/>
<curve xp1="55" yp1="15" xp2="45" yp2="25" xp3="65" yp3="15" sp="1" color="blue"/>
<curve xp1="75" yp1="15" xp2="65" yp2="25" xp3="85" yp3="15" sp="1" color="green" opacity="30"/>
</slide>
<slide>
<text align="c" xp="50" yp="90" sp="5" >Polygon Eval</text>
<polygon xc="10 15 20" yc="80 90 80"/>
<polygon xc="10 15 20" yc="50 70 50"/>
<polygon xc="30 35 40" yc="50 70 50" color="red"/>
<polygon xc="50 55 60" yc="50 70 50" color="red" opacity="20"/>
<polygon xc="70 75 80" yc="50 90 50"/>
</slide>
<slide>
<text align="c" xp="50" yp="90" sp="5" >Polyline Eval</text>
<line xp1="10" yp1="80" xp2="15" yp2="90" />
<line xp1="15" yp1="90" xp2="20" yp2="80" />
<line xp1="10" yp1="80" xp2="20" yp2="80" />
<line xp1="10" yp1="50" xp2="15" yp2="70" />
<line xp1="15" yp1="70" xp2="20" yp2="50" />
<line xp1="10" yp1="50" xp2="20" yp2="50" />
<line xp1="30" yp1="50" xp2="35" yp2="70" sp="0.2" color="red"/>
<line xp1="35" yp1="70" xp2="40" yp2="50" sp="0.2" color="red"/>
<line xp1="30" yp1="50" xp2="40" yp2="50" sp="0.2" color="red"/>
<line xp1="50" yp1="50" xp2="55" yp2="70" sp="0.2" color="red" opacity="20"/>
<line xp1="55" yp1="70" xp2="60" yp2="50" sp="0.2" color="red" opacity="20"/>
<line xp1="50" yp1="50" xp2="60" yp2="50" sp="0.2" color="red" opacity="20"/>
<line xp1="70" yp1="50" xp2="75" yp2="90" />
<line xp1="75" yp1="90" xp2="80" yp2="50" />
<line xp1="70" yp1="50" xp2="80" yp2="50" />
</slide>
<slide>
<line xp1="50" yp1="45" xp2="32.25" yp2="45" sp="0.2" color="gray" opacity="100"/>
<polygon xc="30 33.03613025079554 32.25 33.03613025079554" yc="45 43.56643354232075 45 46.433566457679255" color="gray" opacity="100"/>
<line xp1="50" yp1="55" xp2="27.25" yp2="55.00000000000001" sp="0.4" color="gray" opacity="100"/>
<polygon xc="25 28.028498393483737 27.25 28.028498393483737" yc="55.00000000000001 53.551329564405535 55.00000000000001 56.44867043559447" color="gray" opacity="100"/>
<line xp1="50" yp1="65" xp2="23" yp2="65" sp="0.5" color="gray" opacity="100"/>
<polygon xc="20 24.023924950659506 23 24.023924950659506" yc="65 63.5568847194811 65 66.44311528051891" color="gray" opacity="100"/>
<line xp1="50" yp1="75" xp2="18.75" yp2="75" sp="0.6" color="gray" opacity="100"/>
<polygon xc="15 20.145677120770348 18.75 20.145677120770348" yc="75 71.17864667145861 75 78.8213533285414" color="gray" opacity="100"/>
<line xp1="50" yp1="85" xp2="14.5" yp2="85" sp="0.7" color="red" opacity="100"/>
<polygon xc="10 16.16194154021573 14.5 16.16194154021573" yc="85 80.71066864594285 85 89.28933135405717" color="red" opacity="100"/>
<line xp1="50" yp1="95" xp2="11" yp2="95" sp="0.8" color="blue" opacity="20"/>
<polygon xc="5 13.180240566404784 11 13.180240566404784" yc="94.99999999999999 90.27951802133394 95 99.72048197866604" color="blue" opacity="20"/>
<line xp1="50" yp1="45" xp2="67.75" yp2="45" sp="0.2" color="gray" opacity="100"/>
<polygon xc="70 66.96386974920446 67.75 66.96386974920446" yc="45 46.43356645767925 45 43.56643354232075" color="gray" opacity="100"/>
<line xp1="50" yp1="55" xp2="72.75" yp2="55" sp="0.4" color="gray" opacity="100"/>
<polygon xc="75 71.97150160651626 72.75 71.97150160651626" yc="55 56.44867043559448 55 53.55132956440553" color="gray" opacity="100"/>
<line xp1="50" yp1="65" xp2="77" yp2="65" sp="0.5" color="gray" opacity="100"/>
<polygon xc="80 75.9760750493405 77 75.9760750493405" yc="65 66.44311528051891 65 63.55688471948109" color="gray" opacity="100"/>
<line xp1="50" yp1="75" xp2="81.25" yp2="75" sp="0.6" color="gray" opacity="100"/>
<polygon xc="85 79.85432287922966 81.25 79.85432287922966" yc="75 78.82135332854139 75 71.17864667145861" color="gray" opacity="100"/>
<line xp1="50" yp1="85" xp2="85.5" yp2="85.00000000000001" sp="0.7" color="red" opacity="100"/>
<polygon xc="90 83.83805845978426 85.5 83.83805845978428" yc="85.00000000000001 89.28933135405717 85.00000000000001 80.71066864594285" color="red" opacity="100"/>
<line xp1="50" yp1="95" xp2="89" yp2="95" sp="0.8" color="blue" opacity="20"/>
<polygon xc="95 86.81975943359521 89 86.81975943359521" yc="95 99.72048197866604 95 90.27951802133396" color="blue" opacity="20"/>
<line xp1="05" yp1="5" xp2="5.000000000000002" yp2="37.088235294117645" sp="0.2" color="gray" opacity="100"/>
<polygon xc="5.000000000000002 3.877194775846759 5.000000000000002 6.122805224153244" yc="40 36.083703564159315 37.088235294117645 36.083703564159315" color="gray" opacity="100"/>
<line xp1="15" yp1="5" xp2="15.000000000000002" yp2="32.088235294117645" sp="0.4" color="gray" opacity="100"/>
<polygon xc="15.000000000000002 13.884149517642054 15.000000000000002 16.11585048235795" yc="35 31.077696047908617 32.088235294117645 31.077696047908617" color="gray" opacity="100"/>
<line xp1="25" yp1="5" xp2="25" yp2="26.11764705882353" sp="0.5" color="gray" opacity="100"/>
<polygon xc="25 23.914674212083614 25 26.085325787916386" yc="30 24.77370951087335 26.11764705882353 24.77370951087335" color="gray" opacity="100"/>
<line xp1="35" yp1="5" xp2="35" yp2="20.147058823529413" sp="0.6" color="gray" opacity="100"/>
<polygon xc="35 32.33069424607524 35 37.66930575392476" yc="25 18.080983647044775 20.147058823529413 18.080983647044775" color="gray" opacity="100"/>
<line xp1="45" yp1="5" xp2="45" yp2="14.176470588235293" sp="0.7" color="red" opacity="100"/>
<polygon xc="45 42.53835797910163 45 47.46164202089837" yc="20 11.496236382716793 14.176470588235293 11.496236382716793" color="red" opacity="100"/>
<line xp1="55" yp1="5" xp2="55" yp2="10.147058823529411" sp="0.8" color="blue" opacity="20"/>
<polygon xc="55 53.32646855050495 55 56.67353144949505" yc="15 7.786806263216246 10.147058823529411 7.786806263216246" color="blue" opacity="20"/>
<line xp1="95" yp1="40" xp2="95" yp2="7.911764705882348" sp="0.2" color="gray" opacity="100"/>
<polygon xc="95 96.12280522415324 95 93.87719477584676" yc="5 8.916296435840684 7.911764705882348 8.916296435840684" color="gray" opacity="100"/>
<line xp1="85" yp1="40" xp2="85" yp2="12.911764705882355" sp="0.4" color="gray" opacity="100"/>
<polygon xc="85 86.11585048235796 85 83.88414951764204" yc="10 13.922303952091381 12.911764705882355 13.922303952091381" color="gray" opacity="100"/>
<line xp1="75" yp1="40" xp2="75" yp2="18.882352941176467" sp="0.5" color="gray" opacity="100"/>
<polygon xc="75 76.08532578791639 75 73.91467421208361" yc="14.999999999999996 20.226290489126647 18.882352941176467 20.226290489126647" color="gray" opacity="100"/>
<line xp1="65" yp1="40" xp2="65" yp2="24.852941176470587" sp="0.6" color="gray" opacity="100"/>
<polygon xc="65 67.66930575392476 65 62.33069424607524" yc="20 26.919016352955225 24.852941176470587 26.919016352955225" color="gray" opacity="100"/>
<line xp1="55" yp1="40" xp2="55" yp2="30.823529411764703" sp="0.7" color="red" opacity="100"/>
<polygon xc="55 57.46164202089837 55 52.53835797910163" yc="25 33.503763617283205 30.823529411764703 33.503763617283205" color="red" opacity="100"/>
<line xp1="45" yp1="40" xp2="45" yp2="34.85294117647059" sp="0.8" color="blue" opacity="20"/>
<polygon xc="45 46.67353144949506 45 43.32646855050494" yc="30 37.21319373678375 34.85294117647059 37.21319373678375" color="blue" opacity="20"/>
<ellipse xp="50" yp="45" wp="1.5" hr="100" color="gray"/>
<ellipse xp="50" yp="55" wp="1.5" hr="100" color="gray"/>
<ellipse xp="50" yp="65" wp="1.5" hr="100" color="gray"/>
<ellipse xp="50" yp="75" wp="1.5" hr="100" color="gray"/>
<ellipse xp="50" yp="85" wp="1.5" hr="100" color="gray"/>
<ellipse xp="50" yp="95" wp="1.5" hr="100" color="gray"/>
<ellipse xp="5" yp="5" wp="1.5" hr="100" color="gray"/>
<ellipse xp="15" yp="5" wp="1.5" hr="100" color="gray"/>
<ellipse xp="25" yp="5" wp="1.5" hr="100" color="gray"/>
<ellipse xp="35" yp="5" wp="1.5" hr="100" color="gray"/>
<ellipse xp="45" yp="5" wp="1.5" hr="100" color="gray"/>
<ellipse xp="55" yp="5" wp="1.5" hr="100" color="gray"/>
<ellipse xp="45" yp="40" wp="1.5" hr="100" color="gray"/>
<ellipse xp="55" yp="40" wp="1.5" hr="100" color="gray"/>
<ellipse xp="65" yp="40" wp="1.5" hr="100" color="gray"/>
<ellipse xp="75" yp="40" wp="1.5" hr="100" color="gray"/>
<ellipse xp="85" yp="40" wp="1.5" hr="100" color="gray"/>
<ellipse xp="95" yp="40" wp="1.5" hr="100" color="gray"/>
</slide>
<slide>
<ellipse xp="50" yp="50" wp="2" hr="100" color="blue"/>
<line xp1="50" yp1="50" xp2="87.75" yp2="50" sp="0.2" color="gray" opacity="100"/>
<polygon xc="90 86.9825712647935 87.75 86.9825712647935" yc="50 51.46950614297193 50 48.53049385702807" color="gray" opacity="100"/>
<line xp1="50" yp1="50" xp2="12.25" yp2="49.99999999999999" sp="0.2" color="gray" opacity="100"/>
<polygon xc="10 13.01742873520649 12.25 13.01742873520649" yc="49.99999999999999 48.53049385702806 49.99999999999999 51.46950614297193" color="gray" opacity="100"/>
<line xp1="50" yp1="50" xp2="50" yp2="87.08823529411765" sp="0.2" color="gray" opacity="100"/>
<polygon xc="50 48.87216419737672 50 51.12783580262328" yc="90 86.08814398659159 87.08823529411765 86.08814398659159" color="gray" opacity="100"/>
<line xp1="50" yp1="50" xp2="50" yp2="12.911764705882348" sp="0.2" color="gray" opacity="100"/>
<polygon xc="50 51.12783580262328 50 48.87216419737672" yc="10 13.911856013408407 12.911764705882348 13.911856013408407" color="gray" opacity="100"/>
<line xp1="50" yp1="50" xp2="88.21960874686762" yp2="88.21960874686762" sp="0.2" color="gray" opacity="100"/>
<polygon xc="90 86.91779812613193 88.21960874686762 88.31283325493139" yc="90 88.78347659423225 88.21960874686762 86.44715478683108" color="gray" opacity="100"/>
<line xp1="50" yp1="50" xp2="11.780391253132375" yp2="11.780391253132375" sp="0.2" color="gray" opacity="100"/>
<polygon xc="10 13.082201873868076 11.780391253132375 11.687166745068597" yc="9.999999999999998 11.216523405767738 11.780391253132375 13.552845213168938" color="gray" opacity="100"/>
<line xp1="50" yp1="50" xp2="11.780391253132375" yp2="88.21960874686762" sp="0.2" color="gray" opacity="100"/>
<polygon xc="10 11.687166745068597 11.780391253132375 13.082201873868076" yc="90 86.44715478683106 88.21960874686762 88.78347659423227" color="gray" opacity="100"/>
<line xp1="50" yp1="50" xp2="88.21960874686762" yp2="11.780391253132375" sp="0.2" color="gray" opacity="100"/>
<polygon xc="90 88.31283325493139 88.21960874686762 86.91779812613193" yc="9.999999999999998 13.552845213168924 11.780391253132375 11.21652340576775" color="gray" opacity="100"/>
<text align="c" xp="50" yp="90" sp="2" >up</text>
<text align="c" xp="50" yp="7" sp="2" >down</text>
<text align="e" xp="7" yp="49" sp="2" >left</text>
<text xp="93" yp="49" sp="2" >right</text>
<text align="c" xp="10" yp="90" sp="2" >upper left</text>
<text align="c" xp="90" yp="90" sp="2" >upper right</text>
<text align="c" xp="10" yp="10" sp="2" >lower left</text>
<text align="c" xp="90" yp="10" sp="2" >lower right</text>
</slide>
<slide>
<line xp1="50" yp1="70" xp2="28.560782506264754" yp2="91.43921749373524" sp="2" color="blue" opacity="100"/>
<polygon xc="25.000000000000004 28.487335387086066 28.560782506264754 31.155533227446707" yc="95 87.94429622087453 91.43921749373524 92.41283516459269" color="blue" opacity="100"/>
<line xp1="50" yp1="30" xp2="27.967318755220628" yp2="7.967318755220628" sp="1" color="gray" opacity="100"/>
<polygon xc="25.000000000000004 30.132362252344837 27.967318755220628 27.881417411472505" yc="5.000000000000003 7.12201560529585 7.967318755220628 10.89176405852149" color="gray" opacity="100"/>
<line xp1="50" yp1="30" xp2="73.21960874686762" yp2="6.78039125313238" sp="0.5" color="gray" opacity="100"/>
<polygon xc="75 73.29858557409565 73.21960874686762 71.91844348463337" yc="5.000000000000003 8.54717538637899 6.78039125313238 6.2357955548919834" color="gray" opacity="100"/>
<line xp1="50" yp1="70" xp2="73.21960874686762" yp2="93.21960874686762" sp="0.2" color="gray" opacity="100"/>
<polygon xc="75 71.91844348463337 73.21960874686762 73.29858557409565" yc="95 93.76420444510802 93.21960874686762 91.452824613621" color="gray" opacity="100"/>
<line xp1="50" yp1="50" xp2="73.21960874686762" yp2="26.780391253132372" sp="0.2" color="gray" opacity="100"/>
<polygon xc="75 73.29858557409565 73.21960874686762 71.91844348463337" yc="24.999999999999996 28.54717538637899 26.780391253132372 26.235795554891975" color="gray" opacity="100"/>
<line xp1="50" yp1="50" xp2="26.780391253132375" yp2="26.780391253132375" sp="0.5" color="gray" opacity="100"/>
<polygon xc="25 28.08155651536663 26.780391253132375 26.701414425904343" yc="25.000000000000004 26.23579555489198 26.780391253132375 28.54717538637899" color="gray" opacity="100"/>
<line xp1="50" yp1="50" xp2="27.3738550041765" yp2="72.6261449958235" sp="1" color="gray" opacity="100"/>
<polygon xc="25.000000000000004 27.286374140045854 27.3738550041765 29.107549861944022" yc="75 70.27803964364396 72.6261449958235 73.32803635436615" color="gray" opacity="100"/>
<line xp1="50" yp1="50" xp2="71.43921749373524" yp2="71.43921749373524" sp="2" color="green" opacity="100"/>
<polygon xc="75 68.84446677255329 71.43921749373524 71.51266461291394" yc="75 72.4128351645927 71.43921749373524 67.94429622087453" color="green" opacity="100"/>
<ellipse xp="50" yp="30" wp="1.5" hr="100" color="red"/>
<ellipse xp="50" yp="50" wp="1.5" hr="100" color="red"/>
<ellipse xp="50" yp="70" wp="1.5" hr="100" color="red"/>
<ellipse xp="25" yp="5" wp="1.5" hr="100" color="red"/>
<ellipse xp="25" yp="25" wp="1.5" hr="100" color="red"/>
<ellipse xp="25" yp="75" wp="1.5" hr="100" color="red"/>
<ellipse xp="25" yp="95" wp="1.5" hr="100" color="red"/>
<ellipse xp="75" yp="5" wp="1.5" hr="100" color="red"/>
<ellipse xp="75" yp="25" wp="1.5" hr="100" color="red"/>
<ellipse xp="75" yp="75" wp="1.5" hr="100" color="red"/>
<ellipse xp="75" yp="95" wp="1.5" hr="100" color="red"/>
</slide>
<slide>
<curve xp1="50" yp1="70" xp2="50" yp2="95" xp3="29.5" yp3="95" sp="2" color="blue" opacity="100"/>
<polygon xc="25 31 29.5 31" yc="95 98 95 92" color="blue" opacity="100"/>
<curve xp1="50" yp1="30" xp2="50" yp2="05" xp3="28.75" yp3="5" sp="1" color="gray" opacity="100"/>
<polygon xc="25 30 28.75 30" yc="5 7.5 5 2.5" color="gray" opacity="100"/>
<curve xp1="50" yp1="30" xp2="50" yp2="05" xp3="72.75" yp3="5" sp="0.5" color="gray" opacity="100"/>
<polygon xc="75 72 72.75 72" yc="5 6.5 5 3.5" color="gray" opacity="100"/>
<curve xp1="50" yp1="70" xp2="50" yp2="95" xp3="72.75" yp3="95" sp="0.2" color="gray" opacity="100"/>
<polygon xc="75 72 72.75 72" yc="95 96.5 95 93.5" color="gray" opacity="100"/>
<curve xp1="50" yp1="50" xp2="75" yp2="50" xp3="75" yp3="27.25" sp="0.2" color="gray" opacity="100"/>
<polygon xc="75 76.5 75 73.5" yc="25 28 27.25 28" color="gray" opacity="100"/>
<curve xp1="50" yp1="50" xp2="25" yp2="50" xp3="25" yp3="27.25" sp="0.5" color="gray" opacity="100"/>
<polygon xc="25 26.5 25 23.5" yc="25 28 27.25 28" color="gray" opacity="100"/>
<curve xp1="50" yp1="50" xp2="25" yp2="50" xp3="25" yp3="72" sp="1" color="gray" opacity="100"/>
<polygon xc="25 27 25 23" yc="75 71 72 71" color="gray" opacity="100"/>
<curve xp1="50" yp1="50" xp2="75" yp2="50" xp3="75" yp3="70.5" sp="2" color="green" opacity="100"/>
<polygon xc="75 78 75 72" yc="75 69 70.5 69" color="green" opacity="100"/>
<ellipse xp="50" yp="30" wp="1.5" hr="100" color="red"/>
<ellipse xp="50" yp="50" wp="1.5" hr="100" color="red"/>
<ellipse xp="50" yp="70" wp="1.5" hr="100" color="red"/>
<ellipse xp="25" yp="05" wp="1.5" hr="100" color="red"/>
<ellipse xp="25" yp="25" wp="1.5" hr="100" color="red"/>
<ellipse xp="25" yp="75" wp="1.5" hr="100" color="red"/>
<ellipse xp="25" yp="95" wp="1.5" hr="100" color="red"/>
<ellipse xp="75" yp="05" wp="1.5" hr="100" color="red"/>
<ellipse xp="75" yp="25" wp="1.5" hr="100" color="red"/>
<ellipse xp="75" yp="75" wp="1.5" hr="100" color="red"/>
<ellipse xp="75" yp="95" wp="1.5" hr="100" color="red"/>
</slide>
<slide>
<text align="c" xp="50" yp="50" sp="5" >Braces</text>
<curve xp1="10.00" yp1="50.00" xp2="12.50" yp2="50.00" xp3="12.50" yp3="55.00" />
<curve xp1="10.00" yp1="50.00" xp2="12.50" yp2="50.00" xp3="12.50" yp3="45.00" />
<curve xp1="12.50" yp1="77.50" xp2="12.50" yp2="80.00" xp3="15.00" yp3="80.00" />
<curve xp1="12.50" yp1="22.50" xp2="12.50" yp2="20.00" xp3="15.00" yp3="20.00" />
<line xp1="12.50" yp1="55.00" xp2="12.50" yp2="77.50" />
<line xp1="12.50" yp1="45.00" xp2="12.50" yp2="22.50" />
<curve xp1="15.00" yp1="50.00" xp2="17.50" yp2="50.00" xp3="17.50" yp3="55.00" sp="0.2"/>
<curve xp1="15.00" yp1="50.00" xp2="17.50" yp2="50.00" xp3="17.50" yp3="45.00" sp="0.2"/>
<curve xp1="17.50" yp1="72.50" xp2="17.50" yp2="75.00" xp3="20.00" yp3="75.00" sp="0.2"/>
<curve xp1="17.50" yp1="27.50" xp2="17.50" yp2="25.00" xp3="20.00" yp3="25.00" sp="0.2"/>
<line xp1="17.50" yp1="55.00" xp2="17.50" yp2="72.50" sp="0.2"/>
<line xp1="17.50" yp1="45.00" xp2="17.50" yp2="27.50" sp="0.2"/>
<curve xp1="20.00" yp1="50.00" xp2="22.50" yp2="50.00" xp3="22.50" yp3="55.00" sp="0.2" color="red"/>
<curve xp1="20.00" yp1="50.00" xp2="22.50" yp2="50.00" xp3="22.50" yp3="45.00" sp="0.2" color="red"/>
<curve xp1="22.50" yp1="67.50" xp2="22.50" yp2="70.00" xp3="25.00" yp3="70.00" sp="0.2" color="red"/>
<curve xp1="22.50" yp1="32.50" xp2="22.50" yp2="30.00" xp3="25.00" yp3="30.00" sp="0.2" color="red"/>
<line xp1="22.50" yp1="55.00" xp2="22.50" yp2="67.50" sp="0.2" color="red"/>
<line xp1="22.50" yp1="45.00" xp2="22.50" yp2="32.50" sp="0.2" color="red"/>
<curve xp1="25.00" yp1="50.00" xp2="27.50" yp2="50.00" xp3="27.50" yp3="55.00" sp="0.2" color="red" opacity="50"/>
<curve xp1="25.00" yp1="50.00" xp2="27.50" yp2="50.00" xp3="27.50" yp3="45.00" sp="0.2" color="red" opacity="50"/>
<curve xp1="27.50" yp1="62.50" xp2="27.50" yp2="65.00" xp3="30.00" yp3="65.00" sp="0.2" color="red" opacity="50"/>
<curve xp1="27.50" yp1="37.50" xp2="27.50" yp2="35.00" xp3="30.00" yp3="35.00" sp="0.2" color="red" opacity="50"/>
<line xp1="27.50" yp1="55.00" xp2="27.50" yp2="62.50" sp="0.2" color="red" opacity="50"/>
<line xp1="27.50" yp1="45.00" xp2="27.50" yp2="37.50" sp="0.2" color="red" opacity="50"/>
<curve xp1="30.00" yp1="50.00" xp2="32.50" yp2="50.00" xp3="32.50" yp3="55.00" sp="0.2" color="red" opacity="40"/>
<curve xp1="30.00" yp1="50.00" xp2="32.50" yp2="50.00" xp3="32.50" yp3="45.00" sp="0.2" color="red" opacity="40"/>
<curve xp1="32.50" yp1="57.50" xp2="32.50" yp2="60.00" xp3="35.00" yp3="60.00" sp="0.2" color="red" opacity="40"/>
<curve xp1="32.50" yp1="42.50" xp2="32.50" yp2="40.00" xp3="35.00" yp3="40.00" sp="0.2" color="red" opacity="40"/>
<line xp1="32.50" yp1="55.00" xp2="32.50" yp2="57.50" sp="0.2" color="red" opacity="40"/>
<line xp1="32.50" yp1="45.00" xp2="32.50" yp2="42.50" sp="0.2" color="red" opacity="40"/>
<curve xp1="35.00" yp1="50.00" xp2="36.00" yp2="50.00" xp3="36.00" yp3="52.00" sp="0.2" color="red" opacity="30"/>
<curve xp1="35.00" yp1="50.00" xp2="36.00" yp2="50.00" xp3="36.00" yp3="48.00" sp="0.2" color="red" opacity="30"/>
<curve xp1="36.00" yp1="54.00" xp2="36.00" yp2="55.00" xp3="37.00" yp3="55.00" sp="0.2" color="red" opacity="30"/>
<curve xp1="36.00" yp1="46.00" xp2="36.00" yp2="45.00" xp3="37.00" yp3="45.00" sp="0.2" color="red" opacity="30"/>
<line xp1="36.00" yp1="52.00" xp2="36.00" yp2="54.00" sp="0.2" color="red" opacity="30"/>
<line xp1="36.00" yp1="48.00" xp2="36.00" yp2="46.00" sp="0.2" color="red" opacity="30"/>
<curve xp1="90.00" yp1="50.00" xp2="87.50" yp2="50.00" xp3="87.50" yp3="55.00" />
<curve xp1="90.00" yp1="50.00" xp2="87.50" yp2="50.00" xp3="87.50" yp3="45.00" />
<curve xp1="87.50" yp1="77.50" xp2="87.50" yp2="80.00" xp3="85.00" yp3="80.00" />
<curve xp1="87.50" yp1="22.50" xp2="87.50" yp2="20.00" xp3="85.00" yp3="20.00" />
<line xp1="87.50" yp1="55.00" xp2="87.50" yp2="77.50" />
<line xp1="87.50" yp1="45.00" xp2="87.50" yp2="22.50" />
<curve xp1="85.00" yp1="50.00" xp2="82.50" yp2="50.00" xp3="82.50" yp3="55.00" sp="0.2"/>
<curve xp1="85.00" yp1="50.00" xp2="82.50" yp2="50.00" xp3="82.50" yp3="45.00" sp="0.2"/>
<curve xp1="82.50" yp1="72.50" xp2="82.50" yp2="75.00" xp3="80.00" yp3="75.00" sp="0.2"/>
<curve xp1="82.50" yp1="27.50" xp2="82.50" yp2="25.00" xp3="80.00" yp3="25.00" sp="0.2"/>
<line xp1="82.50" yp1="55.00" xp2="82.50" yp2="72.50" sp="0.2"/>
<line xp1="82.50" yp1="45.00" xp2="82.50" yp2="27.50" sp="0.2"/>
<curve xp1="80.00" yp1="50.00" xp2="77.50" yp2="50.00" xp3="77.50" yp3="55.00" sp="0.2" color="red"/>
<curve xp1="80.00" yp1="50.00" xp2="77.50" yp2="50.00" xp3="77.50" yp3="45.00" sp="0.2" color="red"/>
<curve xp1="77.50" yp1="67.50" xp2="77.50" yp2="70.00" xp3="75.00" yp3="70.00" sp="0.2" color="red"/>
<curve xp1="77.50" yp1="32.50" xp2="77.50" yp2="30.00" xp3="75.00" yp3="30.00" sp="0.2" color="red"/>
<line xp1="77.50" yp1="55.00" xp2="77.50" yp2="67.50" sp="0.2" color="red"/>
<line xp1="77.50" yp1="45.00" xp2="77.50" yp2="32.50" sp="0.2" color="red"/>
<curve xp1="75.00" yp1="50.00" xp2="72.50" yp2="50.00" xp3="72.50" yp3="55.00" sp="0.2" color="red" opacity="50"/>
<curve xp1="75.00" yp1="50.00" xp2="72.50" yp2="50.00" xp3="72.50" yp3="45.00" sp="0.2" color="red" opacity="50"/>
<curve xp1="72.50" yp1="62.50" xp2="72.50" yp2="65.00" xp3="70.00" yp3="65.00" sp="0.2" color="red" opacity="50"/>
<curve xp1="72.50" yp1="37.50" xp2="72.50" yp2="35.00" xp3="70.00" yp3="35.00" sp="0.2" color="red" opacity="50"/>
<line xp1="72.50" yp1="55.00" xp2="72.50" yp2="62.50" sp="0.2" color="red" opacity="50"/>
<line xp1="72.50" yp1="45.00" xp2="72.50" yp2="37.50" sp="0.2" color="red" opacity="50"/>
<curve xp1="70.00" yp1="50.00" xp2="67.50" yp2="50.00" xp3="67.50" yp3="55.00" sp="0.2" color="red" opacity="40"/>
<curve xp1="70.00" yp1="50.00" xp2="67.50" yp2="50.00" xp3="67.50" yp3="45.00" sp="0.2" color="red" opacity="40"/>
<curve xp1="67.50" yp1="57.50" xp2="67.50" yp2="60.00" xp3="65.00" yp3="60.00" sp="0.2" color="red" opacity="40"/>
<curve xp1="67.50" yp1="42.50" xp2="67.50" yp2="40.00" xp3="65.00" yp3="40.00" sp="0.2" color="red" opacity="40"/>
<line xp1="67.50" yp1="55.00" xp2="67.50" yp2="57.50" sp="0.2" color="red" opacity="40"/>
<line xp1="67.50" yp1="45.00" xp2="67.50" yp2="42.50" sp="0.2" color="red" opacity="40"/>
<curve xp1="65.00" yp1="50.00" xp2="64.00" yp2="50.00" xp3="64.00" yp3="52.00" sp="0.2" color="red" opacity="30"/>
<curve xp1="65.00" yp1="50.00" xp2="64.00" yp2="50.00" xp3="64.00" yp3="48.00" sp="0.2" color="red" opacity="30"/>
<curve xp1="64.00" yp1="54.00" xp2="64.00" yp2="55.00" xp3="63.00" yp3="55.00" sp="0.2" color="red" opacity="30"/>
<curve xp1="64.00" yp1="46.00" xp2="64.00" yp2="45.00" xp3="63.00" yp3="45.00" sp="0.2" color="red" opacity="30"/>
<line xp1="64.00" yp1="52.00" xp2="64.00" yp2="54.00" sp="0.2" color="red" opacity="30"/>
<line xp1="64.00" yp1="48.00" xp2="64.00" yp2="46.00" sp="0.2" color="red" opacity="30"/>
<curve xp1="50.00" yp1="95.00" xp2="50.00" yp2="92.50" xp3="55.00" yp3="92.50" />
<curve xp1="50.00" yp1="95.00" xp2="50.00" yp2="92.50" xp3="45.00" yp3="92.50" />
<line xp1="55.00" yp1="92.50" xp2="75.00" yp2="92.50" />
<line xp1="45.00" yp1="92.50" xp2="25.00" yp2="92.50" />
<curve xp1="75.00" yp1="92.50" xp2="80.00" yp2="92.50" xp3="80.00" yp3="90.00" />
<curve xp1="25.00" yp1="92.50" xp2="20.00" yp2="92.50" xp3="20.00" yp3="90.00" />
<curve xp1="50.00" yp1="90.00" xp2="50.00" yp2="87.50" xp3="55.00" yp3="87.50" sp="0.2"/>
<curve xp1="50.00" yp1="90.00" xp2="50.00" yp2="87.50" xp3="45.00" yp3="87.50" sp="0.2"/>
<line xp1="55.00" yp1="87.50" xp2="70.00" yp2="87.50" sp="0.2"/>
<line xp1="45.00" yp1="87.50" xp2="30.00" yp2="87.50" sp="0.2"/>
<curve xp1="70.00" yp1="87.50" xp2="75.00" yp2="87.50" xp3="75.00" yp3="85.00" sp="0.2"/>
<curve xp1="30.00" yp1="87.50" xp2="25.00" yp2="87.50" xp3="25.00" yp3="85.00" sp="0.2"/>
<curve xp1="50.00" yp1="85.00" xp2="50.00" yp2="82.50" xp3="55.00" yp3="82.50" sp="0.2" color="red"/>
<curve xp1="50.00" yp1="85.00" xp2="50.00" yp2="82.50" xp3="45.00" yp3="82.50" sp="0.2" color="red"/>
<line xp1="55.00" yp1="82.50" xp2="65.00" yp2="82.50" sp="0.2" color="red"/>
<line xp1="45.00" yp1="82.50" xp2="35.00" yp2="82.50" sp="0.2" color="red"/>
<curve xp1="65.00" yp1="82.50" xp2="70.00" yp2="82.50" xp3="70.00" yp3="80.00" sp="0.2" color="red"/>
<curve xp1="35.00" yp1="82.50" xp2="30.00" yp2="82.50" xp3="30.00" yp3="80.00" sp="0.2" color="red"/>
<curve xp1="50.00" yp1="80.00" xp2="50.00" yp2="77.50" xp3="55.00" yp3="77.50" sp="0.2" color="red" opacity="50"/>
<curve xp1="50.00" yp1="80.00" xp2="50.00" yp2="77.50" xp3="45.00" yp3="77.50" sp="0.2" color="red" opacity="50"/>
<line xp1="55.00" yp1="77.50" xp2="60.00" yp2="77.50" sp="0.2" color="red" opacity="50"/>
<line xp1="45.00" yp1="77.50" xp2="40.00" yp2="77.50" sp="0.2" color="red" opacity="50"/>
<curve xp1="60.00" yp1="77.50" xp2="65.00" yp2="77.50" xp3="65.00" yp3="75.00" sp="0.2" color="red" opacity="50"/>
<curve xp1="40.00" yp1="77.50" xp2="35.00" yp2="77.50" xp3="35.00" yp3="75.00" sp="0.2" color="red" opacity="50"/>
<curve xp1="50.00" yp1="75.00" xp2="50.00" yp2="72.50" xp3="55.00" yp3="72.50" sp="0.2" color="red" opacity="40"/>
<curve xp1="50.00" yp1="75.00" xp2="50.00" yp2="72.50" xp3="45.00" yp3="72.50" sp="0.2" color="red" opacity="40"/>
<line xp1="55.00" yp1="72.50" xp2="55.00" yp2="72.50" sp="0.2" color="red" opacity="40"/>
<line xp1="45.00" yp1="72.50" xp2="45.00" yp2="72.50" sp="0.2" color="red" opacity="40"/>
<curve xp1="55.00" yp1="72.50" xp2="60.00" yp2="72.50" xp3="60.00" yp3="70.00" sp="0.2" color="red" opacity="40"/>
<curve xp1="45.00" yp1="72.50" xp2="40.00" yp2="72.50" xp3="40.00" yp3="70.00" sp="0.2" color="red" opacity="40"/>
<curve xp1="50.00" yp1="70.00" xp2="50.00" yp2="69.00" xp3="52.00" yp3="69.00" sp="0.2" color="red" opacity="30"/>
<curve xp1="50.00" yp1="70.00" xp2="50.00" yp2="69.00" xp3="48.00" yp3="69.00" sp="0.2" color="red" opacity="30"/>
<line xp1="52.00" yp1="69.00" xp2="53.00" yp2="69.00" sp="0.2" color="red" opacity="30"/>
<line xp1="48.00" yp1="69.00" xp2="47.00" yp2="69.00" sp="0.2" color="red" opacity="30"/>
<curve xp1="53.00" yp1="69.00" xp2="55.00" yp2="69.00" xp3="55.00" yp3="68.00" sp="0.2" color="red" opacity="30"/>
<curve xp1="47.00" yp1="69.00" xp2="45.00" yp2="69.00" xp3="45.00" yp3="68.00" sp="0.2" color="red" opacity="30"/>
<curve xp1="50.00" yp1="5.00" xp2="50.00" yp2="7.50" xp3="55.00" yp3="7.50" />
<curve xp1="50.00" yp1="5.00" xp2="50.00" yp2="7.50" xp3="45.00" yp3="7.50" />
<line xp1="55.00" yp1="7.50" xp2="75.00" yp2="7.50" />
<line xp1="45.00" yp1="7.50" xp2="25.00" yp2="7.50" />
<curve xp1="75.00" yp1="7.50" xp2="80.00" yp2="7.50" xp3="80.00" yp3="10.00" />
<curve xp1="25.00" yp1="7.50" xp2="20.00" yp2="7.50" xp3="20.00" yp3="10.00" />
<curve xp1="50.00" yp1="10.00" xp2="50.00" yp2="12.50" xp3="55.00" yp3="12.50" sp="0.2"/>
<curve xp1="50.00" yp1="10.00" xp2="50.00" yp2="12.50" xp3="45.00" yp3="12.50" sp="0.2"/>
<line xp1="55.00" yp1="12.50" xp2="70.00" yp2="12.50" sp="0.2"/>
<line xp1="45.00" yp1="12.50" xp2="30.00" yp2="12.50" sp="0.2"/>
<curve xp1="70.00" yp1="12.50" xp2="75.00" yp2="12.50" xp3="75.00" yp3="15.00" sp="0.2"/>
<curve xp1="30.00" yp1="12.50" xp2="25.00" yp2="12.50" xp3="25.00" yp3="15.00" sp="0.2"/>
<curve xp1="50.00" yp1="15.00" xp2="50.00" yp2="17.50" xp3="55.00" yp3="17.50" sp="0.2" color="red"/>
<curve xp1="50.00" yp1="15.00" xp2="50.00" yp2="17.50" xp3="45.00" yp3="17.50" sp="0.2" color="red"/>
<line xp1="55.00" yp1="17.50" xp2="65.00" yp2="17.50" sp="0.2" color="red"/>
<line xp1="45.00" yp1="17.50" xp2="35.00" yp2="17.50" sp="0.2" color="red"/>
<curve xp1="65.00" yp1="17.50" xp2="70.00" yp2="17.50" xp3="70.00" yp3="20.00" sp="0.2" color="red"/>
<curve xp1="35.00" yp1="17.50" xp2="30.00" yp2="17.50" xp3="30.00" yp3="20.00" sp="0.2" color="red"/>
<curve xp1="50.00" yp1="20.00" xp2="50.00" yp2="22.50" xp3="55.00" yp3="22.50" sp="0.2" color="red" opacity="50"/>
<curve xp1="50.00" yp1="20.00" xp2="50.00" yp2="22.50" xp3="45.00" yp3="22.50" sp="0.2" color="red" opacity="50"/>
<line xp1="55.00" yp1="22.50" xp2="60.00" yp2="22.50" sp="0.2" color="red" opacity="50"/>
<line xp1="45.00" yp1="22.50" xp2="40.00" yp2="22.50" sp="0.2" color="red" opacity="50"/>
<curve xp1="60.00" yp1="22.50" xp2="65.00" yp2="22.50" xp3="65.00" yp3="25.00" sp="0.2" color="red" opacity="50"/>
<curve xp1="40.00" yp1="22.50" xp2="35.00" yp2="22.50" xp3="35.00" yp3="25.00" sp="0.2" color="red" opacity="50"/>
<curve xp1="50.00" yp1="25.00" xp2="50.00" yp2="27.50" xp3="55.00" yp3="27.50" sp="0.2" color="red" opacity="40"/>
<curve xp1="50.00" yp1="25.00" xp2="50.00" yp2="27.50" xp3="45.00" yp3="27.50" sp="0.2" color="red" opacity="40"/>
<line xp1="55.00" yp1="27.50" xp2="55.00" yp2="27.50" sp="0.2" color="red" opacity="40"/>
<line xp1="45.00" yp1="27.50" xp2="45.00" yp2="27.50" sp="0.2" color="red" opacity="40"/>
<curve xp1="55.00" yp1="27.50" xp2="60.00" yp2="27.50" xp3="60.00" yp3="30.00" sp="0.2" color="red" opacity="40"/>
<curve xp1="45.00" yp1="27.50" xp2="40.00" yp2="27.50" xp3="40.00" yp3="30.00" sp="0.2" color="red" opacity="40"/>
<curve xp1="50.00" yp1="30.00" xp2="50.00" yp2="31.00" xp3="52.00" yp3="31.00" sp="0.2" color="red" opacity="30"/>
<curve xp1="50.00" yp1="30.00" xp2="50.00" yp2="31.00" xp3="48.00" yp3="31.00" sp="0.2" color="red" opacity="30"/>
<line xp1="52.00" yp1="31.00" xp2="53.00" yp2="31.00" sp="0.2" color="red" opacity="30"/>
<line xp1="48.00" yp1="31.00" xp2="47.00" yp2="31.00" sp="0.2" color="red" opacity="30"/>
<curve xp1="53.00" yp1="31.00" xp2="55.00" yp2="31.00" xp3="55.00" yp3="32.00" sp="0.2" color="red" opacity="30"/>
<curve xp1="47.00" yp1="31.00" xp2="45.00" yp2="31.00" xp3="45.00" yp3="32.00" sp="0.2" color="red" opacity="30"/>
</slide>
<slide>
<text align="c" xp="50" yp="50" sp="5" >Brackets</text>
<line xp1="70.00" yp1="50.00" xp2="67.50" yp2="50.00" sp="0.2" color="red"/>
<line xp1="67.50" yp1="65.00" xp2="67.50" yp2="35.00" sp="0.2" color="red"/>
<rect xp="67.50" yp="65.00" wp="0.20" hp="0.20" hr="100" sp="0.2" color="red"/>
<rect xp="67.50" yp="35.00" wp="0.20" hp="0.20" hr="100" sp="0.2" color="red"/>
<line xp1="67.50" yp1="65.00" xp2="65.00" yp2="65.00" sp="0.2" color="red"/>
<line xp1="67.50" yp1="35.00" xp2="65.00" yp2="35.00" sp="0.2" color="red"/>
<line xp1="30.00" yp1="50.00" xp2="32.50" yp2="50.00" sp="0.2" color="red"/>
<line xp1="32.50" yp1="65.00" xp2="32.50" yp2="35.00" sp="0.2" color="red"/>
<rect xp="32.50" yp="65.00" wp="0.20" hp="0.20" hr="100" sp="0.2" color="red"/>
<rect xp="32.50" yp="35.00" wp="0.20" hp="0.20" hr="100" sp="0.2" color="red"/>
<line xp1="32.50" yp1="65.00" xp2="35.00" yp2="65.00" sp="0.2" color="red"/>
<line xp1="32.50" yp1="35.00" xp2="35.00" yp2="35.00" sp="0.2" color="red"/>
<line xp1="50.00" yp1="80.00" xp2="50.00" yp2="77.50" sp="0.2" color="red"/>
<line xp1="34.90" yp1="77.50" xp2="65.10" yp2="77.50" sp="0.2" color="red"/>
<line xp1="35.00" yp1="77.50" xp2="35.00" yp2="75.00" sp="0.2" color="red"/>
<line xp1="65.00" yp1="77.50" xp2="65.00" yp2="75.00" sp="0.2" color="red"/>
<line xp1="50.00" yp1="20.00" xp2="50.00" yp2="22.50" sp="0.2" color="red"/>
<line xp1="34.90" yp1="22.50" xp2="65.10" yp2="22.50" sp="0.2" color="red"/>
<line xp1="35.00" yp1="22.50" xp2="35.00" yp2="25.00" sp="0.2" color="red"/>
<line xp1="65.00" yp1="22.50" xp2="65.00" yp2="25.00" sp="0.2" color="red"/>
<text align="c" xp="50" yp="17" sp="3" >down</text>
<text align="c" xp="50" yp="81" sp="3" >up</text>
<text xp="70" yp="50" sp="3" >right</text>
<text align="e" xp="30" yp="50" sp="3" >left</text>
</slide>
<slide>
<text xp="50.00" yp="85.40" sp="2.25" align="center" wp="0.00" font="sans" opacity="100.00" color="black" type="">foo</text><line xp1="10.00" yp1="30.00" xp2="10.00" yp2="35.00" sp="7.89" opacity="100.00" color="lightsteelblue"/><text xp="10.00" yp="36.50" sp="1.12" align="center" wp="0.00" font="sans" opacity="100.00" color="rgb(127,0,0)" type="">10</text><text xp="10.00" yp="27.00" sp="1.20" align="center" wp="0.00" font="sans" opacity="100.00" color="rgb(75,75,75)" type="">ten</text><line xp1="18.89" yp1="30.00" xp2="18.89" yp2="40.00" sp="7.89" opacity="100.00" color="lightsteelblue"/><text xp="18.89" yp="41.50" sp="1.12" align="center" wp="0.00" font="sans" opacity="100.00" color="rgb(127,0,0)" type="">20</text><text xp="18.89" yp="27.00" sp="1.20" align="center" wp="0.00" font="sans" opacity="100.00" color="rgb(75,75,75)" type="">twenty</text><line xp1="27.78" yp1="30.00" xp2="27.78" yp2="45.00" sp="7.89" opacity="100.00" color="lightsteelblue"/><text xp="27.78" yp="46.50" sp="1.12" align="center" wp="0.00" font="sans" opacity="100.00" color="rgb(127,0,0)" type="">30</text><text xp="27.78" yp="27.00" sp="1.20" align="center" wp="0.00" font="sans" opacity="100.00" color="rgb(75,75,75)" type="">thirty</text><line xp1="36.67" yp1="30.00" xp2="36.67" yp2="50.00" sp="7.89" opacity="100.00" color="lightsteelblue"/><text xp="36.67" yp="51.50" sp="1.12" align="center" wp="0.00" font="sans" opacity="100.00" color="rgb(127,0,0)" type="">40</text><text xp="36.67" yp="27.00" sp="1.20" align="center" wp="0.00" font="sans" opacity="100.00" color="rgb(75,75,75)" type="">forty</text><line xp1="45.56" yp1="30.00" xp2="45.56" yp2="55.00" sp="7.89" opacity="100.00" color="lightsteelblue"/><text xp="45.56" yp="56.50" sp="1.12" align="center" wp="0.00" font="sans" opacity="100.00" color="rgb(127,0,0)" type="">50</text><text xp="45.56" yp="27.00" sp="1.20" align="center" wp="0.00" font="sans" opacity="100.00" color="rgb(75,75,75)" type="">fifty</text><line xp1="54.44" yp1="30.00" xp2="54.44" yp2="60.00" sp="7.89" opacity="100.00" color="lightsteelblue"/><text xp="54.44" yp="61.50" sp="1.12" align="center" wp="0.00" font="sans" opacity="100.00" color="rgb(127,0,0)" type="">60</text><text xp="54.44" yp="27.00" sp="1.20" align="center" wp="0.00" font="sans" opacity="100.00" color="rgb(75,75,75)" type="">sixty</text><line xp1="63.33" yp1="30.00" xp2="63.33" yp2="65.00" sp="7.89" opacity="100.00" color="lightsteelblue"/><text xp="63.33" yp="66.50" sp="1.12" align="center" wp="0.00" font="sans" opacity="100.00" color="rgb(127,0,0)" type="">70</text><text xp="63.33" yp="27.00" sp="1.20" align="center" wp="0.00" font="sans" opacity="100.00" color="rgb(75,75,75)" type="">seventy</text><line xp1="72.22" yp1="30.00" xp2="72.22" yp2="70.00" sp="7.89" opacity="100.00" color="lightsteelblue"/><text xp="72.22" yp="71.50" sp="1.12" align="center" wp="0.00" font="sans" opacity="100.00" color="rgb(127,0,0)" type="">80</text><text xp="72.22" yp="27.00" sp="1.20" align="center" wp="0.00" font="sans" opacity="100.00" color="rgb(75,75,75)" type="">eighty</text><line xp1="81.11" yp1="30.00" xp2="81.11" yp2="75.00" sp="7.89" opacity="100.00" color="lightsteelblue"/><text xp="81.11" yp="76.50" sp="1.12" align="center" wp="0.00" font="sans" opacity="100.00" color="rgb(127,0,0)" type="">90</text><text xp="81.11" yp="27.00" sp="1.20" align="center" wp="0.00" font="sans" opacity="100.00" color="rgb(75,75,75)" type="">ninety</text><line xp1="90.00" yp1="30.00" xp2="90.00" yp2="80.00" sp="7.89" opacity="100.00" color="lightsteelblue"/><text xp="90.00" yp="81.50" sp="1.12" align="center" wp="0.00" font="sans" opacity="100.00" color="rgb(127,0,0)" type="">100</text><text xp="90.00" yp="27.00" sp="1.20" align="center" wp="0.00" font="sans" opacity="100.00" color="rgb(75,75,75)" type="">one-hundred</text></slide>
<slide>
<text xp="17.75" yp="30.00" sp="1.12" align="right" wp="0.00" font="sans" opacity="100.00" color="rgb(75,75,75)" type="">0</text><line xp1="20.00" yp1="30.00" xp2="80.00" yp2="30.00" sp="0.10" opacity="100.00" color="lightgray"/><text xp="17.75" yp="40.00" sp="1.12" align="right" wp="0.00" font="sans" opacity="100.00" color="rgb(75,75,75)" type="">20</text><line xp1="20.00" yp1="40.00" xp2="80.00" yp2="40.00" sp="0.10" opacity="100.00" color="lightgray"/><text xp="17.75" yp="50.00" sp="1.12" align="right" wp="0.00" font="sans" opacity="100.00" color="rgb(75,75,75)" type="">40</text><line xp1="20.00" yp1="50.00" xp2="80.00" yp2="50.00" sp="0.10" opacity="100.00" color="lightgray"/><text xp="17.75" yp="60.00" sp="1.12" align="right" wp="0.00" font="sans" opacity="100.00" color="rgb(75,75,75)" type="">60</text><line xp1="20.00" yp1="60.00" xp2="80.00" yp2="60.00" sp="0.10" opacity="100.00" color="lightgray"/><text xp="17.75" yp="70.00" sp="1.12" align="right" wp="0.00" font="sans" opacity="100.00" color="rgb(75,75,75)" type="">80</text><line xp1="20.00" yp1="70.00" xp2="80.00" yp2="70.00" sp="0.10" opacity="100.00" color="lightgray"/><text xp="17.75" yp="80.00" sp="1.12" align="right" wp="0.00" font="sans" opacity="100.00" color="rgb(75,75,75)" type="">100</text><line xp1="20.00" yp1="80.00" xp2="80.00" yp2="80.00" sp="0.10" opacity="100.00" color="lightgray"/><ellipse xp="20.00" yp="44.00" wp="0.90" hr="100.00" opacity="100.00" color="red"/><text xp="20.00" yp="27.00" sp="1.20" align="center" wp="0.00" font="sans" opacity="100.00" color="rgb(75,75,75)" type="">2010</text><line xp1="20.00" yp1="44.00" xp2="26.00" yp2="53.94" sp="0.20" opacity="100.00" color="red"/><ellipse xp="26.00" yp="53.94" wp="0.90" hr="100.00" opacity="100.00" color="red"/><text xp="26.00" yp="27.00" sp="1.20" align="center" wp="0.00" font="sans" opacity="100.00" color="rgb(75,75,75)" type="">2011</text><line xp1="26.00" yp1="53.94" xp2="32.00" yp2="41.91" sp="0.20" opacity="100.00" color="red"/><ellipse xp="32.00" yp="41.91" wp="0.90" hr="100.00" opacity="100.00" color="red"/><text xp="32.00" yp="27.00" sp="1.20" align="center" wp="0.00" font="sans" opacity="100.00" color="rgb(75,75,75)" type="">2012</text><line xp1="32.00" yp1="41.91" xp2="38.00" yp2="75.53" sp="0.20" opacity="100.00" color="red"/><ellipse xp="38.00" yp="75.53" wp="0.90" hr="100.00" opacity="100.00" color="red"/><text xp="38.00" yp="27.00" sp="1.20" align="center" wp="0.00" font="sans" opacity="100.00" color="rgb(75,75,75)" type="">2013</text><line xp1="38.00" yp1="75.53" xp2="44.00" yp2="55.16" sp="0.20" opacity="100.00" color="red"/><ellipse xp="44.00" yp="55.16" wp="0.90" hr="100.00" opacity="100.00" color="red"/><text xp="44.00" yp="27.00" sp="1.20" align="center" wp="0.00" font="sans" opacity="100.00" color="rgb(75,75,75)" type="">2014</text><line xp1="44.00" yp1="55.16" xp2="50.00" yp2="45.12" sp="0.20" opacity="100.00" color="red"/><ellipse xp="50.00" yp="45.12" wp="0.90" hr="100.00" opacity="100.00" color="red"/><text xp="50.00" yp="27.00" sp="1.20" align="center" wp="0.00" font="sans" opacity="100.00" color="rgb(75,75,75)" type="">2015</text><line xp1="50.00" yp1="45.12" xp2="56.00" yp2="59.00" sp="0.20" opacity="100.00" color="red"/><ellipse xp="56.00" yp="59.00" wp="0.90" hr="100.00" opacity="100.00" color="red"/><text xp="56.00" yp="27.00" sp="1.20" align="center" wp="0.00" font="sans" opacity="100.00" color="rgb(75,75,75)" type="">2016</text><line xp1="56.00" yp1="59.00" xp2="62.00" yp2="34.02" sp="0.20" opacity="100.00" color="red"/><ellipse xp="62.00" yp="34.02" wp="0.90" hr="100.00" opacity="100.00" color="red"/><text xp="62.00" yp="27.00" sp="1.20" align="center" wp="0.00" font="sans" opacity="100.00" color="rgb(75,75,75)" type="">2017</text><line xp1="62.00" yp1="34.02" xp2="68.00" yp2="53.26" sp="0.20" opacity="100.00" color="red"/><ellipse xp="68.00" yp="53.26" wp="0.90" hr="100.00" opacity="100.00" color="red"/><text xp="68.00" yp="27.00" sp="1.20" align="center" wp="0.00" font="sans" opacity="100.00" color="rgb(75,75,75)" type="">2018</text><line xp1="68.00" yp1="53.26" xp2="74.00" yp2="77.83" sp="0.20" opacity="100.00" color="red"/><ellipse xp="74.00" yp="77.83" wp="0.90" hr="100.00" opacity="100.00" color="red"/><text xp="74.00" yp="27.00" sp="1.20" align="center" wp="0.00" font="sans" opacity="100.00" color="rgb(75,75,75)" type="">2019</text><line xp1="74.00" yp1="77.83" xp2="80.00" yp2="33.56" sp="0.20" opacity="100.00" color="red"/><ellipse xp="80.00" yp="33.56" wp="0.90" hr="100.00" opacity="100.00" color="red"/><text xp="80.00" yp="27.00" sp="1.20" align="center" wp="0.00" font="sans" opacity="100.00" color="rgb(75,75,75)" type="">2020</text><ellipse xp="20.00" yp="59.75" wp="0.90" hr="100.00" opacity="100.00" color="green"/><line xp1="20.00" yp1="59.75" xp2="26.00" yp2="31.32" sp="0.20" opacity="100.00" color="green"/><ellipse xp="26.00" yp="31.32" wp="0.90" hr="100.00" opacity="100.00" color="green"/><line xp1="26.00" yp1="31.32" xp2="32.00" yp2="55.61" sp="0.20" opacity="100.00" color="green"/><ellipse xp="32.00" yp="55.61" wp="0.90" hr="100.00" opacity="100.00" color="green"/><line xp1="32.00" yp1="55.61" xp2="38.00" yp2="47.33" sp="0.20" opacity="100.00" color="green"/><ellipse xp="38.00" yp="47.33" wp="0.90" hr="100.00" opacity="100.00" color="green"/><line xp1="38.00" yp1="47.33" xp2="44.00" yp2="47.61" sp="0.20" opacity="100.00" color="green"/><ellipse xp="44.00" yp="47.61" wp="0.90" hr="100.00" opacity="100.00" color="green"/><line xp1="44.00" yp1="47.61" xp2="50.00" yp2="65.28" sp="0.20" opacity="100.00" color="green"/><ellipse xp="50.00" yp="65.28" wp="0.90" hr="100.00" opacity="100.00" color="green"/><line xp1="50.00" yp1="65.28" xp2="56.00" yp2="51.58" sp="0.20" opacity="100.00" color="green"/><ellipse xp="56.00" yp="51.58" wp="0.90" hr="100.00" opacity="100.00" color="green"/><line xp1="56.00" yp1="51.58" xp2="62.00" yp2="69.38" sp="0.20" opacity="100.00" color="green"/><ellipse xp="62.00" yp="69.38" wp="0.90" hr="100.00" opacity="100.00" color="green"/><line xp1="62.00" yp1="69.38" xp2="68.00" yp2="61.45" sp="0.20" opacity="100.00" color="green"/><ellipse xp="68.00" yp="61.45" wp="0.90" hr="100.00" opacity="100.00" color="green"/><line xp1="68.00" yp1="61.45" xp2="74.00" yp2="59.51" sp="0.20" opacity="100.00" color="green"/><ellipse xp="74.00" yp="59.51" wp="0.90" hr="100.00" opacity="100.00" color="green"/><line xp1="74.00" yp1="59.51" xp2="80.00" yp2="41.29" sp="0.20" opacity="100.00" color="green"/><ellipse xp="80.00" yp="41.29" wp="0.90" hr="100.00" opacity="100.00" color="green"/><text xp="20" yp="20" sp="1.5" font="sans" color="green">Sales</text>
<line xp1="19.25" yp1="20" xp2="19.25" yp2="21.5" sp="0.75" color="green"/>
<text xp="35" yp="20" sp="1.5" font="sans" color="red">Revenue</text>
<line xp1="34.25" yp1="20" xp2="34.25" yp2="21.5" sp="0.75" color="red"/>
</slide>
<slide>
<image name="follow.jpg" xp="50" yp="50" width="640" height="480"/>
<image name="follow.jpg" xp="50" yp="50" width="640" height="480" scale="50"/>
<image name="follow.jpg" xp="50" yp="50" width="640" height="480" scale="20" link="https://budnitzbicycles.com"/>
</slide>
<slide bg="black" fg="white">
<image name="follow.jpg" caption="LARGE" xp="50" yp="50" width="640" height="480"/>
<image name="follow.jpg" caption="MEDIUM" xp="50" yp="50" width="640" height="480" scale="50"/>
<image name="follow.jpg" caption="SMALL" xp="50" yp="50" width="640" height="480" scale="20" link="https://budnitzbicycles.com"/>
</slide>
<slide>
<text align="c" xp="50" yp="90" sp="5" >Width Scaled Image</text>
<text align="c" xp="10" yp="77" sp="3" >10%</text>
<text align="c" xp="30" yp="77" sp="3" >30%</text>
<text align="c" xp="70" yp="77" sp="3" >50%</text>
<image name="follow.jpg" xp="10" yp="50" width="10" height="0"/>
<image name="follow.jpg" xp="30" yp="50" width="25" height="0"/>
<image name="follow.jpg" xp="70" yp="50" width="50" height="0"/>
</slide>
<slide bg="skyblue">
<polygon color="rgb(220,220,220)" opacity="100" xc="97.11495 97.28758 97.32265 97.32778 97.33118 97.29572 97.28503 97.27714 97.25663 97.22971 97.17608 97.14060 97.10040 97.07180 97.09828 97.11495 97.11495" yc="70.34126 70.49640 70.59363 70.62060 70.65474 70.83569 70.86029 70.87814 70.88171 70.85911 70.77974 70.69443 70.52380 70.34026 70.32697 70.34126 70.34126"/>
<polygon color="rgb(220,220,220)" opacity="100" xc="106.22992 106.21314 106.23077 106.25214 106.29188 106.32842 106.33954 106.30129 106.25085 106.12243 105.99615 105.99402 106.12392 106.14188 106.15832 106.22992 106.22992" yc="72.85077 72.89363 72.94800 72.96903 72.98886 72.99840 73.02340 73.07380 73.07617 73.07180 72.98969 72.92854 72.75397 72.73491 72.73371 72.85077 72.85077"/>
<polygon color="rgb(220,220,220)" opacity="100" xc="90.64272 90.71220 90.75512 90.91666 90.94229 90.95814 91.05471 91.06326 91.05192 91.01411 90.98462 90.96582 90.92820 90.86626 90.64871 90.61709 90.58248 90.57138 90.59252 90.64272 90.64272" yc="76.72377 76.74720 76.77457 76.89600 76.92460 76.94603 77.13809 77.16726 77.20314 77.22417 77.22220 77.21189 77.18094 77.12140 76.89600 76.85157 76.78331 76.73729 76.71546 76.72377 76.72377"/>
<polygon color="rgb(220,220,220)" opacity="100" xc="107.00512 106.92926 107.03462 106.98334 106.77606 106.70726 106.67585 106.66068 106.64871 106.62928 106.58900 106.46197 106.40449 106.35598 106.31965 106.15854 106.10309 106.01026 105.69678 105.62565 105.56560 105.51882 105.47180 105.45298 105.34231 105.39274 105.41838 105.45214 105.49145 105.57603 105.63548 105.73375 105.80291 105.85089 105.89486 105.92563 105.99743 106.21411 106.51452 106.83462 106.90298 106.92478 107.07394 107.10812 107.33152 107.42392 107.44980 107.48738 107.75598 107.93762 107.91709 107.95875 107.98589 107.88762 107.76838 107.54488 107.48762 107.37606 107.25342 107.14808 107.07746 106.99060 106.70012 106.76025 106.87992 106.96731 107.02265 107.07212 107.12437 107.23280 107.21923 106.93717 106.88674 106.85983 106.76709 106.63803 106.48120 106.59060 106.63077 106.67906 106.71560 106.75128 106.83846 107.07275 106.97394 106.93548 106.89702 106.57757 106.44455 106.39360 106.33569 106.27948 106.23803 106.19574 106.14678 106.08931 106.03974 105.92842 105.96474 106.04102 106.12394 106.24669 106.27980 106.20897 106.16923 106.11369 106.06902 106.01458 106.07928 106.22009 106.31068 106.35342 106.45000 106.55886 106.51666 106.37991 106.31882 106.23248 106.17297 106.12897 106.06935 105.96238 105.98782 106.02457 106.11709 106.17520 106.36409 106.47863 106.62394 106.69871 106.75662 106.78418 106.86795 106.98057 107.03825 107.04488 107.00942 106.96325 106.86817 106.84252 106.81308 106.78668 106.75512 106.78548 106.86880 106.95557 107.19231 107.22628 107.22180 107.18183 107.14957 107.00512 107.00512" yc="76.75117 76.85554 77.04523 77.14046 77.22894 77.14286 77.06386 77.01031 76.94520 76.87734 76.80274 76.63649 76.61309 76.56349 76.49680 76.09920 75.90534 75.57734 74.94263 74.89283 74.84600 74.79523 74.72697 74.67854 74.25551 73.84680 73.72537 73.45831 73.33011 73.20609 73.06666 73.03411 73.08903 73.09640 73.00397 73.01506 73.04126 73.14123 73.12857 73.19443 73.19680 73.20077 73.25434 73.27143 73.43371 73.61109 73.83569 73.90394 74.00474 74.10949 74.29283 74.54560 74.59760 74.78809 74.86111 74.98729 74.99323 74.97220 75.20394 75.16506 75.09640 74.97537 74.48957 74.49917 74.63331 74.73809 74.81703 74.88311 74.92617 74.93431 74.88214 74.55551 74.50160 74.47300 74.39920 74.29800 74.10334 73.97220 73.96151 73.99263 74.03966 74.07143 74.13411 74.25374 74.10869 74.08409 74.05951 73.66703 73.48271 73.52934 73.56983 73.58174 73.56706 73.53726 73.49520 73.44046 73.39837 73.43291 73.59840 73.68254 73.74283 73.78054 73.86803 73.94800 73.94840 73.91346 73.87300 73.86526 73.96937 74.00871 74.01903 74.03091 74.08889 74.44323 74.45434 74.37537 74.32934 74.25634 74.17340 74.12014 74.09014 74.07380 74.15214 74.14720 74.19840 74.23569 74.43569 74.47617 74.53369 74.58886 74.64443 74.68171 74.83554 75.01903 75.07994 75.22143 75.21983 75.18251 75.06466 75.00554 74.93900 74.88186 74.86266 75.01429 75.20474 75.39997 76.37337 76.63889 76.69800 76.76011 76.74760 76.75117 76.75117"/>
<polygon color="rgb(220,220,220)" opacity="100" xc="101.42426 101.39743 101.42885 101.47480 101.58655 101.54615 101.50638 101.26817 101.18205 101.15823 101.10832 101.08248 101.04015 101.00469 100.95002 100.91495 100.89895 100.90042 100.93888 101.11708 101.37606 101.38077 101.36218 101.34254 101.56068 101.59445 101.78291 101.92297 101.95471 101.88889 101.82906 101.92586 101.99648 102.08269 102.16625 102.27735 102.44743 102.63205 102.68055 102.72072 102.86089 102.82308 102.93718 103.00460 103.12843 103.08152 103.04466 103.01709 102.90182 103.03805 103.24914 103.27137 103.20022 103.12180 103.18418 103.25728 103.29745 103.32649 103.44445 103.61495 103.67094 103.70512 103.77671 103.84080 103.89786 103.91582 103.92586 103.89082 103.84766 103.87971 103.84038 103.78118 103.68632 103.83460 103.91709 103.96603 104.05855 104.10043 104.07991 104.06645 104.10065 104.13975 104.18503 104.28375 104.34872 104.45983 104.59529 104.65443 104.59274 104.52608 104.41026 104.34700 103.91452 103.88120 103.70000 103.59103 103.54766 103.28803 103.16497 102.74402 102.70668 102.65849 102.59231 102.31111 102.12478 102.06966 102.03632 101.97212 101.93997 101.96497 101.99968 101.98548 101.94209 101.87649 101.79294 101.74317 101.79678 101.57394 101.53622 101.48943 101.42426 101.42426" yc="76.43869 76.51029 76.57617 76.63571 76.84760 77.09760 77.25317 77.00314 76.86226 76.79146 76.61863 76.57617 76.53251 76.49603 76.41903 76.34086 76.25554 76.19483 76.06506 76.06663 76.05157 75.84880 75.79683 75.45980 75.41071 75.43171 75.42537 75.41346 75.29620 75.31663 75.22140 75.16466 75.05951 74.93291 74.89126 74.87457 74.79126 74.69680 74.67934 74.68251 74.84163 74.88729 75.05474 75.13291 75.18749 75.12617 75.11823 75.08649 74.88263 74.82614 74.73609 74.68371 74.55551 74.49763 74.39206 74.27297 74.22140 74.19283 74.15474 74.17223 74.17934 74.18571 74.19997 74.23291 74.28729 74.33966 74.56226 74.70911 74.69483 74.64283 74.62577 74.63569 74.79960 74.89760 74.89840 74.90791 75.07617 75.17697 75.23489 75.29523 75.30157 75.28571 75.25154 75.26743 75.28409 75.37063 75.48889 75.58489 75.61506 75.63646 75.66506 75.67420 75.65314 75.65077 75.63091 75.60314 75.58469 75.52777 75.50554 75.46346 75.48703 75.50551 75.68171 75.79363 75.88886 75.90514 75.89757 75.85514 75.69640 75.65869 75.58926 75.53569 75.54046 75.55711 75.60354 75.81349 76.04163 76.41269 76.42894 76.40929 76.43869 76.43869"/>
<polygon color="rgb(220,220,220)" opacity="100" xc="105.57115 105.56089 105.52649 105.49957 105.35214 105.33462 105.30214 105.27522 105.20469 105.13505 105.10086 105.06795 105.02137 104.75555 104.73055 104.70834 104.69445 104.59391 104.59765 104.61452 104.64617 104.68418 104.83163 104.85471 104.90214 104.92394 104.93568 104.94935 104.92755 104.91111 104.88675 104.70985 104.67628 104.67094 104.71795 104.73034 104.76017 104.85642 105.01409 105.07478 105.09018 105.05469 104.97437 104.95812 104.93974 104.86517 104.84209 105.14829 105.29317 105.32586 105.42298 105.42223 105.35834 105.31238 105.32478 105.39102 105.57115 105.57115" yc="78.92714 78.96029 78.97460 78.97934 78.95554 78.95037 78.92300 78.89603 78.82300 78.74760 78.70711 78.66426 78.59206 78.32537 78.31029 78.27143 78.22694 77.82120 77.78171 77.76109 77.75317 77.74760 77.76586 77.76980 77.78766 77.80789 77.82777 77.87974 77.86429 77.82617 77.81071 77.87777 77.90017 77.93889 78.09523 78.12457 78.15697 78.25314 78.41426 78.54837 78.61586 78.54283 78.39760 78.37617 78.35951 78.31546 78.32974 78.71429 78.88331 78.90869 78.90394 78.86586 78.77380 78.72994 78.70197 78.71823 78.92714 78.92714"/>
<polygon color="rgb(220,220,220)" opacity="100" xc="116.52585 116.55214 116.67565 116.73077 116.73494 116.71988 116.60812 116.56923 116.56837 116.52649 116.51582 116.49531 116.46880 116.42092 116.36625 116.39786 116.47222 116.50940 116.52585 116.52585" yc="78.26149 78.29046 78.67143 78.97380 79.03054 79.05514 78.83889 78.71506 78.63886 78.51663 78.49163 78.45949 78.42857 78.39043 78.31286 78.28014 78.26189 78.25634 78.26149 78.26149"/>
<polygon color="rgb(220,220,220)" opacity="100" xc="113.99702 114.03163 114.01625 113.97822 113.95566 113.94702 113.95769 113.94915 113.83717 113.68695 113.67243 113.68397 113.82565 113.92735 113.96452 113.99702 113.99702" yc="78.86429 78.88491 78.91109 78.93809 78.96703 79.01823 79.07617 79.10451 79.08649 79.01703 78.99203 78.94877 78.89046 78.86269 78.85551 78.86429 78.86429"/>
<polygon color="rgb(220,220,220)" opacity="100" xc="100.79574 100.75683 100.63974 100.60129 100.58314 100.51562 100.48378 100.46497 100.45725 100.47394 100.54229 100.56025 100.60343 100.70598 100.73375 100.74658 100.76515 100.79574 100.79574" yc="79.76506 79.72537 79.67140 79.67697 79.67340 79.62537 79.57777 79.53174 79.49603 79.30157 79.23966 79.24523 79.27657 79.43806 79.49206 79.52143 79.58094 79.76506 79.76506"/>
<polygon color="rgb(220,220,220)" opacity="100" xc="117.36495 117.14188 117.07286 117.03738 117.02649 117.02180 117.02692 117.11646 117.14445 117.17009 117.19488 117.48589 117.54018 117.59445 117.61623 117.64060 117.67435 117.67522 117.63760 117.61068 117.59360 117.58289 117.56411 117.51452 117.46495 117.43460 117.40598 117.36495 117.36495" yc="80.42537 80.49203 80.59563 80.60277 80.56663 80.52143 80.49363 80.30474 80.28014 80.26983 80.26506 80.21506 80.22697 80.24283 80.25314 80.27297 80.42300 80.56206 80.57854 80.56903 80.54440 80.53171 80.51663 80.47857 80.44360 80.43014 80.42143 80.42537 80.42537"/>
<polygon color="rgb(220,220,220)" opacity="100" xc="10.10468 10.19380 10.20065 10.10171 10.06540 9.94891 9.88120 9.87606 9.85365 9.85212 9.85300 9.85728 9.92202 9.96198 9.97991 10.01540 10.03292 10.10468 10.10468" yc="82.06029 82.15874 82.18729 82.41269 82.46586 82.60989 82.65474 82.67297 82.70594 82.65237 82.59917 82.56666 82.14126 82.06426 82.04680 82.02694 82.02497 82.06029 82.06029"/>
<polygon color="rgb(220,220,220)" opacity="100" xc="10.27755 10.28828 10.27446 10.18162 10.12266 10.09786 10.06195 10.01922 10.00129 9.96668 9.86706 9.83932 9.75472 9.73120 9.71774 9.69360 9.68525 9.74998 9.93760 10.17732 10.19275 10.27755 10.27755" yc="82.46349 82.48689 82.54740 82.60234 82.63014 82.64126 82.65871 82.68886 82.70631 82.74363 82.85871 82.89920 83.06746 83.12300 83.15751 83.16229 83.13649 82.95791 82.69997 82.45711 82.44760 82.46349 82.46349"/>
<polygon color="rgb(220,220,220)" opacity="100" xc="6.46602 6.47863 6.46283 6.43375 6.41665 6.35771 6.34018 6.26026 6.26795 6.29488 6.36880 6.43494 6.46602 6.46602" yc="83.28331 83.35077 83.45237 83.48726 83.50394 83.52380 83.53091 83.48031 83.40234 83.32337 83.24126 83.21743 83.28331 83.28331"/>
<polygon color="rgb(220,220,220)" opacity="100" xc="6.04935 6.07211 6.04188 6.02091 6.00597 5.98677 5.96520 5.95855 5.94358 5.81325 5.79700 5.78589 5.80557 5.86282 6.00555 6.02392 6.04935 6.04935" yc="83.57023 83.59877 83.83729 83.88174 83.91029 83.94403 83.96983 83.97220 83.98211 83.94443 83.93251 83.68491 83.66029 83.61269 83.56349 83.56109 83.57023 83.57023"/>
<polygon color="rgb(220,220,220)" opacity="100" xc="10.26174 10.27562 10.28035 10.27775 10.27092 10.26174 10.24872 10.22308 10.20706 10.18334 10.09745 10.08422 10.07222 10.06217 10.08443 10.19231 10.21494 10.26174 10.26174" yc="84.12180 84.14283 84.18331 84.21346 84.25314 84.28174 84.30314 84.37697 84.38729 84.38889 84.34920 84.32934 84.27300 84.19677 84.11466 84.09520 84.09443 84.12180 84.12180"/>
<polygon color="rgb(220,220,220)" opacity="100" xc="116.04058 116.09123 116.10512 116.10811 116.09828 116.07863 116.05854 116.03889 115.97735 115.83291 115.80043 115.77863 115.74722 115.71217 115.70342 115.68375 115.55598 115.54765 115.58077 115.60085 115.63206 115.67778 115.73375 116.04058 116.04058" yc="84.45831 84.52854 84.63491 84.66823 84.75471 84.74283 84.72457 84.67220 84.58886 84.44126 84.42300 84.41429 84.41743 84.44897 84.48531 84.55951 84.54800 84.52260 84.25674 84.24243 84.24123 84.25154 84.26823 84.45831 84.45831"/>
<polygon color="rgb(220,220,220)" opacity="100" xc="116.91623 116.91837 116.86154 116.79829 116.79103 116.77222 116.70469 116.50769 116.48397 116.46495 116.46325 116.47478 116.50043 116.52029 116.91623 116.91623" yc="84.70711 84.74283 84.82854 84.96109 84.98726 84.99880 85.00000 84.92140 84.89720 84.71743 84.59997 84.50951 84.48331 84.47657 84.70711 84.70711"/>
<polygon color="rgb(220,220,220)" opacity="100" xc="9.03635 9.05814 9.06580 9.06837 9.07523 9.09102 9.11580 9.13762 9.15983 9.19145 9.20214 9.18034 9.08974 9.01355 8.92202 8.92822 8.94315 8.99445 9.01663 9.03635 9.03635" yc="84.71823 84.74957 84.79206 84.82694 84.85791 84.90154 84.95237 84.98569 85.01826 85.05077 85.06903 85.07934 85.05077 85.00080 84.86863 84.79126 84.76823 84.73014 84.71586 84.71823 84.71823"/>
<polygon color="rgb(220,220,220)" opacity="100" xc="8.46966 8.36795 8.32265 8.30471 8.27775 8.22478 8.21925 8.26583 8.28589 8.37372 8.40051 8.49745 8.55046 8.55686 8.60642 8.79786 8.99658 9.01857 9.03465 9.04189 9.03975 9.02542 8.71880 8.69018 8.64403 8.59998 8.56432 8.54443 8.46966 8.46966" yc="84.95237 85.00689 85.06189 85.10554 85.13491 85.13849 84.96983 84.91186 84.89603 84.85291 84.83649 84.77694 84.68014 84.65391 84.58809 84.41903 84.24957 84.24760 84.25631 84.26746 84.28331 84.35077 84.80951 84.85154 84.89520 84.92300 84.92417 84.92377 84.95237 84.95237"/>
<polygon color="rgb(220,220,220)" opacity="100" xc="5.11946 5.17991 5.19638 5.20602 5.21028 5.17648 5.16195 5.11069 5.02435 5.00086 4.97120 4.95769 4.92437 4.78375 4.70685 4.65405 4.66558 4.76066 4.90600 4.93889 5.08120 5.09980 5.11946 5.11946" yc="84.52734 84.56029 84.58214 84.64126 84.70951 85.01903 85.06903 85.21506 85.28014 85.30554 85.36749 85.37063 85.36029 85.27934 85.23251 84.98611 84.94006 84.81586 84.63211 84.60631 84.53014 84.52417 84.52734 84.52734"/>
<polygon color="rgb(220,220,220)" opacity="100" xc="104.35512 104.30032 104.09145 103.93291 103.77606 103.52222 103.40512 103.08291 102.96238 102.86751 102.60043 102.54317 102.34574 102.31965 102.23845 102.12948 101.60171 101.49357 101.32982 101.22522 101.18932 100.84295 100.81111 100.76988 100.74998 100.89488 100.94445 101.06625 101.51451 101.66411 101.72009 101.78163 101.97777 102.04488 102.13012 102.12480 102.19529 102.25043 102.30569 102.43546 102.48120 102.65417 102.69551 102.72182 102.75471 102.93248 103.15898 103.41197 103.49829 104.04914 104.31454 104.57757 104.92906 105.02222 105.07351 105.13109 104.88697 104.79402 104.54914 104.47329 104.35512 104.35512" yc="84.00314 84.03291 84.24840 84.42063 84.57143 84.74520 84.78966 84.96189 85.04046 85.08806 85.18251 85.20077 85.25871 85.25951 85.26663 85.28331 85.42300 85.49840 85.56326 85.57220 85.56666 85.43609 85.41666 85.36903 85.31746 85.14760 85.11309 85.07854 84.86426 84.78411 84.74046 84.68331 84.47537 84.39683 84.23786 84.16446 83.99046 83.94206 83.91537 83.85951 83.83966 83.75334 83.68929 83.65791 83.63094 83.51226 83.42537 83.33094 83.29917 83.14046 83.07143 83.05554 83.08014 83.13171 83.17457 83.26923 83.74440 83.85197 83.97043 83.96249 84.00314 84.00314"/>
<polygon color="rgb(220,220,220)" opacity="100" xc="7.80900 7.84957 7.82263 7.80003 7.71795 7.72094 7.70514 7.63120 7.59338 7.59231 7.69145 7.74060 7.80900 7.80900" yc="85.88171 85.93569 86.11823 86.19600 86.35871 86.22617 86.19523 86.08726 86.04600 86.01546 85.87617 85.81666 85.88171 85.88171"/>
<polygon color="rgb(220,220,220)" opacity="100" xc="7.45557 7.40514 7.44529 7.43505 7.31560 7.29378 7.21412 7.16923 7.16071 7.15532 7.15512 7.16923 7.19892 7.25895 7.36280 7.37349 7.40643 7.43300 7.45557 7.45557" yc="85.72420 86.11903 86.27260 86.32460 86.54126 86.55357 86.51823 86.48251 86.46829 86.45634 86.40711 86.29443 86.11346 86.03806 85.91426 85.84286 85.72617 85.66386 85.72420 85.72420"/>
<polygon color="rgb(220,220,220)" opacity="100" xc="8.07126 8.06668 7.96666 7.88335 7.84828 7.83591 7.81434 7.74486 7.74915 7.78591 7.90598 7.95545 7.98503 8.07126 8.07126" yc="86.17237 86.22380 86.39920 86.52777 86.55394 86.56906 86.56589 86.42657 86.38966 86.30791 86.10394 86.03709 86.03609 86.17237 86.17237"/>
<polygon color="rgb(220,220,220)" opacity="100" xc="8.21409 8.22137 8.21922 8.21495 8.19915 8.17951 8.16071 8.11240 8.11114 8.08805 8.03183 8.00983 8.14852 8.21409 8.21409" yc="86.30454 86.37537 86.42220 86.45911 86.49800 86.52380 86.54126 86.56906 86.57340 86.57337 86.49560 86.36306 86.17060 86.30454 86.30454"/>
<polygon color="rgb(220,220,220)" opacity="100" xc="7.43760 7.35938 7.32823 7.27220 7.26195 7.24315 7.08122 7.07734 7.09466 7.11965 7.14443 7.17682 7.20032 7.28034 7.36335 7.45212 7.47735 7.45769 7.47306 7.48994 7.51326 7.61477 7.61752 7.61368 7.59786 7.43760 7.43760" yc="86.78411 86.87060 86.90237 86.94603 86.95591 86.95394 86.66903 86.61706 86.54860 86.54126 86.54366 86.57460 86.61923 86.63929 86.61506 86.39760 86.16980 86.08331 86.06229 86.06980 86.10474 86.26306 86.30791 86.35474 86.40157 86.78411 86.78411"/>
<polygon color="rgb(220,220,220)" opacity="100" xc="7.03675 7.07945 7.09872 7.17394 7.18291 7.16451 7.12823 7.12180 7.11411 6.97178 6.95769 6.89443 6.88142 6.98055 7.03675 7.03675" yc="86.73014 86.75474 86.77060 86.90477 86.94800 86.97617 87.01189 87.01666 87.02657 86.93926 86.92617 86.82937 86.80077 86.71386 86.73014 86.73014"/>
<polygon color="rgb(220,220,220)" opacity="100" xc="5.80740 5.71878 5.71366 5.56754 5.40215 5.34357 5.32008 5.29698 5.27008 5.22435 5.19400 5.22435 5.24915 5.40600 5.61452 5.63631 5.67865 5.80740 5.80740" yc="87.31089 87.42140 87.42380 87.35634 87.29520 87.28251 87.28411 87.28174 87.27540 87.25634 87.23966 87.21506 87.20394 87.18729 87.20077 87.20474 87.22380 87.31089 87.31089"/>
<polygon color="rgb(220,220,220)" opacity="100" xc="4.80537 4.78417 4.47669 4.44745 4.41626 4.39540 4.41945 4.45855 4.52566 4.54958 4.58312 4.74998 4.76540 4.87040 4.80537 4.80537" yc="87.61346 87.62060 87.62697 87.61506 87.58329 87.52954 87.50791 87.50711 87.52140 87.53569 87.54046 87.46746 87.46823 87.50989 87.61346 87.61346"/>
<polygon color="rgb(220,220,220)" opacity="100" xc="114.51582 114.53162 114.57692 114.59615 114.66625 114.68857 114.67906 114.43206 114.41988 114.38345 114.48548 114.51582 114.51582" yc="87.71349 87.72100 87.75951 87.77931 87.95474 87.97657 88.01189 87.97537 87.95434 87.78311 87.71109 87.71349 87.71349"/>
<polygon color="rgb(220,220,220)" opacity="100" xc="5.75685 5.72222 5.56006 5.48120 5.31411 5.20578 5.22672 5.25512 5.27989 5.44103 5.73888 5.75618 5.76452 5.88122 5.80085 5.78718 5.76623 5.76660 5.75685 5.75685" yc="88.06883 88.08094 88.02060 87.95394 87.78886 87.61466 87.58766 87.57220 87.56666 87.54760 87.58211 87.59797 87.71329 87.84800 88.00949 88.03171 88.05634 88.05409 88.06883 88.06883"/>
<polygon color="rgb(220,220,220)" opacity="100" xc="5.02866 5.28140 5.24829 5.18055 5.16002 4.79274 4.76366 4.82349 4.84102 4.91154 4.92649 5.02866 5.02866" yc="87.91980 88.00197 88.06109 88.12537 88.13451 88.08491 88.06863 87.96983 87.95077 87.91426 87.91109 87.91980 87.91980"/>
<polygon color="rgb(220,220,220)" opacity="100" xc="4.26626 4.07008 3.90897 3.85897 3.82928 3.57309 3.33334 3.25728 3.20918 2.99528 2.91242 2.53462 2.44112 2.45085 2.49957 2.58546 2.73208 2.87132 2.99782 3.69814 3.67648 3.63931 3.59612 3.51258 3.44658 3.39445 3.30086 3.27042 3.55172 3.72049 3.97392 3.93291 3.85929 3.77306 3.74412 3.78589 3.82606 3.86668 3.92372 3.92777 3.89798 3.84403 3.79571 3.73248 3.53205 3.45128 3.19488 3.10918 3.15320 3.18997 3.22820 3.27683 3.38185 3.40171 3.33418 3.27137 3.22725 3.23932 3.41323 3.64191 3.77223 3.89146 3.92008 3.96414 4.02266 4.09615 4.18792 4.19914 4.37178 4.41495 4.34702 4.33355 4.33848 4.24766 4.27009 4.33612 4.42032 4.62437 4.70855 4.80600 4.85534 4.91625 5.10812 5.18418 5.24977 5.48506 5.62946 5.70662 5.78398 5.83163 5.98952 6.01571 5.94742 5.80938 5.71580 5.61411 5.57565 5.53205 5.43697 5.28012 5.26377 5.32971 5.44018 5.44743 5.59188 5.74785 5.80683 5.96923 6.03888 6.05683 6.08803 6.15311 6.20908 6.20960 6.23505 6.30823 6.23398 6.19103 6.13054 6.12009 6.20209 6.35985 6.46668 6.49317 6.53717 6.58332 6.67009 6.75454 6.70854 6.62608 6.55685 6.51066 6.53675 6.91580 6.97585 7.19531 7.34072 7.37777 7.49702 7.58589 7.75940 7.78932 7.85255 7.87951 7.95577 7.97372 7.97349 7.96474 7.98923 8.00468 8.03002 7.93334 7.83717 7.66582 7.40812 7.53611 7.59615 7.64788 7.81154 7.96882 8.00769 8.05363 8.12178 8.17138 8.29315 8.57906 8.82517 9.26755 9.35366 9.52115 9.58589 9.67008 9.84871 9.87180 9.92329 9.94317 9.97948 10.06195 10.12320 10.21495 10.26388 10.31848 10.34222 10.31774 10.23225 10.14220 10.05818 10.03589 9.98546 9.90043 9.90108 9.86623 9.71218 9.60160 9.61398 9.52265 9.31840 9.04318 8.82948 8.41946 8.38292 8.33931 8.01626 7.94912 7.91283 7.82092 7.85940 7.84912 7.70298 7.51968 7.43291 7.36602 7.34745 7.25086 7.18332 7.13420 7.11111 7.08674 7.05383 7.03505 7.02566 6.99017 6.83634 6.80000 6.43545 6.24895 6.20108 6.11517 6.08291 6.04745 5.91582 5.82606 5.64954 5.60642 5.55255 5.39403 5.28632 5.18206 5.05642 4.96582 4.83889 4.65342 4.26626 4.26626" yc="87.53174 87.64600 87.76663 87.89006 87.92380 88.05000 88.15474 88.18729 88.20511 88.20551 88.17300 88.00197 87.91683 87.82537 87.65314 87.45314 87.23171 87.07060 86.99054 87.27229 87.33094 87.36586 87.37537 87.38489 87.37300 87.38529 87.45237 87.49026 87.44760 87.41109 87.37031 87.34760 87.33371 87.25714 87.16626 87.09126 87.04046 86.96426 86.81229 86.77934 86.79483 86.86426 86.97140 87.09126 87.11983 87.10394 87.03351 86.69957 86.63809 86.61823 86.63729 86.67774 86.62737 86.34917 86.21863 86.13649 86.08589 86.02517 85.95474 86.08569 86.08649 85.97257 85.91349 85.83491 85.79243 85.80594 85.87677 85.99760 85.98966 85.95634 85.89443 85.83251 85.77537 85.61603 85.54363 85.40911 85.29889 85.30077 85.32220 85.35234 85.37954 85.45471 85.36823 85.12857 84.86506 84.75234 84.71031 84.72457 84.76269 84.78251 84.79483 84.74383 84.71429 84.68729 84.66983 84.65671 84.67060 84.67934 84.67457 84.51546 84.03449 83.92597 83.94720 84.00551 84.00474 83.96980 84.02934 84.06586 83.96983 83.84640 83.80514 83.78034 83.87063 83.93014 83.98729 84.06523 83.75514 83.69820 83.67557 83.61586 83.50651 83.64126 83.74363 83.54760 83.28311 83.30791 83.39997 83.44937 83.32854 83.22457 83.15871 83.13886 83.01506 82.62577 82.62023 82.75791 82.71980 82.74086 82.83171 82.81266 82.80631 82.82297 82.88311 82.92934 83.19283 83.30117 83.38094 83.48689 83.53031 83.47380 83.25551 82.90217 82.77217 82.63014 82.28131 82.07100 82.04286 82.02540 81.94283 81.85911 81.79997 81.73889 81.67614 81.65237 81.60157 81.47697 81.33966 81.09126 81.04323 81.01149 81.03251 80.99440 80.89046 80.86029 80.87714 80.96666 81.07060 81.17694 81.21943 81.13491 81.13769 81.17734 81.29203 81.37934 81.54800 81.94857 81.94569 81.80474 81.67854 82.14206 82.24006 82.38849 82.58649 82.80831 82.96149 83.18809 83.46031 83.62934 83.75791 83.92020 83.93726 83.96429 84.18331 84.31666 84.39166 84.66189 84.75631 84.94760 85.10951 85.33809 85.46506 85.63231 85.76626 85.94680 86.03966 86.10871 86.22777 86.33014 86.46189 86.53571 86.59860 86.64760 86.74720 86.75951 86.79440 86.81029 86.83411 86.92817 86.94997 86.96743 87.02694 87.05037 87.08806 87.09523 87.09203 87.09123 87.09600 87.15157 87.22774 87.27220 87.29840 87.36269 87.53174 87.53174"/>
<polygon color="rgb(220,220,220)" opacity="100" xc="114.02735 114.02094 114.07372 114.09572 113.99518 113.93334 113.90726 113.83868 113.67608 113.42865 113.13578 113.05768 112.89168 112.79615 112.71175 112.62478 112.60043 112.63338 112.48291 112.42820 112.36197 112.41966 112.45748 112.41925 112.33377 112.19615 112.17009 112.06858 111.94317 111.80063 111.72522 111.88240 112.04317 112.07478 112.05663 111.99315 111.94358 111.88274 111.84729 111.78205 111.74155 111.61752 111.54680 111.52094 111.50460 111.47180 111.33589 111.27522 111.03205 110.92309 110.87565 110.84658 110.85620 110.96960 111.09402 111.22511 111.15854 110.98238 110.91054 110.81368 110.77178 110.73975 110.71069 110.53077 110.47309 110.43098 110.39702 110.40257 110.45512 110.68603 110.71795 110.76085 110.87191 110.76994 110.72275 110.67826 110.63100 110.68120 110.86143 110.91517 110.95257 110.89583 110.69315 110.63572 110.58900 110.54700 110.56111 110.61026 110.70278 110.74077 110.82052 110.87777 110.92965 110.86368 110.82863 110.77522 110.67725 110.62842 110.54811 110.49489 110.39914 110.30491 110.21498 110.24158 110.23012 110.15620 109.99551 109.98974 109.93868 109.81795 109.75685 109.72286 109.73535 109.72309 109.69040 109.65086 109.39592 109.31155 109.29658 109.31817 109.36497 109.39829 109.42478 109.46197 109.51538 109.58174 109.52969 109.49402 109.37094 109.18868 109.15342 109.10620 109.01923 108.90385 108.87565 108.83851 108.93420 109.00555 109.04786 109.07906 109.21688 109.25577 109.30043 109.33632 109.44998 109.51923 109.58185 109.64275 109.71132 109.89315 110.12265 110.12563 110.06603 110.03505 109.85311 109.91902 109.96538 110.00155 109.90406 109.85642 109.73280 109.70715 109.61538 109.29531 109.19915 109.15769 109.09017 108.89445 108.86368 108.82649 108.82094 108.73911 108.66838 108.63868 108.60985 108.66282 108.72671 108.76346 108.75471 108.76389 108.98163 109.03505 109.06482 109.11282 109.32692 109.40065 109.44315 109.58291 109.70685 110.21625 110.72009 110.95000 111.10855 111.29572 111.49103 111.99274 112.05642 112.08868 112.11966 112.15898 112.29935 112.36817 112.42394 112.45812 112.55257 112.65428 112.85160 112.89915 113.00469 113.16452 113.21432 113.29486 113.55769 113.59615 113.56112 113.66409 113.75406 113.71645 113.76965 114.02606 114.07040 114.09937 114.12692 114.20160 114.23909 114.15469 114.13077 114.10342 114.05169 114.00683 113.98142 113.97928 114.06794 114.10512 114.14658 114.19274 114.22606 114.30128 114.37682 114.40898 114.01538 113.93548 113.77777 113.66111 113.58958 113.67234 113.86495 114.01197 114.11666 114.19529 114.23717 114.17094 114.10512 113.96863 114.16111 114.37820 114.42308 114.48034 114.52083 114.57522 114.61197 114.71838 114.75205 114.76882 114.78505 114.76091 114.71700 114.67308 114.67180 114.72308 114.81463 114.84808 114.98034 115.18428 115.33525 115.35162 115.47468 115.45855 115.36803 115.33515 115.44328 115.62223 115.62863 115.62500 115.58760 115.45940 115.32265 115.26195 115.22435 115.11411 115.07351 114.97863 114.94454 114.93162 114.87778 114.62991 114.49188 114.33483 114.27757 114.24274 114.19702 114.04872 114.02008 113.91923 113.89745 113.87442 113.89829 113.93997 113.97029 114.08334 114.14872 114.32351 114.41452 114.66891 114.78142 114.83332 114.98675 115.02308 115.08718 115.15065 115.23034 115.28055 115.30214 115.31848 115.41452 115.60555 115.70523 115.69486 115.66303 115.80985 115.84572 115.96709 115.99274 116.03248 116.05598 116.09892 116.14058 116.25277 116.28472 116.16923 116.10897 116.06154 115.99914 115.98492 116.13205 116.18837 116.20215 116.25343 116.40343 116.52435 116.58474 116.62126 116.87180 116.91795 116.94788 117.08332 117.09914 117.08974 117.07649 117.10855 117.12692 117.11111 117.03803 116.97735 116.93248 116.82051 116.78077 116.74614 116.72008 116.67565 116.62309 116.62094 116.63558 116.77351 116.84103 117.00642 117.08589 117.19529 117.37906 117.46709 117.55172 117.62286 117.57265 117.48055 117.54658 117.47777 117.46474 117.47137 117.48462 117.51646 117.58248 117.65086 117.75768 117.80555 117.82992 117.87051 117.91068 117.97608 118.14369 118.20748 118.31282 118.55897 118.56495 118.56966 118.60002 118.63974 118.68802 118.70171 118.69957 118.69274 118.74060 118.78845 118.89531 118.99488 119.03718 119.05022 118.98803 118.91945 118.80049 118.70685 118.70918 118.69872 118.62008 118.59509 118.53589 118.46922 118.44145 118.36026 118.33375 118.27917 118.19145 118.05897 118.05417 118.09102 118.12138 118.15128 118.18312 118.21752 118.34486 118.37009 118.37074 118.57178 118.60342 118.65214 118.71592 118.63995 118.61197 118.57926 118.52606 118.50043 118.46623 118.38825 118.30694 118.19915 118.03932 118.01409 117.99060 117.79231 117.75214 117.69722 117.62906 117.62275 117.49060 117.29186 117.17308 117.15300 117.15000 117.19145 117.23472 117.32649 117.34829 117.50642 117.52798 117.46120 117.43272 117.39478 117.25106 117.06194 117.09978 117.16240 117.23162 117.28717 117.32777 117.39728 117.34445 117.27649 117.24103 117.19445 117.06206 117.00814 117.01945 117.08163 117.36838 117.40642 117.43782 117.49808 117.86325 117.93077 118.06035 118.14125 118.31155 118.34529 118.37865 118.48120 118.49680 118.42926 118.35075 118.22478 118.12094 117.99018 117.93548 117.79872 117.74691 117.70983 117.64017 117.59658 117.55685 117.60300 117.57735 117.55940 117.49028 117.42392 117.29789 117.30865 117.31325 117.23675 117.07969 117.04808 116.99840 117.02949 117.25555 117.34018 117.42778 117.45812 117.52740 117.29358 117.14222 117.09851 117.05566 117.14957 117.19294 117.23718 117.13355 117.09894 117.04177 116.99915 117.02735 117.08632 117.12651 117.16112 117.22842 117.19231 117.11452 117.07820 117.04572 116.77522 116.89017 116.96240 117.21068 117.22522 117.27649 117.32057 117.25342 117.22394 117.36197 117.44317 117.55214 117.70983 117.67522 117.42565 117.26923 117.04615 116.85342 116.70748 116.68526 116.67072 116.64189 116.54017 116.42265 116.35674 116.30705 116.28740 116.30128 116.18222 116.17949 116.22992 116.25940 116.19274 116.11069 116.03118 115.93440 115.91817 115.87735 115.71580 115.65983 115.39957 115.36880 115.26517 115.25983 115.15685 114.95331 114.95555 114.85300 114.79488 114.89188 114.91154 114.88071 114.82137 114.90000 114.92862 115.02822 115.19275 115.19488 115.16720 114.98248 114.91452 114.90705 114.96698 114.90937 114.89957 114.86752 114.86803 114.87238 114.84726 114.81005 114.71388 114.62137 114.57265 114.56689 114.52132 114.50342 114.51325 114.58055 114.54123 114.47822 114.40469 114.39872 114.35683 114.27148 114.18589 114.11111 114.03889 113.97377 113.90300 113.84231 113.81111 113.74146 113.65300 113.72308 113.79188 113.89015 113.93778 114.03034 114.10257 114.00940 113.90642 113.77308 113.65512 113.66880 113.86752 114.08760 114.37051 114.59786 114.62735 114.66134 114.67532 114.62815 114.57351 114.53846 114.48120 114.22991 114.09808 114.08045 114.02906 113.99894 113.94062 113.83846 113.74445 113.65749 113.60449 113.51560 113.48034 113.34272 113.25149 113.21198 113.18163 113.12158 112.98248 112.92522 112.80342 112.75000 112.71452 112.69358 112.67222 112.64189 112.57435 112.54914 112.54017 112.58911 112.64188 112.63998 112.58308 112.45334 112.51252 112.57246 112.67717 112.72822 112.64978 112.66538 112.70298 112.86880 112.99103 113.06625 113.13462 113.19280 113.34828 113.44829 113.59488 113.63305 113.60428 113.58077 113.61666 113.67083 113.65908 113.64488 113.69534 113.74017 113.84700 114.06282 114.14529 114.15983 114.22457 114.25534 114.27822 114.28505 114.20769 114.08525 113.90855 113.85760 113.82731 113.80683 113.69786 113.72009 113.79915 114.12222 114.30342 114.44038 114.60298 114.62734 114.68548 114.75882 114.67906 114.59102 114.54231 114.48302 114.41795 114.37949 114.27031 114.25192 114.33291 114.39338 114.31625 114.02735 114.02735" yc="89.98571 90.15949 90.27894 90.34680 90.36149 90.30394 90.26823 90.19800 90.06823 89.91903 89.75551 89.72060 89.62180 89.54123 89.42677 89.25711 89.09600 89.01040 88.75117 88.71823 88.69523 88.68171 88.64660 88.33091 88.19520 87.98251 87.94443 87.86743 87.79203 87.74800 87.67934 87.54489 87.49997 87.49640 87.44760 87.41743 87.41546 87.43269 87.45363 87.45000 87.40889 87.10317 86.89920 86.80634 86.70037 86.56666 86.12777 85.95474 85.27297 85.03489 84.90711 84.75634 84.58649 84.38994 84.28809 84.18291 84.15317 84.30251 84.36669 84.44283 84.45474 84.43966 84.41389 84.19046 84.08409 83.98966 83.72063 83.66369 83.55037 83.49394 83.49751 83.52323 83.53849 83.40271 83.38786 83.39217 83.31786 83.27143 83.27380 83.30197 83.32577 83.21863 83.20077 83.20911 83.22206 83.20551 83.09363 82.95354 82.83489 82.80851 82.78886 82.79680 82.79223 82.73809 82.73331 82.74680 82.78906 82.82497 82.97640 83.03777 83.05794 83.05906 83.03903 83.14343 83.28014 83.22694 82.84660 82.71266 82.48489 82.22774 82.12300 81.93451 81.84026 81.74840 81.65711 81.61069 81.57577 81.71743 81.76983 81.85194 81.92774 81.97377 82.00474 82.04286 82.10234 82.21029 82.18531 82.14523 82.00551 81.83809 81.81586 81.79363 81.71109 81.56506 81.50314 81.35046 81.36506 81.40871 81.43171 81.44720 81.48926 81.46706 81.45949 81.46269 81.48171 81.49680 81.52537 81.55951 81.58271 81.53889 81.45157 81.39046 81.26506 81.22854 81.15591 81.23529 81.25989 81.28480 81.25949 81.21980 81.04640 80.94523 80.82143 80.42854 80.33254 80.30831 80.25791 80.08331 80.04957 79.99837 79.95751 79.80891 79.78571 79.77023 79.69780 79.57934 79.46229 79.23014 79.04640 78.89046 78.74760 78.73014 78.74654 78.77617 78.82854 78.83806 78.82617 78.83251 78.85394 78.99203 79.12894 79.00394 78.93569 78.86586 78.94520 78.83729 78.79920 78.77023 78.75394 78.76029 78.81169 78.78969 78.74917 78.72140 78.63251 78.66269 78.81069 78.89523 78.89680 78.87380 78.86169 78.86666 78.93489 78.96029 79.08649 79.31546 79.36109 79.25237 79.14123 79.35949 79.42063 79.56626 79.67697 79.86189 79.79403 79.42617 79.34997 79.26426 79.18251 79.13331 79.09203 79.01646 78.91506 78.90829 78.92694 78.96666 78.99483 79.04283 79.07677 79.06586 78.79523 78.74760 78.67220 78.62617 78.57617 78.46666 78.57300 78.67617 78.76109 78.79920 78.81506 78.71743 78.62060 78.41437 78.55077 78.55791 78.46746 78.28174 78.38311 78.44126 78.43886 78.47537 78.53031 78.61349 78.81823 78.91606 78.94620 78.89620 78.98054 79.16863 79.21603 79.16386 79.00154 78.89654 79.08926 79.16683 79.36466 79.27854 79.01791 78.93451 78.85074 78.95394 78.81029 78.74323 78.69680 78.58571 78.52854 78.51703 78.52537 78.46346 78.41743 78.28391 78.03271 77.92220 77.83569 77.53014 77.46269 77.40711 77.43889 77.44126 77.43609 77.34560 77.30314 77.13254 77.08966 76.99789 76.88569 76.84600 76.82460 76.77060 76.74443 76.73809 76.76506 76.80017 76.75951 76.78331 76.88649 76.93091 77.09997 77.17180 77.29917 77.39363 77.57380 77.76606 77.95871 78.25871 78.33889 78.24640 78.18886 78.14800 78.16506 78.25711 78.29123 78.35394 78.39997 78.49720 78.60951 78.83529 78.84423 78.53251 78.40631 78.32537 78.22994 78.15671 78.20314 78.28111 78.40474 78.58731 78.91903 79.18649 79.33134 79.54640 79.41903 79.36823 79.30791 78.87934 78.79126 78.64203 78.53174 78.37377 78.29363 78.14603 78.00991 77.99920 77.90077 77.51743 77.36983 77.25634 77.17857 77.09126 76.82420 76.75000 76.63391 76.56983 76.55714 76.73969 76.85711 77.01903 77.29443 77.44363 77.58886 77.45831 77.38649 77.12140 76.98489 76.65077 76.56943 76.30514 76.23091 76.11763 76.04423 76.04997 76.16506 76.24917 76.28809 76.34680 76.39206 76.27060 76.08669 76.05671 76.11426 76.56309 76.64443 76.71903 76.89046 77.06903 77.20711 77.31783 77.54997 77.60474 77.78331 78.02300 78.18571 78.39363 78.54046 78.59563 79.02140 79.29046 79.42191 79.06406 78.98929 78.93409 78.73886 78.70000 78.65949 78.60394 78.57540 78.48566 78.45237 78.33689 78.37537 78.70397 78.88551 78.92140 78.93886 78.96109 78.99680 79.09443 79.57380 79.67617 79.77063 80.21586 80.25214 80.23649 80.28471 80.42657 80.46586 80.48769 80.41666 80.33254 80.24680 80.15077 80.11169 80.15317 80.03809 79.99837 79.95474 79.53649 79.44760 79.25000 78.81506 78.68869 78.69523 78.88569 79.14123 79.31586 79.38649 79.41429 79.34660 79.50474 79.55394 79.98846 80.13926 80.10823 80.08537 80.05349 79.99006 80.06520 80.07974 80.06466 80.06189 80.07537 80.09363 80.16734 80.22020 80.20951 80.21031 80.21269 80.24006 80.48966 80.66309 80.65154 80.50237 80.47577 80.46546 80.49480 80.86823 81.02934 81.05971 80.99689 81.15791 81.20711 81.26503 81.56586 81.70811 81.88171 81.99420 81.79600 81.60354 81.67557 81.75474 81.77934 81.62677 81.44920 81.29126 81.25474 81.22297 81.35631 81.44920 81.50077 81.54343 81.52617 81.43789 81.46586 81.59600 81.62063 81.60751 81.57974 81.55217 81.64006 81.78011 81.79837 81.82457 81.84323 81.94560 82.04046 82.01411 81.97231 81.90314 81.90394 81.91983 81.94303 81.83291 81.80751 81.78509 81.91666 82.03980 82.09283 82.14286 82.19126 82.31506 82.37260 82.39126 82.39443 82.38569 82.32060 82.38094 82.42220 82.68251 82.79440 82.82694 82.85820 82.88889 82.92063 82.94046 82.94917 82.96626 83.48726 83.64920 83.83729 83.98886 84.13649 84.22891 84.13014 84.03051 83.94520 83.91703 83.99283 84.06823 84.05614 83.95771 83.85871 83.80017 83.61437 83.89126 84.07934 84.19523 84.38569 84.37697 84.27060 84.06706 84.01229 83.94283 83.68769 83.62974 83.66943 83.78251 83.86386 83.66823 83.59997 83.42131 83.16783 83.02220 82.97380 83.10157 83.14880 83.29383 83.30731 83.47694 83.50394 83.57814 84.18649 84.27697 84.40951 84.40317 84.38411 84.24649 84.01569 83.87529 83.75554 83.86863 83.96617 84.04711 84.19474 84.29563 84.27140 84.15394 84.07417 83.99500 83.90909 83.93331 84.02617 84.24083 84.24403 84.17854 84.04680 83.98906 83.95294 84.19977 84.31506 84.35474 84.33489 84.30711 84.27471 84.23729 84.18014 84.10711 84.07100 84.24840 84.30474 84.37603 84.40020 84.52854 84.81900 84.89757 84.85554 84.76626 84.60951 84.68569 84.99126 85.10951 85.27934 85.45394 85.47777 85.53014 85.59917 85.73517 85.71506 85.66783 85.61189 85.49603 85.64103 85.70117 85.78571 85.80831 85.81826 85.80394 85.98251 86.15571 86.14086 86.04680 86.00077 85.79283 85.56029 85.45634 85.40157 85.41229 85.26349 85.17694 84.95317 84.84680 84.76269 84.71189 84.66109 84.59997 84.46506 84.42300 84.41269 84.54840 84.83094 84.94640 84.97740 84.99291 85.07889 85.10000 85.24934 85.47457 85.49263 85.60631 85.77934 86.01823 86.19283 86.31149 86.49206 86.68014 86.98966 87.15080 87.47934 87.62989 87.68809 88.15951 88.25434 88.27834 88.18171 87.90257 87.79120 87.78409 87.96746 88.40711 88.59760 88.68331 88.73171 88.79166 88.92300 89.08271 89.18689 89.22497 89.13569 89.07591 89.17809 89.25237 89.48094 89.62577 89.65314 89.57380 89.50871 89.43669 89.60951 89.65077 89.87220 90.18420 90.26349 90.29206 90.24283 90.17477 90.19323 90.25871 90.23649 90.15691 90.00000 89.95314 89.94600 89.98571 89.98571"/>
<polygon color="rgb(220,220,220)" opacity="100" xc="3.20857 3.22392 3.26978 3.27137 3.22220 3.20000 3.19017 3.17268 3.15125 3.12692 3.10171 3.08460 3.07992 3.07926 3.06282 2.86705 2.84934 2.84208 2.84057 2.95620 2.97649 3.19315 3.20857 3.20857" yc="89.74520 89.75631 89.84700 89.89840 90.17060 90.28729 90.31109 90.34837 90.38251 90.43409 90.52140 90.58649 90.60474 90.62100 90.63529 90.46189 90.43011 90.39997 90.29643 89.92177 89.89757 89.74363 89.74520 89.74520"/>
<polygon color="rgb(220,220,220)" opacity="100" xc="2.99400 3.02180 3.05255 3.06408 3.14657 3.15169 3.15197 3.14229 3.10258 3.08334 2.98334 2.91115 2.84911 2.80338 2.74232 2.73503 2.68651 2.87071 2.89274 2.99400 2.99400" yc="90.72460 90.74523 90.77697 90.80117 91.37457 91.51586 91.56260 91.58409 91.60554 91.60791 91.58966 91.57617 91.53411 91.45237 91.32220 91.29520 91.05434 90.70077 90.69046 90.72460 90.72460"/>
<polygon color="rgb(220,220,220)" opacity="100" xc="78.07263 78.05595 78.04082 78.00426 77.93548 77.87094 77.85128 77.83248 77.63334 77.58803 77.56111 77.54443 77.52886 77.50920 77.48974 77.45823 77.50835 77.52606 77.55085 77.58075 77.69060 77.76837 77.80235 77.87500 77.89617 77.96965 78.07263 78.07263" yc="91.63251 91.66823 91.68329 91.69123 91.74126 91.68809 91.64920 91.63411 91.49520 91.47143 91.46506 91.46746 91.48014 91.49760 91.48529 91.39403 91.19997 91.18729 91.20791 91.24243 91.26426 91.26349 91.25037 91.24523 91.25829 91.34283 91.63251 91.63251"/>
<polygon color="rgb(220,220,220)" opacity="100" xc="-1.56965 -1.54574 -1.52691 -1.55302 -1.65725 -1.66711 -1.69528 -1.71282 -1.72692 -1.73288 -1.73415 -1.72391 -1.69486 -1.68462 -1.65254 -1.61326 -1.58932 -1.56965 -1.56965" yc="91.26703 91.44523 91.60234 91.72223 91.85791 91.86109 91.86266 91.85594 91.78489 91.73411 91.70154 91.58729 91.43651 91.39997 91.34440 91.28969 91.26543 91.26703 91.26703"/>
<polygon color="rgb(220,220,220)" opacity="100" xc="3.13417 3.16091 3.24380 3.26134 3.24445 3.05255 3.02820 2.91242 2.89575 2.91174 2.93251 2.95940 2.98118 2.99828 3.13417 3.13417" yc="91.64203 91.64997 91.79720 91.91269 91.91903 91.89917 91.89511 91.86426 91.84443 91.72220 91.68729 91.65714 91.64286 91.64049 91.64203 91.64203"/>
<polygon color="rgb(220,220,220)" opacity="100" xc="2.75534 2.84443 2.84997 2.84166 2.83288 2.83782 2.84911 2.85105 2.83438 2.78762 2.72011 2.70449 2.68798 2.62628 2.62906 2.68757 2.70388 2.73718 2.75534 2.75534" yc="91.47777 91.66031 91.69363 91.73211 91.77060 91.87537 91.95237 91.96823 91.98846 91.98174 91.96426 91.94880 91.91823 91.76069 91.71980 91.48489 91.47340 91.46983 91.47777 91.47777"/>
<polygon color="rgb(220,220,220)" opacity="100" xc="2.61540 2.72408 2.61963 2.54574 2.52822 2.50195 2.49468 2.50302 2.51538 2.59442 2.60300 2.61540 2.61540" yc="91.81031 92.04391 92.10631 92.11029 92.10234 92.07497 92.04840 91.95789 91.89283 91.79917 91.79677 91.81031 91.81031"/>
<polygon color="rgb(220,220,220)" opacity="100" xc="3.19808 3.21454 3.21914 3.15214 3.14058 3.13549 3.11368 3.00938 2.97006 2.83288 2.81771 2.93420 2.94915 2.99358 3.02091 3.17905 3.19808 3.19808" yc="91.93014 91.96109 92.00869 92.22777 92.25000 92.25554 92.27420 92.28886 92.27063 92.16109 92.13489 91.97774 91.96426 91.94443 91.93569 91.92300 91.93014 91.93014"/>
<polygon color="rgb(220,220,220)" opacity="100" xc="2.84315 2.98663 2.98760 2.94575 2.93462 2.93292 2.91969 2.90320 2.79526 2.78588 2.75342 2.79315 2.84315 2.84315" yc="92.23489 92.36663 92.42617 92.56109 92.59523 92.60474 92.62854 92.62854 92.39920 92.37380 92.22517 92.22457 92.23489 92.23489"/>
<polygon color="rgb(220,220,220)" opacity="100" xc="3.50618 3.52608 3.53740 3.53912 3.53249 3.53675 3.55086 3.55854 3.60895 3.69797 3.71848 3.93465 3.96028 4.05855 4.11408 4.14383 4.17051 4.19871 4.23462 4.25812 4.27863 4.29358 4.25426 4.21280 4.05726 3.97266 3.91443 3.90962 3.82563 3.71323 3.60771 3.56795 3.53848 3.46262 3.40128 3.38846 3.35771 3.34103 3.30555 3.27137 3.25983 3.22989 3.22906 3.23165 3.24122 3.25706 3.27565 3.50618 3.50618" yc="91.36746 91.39523 91.43331 91.47023 91.51109 91.54603 91.61031 91.64126 91.78251 91.86226 91.92537 92.11309 92.13171 92.18491 92.19443 92.20831 92.22694 92.25317 92.29123 92.32300 92.35951 92.39997 92.61983 92.67417 92.58251 92.52934 92.47557 92.42340 92.30197 92.23174 92.17063 92.16826 92.16346 92.13371 92.06266 92.03966 91.97537 91.93094 91.83251 91.69997 91.65394 91.42697 91.38806 91.35234 91.29640 91.27537 91.27060 91.36746 91.36746"/>
<polygon color="rgb(220,220,220)" opacity="100" xc="2.11114 2.12480 2.13122 2.13337 2.12909 2.12503 2.09698 2.07646 2.03398 1.92305 1.90894 1.90446 1.92565 1.96251 2.04295 2.11114 2.11114" yc="92.30991 92.36269 92.43806 92.46983 92.71029 92.73331 92.76743 92.78409 92.80631 92.77060 92.71266 92.64283 92.48331 92.32180 92.18969 92.30991 92.30991"/>
<polygon color="rgb(220,220,220)" opacity="100" xc="2.35088 2.33892 2.32757 2.30638 2.27392 2.26323 2.25895 2.25342 2.20385 2.18742 1.96198 1.94511 1.83075 1.82680 1.87669 1.91537 2.05671 2.16071 2.28652 2.31669 2.33269 2.35257 2.35983 2.36218 2.35728 2.35088 2.35088" yc="92.83649 92.87617 92.90871 92.98174 93.11823 93.17460 93.20314 93.27777 93.20711 93.12469 93.11903 93.11149 92.97140 92.91823 92.84203 92.82220 92.83409 92.74326 92.66309 92.67140 92.68211 92.71349 92.74043 92.77300 92.80871 92.83649 92.83649"/>
<polygon color="rgb(220,220,220)" opacity="100" xc="-2.25300 -2.24062 -2.21751 -2.21497 -2.22989 -2.25980 -2.25938 -2.27692 -2.55300 -2.59700 -2.63032 -2.49785 -2.47992 -2.46368 -2.44549 -2.25300 -2.25300" yc="93.22140 93.23886 93.38331 93.44086 93.47143 93.51583 93.52380 93.53371 93.51506 93.50434 93.44363 93.16826 93.13171 93.11029 93.10154 93.22140 93.22140"/>
<polygon color="rgb(220,220,220)" opacity="100" xc="2.41494 2.45638 2.48243 2.50965 2.59785 2.63629 2.65317 2.58249 2.52522 2.51883 2.50260 2.48205 2.40288 2.38438 2.40342 2.35814 2.37200 2.39742 2.41494 2.41494" yc="92.48014 92.49046 92.49997 92.51583 92.63966 92.73649 92.83729 93.24206 93.51189 93.54366 93.68889 93.70714 93.58074 93.21109 92.98174 92.54286 92.50037 92.48014 92.48014 92.48014"/>
<polygon color="rgb(220,220,220)" opacity="100" xc="2.67475 2.69466 2.75537 2.80212 2.80640 2.81494 2.80374 2.75288 2.67195 2.57585 2.57992 2.62662 2.63289 2.65106 2.67475 2.67475" yc="93.15554 93.19600 93.43331 93.64600 93.67934 93.76506 93.78551 93.71003 93.67043 93.63926 93.54600 93.31871 93.15871 93.13351 93.15554 93.15554"/>
<polygon color="rgb(220,220,220)" opacity="100" xc="1.59743 1.62095 1.63631 1.65768 1.66368 1.65780 1.62006 1.43675 1.37823 1.20258 1.18291 1.15043 1.12840 1.10874 1.08866 1.12220 1.13332 1.21414 1.36197 1.57140 1.59743 1.59743" yc="92.74123 92.76466 92.80157 92.90077 92.93569 93.15851 93.21823 93.47060 93.54600 93.74046 93.76029 93.78649 93.78966 93.77180 93.61229 93.48331 93.45871 93.28251 93.01903 92.72340 92.74123 92.74123"/>
<polygon color="rgb(220,220,220)" opacity="100" xc="2.30235 2.37842 2.38332 2.35365 2.32502 2.30943 2.29826 2.28908 2.25595 2.25385 2.24614 2.27646 2.28568 2.30235 2.30235" yc="93.26943 93.65634 93.72934 93.85951 93.90551 93.91666 93.92300 93.89760 93.62617 93.59443 93.43806 93.29997 93.26626 93.26943 93.26943"/>
<polygon color="rgb(220,220,220)" opacity="100" xc="77.16966 77.24123 77.24872 77.23717 77.15982 77.14017 77.12863 77.11157 77.09612 77.07372 77.02649 77.01754 77.01754 77.02928 77.04168 77.06283 77.16966 77.16966" yc="94.52297 94.55634 94.58411 94.61826 94.74443 94.76269 94.76983 94.78014 94.78411 94.78171 94.71466 94.67140 94.63569 94.54840 94.52417 94.51983 94.52297 94.52297"/>
<polygon color="rgb(220,220,220)" opacity="100" xc="0.87309 0.82651 0.80728 0.77780 0.74143 0.70983 0.69698 0.69529 0.70126 0.73546 0.75597 0.80726 0.87820 0.88505 0.89380 1.01371 1.05811 1.08898 1.09229 0.99571 0.87309 0.87309" yc="94.71823 94.79997 94.81863 94.82497 94.81346 94.77617 94.74363 94.71189 94.65911 94.66029 94.65157 94.57697 94.42777 94.40080 94.33094 94.20949 94.19123 94.20551 94.26746 94.49206 94.71823 94.71823"/>
<polygon color="rgb(220,220,220)" opacity="100" xc="75.89062 75.89468 75.73974 75.67780 75.42115 75.31497 75.24955 75.21346 74.92992 74.79978 74.54914 74.28505 74.11368 74.06731 74.01195 73.98334 73.90448 73.76465 73.75706 73.91346 73.96155 74.02865 74.10128 74.13591 74.19614 74.38589 74.48548 74.74274 74.81668 74.94274 74.99700 75.06795 75.16068 75.35385 75.39148 75.50940 75.54017 75.59786 75.68269 75.74486 75.77960 75.83163 75.89062 75.89062" yc="93.56169 93.64126 94.10831 94.21983 94.60354 94.71029 94.79840 94.85791 94.90791 94.92854 94.88331 94.82457 94.80394 94.80037 94.76666 94.73966 94.64006 94.40514 94.34266 94.21189 94.18211 94.15474 94.13251 94.12934 94.11346 94.02060 93.96903 93.89443 93.87457 93.82854 93.80714 93.76306 93.68729 93.57023 93.56029 93.54366 93.53569 93.51743 93.48886 93.45634 93.41603 93.40414 93.56169 93.56169"/>
<polygon color="rgb(220,220,220)" opacity="100" xc="-2.71114 -2.76848 -2.96134 -3.08848 -3.12395 -3.17818 -3.40126 -3.65940 -3.71329 -3.77095 -3.83312 -3.89640 -3.93526 -3.92952 -3.86134 -3.82754 -3.71071 -3.53078 -3.47931 -3.25191 -3.31755 -3.33505 -3.45940 -3.57178 -3.60705 -3.56371 -3.41409 -3.25402 -3.16805 -3.12951 -3.02391 -2.98685 -2.95974 -2.99148 -3.02843 -3.08312 -3.16966 -3.20511 -3.10388 -2.91198 -2.72118 -2.62991 -2.56989 -2.40217 -2.36069 -2.43071 -2.42052 -2.38632 -2.17182 -2.13763 -2.09785 -1.99829 -1.94575 -1.80514 -1.71558 -1.59018 -1.55943 -1.55491 -1.68462 -1.74834 -1.80897 -1.92649 -1.94660 -2.04529 -2.03874 -2.00480 -1.93955 -1.92182 -1.89914 -1.94471 -2.03183 -2.09078 -2.10246 -2.14709 -2.19614 -2.19018 -2.26878 -2.40020 -2.55300 -2.58869 -2.66046 -2.72546 -2.85597 -2.98205 -3.01646 -3.04698 -2.98717 -2.91531 -2.87734 -2.84485 -2.82095 -2.77757 -2.60917 -2.56700 -2.48543 -2.45642 -2.46751 -2.49506 -2.54425 -2.80214 -2.86323 -2.91346 -2.93871 -3.02265 -2.98974 -2.80255 -2.74135 -2.68635 -2.51432 -2.45806 -2.50855 -2.71114 -2.71114" yc="94.84757 95.00394 94.94800 94.84203 94.79997 94.73131 94.69046 94.65551 94.64997 94.65154 94.66386 94.70157 94.70354 94.54880 94.40751 94.37140 94.37697 94.37457 94.37100 94.27123 94.16826 94.08014 94.15374 94.13409 94.10137 94.00634 93.73866 93.56943 93.73251 93.75077 93.68649 93.62617 93.50074 93.53014 93.60197 93.64423 93.58649 93.51386 93.36426 93.09363 92.88094 92.83171 92.80277 92.66191 92.57120 92.53054 92.45949 92.38251 92.05871 92.01663 91.97377 91.85791 91.77060 91.78171 91.90940 91.92220 91.97340 92.05354 92.24603 92.31823 92.33889 92.27580 92.23134 92.25217 92.38269 92.37743 92.41506 92.46426 92.67694 92.68451 92.66466 92.59497 92.52794 92.50414 92.61426 92.74520 92.87023 92.94580 93.09049 93.25674 93.41703 93.47220 93.87457 93.94086 93.92817 93.93609 94.09523 94.11009 94.06506 94.00551 93.95711 93.90077 93.90989 93.93866 94.05791 94.17617 94.23329 94.27140 94.30237 94.40397 94.40020 94.35234 94.30911 94.41826 94.44283 94.49283 94.48729 94.44640 94.38134 94.40226 94.52617 94.84757 94.84757"/>
<polygon color="rgb(220,220,220)" opacity="100" xc="2.14529 2.11586 2.08928 2.07351 2.03825 2.01623 1.98697 1.88415 1.79660 1.77908 1.74786 1.72372 1.69828 1.50426 1.47222 1.43592 1.41091 1.40043 1.41198 1.42782 1.43888 1.44572 1.44785 1.42992 1.42414 1.41157 1.36189 1.35686 1.33592 1.29508 1.28206 1.24915 1.24360 1.25043 1.25302 1.26877 1.28686 1.37565 1.39231 1.43206 1.45255 1.74872 1.67265 1.59914 1.57308 1.55280 1.53117 1.51474 1.52777 1.58889 1.69912 1.77908 1.78675 1.76157 1.73846 1.61263 1.50423 1.41474 1.38568 1.36800 1.35238 1.35089 1.35558 1.36240 1.36798 1.37137 1.41494 1.46494 1.48803 1.53846 1.71003 1.77480 1.87862 1.89914 1.89058 1.87862 1.87540 1.90252 1.91920 2.03312 2.04998 2.08194 2.08928 2.08717 2.08223 2.07177 2.01154 1.92703 1.92266 2.15214 2.16580 2.17568 2.18249 2.16369 2.19689 2.27262 2.27689 2.27948 2.28032 2.27946 2.27605 2.26323 2.25897 2.19058 2.14529 2.14529" yc="94.70077 94.73014 94.74677 94.75074 94.75237 94.75554 94.77774 94.88251 94.97300 94.99443 95.03889 95.07974 95.11151 95.15871 95.15631 95.14523 95.12894 95.10634 95.05077 95.02854 95.00317 94.97617 94.94680 94.66189 94.58889 94.54283 94.48191 94.51189 94.50871 94.49203 94.47457 94.35474 94.31586 94.18729 94.15791 94.10394 94.06426 94.01346 94.00711 94.01109 94.02617 94.39009 94.49443 94.56903 94.57140 94.56149 94.59997 94.66109 94.68094 94.63806 94.52220 94.41189 94.37897 94.35791 94.34837 94.21046 94.01586 93.93291 93.94286 93.93569 93.90314 93.86349 93.80394 93.77697 93.76429 93.75077 93.63569 93.51823 93.48489 93.42060 93.28134 93.29520 93.32614 93.41583 93.44203 93.48966 93.53451 93.73646 93.80949 94.17220 94.19243 94.17694 94.13886 94.04440 94.00277 93.97934 93.87457 93.58014 93.14006 93.16706 93.18254 93.23489 93.30829 93.31189 93.39143 93.96586 93.99920 94.03171 94.07854 94.12460 94.16980 94.31746 94.34600 94.58649 94.70077 94.70077"/>
<polygon color="rgb(220,220,220)" opacity="100" xc="1.29634 1.32858 1.33508 1.31492 1.27905 1.26366 1.23977 1.21708 1.18934 1.18591 1.14528 1.12157 1.03802 1.01925 1.02092 1.02523 1.03591 1.05937 1.09312 1.13929 1.29634 1.29634" yc="94.56586 94.58571 94.61743 94.91903 95.13174 95.16189 95.18726 95.20554 95.21743 95.22537 95.23769 95.22857 94.90314 94.81883 94.72220 94.68569 94.65314 94.61983 94.57697 94.56586 94.56586 94.56586"/>
<polygon color="rgb(220,220,220)" opacity="100" xc="77.01114 77.03997 77.05642 77.05769 76.99700 76.99914 77.00812 76.92351 76.82865 76.81368 76.79380 76.88546 76.90212 77.01114 77.01114" yc="95.04840 95.06189 95.09443 95.12380 95.28094 95.28491 95.33729 95.32774 95.30157 95.28886 95.20791 95.05394 95.04246 95.04840 95.04840"/>
<polygon color="rgb(220,220,220)" opacity="100" xc="114.16878 114.26262 114.24531 114.21966 114.13546 114.03377 114.02606 113.97478 113.95726 113.92992 113.90940 113.88046 113.88974 113.91731 114.15171 114.16878 114.16878" yc="95.40831 95.57934 95.60631 95.62377 95.66823 95.67614 95.67537 95.67377 95.67060 95.65314 95.63569 95.59997 95.55949 95.52063 95.40711 95.40831 95.40831"/>
<polygon color="rgb(220,220,220)" opacity="100" xc="1.62691 1.64912 1.66109 1.69037 1.63269 1.60982 1.57606 1.56242 1.55983 1.55982 1.56072 1.56092 1.53935 1.50983 1.48034 1.46174 1.44794 1.45529 1.41123 1.33160 1.32006 1.31731 1.32475 1.34766 1.36711 1.62691 1.62691" yc="95.19286 95.20474 95.22460 95.38629 95.52063 95.56189 95.63646 95.69046 95.72063 95.75157 95.78014 95.80414 95.82694 95.81506 95.77220 95.73651 95.67991 95.58171 95.51217 95.38251 95.34046 95.29243 95.25711 95.20077 95.18809 95.19286 95.19286"/>
<polygon color="rgb(220,220,220)" opacity="100" xc="0.18183 0.12222 0.10428 0.08592 0.03506 -0.21668 -0.31109 -0.42354 -0.57777 -0.60171 -0.60898 -0.69274 -0.70769 -0.78209 -0.80194 -0.81495 -0.81111 -0.61838 -0.48677 -0.47054 -0.44872 -0.40218 -0.37306 -0.31283 -0.25386 -0.17095 -0.13545 0.10106 0.13502 0.20898 0.36577 0.37945 0.39615 0.41348 0.41669 0.18183 0.18183" yc="95.41426 95.49760 95.51823 95.53886 95.58729 95.79680 95.86823 95.94366 96.03489 96.04840 96.05554 96.09997 96.10714 96.09126 96.06186 95.91586 95.86349 95.65711 95.40554 95.38331 95.37577 95.38491 95.38331 95.36823 95.30951 95.22300 95.11266 94.74283 94.73251 94.72297 94.73966 94.75591 94.79523 94.86031 94.90077 95.41426 95.41426"/>
<polygon color="rgb(220,220,220)" opacity="100" xc="1.40834 1.41134 1.40449 1.39446 1.40343 1.42220 1.55043 1.56455 1.73505 1.80985 1.81538 1.80257 1.72992 1.56415 1.52608 1.47906 1.45771 1.32178 1.30745 1.28932 1.28334 1.28032 1.29615 1.40834 1.40834" yc="95.56943 95.60234 95.62934 95.67417 95.72060 95.75634 95.93411 95.94957 96.17457 96.28726 96.30317 96.32220 96.31266 96.27614 96.26663 96.24680 96.23174 96.13014 96.11586 96.07300 96.03091 95.98251 95.40791 95.56943 95.56943"/>
<polygon color="rgb(220,220,220)" opacity="100" xc="-0.14571 -0.18205 -0.35892 -0.37945 -0.40258 -0.41837 -0.43635 -0.45982 -0.60171 -0.62054 -0.60045 -0.52691 -0.50640 -0.34400 -0.22865 -0.16578 -0.14571 -0.14571" yc="95.90911 96.24083 96.52460 96.54366 96.56111 96.56506 96.56666 96.56269 96.28409 96.23569 96.19997 96.07060 96.05157 95.96663 95.91983 95.90714 95.90911 95.90911"/>
<polygon color="rgb(220,220,220)" opacity="100" xc="0.26348 0.05471 -0.16794 -0.29297 -0.31023 -0.39189 -0.41285 -0.42949 -0.43869 -0.24146 -0.14145 -0.02906 0.02011 0.05600 0.07760 0.10402 0.06515 0.03005 -0.04746 -0.08472 -0.07948 -0.06197 -0.04146 -0.01815 0.00089 0.05620 0.08678 0.11145 0.12669 0.17858 0.19958 0.20002 0.19958 0.18892 0.21795 0.27349 0.30171 0.42180 0.67091 0.75894 0.80942 0.80900 0.84105 0.86965 0.88505 0.74443 0.61965 0.26348 0.26348" yc="96.36029 96.58809 96.81586 96.90117 96.89283 96.82617 96.79560 96.73251 96.67180 96.34677 96.22060 96.15154 96.16743 96.14257 96.13374 96.10731 96.12220 96.12006 96.06503 96.02320 95.98411 95.94680 95.92774 95.92300 95.92774 95.97694 95.99871 96.01537 96.00823 95.94206 95.84443 95.81349 95.76586 95.72857 95.58966 95.43251 95.37814 95.25871 94.87857 94.90474 94.97140 95.11189 95.35949 95.43331 95.46109 95.68011 95.85791 96.36029 96.36029"/>
<polygon color="rgb(220,220,220)" opacity="100" xc="-0.39874 -0.46922 -0.51711 -0.57049 -0.62586 -0.80515 -0.91582 -1.02225 -1.10620 -1.11218 -1.09314 -1.07051 -0.99532 -0.97008 -0.95917 -0.95063 -0.96389 -0.99488 -1.02008 -1.05385 -1.07094 -1.03783 -1.01923 -0.95678 -0.93354 -0.91475 -0.88845 -0.86965 -0.85097 -0.80666 -0.77055 -0.75077 -0.73720 -0.73129 -0.69658 -0.68289 -0.66688 -0.54612 -0.52860 -0.50812 -0.53203 -0.58715 -0.61669 -0.63120 -0.70538 -0.69577 -0.58911 -0.54185 -0.52542 -0.37306 -0.35638 -0.35214 -0.35854 -0.39874 -0.39874" yc="97.15631 97.27220 97.33571 97.39203 97.43174 97.31426 97.21823 97.11111 96.96386 96.91426 96.73609 96.69840 96.66743 96.68569 96.70751 96.74283 96.78609 96.81903 96.83491 96.86266 96.89463 97.02023 97.04046 97.03331 97.02340 97.00314 96.96346 96.93094 96.88251 96.89917 96.88823 96.89157 96.93251 96.97846 97.05157 97.08171 97.09243 97.12380 97.09997 97.04243 97.03291 97.04363 97.04523 97.03131 96.80617 96.75809 96.66189 96.66823 96.67774 96.96109 97.00077 97.04203 97.08191 97.15631 97.15631"/>
<polygon color="rgb(220,220,220)" opacity="100" xc="-4.33503 -4.46669 -4.51185 -4.67074 -4.72222 -4.73931 -4.70558 -4.67798 -4.75852 -4.79445 -4.82778 -4.82803 -4.77317 -4.66028 -4.59145 -4.54528 -4.54402 -4.62735 -4.52755 -4.49274 -4.43438 -4.45523 -4.50194 -4.54637 -4.60245 -4.57308 -4.40606 -4.20894 -3.90982 -3.87822 -3.70078 -3.70903 -3.87554 -4.16226 -4.20598 -4.18462 -4.10771 -3.93088 -3.91714 -4.02991 -4.11669 -4.11412 -4.06969 -4.00874 -3.97092 -3.94658 -3.90258 -3.85686 -3.77242 -3.69128 -3.37052 -3.32138 -3.27897 -3.38289 -3.41985 -3.45643 -3.49306 -3.39155 -3.34060 -3.20511 -3.14811 -3.06109 -3.02115 -2.93637 -2.95043 -2.98397 -2.97563 -2.87775 -2.85129 -2.81494 -2.75622 -2.67523 -2.64743 -2.62305 -2.58418 -2.57354 -2.56409 -2.55960 -2.62969 -2.65812 -2.69958 -2.79658 -2.87349 -3.04548 -3.10002 -3.18848 -3.27134 -3.24031 -3.20692 -3.31152 -3.31754 -3.45468 -3.52938 -3.56666 -3.72009 -3.79018 -4.09018 -4.02412 -3.98291 -3.94274 -3.89146 -3.85386 -3.80682 -3.43323 -3.27652 -3.25257 -3.30217 -3.42820 -3.46586 -3.53023 -3.70951 -3.91818 -3.92415 -3.95729 -4.09063 -4.12382 -4.09874 -4.04486 -3.98097 -3.95575 -3.93805 -3.93502 -3.95769 -4.07855 -4.15855 -4.20894 -4.24189 -4.28378 -4.33503 -4.33503" yc="97.48966 97.53094 97.59600 97.64600 97.63251 97.42894 97.36029 97.24583 97.00514 96.95474 96.89243 96.79323 96.51686 96.43451 96.40791 96.29363 96.23649 96.21823 96.14760 96.10634 96.00731 95.96029 95.98331 96.00317 95.96129 95.87377 95.60931 95.58091 95.47537 95.46346 95.24977 95.14669 95.25449 95.35137 95.24917 95.20237 95.21983 95.24183 95.17983 95.14363 95.09046 95.01863 95.01589 95.00037 94.96069 94.89363 94.79680 94.74603 94.69840 94.69286 94.74203 94.77140 94.84183 94.86189 94.83689 94.83251 94.87677 94.94757 94.96666 95.00871 95.00474 94.99940 95.06111 95.30714 95.42617 95.75514 96.03489 96.54326 96.61823 96.68886 96.77100 96.92380 96.98251 97.04837 97.19917 97.26903 97.36983 97.54363 97.47577 97.44600 97.41429 97.34840 97.30040 97.21189 97.20551 97.20791 97.08409 96.90823 96.77926 96.60711 96.33251 96.17854 96.19780 96.18649 96.01743 96.03649 96.23509 96.28051 96.28489 96.27657 96.27577 96.28649 96.30714 96.50694 96.70991 96.77617 97.10194 97.33094 97.38646 97.45831 97.42200 97.21943 97.13311 97.07614 96.96980 97.01309 97.09523 97.14563 97.17657 97.21189 97.27223 97.39440 97.46783 97.54603 97.54046 97.52537 97.50394 97.48689 97.48966 97.48966"/>
<polygon color="rgb(220,220,220)" opacity="100" xc="-1.44146 -1.31154 -1.17949 -1.16689 -1.15512 -1.14698 -1.14483 -1.14915 -1.15211 -1.36177 -1.42780 -1.47865 -1.48418 -1.48631 -1.48655 -1.47008 -1.44146 -1.44146" yc="98.45554 98.55831 98.71583 98.73449 98.76983 98.81346 98.86189 98.90077 98.92654 98.94006 98.90591 98.68569 98.65077 98.60237 98.45514 98.44006 98.45554 98.45554"/>
<polygon color="rgb(220,220,220)" opacity="100" xc="-0.71282 -0.70106 -0.67651 -0.67049 -0.67542 -0.68715 -0.70555 -0.72225 -0.74462 -0.93726 -0.90040 -0.87842 -0.82862 -0.80428 -0.71282 -0.71282" yc="99.16746 99.18846 99.28886 99.32380 99.35989 99.39206 99.42934 99.45077 99.45197 99.30177 99.22220 99.19600 99.15394 99.14917 99.16746 99.16746"/>
<polygon color="rgb(220,220,220)" opacity="100" xc="110.79680 110.78162 110.78889 110.86026 110.86145 110.81880 110.69315 110.44071 110.42266 110.42223 110.42618 110.48589 110.50403 110.49914 110.52394 110.55512 110.58463 110.70000 110.72757 110.95620 111.00972 110.97852 110.88632 110.83503 110.81752 110.79680 110.79680" yc="99.42974 99.52537 99.62577 99.74840 99.77557 99.76903 99.69523 99.64877 99.61386 99.57220 99.51903 99.45277 99.42091 99.34086 99.31823 99.30634 99.30157 99.29403 99.29920 99.40554 99.46923 99.51746 99.49523 99.44126 99.42497 99.42974 99.42974"/>
<polygon color="rgb(220,220,220)" opacity="100" xc="78.30342 78.37308 78.41966 78.43845 78.39702 78.37865 78.20897 77.93931 77.81623 77.79915 77.74935 77.45128 77.40472 77.36197 77.34531 77.27522 77.26837 77.28672 77.44572 77.66878 78.10000 78.26134 78.30342 78.30342" yc="99.72537 99.76506 99.78649 99.81506 99.84520 99.84760 99.78729 99.70554 99.69363 99.69363 99.68331 99.56189 99.53806 99.50394 99.48254 99.38729 99.35871 99.34760 99.44443 99.54443 99.70474 99.70434 99.72537 99.72537"/>
<polygon color="rgb(220,220,220)" opacity="100" xc="-0.59274 -0.41585 -0.25128 -0.22760 -0.22374 -0.22611 -0.24658 -0.25385 -0.25897 -0.27714 -0.30898 -0.32818 -0.35043 -0.38462 -0.41583 -0.52777 -0.59274 -0.64357 -0.70918 -0.70386 -0.63357 -0.61411 -0.59274 -0.59274" yc="99.34283 99.51666 99.80394 99.85949 99.89283 99.93091 100.01269 100.04046 100.05634 100.06626 100.05634 100.03571 99.99206 99.91346 99.85791 99.70000 99.62537 99.58091 99.50080 99.47260 99.34006 99.32777 99.34283 99.34283"/>
<polygon color="rgb(220,220,220)" opacity="100" xc="106.37137 106.39872 106.49445 106.52863 106.58675 106.60769 106.63111 106.54232 106.54818 106.38162 106.35629 106.31005 106.34445 106.37137 106.37137" yc="102.47060 102.47457 102.50314 102.51506 102.56111 102.58014 102.62577 102.66189 102.68946 102.72934 102.71329 102.48529 102.46826 102.47060 102.47060"/>
<polygon color="rgb(220,220,220)" opacity="100" xc="78.27715 78.30085 78.32308 78.37778 78.55429 78.53697 78.52498 78.44715 78.42734 78.41688 78.40128 78.30342 78.29402 78.26860 78.25385 78.27715 78.27715" yc="102.26069 102.28809 102.33411 102.47300 102.92934 103.07497 103.09523 103.03889 102.84683 102.77934 102.72140 102.38014 102.35394 102.30077 102.25911 102.26069 102.26069"/>
<polygon color="rgb(220,220,220)" opacity="100" xc="106.25117 106.23995 106.08332 106.06282 106.01668 105.82372 105.79734 105.79574 105.80257 105.81794 105.86582 105.89060 105.93632 106.02777 106.09145 106.25117 106.25117" yc="102.89266 103.12180 103.29680 103.31346 103.34283 103.14563 103.11446 103.06506 103.03806 102.99600 102.95394 102.93886 102.91586 102.88966 102.87220 102.89266 102.89266"/>
<polygon color="rgb(220,220,220)" opacity="100" xc="105.19445 105.11111 104.94145 105.04617 105.09786 105.23120 105.26195 105.27777 105.41112 105.50128 105.51668 105.51955 105.43334 105.41732 105.39529 105.31282 105.19445 105.19445" yc="103.99997 104.01586 104.03817 103.90237 103.86506 103.79363 103.77854 103.77300 103.74283 103.77223 103.78411 103.91663 104.01269 104.01903 104.01426 103.97380 103.99997 103.99997"/>
<polygon color="rgb(220,220,220)" opacity="100" xc="78.70769 78.94062 78.95940 78.99145 78.99571 78.99871 78.98120 78.93740 78.87435 78.84400 78.82691 78.71751 78.75129 78.74874 78.73032 78.72262 78.69786 78.64103 78.60598 78.58931 78.56837 78.56412 78.57309 78.70769 78.70769" yc="103.22854 103.35077 103.37457 103.49600 103.54840 103.68331 104.09780 104.12457 104.11583 104.09286 104.07060 103.85197 103.83171 103.72774 103.60791 103.58094 103.52777 103.43409 103.38529 103.34997 103.22457 103.18729 103.18251 103.22854 103.22854"/>
<polygon color="rgb(220,220,220)" opacity="100" xc="77.50771 77.51709 77.61625 77.62094 77.55983 77.55171 77.54146 77.53205 77.51283 77.47308 77.45171 77.41666 77.38634 77.34702 77.29743 77.23762 77.12694 76.88845 76.85768 76.83805 76.77008 76.75845 76.78868 76.82992 76.89360 76.94445 77.03334 77.06668 77.36238 77.38291 77.41155 77.44103 77.46240 77.47991 77.50771 77.50771" yc="103.95791 103.98649 104.30871 104.35751 104.27757 104.19757 104.15554 104.12614 104.08371 104.01269 103.97934 103.93809 103.91109 103.89363 103.89126 103.90474 103.87857 103.77063 103.74800 103.72457 103.54760 103.41963 103.39283 103.38409 103.40391 103.42777 103.48489 103.50631 103.71429 103.73251 103.76429 103.81109 103.84680 103.88729 103.95791 103.95791"/>
<polygon color="rgb(220,220,220)" opacity="100" xc="105.48334 105.44743 105.34469 105.29531 105.28974 105.26666 105.24295 105.22735 105.17969 105.18654 105.34274 105.38974 105.45342 105.50705 105.47992 105.36495 105.34486 105.31922 105.17243 105.18377 105.21666 105.35769 105.81411 105.84572 105.87392 105.90918 105.92394 105.89529 105.48334 105.48334" yc="104.40394 104.41666 104.42917 104.43409 104.44046 104.45077 104.44917 104.43649 104.32697 104.30037 104.29046 104.28571 104.27537 104.24383 104.21823 104.21426 104.22534 104.24840 104.25217 104.18649 104.17617 104.13411 104.10154 104.10074 104.10074 104.10749 104.12377 104.21346 104.40394 104.40394"/>
<polygon color="rgb(220,220,220)" opacity="100" xc="78.42820 78.40169 78.37608 78.34529 78.32095 78.30771 78.28932 78.27545 78.26838 78.25920 78.24615 78.02094 78.01282 78.01025 78.00300 77.99831 77.98462 77.82349 77.80428 77.78632 77.75128 77.67008 77.64402 77.73077 77.78000 77.81623 77.81794 77.77897 77.75898 77.74038 77.73162 77.74445 77.75597 77.75577 77.71178 77.70051 77.66743 77.65102 77.63642 77.55726 77.46857 77.43375 77.27008 76.98162 76.94489 77.06283 77.13098 77.14146 77.15897 77.18203 77.20083 77.46923 77.54272 77.58846 77.61495 77.63505 77.65683 77.67222 77.69658 77.72971 77.73783 77.73120 77.71240 77.54146 77.28760 77.25854 77.53078 77.54786 77.58803 77.64231 77.66858 77.69722 77.72308 77.76538 77.90983 77.96365 77.98591 78.00042 78.02437 78.03462 78.04486 78.06709 78.08634 78.14528 78.19958 78.21454 78.22991 78.24600 78.25735 78.25554 78.24615 78.17906 78.11282 78.05042 78.03375 78.02640 78.06238 78.09829 78.13417 78.33334 78.31874 78.31854 78.32211 78.36583 78.37651 78.39488 78.46325 78.49189 78.50683 78.51368 78.50918 78.50342 78.48334 78.47565 78.44785 78.42649 78.36626 78.27366 78.20574 78.15471 78.19188 78.26155 78.31668 78.33075 78.35128 78.36711 78.41665 78.52563 78.54360 78.55940 78.57992 78.58334 78.57886 78.56562 78.54445 78.47949 78.44700 78.42820 78.42820" yc="104.07697 104.08251 104.09680 104.12614 104.15554 104.18014 104.21503 104.26506 104.32617 104.40077 104.41826 104.48649 104.28251 104.25157 104.16980 104.13489 104.06903 103.46983 103.43729 103.42060 103.40949 103.38966 103.44840 103.77269 103.98123 104.12457 104.25951 104.43371 104.43806 104.41826 104.34600 104.28251 104.22457 104.18926 104.00774 103.90634 103.77109 103.72631 103.70014 103.51506 103.42817 103.39997 103.17774 102.74366 102.56586 102.40154 102.42577 102.45711 102.49760 102.54283 102.57457 103.00157 103.11823 103.17934 103.20949 103.22777 103.23966 103.24286 103.23886 103.20037 103.16743 103.13809 103.10631 102.80474 102.32617 102.25157 102.51903 102.49840 102.47060 102.44286 102.44326 102.45077 102.46826 102.51426 102.78409 102.90554 102.96109 103.00474 103.08014 103.11666 103.15631 103.23171 103.28886 103.40234 103.50157 103.51820 103.52300 103.44969 103.35934 103.21903 103.18649 102.96429 102.74997 102.58014 102.53014 102.47954 102.53174 102.62140 102.72617 103.35477 103.46871 103.51917 103.61109 103.79920 103.84126 103.88729 103.95474 103.96903 103.94520 103.81743 103.76823 103.73331 103.63889 103.60474 103.49046 103.43569 103.28174 102.99060 102.78251 102.55157 102.63809 102.82694 103.01426 103.07854 103.15714 103.21266 103.34997 103.64363 103.66786 103.76429 103.96269 104.01863 104.04957 104.07814 104.08769 104.07697 104.07540 104.07697 104.07697"/>
<polygon color="rgb(220,220,220)" opacity="100" xc="105.86538 105.99402 106.05983 106.03098 105.95086 105.92265 105.90385 105.80598 105.79723 105.81518 105.82820 105.86538 105.86538" yc="104.53171 104.59046 104.64540 104.79126 104.82060 104.82694 104.81823 104.64760 104.61626 104.53094 104.51906 104.53171 104.53171"/>
<polygon color="rgb(220,220,220)" opacity="100" xc="77.71154 77.73122 77.72778 77.69788 77.66668 77.58332 77.56922 77.55768 77.55385 77.56346 77.59135 77.71154 77.71154" yc="104.73371 104.82617 104.91900 105.04840 105.10157 105.19086 105.17100 105.11111 105.05234 104.71546 104.62120 104.73371 104.73371"/>
<polygon color="rgb(220,220,220)" opacity="100" xc="77.09957 77.11625 77.17543 77.20982 77.20568 77.17778 77.16326 77.13548 77.05065 77.00642 76.99272 76.98717 77.00749 77.03483 77.06965 77.09957 77.09957" yc="104.97817 105.00000 105.11786 105.19126 105.23866 105.29283 105.30951 105.33134 105.31386 105.23886 105.21031 105.16229 105.05574 105.00911 104.97617 104.97817 104.97817"/>
<polygon color="rgb(220,220,220)" opacity="100" xc="77.30448 77.25512 77.24488 77.22478 77.14572 77.08472 77.08332 77.14960 77.19420 77.24132 77.23942 77.24068 77.25428 77.30214 77.34295 77.35705 77.30448 77.30448" yc="105.45234 105.54523 105.56506 105.56823 105.54123 105.42377 105.38131 105.38631 105.41431 105.31397 105.23700 105.13083 105.10077 105.09363 105.13511 105.17260 105.45234 105.45234"/>
<polygon color="rgb(220,220,220)" opacity="100" xc="105.49352 105.46682 105.44512 105.42508 105.38558 105.34609 105.34997 105.33106 105.24815 105.18138 105.19251 105.17694 105.16623 105.22255 105.24898 105.29072 105.35082 105.40923 105.47045 105.52442 105.54832 105.57115 105.58337 105.58672 105.58658 105.57851 105.55995 105.48615 105.42106 105.39491 105.36111 105.34360 105.32178 105.29188 105.26282 105.25342 105.26623 105.28183 105.40051 105.47205 105.57565 105.59743 105.60918 105.59957 105.57223 105.53697 105.60726 105.62762 105.60786 105.58058 105.54275 105.49352 105.49352" yc="105.51346 105.52894 105.58577 105.59714 105.57957 105.53360 105.47109 105.43389 105.41011 105.31300 105.21689 105.05983 104.95883 104.89657 104.86817 104.80717 104.77103 104.69043 104.62740 104.61603 104.62223 104.65631 104.78651 104.81649 104.84569 104.98260 105.06977 105.09626 105.11486 105.10891 105.07060 105.04363 105.02223 105.00634 105.01389 105.03969 105.08014 105.09483 105.16443 105.19349 105.25871 105.28014 105.30077 105.33171 105.34760 105.36863 105.45949 105.52066 105.53257 105.51709 105.50777 105.51346 105.51346"/>
<polygon color="rgb(220,220,220)" opacity="100" xc="105.21794 105.24392 105.21794 105.19745 105.18120 105.11154 105.08718 105.07308 105.03546 105.00342 104.97308 104.97435 104.99488 105.01945 105.14595 105.21794 105.21794" yc="106.59523 106.65077 106.67220 106.67300 106.67934 106.73491 106.76586 106.77934 106.78409 106.76009 106.65237 106.62260 106.57854 106.54603 106.54403 106.59523 106.59523"/>
<polygon color="rgb(220,220,220)" opacity="100" xc="105.15108 105.17820 105.20854 105.17734 105.16325 105.15683 105.04617 105.01538 104.96502 104.90306 104.77191 104.78120 104.80385 104.83077 104.86197 105.11537 105.15108 105.15108" yc="106.83571 106.85394 106.89323 107.16983 107.20789 107.22934 107.24683 107.24563 107.12886 107.06774 106.97080 106.93689 106.91029 106.89283 106.88011 106.82854 106.83571 106.83571"/>
<polygon color="rgb(220,220,220)" opacity="100" xc="104.80255 104.82437 104.95192 104.95791 104.95278 104.89615 104.87180 104.83846 104.80300 104.69423 104.65855 104.62692 104.59315 104.58205 104.58162 104.59614 104.67800 104.70428 104.72777 104.80255 104.80255" yc="107.03729 107.04680 107.17420 107.20317 107.27597 107.33491 107.35554 107.37300 107.38569 107.40157 107.37974 107.34046 107.28411 107.24920 107.20317 107.16666 107.02894 107.01149 107.00711 107.03729 107.03729"/>
<polygon color="rgb(220,220,220)" opacity="100" xc="77.36537 77.37692 77.38677 77.39103 77.38675 77.37734 77.37437 77.37520 77.34551 77.32694 77.30898 77.24189 77.21709 77.18931 77.17565 77.22682 77.36537 77.36537" yc="107.14443 107.16746 107.19997 107.23331 107.32377 107.36189 107.37377 107.38729 107.47140 107.47774 107.45634 107.36823 107.31903 107.25157 107.02934 106.90771 107.14443 107.14443"/>
<polygon color="rgb(220,220,220)" opacity="100" xc="105.11666 105.12522 105.14743 105.15000 105.07906 105.05983 104.96005 104.91582 104.84060 104.82178 104.78205 104.77522 104.77606 104.97094 104.98846 105.09028 105.11666 105.11666" yc="107.79126 107.82537 107.91743 107.94463 108.08651 108.09760 108.12974 108.11189 108.02380 107.99920 107.94046 107.91346 107.87500 107.76266 107.75869 107.75177 107.79126 107.79126"/>
<polygon color="rgb(220,220,220)" opacity="100" xc="104.70129 104.79348 104.81882 104.79315 104.73483 104.70598 104.65898 104.62991 104.60128 104.57095 104.51495 104.46602 104.44914 104.44786 104.46111 104.47822 104.68120 104.70129 104.70129" yc="107.96586 108.03211 108.11623 108.19126 108.29977 108.31426 108.31823 108.31346 108.29837 108.26506 108.20157 108.13846 108.10791 108.07737 108.04600 108.02297 107.96269 107.96586 107.96586"/>
<polygon color="rgb(220,220,220)" opacity="100" xc="93.34786 93.49658 93.57180 93.56368 93.54092 93.54617 93.56540 93.55940 93.54060 93.41731 93.31923 93.29798 93.35468 93.35640 93.29445 93.30320 93.32477 93.34786 93.34786" yc="111.27340 111.34837 111.51349 111.61663 111.62974 111.69757 111.79600 111.82380 111.84363 111.87060 111.84403 111.81546 111.70871 111.50157 111.31903 111.28014 111.26983 111.27340 111.27340"/>
<polygon color="rgb(220,220,220)" opacity="100" xc="76.49615 76.52180 76.55332 76.56708 76.58034 76.60640 76.66069 76.68354 76.69272 76.65940 76.58118 76.56497 76.46882 76.39774 76.41580 76.43205 76.49615 76.49615" yc="113.19600 113.21029 113.24503 113.29640 113.31506 113.32934 113.35394 113.37260 113.45077 113.47220 113.49600 113.50077 113.36666 113.19480 113.17854 113.17777 113.19600 113.19600"/>
<polygon color="rgb(220,220,220)" opacity="100" xc="101.51452 101.54274 101.60063 101.53417 101.50726 101.47266 101.45406 101.46497 101.45962 101.43932 101.37349 101.35557 101.24232 101.22392 101.29188 101.31366 101.33205 101.34745 101.51452 101.51452" yc="113.47300 113.49600 113.58371 113.64203 113.66031 113.66823 113.80671 113.85551 113.87894 113.89760 113.87143 113.86029 113.61586 113.52697 113.43331 113.41900 113.41583 113.41506 113.47300 113.47300"/>
<polygon color="rgb(220,220,220)" opacity="100" xc="76.78505 76.88418 77.03825 77.06668 77.10375 77.03077 77.01175 76.90554 76.76452 76.74614 76.72480 76.64177 76.66623 76.78505 76.78505" yc="113.57697 113.61269 113.75314 113.79443 113.86646 113.92457 113.94006 113.95871 113.84283 113.82220 113.78251 113.56963 113.54997 113.57697 113.57697"/>
<polygon color="rgb(220,220,220)" opacity="100" xc="100.88051 100.88738 100.88398 100.58677 100.55385 100.27222 100.24957 100.23505 100.22137 100.20322 100.25982 100.28377 100.32265 100.41711 100.44614 100.50642 100.52989 100.54786 100.56582 100.60620 100.68120 100.70598 100.73582 100.78908 100.88392 100.85940 100.83323 100.81197 100.83649 100.88051 100.88051" yc="115.35123 115.39283 115.42657 115.64917 115.67063 115.67220 115.66426 115.65391 115.63966 115.58054 115.48331 115.44600 115.40314 115.32380 115.30951 115.30314 115.30714 115.30791 115.30714 115.29126 115.23251 115.21269 115.17351 115.13417 115.09163 115.16149 115.18577 115.24954 115.29814 115.35123 115.35123"/>
<polygon color="rgb(220,220,220)" opacity="100" xc="94.99783 95.06882 95.11197 95.12692 95.43268 95.48549 95.54146 95.56068 95.61026 95.63248 95.66880 95.68292 95.69443 95.69958 95.69443 95.68378 95.65938 95.63760 95.59658 95.46389 95.46089 95.38548 95.33034 95.25895 95.24272 95.20129 95.18548 95.11495 94.90086 94.80343 94.79358 94.77989 94.77777 94.78889 94.80471 94.82778 94.86111 94.90685 94.99783 94.99783" yc="114.94520 114.96583 114.98014 114.98726 115.16309 115.20474 115.27220 115.29603 115.35791 115.39006 115.45154 115.47854 115.52063 115.55949 115.59286 115.61466 115.63569 115.64720 115.68011 115.88960 115.89480 115.93569 115.94603 115.95000 115.94763 115.93491 115.91586 115.81269 115.40077 115.17220 115.14206 115.07457 115.01686 114.97380 114.94997 114.93091 114.92377 114.92300 114.94520 114.94520"/>
<polygon color="rgb(220,220,220)" opacity="100" xc="79.04105 79.38888 79.56751 79.65128 79.66132 79.65897 79.38463 79.11749 79.05171 78.92608 78.93485 78.97009 78.99017 79.04105 79.04105" yc="116.30157 116.41109 116.47894 116.59683 116.61666 116.64957 116.59997 116.52620 116.49126 116.35117 116.32694 116.29560 116.29363 116.30157 116.30157"/>
<polygon color="rgb(220,220,220)" opacity="100" xc="100.27606 100.43845 100.45343 100.48163 100.50043 100.48335 100.44337 100.42308 100.43505 100.51880 100.52349 100.54242 100.43206 100.41068 100.00771 99.97308 99.94400 99.89486 99.73163 99.61925 99.47735 99.32523 99.30597 99.28782 99.27349 99.25597 99.25086 99.24957 99.26495 99.42031 99.45642 99.49315 99.54574 99.70322 99.71283 99.72435 100.02308 100.03846 100.17351 100.20000 100.27606 100.27606" yc="118.15791 118.38091 118.41186 118.47380 118.58849 118.66666 118.67497 118.68651 118.72537 118.82220 118.82300 118.85851 119.02297 119.02854 119.11426 119.12100 119.12457 119.12300 119.10551 119.08806 119.05871 119.02100 119.00791 118.99166 118.97220 118.92934 118.88806 118.85551 118.82537 118.68254 118.67063 118.66269 118.65391 118.56309 118.50831 118.47694 118.19283 118.13131 118.07063 118.06666 118.15791 118.15791"/>
<polygon color="rgb(220,220,220)" opacity="100" xc="98.93035 98.90211 98.89743 98.81923 98.80298 98.78463 98.74786 98.54468 98.56132 98.60942 98.62865 98.72735 98.76454 98.89315 98.93035 98.93035" yc="119.36189 119.49763 119.54006 119.60791 119.61586 119.61586 119.60591 119.40851 119.37220 119.33809 119.33251 119.30871 119.30157 119.29763 119.36189 119.36189"/>
<polygon color="rgb(220,220,220)" opacity="100" xc="56.97692 56.82737 56.81152 56.59358 56.57714 56.57949 56.59231 56.63911 56.69529 56.72095 56.74148 56.78974 56.80769 56.84317 56.92543 56.97692 56.97692" yc="119.66486 119.80157 119.79997 119.77143 119.74483 119.68094 119.64957 119.64243 119.64520 119.63011 119.60671 119.51266 119.50317 119.51266 119.56903 119.66486 119.66486"/>
<polygon color="rgb(220,220,220)" opacity="100" xc="100.12906 100.14445 100.17008 100.21838 100.25298 100.26582 100.16900 100.02948 99.93974 99.89528 99.88097 99.75852 99.73805 99.70814 99.61946 99.60768 99.60638 99.61238 99.67286 99.76560 100.07392 100.11240 100.12906 100.12906" yc="119.19840 119.20314 119.21663 119.25474 119.28251 119.31369 119.50794 119.67380 119.71349 119.78251 119.79920 119.84840 119.85077 119.84440 119.74997 119.71903 119.67300 119.62774 119.48411 119.37774 119.20711 119.19680 119.19840 119.19840"/>
<polygon color="rgb(220,220,220)" opacity="100" xc="58.11751 58.21794 58.24551 58.21198 57.98717 57.97008 57.92137 57.88889 57.92349 57.93889 57.99060 58.11751 58.11751" yc="121.01586 121.11586 121.13491 121.14917 121.18411 121.18649 121.17894 121.11269 121.01903 121.01346 121.00474 121.01586 121.01586"/>
<polygon color="rgb(220,220,220)" opacity="100" xc="77.62991 77.59702 77.56282 77.52991 77.33717 77.17202 77.06152 77.01132 76.95171 76.90235 76.64572 76.61752 76.51132 76.46882 76.47480 76.49572 76.61774 76.66518 76.70983 76.79540 76.99357 77.12137 77.17392 77.22180 77.27628 77.31175 77.46217 77.49146 77.52789 77.52265 77.55363 77.59914 77.62874 77.65471 77.74989 77.85171 77.91711 77.95428 78.05875 78.06185 77.95598 77.91817 77.81454 77.80205 77.77480 77.62991 77.62991" yc="121.17457 121.19203 121.19203 121.18014 121.14046 121.15394 121.12697 121.10674 121.06903 121.03014 120.62140 120.56823 120.31229 119.95314 119.79997 119.46409 119.31189 119.28411 119.28174 119.27797 119.09600 118.88491 118.76666 118.76586 118.78411 118.81269 118.99760 119.04880 119.20631 119.28609 119.36786 119.40951 119.42797 119.46109 119.66266 119.91109 119.99920 120.04363 120.46069 120.70614 120.80951 120.83571 120.97140 121.02377 121.08966 121.17457 121.17457"/>
<polygon color="rgb(220,220,220)" opacity="100" xc="100.53249 100.39743 100.37989 100.35854 100.31154 100.28377 100.23675 100.05255 100.07202 100.08997 100.11282 100.19829 100.34957 100.53291 100.62351 100.72522 100.80428 100.93205 100.94960 100.94958 100.93931 100.68269 100.64486 100.53249 100.53249" yc="121.54523 121.60234 121.60711 121.60791 121.60394 121.59920 121.58649 121.33094 121.22814 121.20791 121.19523 121.16109 121.10394 121.06426 121.04800 121.10474 121.16583 121.31823 121.46109 121.50234 121.52320 121.59700 121.53889 121.54523 121.54523"/>
<polygon color="rgb(220,220,220)" opacity="100" xc="79.98715 79.97052 79.95255 79.92692 79.83420 79.82502 79.84103 80.13375 80.17691 80.19531 80.21197 80.23268 80.24722 80.24357 80.22992 80.20428 79.98715 79.98715" yc="121.69600 121.69123 121.69520 121.69123 121.66249 121.61823 121.59760 121.54126 121.53571 121.53649 121.54126 121.55197 121.58134 121.62303 121.66506 121.68331 121.69600 121.69600"/>
<polygon color="rgb(220,220,220)" opacity="100" xc="100.02606 100.04765 100.19318 100.21006 100.24358 100.17732 100.16538 100.13974 100.04231 99.99528 99.96537 99.78866 99.81582 99.85171 99.98888 100.02606 100.02606" yc="121.50869 121.51586 121.58489 121.59917 121.65791 121.69757 121.71109 121.72697 121.72143 121.71109 121.69997 121.55711 121.53571 121.52854 121.50394 121.50869 121.50869"/>
<polygon color="rgb(220,220,220)" opacity="100" xc="85.61880 85.57374 85.55042 85.41112 85.41411 85.34935 85.32737 85.15458 85.16965 85.20428 85.25171 85.30600 85.32095 85.64060 85.87137 85.89360 85.91623 85.95558 86.17138 86.20043 86.21602 86.13462 85.92948 85.90940 85.87435 85.82137 85.76878 85.71454 85.67692 85.61880 85.61880" yc="121.94123 121.94840 121.96346 122.11346 122.11506 122.13809 122.13966 122.04877 122.01823 121.98886 121.95157 121.91666 121.90951 121.79837 121.72537 121.72063 121.71743 121.71666 121.72063 121.72617 121.75551 121.89640 121.96503 121.96823 121.96823 121.95711 121.95000 121.94283 121.94046 121.94123 121.94123"/>
<polygon color="rgb(220,220,220)" opacity="100" xc="91.21282 91.13803 91.09529 90.65554 90.47523 90.41089 90.39851 90.49831 90.52563 90.54635 90.60555 90.69615 90.71923 90.73974 90.85302 91.00514 90.99315 91.03845 91.04657 91.12626 91.15942 91.19402 91.25171 91.53674 91.58975 91.67009 91.70297 91.73291 91.87182 91.90042 91.98183 91.97266 91.95985 91.69698 91.66837 91.46538 91.40342 91.29272 91.21282 91.21282" yc="122.32857 122.37143 122.38889 122.49126 122.52777 122.53529 122.51109 122.31189 122.27777 122.27143 122.28809 122.31783 122.32143 122.31983 122.28014 122.18889 122.03889 121.75554 121.72774 121.60751 121.58489 121.57220 121.56031 121.52460 121.51903 121.51266 121.51506 121.52380 121.58411 121.59760 121.65634 121.69840 121.72300 122.06586 122.08331 122.18649 122.21189 122.28094 122.32857 122.32857"/>
<polygon color="rgb(220,220,220)" opacity="100" xc="73.98654 73.93803 73.83375 73.65857 73.56028 73.47778 73.43591 73.39574 73.26348 73.25620 73.18695 73.13631 73.06495 73.01411 72.96365 72.89895 72.84274 72.77778 72.68331 72.62565 72.57606 72.52692 72.33505 72.30511 72.25962 72.21240 72.17306 72.12843 72.07798 72.03034 71.99691 71.83889 71.73206 71.69188 71.49958 71.45706 71.46474 71.43889 71.22906 71.16711 71.05471 70.98269 70.90575 70.85471 70.85557 70.88291 70.91923 71.03931 71.06668 71.10258 71.15726 71.19166 71.21260 71.19925 71.21880 71.26454 71.31303 71.42435 71.47692 71.52906 71.57480 71.68375 71.75428 71.79955 71.83377 71.88334 71.92394 72.00214 72.04274 72.06903 72.10611 72.17265 72.31731 72.66283 72.71154 72.74914 72.78677 72.81497 72.85512 72.89018 72.94828 73.01089 73.07780 73.16006 73.19980 73.22265 73.26625 73.36069 73.41175 73.55769 73.68889 73.89849 73.95460 73.96123 73.98931 74.04926 73.98654 73.98654" yc="122.71746 122.72537 122.72857 122.76189 122.79997 122.82937 122.82617 122.80951 122.72557 122.66980 122.64326 122.64997 122.66743 122.68409 122.69680 122.70154 122.69680 122.68409 122.65117 122.61583 122.57934 122.54283 122.42220 122.40711 122.39400 122.39286 122.40077 122.41623 122.44997 122.51109 122.59463 122.64326 122.59126 122.56426 122.34760 122.08569 122.01746 121.94206 121.63214 121.57617 121.49680 121.44166 121.37337 121.27080 121.21269 121.15911 121.10714 120.96346 120.93254 120.91109 120.88491 120.83351 120.64720 120.47080 120.41071 120.40117 120.42417 120.50394 120.54837 120.59957 120.63249 120.68251 120.71349 120.72183 120.72223 120.71029 120.68809 120.63489 120.60077 120.54483 120.49700 120.51109 120.59166 120.82937 120.87497 120.91823 120.97457 121.02694 121.09483 121.12934 121.17934 121.21783 121.25314 121.30551 121.35434 121.46249 121.54937 121.63331 121.66546 121.71269 121.79760 121.98211 122.05811 122.11466 122.47540 122.64283 122.71746 122.71746"/>
<polygon color="rgb(220,220,220)" opacity="100" xc="79.85895 79.75597 79.67258 79.67060 79.57095 79.41540 79.15128 79.11922 79.13462 79.19722 79.25086 79.31285 79.45469 79.47137 79.50426 79.52094 79.54531 79.65086 79.80814 79.96152 80.06409 80.08206 80.10557 80.14957 80.33034 80.55085 80.65640 80.76325 80.77672 80.55897 80.49145 80.23846 80.13548 80.11175 80.08932 79.87734 79.85895 79.85895" yc="124.20154 124.23489 124.27454 124.27583 124.25631 124.21823 124.12854 124.10711 123.98809 123.91823 123.90000 123.85791 123.72460 123.70557 123.66029 123.63491 123.59997 123.49046 123.33091 123.19203 123.12300 123.11743 123.11586 123.12060 123.20474 123.34840 123.43014 123.57857 123.63271 124.00791 124.09840 124.20631 124.21823 124.21703 124.19877 124.19840 124.20154 124.20154"/>
<polygon color="rgb(220,220,220)" opacity="100" xc="60.31752 60.47863 60.49745 60.49360 60.45342 60.43077 60.38763 60.35212 60.06538 60.05065 60.10258 60.18889 60.28160 60.30086 60.31752 60.31752" yc="124.26900 124.30394 124.31746 124.34523 124.39443 124.40871 124.42934 124.43409 124.43251 124.42300 124.38334 124.32777 124.27380 124.26663 124.26900 124.26900"/>
<polygon color="rgb(220,220,220)" opacity="100" xc="100.23654 100.23462 100.21412 100.20386 100.13740 100.10214 100.06965 100.06965 100.04252 99.91923 99.94572 99.95897 100.07565 100.08889 100.12565 100.14743 100.18122 100.22392 100.23654 100.23654" yc="123.97777 124.02143 124.13489 124.17617 124.37420 124.41349 124.43966 124.45397 124.48094 124.42937 124.35554 124.33014 124.11189 124.08809 124.03966 124.01823 123.98729 123.95951 123.97777 123.97777"/>
<polygon color="rgb(220,220,220)" opacity="100" xc="101.40491 101.41880 101.39486 101.27395 101.25771 101.23717 101.20918 101.20534 101.21666 101.25792 101.27777 101.37052 101.38889 101.40491 101.40491" yc="124.25671 124.41089 124.48094 124.66746 124.68409 124.67220 124.63014 124.56626 124.50000 124.38609 124.35317 124.23729 124.23011 124.25671 124.25671"/>
<polygon color="rgb(220,220,220)" opacity="100" xc="101.43718 101.45000 101.38463 101.31580 101.28162 101.22052 101.18632 101.13460 101.05215 101.04358 101.03931 101.03760 101.03760 101.03249 100.97672 100.95086 100.80554 100.78375 100.77522 100.88934 100.99722 101.12775 101.15168 101.25854 101.41794 101.43718 101.43718" yc="123.62697 123.64560 123.77934 123.87300 123.91269 123.95474 123.96109 124.06029 124.46426 124.50711 124.53726 124.56583 124.67854 124.69840 124.78171 124.78966 124.68214 124.63014 124.59920 124.20474 123.98294 123.78969 123.77380 123.70557 123.62537 123.62697 123.62697"/>
<polygon color="rgb(220,220,220)" opacity="100" xc="81.82992 81.50555 81.44402 81.37948 81.35854 81.01025 80.95685 80.91474 80.86111 80.83760 80.85814 80.88302 80.90512 80.93634 80.97351 81.03417 81.37115 81.44849 81.45769 81.47842 81.56283 81.77265 81.95983 81.98760 82.01198 82.03291 82.23922 82.20685 82.13335 82.02829 82.03760 82.04274 81.98375 81.82992 81.82992" yc="124.57460 124.75471 124.77934 124.79920 124.80317 124.84600 124.83489 124.82220 124.75791 124.70791 124.59523 124.53886 124.52854 124.53014 124.52300 124.49206 124.22337 124.13331 124.10157 124.07400 124.01823 123.95791 123.90554 123.90197 123.90791 123.92220 124.18074 124.19360 124.21029 124.23243 124.27617 124.36823 124.47380 124.57460 124.57460"/>
<polygon color="rgb(220,220,220)" opacity="100" xc="88.33163 88.51997 88.51795 88.50940 88.50555 88.50385 88.48634 88.45128 88.11838 88.06666 88.04531 88.02777 88.30832 88.33163 88.33163" yc="124.69840 124.77754 124.82617 124.85474 124.85951 124.86863 124.88254 124.87777 124.79600 124.77934 124.77063 124.74917 124.69166 124.69840 124.69840"/>
<polygon color="rgb(220,220,220)" opacity="100" xc="101.49637 101.49186 101.47180 101.45409 101.41932 101.27588 101.26111 101.21708 101.21217 101.21794 101.23032 101.25983 101.29058 101.49637 101.49637" yc="124.84540 124.94206 124.95474 124.96171 125.02220 124.99006 124.97777 124.91980 124.88371 124.84994 124.81586 124.78809 124.78411 124.84540 124.84540"/>
<polygon color="rgb(220,220,220)" opacity="100" xc="101.27223 101.25643 101.23032 101.21280 101.12563 101.06026 101.03760 101.02448 100.99403 100.92574 101.03758 101.14314 101.16025 101.17778 101.23185 101.26026 101.27223 101.27223" yc="125.31189 125.33251 125.31349 125.29009 125.27457 125.28094 125.28649 125.29166 125.31746 125.28411 125.15951 125.06903 125.06109 125.06109 125.07854 125.10077 125.31189 125.31189"/>
<polygon color="rgb(220,220,220)" opacity="100" xc="100.65214 100.63760 100.65982 100.69317 100.68440 100.54272 100.52265 100.48846 100.44529 100.28975 100.15938 100.13226 100.12415 100.12862 100.14851 100.16878 100.28720 100.30428 100.52052 100.77392 100.80855 100.83846 100.86709 100.89360 100.91666 100.94145 100.94335 100.93118 100.87778 100.83505 100.81880 100.72949 100.65214 100.65214" yc="125.08806 125.27140 125.34523 125.41506 125.45194 125.47457 125.47537 125.46983 125.45394 125.36346 125.27220 125.24046 125.19997 125.16109 125.13054 125.11266 125.04917 125.04129 125.01429 124.83094 124.79760 124.77774 124.78094 124.79920 124.82140 124.85434 124.95991 124.98809 125.08171 125.07417 125.06109 125.06109 125.08806 125.08806"/>
<polygon color="rgb(220,220,220)" opacity="100" xc="80.41091 80.48248 80.55469 80.57543 80.57692 80.70022 80.68697 80.62906 80.54058 80.37863 80.34700 80.16923 80.11709 80.08677 80.07092 80.03185 80.02971 80.05086 80.07265 80.38675 80.41091 80.41091" yc="125.51506 125.58411 125.66266 125.69563 125.70791 125.77217 125.79083 125.80077 125.80711 125.80789 125.80474 125.77140 125.75714 125.74603 125.73411 125.67617 125.63529 125.59760 125.57817 125.50314 125.51506 125.51506"/>
<polygon color="rgb(220,220,220)" opacity="100" xc="100.09446 100.11240 100.17446 100.02735 100.00172 99.98889 99.96132 99.86240 99.83718 99.82565 99.82414 99.83206 99.84232 99.88760 99.90343 99.92200 99.99528 100.01666 100.09446 100.09446" yc="126.38723 126.40706 126.52497 126.66586 126.72694 126.74340 126.74800 126.71346 126.69994 126.67814 126.64720 126.60229 126.56106 126.40154 126.35826 126.33966 126.31506 126.31186 126.38723 126.38723"/>
<polygon color="rgb(220,220,220)" opacity="100" xc="86.62523 86.61412 86.57500 86.56794 86.54338 86.51452 86.49423 86.40982 86.42565 86.49743 86.53248 86.58332 86.60811 86.62523 86.62523" yc="126.49400 126.62417 126.80311 126.81823 126.88011 126.88406 126.87574 126.66191 126.64203 126.55631 126.52217 126.49363 126.48251 126.49400 126.49400"/>
<polygon color="rgb(220,220,220)" opacity="100" xc="100.23118 100.35054 100.27691 100.15768 100.14423 100.10940 100.07820 100.06280 100.06835 100.08463 100.09574 100.17222 100.18891 100.21325 100.23118 100.23118" yc="126.59280 126.69977 126.79837 126.88171 126.89917 126.90869 126.89283 126.86149 126.81109 126.77294 126.74757 126.63174 126.60946 126.59280 126.59280 126.59280"/>
<polygon color="rgb(220,220,220)" opacity="100" xc="85.73548 85.88474 85.87222 85.83717 85.80214 85.71495 85.67629 85.63823 85.47949 85.50258 85.57351 85.60385 85.71538 85.73548 85.73548" yc="126.89600 126.96223 126.98011 126.99280 127.00311 127.09046 127.13954 127.13091 127.00514 126.98246 126.92694 126.91743 126.89440 126.89600 126.89600"/>
<polygon color="rgb(220,220,220)" opacity="100" xc="86.83634 86.93952 86.94060 86.91708 86.90897 86.88546 86.86582 86.80426 86.66668 86.64786 86.64231 86.75317 86.66226 86.67948 86.68780 86.72863 86.76666 86.80340 86.83634 86.83634" yc="126.61066 126.97574 127.02417 127.25234 127.29277 127.32854 127.33649 127.31423 127.24440 127.22614 127.17063 127.05854 126.93386 126.67140 126.62497 126.60789 126.60074 126.59994 126.61066 126.61066"/>
<polygon color="rgb(220,220,220)" opacity="100" xc="99.24189 99.27863 99.30086 99.35343 99.52395 99.64915 99.67092 99.67948 99.61540 99.59015 99.60555 99.55000 99.41240 99.32951 99.31305 99.15854 99.14018 99.05257 98.99829 98.98418 98.96538 98.94105 98.93846 98.94935 98.97008 98.98717 99.24189 99.24189" yc="127.19360 127.19757 127.21900 127.29837 127.43011 127.48643 127.50309 127.53011 127.61029 127.69517 127.72714 127.81583 127.76269 127.70391 127.66226 127.49280 127.47731 127.42614 127.37300 127.35394 127.31580 127.24123 127.20591 127.18211 127.17220 127.17063 127.19360 127.19360"/>
<polygon color="rgb(220,220,220)" opacity="100" xc="104.15769 104.19957 104.21752 104.22477 104.19702 104.17863 103.89775 103.87372 103.87051 103.89829 103.91538 104.15854 104.27735 104.30962 104.39657 104.40983 104.41538 104.35728 104.32865 104.30128 104.27522 104.24915 104.20940 104.15769 104.15769" yc="130.59600 130.63726 130.65311 130.68823 130.69754 130.69837 130.69754 130.67060 130.64006 130.46823 130.45711 130.35709 130.31583 130.31860 130.41426 130.44086 130.50431 130.57934 130.60551 130.60474 130.59440 130.57851 130.57337 130.59600 130.59600"/>
<polygon color="rgb(220,220,220)" opacity="100" xc="71.86443 71.79528 71.77608 71.73848 71.62694 71.57222 71.49957 71.44574 71.42157 71.40683 71.41751 71.44745 71.49272 71.54146 71.56112 71.57949 71.60555 71.63080 71.64745 71.66452 71.68206 71.69957 71.77265 71.80385 71.82223 71.84062 71.86443 71.86443" yc="130.96106 131.02931 131.03966 131.04760 131.05949 131.05786 131.05234 131.04283 131.03131 131.00511 130.97814 130.94600 130.90711 130.86903 130.85946 130.85789 130.88249 130.91186 130.92694 130.93651 130.94366 130.94760 130.94997 130.93569 130.93169 130.93251 130.96106 130.96106"/>
<polygon color="rgb(220,220,220)" opacity="100" xc="68.45854 68.43291 68.42757 68.44442 68.47863 68.49606 68.47537 68.46112 68.39615 68.36112 68.27522 68.15900 68.11026 68.04531 68.01326 67.94998 67.86411 67.71315 67.67391 67.54188 67.52009 67.45917 67.42908 67.43974 67.47051 67.48375 67.47468 67.43803 67.40406 67.37340 67.34423 67.35895 67.40898 67.45577 67.40995 67.36046 67.31998 67.27306 67.20685 67.12480 67.10211 67.07478 67.10128 67.14658 67.22212 67.27094 67.30297 67.36582 67.41626 67.38975 67.34468 67.29998 67.05597 66.91709 66.66368 66.61494 66.51751 66.48591 66.34489 66.28418 66.24745 65.90597 65.86668 65.83718 65.81474 65.80640 65.81537 65.86454 65.92989 65.97138 66.01623 66.07608 66.27349 66.33974 66.39572 66.45002 66.49529 66.52435 66.56325 66.62394 66.66708 66.72778 66.77520 66.83355 66.99955 67.10557 67.15983 67.23034 67.28162 67.31540 67.34702 67.40983 67.66580 67.71411 67.87778 68.12692 68.29168 68.31860 68.29829 68.27372 68.24594 68.22714 68.23331 68.24828 68.33182 68.39978 68.47586 68.53977 68.62006 68.65258 68.70255 68.78760 68.82092 68.85386 68.88591 69.01025 69.39914 69.42949 69.47392 69.50298 69.54786 69.57820 69.60852 69.90257 70.03463 70.07971 70.07906 70.16463 70.32905 70.36751 70.46711 70.51048 70.55577 70.59125 70.62371 70.65469 70.69189 70.73183 70.75383 71.03974 71.16046 71.20214 71.23932 71.28548 71.33088 71.39038 71.37426 71.34446 71.31923 71.27500 71.26454 71.46409 71.49998 71.55642 71.78546 72.06582 72.11326 72.14574 72.19572 72.28609 72.36582 72.34529 72.31240 72.27265 72.16069 72.08846 72.11303 72.16474 72.20898 72.34978 72.57135 73.00171 73.03718 73.20940 73.28195 73.30363 73.25620 73.19443 73.10938 73.06238 73.01882 73.00255 73.02265 73.10791 73.31431 73.36262 73.39231 73.50855 73.64702 73.68035 73.75683 73.79038 73.81686 73.85343 73.98503 74.02755 74.06883 74.11751 74.15086 74.20640 74.25514 74.31669 74.79058 75.21538 75.26708 75.30085 75.33420 75.36751 75.40086 75.44103 75.48740 75.48366 75.51175 75.73162 75.98634 76.01878 76.13728 76.17009 76.22435 76.25472 76.31260 76.34658 76.38098 76.63012 76.65482 76.63078 76.62388 76.58888 76.36454 76.22605 76.04998 76.16465 76.10962 76.05215 75.79274 75.72692 75.67352 75.55255 75.48335 75.42703 75.46368 75.51828 75.51175 75.47309 75.43889 74.98589 74.95063 74.79443 74.70726 74.52182 74.03720 74.00383 73.95298 73.91046 73.86249 73.89862 74.03205 74.11623 74.20940 74.28034 74.45129 74.47094 74.43420 74.39058 74.35428 74.29571 74.26582 74.23249 74.18943 74.20448 74.22606 74.22669 74.21068 73.95002 73.74702 73.53289 73.51154 73.52822 73.29935 72.96963 72.76432 72.67094 72.61497 72.57691 72.53377 72.30942 72.06709 71.99820 71.80746 71.78162 71.78920 71.71775 71.67905 71.48588 71.35302 71.28163 70.99572 70.95985 70.92309 70.63334 70.55171 70.41912 70.46454 70.53343 70.32008 70.28548 70.10188 69.91434 69.86505 69.62606 69.60149 69.61549 69.54402 69.50128 69.37500 69.34209 69.21282 69.22306 69.22754 69.21066 69.17649 69.09445 69.03418 68.97606 68.91665 68.86026 68.81366 68.76011 68.80458 68.86475 68.96026 69.01197 69.04574 69.09529 69.15151 68.98546 68.93185 68.90212 68.82606 68.78677 68.73312 68.65237 68.61132 68.58611 68.53718 68.50106 68.45854 68.45854" yc="130.85631 130.88843 130.95114 131.02217 131.08169 131.19854 131.23160 131.23803 131.23806 131.22934 131.19280 131.11983 131.08409 131.03486 131.00949 130.94997 130.85711 130.67714 130.60591 130.08331 129.98326 129.68491 129.35431 129.28571 129.18071 129.09357 128.83646 128.80157 128.76306 128.68983 128.54717 128.48131 128.45077 128.35809 128.05034 128.03963 128.00091 127.90871 127.71740 127.51263 127.32854 126.96900 126.75549 126.54280 126.35789 126.31109 126.28729 126.22454 126.08346 125.98963 125.94740 125.93171 125.85314 125.76663 125.65234 125.63489 125.60631 125.59126 125.51029 125.46983 125.43806 124.98174 124.92063 124.85394 124.77380 124.70314 124.64840 124.54283 124.47460 124.44520 124.43094 124.42777 124.43649 124.44443 124.46306 124.48966 124.51746 124.54363 124.59046 124.66746 124.70951 124.74760 124.76743 124.77260 124.74440 124.72060 124.70157 124.68491 124.68014 124.68409 124.69363 124.72300 124.82377 124.83806 124.87060 124.90314 124.76426 124.64877 124.29086 124.21149 124.14600 124.05354 123.81586 123.56389 123.34660 123.24760 123.20017 123.19046 123.20791 123.21109 123.20791 123.19520 123.19283 123.19600 123.20234 123.25711 123.44917 123.46903 123.50631 123.53489 123.57223 123.59206 123.61189 123.82143 123.95317 124.13849 124.23689 124.44343 124.61586 124.63091 124.64283 124.63251 124.59640 124.58251 124.59006 124.61189 124.64840 124.70791 124.75831 124.99283 125.08091 125.08569 125.07380 125.04366 125.05911 125.20951 125.52557 125.58886 125.62854 125.68051 125.74563 126.00709 126.03646 126.06423 126.09920 126.18011 126.21660 126.23331 126.24757 126.25194 126.12297 126.05869 126.00074 125.94243 125.79520 125.72457 125.64323 125.59166 125.57694 125.61229 125.65551 125.62614 125.61743 125.50554 125.45017 125.30594 125.19286 125.20040 125.16189 125.12260 125.07100 124.99683 124.93251 124.81031 124.72020 124.72634 124.77677 124.82020 124.83331 124.83489 124.82854 124.80989 124.77657 124.74600 124.66266 124.65631 124.66426 124.68409 124.68886 124.67657 124.64443 124.59286 124.36109 124.16666 124.14683 124.14046 124.13886 124.14046 124.14523 124.16229 124.23131 124.31071 124.35394 124.49523 124.65234 124.67377 124.80631 124.89403 124.93649 124.94600 124.95674 124.95474 124.93806 125.00040 125.06049 125.14283 125.15563 125.17140 125.26029 125.31266 125.39837 125.44937 125.65969 125.69760 125.86900 125.94126 125.97454 126.04440 126.03406 125.87217 125.82537 125.78429 125.70731 125.68729 125.69123 125.89280 125.93966 125.97300 125.90791 125.79840 125.69046 125.68569 125.68014 125.68174 125.70474 125.87154 125.94520 125.96109 125.96783 125.99837 126.07969 126.25611 126.32694 126.35869 126.37931 126.42180 126.45237 126.49600 126.61820 126.68171 126.73091 127.08489 127.14600 127.38406 127.56746 127.66977 127.71026 127.74580 127.89126 127.89683 127.92894 127.98089 128.02534 128.09303 128.19080 128.31823 128.39991 128.40826 128.61940 128.68686 128.76403 128.91977 128.95869 129.03726 129.03089 129.03089 129.03329 129.03649 129.04443 129.15391 129.19997 129.35591 129.41386 129.53071 129.64834 129.66186 129.86114 129.94280 129.93846 129.58251 129.52454 129.43866 129.21226 129.18234 129.16069 129.17697 129.57771 129.64834 129.71146 129.75989 129.80549 129.86743 129.90314 129.92854 129.95946 129.99520 130.03331 130.12080 130.16166 130.15509 130.18089 130.19997 130.21426 130.24440 130.32811 130.79717 130.85471 130.88009 130.91746 130.93331 130.94643 130.95751 130.91803 130.87057 130.83606 130.83249 130.85631 130.85631"/>
<polygon color="rgb(220,220,220)" opacity="100" xc="69.65726 69.74189 69.84829 69.86922 69.88291 69.88589 69.86666 69.85000 69.78889 69.68034 69.67157 69.66752 69.60769 69.52651 69.40726 69.36880 69.34660 69.32692 69.14232 69.10511 69.01452 68.96454 68.95085 69.04914 69.06623 69.11068 69.13377 69.18675 69.38418 69.41754 69.43631 69.44872 69.45728 69.46454 69.47565 69.49445 69.53292 69.56195 69.62137 69.64018 69.65726 69.65726" yc="130.13171 130.17294 130.31029 130.34040 130.36900 130.39760 130.54914 130.56183 130.60629 130.83643 130.87057 130.90631 131.00949 131.13094 131.26620 131.42857 131.45154 131.45869 131.50311 131.50474 131.49203 131.41343 131.27294 130.75631 130.71586 130.65711 130.63803 130.60474 130.50869 130.48326 130.45711 130.42377 130.31266 130.27854 130.25157 130.22534 130.18726 130.16183 130.13091 130.12774 130.13171 130.13171"/>
<polygon color="rgb(220,220,220)" opacity="100" xc="70.89017 70.76665 70.70855 70.54402 70.39957 70.20298 70.18292 70.10298 70.06132 70.04509 70.04615 70.04969 70.09829 70.11668 70.18035 70.20002 70.21838 70.27180 70.29017 70.30855 70.32863 70.44828 70.47117 70.57906 70.61197 70.59338 70.54948 70.56411 70.58377 70.65982 70.79402 70.81283 70.83077 70.84829 70.86454 70.88078 70.91409 71.00042 71.06326 71.08077 71.09958 71.25205 71.23805 71.16795 71.11537 71.09232 71.01452 71.00298 71.00854 71.03118 71.29188 71.38632 71.49445 71.53075 71.54914 71.58675 71.62565 71.64529 71.66154 71.67842 71.69957 71.72437 71.77691 71.82906 71.84657 71.86325 71.91495 71.98055 71.95855 71.92135 71.77223 71.75385 71.50000 71.18848 71.17565 71.19274 71.20940 71.23120 71.24745 71.25835 71.23977 71.22178 71.18334 70.89017 70.89017" yc="131.45634 131.52457 131.64840 131.66029 131.70951 131.78803 131.79757 131.82540 131.82854 131.80234 131.68409 131.61803 131.53486 131.50869 131.43014 131.42057 131.42217 131.43569 131.43729 131.43569 131.42614 131.36343 131.34480 131.14363 130.89957 130.83526 130.77257 130.74520 130.73809 130.71429 130.68169 130.67771 130.67931 130.68649 130.69837 130.74206 130.76426 130.80157 130.82297 130.82694 130.82537 130.71583 130.68883 130.66663 130.65154 130.63449 130.51026 130.48803 130.43289 130.41426 130.42060 130.44677 130.45237 130.45237 130.45074 130.44280 130.42297 130.41106 130.39840 130.37854 130.34003 130.33011 130.34520 130.36343 130.36977 130.37929 130.43449 130.59483 130.61189 130.61980 130.64837 130.64994 130.67931 130.85631 130.95314 130.96266 130.97454 131.00394 131.04760 131.15946 131.21343 131.24040 131.27929 131.45634 131.45634"/>
<polygon color="rgb(220,220,220)" opacity="100" xc="104.33248 104.25942 104.23697 104.21282 104.18034 104.15086 104.12392 103.97051 103.95640 103.97158 103.99231 104.30898 104.33248 104.33248" yc="132.10629 132.19840 132.22217 132.22934 132.22537 132.21426 132.19840 132.10791 132.08886 132.05909 132.05314 132.04837 132.10629 132.10629"/>
<polygon color="rgb(220,220,220)" opacity="100" xc="72.20426 72.04466 71.99274 71.97522 71.95854 71.91965 71.89445 71.86922 71.84871 71.85043 71.86111 71.90255 72.16452 72.18417 72.27735 72.29572 72.31795 72.40686 72.41582 72.43932 72.45640 72.44103 72.40429 72.36795 72.31238 72.27775 72.25983 72.24145 72.22309 72.20426 72.20426" yc="132.15871 132.24637 132.33334 132.38726 132.39994 132.41423 132.40431 132.36903 132.32534 132.19363 132.16666 132.13489 131.99674 131.99040 131.98563 131.98643 132.00314 132.14683 132.14917 132.17023 132.19760 132.21740 132.21506 132.20711 132.18809 132.16903 132.16186 132.15789 132.15711 132.15871 132.15871"/>
<polygon color="rgb(220,220,220)" opacity="100" xc="97.50258 97.53035 97.55126 97.57797 97.56240 97.50171 97.47735 97.46111 97.44274 97.41795 97.37605 97.34315 97.25811 97.22908 97.19871 97.19015 97.15086 97.00854 96.98911 97.00812 97.05214 97.06794 97.16451 97.32009 97.38246 97.41711 97.43462 97.45085 97.47392 97.50258 97.50258" yc="132.23091 132.24757 132.26743 132.32097 132.34440 132.38649 132.40154 132.40871 132.41029 132.41580 132.42777 132.44280 132.48326 132.50151 132.53726 132.55871 132.57774 132.61109 132.59560 132.55711 132.51420 132.50471 132.46426 132.33249 132.27931 132.24834 132.23646 132.22934 132.22697 132.23091 132.23091"/>
<polygon color="rgb(220,220,220)" opacity="100" xc="33.96454 34.00108 34.11238 34.16902 34.16754 34.16154 34.14360 34.12775 34.10148 33.92951 33.94615 33.96454 33.96454" yc="133.85869 133.88249 133.99520 134.23566 134.25231 134.27774 134.30237 134.31189 134.30354 133.86860 133.85471 133.85869 133.85869"/>
<polygon color="rgb(220,220,220)" opacity="100" xc="103.20726 103.20854 103.19615 103.16752 103.13675 103.11026 103.07349 102.92295 102.90171 102.87222 102.86612 102.88632 102.93420 102.97180 103.01880 103.06195 103.11111 103.17223 103.20726 103.20726" yc="134.32060 134.35154 134.37457 134.41029 134.44200 134.46503 134.48411 134.51346 134.51309 134.49126 134.45291 134.42614 134.38803 134.35869 134.33091 134.31426 134.30471 134.30237 134.32060 134.32060"/>
<polygon color="rgb(220,220,220)" opacity="100" xc="103.63825 103.69829 103.72308 103.73931 103.78675 103.83974 103.88846 103.92649 104.01838 104.03602 103.96668 103.79402 103.77265 103.64317 103.62777 103.61197 103.53405 103.37158 103.35342 103.28462 103.23908 103.23162 103.33505 103.36452 103.41111 103.43931 103.45769 103.61752 103.63825 103.63825" yc="134.47694 134.54917 134.57774 134.58806 134.61109 134.62694 134.64597 134.66940 134.73566 134.76026 134.83129 134.82054 134.81740 134.79123 134.78329 134.76026 134.65337 134.45154 134.44517 134.44994 134.45460 134.45234 134.35551 134.33411 134.31266 134.31189 134.31583 134.42951 134.47694 134.47694"/>
<polygon color="rgb(220,220,220)" opacity="100" xc="34.75725 34.76837 34.74957 34.70215 34.67394 34.64955 34.59998 34.52008 34.49871 34.48972 34.46495 34.44871 34.42994 34.41818 34.41560 34.47522 34.48632 34.50085 34.51537 34.53888 34.57263 34.58845 34.60555 34.62992 34.75725 34.75725" yc="134.52300 134.60869 134.61660 134.64597 134.66666 134.68809 134.73249 134.81106 134.83486 134.84674 134.86903 134.87854 134.87457 134.84917 134.81700 134.65946 134.63249 134.60629 134.58091 134.54280 134.50871 134.49917 134.49286 134.48966 134.52300 134.52300"/>
<polygon color="rgb(220,220,220)" opacity="100" xc="53.28975 53.32351 53.36198 53.37234 53.35811 53.26495 53.24445 53.01197 52.99989 53.03462 53.18334 53.20725 53.22991 53.27137 53.28975 53.28975" yc="134.85074 134.88529 134.96740 134.98903 135.01586 135.03649 135.03729 134.96740 134.94797 134.92297 134.86509 134.85631 134.84917 134.84674 134.85074 134.85074"/>
<polygon color="rgb(220,220,220)" opacity="100" xc="102.51323 102.52649 102.50898 102.33077 102.17565 102.14529 102.08291 102.05129 102.01795 101.85128 101.81623 101.80042 101.82522 101.90212 102.12265 102.18717 102.21582 102.24315 102.29614 102.37522 102.43418 102.46752 102.51323 102.51323" yc="135.10791 135.12534 135.14994 135.26026 135.29520 135.29200 135.28011 135.27297 135.26189 135.14283 135.11423 135.09757 135.08331 135.06426 135.05471 135.06663 135.06583 135.06426 135.05554 135.04123 135.04683 135.05711 135.10791 135.10791"/>
<polygon color="rgb(220,220,220)" opacity="100" xc="33.98334 34.00066 34.02652 34.01965 34.00169 33.97266 33.92694 33.74637 33.73032 33.71625 33.92611 33.94703 33.98334 33.98334" yc="135.17294 135.19043 135.60711 135.64597 135.67811 135.68409 135.65709 135.54240 135.50789 135.37531 135.16663 135.16183 135.17294 135.17294"/>
<polygon color="rgb(220,220,220)" opacity="100" xc="33.27949 33.29657 33.38697 33.40748 33.38846 33.32949 33.14188 33.10557 33.09018 33.08442 33.14017 33.15597 33.17865 33.23374 33.25855 33.27949 33.27949" yc="135.62060 135.62697 135.69717 135.82974 135.87771 135.90231 135.90871 135.90394 135.89437 135.78866 135.68009 135.66266 135.64757 135.62217 135.61903 135.62060 135.62060"/>
<polygon color="rgb(220,220,220)" opacity="100" xc="33.63569 33.64745 33.64532 33.59060 33.57906 33.53483 33.50406 33.42263 33.43302 33.45895 33.48208 33.58546 33.63569 33.63569" yc="135.57737 135.60869 135.65511 135.83726 135.86420 135.91029 135.90949 135.66189 135.62257 135.59680 135.59043 135.57060 135.57737 135.57737"/>
<polygon color="rgb(220,220,220)" opacity="100" xc="101.72009 101.78120 101.81794 101.89315 101.90854 101.90212 101.89232 101.86582 101.82265 101.76325 101.72991 101.68548 101.66838 101.65812 101.65171 101.63505 101.61689 101.59018 101.57072 101.48548 101.47992 101.48503 101.49294 101.53034 101.54615 101.57052 101.63762 101.72009 101.72009" yc="135.72380 135.73251 135.73889 135.75234 135.76546 135.79917 135.82220 135.85869 135.90477 135.95869 135.98014 136.02294 136.04914 136.07137 136.09523 136.12934 136.15117 136.15591 136.13369 135.88171 135.83643 135.79677 135.75829 135.72931 135.72620 135.72300 135.71983 135.72380 135.72380"/>
<polygon color="rgb(220,220,220)" opacity="100" xc="33.75385 33.96175 33.96582 33.95642 33.86711 33.84680 33.82432 33.71197 33.69062 33.66817 33.64275 33.64058 33.62649 33.62477 33.67714 33.70812 33.75385 33.75385" yc="135.64363 135.82177 135.85471 135.89043 136.13686 136.16346 136.17854 136.21426 136.21900 136.20749 136.11266 136.08009 135.83331 135.80157 135.63626 135.61586 135.64363 135.64363"/>
<polygon color="rgb(220,220,220)" opacity="100" xc="49.99571 50.03249 50.10214 50.19915 50.24357 50.26154 50.25728 50.24955 50.24295 50.21538 50.17265 50.15300 49.90685 49.92040 49.93634 49.95340 49.97606 49.99571 49.99571" yc="136.06977 136.07849 136.10714 136.16503 136.20151 136.22494 136.30391 136.34600 136.36066 136.37617 136.37774 136.37617 136.26500 136.12594 136.08246 136.07137 136.06820 136.06977 136.06977"/>
<polygon color="rgb(220,220,220)" opacity="100" xc="33.21197 33.29317 33.29060 33.28548 33.26838 33.02906 33.00812 32.97522 32.94614 32.85129 32.82308 32.85083 33.21197 33.21197" yc="136.81663 136.85711 136.87217 136.90154 136.91743 136.93960 136.93803 136.92217 136.90154 136.82060 136.77337 136.76980 136.81663 136.81663"/>
<polygon color="rgb(220,220,220)" opacity="100" xc="29.13934 29.41495 29.43718 29.51237 29.52308 29.49742 29.47820 29.46323 29.12265 29.09551 29.12051 29.13934 29.13934" yc="136.71186 136.82143 136.83569 136.97217 137.00849 137.02774 137.02297 137.01346 136.76346 136.72671 136.70711 136.71186 136.71186"/>
<polygon color="rgb(220,220,220)" opacity="100" xc="33.63375 33.67265 33.70558 33.72500 33.74489 33.76709 33.77138 33.76305 33.73631 33.71668 33.69145 33.67011 33.65258 33.61965 33.54148 33.49552 33.48057 33.45737 33.61282 33.63375 33.63375" yc="136.77851 136.78726 136.80231 136.82100 136.85391 136.93329 136.99754 137.03446 137.06029 137.06823 137.07140 137.06977 137.06349 137.04760 137.00234 136.95989 136.92374 136.81026 136.77691 136.77851 136.77851"/>
<polygon color="rgb(220,220,220)" opacity="100" xc="32.00517 32.00171 32.01218 32.04657 32.09914 32.14914 32.23248 32.43546 32.46068 32.48654 32.51412 32.48546 32.46580 32.38291 32.34318 32.32180 32.26109 32.23078 32.00517 32.00517" yc="137.10549 137.06426 137.02851 136.98643 136.94363 136.91503 136.86820 136.77294 136.77060 136.78051 136.86583 136.99597 137.01983 137.06660 137.07694 137.07537 137.04837 137.02380 137.10549 137.10549"/>
<polygon color="rgb(220,220,220)" opacity="100" xc="31.81858 31.82863 31.82822 31.81772 31.67608 31.61966 31.56195 31.53675 31.47543 31.53483 31.64231 31.72608 31.76625 31.79145 31.81858 31.81858" yc="137.09557 137.12811 137.21583 137.25114 137.34837 137.40631 137.41503 137.40354 137.28526 137.21309 137.15157 137.10549 137.08963 137.08649 137.09557 137.09557"/>
<polygon color="rgb(220,220,220)" opacity="100" xc="30.44058 30.63506 30.87351 30.89060 30.92371 30.94211 30.94958 30.95792 30.94488 30.92863 30.88975 30.87266 30.48931 30.42822 30.38462 30.37308 30.40002 30.44058 30.44058" yc="137.25154 137.29517 137.36903 137.37617 137.40869 137.44203 137.46900 137.49757 137.53251 137.53571 137.52617 137.51980 137.34206 137.30469 137.27457 137.25511 137.24517 137.25154 137.25154"/>
<polygon color="rgb(220,220,220)" opacity="100" xc="85.82586 85.82392 85.79145 85.74015 85.65768 85.62585 85.60640 85.59402 85.48206 85.20726 85.18463 85.04829 85.02777 84.99785 84.98460 84.96454 84.95769 84.95683 84.96260 84.98632 85.10088 85.13888 85.16794 85.23503 85.25895 85.28589 85.33034 85.41368 85.53718 85.55598 85.66111 85.68334 85.74914 85.76622 85.80172 85.89529 85.97949 86.02477 86.09488 86.16452 86.25812 86.67051 87.00088 87.03163 87.05385 87.07049 87.10683 87.13591 87.15597 87.06046 87.04788 87.03334 87.01540 86.85555 86.81923 86.80298 86.75555 86.73846 86.70255 86.68389 86.55940 86.19274 85.90043 85.82586 85.82586" yc="137.48963 137.52097 137.55274 137.58569 137.63723 137.64797 137.63646 137.61823 137.42140 137.36663 137.36743 137.34920 137.34523 137.32297 137.29837 137.22851 137.19360 137.16031 137.04977 137.00077 136.80551 136.75629 136.72057 136.65314 136.63251 136.61263 136.58486 136.54123 136.50474 136.50077 136.48251 136.48171 136.49043 136.49283 136.50077 136.52217 136.53486 136.53806 136.53883 136.53726 136.53251 136.49917 136.46429 136.46506 136.48131 136.49997 136.54757 136.60074 136.65157 137.06503 137.08249 137.09203 137.10154 137.16666 137.18011 137.18411 137.18729 137.18571 137.17774 137.16489 137.18174 137.26026 137.33011 137.48963 137.48963"/>
<polygon color="rgb(220,220,220)" opacity="100" xc="99.00854 99.00254 98.98975 98.96026 98.92092 98.90108 98.88932 98.90491 98.93612 98.96068 99.19828 99.23355 99.23483 99.21111 99.12863 99.00854 99.00854" yc="137.60434 137.62457 137.64360 137.65709 137.66106 137.65154 137.61266 137.45551 137.42100 137.41743 137.46109 137.50031 137.55989 137.57934 137.57774 137.60434 137.60434"/>
<polygon color="rgb(220,220,220)" opacity="100" xc="39.30298 39.37692 39.42437 39.43185 39.41966 39.39700 39.36068 39.34402 39.15343 39.14497 39.22991 39.25728 39.30298 39.30298" yc="137.43486 137.54123 137.65389 137.67931 137.71346 137.73411 137.72223 137.71429 137.60949 137.56146 137.37857 137.37060 137.43486 137.43486"/>
<polygon color="rgb(220,220,220)" opacity="100" xc="31.10171 31.11923 31.13460 31.27094 31.39358 31.41238 31.42008 31.42820 31.40171 31.31666 31.26625 31.12009 31.00685 30.99168 31.00665 31.03375 31.05898 31.10171 31.10171" yc="137.53571 137.54280 137.55234 137.63803 137.75551 137.78806 137.80709 137.84063 137.84357 137.80631 137.78329 137.68089 137.59440 137.57374 137.54720 137.53409 137.53174 137.53571 137.53571"/>
<polygon color="rgb(220,220,220)" opacity="100" xc="97.97906 97.99786 98.04657 98.06668 98.12009 98.00086 97.69231 97.52735 97.53548 97.58332 97.64955 97.74060 97.85169 97.87523 97.91538 97.95854 97.97906 97.97906" yc="137.56503 137.56900 137.59600 137.61029 137.83169 137.86983 137.82771 137.76346 137.66423 137.66106 137.65074 137.63169 137.60317 137.59600 137.58091 137.56426 137.56503 137.56503"/>
<polygon color="rgb(220,220,220)" opacity="100" xc="67.03632 67.02586 67.02309 67.07263 67.06325 66.98674 66.94229 66.86368 66.76495 66.69743 66.65385 66.61452 66.59700 66.55000 66.30428 66.18634 66.17180 66.16794 66.24275 66.25771 66.30128 66.34103 66.36325 66.38505 66.39871 66.40469 66.40169 66.39486 66.37777 66.28718 66.26754 66.24531 66.23034 66.23718 66.26625 66.27906 66.29188 66.33589 66.37178 66.62992 66.65129 66.77437 66.79443 66.81238 66.93848 66.97242 67.07137 67.08289 67.12178 67.12522 67.11154 67.08075 67.03632 67.03632" yc="137.34043 137.41069 137.60711 137.69837 137.73291 137.81583 137.85314 137.91583 137.97531 138.00471 138.01740 138.01026 137.99757 137.95074 137.66543 137.41983 137.37617 137.33686 137.25791 137.24517 137.23014 137.23489 137.22617 137.20751 137.17377 137.14600 137.10391 137.02457 137.01189 136.94837 136.94674 136.95546 136.93249 136.88406 136.78963 136.74834 136.70789 136.60749 136.56269 136.38249 136.37617 136.35869 136.35791 136.36820 136.48726 136.52574 136.71109 136.74203 136.97134 137.01346 137.11700 137.20471 137.34043 137.34043"/>
<polygon color="rgb(220,220,220)" opacity="100" xc="28.13803 28.15898 28.19745 28.23163 28.25235 28.25877 28.26069 28.29317 28.33418 28.37266 28.41752 28.45852 28.44055 28.41711 28.14786 28.13075 28.03932 28.03228 28.03972 28.06089 28.08889 28.11452 28.13803 28.13803" yc="137.77294 137.77534 137.78486 137.79994 137.81663 137.84877 137.89640 137.93966 137.96029 137.96980 137.97297 137.98489 138.03171 138.03089 137.99837 137.99126 137.87420 137.84003 137.81069 137.78686 137.77457 137.77217 137.77294 137.77294"/>
<polygon color="rgb(220,220,220)" opacity="100" xc="83.71882 83.68846 83.65769 83.58846 83.54532 83.49831 83.45128 83.35682 83.24998 83.19360 83.13803 83.08803 83.02734 82.98975 82.94872 82.89829 82.72502 82.69071 82.65789 82.14315 82.09998 82.04017 81.99615 81.95983 81.75043 81.22480 81.19317 81.17200 81.14592 81.04486 81.05149 81.11537 81.17500 81.19211 81.17394 81.15832 81.38246 81.42392 81.46005 81.49743 81.57222 82.01069 82.05597 82.32180 82.60215 82.72777 82.89746 83.15983 83.31623 83.59615 83.76369 84.01238 84.30983 84.36751 84.40982 84.50705 84.57671 84.51668 84.44743 84.36720 84.38762 84.47434 84.53303 84.61366 84.60383 84.56835 84.41795 84.37135 84.32137 84.26326 84.21066 84.02051 83.95428 83.91711 83.75000 83.71882 83.71882" yc="138.00074 138.02137 138.03723 138.06506 138.07694 138.08651 138.09283 138.10471 138.11346 138.10749 138.09283 138.05909 138.01343 137.99363 137.98646 137.99043 138.00669 138.05194 138.09283 137.94126 137.91977 137.88331 137.85314 137.82537 137.59917 136.78963 136.73686 136.69483 136.63251 136.29917 136.24003 136.04200 135.89083 135.82771 135.70074 135.58451 135.15946 135.08806 135.03966 135.01426 134.98723 134.91743 134.91426 134.96106 135.01029 135.03091 135.01586 135.00554 135.04046 135.15786 135.23886 135.29680 135.55231 135.61109 135.66189 135.83091 136.06423 136.52140 136.72771 137.01206 137.06977 137.17143 137.24754 137.47731 137.54280 137.62060 137.80551 137.82851 137.84200 137.84437 137.84917 137.88011 137.89203 137.90474 137.98411 138.00074 138.00074"/>
<polygon color="rgb(220,220,220)" opacity="100" xc="78.42991 78.70469 78.73931 78.76368 78.75792 78.72906 78.56925 78.39231 78.30855 78.26838 78.23568 78.16754 78.17182 78.18463 78.19360 78.30512 78.32351 78.34614 78.41154 78.42991 78.42991" yc="137.62614 137.83011 137.86586 137.91783 137.95791 137.98723 138.11109 138.12377 138.13886 138.14363 138.13646 138.05554 137.84917 137.75871 137.73526 137.64360 137.62931 137.62377 137.61506 137.62614 137.62614"/>
<polygon color="rgb(220,220,220)" opacity="100" xc="73.75385 73.83075 73.84743 73.82689 73.63760 73.51238 73.49145 73.33334 73.31785 73.34357 73.36495 73.42905 73.73460 73.75385 73.75385" yc="138.01740 138.09360 138.12534 138.14520 138.20789 138.24046 138.24440 138.20549 138.18326 138.15311 138.14043 138.11026 138.00869 138.01740 138.01740"/>
<polygon color="rgb(220,220,220)" opacity="100" xc="85.90428 85.92754 86.03494 85.84915 85.81923 85.73888 85.72392 85.70171 85.68035 85.62949 85.59957 85.57395 85.54912 85.53802 85.53695 85.55598 85.75298 85.77822 85.80769 85.83418 85.86069 85.90428 85.90428" yc="137.84597 137.86349 138.08606 138.32854 138.36026 138.44203 138.45237 138.45869 138.46186 138.46429 138.46823 138.45634 138.41500 138.38326 138.35431 138.28094 137.92374 137.88966 137.85434 137.83803 137.83566 137.84597 137.84597"/>
<polygon color="rgb(220,220,220)" opacity="100" xc="29.44229 29.54615 29.64872 29.67862 29.69658 29.62180 29.59400 29.55043 29.53334 29.50512 29.25425 29.11494 29.09955 29.08623 29.14700 29.34446 29.44229 29.44229" yc="138.49757 138.51423 138.52691 138.52774 138.53963 138.64680 138.66743 138.69520 138.70391 138.70869 138.61586 138.55866 138.54917 138.51463 138.48489 138.47377 138.49757 138.49757"/>
<polygon color="rgb(220,220,220)" opacity="100" xc="39.16112 39.20128 39.25643 39.30598 39.32094 39.33398 39.34445 39.34188 39.32222 39.30900 39.28248 39.25728 39.21666 39.18462 39.14872 38.95000 38.90472 38.85214 38.82820 38.59998 38.55600 38.47694 38.44015 38.42351 38.39360 38.33588 38.55771 38.58591 38.64145 38.83117 38.90982 38.93334 39.00512 39.09743 39.16112 39.16112" yc="138.27457 138.28094 138.29917 138.32377 138.33489 138.36186 138.39594 138.44840 138.50311 138.52931 138.57457 138.60474 138.63806 138.65871 138.67771 138.78254 138.79600 138.80634 138.80789 138.81109 138.80951 138.79280 138.78091 138.77297 138.75074 138.70391 138.47851 138.45711 138.42857 138.33726 138.30074 138.29280 138.27380 138.26983 138.27457 138.27457"/>
<polygon color="rgb(220,220,220)" opacity="100" xc="79.27992 79.28462 79.25854 79.23717 78.93932 78.89231 78.71111 78.67094 78.62617 78.69017 78.79358 78.91409 78.93377 78.95897 78.96965 78.94017 78.92072 78.88632 78.85557 78.83205 78.78205 78.75472 78.73417 78.55855 78.54658 78.52349 78.65171 78.67437 78.72605 78.74915 78.77651 78.80512 78.85683 78.89829 78.91452 79.04914 79.06069 79.04648 79.02135 78.99486 78.96240 78.93634 78.89872 78.88505 78.97094 78.99272 79.01708 79.05452 79.07811 79.13506 79.16025 79.18332 79.22605 79.26411 79.27992 79.27992" yc="138.76146 138.91186 138.92854 138.93646 139.00949 139.02060 139.03171 139.02774 139.00057 138.95471 138.91026 138.85869 138.84840 138.83131 138.80314 138.75629 138.73246 138.70709 138.70314 138.70869 138.71503 138.71583 138.70789 138.61826 138.59994 138.49914 138.43014 138.41817 138.40231 138.39677 138.39594 138.39757 138.40786 138.42217 138.43331 138.54917 138.57177 138.59563 138.60871 138.60711 138.59920 138.59760 138.61663 138.63409 138.72617 138.73886 138.73723 138.72471 138.71611 138.69123 138.68806 138.68883 138.70151 138.73089 138.76146 138.76146"/>
<polygon color="rgb(220,220,220)" opacity="100" xc="85.30555 85.33546 85.35340 85.15063 84.98974 84.96625 84.97094 84.95385 84.93589 84.91411 84.78417 84.79531 84.81455 84.85640 84.87092 84.88931 84.91197 85.01114 85.03589 85.25086 85.30555 85.30555" yc="138.71583 138.72217 138.74837 139.01026 139.06503 139.06580 139.06823 139.06823 139.06383 139.05391 138.92854 138.89437 138.85394 138.78806 138.77063 138.75946 138.75314 138.73566 138.73169 138.71106 138.71583 138.71583"/>
<polygon color="rgb(220,220,220)" opacity="100" xc="84.95938 84.96878 84.94977 84.92009 84.86623 84.71560 84.70345 84.61537 84.59315 84.24700 84.22349 84.18375 84.14808 84.01665 84.00469 83.97477 84.00597 84.04615 84.16197 84.20938 84.24403 84.37991 84.40298 84.44703 84.48972 84.56409 84.59229 84.61215 84.60363 84.61132 84.90086 84.95938 84.95938" yc="138.31583 138.50471 138.54997 138.57457 138.60474 138.76903 138.78883 139.06354 139.07771 139.19443 139.19280 139.17060 139.13609 138.92294 138.88886 138.63211 138.58171 138.54200 138.45074 138.41423 138.38963 138.32297 138.31426 138.30554 138.29994 138.26466 138.22771 138.17931 138.14320 138.09820 138.05591 138.31583 138.31583"/>
<polygon color="rgb(220,220,220)" opacity="100" xc="95.21495 95.03889 95.01240 94.80685 94.74017 94.72565 94.70898 94.68760 94.68151 94.71752 94.81925 94.84232 94.86154 94.88674 94.91369 95.09489 95.32435 95.45938 95.50983 95.54188 95.58505 95.61454 95.88206 95.90225 95.87820 95.72049 95.68078 95.21495 95.21495" yc="139.37931 139.42140 139.42534 139.45151 139.45786 139.46580 139.46423 139.44200 139.39417 139.37457 139.35714 139.35869 139.36740 139.37140 139.36980 139.32540 139.25154 139.20471 139.17854 139.15711 139.13883 139.13643 139.13091 139.14697 139.17537 139.22617 139.23883 139.37931 139.37931"/>
<polygon color="rgb(220,220,220)" opacity="100" xc="43.33674 43.53588 43.56538 43.56837 43.53848 43.54788 43.41752 43.21240 43.17011 43.14443 43.10000 43.07948 43.04145 43.00492 42.99145 43.00065 42.99382 42.96452 42.93462 42.90169 42.86708 42.84828 42.74360 42.59615 42.59017 42.68462 42.72308 42.90429 43.06794 43.22265 43.25342 43.29186 43.31454 43.33674 43.33674" yc="138.76269 138.96506 139.03329 139.06426 139.25074 139.33729 139.38249 139.47454 139.49283 139.49757 139.49757 139.49440 139.48411 139.45234 139.42020 139.37734 139.34560 139.30554 139.28249 139.26423 139.24834 139.24280 139.19520 139.11026 139.06346 138.99126 138.97220 138.92457 138.89680 138.81109 138.78969 138.77063 138.76191 138.76269 138.76269"/>
<polygon color="rgb(220,220,220)" opacity="100" xc="61.62394 61.72694 61.75769 61.83248 61.85942 61.87243 61.66432 61.64315 61.62394 61.60212 61.53374 61.49914 61.49594 61.50791 61.53975 61.57820 61.60555 61.62394 61.62394" yc="139.03486 139.11660 139.14443 139.23806 139.29283 139.32497 139.58129 139.57771 139.56426 139.53729 139.44754 139.34837 139.30157 139.26623 139.23091 139.15949 139.03329 139.03486 139.03486"/>
<polygon color="rgb(220,220,220)" opacity="100" xc="61.68075 61.67094 61.64060 61.62095 61.42991 61.42222 61.48931 61.53846 61.57180 61.61154 61.66922 61.68075 61.68075" yc="139.77177 140.01666 140.03331 140.02934 139.94837 139.85151 139.83726 139.82166 139.81106 139.78963 139.75234 139.77177 139.77177"/>
<polygon color="rgb(220,220,220)" opacity="100" xc="45.88654 45.95578 45.93289 45.90726 45.84058 45.82052 45.80171 45.78632 45.67266 45.64742 45.64571 45.65595 45.64828 45.63482 45.61411 45.56752 45.51369 45.38805 45.33974 45.31752 45.29060 45.23080 45.19106 45.18035 45.19146 45.21026 45.50214 45.52735 45.58932 45.60385 45.66709 45.67906 45.69360 45.71454 45.73974 45.76237 45.81409 45.88654 45.88654" yc="139.42020 139.73649 139.75234 139.75791 139.75869 139.76266 139.77217 139.78329 139.90234 139.93449 139.96343 139.98883 140.00631 140.02497 140.04203 140.05951 140.07537 140.09917 140.10471 140.10471 140.07377 140.00157 139.74997 139.36026 139.32617 139.30869 139.17140 139.16583 139.17297 139.18649 139.32143 139.33963 139.35234 139.35474 139.34920 139.34043 139.32697 139.42020 139.42020"/>
<polygon color="rgb(220,220,220)" opacity="100" xc="46.14892 46.18932 46.18634 46.10640 46.07223 46.00685 45.95429 45.82565 45.79315 45.75597 45.75726 45.78932 45.84252 45.87480 45.90512 45.96923 46.09572 46.12135 46.14892 46.14892" yc="139.83289 140.01109 140.03969 140.26426 140.29280 140.33566 140.37220 140.27774 140.24083 140.11980 140.08331 140.02460 139.94003 139.91106 139.88966 139.85949 139.83246 139.82771 139.83289 139.83289"/>
<polygon color="rgb(220,220,220)" opacity="100" xc="43.59358 43.61323 43.75449 43.85000 43.85172 43.81495 43.79188 43.75598 43.68972 43.60255 43.56242 43.53932 43.51772 43.51068 43.54522 43.57309 43.59358 43.59358" yc="140.23886 140.24440 140.29320 140.44957 140.47971 140.56423 140.59837 140.61903 140.61586 140.61031 140.60231 140.58371 140.54914 140.51026 140.26226 140.23646 140.23886 140.23886"/>
<polygon color="rgb(220,220,220)" opacity="100" xc="60.74998 60.83654 60.82949 60.81240 60.69445 60.67778 60.64229 60.62308 60.60302 60.55598 60.53035 60.50258 60.47352 60.39872 60.36943 60.34488 60.34060 60.34274 60.59488 60.65298 60.74998 60.74998" yc="140.57851 140.64757 140.76426 140.80311 140.97137 140.99206 141.02774 141.04360 141.05629 141.06820 141.07054 141.06820 141.06183 141.02137 140.99280 140.94283 140.90631 140.77854 140.59360 140.56740 140.57851 140.57851"/>
<polygon color="rgb(220,220,220)" opacity="100" xc="79.36583 79.29443 79.27563 79.24617 79.11838 79.06623 78.88912 78.88569 78.84745 78.67692 78.52265 78.50086 78.48335 78.38549 78.23674 78.12777 78.11198 78.09402 78.02605 78.01112 77.98977 77.95297 77.91711 77.87778 77.84274 77.84872 77.86195 77.89829 77.91795 78.01966 78.09402 78.12777 78.15235 78.16968 78.31495 78.40983 78.49403 78.56242 78.66540 78.70726 78.72263 78.86923 78.88418 78.90085 78.89637 78.90597 79.03418 79.07392 79.11965 79.14766 79.27308 79.39058 79.51025 79.67383 79.58332 79.56966 79.55172 79.52949 79.47906 79.39017 79.36583 79.36583" yc="141.08486 141.11426 141.12060 141.11743 141.08009 141.06106 140.95611 140.89877 140.74603 140.40949 140.29280 140.28646 140.28569 140.29200 140.26743 140.23171 140.21823 140.18963 140.03649 139.98806 139.93131 139.88094 139.83960 139.80471 139.78171 139.62414 139.59517 139.56503 139.55469 139.51820 139.50711 139.51426 139.53291 139.57534 139.63646 139.64914 139.66423 139.68169 139.71583 139.73886 139.75154 139.89603 139.91106 139.94877 140.00034 140.03491 140.16740 140.18883 140.20949 140.24680 140.54674 140.60154 140.68089 140.84480 141.04043 141.05786 141.07137 141.07931 141.08803 141.07931 141.08486 141.08486"/>
<polygon color="rgb(220,220,220)" opacity="100" xc="-8.13248 -8.11880 -8.10983 -8.11115 -8.19703 -8.21195 -8.25509 -8.33892 -8.47268 -8.49915 -8.53845 -8.55812 -8.55791 -8.50298 -8.48465 -8.44143 -8.36923 -8.30431 -8.28635 -8.22778 -8.20214 -8.15002 -8.13248 -8.13248" yc="140.89240 140.93806 140.99126 141.02377 141.09997 141.11029 141.12457 141.13569 141.15157 141.15314 141.14283 141.12457 141.09323 141.05866 141.04994 141.03486 141.01663 140.99440 140.98566 140.94443 140.92220 140.87137 140.89240 140.89240"/>
<polygon color="rgb(220,220,220)" opacity="100" xc="61.03162 61.09446 61.12052 61.29657 61.30917 61.26368 61.23805 61.22865 61.07392 60.78205 60.76751 60.74698 60.75662 60.98248 61.00428 61.03162 61.03162" yc="140.67374 140.71263 140.73014 140.99440 141.06543 141.17140 141.19123 141.26323 141.24120 141.07614 141.06423 141.03966 140.94840 140.68089 140.67060 140.67374 140.67374"/>
<polygon color="rgb(220,220,220)" opacity="100" xc="81.61409 81.57180 81.52775 81.47178 81.42222 81.36366 81.33848 81.30214 81.24745 81.13974 81.09488 81.00255 80.98762 80.94808 80.95086 81.04572 81.07478 81.09872 81.14188 81.17138 81.20982 81.27437 81.32649 81.35683 81.60171 81.61538 81.62629 81.64615 81.84702 81.94317 81.97095 81.99015 82.03632 82.08034 82.08632 82.07926 81.99102 81.97477 81.95685 81.92626 81.90642 81.87157 81.83974 81.68889 81.65597 81.61409 81.61409" yc="141.12931 141.14283 141.16106 141.19200 141.22374 141.26186 141.27214 141.26980 141.25231 141.21343 141.19357 141.14760 141.12774 140.76306 140.70709 140.51820 140.46900 140.43883 140.39994 140.37929 140.35946 140.33486 140.33329 140.34123 140.40711 140.55829 140.58963 140.61623 140.77854 140.84677 140.86186 140.86740 140.87454 140.95551 141.06977 141.09677 141.19677 141.20631 141.20909 141.18529 141.16900 141.15194 141.14363 141.12777 141.12457 141.12931 141.12931"/>
<polygon color="rgb(220,220,220)" opacity="100" xc="44.53378 44.52095 44.50298 44.21280 44.19145 44.08438 44.06411 44.02180 44.12692 44.20469 44.22478 44.24914 44.26540 44.32671 44.25898 44.24446 44.22006 44.19689 44.24145 44.26108 44.27906 44.42268 44.60212 44.60597 44.53378 44.53378" yc="141.44126 141.51109 141.52854 141.66191 141.65951 141.63886 141.61983 141.52931 141.46031 141.42377 141.42934 141.42614 141.41580 141.34997 141.14517 141.12020 141.10474 141.09000 141.06263 141.05311 141.06106 141.14680 141.28649 141.39120 141.44126 141.44126"/>
<polygon color="rgb(220,220,220)" opacity="100" xc="51.28762 51.26625 51.24360 51.19743 51.17522 51.30128 51.33718 51.46325 51.50043 51.52734 51.59702 51.64529 51.69062 51.71966 51.77178 51.79443 51.80725 51.83848 51.86369 51.89229 51.92522 51.94786 52.05642 52.08482 52.15597 52.15983 52.15726 52.14978 52.09785 52.09915 52.07351 52.04657 52.02395 52.00555 51.98888 51.97222 51.85897 51.82094 51.79678 51.77757 51.76089 51.73291 51.68974 51.59828 51.44105 51.28762 51.28762" yc="141.62777 141.65234 141.66269 141.66426 141.65514 141.49997 141.46346 141.35711 141.33566 141.32694 141.32140 141.31346 141.29443 141.27057 141.20869 141.17060 141.14363 141.10714 141.08246 141.05949 141.03726 141.02774 140.99440 140.99600 141.30789 141.33726 141.38091 141.41623 141.56029 141.58289 141.61029 141.61983 141.62060 141.59794 141.57297 141.56106 141.51743 141.50394 141.52057 141.56029 141.58606 141.60231 141.60789 141.61186 141.61186 141.62777 141.62777"/>
<polygon color="rgb(220,220,220)" opacity="100" xc="96.44617 96.43397 96.35812 96.31623 96.26923 96.17778 96.10875 96.08334 96.03375 95.90257 95.88505 95.86668 95.83503 95.81069 95.79209 95.77371 95.79700 95.93505 95.95898 96.00171 96.02223 96.04058 96.14188 96.16540 96.18203 96.15535 96.07822 96.10640 96.16498 96.19531 96.32522 96.38292 96.41857 96.44617 96.44617" yc="141.57417 141.59597 141.65234 141.67140 141.68251 141.68649 141.65474 141.62100 141.59917 141.54837 141.54363 141.54597 141.55551 141.55789 141.55034 141.48131 141.46746 141.42934 141.43014 141.44680 141.44997 141.44757 141.41423 141.41580 141.42857 141.46351 141.49163 141.51189 141.52300 141.52534 141.52300 141.51666 141.52180 141.57417 141.57417"/>
<polygon color="rgb(220,220,220)" opacity="100" xc="53.09402 52.90429 52.88377 52.65555 52.63162 52.44743 52.43077 52.29165 52.32180 52.34018 52.36666 52.46240 52.50428 52.51968 52.61965 52.60088 52.58846 52.58032 52.56986 52.59105 52.71283 52.73846 52.75685 52.77778 52.81668 52.82092 52.84869 52.83418 52.81668 52.77865 52.74315 52.72349 52.70717 52.73418 52.75852 52.78078 52.87051 52.89189 52.91325 53.01582 53.03503 53.05255 53.22692 53.28891 53.28782 53.26840 53.15000 53.09402 53.09402" yc="141.61583 141.75551 141.76026 141.80786 141.81189 141.71266 141.70074 141.37297 141.00949 140.99834 140.98966 140.97377 140.97931 140.99440 141.37617 141.41580 141.44283 141.46980 141.59123 141.60789 141.58566 141.57931 141.56823 141.54363 141.44997 141.42217 141.15234 141.13491 141.12614 141.11269 141.09357 141.07374 140.94503 140.91666 140.91269 140.91186 140.90951 140.91031 140.91186 140.92934 140.93566 140.94523 141.09523 141.42534 141.46109 141.47931 141.57217 141.61583 141.61583"/>
<polygon color="rgb(220,220,220)" opacity="100" xc="-13.64657 -13.65642 -13.72480 -13.77865 -13.87738 -14.00512 -14.03118 -14.05086 -14.06794 -14.15343 -14.20425 -14.21880 -14.25812 -14.34191 -14.35575 -14.05814 -14.03245 -13.92780 -13.89874 -13.88165 -13.84015 -13.81108 -13.76282 -13.70771 -13.66625 -13.64657 -13.64657" yc="141.67340 141.69957 141.74440 141.77060 141.80951 141.85154 141.85711 141.85074 141.84283 141.80154 141.77691 141.76663 141.73091 141.64600 141.62534 141.51666 141.51189 141.63011 141.65157 141.65951 141.66900 141.66589 141.65391 141.64600 141.65554 141.67340 141.67340"/>
<polygon color="rgb(220,220,220)" opacity="100" xc="95.50726 95.52265 95.64357 95.65982 95.58505 95.54978 95.46711 95.44655 95.42948 95.26409 95.00172 95.01709 95.30855 95.38118 95.48420 95.50726 95.50726" yc="141.49123 141.50474 141.71980 141.93249 142.00234 142.02417 142.01823 142.01426 142.00554 141.90077 141.70471 141.62934 141.52534 141.50474 141.48251 141.49123 141.49123"/>
<polygon color="rgb(220,220,220)" opacity="100" xc="-6.52766 -6.46175 -6.42691 -6.46752 -6.63035 -6.90274 -6.83506 -6.77403 -6.87518 -6.83463 -6.78440 -6.79575 -6.82818 -6.88483 -6.91706 -6.97097 -7.02308 -7.09017 -7.13143 -7.20938 -7.56197 -7.68714 -7.92702 -8.12822 -8.06109 -7.94455 -7.96303 -8.05658 -8.08891 -8.18975 -8.28055 -8.32820 -8.38246 -8.43971 -8.56005 -8.92031 -8.99145 -9.00115 -8.93972 -8.66966 -8.62646 -8.44826 -8.55408 -8.70985 -8.84105 -8.95597 -9.06925 -9.10855 -9.15875 -9.17926 -9.15597 -9.11303 -8.80126 -8.49937 -8.58246 -8.66882 -8.69062 -8.87697 -8.92691 -8.97137 -9.00020 -9.05942 -9.17155 -9.20843 -9.23011 -9.15086 -9.08594 -9.04997 -8.98972 -8.93545 -8.87565 -8.38600 -8.34060 -8.29534 -8.24786 -8.09660 -8.05123 -8.00255 -7.96038 -7.89851 -7.69808 -7.64318 -7.58485 -7.56680 -7.53998 -7.46583 -7.42437 -7.35857 -7.32460 -7.29486 -7.18380 -6.97908 -6.86111 -6.82482 -6.75172 -6.70298 -6.56583 -6.50898 -6.55475 -6.60052 -6.69402 -6.73245 -6.78165 -6.82414 -6.84958 -6.87606 -6.90552 -6.93955 -7.07306 -7.17798 -7.18422 -7.19178 -7.04102 -6.97097 -6.88800 -6.84442 -6.75495 -6.58355 -6.58146 -6.48418 -6.28545 -6.09914 -6.06366 -6.03206 -5.96451 -5.92392 -5.87392 -5.84402 -5.76838 -5.82309 -5.87205 -5.95617 -6.02822 -6.08335 -6.11968 -6.16135 -6.19811 -6.24915 -6.29211 -6.32817 -6.52766 -6.52766" yc="141.64740 141.76740 141.82934 141.91106 142.04520 142.03440 141.94520 141.84340 141.55071 141.45594 141.39023 141.33051 141.29917 141.26740 141.26263 141.27291 141.29243 141.33886 141.35946 141.37497 141.38646 141.38329 141.35906 141.20134 140.94760 140.78946 140.74103 140.76386 140.77537 140.81503 140.86700 140.92297 140.94917 140.95791 140.96783 140.90874 140.85431 140.77537 140.69357 140.43766 140.41503 140.33923 140.33486 140.41506 140.50749 140.61506 140.72420 140.73171 140.66820 140.58923 140.40789 140.25966 140.13169 140.06643 140.01743 139.98011 139.97694 139.96900 139.96980 139.98846 140.02114 140.07454 140.12851 140.09640 139.84534 139.78486 139.74680 139.72931 139.70634 139.70077 139.70394 139.82234 139.79674 139.79043 139.79043 139.81026 139.81346 139.80786 139.76089 139.71546 139.69183 139.69166 139.73309 139.84377 139.91463 139.93251 139.93963 139.90103 139.85394 139.81580 139.69840 139.39123 139.20431 139.18174 139.16346 139.15157 139.13091 139.14206 139.23866 139.29023 139.32857 139.34523 139.37374 139.42097 139.48409 139.56940 139.62929 139.67220 139.80471 139.88329 139.92217 140.03766 140.29240 140.32217 140.33726 140.34200 140.33686 140.52814 140.62406 140.78171 140.97297 141.14363 141.15789 141.17771 141.23729 141.27374 141.32617 141.37454 141.55669 141.64760 141.60994 141.47377 141.45237 141.45077 141.51029 141.58289 141.59954 141.58806 141.55471 141.53966 141.64740 141.64740"/>
<polygon color="rgb(220,220,220)" opacity="100" xc="80.08206 80.06835 80.05214 80.04017 80.02651 80.01112 79.97178 79.87692 79.78162 79.76280 79.74743 79.72222 79.58738 79.59442 79.60468 79.62928 79.64808 79.62266 79.59871 79.38418 79.25728 79.23118 79.19614 79.11409 79.09785 79.05300 79.03375 78.99571 78.96240 78.93037 78.89574 78.82434 78.79488 78.75428 78.72906 78.70555 78.66923 78.64874 78.65983 78.68077 78.70983 78.74229 78.76625 78.83545 78.89402 78.92608 78.94574 78.97778 79.00597 79.03677 79.05940 79.09529 79.11323 79.22308 79.38803 79.52011 79.73846 79.89188 80.05255 80.08377 80.08206 80.08206" yc="141.84757 141.90949 141.94757 141.96737 141.98486 141.99834 142.02380 142.08409 142.12137 142.14443 142.14997 142.14917 142.08726 142.03889 142.01663 141.97414 141.92731 141.89600 141.88569 141.83809 141.85551 141.85869 141.85237 141.81823 141.80551 141.76423 141.73886 141.66269 141.62380 141.59123 141.55631 141.50629 141.48886 141.46903 141.46189 141.45154 141.41423 141.37197 141.32177 141.30237 141.28969 141.29366 141.30237 141.33566 141.37137 141.39757 141.42377 141.44997 141.45711 141.45711 141.45551 141.44603 141.43331 141.39677 141.48809 141.55154 141.63011 141.69360 141.78566 141.81863 141.84757 141.84757"/>
<polygon color="rgb(220,220,220)" opacity="100" xc="73.06495 73.12735 73.14765 73.13803 72.97863 72.87694 72.80342 72.65214 72.62137 72.60406 72.54935 72.52863 72.49445 72.51537 72.73846 72.80172 73.01112 73.06495 73.06495" yc="142.01426 142.02854 142.04994 142.17617 142.22457 142.25471 142.27060 142.29757 142.30071 142.30271 142.29557 142.28646 142.21943 142.20237 142.09520 142.07537 142.01189 142.01426 142.01426"/>
<polygon color="rgb(220,220,220)" opacity="100" xc="77.80406 77.78078 77.76325 77.72777 77.67263 77.41112 77.30983 77.29785 77.27989 77.13418 76.96495 76.81068 76.72437 76.63505 76.60514 76.56497 76.54360 76.51666 76.47778 76.43891 76.41580 76.39422 76.40085 76.35172 76.32477 76.20514 76.16838 76.15149 76.14826 76.15406 76.12308 75.92348 75.80503 75.69017 75.67780 75.68548 75.70255 75.75211 75.77906 76.03418 76.16497 76.21240 76.37906 76.59274 76.61451 76.85214 76.89765 76.93249 76.96240 77.01925 76.93634 76.87265 76.79786 76.82694 76.86454 76.88932 76.93078 76.96282 76.98397 77.48974 77.53803 77.58205 77.62308 77.71966 77.91582 77.95128 77.95383 77.80406 77.80406" yc="142.24957 142.27137 142.28251 142.29597 142.30551 142.32731 142.24597 142.22534 142.15080 142.11740 142.06660 142.14203 142.18729 142.26860 142.28009 142.28406 142.28171 142.27217 142.24757 142.22297 142.21186 142.23011 142.26466 142.28329 142.28569 142.26266 142.25311 142.23331 142.20197 142.17460 142.05949 142.13886 142.13746 142.00314 141.96066 141.93009 141.91503 141.90551 141.90311 141.90709 141.89997 141.87534 141.75629 141.67614 141.51666 141.42217 141.40629 141.41266 141.43491 141.50114 141.62537 141.67774 141.79300 141.83649 141.84363 141.83886 141.82457 141.80471 141.78051 141.73963 141.75074 141.76980 141.79043 141.84600 141.96583 141.99837 142.02931 142.24957 142.24957"/>
<polygon color="rgb(220,220,220)" opacity="100" xc="71.27011 71.29475 71.24103 71.21805 71.23718 71.38163 71.42049 71.47351 71.49038 71.41923 71.02692 70.98418 70.96325 70.94315 70.92180 70.90298 70.89658 70.90983 70.92477 71.06625 71.11238 71.20342 71.24831 71.27011 71.27011" yc="142.05709 142.08469 142.13009 142.15274 142.18254 142.22851 142.23094 142.23809 142.25431 142.27931 142.35791 142.35551 142.35154 142.33889 142.30949 142.26663 142.22457 142.19757 142.18409 142.11266 142.09360 142.06660 142.05554 142.05709 142.05709"/>
<polygon color="rgb(220,220,220)" opacity="100" xc="73.18805 73.19038 73.18037 73.15985 73.05042 72.99103 72.86708 72.82991 72.81071 72.78677 72.97780 72.99786 73.03677 73.05640 73.12223 73.16285 73.18805 73.18805" yc="142.24163 142.27577 142.32811 142.34920 142.44046 142.45946 142.48883 142.50311 142.50231 142.43091 142.28803 142.27611 142.25869 142.25234 142.23249 142.22377 142.24163 142.24163"/>
<polygon color="rgb(220,220,220)" opacity="100" xc="59.19998 59.27606 59.28718 59.29743 59.37051 59.35469 59.33249 59.30857 59.26795 58.87011 58.88418 59.13805 59.15471 59.17649 59.19998 59.19998" yc="142.08963 142.15874 142.18174 142.21429 142.49997 142.51420 142.51583 142.51186 142.50151 142.25869 142.24043 142.08091 142.07771 142.07694 142.08963 142.08963"/>
<polygon color="rgb(220,220,220)" opacity="100" xc="50.20791 50.24240 50.07822 49.87735 49.83077 49.75385 49.71015 49.60768 49.41495 49.35086 49.31455 49.27052 49.22158 49.17137 49.14200 49.10128 49.05706 49.00938 48.91955 48.87649 48.79700 48.74166 48.67052 48.72263 48.77563 48.83160 48.90554 48.94063 48.98140 49.12092 49.22852 49.16891 49.09914 48.84829 48.79317 48.74360 48.71303 48.68591 48.63760 48.56412 48.47157 48.41325 48.35588 48.30566 48.31645 48.35235 48.38548 48.52863 48.58131 48.54189 48.49615 48.44871 48.38911 48.33931 48.29168 48.31069 48.37072 48.41625 48.48782 48.54037 48.63192 48.60471 48.55172 48.40940 48.28377 48.15042 48.11825 48.03932 48.00300 47.68160 47.63803 47.43332 47.32608 47.22458 46.95323 46.90211 46.78203 46.82692 46.88718 46.93974 46.99689 47.00000 47.02628 47.05642 47.21325 47.28120 47.31368 47.32820 47.36838 47.41177 47.62458 47.58568 47.54485 47.57308 47.71218 47.74486 47.92394 47.96929 47.90834 47.88429 47.91795 48.11582 48.43160 48.48740 48.53675 48.60685 48.61880 48.59188 48.59243 48.65149 48.81666 48.85600 48.82714 48.79082 48.82905 48.86111 49.03868 49.07820 49.10597 49.14403 49.18760 49.35598 49.65045 49.74274 49.87863 49.91795 49.99058 50.04998 50.49060 50.54102 50.57629 50.62180 50.89060 51.12563 51.20385 51.49145 51.53289 51.84660 51.90211 52.07732 52.31560 52.52349 52.54102 52.62135 52.90000 52.93248 52.97863 53.01182 53.11323 53.43375 53.52349 53.48526 53.34082 53.29508 53.25534 53.19275 53.15898 53.09232 53.06109 53.03334 52.99957 52.96026 52.88292 52.82458 52.81517 52.67543 52.58418 52.54786 52.41220 52.34658 52.37906 52.41946 52.37905 52.23932 52.20512 52.06954 52.07351 52.10772 52.12288 52.05169 52.00729 51.95235 51.96366 51.98246 52.00255 52.04222 51.99615 51.84402 51.81495 51.53462 51.32648 50.96452 50.83758 50.67009 50.61742 50.60065 50.45085 50.42094 50.33611 50.29211 50.26195 50.22992 50.17638 50.02446 50.05832 50.08932 50.14637 50.20791 50.20791" yc="141.97057 142.00671 142.17220 142.23409 142.25311 142.29517 142.33289 142.43251 142.52857 142.54917 142.55314 142.54917 142.53409 142.49954 142.44143 142.36663 142.32174 142.30391 142.29060 142.25394 142.14760 142.05117 141.71106 141.68649 141.67217 141.64797 141.53966 141.47457 141.43251 141.33963 141.26800 141.21283 141.21109 141.38566 141.44680 141.50909 141.55351 141.59120 141.61737 141.64443 141.66823 141.67140 141.64123 141.54303 141.47577 141.44720 141.43254 141.38489 141.34203 141.31900 141.31980 141.32377 141.34717 141.35531 141.27691 141.23011 141.14880 141.11466 141.09083 141.05114 140.92914 140.86697 140.85154 140.83249 140.84203 140.61980 140.55134 140.50154 140.48723 140.38966 140.38806 140.39520 140.42777 140.45354 140.36523 140.29123 140.06266 139.99757 139.95314 139.90711 139.82514 139.72894 139.68329 139.66903 139.62534 139.59754 139.57934 139.56823 139.51906 139.49997 139.60671 139.67814 139.71266 139.76663 139.85471 139.85549 139.81026 139.74600 139.66583 139.56109 139.50671 139.40311 139.27851 139.27574 139.28571 139.33786 139.41263 139.47217 139.57534 139.59637 139.51940 139.47734 139.39837 139.29966 139.23883 139.20237 139.06503 139.05989 139.08683 139.12651 139.12614 139.07297 138.94914 138.86820 138.76029 138.73326 138.69123 138.67097 138.60394 138.61111 138.62617 138.67217 138.62774 138.52931 138.49997 138.41423 138.41740 138.48786 138.54954 138.73489 138.91583 139.00949 139.05709 139.24440 139.29443 139.29366 139.26697 139.17394 139.17694 139.42894 139.57457 139.61423 139.70117 139.71226 139.70431 139.67617 139.65471 139.60471 139.57851 139.54363 139.52300 139.51506 139.50474 139.53071 139.60829 139.68726 139.62929 139.78011 139.99874 140.13051 140.19206 140.24400 140.39920 140.64600 140.66266 140.47831 140.29440 140.15629 140.08389 140.08963 140.10946 140.16660 140.40554 140.62537 140.67140 140.73629 140.86109 140.99043 141.01343 141.17060 141.24914 141.39874 141.49517 141.63649 141.70869 141.76880 141.90709 141.93009 141.98963 141.97851 141.91346 141.81543 141.70117 141.91146 141.95311 141.95866 141.95749 141.97057 141.97057"/>
<polygon color="rgb(220,220,220)" opacity="100" xc="50.24998 50.23162 50.23395 50.26538 50.25855 50.22949 50.09615 50.07135 50.05169 50.03675 50.02031 50.01112 50.01709 50.03034 50.05255 50.07865 50.12565 50.28034 50.29403 50.30898 50.33248 50.35514 50.39937 50.41731 50.40918 50.38462 50.35022 50.32308 50.30512 50.27669 50.24998 50.24998" yc="142.55074 142.56863 142.61266 142.66186 142.69677 142.71263 142.74837 142.75157 142.74520 142.73014 142.70469 142.62217 142.59440 142.56823 142.56109 142.55471 142.55314 142.48409 142.45789 142.44597 142.43649 142.43566 142.45669 142.48806 142.53014 142.54677 142.55554 142.55157 142.54203 142.53889 142.55074 142.55074"/>
<polygon color="rgb(220,220,220)" opacity="100" xc="66.01326 65.97863 65.95643 65.93354 65.99774 65.97180 65.95257 65.90726 65.88185 65.86495 65.81152 65.76195 65.74522 65.74272 65.72648 65.68078 65.62777 65.60642 65.57588 65.59402 65.61580 65.63762 65.66238 65.68077 65.70448 65.72991 65.73375 65.72949 65.76154 65.78334 65.80085 65.82518 65.85257 65.87265 65.89403 65.92606 65.94612 65.99358 66.02092 66.05128 66.07649 66.10255 66.12457 66.15042 66.17649 66.21197 66.24831 66.26709 66.31068 66.33634 66.36240 66.41066 66.51452 66.54189 66.59317 66.67351 66.85771 66.88674 66.91878 66.93891 66.97095 66.98546 66.96625 66.94231 66.91686 66.91580 66.91066 66.86666 66.84594 66.85300 66.78974 66.77135 66.75129 66.70812 66.66111 66.63292 66.52135 66.49529 66.46325 66.42180 66.37437 66.34786 66.29912 66.27306 66.16283 66.13974 66.11838 66.07435 66.05598 66.01326 66.01326" yc="143.28649 143.28251 143.28491 143.26286 143.20769 143.19754 143.20071 143.19477 143.17374 143.16663 143.17537 143.17771 143.18157 143.18089 143.18486 143.16346 143.16743 143.16346 143.13763 143.11026 143.10314 143.10154 143.09523 143.08806 143.07257 143.03926 143.00789 142.96703 142.92934 142.91823 142.91269 142.90711 142.90631 142.89683 142.88174 142.84997 142.83643 142.82217 142.82217 142.82614 142.83329 142.85354 142.87971 142.90000 142.89683 142.87060 142.83806 142.82614 142.80631 142.79914 142.79597 142.78409 142.77060 142.76980 142.76266 142.76426 142.79280 142.79440 142.80157 142.81106 142.85631 142.88331 142.90237 142.90789 142.92020 142.95074 143.00154 143.03566 143.05551 143.08963 143.15551 143.16743 143.17691 143.19043 143.19440 143.18646 143.12457 143.11343 143.10629 143.12217 143.13646 143.13966 143.15154 143.15474 143.18171 143.18966 143.22594 143.26269 143.27931 143.28649 143.28649"/>
<polygon color="rgb(220,220,220)" opacity="100" xc="27.91838 28.19168 28.00514 27.68545 27.52054 27.46709 27.37777 27.32737 27.24743 27.22392 27.19968 27.21923 27.38931 27.43077 27.47692 27.55342 27.61069 27.66922 27.77735 27.91838 27.91838" yc="143.69994 143.73920 143.74357 143.81823 143.86740 143.87931 143.88963 143.89283 143.89440 143.89120 143.86483 143.83409 143.75394 143.73566 143.72134 143.70234 143.69203 143.68566 143.68409 143.69994 143.69994"/>
<polygon color="rgb(220,220,220)" opacity="100" xc="21.09574 21.07223 20.81538 20.77629 20.80342 20.82351 20.85212 21.04103 21.09060 21.33955 21.32222 21.24703 21.16411 21.13805 21.09574 21.09574" yc="144.43803 144.43486 144.39440 144.34680 144.31980 144.31186 144.31109 144.32460 144.33014 144.38329 144.39597 144.41580 144.42931 144.42854 144.43803 144.43803"/>
<polygon color="rgb(220,220,220)" opacity="100" xc="20.18226 20.16238 19.74872 19.69318 19.66708 19.63377 19.60597 19.54188 19.53591 19.54871 19.57606 19.66154 19.68931 19.71797 19.94443 20.11797 20.17008 20.18226 20.18226" yc="144.42891 144.44597 144.53883 144.54760 144.54597 144.54046 144.53131 144.48966 144.46263 144.44283 144.42931 144.39757 144.39363 144.39283 144.41820 144.40786 144.41106 144.42891 144.42891"/>
<polygon color="rgb(220,220,220)" opacity="100" xc="2.94403 2.92437 2.90002 2.78718 2.74398 2.71668 2.69383 2.55215 2.87268 2.89146 2.90086 2.89203 2.91669 2.94403 2.94403" yc="144.59874 144.63563 144.65154 144.71031 144.72774 144.73171 144.71346 144.40194 144.48329 144.50634 144.54840 144.56349 144.55949 144.59874 144.59874"/>
<polygon color="rgb(220,220,220)" opacity="100" xc="45.80363 45.81794 45.66238 45.63631 45.61965 45.46517 45.44443 45.43206 45.41538 45.39231 45.36623 45.15085 45.13165 45.11026 45.10557 45.10557 45.11325 45.12800 45.18377 45.38591 45.42691 45.72906 45.75383 45.77949 45.80363 45.80363" yc="144.15474 144.46977 144.58091 144.58409 144.59440 144.71386 144.74283 144.76980 144.78089 144.78646 144.78966 144.77060 144.67934 144.55471 144.52457 144.49443 144.46660 144.44794 144.40949 144.29523 144.27534 144.15157 144.14286 144.14040 144.15474 144.15474"/>
<polygon color="rgb(220,220,220)" opacity="100" xc="90.04360 89.92777 89.77775 89.64486 89.54658 89.48972 89.45897 89.40897 89.35983 89.21751 89.19914 89.18972 89.17949 89.16603 89.14189 89.11025 89.08035 89.05002 89.02135 89.00406 89.02285 89.00171 88.97437 88.91965 88.90169 88.88246 88.88569 88.92523 89.05814 89.08206 89.10469 89.17138 89.24358 89.30620 89.32949 89.64145 89.76238 90.00685 90.03932 90.07522 90.10298 90.12991 90.15002 90.17008 90.24400 90.24315 90.21923 90.19829 90.17049 90.10942 90.04360 90.04360" yc="145.75077 145.76743 145.81426 145.84437 145.86583 145.91743 145.92063 145.91109 145.89834 145.85634 145.82337 145.66503 145.60869 145.56386 145.52300 145.49600 145.48489 145.47774 145.47694 145.49597 145.52180 145.53249 145.53723 145.53329 145.52771 145.51583 145.48766 145.37929 145.17534 145.17060 145.17060 145.17534 145.18486 145.19880 145.22577 145.35709 145.40237 145.43649 145.43566 145.43729 145.44203 145.45074 145.46263 145.48449 145.68051 145.71983 145.74206 145.74837 145.75394 145.74917 145.75077 145.75077"/>
<polygon color="rgb(220,220,220)" opacity="100" xc="90.54871 90.59614 90.65191 90.67651 90.70129 90.71303 90.67135 90.64272 90.58760 90.54017 90.46068 90.43332 90.41582 90.38866 90.37649 90.38012 90.40086 90.54871 90.54871" yc="145.94997 145.96980 146.01383 146.05234 146.12217 146.15054 146.16269 146.15789 146.14123 146.12060 146.07374 146.05154 146.03011 145.98331 145.94363 145.91506 145.89320 145.94997 145.94997"/>
<polygon color="rgb(220,220,220)" opacity="100" xc="51.58248 51.48377 51.46623 51.44103 51.41368 51.36838 51.30640 51.32085 51.34062 51.41837 51.44445 51.56282 51.58248 51.58248" yc="146.36900 146.52217 146.54043 146.54917 146.55311 146.54440 146.54320 146.37594 146.34360 146.31583 146.30951 146.30354 146.36900 146.36900"/>
<polygon color="rgb(220,220,220)" opacity="100" xc="87.51240 87.57532 87.55340 87.48889 87.46537 87.42009 87.40003 87.12778 87.10985 87.11668 87.13460 87.15768 87.19915 87.23462 87.30020 87.28460 87.26708 87.27392 87.31540 87.38675 87.44103 87.55469 87.59917 87.65342 87.69745 87.71709 87.73418 87.72843 87.68075 87.64937 87.67691 87.70343 87.81282 87.88846 87.92349 87.95083 87.96858 87.96325 87.79360 87.74252 87.71495 87.68932 87.66708 87.63163 87.57306 87.49317 87.51240 87.51240" yc="147.09360 147.24420 147.27534 147.31820 147.32691 147.33251 147.33009 147.22137 147.20354 147.10231 147.08886 147.07934 147.05631 147.02063 146.89163 146.84680 146.79757 146.75071 146.71106 146.67537 146.66426 146.61106 146.55631 146.56426 146.58329 146.59597 146.61543 146.64960 146.72057 146.86863 146.90154 146.91266 146.93806 146.94517 146.95071 146.95943 146.97811 147.00669 147.16903 147.20194 147.20394 147.18409 147.14286 147.09003 147.04683 147.00234 147.09360 147.09360"/>
<polygon color="rgb(220,220,220)" opacity="100" xc="88.06026 88.08848 88.11155 88.12949 88.15214 88.18078 88.19829 88.21325 88.17778 88.16026 88.13974 88.11282 88.08420 88.02906 87.98975 87.80814 87.77137 87.74145 87.63622 87.64166 87.66069 87.67863 87.71923 87.76925 87.89617 87.92478 87.95255 88.02094 88.06026 88.06026" yc="147.23411 147.24043 147.25311 147.27137 147.30709 147.35631 147.38806 147.43211 147.55074 147.57457 147.58646 147.59520 147.59997 147.60231 147.59757 147.56980 147.55634 147.53331 147.39400 147.35314 147.33089 147.31743 147.29597 147.27774 147.23963 147.23489 147.23171 147.22934 147.23411 147.23411"/>
<polygon color="rgb(220,220,220)" opacity="100" xc="87.12266 87.15002 87.17051 87.18203 87.19592 87.22522 87.25726 87.28845 87.30855 87.35214 87.42992 87.45983 87.43463 87.39915 87.37051 87.36411 87.31795 87.26752 87.15640 87.09445 87.00771 86.99978 87.02009 87.03291 87.04872 87.06666 87.08545 87.12266 87.12266" yc="147.29837 147.30709 147.33769 147.39440 147.43529 147.49120 147.53649 147.56583 147.57851 147.60074 147.62377 147.65429 147.69200 147.70629 147.71106 147.71026 147.70469 147.69123 147.59520 147.52614 147.41860 147.39163 147.35234 147.33411 147.31743 147.30391 147.29837 147.29837 147.29837"/>
<polygon color="rgb(220,220,220)" opacity="100" xc="53.32308 53.34657 53.36840 53.44348 53.42178 53.40512 53.38206 53.34060 53.30940 53.25511 53.19871 53.16880 53.15340 53.09712 53.12137 53.17566 53.23375 53.32308 53.32308" yc="147.80391 147.80789 147.82057 148.08926 148.11506 148.12300 148.12614 148.12060 148.11583 148.10317 148.08249 148.06903 148.05394 147.83483 147.81029 147.79994 147.79837 147.80391 147.80391"/>
<polygon color="rgb(220,220,220)" opacity="100" xc="96.60532 96.63548 96.72394 96.85171 96.88526 96.97606 97.26389 97.24231 97.30042 97.46902 97.52608 97.55982 97.59123 97.63931 97.70363 97.75052 97.80342 98.13674 98.23503 98.37171 98.33805 98.24580 98.18825 98.16635 98.46165 98.46580 98.45854 98.42712 98.38248 98.33695 98.31932 98.48208 98.59531 98.63568 99.18162 99.35171 99.39315 99.43375 99.48760 99.66069 99.76175 99.83931 99.92692 99.97691 100.01240 100.04743 100.08571 100.14743 100.17777 100.23460 100.26878 100.29851 100.33537 100.37477 100.64143 100.61066 100.56263 100.45512 100.38334 100.47406 100.48932 100.61949 100.78206 100.80257 100.89529 100.98522 101.03269 101.11515 101.11857 101.12308 101.11645 101.09252 101.03226 100.87649 100.81454 100.66325 100.46283 100.36068 100.25940 100.13312 100.10258 100.09948 100.28334 100.50129 100.72308 100.98805 101.05728 101.20812 101.28718 101.42382 101.47265 101.55685 101.78805 101.85043 101.92735 102.50828 102.35257 102.15985 101.83718 101.60514 101.56582 101.52606 101.43718 101.37523 101.29508 101.23718 101.23912 101.28845 101.32455 101.35685 101.35855 101.29786 101.30085 101.30951 101.20662 101.16283 101.07137 101.03572 101.02351 100.99123 100.94914 100.99488 101.03451 101.04465 101.00663 100.86069 100.82178 100.79125 100.83311 100.87565 100.91709 100.93289 100.88292 100.83055 100.69146 100.63032 100.44488 100.39231 100.34274 100.28975 100.19894 100.11368 99.82435 99.68846 99.53848 98.99592 98.90888 98.92703 99.15598 99.19614 99.03805 98.93943 98.84166 98.77343 98.75055 98.50514 98.35682 98.30298 98.16177 98.17255 98.27182 98.40811 98.45468 98.52520 98.55834 98.68991 98.66795 98.54252 98.50448 98.40383 98.32009 98.27906 98.17052 98.14700 98.18163 98.23162 98.23055 98.21026 98.20385 98.25298 98.27437 98.31858 98.40929 98.42991 98.44102 98.50054 98.52906 98.55278 98.58794 98.66326 98.81132 98.81815 98.81495 98.80620 98.79755 98.89040 98.96411 99.00597 99.05728 99.09529 99.13398 99.23546 99.25940 99.26795 99.30577 99.42265 99.49871 99.62735 99.89743 99.95298 100.14402 100.18292 100.25811 100.28654 100.34400 100.39969 100.50940 100.58677 100.59017 100.85428 100.87671 100.93675 100.99103 101.04698 101.10257 101.14508 101.17009 101.12755 101.07280 101.03118 101.00555 101.01922 101.06883 101.22948 101.27651 101.31366 101.34435 101.34680 101.35983 101.40383 101.52371 101.48226 101.44477 101.46112 101.52562 101.67906 101.66305 101.63355 101.62478 101.64315 101.67649 102.10022 102.19871 102.23398 102.26262 102.27606 102.23683 102.21798 102.16143 102.09488 102.07126 102.12948 102.22898 102.26038 102.31538 102.39317 102.64145 102.86068 102.90138 102.99274 103.00255 103.05208 103.00982 102.98649 103.05128 103.18675 103.30598 103.36625 103.38760 103.62865 103.77522 103.81240 103.88248 104.01240 104.17478 104.48034 104.57435 104.77178 105.03889 105.17222 105.31709 105.45426 105.55235 105.61458 105.58751 105.66388 105.74231 105.81197 105.93697 105.97457 106.02457 106.07563 106.19957 106.20512 106.17158 106.08118 105.93995 105.80555 105.44529 105.42297 105.53226 105.58248 105.59229 105.70128 105.79637 105.75385 105.66748 105.61011 105.55128 105.43269 105.38974 105.34445 105.29220 105.22478 105.20298 105.03077 104.94188 104.79295 104.73382 104.77094 104.73942 104.65642 104.59229 104.56154 104.47265 104.23034 103.90469 103.84017 103.75812 103.57265 103.50214 103.14103 103.09295 102.94358 102.89102 102.78505 102.64231 102.59445 102.52051 102.50385 102.58954 102.71068 102.64743 102.56026 102.41602 102.28082 102.32608 102.39989 102.44818 102.37351 102.34082 102.18375 102.15342 102.10512 102.08334 102.05065 101.97735 101.77522 101.75138 101.67222 101.52478 101.47263 101.43846 101.39402 101.43032 101.50257 101.55598 101.65662 101.70854 101.84231 101.88211 101.80575 101.59594 101.48375 101.35855 101.17308 100.91966 100.76280 100.59531 100.59231 100.59254 100.52863 100.50258 100.45385 100.44828 100.43397 100.39317 100.27989 100.20940 100.18891 100.14723 100.14402 100.15065 100.16282 100.18418 100.20834 100.26623 100.29788 100.30449 99.97349 99.84445 99.66325 99.43665 99.47735 99.59486 99.64209 99.78760 100.13845 100.17905 100.19146 100.19894 100.19985 100.21580 100.30257 100.45598 100.50011 100.43654 100.30171 100.02308 99.96794 99.93118 99.74232 99.68802 99.61945 99.48803 99.40000 99.02842 98.96946 98.92778 98.89551 98.85172 98.82286 98.77906 98.74615 98.70171 98.64572 98.60469 98.56988 98.49295 98.39658 98.06282 97.91475 97.80408 97.62991 97.57072 97.52182 97.34018 97.30769 97.17809 97.16354 97.28660 97.43014 97.64957 97.68248 97.71988 97.79617 97.84402 98.08805 98.26197 98.42351 98.45083 98.53355 98.62071 98.82392 98.93974 99.23685 99.26817 99.29272 99.49700 99.52949 99.58462 99.69274 99.76452 100.04231 100.10512 100.19489 100.34743 100.37489 100.41325 100.48249 100.63548 100.76945 100.88248 101.04229 101.15942 101.20129 101.16026 101.12500 101.10555 101.11966 101.14531 101.24145 101.28388 101.13568 100.96283 100.82394 100.72243 100.94380 101.05300 101.08525 101.17372 101.21368 101.29595 101.21282 101.18675 100.95940 100.61945 100.55214 100.52180 100.39935 100.35535 100.31346 100.26837 100.12822 100.00469 99.44658 99.39314 99.31197 99.23546 98.95642 98.71922 98.33589 98.11537 97.99060 97.81283 97.35000 97.04680 96.98334 96.93589 96.89871 96.81922 96.78803 96.60042 96.10555 95.83163 95.42522 95.20192 95.14315 95.10897 95.07349 95.02009 94.94872 94.85768 94.82842 94.80642 94.75726 94.72543 94.68675 94.65918 94.62008 94.59060 94.56089 94.31497 94.10511 93.93762 93.89445 93.82092 93.76282 93.70108 93.66752 93.42265 93.20352 93.15298 93.12349 93.07158 93.03589 93.00898 92.98997 92.93375 92.86154 92.83163 92.60642 92.46282 92.35769 92.24083 92.18632 92.13675 91.88760 91.83035 91.79358 91.59828 91.55940 91.52775 91.47874 91.42306 91.36625 91.32606 91.16368 91.12414 90.78932 90.64103 90.60342 90.54606 90.50406 90.48206 90.45514 90.32948 90.30898 90.47031 90.59443 90.80982 90.88762 90.93332 90.97394 91.04529 91.08846 91.18868 91.23163 91.40597 91.42669 91.43462 91.45257 91.53462 91.59700 91.78203 91.84657 91.95982 91.98760 91.98985 92.02288 92.10343 92.18012 92.29402 92.41411 92.55469 92.63632 92.71923 92.41732 92.31455 92.26860 92.21325 91.99338 91.94188 91.88803 91.79657 91.71837 91.59358 91.54017 91.46454 91.11495 91.10026 90.91325 90.70834 90.74038 90.79914 90.83888 91.10769 91.14357 91.17926 91.33075 91.65534 91.88845 92.04958 92.08995 92.15386 92.24060 92.32394 92.35642 92.48952 92.51240 92.55342 92.60685 92.78249 92.80257 92.92649 93.14657 93.17649 93.38932 93.41091 93.41368 93.43802 93.49498 93.54937 93.60897 93.65555 93.67394 93.68803 93.70022 93.71217 93.75483 94.03549 94.31326 94.42138 94.45085 94.47606 94.50554 94.70386 94.81623 95.04360 95.08558 95.16325 95.17805 95.42265 95.47820 95.83632 96.04058 96.19443 96.26242 96.31623 96.35065 96.56625 96.57095 96.55494 96.55406 96.65514 96.68183 96.70469 96.74040 96.77563 96.81752 96.89785 96.97777 96.96026 96.96111 96.97691 96.99914 97.04574 97.09337 97.13548 97.34872 97.38334 97.67392 97.70043 97.73888 97.77072 97.81326 97.83589 97.97822 98.21026 98.32842 98.39486 98.42351 98.46366 98.49146 98.53462 98.58760 98.61837 98.66091 98.71131 98.84958 98.93762 99.09231 99.19743 99.25129 99.28546 99.57691 99.63645 99.71497 100.15386 100.42306 100.52394 100.58463 100.75383 100.81409 100.84585 100.90769 100.96988 101.13417 101.19231 101.29508 101.33205 101.43503 101.57522 101.82714 102.00482 102.07734 102.12822 102.20685 102.35469 102.50471 102.71902 102.83269 102.90383 103.46623 103.73503 103.93762 103.96837 103.99872 104.11860 104.20171 104.30385 104.61740 104.66112 104.76495 104.83569 104.92649 104.98295 105.01629 105.20983 105.25620 105.26186 105.19915 105.12094 105.07317 105.01220 105.04488 105.15255 105.25598 105.37606 105.49572 105.70854 106.07351 106.40214 106.59914 106.65469 106.78825 106.88526 106.92874 106.98632 107.07009 107.13846 107.19315 107.23825 107.32777 107.40855 107.46495 107.51623 107.68462 107.83805 107.90726 107.95674 107.96502 107.92489 107.87800 107.97992 108.03332 108.10214 108.32271 108.43206 108.52757 108.61965 108.87865 108.94403 108.99103 109.04786 109.08526 109.09209 109.13098 109.16666 109.21089 109.31175 109.29423 109.24045 109.35171 109.56111 109.65108 109.81037 109.85812 109.80214 109.73440 109.72478 109.80877 110.14189 110.27008 110.30555 110.44402 110.74743 110.78975 110.81411 110.84808 110.94317 111.17009 111.23878 111.25395 111.39315 111.61897 111.65940 111.90212 111.93354 112.08888 112.14732 112.18760 112.29914 112.38217 112.60289 112.67008 112.78505 113.12478 113.31283 113.48334 113.52842 113.81026 114.00512 114.30877 114.32863 114.34272 114.29658 114.06495 113.91282 113.57628 113.55406 113.74102 113.95598 114.11537 114.18077 114.38606 114.39140 114.34358 114.29829 114.25728 114.20469 114.20854 114.25354 114.22969 114.10811 113.86325 113.60992 113.54223 113.42863 113.15620 113.09578 113.14402 113.29786 113.34434 113.38846 113.45683 113.54855 113.59355 113.78589 113.87645 113.75214 113.67363 113.73075 113.78332 113.90957 113.93855 114.00962 114.16495 114.21005 114.24637 114.18922 114.03889 113.97178 113.93526 113.90363 113.75257 113.87585 114.03206 114.09060 114.14488 114.14658 114.10128 114.01945 113.91688 113.78332 113.59295 113.75983 113.80065 113.84680 113.90086 113.94017 113.97029 114.03098 114.10260 114.22874 114.23717 114.14237 114.14146 114.02865 113.99552 113.95098 113.91318 113.88394 113.85428 113.80903 113.83974 113.89317 113.89892 113.79598 113.72692 113.66880 113.62223 113.44678 113.52477 113.62178 113.76091 113.82900 113.86903 113.80108 113.73248 113.60642 113.51774 113.35342 113.32223 112.88825 112.81346 113.00854 113.05534 113.10342 113.16880 113.20566 113.18568 113.15642 113.11669 112.91794 112.88258 112.82949 112.61965 112.52180 112.42842 112.35918 112.28503 112.21325 112.13632 112.10726 111.93375 111.86858 111.87180 111.84369 111.78762 111.81026 111.83762 111.84188 111.82286 111.73291 111.61325 111.55897 111.48385 111.55748 111.64743 111.71152 111.82351 111.84232 112.07478 112.18414 112.13034 111.96752 111.81026 111.73952 111.71409 111.64871 111.58718 111.29360 110.98228 110.86882 110.81945 110.77178 110.72180 110.49572 110.45598 110.22222 110.19060 110.12768 110.39308 110.43635 110.47897 110.52334 110.65154 110.98355 111.08162 110.85342 110.72522 110.53278 110.48137 110.44497 110.26752 109.92265 109.43035 109.16495 109.13868 109.16346 109.20182 109.19765 109.11238 108.98122 108.72349 108.49488 108.42435 108.36795 108.28697 108.08012 108.04871 107.98462 107.91294 107.84935 107.90983 107.96368 108.01468 107.97863 107.93548 107.79702 107.76325 107.65428 107.48675 107.24702 107.20598 107.06495 107.09274 107.12737 107.17863 107.24678 107.38045 107.40738 107.34851 107.22863 107.08697 107.06294 107.38118 107.47992 107.51560 107.53291 107.30212 107.26326 107.23289 107.18345 107.14252 107.01674 106.90469 106.86582 106.69298 106.53466 106.40812 106.33803 106.32735 106.37392 106.51623 106.60751 106.66060 106.69445 106.83034 106.91217 107.10322 107.14145 107.48291 107.58658 107.55769 107.52217 107.56495 107.70897 107.88045 107.91880 107.96026 107.99529 108.06837 108.11069 108.14209 108.26175 108.31369 108.40683 108.50492 108.55940 108.62522 108.66666 108.70962 108.92094 108.96497 109.04274 109.05342 109.11965 109.15726 109.21217 109.26026 109.29445 109.34968 109.31069 109.22008 109.16795 109.22691 109.32692 109.41538 109.48334 109.52692 109.57863 109.60897 109.67223 109.72608 109.76154 109.79615 109.83440 110.07735 110.19222 110.12254 109.68760 109.41966 109.15469 108.82180 108.45545 108.33602 108.40854 108.44615 108.50726 108.56240 108.65215 108.80086 108.84871 108.93762 109.05512 109.35108 109.44615 109.47971 109.54188 109.59380 109.65429 109.70343 109.78974 109.83589 109.88825 110.07095 110.11912 110.17991 110.23975 110.39914 110.61592 110.46540 110.42906 110.37649 110.49402 110.53803 110.69188 110.90726 110.95985 111.09188 111.16452 111.20685 111.23803 111.27757 111.34531 111.50257 111.65780 111.62115 111.56923 111.40342 111.29488 111.23429 111.27265 111.35683 111.39871 111.50854 111.55555 111.65042 111.70769 111.76972 111.61678 111.46795 111.42735 111.34402 111.30575 111.25385 111.22008 111.09594 111.00888 110.90685 110.86069 110.76708 110.60000 110.54531 110.49423 110.47282 110.39488 110.26452 110.17275 110.08675 109.90642 109.70791 109.49262 109.37820 109.20929 109.28505 109.38297 109.31197 109.27308 109.22500 109.26111 109.28248 109.29678 109.29680 109.17917 109.02565 108.86035 108.85534 108.81729 108.64060 108.66303 108.85149 108.91202 108.96522 108.99362 109.03792 109.02265 108.99018 108.77863 108.59829 108.27949 108.19315 108.15942 108.10769 108.06966 108.04306 108.01897 108.01012 108.01249 107.86837 107.82415 107.78318 107.96308 107.99668 108.12822 108.29103 108.31709 108.40128 108.46752 108.56634 108.48034 108.41325 108.35342 108.28332 108.00300 107.74486 107.74825 107.81795 107.84957 107.90171 107.93932 108.09980 108.13323 108.03440 107.99786 107.90962 107.86025 107.81091 107.74658 107.67094 107.62771 107.55555 107.50085 107.45769 107.24631 107.25298 107.35897 107.39103 107.45875 107.50214 107.52188 107.57726 107.42137 107.29594 106.96112 106.78034 106.64103 106.64443 106.66068 106.71368 106.74360 106.78803 106.90428 107.14503 106.97180 106.94328 106.86452 106.92478 106.97094 107.14658 107.21646 107.26175 107.39146 107.37660 107.29038 107.19145 107.15512 107.04777 107.04594 106.99786 106.96497 106.95642 107.01882 107.01198 107.03643 107.19743 107.20085 107.20311 107.03757 106.94125 106.90683 106.87685 106.92243 106.97235 107.06709 107.10685 107.17906 107.18035 106.94508 106.90962 106.88472 106.85512 106.78418 106.76282 106.67414 106.72351 106.74486 106.76025 106.77083 106.73911 106.70182 106.66323 106.61291 106.57778 106.53514 106.33846 106.44957 106.50043 106.55765 106.56048 106.52477 106.48846 106.28120 106.23675 106.10385 106.04914 106.01452 105.85615 105.90642 106.00906 106.03782 105.97286 105.92457 105.76197 105.64914 105.55694 105.51005 105.38503 105.49403 105.55598 105.60428 105.67649 105.72906 105.78408 105.66838 105.62768 105.55363 105.51903 105.46080 105.52906 105.55320 105.57351 105.63846 105.61817 105.58311 105.52586 105.46069 105.32948 105.27308 104.96940 104.91991 104.74635 104.69594 104.60160 104.49563 104.56966 104.79445 104.92180 104.98075 105.07257 105.11318 104.93162 104.75428 104.67645 104.63888 104.49509 104.42885 104.40491 104.51977 104.59615 104.65885 104.68686 104.66026 104.57820 104.49594 104.53771 104.68932 104.80300 104.91709 104.97863 105.10043 105.14269 105.09103 105.05629 104.76709 104.55192 104.45385 104.31966 104.25834 104.34615 104.43462 104.60726 104.58035 104.36497 104.06752 103.84145 103.78717 103.73526 103.77628 103.80834 103.85588 104.02820 104.25428 104.52471 104.40255 104.32309 104.26538 104.11323 103.89402 103.85298 104.13675 104.51238 104.61325 104.75128 104.86837 105.09958 105.14723 105.11068 105.02737 104.92948 104.88845 104.91794 104.97072 105.00875 105.05257 105.07020 104.95795 104.88423 104.81495 104.78514 104.76314 104.87709 104.93723 105.12478 105.15663 105.15298 105.15994 105.32135 105.35940 105.40054 105.56325 105.60683 105.59828 105.55897 105.46111 105.40791 105.36069 105.28377 105.13846 104.83738 104.59486 104.69605 104.77820 104.82478 104.91902 104.89700 104.78248 104.55426 104.52180 104.35342 104.26069 104.08483 104.04423 103.90642 103.80471 103.78365 103.95898 104.14060 104.31966 104.50512 104.77223 104.79252 104.78462 104.62457 104.58760 104.55406 104.49412 104.43312 104.40449 104.43803 104.52074 104.49700 104.42800 104.38911 104.30726 104.20257 104.11538 103.92065 103.82691 103.78803 103.72692 103.66143 103.61837 103.58675 103.60663 103.78952 103.83077 103.93226 103.98508 104.01880 104.13772 104.04937 103.97991 103.93103 103.86828 103.86742 103.84220 103.79957 103.82820 103.88571 103.92212 103.85855 103.82178 103.75257 103.68312 103.62137 103.42651 103.33494 103.25171 103.16389 102.93431 102.92232 102.92062 102.87865 102.84360 102.56111 102.60812 102.65962 102.77951 102.83138 102.86025 102.78418 102.75482 102.88162 103.00726 103.04743 103.13077 103.33546 103.41709 103.47649 103.50812 103.55514 103.60428 103.63846 103.71817 103.71134 103.68654 103.60417 103.34145 103.42052 103.52522 103.64968 103.66197 103.75855 103.73442 103.66260 103.44102 103.01923 102.93889 102.87298 102.74829 102.70512 102.65512 102.52632 102.48389 102.41812 102.25683 102.22266 102.18306 102.26154 102.32863 102.46291 102.49329 102.56042 102.81666 103.11540 103.20640 103.31485 103.31325 103.22222 103.19808 103.02565 102.90342 102.78418 102.62351 102.59082 102.71325 102.82800 102.81026 102.76218 102.67008 102.56517 102.70938 102.74317 102.80566 102.87992 102.61325 102.50555 102.29529 101.94702 101.90320 101.84606 101.67352 101.47074 101.55640 101.59060 101.62863 101.82735 101.92002 102.18345 102.34317 102.39829 102.43205 102.52360 102.47180 102.24743 102.07051 101.97858 101.95688 101.89938 101.81828 101.88726 101.91315 101.92598 101.92094 101.85977 101.44542 101.47415 101.52392 101.61880 101.68163 101.74400 101.82808 101.86880 101.96069 101.73718 101.70300 101.52906 101.48911 101.47843 101.35855 101.44958 101.33848 101.29188 101.22243 101.14143 101.13889 101.18718 101.23418 101.26305 101.28334 101.30726 101.28377 101.20514 101.13075 101.04457 100.97394 100.79700 100.76169 100.83632 100.91943 100.96162 100.97158 100.92895 100.78334 100.40726 100.28612 100.28185 100.53077 100.75425 100.80672 100.95855 100.89142 100.69957 100.65469 100.62094 100.55363 100.48377 100.39174 100.42543 100.54912 100.59531 100.64571 100.68077 100.80400 100.83422 100.86755 100.81345 100.71808 100.65126 100.59957 100.54251 100.23878 100.25106 100.12137 99.95426 99.83077 99.80600 99.77948 99.65566 99.68685 99.75171 99.79574 99.91454 100.01577 99.94914 99.91838 99.79058 99.76046 99.69098 99.64955 99.49422 99.42308 99.33335 99.22777 99.18802 99.23397 99.28803 99.36026 99.40169 99.49231 99.53889 99.66025 99.74729 99.77072 99.82308 99.88332 99.95172 100.01626 99.98183 99.92180 99.80438 99.73291 99.69732 99.59914 99.45555 99.15451 99.23805 99.32651 99.43997 99.30255 99.27137 99.24425 99.12457 99.05557 99.09614 99.00597 98.95278 98.91283 98.85972 98.85791 98.89763 98.99700 99.10222 99.14531 99.17658 99.46238 99.49620 99.30042 99.24232 99.20460 99.12211 99.15748 99.21089 99.23409 99.13077 99.05512 99.02525 98.98397 98.93035 98.80385 98.63760 98.47908 98.52134 98.65983 98.71795 98.77528 98.70342 98.53495 98.48072 98.40428 98.33545 98.30363 98.41197 98.54532 98.64617 98.64402 98.49443 98.56518 98.51037 98.42937 98.38794 98.37095 98.35491 98.32169 98.42778 98.55343 98.55535 98.35715 98.29168 97.92100 97.86368 97.74251 97.61240 97.45897 97.49275 97.22908 97.10855 97.01860 96.95557 96.93686 96.77991 96.75108 96.70042 96.66089 96.41111 96.19382 96.05215 96.02286 95.93034 95.91305 95.83183 95.82477 95.80214 95.91794 95.92597 95.84917 95.79008 95.84680 95.88965 95.80940 95.72692 95.66783 95.64903 95.67928 95.57394 95.41795 95.39743 95.37435 95.20285 95.23312 95.28335 95.31154 95.42309 95.47552 95.51405 95.54528 95.59722 95.53408 95.50194 95.51432 95.54145 95.54838 95.44743 95.42115 95.37200 95.17371 95.11560 95.11475 95.12543 95.12694 95.09874 95.02948 94.93889 94.91549 94.91902 94.91154 94.75298 94.62178 94.54574 94.41760 94.34255 93.99358 93.89957 93.67394 93.58034 93.55258 93.52265 93.38206 93.32349 93.28669 93.44229 93.50555 93.53462 93.56711 93.64445 94.03975 94.26171 94.57137 94.60983 94.65855 94.85128 94.85160 94.88845 94.90898 94.94168 94.99892 95.03546 95.07072 95.06195 95.05129 94.93717 94.88760 94.85255 94.82092 94.83291 94.77917 94.45897 94.38931 94.22006 94.08972 93.85812 93.79742 93.69486 93.64617 93.60942 93.41666 93.30940 93.24871 93.21282 93.16071 93.07200 93.00811 92.95958 92.91071 92.88462 92.73163 92.62094 92.59082 92.51838 92.44531 92.41368 92.34660 92.23118 92.06731 92.34957 92.59103 92.56495 92.51454 92.50162 92.51709 92.75471 92.81538 92.81635 92.75172 92.79872 92.82522 92.90597 92.94186 92.99615 93.14123 93.14605 93.11495 93.08718 93.12906 93.18162 93.30342 93.30834 93.26795 93.13632 93.09274 93.06388 93.03131 93.01945 93.05812 93.12265 93.16305 93.19935 93.20695 93.27671 93.40643 93.47992 93.47949 93.45449 93.21154 93.16797 92.99957 92.87725 92.69835 92.70706 92.80342 92.85662 92.87457 92.85020 92.81902 92.77020 92.72563 92.67948 92.68632 92.73206 92.77225 92.80085 92.83248 92.89466 93.01411 92.90769 92.91452 92.92222 92.73397 92.67862 92.38805 92.26025 92.22202 92.17520 92.13462 92.05428 92.00385 91.96102 91.78760 91.57565 91.52734 91.42157 91.36838 91.33677 90.92265 90.85257 91.12177 91.40554 91.45086 91.48503 91.54380 91.79058 91.85169 91.97351 92.47349 92.55812 92.75897 92.87565 92.91752 92.92928 92.86618 92.90689 92.77480 92.66977 92.68546 92.73088 92.69403 92.64905 92.58505 92.69445 92.77478 92.83782 92.77565 92.75374 92.89872 92.93588 93.02605 93.08206 93.17138 93.21089 93.25598 93.27651 93.27991 93.14829 93.12755 93.08805 93.05625 92.99358 92.91305 92.83805 92.80257 92.79051 92.84251 92.85405 92.83952 92.79552 92.75298 92.70123 92.69734 92.64786 92.56966 92.47820 92.52603 92.47991 92.44958 92.41925 92.17222 92.17565 92.14274 92.07928 91.82223 91.66645 91.48077 91.45685 91.29786 91.11795 90.87789 90.82008 90.75169 90.50045 90.33045 90.16923 89.95255 89.84786 89.73549 89.72908 89.70363 89.45642 89.41512 89.52286 89.62051 89.55471 89.61368 89.76409 89.80043 89.92255 89.88717 89.77734 89.54574 89.50852 89.34018 89.30980 89.32918 89.27148 89.14274 89.10212 88.76389 88.82648 88.87372 88.93208 88.98462 89.05482 89.10128 89.17223 89.21529 89.16711 88.91794 88.86923 88.83545 88.73546 88.69915 88.62798 88.54060 88.43118 88.32478 88.29152 88.26797 88.31649 88.11582 88.07906 88.16925 88.20658 88.27800 88.31366 88.27394 88.11709 87.84702 87.58462 87.48932 87.40769 87.37329 87.36560 87.12309 86.91878 86.69497 86.64082 86.40300 86.32477 86.24572 86.19412 85.93588 85.56325 85.50855 85.43460 85.34488 85.26238 85.16025 85.11026 85.07648 85.04358 84.98942 85.08738 85.13505 85.20172 85.29926 85.27435 85.23377 85.19872 85.12480 85.08162 84.97349 84.79071 84.74060 84.71026 84.60342 84.33165 84.13120 84.06711 83.99658 83.87223 83.76945 83.72840 83.60480 83.53068 83.44360 83.33632 83.24775 83.35402 83.47760 83.50889 83.52349 82.85682 82.58803 82.45854 82.30983 82.06837 81.92008 81.65257 81.42518 80.99232 80.75638 80.71495 80.68375 80.48122 80.44402 80.05683 80.02606 79.98269 79.86922 79.84145 79.76422 79.75300 79.78215 79.82288 79.85895 79.87778 79.88546 79.98611 80.00342 80.03226 80.10557 80.16666 80.28205 80.39362 80.45598 80.51155 80.58117 80.63803 80.80438 80.74272 80.65726 80.62135 80.59402 80.69905 80.67372 80.58332 80.49403 80.36751 80.38975 80.40002 80.42394 80.45895 80.21838 80.17051 80.11452 80.06965 79.74531 79.72320 79.81325 79.87906 80.03803 80.16080 80.12223 80.22094 80.44915 80.65897 80.74011 80.60000 80.43162 80.34488 80.26282 80.32737 80.45469 80.49914 80.55577 80.61751 80.65597 80.69317 80.73589 80.79060 80.82394 80.87688 80.80000 80.66537 80.47394 80.43160 80.40172 80.39148 80.47426 80.54411 80.61111 80.81238 80.77392 80.68677 80.62403 80.62735 80.69423 80.73975 81.05258 81.11880 81.18077 81.23772 81.27094 81.36625 81.43868 81.49017 81.53248 81.60512 81.65471 81.70811 81.75458 81.76272 81.81772 81.90938 81.88717 81.77223 81.43075 81.22008 80.88078 80.96335 81.07617 81.02520 80.93931 80.90342 80.87266 80.71132 80.76565 80.86745 81.00897 81.05182 80.99445 80.88163 80.83697 80.74742 80.72365 80.63811 80.44529 80.41238 80.35726 80.30918 80.36431 80.42352 80.42863 80.38462 80.34722 80.30940 80.24529 80.20674 80.13878 80.16655 80.25940 80.32212 80.49274 80.26666 80.22798 80.17778 80.10726 80.06858 79.85205 79.86666 79.80386 79.68375 79.52651 79.47949 79.44851 79.46314 79.39017 79.13226 79.17137 79.21152 79.24872 79.27928 79.20811 79.14092 79.11848 79.14380 79.40043 79.46495 79.34857 79.38888 79.45298 79.79914 79.90355 79.96292 80.08120 80.13163 80.17862 80.22777 80.28418 80.54486 80.65897 80.78803 80.82948 80.85268 80.85471 81.00086 81.04998 81.10812 81.15898 81.31195 81.65685 81.75086 81.83303 81.94380 82.01838 82.06815 82.15043 82.16711 82.20855 82.25940 82.23505 82.22372 82.22372 82.26025 82.29614 82.29957 82.29912 82.30083 82.30000 82.29698 82.26708 82.26688 82.27822 82.28077 82.27863 82.25897 82.24872 82.11283 82.07009 82.03111 81.98355 81.93118 81.82863 81.51837 81.43332 81.40471 81.36923 81.32735 81.19957 80.89745 80.58120 80.38675 80.19615 80.04188 79.81623 79.71966 79.68051 79.60597 79.42478 79.13675 78.87265 78.70983 78.59614 78.53677 78.50343 78.30600 77.97566 77.94188 77.75694 77.70129 77.48974 77.28952 77.41411 77.50942 77.59146 77.65395 77.71069 77.68462 77.72820 77.80726 77.93034 78.03631 78.09531 78.15417 78.18077 78.38377 78.29017 78.27777 78.51089 78.45985 78.40555 78.35426 78.30214 78.37437 78.44315 78.47863 78.50812 78.60097 78.55300 78.49082 78.43012 78.38794 78.23322 78.32351 78.45640 78.53760 78.58645 78.51880 78.44917 78.40337 78.44186 78.39231 78.33205 78.29637 78.32051 78.37340 78.46134 78.54445 78.62285 78.63375 78.57992 78.59103 78.66968 78.64831 78.64402 78.68291 78.77777 78.86411 78.88375 78.88035 78.82305 78.77392 78.78334 78.84143 78.90255 78.93548 78.89060 78.82948 78.94703 78.99315 79.09123 79.12158 79.16111 79.21986 79.20469 79.19315 79.22906 79.17306 79.10854 78.92949 78.85812 78.81623 78.75300 78.68291 78.62768 78.67522 78.70972 78.70426 78.64617 78.59594 78.53397 78.49083 78.45832 78.41048 78.54746 78.67822 78.77842 78.75598 78.73438 78.73440 78.80126 78.71965 78.63365 78.58852 78.70043 78.58794 78.55814 78.53097 78.52297 78.53802 78.51795 78.44829 78.42692 78.25780 78.21837 78.18569 78.15000 78.04317 78.02265 78.03803 78.09248 77.95852 77.91711 77.88248 77.73205 77.64060 77.61985 77.55992 77.43291 77.41100 77.38206 77.35300 77.31689 77.30586 77.38185 77.43418 77.58289 77.63485 77.66920 77.74658 77.78463 77.81409 77.95298 77.92932 77.82585 77.77757 77.74445 77.66474 77.63445 77.51880 77.40754 77.35922 77.32778 77.23975 76.92865 76.89700 76.73057 76.62992 76.58503 76.41494 76.35129 76.29946 76.18417 76.13460 76.09851 76.05342 75.98462 75.85920 75.77778 75.74614 75.70214 75.64937 75.60577 75.57651 75.55640 75.49529 75.37051 75.40300 75.45011 75.64357 75.84702 75.91923 76.04828 76.09145 76.14955 76.19743 76.26005 76.24894 76.21580 76.14026 76.03825 76.01837 76.01623 75.98034 75.84829 75.67735 75.54252 75.50108 75.42362 75.39786 75.20298 75.12692 75.09828 75.05768 74.97734 74.92202 74.85342 74.82265 74.74732 74.70931 74.65748 74.59765 74.53078 74.27863 74.21089 74.16071 74.10085 74.03248 74.06517 74.11922 74.36454 74.52095 74.55002 74.53323 74.50255 74.43932 74.40126 74.29872 74.26709 73.92092 73.88354 73.84445 73.80640 73.76838 73.68974 73.64872 73.54403 73.48335 73.44700 73.42478 73.38975 73.38323 73.42543 73.46409 73.52223 73.62863 73.66603 73.66945 73.66238 73.65257 73.63375 73.61880 73.58878 73.54658 73.52265 73.51582 73.52969 73.54746 73.55386 73.61709 73.64060 73.64595 73.64317 73.59957 73.46786 73.40940 73.38246 73.28803 73.24615 73.18783 73.16668 73.18122 73.22480 73.35255 73.50598 73.47094 73.43225 73.40694 73.43738 73.46495 73.45511 73.37266 73.31834 73.36854 73.32991 73.22948 73.21366 73.15472 73.06408 72.82660 72.76195 72.70814 72.64882 72.60000 72.55642 72.50088 72.45918 72.44103 72.40597 72.37435 72.33077 72.29785 72.25640 72.18142 72.11668 72.06238 72.03120 71.54745 71.49786 71.42435 71.22943 71.26518 71.30897 71.35257 71.39914 71.44980 71.44723 71.40715 71.43162 71.29889 70.92691 70.88249 70.83034 70.75938 70.69232 70.63974 70.58760 70.51914 70.46080 70.27263 70.17137 70.09723 69.93634 69.89786 69.84743 69.79145 69.71069 69.66431 69.61323 69.43162 69.26968 69.22777 69.16325 69.12605 69.05129 69.00300 68.94317 68.89189 68.74508 68.71454 68.69572 68.67306 68.66348 68.62585 68.58466 68.61838 68.64058 68.61785 68.80725 68.89955 69.02051 69.04872 69.03046 68.96409 68.88354 68.81195 68.63311 68.50129 68.44125 68.41688 68.36452 68.10471 67.89660 67.27308 67.20214 67.17008 67.11882 67.07905 67.00214 66.95043 66.85469 66.81111 66.74317 66.40342 66.33548 66.19272 66.15854 66.10511 66.06582 65.99871 65.84871 65.61828 65.59937 65.41711 65.30983 65.06142 65.04540 64.85983 64.64745 64.57885 64.54017 64.50811 64.45683 64.38546 64.27863 64.11666 64.05257 63.97691 63.93762 63.71666 63.63740 63.60811 63.58165 63.47266 63.36154 63.15931 63.05340 62.97220 62.87238 62.40129 62.27478 61.97648 61.79528 61.58418 61.53825 61.49998 61.19145 61.06028 60.93888 60.90983 60.84445 60.67182 60.43932 60.40298 60.37094 60.32714 60.26966 60.00428 59.92992 59.86238 59.76026 59.62908 58.80000 58.72478 58.53505 58.48077 58.41280 58.37266 58.31837 58.23602 58.18418 58.13482 58.09958 58.05342 58.02437 57.99531 57.88462 57.74166 57.80705 57.86152 57.90728 57.93674 58.12520 58.08526 57.88292 57.84529 57.77992 57.71731 57.67008 57.61111 57.55512 57.51752 57.45192 57.39831 57.33632 57.29698 57.24529 57.16751 57.12565 57.11946 57.17351 57.27478 57.35149 57.39189 57.58440 57.61625 57.78292 57.80192 57.81731 57.77137 57.50598 57.42692 57.34658 57.30214 57.23805 57.22254 57.22822 57.21283 57.12480 57.02906 56.97735 56.86880 56.77649 56.74145 56.72843 56.70811 56.70597 56.68632 56.62095 56.58975 56.55897 56.42542 56.38888 56.19145 56.03760 55.88762 55.81708 55.69443 55.62478 55.46283 55.39102 55.20940 55.16325 55.00760 55.01709 55.02906 55.03163 54.98546 54.83375 54.82566 54.82478 54.84592 54.88246 54.93666 54.94572 54.99658 55.02349 55.03249 54.95511 54.93675 54.86880 54.82863 54.74445 54.69798 54.68418 54.64551 54.47372 54.34402 54.33718 54.16966 54.18183 54.19614 54.28418 54.33760 54.25342 54.17137 54.12435 54.14872 54.14872 54.12158 54.15318 54.14788 54.20191 54.23118 54.29214 54.34829 54.33546 54.43675 54.41858 54.35129 54.34872 54.44402 54.50855 54.60428 54.68974 54.74594 54.78291 54.84423 55.03548 55.15685 55.29658 55.48248 55.62255 55.66260 55.59574 55.53932 55.49660 55.43291 55.40769 55.60514 55.91538 56.00898 56.08805 56.23165 56.37392 56.52989 56.54712 56.48803 56.25258 56.06625 55.97351 55.99957 55.97523 56.21282 56.24232 56.41451 56.45469 56.48931 56.57948 56.54702 56.43248 56.38142 56.32789 56.28888 56.42263 56.45726 56.49617 56.55108 56.70640 56.93675 56.97178 57.02035 56.88708 56.81089 56.73451 56.75043 56.81172 56.99314 57.15575 57.23948 57.28460 57.26109 57.17798 57.12863 57.07969 56.73503 56.80683 57.16069 57.31646 57.38375 57.47806 57.49874 57.54146 57.71951 57.63591 57.58589 57.53231 57.52928 57.55642 57.52822 57.49531 57.43718 57.35428 57.33932 57.36922 57.52009 57.63205 57.74145 57.79872 57.86088 57.89998 57.96068 58.04080 58.04529 58.16709 58.21817 58.37949 58.54660 58.63877 58.64189 58.58889 58.54018 58.50555 58.40811 58.35726 58.17929 58.10343 57.94828 57.75951 57.77415 57.82842 57.86518 57.90471 57.93846 58.11977 58.32691 58.47649 58.70725 59.10895 59.28974 59.32265 59.44382 59.67649 59.69702 59.72651 59.93355 59.97349 60.10000 60.19958 60.23418 60.26794 60.33398 60.40002 60.53974 60.57309 60.47565 60.39702 60.28205 60.11518 60.07714 60.04882 60.09362 60.12991 60.22351 60.08378 59.79529 59.57820 59.38762 59.07052 59.04978 59.05598 58.96794 58.93035 58.81580 58.73462 58.50597 58.20725 58.15000 58.03078 57.94402 57.80129 57.72178 57.70298 57.70812 57.86922 58.06538 58.14743 58.30192 58.23377 58.06602 57.99017 57.92478 57.86283 57.82020 57.79637 57.72735 57.69017 57.62671 57.45854 57.16665 56.98418 56.73505 56.50300 56.36197 56.32308 56.27949 56.23814 56.23751 56.39668 56.49786 56.57886 56.40791 56.11303 56.07138 56.00042 55.91623 55.73760 55.75512 55.79743 55.91582 55.99358 55.90383 55.73429 55.76665 55.86155 55.95182 55.98122 56.25129 56.46988 56.50577 56.58632 56.98354 57.01689 57.37392 57.43206 57.51838 57.56325 57.79317 58.18375 58.24251 58.35940 58.59915 59.10588 59.14445 59.17712 59.36666 59.46274 59.42865 59.38302 59.42182 59.64105 59.69755 59.75685 59.78802 59.94615 60.02437 60.09745 60.23163 60.26452 60.40940 60.68131 60.70557 60.68142 60.61046 60.58652 60.52991 60.47500 60.55491 60.58783 60.77755 60.82308 60.87778 61.14058 61.17478 61.22265 61.30363 61.40000 61.44958 61.58131 61.58855 61.36325 61.22180 61.18846 61.11986 61.15472 61.24874 61.53846 61.60782 61.61646 61.58505 61.54905 61.62286 61.80609 61.82522 61.80095 61.74315 61.68588 61.62138 61.61452 61.44829 61.35717 61.57351 61.66751 61.71411 61.77608 61.81537 61.84114 61.86283 61.90780 61.93142 61.87606 61.83697 61.81388 61.86837 61.95855 61.98815 62.09080 62.17426 62.27029 62.31197 62.32992 62.32735 62.27029 62.22885 62.20877 62.22245 62.29657 62.46751 62.58246 62.69125 63.02223 62.99414 62.92820 62.79615 62.63803 62.69177 62.74818 62.76657 62.79574 62.84488 62.89445 62.95725 63.08634 63.44702 63.48206 63.57009 63.76497 64.17608 64.43335 64.63483 64.82306 64.83762 64.93185 64.97782 65.07992 65.25662 65.35128 65.49186 65.98462 66.09145 66.15728 66.19894 66.25365 66.22863 66.03845 65.82991 65.60343 65.22735 65.11838 65.02865 64.70214 64.64915 64.59058 64.52052 64.45662 64.41026 64.28460 64.05429 64.01666 63.86111 63.68163 63.57394 63.53163 63.48632 63.42905 62.98846 62.85214 62.60171 62.41795 62.06645 61.96880 61.93077 61.64274 61.60000 61.54851 61.51708 61.41837 60.72051 60.47309 60.39702 60.13098 60.07906 60.02522 59.90171 59.85555 59.81594 59.91582 59.98183 59.91732 59.70855 59.48505 59.44914 59.31625 59.33974 59.49935 59.89485 60.23034 60.40940 60.44829 60.62137 60.65512 60.89403 60.98418 61.08718 61.14015 61.19920 61.11880 61.02565 60.98803 60.93375 60.88312 60.91623 61.05385 61.12948 61.16623 61.21965 61.28803 61.35386 61.41602 61.46366 61.69786 61.80234 61.85640 61.89360 61.94637 61.94423 61.84702 61.79358 61.73675 61.69358 61.64188 61.59358 61.54531 61.58889 61.98546 62.04894 62.15811 62.26880 62.49232 62.82245 62.85022 62.87566 62.92394 63.07563 63.14423 63.41582 63.82565 63.84786 63.65771 63.45128 63.33954 63.56028 63.62649 63.72414 63.76282 64.10212 64.13289 64.23954 64.28140 64.47008 64.50726 64.56878 64.60854 64.66668 64.70471 64.77991 64.81668 64.87180 65.49103 65.54486 65.60118 65.98205 65.97897 65.98418 66.01325 66.05588 66.09957 66.12178 66.19572 66.22478 66.33334 66.37029 66.41954 66.59060 66.87648 66.99594 66.98558 66.93258 66.96580 67.04574 67.14700 67.19015 67.31646 67.35106 67.50555 67.57351 67.72340 67.72822 67.85037 67.84743 67.81432 67.57522 67.47349 67.22137 67.08291 66.92735 66.74958 66.69998 66.44894 66.47692 66.52775 66.56837 66.64829 66.70949 66.67265 66.61368 66.54788 66.49434 66.52626 66.56540 66.62737 66.66752 66.72478 66.76068 66.79786 67.25642 67.29743 67.48505 67.53334 67.57095 67.68995 67.87351 67.91646 68.13760 68.30983 68.34529 68.38120 68.48334 68.52008 68.70074 68.69872 68.70812 68.76303 68.82926 68.89038 68.94254 69.02778 69.22818 69.27202 69.30877 69.34232 69.37563 69.42223 69.78291 69.98546 70.03292 70.06988 70.19445 70.18140 70.16046 70.12928 69.95812 69.79860 69.81668 69.91582 69.97746 70.10086 70.28118 70.42712 70.48526 70.52798 70.54231 70.57435 70.80342 71.00962 71.09274 71.12631 71.25460 71.19445 71.12372 71.11751 71.06968 70.97031 70.93377 70.89785 70.81966 70.57182 70.48697 70.55255 70.54038 70.45555 70.24145 70.14742 70.09546 70.05085 69.75726 69.73066 69.79358 69.87605 69.93634 69.98077 69.91025 69.86837 69.68248 69.62095 69.71988 69.76880 69.81989 69.89529 69.84274 69.59766 69.44808 69.31085 69.37354 69.31625 69.02105 68.93805 68.88142 69.01111 69.14765 69.21537 69.29229 69.40642 69.67265 69.77585 69.69231 69.56815 69.52135 69.47712 69.42692 69.33611 69.37200 69.41005 69.47029 69.64143 69.70129 69.81837 70.01838 70.09829 70.18954 70.12094 70.09786 70.32158 70.35897 70.53888 70.59894 70.85857 70.87865 70.90448 70.92926 70.94763 70.94058 70.85302 70.78654 70.74988 70.75171 70.80758 70.98846 71.03652 71.08420 71.18077 71.22008 71.26646 71.41580 71.48503 71.46882 71.38503 71.38035 71.33537 71.30234 71.43462 71.51494 71.61452 71.68889 71.74935 72.22415 72.27980 72.27989 72.50771 72.64314 72.77778 72.95218 72.97789 73.10598 73.27735 73.56625 73.80471 73.86325 73.91923 73.95428 74.10212 74.14978 74.18823 74.21943 74.29872 74.56902 74.61197 74.71966 74.74785 74.79957 74.80726 74.80792 74.82094 74.84957 74.92597 74.99871 75.01794 75.01197 74.73118 74.68034 74.61838 74.55642 74.47308 74.39188 74.36452 74.33163 74.29615 74.26582 74.09571 73.73075 73.69274 73.57735 73.67000 73.76945 73.79894 73.82457 73.85685 73.86272 73.81794 73.78077 73.75342 73.72220 73.69358 73.62188 73.58034 73.53954 73.49102 73.42691 73.36240 73.31698 73.34240 73.39231 73.42392 73.44380 73.43954 73.40469 73.36668 73.28100 73.24037 73.19062 73.10212 73.07275 73.11537 73.15598 73.19658 73.24829 73.29628 73.29391 73.09146 73.09062 72.87306 72.90942 72.95746 73.00589 73.07648 73.11240 73.15557 73.24872 73.45511 73.50532 73.55545 73.57245 73.48289 73.44460 73.49317 73.71603 73.74552 73.79157 73.80597 73.83868 73.90085 74.09786 74.12863 74.15555 74.32737 74.52266 74.83418 74.98609 75.02182 74.83974 74.79574 74.72074 74.48462 74.37522 74.33889 74.11345 73.88120 73.84145 73.76955 73.83846 73.89829 73.97820 74.01837 74.13934 74.22220 74.28206 74.46794 74.50726 74.87563 74.92394 74.86815 74.84038 74.77649 74.74400 74.59658 74.38417 74.32800 74.29572 73.97735 73.85954 73.79317 73.76240 73.52243 73.45875 73.42606 73.39914 73.49402 73.39189 73.34742 72.79274 72.63803 72.53911 72.50728 72.37734 72.26880 72.18075 71.95685 72.07049 72.11454 72.20342 72.33503 72.40043 72.46537 72.70428 73.03249 73.09455 73.02265 72.91325 72.83889 72.84018 72.97725 73.10648 73.24571 73.33118 73.37308 73.44763 73.39743 73.14231 73.08923 73.04858 73.01622 72.77438 72.57392 72.28462 72.11882 72.02991 71.92905 71.86603 71.83634 71.78503 71.75302 71.38975 71.22308 71.16731 70.85897 70.81240 70.61858 70.58815 70.50855 70.24743 70.19105 70.10214 70.03589 69.92863 69.88589 69.43762 69.12029 69.08632 68.96794 68.90118 68.80897 68.74531 68.66218 68.37694 68.33878 68.36709 68.43291 68.47694 68.52094 68.56368 68.66218 68.69722 68.71154 68.65706 68.60918 68.62798 68.59040 68.53802 68.43888 68.38868 68.39892 68.43375 68.46752 68.50597 68.56625 68.63612 68.70171 68.63118 68.57778 68.52243 68.45795 68.45682 68.49915 68.63397 68.71109 68.84957 68.87674 68.78505 68.75023 68.83226 68.87649 68.91689 68.95897 68.99912 69.13122 69.22302 69.06409 69.30171 69.62225 69.90212 69.94723 69.87425 69.66154 69.48246 69.30598 69.25492 69.34038 69.37392 69.44849 69.49295 69.54072 69.52309 69.36197 69.27111 69.09614 69.03468 69.09529 69.14872 69.22178 69.22497 69.15898 69.03846 68.99528 68.94645 68.97991 69.01858 69.18203 69.22520 69.26625 69.37523 69.47040 69.60457 69.58248 69.54745 69.39851 69.36495 69.12692 69.00254 68.89315 68.73632 68.64615 68.66689 68.59229 68.52606 68.43974 68.38152 68.44957 68.50885 68.47009 68.36346 68.30918 68.25160 68.20085 68.10257 68.11238 68.13418 67.93697 67.86452 67.82466 67.85385 67.69915 67.63762 67.54146 67.25086 67.14637 66.91069 66.88717 66.94722 66.99048 66.94615 66.93078 66.96346 66.91366 66.87788 66.79058 66.69657 66.63900 66.60042 66.50426 66.46432 66.34702 66.01977 66.03760 66.14015 66.20471 66.04657 65.97268 65.78334 65.65725 65.36858 65.37437 65.40512 65.48483 65.60129 65.44488 65.32778 65.25383 65.20814 64.93974 64.87029 64.79788 64.67606 64.64615 64.60128 64.51369 64.46794 64.41195 64.37565 64.19572 64.17649 64.04423 64.03995 64.08034 64.09274 64.11751 64.18535 64.09594 64.05855 64.02949 63.99763 64.01666 64.27394 64.45129 64.71497 64.85065 64.92222 64.93505 64.93485 64.87062 64.79615 64.72458 64.69978 64.72308 64.74295 64.73591 64.69574 64.66452 64.54574 64.48888 64.43718 64.30277 64.19871 63.99060 63.91195 63.87649 63.65555 63.41923 63.28485 63.17357 63.12480 63.07780 63.00920 62.93760 62.88569 62.80897 62.73762 62.67903 62.59315 62.47082 62.46251 62.37137 62.32886 62.26252 62.21412 62.18034 62.08589 62.05214 62.01154 61.98163 61.91440 61.94380 61.97735 62.02042 62.01026 61.95512 61.91111 61.86943 61.83675 61.70042 61.61635 61.65555 61.68866 61.67351 61.56111 61.47908 61.34894 61.31623 61.26369 61.21965 61.18035 61.13355 60.97309 61.00940 61.04443 60.98163 60.82008 60.73248 60.67692 60.60862 60.63888 60.68035 60.74335 60.80855 60.80042 60.75852 60.73428 60.78098 60.84071 60.89315 60.86711 60.80855 60.71240 60.64015 60.51538 60.52757 60.28462 60.16152 60.12478 59.95172 59.79915 59.48418 59.33269 59.46068 59.54402 59.66965 59.87520 60.11368 60.14786 60.29220 60.28932 60.28932 60.32263 60.39788 60.45620 60.63323 60.55855 60.45758 60.58783 60.68375 60.77948 60.83548 60.87160 60.91708 60.99808 61.05631 60.86668 60.77949 60.71283 60.53675 60.45023 60.37680 60.26154 60.04658 59.83312 59.78568 59.76089 59.71389 59.49592 59.38120 59.13474 59.22371 59.29145 59.40257 59.44489 59.48548 59.85023 59.69937 59.65982 59.51668 59.35557 59.30642 59.24797 58.76571 58.55643 58.33205 58.26968 58.01111 58.08675 58.26389 58.31871 58.14574 57.99103 57.93717 57.66878 57.59615 57.49311 57.39317 57.18183 57.08077 57.04788 57.13120 57.26582 57.32871 57.36965 57.63825 57.60235 57.26623 57.44828 57.62565 57.89317 58.14786 58.23248 58.28548 58.54894 58.47820 58.42094 58.32691 58.26155 58.18848 58.03568 57.78268 57.85682 58.04871 58.10086 58.37928 58.41729 58.45555 58.51878 58.58975 59.11068 59.17565 59.21003 59.19360 59.13034 59.02135 58.92288 58.87158 58.67649 58.61951 58.58418 58.53803 58.48377 58.47095 58.48034 58.46623 58.28720 58.08611 58.05383 58.09509 58.15985 58.20803 58.14829 57.80874 57.54958 57.50471 57.47531 57.41134 57.21069 57.04637 56.98674 56.95000 56.86385 57.06623 57.09337 57.12929 57.14702 57.03131 57.02138 57.01497 56.94842 56.86582 56.82651 56.76625 56.71432 56.63057 56.63494 56.60342 56.56794 56.27649 56.17543 56.13375 56.01623 55.97222 55.91025 55.67757 55.74658 55.78805 55.85023 55.83162 55.79337 55.70278 55.65405 55.61495 55.56966 55.52349 55.47309 55.42692 55.38440 55.36686 55.33803 55.08055 55.02245 54.98108 54.81709 54.74283 54.78462 54.82938 54.78118 54.62768 54.57820 54.55769 54.51900 54.45214 54.39358 54.51005 54.56880 54.60512 54.66708 54.78345 54.62566 54.56878 54.50512 54.36666 54.31069 54.24445 53.88932 53.51368 53.45385 53.45511 53.48311 53.51794 53.56422 53.60426 53.67566 53.99403 54.07137 54.11368 54.18589 54.23075 54.29828 54.37563 54.44049 54.37865 54.25418 54.16112 54.08055 54.01494 53.73375 53.48738 53.40278 53.38212 53.23118 53.01582 52.80172 52.70043 52.59660 52.50685 52.46089 52.40022 52.56495 52.64615 53.00343 53.14871 53.01048 52.83248 52.81071 52.62735 52.56923 52.52437 52.49286 52.47094 52.42094 52.25063 52.10128 52.04871 52.01026 51.97178 51.93078 51.87991 51.53782 51.59662 51.60308 51.58888 51.45289 51.46882 51.52989 51.58609 51.64466 51.67074 51.67138 51.73580 51.67608 51.61495 51.55575 51.53374 51.52008 51.49615 51.46882 51.42328 51.38952 51.36260 51.37245 51.41451 51.48163 51.62971 51.66303 51.68377 51.71838 51.99571 52.06315 52.07863 52.12992 52.41112 52.45854 52.58974 52.54102 52.38077 52.22777 52.22318 52.30682 52.36238 52.42628 52.52949 52.61508 52.41668 52.31497 52.24423 52.19337 51.94958 51.85428 51.48462 51.45182 51.43162 51.43032 51.45214 51.49465 51.53118 51.60086 51.68846 51.72095 51.89998 51.93697 51.98237 52.02097 52.14317 52.17691 52.17692 52.19315 52.26454 52.35663 52.51795 52.68012 52.72789 52.84915 53.00769 53.20663 53.23674 53.58675 53.72522 53.83440 53.82992 53.92008 54.06966 54.11452 54.15215 54.20042 54.26111 54.24274 54.22195 54.28803 54.35343 54.41625 54.47392 54.61154 54.68974 54.85555 54.91325 54.95512 55.31497 55.58505 55.67865 55.83118 55.87095 55.96626 56.01966 56.09743 56.13888 56.17265 56.24552 56.16003 56.12072 56.09529 56.05726 56.14615 56.20523 56.35758 56.21218 55.94655 55.61731 55.64829 55.76923 55.86817 56.10266 56.04808 55.95855 55.78974 55.45342 55.33205 55.12823 54.98589 54.94166 54.91198 54.88772 55.01282 55.04486 55.17306 55.27285 55.14272 55.03975 54.80940 54.53334 54.46292 54.49145 54.52694 54.54360 54.52243 54.48291 54.44786 54.42308 54.62949 54.79145 55.13888 55.24103 55.48591 55.66635 55.63323 55.48634 55.34209 55.26858 55.28868 55.33077 55.49915 55.79788 55.89700 55.94102 56.04732 55.93931 55.85192 55.83803 55.92265 55.96625 56.06197 56.07180 55.97054 55.90918 55.67480 55.56197 55.49274 55.44486 55.38417 55.20940 55.06402 55.06195 55.07778 55.07897 54.81155 54.45385 54.31498 54.28226 54.17222 54.09274 54.05043 53.82114 53.77009 53.73558 53.31323 53.22434 53.12255 53.18889 53.20469 53.15043 53.03505 53.03995 53.01646 52.99295 52.95769 52.86025 52.80535 52.75940 52.77991 53.01282 53.08846 53.12860 53.31282 53.34658 53.32643 53.25512 53.33140 53.36838 53.41580 53.51195 53.58762 53.43674 53.30877 53.31538 53.40085 53.50043 53.44102 53.39038 53.34295 53.24742 53.11965 53.08760 53.05129 52.72094 52.68012 52.65022 52.59317 52.30725 52.24680 52.20468 52.17063 52.31837 52.63889 52.83226 52.87908 52.84382 52.70557 52.64885 52.63888 52.54615 52.51968 52.48674 52.44275 52.37520 52.33760 52.29743 52.13880 52.12811 52.11069 52.08248 51.88674 51.68632 51.60685 51.69529 51.72737 51.86452 51.90171 51.89272 51.87029 51.90383 51.93718 52.10620 52.13762 52.25983 52.23517 52.30085 52.36452 52.40311 52.36751 52.32554 52.41195 52.45769 52.49831 52.55511 52.70257 52.73675 52.90128 52.92649 53.02349 53.20555 53.30149 53.32265 53.34251 53.26240 53.17609 53.06389 53.00898 52.97092 52.84402 52.75043 52.70429 52.65428 52.62008 52.57360 52.60386 52.67222 52.77438 52.80386 52.86452 52.89529 52.98846 53.02403 52.96709 52.92885 52.69508 52.58845 52.42905 52.15855 52.11966 51.92383 51.97585 52.04317 52.11668 52.20020 52.13751 52.09465 52.06454 52.01369 51.97477 51.85514 51.74785 51.60789 51.59358 51.63418 51.80042 51.90448 51.94038 51.98482 52.01752 52.03891 52.03783 51.97698 51.97852 52.08591 52.17905 52.27383 52.24594 52.19588 52.24103 52.35640 52.33803 52.09828 52.04402 51.86411 51.82951 51.64274 51.59529 51.56538 51.52306 51.47774 51.52223 51.56069 51.61409 51.59015 51.48589 51.45131 51.26754 51.21792 51.19572 51.10597 51.06188 51.07223 51.10940 51.16954 51.23632 51.34917 51.49872 51.53397 51.68098 51.63089 51.58332 51.48760 51.45642 51.34572 51.25483 51.12649 51.06102 50.89423 50.86283 50.63386 50.66826 50.68718 50.52265 50.37051 50.33418 50.22523 50.17606 49.96303 49.93162 49.88738 49.84957 49.82489 49.87500 49.93611 49.97714 49.99509 49.95320 49.82822 49.77275 49.75442 49.70345 49.65554 49.47008 49.23548 49.21474 49.37971 49.41902 49.53271 49.57648 49.60340 49.62158 49.58546 49.45085 49.38465 49.11708 49.08205 48.93291 48.89274 48.78591 48.75095 48.46925 48.46495 48.51314 48.43631 48.39914 48.34443 48.30726 48.25043 48.19380 48.13812 48.29574 48.36752 48.40685 48.47200 48.50811 48.55429 48.60255 48.65002 48.72349 48.73909 48.69958 48.67182 48.63548 48.59595 48.55717 48.57212 48.56882 48.53054 48.49295 48.33302 48.60705 48.64915 48.70683 48.73888 48.79488 48.84398 48.89358 48.92649 48.94937 49.05962 49.09702 49.13248 49.13803 49.15363 49.18462 49.22585 49.41880 49.68494 49.71837 49.77222 50.08891 50.12446 50.15726 50.20085 50.26069 50.32597 50.35437 50.38888 50.58495 50.55554 50.51197 50.32394 50.28205 50.25471 50.22608 50.17371 50.13075 50.02182 49.98503 49.92692 49.89380 49.84872 49.81603 49.76475 49.53932 49.29743 49.08546 49.04189 48.96902 48.87182 48.82008 48.72457 48.39232 48.28377 48.10343 48.08162 48.12008 48.15855 48.21472 48.39955 48.45106 48.49102 48.53932 48.67725 48.63717 48.41711 47.97906 47.71240 47.36837 47.32906 47.09175 47.06517 46.92220 46.79465 46.74894 46.43077 46.02520 45.93631 45.90408 45.87052 45.54531 45.25895 45.04572 44.90554 44.77182 44.72694 44.60577 44.45792 43.93805 43.82306 43.78077 43.58163 43.43889 43.19062 42.85148 42.73846 42.69062 42.55428 42.47220 42.38975 42.35255 42.30083 42.25212 42.03312 41.84572 41.80042 41.65983 41.61806 41.57329 41.53035 41.37542 41.33078 41.26411 41.22134 41.19871 41.14742 40.97288 40.96538 41.01240 40.96089 40.92777 40.88975 40.82755 40.76988 40.73632 40.68805 40.71560 40.69252 40.35854 40.32095 40.24145 40.18889 40.15682 40.10065 40.03355 39.99166 39.90045 39.81797 39.74362 39.68098 39.43548 39.29657 39.23002 39.08889 38.97115 38.99274 39.04734 39.07094 39.01538 38.94189 38.87522 38.77308 38.64637 38.60406 38.56518 38.54006 38.66454 38.70289 38.71154 38.68289 38.63886 38.42137 38.44102 38.36260 38.30642 38.01389 37.92725 37.86109 37.82092 37.65320 37.62083 37.63814 37.78655 37.82158 37.87565 37.82395 37.69317 37.71217 37.72277 37.35683 37.26708 37.22180 36.79871 36.69317 36.60298 36.55482 36.52382 36.43762 35.94614 35.74529 35.70085 35.66025 35.47908 35.44400 35.21795 35.02865 34.72051 34.40254 34.14617 33.94874 33.58418 33.45852 33.41668 33.36282 33.31495 33.26752 33.22435 33.18205 33.03045 32.96325 32.89788 32.86154 32.81409 32.75909 32.70000 32.59082 32.67498 32.71111 32.74529 32.97463 33.06923 33.10085 33.15106 33.23226 33.34315 33.33483 33.31366 33.27031 33.28366 33.22585 33.18077 33.20278 33.23952 33.27651 33.33503 33.38377 33.46240 33.50725 33.55085 33.59786 33.79402 34.04318 34.11408 34.16411 34.32311 34.42457 34.45482 34.24315 34.10723 34.07051 34.02543 34.07329 34.11957 34.53271 34.87286 34.92458 34.95320 34.99380 35.18120 35.35454 35.71145 35.93631 35.98997 36.01582 36.05471 36.10311 36.16677 36.12009 36.05728 36.01537 35.97115 35.95771 36.08634 36.13717 36.35343 36.55940 36.60342 36.84049 36.86858 37.03334 37.07351 37.45877 37.34658 37.31837 37.37135 37.38548 37.34358 37.31431 37.27072 37.24080 36.67586 36.64615 36.59894 36.53825 36.26708 36.21635 36.16732 36.20171 36.27565 36.31880 36.38280 36.26666 36.22798 36.20214 36.00918 35.96775 35.68948 35.61752 35.44743 35.20171 35.21774 35.15662 35.03632 34.99783 34.94188 34.88246 34.83718 34.78631 34.69186 34.55682 34.49486 34.44572 34.33057 34.26303 34.20995 34.16063 34.10448 34.14637 34.18440 34.25706 34.30868 34.27520 34.08503 34.04446 34.01858 33.97809 34.13640 34.19922 34.37180 34.34658 34.29274 34.22051 34.06882 34.02457 33.94338 33.85771 33.82926 33.82445 33.85160 33.89358 34.01454 34.08505 34.13335 34.19445 34.24531 34.27948 34.49475 34.38674 34.56538 34.61068 34.65023 34.70769 34.78760 34.90554 34.92094 35.02543 35.07095 35.14572 35.24743 35.18205 35.14818 35.09615 35.05512 35.02478 34.83206 34.80086 34.74766 34.70663 34.72948 34.77928 34.73783 34.59529 34.51174 34.40726 34.35705 34.40838 34.46752 34.63483 34.58418 34.48674 34.44957 34.39465 34.36037 34.40298 34.32522 34.23591 34.31711 34.38548 34.42438 34.50705 34.51583 34.70940 34.85812 35.02223 35.07325 35.03289 34.99360 34.93677 34.71837 34.51794 34.46026 34.41838 34.38845 34.27052 34.20769 34.11752 34.06069 34.02317 34.04960 34.04542 34.00854 33.92769 33.93720 33.93869 33.86878 33.66966 33.60278 33.54315 33.49446 33.44828 33.40043 33.34720 33.30535 33.24274 33.15534 33.10354 33.09660 33.04926 32.89038 32.93942 33.00237 33.05042 33.08462 33.14551 33.47843 33.53591 33.55183 33.61089 33.80192 33.83332 33.92265 34.00106 34.03398 34.03845 33.93420 33.86838 33.81452 33.74829 33.63974 33.38954 33.36260 33.32372 33.25523 33.17331 33.17417 33.18709 33.14145 33.12094 33.08826 33.04488 33.05545 32.95085 32.89958 32.82649 32.76751 32.73483 32.71111 32.71262 32.71369 32.70342 32.67448 32.61378 32.57222 32.53848 32.31711 32.27989 32.28129 32.30934 32.37114 32.42992 32.29423 32.21111 32.06283 31.98418 31.91751 31.73805 31.54549 31.51238 31.47158 31.18229 31.16048 31.18589 31.18334 31.12735 31.05075 30.98163 30.93802 30.84894 30.90065 30.87586 30.83763 30.79125 30.76560 30.78206 30.80942 30.81282 30.76754 30.69402 30.65020 30.57886 30.52734 30.49808 30.46283 30.24615 30.13165 29.63483 29.60169 29.56048 29.52351 29.48246 29.21217 29.17778 29.04488 29.00086 28.96026 28.92263 28.78334 28.74209 28.66026 28.52520 28.34957 28.21538 28.00043 27.87223 27.82649 27.41028 27.16505 27.12308 27.08331 26.55426 26.20768 26.07694 26.04957 25.97928 25.91452 25.87992 25.83548 25.77180 25.30642 25.06325 24.97134 24.85255 24.78077 24.69317 24.63057 24.43889 24.38715 24.32565 24.27692 24.23742 24.18845 24.15726 23.61795 23.56625 23.51817 23.46902 23.41065 23.36923 23.30897 23.25128 23.17522 23.06794 23.03249 22.90983 22.77608 22.64808 22.27285 22.25257 22.30255 22.55043 22.75255 22.89078 22.82480 22.75000 22.70632 22.71955 22.81454 22.95895 23.06537 23.11154 23.18505 23.23632 23.28228 23.44615 23.53463 23.88674 23.94829 23.98205 24.02992 24.08482 24.12306 24.17222 24.58302 24.51305 24.47862 24.43975 24.25598 24.14702 24.00022 23.90598 23.93163 23.78077 23.72563 23.59145 23.52928 23.49315 23.46283 23.42331 23.39700 23.35128 23.10149 23.03738 22.98826 22.39018 22.16451 21.79488 21.83163 21.88535 21.72949 21.58717 21.52691 21.43248 21.23440 21.17009 21.13631 21.04660 21.35088 21.62009 21.59998 21.54786 21.36198 21.19638 21.09914 21.01494 20.96454 20.91314 20.87949 20.75725 20.39314 20.17435 20.09372 20.04434 19.77651 19.70600 19.58588 19.36026 19.13462 19.08289 19.02475 18.85812 18.71242 18.66071 18.44529 18.40685 18.33588 18.17522 17.79615 17.75726 17.70172 17.62117 17.56665 17.46474 17.39445 17.23078 17.15683 17.01411 16.56923 16.42243 16.21323 15.94574 15.49788 15.41197 15.02822 14.96111 14.77948 14.43677 14.34062 14.33722 14.30598 14.25237 14.21452 14.15942 14.11452 14.02908 13.94745 13.83246 13.79146 13.76469 13.71282 13.66112 13.56452 13.40597 13.33334 13.26071 13.20554 13.16455 12.79403 12.73975 12.46708 12.22586 12.11111 11.93332 11.58782 11.40255 11.36071 11.28549 11.15300 11.11837 11.07586 11.03717 10.99403 10.95855 10.91538 10.82917 10.74486 10.60728 10.60066 10.62115 10.57052 10.51389 10.48251 10.36362 10.30600 10.24615 10.20725 10.15386 10.09372 10.07562 10.09766 10.13334 10.04317 9.99571 9.73354 9.69594 9.64529 9.50128 9.28889 9.20552 9.08418 9.04574 8.98163 8.89402 8.82518 8.72948 8.54358 8.49829 8.43632 8.62265 8.64957 8.71625 8.79957 8.85345 8.90471 9.14574 9.16795 9.12348 8.91729 8.86368 8.80791 8.77692 8.67480 8.52435 8.46657 8.45895 8.49272 8.53868 8.56966 8.52394 8.58163 8.65586 8.67905 8.62863 8.55983 8.16006 8.08355 8.10994 8.18248 8.26711 8.31925 8.38632 8.44082 8.54552 8.57908 8.53325 8.36580 8.31186 8.24637 8.19188 8.13162 7.97822 7.79403 7.77298 7.90322 7.84400 7.63803 7.69983 7.72522 7.70022 7.66623 7.38837 7.37212 7.51922 7.55938 7.62006 7.65342 7.70725 7.86625 7.95854 8.00728 8.05469 7.85640 7.77865 7.67777 7.64274 7.60514 7.43965 7.45085 7.43889 7.38720 7.34571 7.26709 7.29398 7.33120 7.67051 7.85918 7.90514 7.96025 7.87435 7.83632 7.80769 7.79148 7.73226 7.67926 7.61580 7.58077 7.13303 7.05834 7.29189 7.35938 7.40685 7.48857 7.22008 6.98869 6.94957 6.80298 6.74306 6.87605 6.98034 7.51089 7.55469 7.52009 7.49028 7.43805 7.36922 7.11155 7.08312 7.12460 7.04486 6.84446 6.40045 6.33115 6.29146 6.21112 6.17092 6.09745 6.07734 6.01752 5.98122 5.75129 5.70683 5.44702 5.22818 5.19917 5.11282 5.06903 5.00942 4.90952 4.79062 4.56240 4.53078 4.49785 4.42308 4.33698 4.23248 4.19275 3.95602 3.82178 3.56880 3.32991 3.22520 3.12094 3.07414 2.86794 2.83612 2.80386 2.78377 2.77268 2.84277 2.97691 3.04358 3.10452 3.14743 3.18160 3.21731 3.15758 3.10662 3.03520 2.99997 2.96631 2.97438 3.02669 3.28143 3.39700 3.50129 3.67225 3.72608 3.76797 3.82115 3.76925 3.71537 3.66922 3.30982 3.12565 3.07286 2.98974 2.92052 2.70131 2.59917 2.54914 2.51797 2.52758 2.59934 2.58868 2.39698 2.23888 2.09229 1.86749 1.65382 1.58423 1.33803 1.30557 1.28512 1.32348 1.36969 1.41155 1.47992 1.59360 1.62992 1.75760 1.70148 1.62949 1.58548 1.54700 1.50597 1.46086 1.38551 1.30982 1.26157 1.16497 1.05300 0.90257 0.61200 0.57825 0.53372 0.50383 0.47391 -0.05089 -0.43251 -0.56045 -0.59852 -0.73631 -0.79405 -1.10000 -1.15042 -1.01252 -1.01155 -1.06925 -1.11262 -1.17842 -1.25705 -1.45162 -1.44403 -1.42865 -1.44189 -1.54957 -1.57648 -1.53934 -1.48248 -1.43975 -1.40052 -1.38569 -1.38877 -1.41892 -1.47222 -1.54892 -1.57526 -1.58492 -1.51662 -1.45277 -1.42220 -1.45623 -1.51623 -1.52569 -1.52305 -1.57951 -1.61668 -1.70105 -1.64658 -1.59295 -1.58123 -1.58462 -1.60889 -1.68128 -1.73995 -1.81688 -1.83685 -1.77986 -1.73514 -1.70648 -1.67578 -1.63683 -1.64028 -1.63208 -1.66962 -1.69420 -1.74549 -1.76695 -1.73871 -1.70852 -1.73855 -1.76995 -1.85665 -1.88532 -1.92902 -1.89420 -1.78955 -1.79462 -1.83225 -2.04614 -2.17652 -2.15258 -2.02735 -1.94835 -1.90288 -1.86408 -1.86438 -1.87594 -1.90702 -1.94531 -2.03374 -2.11882 -2.13829 -2.17255 -2.30682 -2.35429 -2.27818 -2.24166 -2.20414 -2.23397 -2.46065 -2.53186 -3.02232 -2.77949 -2.65705 -2.76346 -2.87711 -3.02138 -3.07078 -3.16622 -3.25683 -3.33548 -3.41923 -3.42092 -3.55900 -3.59851 -3.63866 -3.66451 -3.70428 -3.73634 -3.78929 -3.90897 -4.11186 -4.25022 -4.32349 -4.41248 -4.41237 -4.39997 -4.35943 -4.26586 -4.14400 -4.11026 -3.93165 -3.90855 -3.95052 -3.84318 -3.68882 -3.81271 -4.23637 -4.28608 -4.40278 -4.51795 -4.55158 -4.62352 -4.71112 -4.75643 -4.79249 -4.85823 -4.90468 -4.96900 -5.03312 -5.12734 -5.16023 -5.16109 -5.12392 -5.06665 -4.98911 -4.94062 -4.84148 -4.92778 -4.95520 -4.98782 -5.02118 -5.01112 -4.84232 -4.78845 -4.67777 -4.63826 -4.53631 -4.50320 -4.48974 -4.53974 -4.59698 -4.64168 -4.68589 -4.75383 -4.86798 -5.10982 -5.23937 -5.32223 -5.35000 -5.37220 -5.36108 -5.32862 -5.21409 -5.17595 -5.22391 -5.18478 -5.14122 -5.10511 -4.96900 -4.94315 -4.92295 -4.94465 -4.92511 -4.88866 -4.77906 -4.69358 -4.53249 -4.46966 -4.47265 -4.25237 -4.21452 -4.17222 -3.97862 -3.92865 -3.88932 -3.58332 -3.25637 -3.21062 -3.27615 -3.20000 -3.14274 -3.07971 -2.68995 -2.64745 -2.61283 -2.44146 -2.16538 -2.04402 -1.82862 -1.78972 -1.62009 -1.59575 -1.45343 -1.42137 -1.29357 -1.28718 -1.29134 -1.20772 -1.16538 -1.08332 -0.99534 -0.95595 -0.88975 -0.86786 -0.76280 -0.35085 0.01071 0.17006 0.62223 0.65598 0.77306 0.87092 0.91158 0.83205 0.60128 0.54269 0.48823 0.41326 0.32306 0.25771 0.23677 0.20855 0.16795 0.11366 0.04723 -0.27180 -0.50257 -0.54403 -0.62651 -0.66518 -0.75917 -0.81515 -0.83997 -0.79512 -0.73755 -0.84403 -1.00943 -1.15125 -1.37268 -1.43123 -1.56328 -1.55429 -1.58677 -1.65814 -1.83182 -1.86923 -1.86706 -1.85222 -1.90171 -1.95257 -2.07520 -2.18002 -2.22737 -2.49783 -2.53080 -2.70848 -2.70888 -2.83075 -2.87177 -3.00683 -3.20508 -3.25158 -3.30305 -3.32777 -3.39380 -3.52182 -3.69194 -3.80469 -3.90148 -3.97342 -3.92572 -3.87352 -3.78235 -3.59186 -3.65040 -3.68291 -3.71923 -3.91391 -4.02711 -4.09582 -4.28889 -4.34015 -4.40725 -4.45215 -4.48228 -4.59080 -4.54868 -4.56323 -4.61449 -4.72778 -4.93208 -4.96303 -5.10600 -5.17542 -5.24272 -5.46242 -5.63765 -5.95675 -5.98720 -6.04403 -6.19874 -6.24912 -6.36218 -6.39743 -6.49102 -6.49698 -6.68834 -6.85514 -6.91069 -6.98078 -7.01325 -7.11825 -7.10640 -7.01238 -6.98722 -6.80472 -6.64209 -6.59615 -6.55772 -6.50020 -6.58888 -6.62775 -6.67691 -6.72903 -6.77095 -6.84058 -6.87583 -6.90563 -7.14108 -7.18378 -7.24445 -7.30125 -7.40045 -7.46431 -7.51732 -7.56498 -7.61711 -7.65765 -7.87988 -7.98546 -8.01858 -8.05297 -8.20894 -8.64240 -8.61515 -8.55469 -8.50517 -8.45342 -8.34102 -8.22286 -8.31540 -8.37865 -8.45397 -8.43374 -8.22092 -8.08251 -8.02222 -7.91838 -7.93848 -8.01620 -8.25468 -8.31838 -8.39060 -8.44380 -8.49192 -8.52394 -8.97180 -9.01354 -9.21025 -9.27354 -9.38035 -9.45389 -9.62440 -9.78248 -9.83549 -9.87783 -9.96535 -10.02355 -10.18462 -10.21954 -10.28075 -10.37777 -10.44575 -10.72006 -10.96966 -11.06495 -11.11709 -11.16154 -11.41409 -11.68377 -11.84060 -12.30943 -12.36840 -12.40511 -12.52823 -12.58032 -12.64442 -12.71006 -12.99997 -13.24014 -13.26003 -13.29829 -13.47735 -13.53717 -13.59017 -13.66577 -13.75302 -13.79445 -13.93132 -13.99509 -14.01903 -14.06626 -14.38715 -14.66923 -14.72780 -14.77946 -14.97178 -15.02095 -14.88826 -14.73249 -14.77731 -15.04789 -15.09314 -15.21282 -15.28482 -15.52714 -15.58329 -15.66069 -15.72135 -15.78680 -15.99403 -16.13588 -16.33158 -16.52049 -16.56926 -16.60814 -16.65322 -16.78377 -16.89571 -16.92769 -16.92438 -16.92397 -16.92440 -16.92566 -16.92608 -16.92608 -16.92608 -16.92309 -16.92397 -16.92651 -16.92566 -16.92398 -16.92440 -16.92566 -16.92608 -16.92608 -16.92354 -16.92354 -16.92608 -16.92355 -16.92354 -16.92608 -16.92523 -16.92354 -16.92565 -16.92355 -16.92482 -16.92397 -16.91623 -16.84058 -16.18677 -16.15000 -16.11066 -16.07822 -15.39320 -15.35297 -15.25086 -15.17906 -15.03334 -14.88717 -14.64534 -13.94905 -13.97265 -14.04532 -14.08503 -14.13294 -14.09448 -14.02522 -13.91968 -13.80295 -13.36966 -13.34618 -13.33385 -13.30922 -13.25509 -13.13631 -13.06322 -12.77480 -12.48888 -12.16966 -11.67817 -11.64015 -11.60814 -11.53714 -11.51343 -11.53418 -11.54817 -11.53482 -11.49508 -11.45386 -11.42137 -11.37352 -11.29062 -11.25258 -11.22478 -11.15643 -10.82012 -10.72265 -10.67994 -10.59743 -10.47523 -10.33805 -10.17137 -10.12906 -10.08977 -9.97928 -9.94252 -9.94229 -9.94489 -9.94405 -9.80254 -9.68695 -9.59060 -9.59872 -9.68975 -9.76172 -9.70854 -9.55042 -9.47692 -9.41665 -9.34058 -9.15255 -8.95898 -8.47097 -8.42094 -8.20942 -7.96537 -7.92949 -7.88694 -7.84189 -7.71457 -7.71542 -7.71969 -7.73560 -7.78974 -7.81494 -7.83335 -7.61835 -7.29062 -7.21240 -7.18997 -7.15515 -7.02525 -6.97266 -6.87191 -6.74274 -6.65471 -6.65768 -6.52049 -6.28845 -5.88760 -5.85900 -5.74738 -5.47523 -5.27691 -5.21215 -5.24446 -5.27737 -5.17095 -5.08634 -4.97478 -4.94062 -4.90749 -4.82609 -4.78214 -4.75575 -4.72434 -4.70085 -4.67478 -4.60769 -4.56111 -4.51262 -4.42668 -4.33215 -4.30149 -4.28718 -4.25054 -4.02991 -3.84337 -3.80295 -3.77094 -3.65297 -3.62178 -3.42563 -3.47909 -3.57575 -3.41708 -3.11922 -3.13335 -3.17223 -3.21837 -3.23546 -2.86420 -2.85851 -2.80674 -2.47865 -2.42906 -2.38248 -2.02225 -1.98463 -1.86663 -1.79189 -1.76072 -1.73205 -1.63503 -1.41540 -1.30343 -1.19145 -1.16286 -1.10852 -0.96492 -0.86265 -0.81966 -0.74571 -0.71069 -0.68848 -0.56195 -0.35255 -0.13631 -0.08292 -0.02226 -0.02212 0.00706 0.05214 -0.06072 -0.09423 -0.13097 -0.17671 -0.19740 -0.15791 -0.01328 0.06071 0.08249 -0.06497 -0.11134 -0.17905 -0.24714 -0.19658 -0.16772 -0.12125 -0.04362 0.13077 0.28352 0.33629 0.35038 0.33442 0.32775 0.44965 0.48829 0.57137 0.80280 0.75595 0.71923 0.63889 0.59425 0.55340 0.51845 0.42054 0.23460 0.06323 0.03760 0.02849 0.13865 0.18922 0.30771 0.57886 0.54540 0.13106 0.08983 -0.04915 -0.08015 -0.25832 -0.30714 -0.04320 -0.00686 0.04874 0.13803 0.06155 0.02948 -0.00089 -0.04146 -0.10128 -0.15555 -0.24658 -0.35809 -0.51132 -0.54723 -0.57134 -0.56880 -0.48282 -0.22738 -0.05769 0.02695 0.06135 0.01860 -0.04466 -0.09294 -0.34274 -0.43335 -0.51102 -0.58848 -0.63366 -0.67372 -0.66154 -0.66712 -0.73075 -0.74443 -0.74017 -0.70063 -0.60214 -0.52432 -0.47492 -0.42385 -0.36706 -0.35086 -0.29489 -0.18140 -0.05771 0.01280 0.04083 0.19789 0.23718 0.34377 0.48415 0.66988 0.74592 0.80878 0.62777 0.59358 0.55577 0.47312 0.42095 0.33529 0.25855 0.22117 -0.07563 -0.10780 -0.14014 -0.15425 -0.07331 0.13418 0.21366 0.26025 0.48289 0.57054 0.74058 0.99446 1.02478 1.07177 1.11877 1.17309 1.17737 1.18248 1.17394 1.17331 1.20385 1.35760 1.56368 1.64315 1.66878 1.84702 1.95906 2.01986 2.14435 2.08651 2.05572 2.03252 2.05714 2.12728 2.24358 2.30451 2.34351 2.15578 2.08308 2.04706 1.89143 1.85791 1.88802 1.87049 1.82371 1.82331 2.23974 2.32942 2.37766 2.61325 2.80877 2.88166 2.93251 2.96669 3.09531 3.19231 3.18003 3.19600 3.27551 3.15598 3.14446 3.15097 3.06771 3.02326 2.96797 2.92374 2.87395 2.83995 2.78503 2.41614 2.39138 2.27134 2.21749 2.01154 1.86720 1.58526 1.60129 1.65866 1.71080 1.71446 1.72566 1.74165 1.76326 1.85918 1.99829 2.04300 2.11454 2.24657 2.28375 2.29783 2.31702 2.40214 2.42137 2.55386 2.61494 2.65469 2.71658 2.81152 2.87440 2.89148 2.85255 2.79189 2.70685 2.71549 2.73538 2.67700 2.63717 2.56968 2.47092 2.62180 2.72437 2.84869 2.89491 2.91951 3.02308 3.25588 3.24497 3.12928 3.06235 3.01965 2.99188 2.97286 2.98738 3.06612 3.12832 3.21652 3.18885 3.24092 3.27682 3.22265 3.27223 3.29652 3.31882 3.37734 3.47446 3.50555 3.66925 3.86252 3.89935 3.99874 4.10237 4.21346 4.18708 4.21965 4.24531 4.40852 4.54309 4.64306 4.59529 4.58526 4.65512 4.73420 4.63785 4.60851 4.50171 4.32051 4.25268 4.26452 4.32863 4.38548 4.48846 4.61109 4.65952 4.70068 4.74125 4.93420 4.98823 5.02415 4.95523 4.89614 4.80982 4.71934 4.70643 4.76368 4.82522 4.88588 4.97903 5.01837 5.12768 5.11474 5.08826 5.05855 4.99698 4.88078 4.70962 4.67008 4.60437 4.54958 4.34669 4.31838 4.24254 4.16305 4.10555 4.07051 4.03677 3.92085 3.95811 3.70746 3.67115 3.71282 3.74275 3.77863 3.82606 3.88975 3.89058 3.84700 3.80685 3.72263 3.65302 3.61315 3.59318 3.47991 3.43674 3.39532 3.34335 3.28495 3.25318 3.24657 3.26752 3.40429 3.51878 3.45942 3.50888 3.60129 3.63375 3.72648 3.75406 3.77478 3.71452 3.73546 3.92565 4.08115 4.05952 3.95771 3.94232 3.98783 4.19358 4.39914 4.49998 4.53249 4.65992 4.74583 5.07992 5.16175 5.14125 5.12928 5.13803 5.17308 5.22085 5.20000 5.13954 5.06454 4.79418 4.70155 4.46792 4.25643 4.11408 4.03677 3.93163 3.85171 3.82200 3.81366 3.82425 3.76668 3.61454 3.55557 3.48571 3.41025 3.43451 3.75043 3.90340 3.91966 4.00640 4.05002 4.17605 4.23462 4.29485 4.33035 4.39358 4.42917 4.43420 4.41143 4.30171 4.27606 4.04595 3.99445 3.92092 3.78463 3.74529 3.69785 3.44315 3.40620 3.39082 3.40002 3.57992 3.62972 3.75983 3.79422 3.84417 4.01752 4.06283 4.10191 4.24872 4.30834 4.39829 4.72632 4.84658 5.05000 5.09615 5.10803 5.14209 5.15140 5.09337 4.88963 4.81529 4.69477 4.63209 4.46751 4.27906 4.24723 4.10683 4.07008 4.03869 3.99849 3.94489 3.88077 3.84786 3.78857 3.95298 4.00212 4.10085 4.24060 4.41112 4.51551 4.55342 4.58675 4.66342 4.59502 4.51882 4.34902 4.44275 4.48375 4.54146 4.59274 4.75278 4.90343 5.04362 5.12371 5.27211 5.50877 5.67906 5.77611 5.81195 5.84209 5.87800 5.87735 5.82885 5.77478 5.59486 5.44265 5.40248 5.33268 5.29914 5.29648 5.39488 5.48988 5.53803 5.57523 5.73931 5.84786 5.98206 5.82765 5.94528 6.20948 6.43803 6.56752 6.62908 6.75342 6.79488 6.71066 6.71185 6.75260 6.78866 6.83291 6.91098 6.86089 6.73825 6.62480 6.55642 6.29452 6.12709 5.73814 5.76666 5.78762 5.86751 5.80508 5.72778 5.85643 5.90898 6.05645 6.21475 6.26109 6.37586 6.60972 6.70085 6.75183 6.79042 6.79715 6.81377 6.82908 6.85769 6.97232 7.02694 6.99422 6.96197 6.90803 6.87351 6.84849 6.94103 6.99766 7.05749 7.17520 7.31366 7.37737 7.41100 7.51160 7.51274 7.53568 7.65086 7.80172 7.83920 7.82735 7.77694 7.80857 7.91272 7.98934 8.01869 7.88805 7.89403 7.91625 7.90940 7.87565 7.74123 7.66451 7.62297 7.55843 7.57649 7.59402 7.78591 7.92222 7.95383 7.98526 8.09358 8.13589 8.31840 8.43332 8.57308 8.61463 8.68226 8.62946 8.57331 8.43077 8.39723 8.34672 8.30472 8.26754 8.22329 8.13374 8.20768 8.25385 8.30322 8.28163 8.20298 8.14871 8.05043 7.97215 7.99488 8.04143 8.08931 8.14955 8.25812 8.32097 8.35085 8.41580 8.42929 8.56495 8.60171 8.81495 8.95172 9.00685 9.09635 9.13835 9.12254 9.17677 9.21795 9.22432 9.25814 9.34723 9.36282 9.30554 9.27158 9.24329 9.23323 9.30052 9.36000 9.43058 9.51752 9.41966 9.38931 9.33762 9.30191 9.25043 9.46625 9.49849 9.61697 9.53505 9.46158 9.41920 9.34426 9.29723 9.31495 9.34669 9.39626 9.42640 9.41506 9.35385 9.33122 9.52863 9.62317 9.71815 9.87883 9.91498 9.94497 9.91520 9.82306 9.78632 9.71980 9.63545 9.58365 9.60938 9.59192 9.55138 9.50277 9.49058 9.42009 9.32609 9.28291 9.24189 9.21046 9.18377 9.13975 9.12306 9.24831 9.28974 9.39925 9.44872 9.57691 9.72992 9.84063 9.93805 9.97457 10.03023 10.04040 10.01869 10.01282 10.10725 10.17268 10.24102 10.35628 10.38995 10.51443 10.53238 10.45905 10.38291 10.37818 10.40555 10.65877 10.70620 10.76094 10.87480 10.89914 10.92092 10.95000 10.96060 10.99211 10.95832 10.89529 10.85642 10.75486 10.62385 10.38783 10.45020 10.54828 10.59488 10.62498 10.71643 10.70895 10.69562 10.72223 10.85895 10.90857 10.97298 10.96529 10.96112 11.04251 11.13800 11.23077 11.43589 11.64060 11.79402 12.15298 13.71543 14.56195 15.33206 15.48591 15.58846 16.20343 16.51195 16.71666 16.97308 17.28034 17.89529 18.25512 18.46025 18.66540 18.71623 19.12692 19.53760 19.63888 19.69100 19.89657 19.94366 19.99783 21.46409 21.94700 22.15171 22.20426 22.35682 22.51069 22.81923 23.02438 23.22906 23.64015 23.79272 23.89615 24.09998 24.52331 24.56242 25.28077 25.58717 25.79358 26.10086 26.25426 26.76666 26.86923 27.02308 27.17692 27.33117 27.43334 27.63888 27.99831 28.66411 29.58672 29.74189 29.99829 30.20343 30.30512 30.45983 30.61326 30.76975 30.81880 31.07394 31.33115 31.79272 32.56194 32.81882 33.02349 33.33075 33.58635 34.15215 34.25300 34.40809 34.71538 34.86880 35.79146 36.20297 36.50982 36.71497 36.86965 37.02223 37.38120 38.04871 38.45938 38.71537 39.48460 39.79189 39.94908 40.40726 40.71495 40.86838 41.12478 41.27951 41.48418 41.89486 42.25298 42.56066 42.81711 43.89402 44.05040 44.15043 44.50897 45.38162 46.15042 46.40683 47.17608 47.89445 48.45811 48.81668 49.27822 49.53548 49.79103 49.99571 50.43086 53.43606 53.60897 53.60929 53.60854 53.60897 53.61109 53.62692 53.66026 53.72022 53.80642 53.84828 53.90448 53.95083 54.12649 54.14509 54.15642 54.20469 54.23805 54.26154 54.27906 54.29871 54.30618 54.29686 54.29531 54.31540 54.39935 54.45257 54.57863 54.61409 54.67532 54.71797 54.76869 54.92543 54.97329 55.00325 55.17820 55.21240 55.28632 55.56474 55.60192 55.64006 55.66323 55.68494 55.71411 55.80897 55.90662 56.15962 56.20886 56.22451 56.29486 56.43738 56.54615 56.99797 57.36111 57.38805 57.56580 57.76111 57.80555 57.90791 57.95126 58.01323 58.02137 58.00032 58.03568 58.06578 58.21197 58.24357 58.40095 58.43974 58.44914 58.47415 58.51735 58.55342 58.69146 58.79402 58.86132 58.94231 59.00748 59.11751 59.28803 59.35642 59.40492 59.46580 59.50983 59.57478 59.62991 59.70386 59.77051 59.80600 60.04745 60.11026 60.15685 60.20214 60.25351 60.25262 60.34785 60.38483 61.10769 61.31305 61.43762 61.48805 61.54732 61.69263 61.75000 61.78631 61.91452 62.14402 62.18922 62.19552 62.31828 62.38805 62.52822 62.57948 63.11668 63.55129 63.62223 64.04914 64.32566 65.46966 65.62818 65.84400 66.33163 66.81709 66.97437 67.61325 67.66966 67.93888 68.09402 68.51665 68.68546 69.35769 69.43911 69.48803 69.49914 69.52777 69.55726 69.57691 69.90000 69.96731 70.02062 70.02468 70.06452 70.10557 70.14060 70.47266 70.57640 70.58452 70.54680 70.53162 70.52265 70.52669 70.61154 70.63120 70.65126 70.83949 70.88654 70.93762 71.01794 71.28760 71.35514 71.39060 71.42757 71.57074 71.61882 71.55726 71.50169 71.38803 71.53802 71.89100 72.13506 72.22949 72.37818 72.82306 72.87694 73.01068 73.18375 73.33588 73.51623 73.64572 73.62135 73.49403 73.45725 73.35042 73.22434 73.20188 73.13311 73.10534 73.11678 73.11858 73.10043 73.05020 73.02180 72.95534 72.89509 72.84822 72.82669 72.76238 72.72308 72.66282 72.61348 72.55171 72.39915 72.34488 72.30426 72.26582 72.22206 72.22195 72.17763 72.13397 72.11797 72.10386 72.09658 72.04829 72.07649 72.10642 72.12706 72.19017 72.77437 72.84617 73.13417 73.19188 73.47863 73.51068 74.11963 74.42522 74.73163 75.00129 75.58591 76.10992 76.13803 76.78226 77.26666 77.28703 77.59008 78.00086 78.22392 78.27522 78.48163 78.51409 78.56283 78.58803 78.58694 78.58409 78.54585 78.49958 78.44037 78.39680 78.33675 78.37746 78.39252 78.37885 78.36594 78.35878 78.25812 78.17735 78.31497 78.41837 78.55643 78.88506 78.97991 79.40298 80.17351 80.21882 80.41538 80.64188 81.09488 81.57820 81.83162 82.00386 82.17905 82.20083 82.25940 82.40406 82.44572 82.51789 82.98292 83.01409 83.04698 83.09234 83.12906 83.22392 83.27372 83.31497 83.33654 83.34978 83.37437 83.39057 83.48291 83.56540 83.65683 83.75000 83.78891 84.00640 84.13889 84.18760 84.35300 84.62135 84.84572 84.89146 84.95726 84.99829 85.10458 85.77052 86.28978 86.73420 87.12622 87.14923 87.16671 87.75940 88.03249 88.44571 88.52437 88.81283 89.15386 89.39572 89.91582 90.00898 90.00298 90.01731 90.06283 90.10108 90.15171 90.11625 90.27523 90.31432 90.34998 90.40555 90.44358 90.49274 90.54892 90.63826 90.73674 90.95908 91.23525 91.21111 91.19231 91.19958 91.24145 91.33548 91.42008 91.45343 91.58975 91.70171 91.91068 91.93089 91.89315 91.83869 91.83762 91.86495 91.93463 91.99955 92.12437 92.18706 92.21988 92.23418 92.23975 92.24831 92.26623 92.29358 92.31882 92.54272 92.74998 92.84018 93.19443 93.37651 93.48298 93.64874 93.77597 93.77757 93.76540 93.76026 93.76134 93.76371 93.76752 93.79658 93.90469 94.01303 94.10511 94.17306 94.21238 94.51582 94.81475 94.85685 94.90022 95.00771 95.06366 95.09874 95.44466 95.46154 95.55043 95.58932 95.70000 95.70512 95.70940 95.72435 95.73460 95.71282 95.68249 95.68546 95.70075 95.90685 96.04015 96.14229 96.18803 96.21837 96.28749 96.27502 96.18180 96.22991 96.20875 96.22266 96.27308 96.29851 96.40202 96.45257 96.47682 96.51655 96.55983 96.60532 96.60532" yc="71.95154 71.97774 71.92063 71.79126 71.91189 71.94126 71.69540 71.58649 71.58729 71.67140 71.72617 71.76269 71.79997 71.84640 71.85674 71.75949 71.67140 71.89006 71.97774 72.16443 72.22020 72.18391 72.29680 72.37517 72.74066 72.62220 72.56586 72.48846 72.43134 72.41189 72.28437 72.06109 72.01643 72.02380 72.40711 72.57934 72.62697 72.67934 72.72814 72.83966 72.89997 72.92854 72.96903 72.99680 73.03091 73.08371 73.14323 73.22220 73.23331 73.23809 73.23809 73.22220 73.17220 73.20711 73.79126 73.91223 74.06894 74.26506 74.53331 74.42974 74.34760 74.06314 73.73340 73.57300 73.70314 73.90800 73.94680 73.83051 73.81643 73.79680 73.73094 73.62854 73.59383 73.47297 73.34363 73.15474 72.94603 72.87300 72.79760 72.60951 72.44443 72.37637 72.42460 72.52300 72.59440 72.51743 72.54680 72.57063 72.58251 72.59917 72.57934 72.52697 72.53014 72.55077 72.56386 72.45674 72.34760 72.33011 72.29123 72.14683 72.12300 72.10394 72.06346 72.03769 71.96860 71.85869 71.75217 71.69206 71.64720 71.57814 71.45474 71.36663 71.38411 71.55057 71.73451 71.78251 71.83251 71.82246 71.76843 71.71289 71.82380 72.11189 72.19086 72.25971 72.32340 72.37620 72.38491 72.37220 72.35237 72.34920 72.31883 72.25654 72.17737 72.13171 72.04760 72.02300 71.95394 71.93809 71.91426 71.88331 71.81506 71.73054 71.46191 71.35394 71.22380 70.74840 70.62120 70.55877 70.66823 70.67934 70.45394 70.32914 70.31189 70.33554 70.43337 70.26269 70.07140 70.00000 69.76583 69.68094 69.85394 70.04206 70.10237 70.19286 70.22857 70.23174 70.11111 69.97537 69.94797 69.78091 69.62737 69.53726 69.01783 68.81903 68.76429 68.58889 68.36586 68.30234 68.17380 67.96983 67.89206 67.89700 67.82577 67.68886 67.69046 67.74086 67.93171 68.06349 68.07320 67.96109 67.66783 67.60989 67.52260 67.44680 67.35554 67.14483 67.16031 67.17697 67.22003 67.30000 67.33151 67.11666 67.04126 67.15951 67.30671 67.35791 67.64286 67.65474 67.70394 67.72617 68.00154 68.11109 68.36029 68.42337 68.43094 68.42774 68.53809 68.77697 68.95157 69.11506 69.21703 69.29523 69.35234 69.32777 69.29443 69.35037 69.41189 69.50634 69.52171 69.51109 69.59957 69.74837 70.09523 70.21826 70.24600 70.19523 70.14066 70.05434 69.94797 69.90791 70.03014 70.19363 70.24660 70.36466 70.42140 70.50871 70.43211 70.33966 70.10317 70.03886 69.99126 69.81823 69.89126 69.92300 69.97180 70.02934 70.25314 70.32111 70.47020 70.49600 70.60334 70.57854 70.44814 70.39840 70.32777 70.26269 70.36346 70.54520 70.66286 70.49520 70.50314 70.58449 70.68569 70.75037 70.78171 70.66823 70.62377 70.69363 70.79880 70.88331 70.91903 71.00237 71.13014 71.16663 71.22300 71.34363 71.38491 71.49997 71.69046 71.77220 71.83331 71.84323 71.87894 71.93231 71.98986 72.11269 72.13254 72.10951 72.03729 72.02774 72.04997 72.08886 72.19917 72.32043 72.35991 72.38729 72.42420 72.41189 72.41506 72.49183 72.59917 72.61546 72.58331 72.67063 72.74626 72.88651 72.95191 73.05631 73.20791 73.37340 73.39126 73.38649 73.35831 73.24363 73.17300 73.20591 73.25117 73.40371 73.83191 73.90929 73.95414 73.90631 73.81903 73.77380 73.66031 73.45237 73.17857 73.22140 73.35631 73.61189 73.61189 73.68254 73.70197 73.70514 73.59840 73.52694 73.52380 73.53411 73.56169 73.61209 73.62497 73.71723 73.73649 73.70831 73.71229 73.75406 73.77380 73.77340 73.88054 73.92617 73.93449 73.92694 73.91426 73.88409 73.80951 73.76189 73.83014 74.08806 74.14620 74.22851 74.30197 74.26257 74.29920 74.34760 74.44877 74.44997 74.43409 74.43649 74.45671 74.54363 74.59483 74.70037 74.79800 74.80631 74.80554 74.94046 74.95157 74.97220 75.33171 75.40711 75.47220 75.61229 75.71666 76.10951 76.19997 76.25254 76.29323 76.34760 76.49840 76.54603 76.70277 76.77854 76.83729 76.89046 76.94443 76.98886 77.05711 77.09997 77.37577 77.40394 77.36269 77.29600 77.38709 77.42694 77.49837 77.53651 77.69203 78.15157 78.35234 78.45949 78.60951 78.67511 78.79046 78.94443 79.16269 79.21386 79.32220 79.45194 79.54680 79.55711 79.55554 79.50077 79.48174 79.44046 79.33411 79.24603 78.91980 78.98174 79.23729 79.47140 79.57934 79.63094 79.68809 79.72100 79.74680 79.77300 79.78094 79.77657 79.77817 79.81663 79.99837 80.20077 80.19720 80.10397 80.06466 80.03174 79.95554 79.94283 79.96823 79.99043 80.01777 80.07774 80.23729 80.29206 80.33031 80.33886 80.33054 80.31189 80.30634 80.39760 80.45474 80.54283 80.57854 80.31426 80.26823 80.12437 80.04443 80.00437 80.00634 80.01589 80.03649 80.09286 80.14920 80.38649 80.49046 80.51586 80.56369 80.67160 80.78489 80.96666 81.05237 81.12300 81.15474 81.24917 81.39440 81.50951 81.56189 81.57103 81.61586 81.71069 81.76249 81.78171 81.79363 82.02774 82.25077 82.35554 82.49629 82.42497 82.36823 82.34997 82.28729 82.24203 82.17103 82.52854 82.58371 82.85077 83.18489 83.19680 83.20871 83.27180 83.30591 83.35911 83.39363 83.44760 83.48649 83.59046 83.59920 83.60634 83.60477 83.55869 83.51823 83.48329 83.43094 83.39126 83.32220 83.11426 82.93649 82.89126 82.85474 82.81983 82.76269 82.74520 82.67377 82.45474 82.26823 81.98726 81.85674 81.85474 81.84760 81.82814 81.78729 81.71506 81.59403 81.56983 81.56111 81.56586 81.55277 81.52140 81.47974 81.40077 81.33371 81.29800 81.13254 80.98489 80.84286 80.79997 80.72620 80.65314 80.56823 80.51029 80.19363 80.00237 79.94046 79.89126 79.79760 79.72617 79.66746 79.60434 79.45394 79.32220 79.27060 78.89446 78.68331 78.58809 78.26923 78.17460 78.11583 77.75317 77.64760 77.58729 77.29600 77.23889 77.20077 77.15434 77.12380 77.11189 77.09046 76.98011 76.90671 76.72620 76.70711 76.71106 76.69540 76.63769 76.57063 76.53054 76.41903 76.40634 76.72100 76.89283 77.15237 77.23489 77.27220 77.28966 77.30831 77.33809 77.42417 77.50314 77.87934 77.93649 78.00314 78.06506 78.25951 78.37140 78.45871 78.47694 78.56409 78.65751 78.77437 78.86783 78.98571 79.06109 79.16386 79.33926 79.73489 79.98489 80.30731 80.62617 80.68569 80.70077 80.68569 80.76031 80.80711 80.85237 80.90477 80.94603 80.99760 81.00949 81.01823 80.99797 81.10663 81.20949 81.26823 81.31309 81.32060 81.31349 81.24443 81.22917 81.19840 81.11586 81.03214 80.93014 80.79997 80.77734 80.76346 80.76346 80.78529 80.77697 80.63569 80.58769 80.50294 80.44203 80.39286 80.40237 80.59286 80.83411 80.87260 81.29206 81.39363 81.45714 81.54763 81.67517 81.67617 81.68191 81.75634 81.80711 81.86903 81.95274 82.04443 82.18966 82.43411 82.68569 82.92537 82.97857 83.01189 83.03171 83.13011 83.05554 83.14363 83.17169 83.51583 83.59800 83.67140 83.67934 83.75077 83.79880 83.79046 83.78014 83.77617 83.79997 84.21466 84.31509 84.43669 84.52774 85.04206 85.13929 85.19126 85.24283 85.26746 85.27357 85.29920 85.47737 85.53646 85.55317 85.61783 85.65791 85.71506 85.75514 85.77854 85.93809 86.00711 86.39760 86.42694 86.46269 86.47934 86.47320 86.40751 86.31346 86.27774 86.26426 86.34917 86.43254 86.49086 86.51746 86.53966 86.53809 86.52857 86.49323 86.44603 86.44840 86.46031 86.50077 86.53094 86.55791 86.56983 86.59443 86.58371 86.53174 86.48809 86.49840 86.50631 86.51506 86.58014 86.62220 86.62537 86.60077 86.55317 86.49046 86.47420 86.46389 86.48411 86.54920 86.58729 86.60554 86.54820 86.49360 86.47617 86.46903 86.44920 86.39046 86.38451 86.44997 86.54680 86.52777 86.49917 86.46089 86.51426 86.55237 86.52180 86.45634 86.38411 86.35474 86.38291 86.38251 86.35869 86.20531 86.15143 86.12671 86.19820 86.24443 86.18091 86.13569 86.10554 86.06994 86.01743 85.97694 86.02854 86.09283 86.14997 86.20394 86.28331 86.33014 86.32857 86.35074 86.34283 86.30911 86.37697 86.42320 86.43174 86.43254 86.43094 86.41346 86.41229 86.48014 86.51349 86.49760 86.38014 86.42537 86.54603 86.60154 86.63906 86.70323 86.64720 86.77537 86.95691 86.96823 86.98569 87.08003 87.29363 87.48449 87.59203 87.82380 87.83491 87.91743 88.01029 88.02100 87.94957 87.87817 87.86111 87.86109 88.08889 88.56666 88.58886 88.71586 88.82297 88.85871 89.00157 89.09920 89.12697 89.20869 89.27400 89.36109 89.41586 89.34920 89.33886 89.34760 89.45911 89.48411 89.52420 89.57734 89.68769 89.91903 89.89443 89.80851 89.79680 89.85611 89.94443 90.01031 90.00674 89.78331 89.75049 89.75554 89.76983 89.78451 89.99860 90.13886 90.26349 90.59840 90.74206 90.81031 90.83291 91.14837 91.28809 91.67220 91.74123 92.02380 92.13809 92.35791 92.42934 92.62734 92.67706 92.59203 92.48411 92.40871 92.38331 92.44711 92.66534 92.69046 92.69046 92.69203 92.71269 92.72537 92.77971 92.84263 92.89286 92.87540 92.93171 92.92886 92.95237 93.04957 93.12654 93.12220 93.08651 93.07200 93.03886 92.98254 93.00269 93.01577 93.09997 93.17051 93.26903 93.27186 93.30234 93.30114 93.24457 93.22363 93.16863 93.14760 93.17497 93.26289 93.37160 93.38094 93.36426 93.36109 93.37260 93.61743 93.73806 93.78334 93.79206 93.80297 93.93489 94.06266 94.19363 94.27300 94.30237 94.37200 94.39523 94.38531 94.35951 94.34760 94.34680 94.35951 94.49657 94.56551 94.68094 94.99840 95.09991 95.25871 95.37934 95.40674 95.41629 95.40389 95.36260 95.33769 95.33777 95.39440 95.43011 95.44957 95.59426 95.66666 95.69126 95.71429 95.85029 95.88409 95.86586 95.82063 95.73826 95.84920 95.93094 95.95234 95.97617 95.94126 95.95791 95.96666 96.14046 96.21823 96.31346 96.33091 96.33729 96.33171 96.34797 96.45951 96.50791 96.52109 96.45474 96.40394 96.34440 96.34283 96.34997 96.36980 96.36109 96.31823 96.20394 96.06189 95.98251 95.70394 95.64580 95.53886 95.52577 95.56389 95.62497 95.71566 95.79600 95.93331 96.01903 96.05154 96.03251 95.99577 96.08649 96.13569 96.16663 96.21823 96.22617 96.38809 96.63849 96.68171 96.90951 97.25634 97.44046 97.54740 97.66426 97.69680 97.71266 97.70554 97.74760 97.77060 97.80671 97.81586 97.81983 97.81189 97.73251 97.70274 97.54363 97.43086 97.45737 97.49260 97.50997 97.49854 97.43331 97.35740 97.34443 97.37063 97.34411 97.35911 97.35194 97.27506 97.16903 96.87060 96.61429 96.57160 96.43054 96.41963 96.33291 96.23371 96.20394 96.15394 95.92220 95.86109 95.83014 95.79563 95.75834 95.76149 95.79917 95.81803 95.77814 95.70314 95.69523 95.66366 95.63251 95.64680 95.50237 95.44840 95.30000 95.09603 95.03969 95.04046 95.04920 95.07697 95.07934 95.08729 95.10871 95.18331 95.27060 95.27020 95.24680 95.23214 95.28986 95.52457 95.58171 95.59086 95.71586 95.85711 95.88171 95.90871 95.96329 96.01506 96.12003 96.19920 96.22380 96.27957 96.32363 96.34677 96.32300 96.43254 96.55077 96.46729 96.41394 96.40014 96.39251 96.33806 96.30594 96.17597 96.10674 95.79563 95.88797 95.95314 96.00603 96.46429 96.51349 96.65314 96.68409 96.69360 96.69600 96.68171 96.67220 96.65911 96.63014 96.62617 96.63371 96.65477 96.67854 96.73014 96.77100 96.81626 96.93569 96.95711 96.98649 96.98966 96.99283 96.99520 97.01226 97.04680 97.08806 97.17617 97.18571 97.19443 97.21254 97.23571 97.26189 97.27143 97.27777 97.26666 97.24683 97.23411 97.22100 97.22617 97.23331 97.24363 97.26546 97.58409 97.79063 97.78349 97.49760 97.41429 97.30711 97.20871 97.13251 97.26566 97.30951 97.31266 97.29046 97.27777 97.27697 97.32697 97.34840 97.39203 97.43966 97.53569 97.55631 97.55951 97.54203 97.54443 97.55791 97.57614 97.62140 97.66349 97.72023 97.82060 97.83469 97.83174 97.84126 97.86706 98.07637 98.04683 98.03331 98.03191 98.15594 98.18371 98.22140 98.24363 98.24760 98.25317 98.23091 98.21983 98.21426 98.21743 98.23609 98.33489 98.44443 98.47497 98.49523 98.47774 98.46586 98.47220 98.51426 98.52460 98.52617 98.52537 98.52260 98.53649 98.57320 98.78560 98.99660 99.02991 98.97994 98.94283 98.93729 98.94997 98.97180 99.08769 99.23011 99.26266 99.25871 99.23809 99.24917 99.25634 99.28174 99.38300 99.41349 99.40714 99.39443 99.35394 99.36029 99.48014 99.52377 99.55631 99.69126 99.76426 99.85323 99.95871 99.98726 100.07220 100.17140 100.22340 100.27497 100.37000 100.44540 100.34426 100.19720 100.12023 100.07140 99.94629 100.03174 100.30554 100.37283 100.39974 100.44271 100.55314 100.62774 100.66823 100.48489 100.16109 99.85314 99.77140 99.74877 99.73569 99.70711 99.62711 99.57783 99.51557 99.39343 99.26903 99.26029 99.28669 99.57457 99.67791 99.87377 100.03649 100.05951 100.14046 100.22380 100.38697 100.51823 100.51823 100.45711 100.38966 100.31149 100.32777 100.44749 100.44363 100.43251 100.44046 100.45789 100.56286 100.75571 100.94126 100.93094 100.85254 100.75871 100.67060 100.67300 100.63037 100.56829 100.41923 100.34363 100.29366 100.07786 100.15871 100.30714 100.30791 100.37974 100.44680 100.56934 100.70554 100.77380 100.69817 100.35551 100.16823 99.98571 100.01349 100.12774 100.19046 100.22063 100.25314 100.34440 100.72417 100.67854 100.65117 100.57300 100.72380 100.81666 101.12857 101.17537 101.16920 101.23251 101.37874 101.43649 101.39720 101.35949 101.20037 101.09977 101.02060 100.99363 100.99283 101.14126 101.22197 101.28057 101.45714 101.51663 101.63769 101.76383 101.78411 101.73054 101.70543 101.86346 101.89894 101.92774 101.97694 102.15714 102.23231 102.31109 102.28094 102.20811 102.07697 101.84206 101.78449 101.67694 101.82380 101.96269 102.09680 102.30931 102.35277 102.34840 102.27380 102.18126 102.12100 102.08809 102.11706 102.15791 102.20711 102.28331 102.38926 102.42974 102.44046 102.46983 102.47380 102.44197 102.41583 102.41189 102.51060 102.54880 102.55886 102.61803 102.75691 102.77417 102.76426 102.75474 102.74146 102.74880 102.89443 102.93529 102.91983 102.91029 102.91029 102.91643 102.98271 103.04440 103.03431 102.98371 102.96466 103.01803 103.27457 103.31506 103.33886 103.35851 103.48649 103.49520 103.47457 103.44283 103.41823 103.43429 103.48014 103.47537 103.46386 103.48094 103.52994 103.69106 103.72934 103.71111 103.68411 103.62974 103.61523 103.62460 103.98251 104.03966 104.04783 104.04363 104.06269 104.10551 104.14520 104.16723 104.14443 104.16383 104.19429 104.23609 104.24126 104.23777 104.29423 104.30157 104.27934 104.25077 104.24246 104.27340 104.35929 104.42300 104.48311 104.53649 104.55871 104.56269 104.57857 104.61546 104.63966 104.63729 104.61983 104.64997 104.77934 104.92063 105.03489 105.07300 105.13054 105.24560 105.27380 105.28331 105.22937 105.24837 105.22926 105.17377 105.18091 105.19049 105.17934 105.13889 105.10791 104.95871 104.79600 104.74917 104.69363 104.66189 104.62357 104.68014 104.72377 104.75234 104.80514 104.87120 104.89006 104.85711 104.84957 104.86666 104.93349 104.98426 104.98640 104.93411 104.87309 105.12300 105.13077 105.12483 105.16029 105.19683 105.26369 105.35869 105.59363 105.62934 105.66009 105.66206 105.76111 105.97814 106.05989 106.14760 106.16980 106.16109 106.14206 106.12420 106.19006 106.42151 106.42994 106.48411 106.53014 106.74997 106.79126 106.89123 107.00951 107.01823 107.04006 106.98171 106.91109 106.91663 107.00791 107.11031 107.15714 107.09560 107.11586 107.24523 107.32460 107.47540 107.52320 107.61823 107.91429 107.95317 107.96149 107.94383 107.99820 108.10177 108.15474 108.25791 108.39283 108.47220 108.49880 108.38806 108.42537 108.44600 108.47989 108.49283 108.48886 108.46346 108.42100 108.37894 108.36943 108.43509 108.58014 108.59283 108.60306 108.58069 108.58854 108.67954 108.88689 108.88809 108.87634 108.84880 108.79026 108.73669 108.85434 108.90791 108.98180 109.05286 109.06903 109.05474 109.01900 108.97617 108.91266 108.94046 108.98351 108.96429 108.92854 108.73866 108.67220 108.61269 108.56506 108.55317 108.51466 108.56269 108.58966 108.61349 108.64711 108.71109 108.72300 108.74740 108.81980 108.88254 108.92814 109.01109 109.06706 109.07657 109.06269 109.05634 109.05711 109.06903 109.09600 109.19123 109.26149 109.29760 109.34343 109.29206 109.33886 109.36029 109.43589 109.64840 109.94360 109.97974 110.01011 109.94520 109.86586 109.87874 109.93151 109.91266 109.90397 109.88709 109.75537 109.69631 109.62586 109.46983 109.44363 109.43351 109.59323 109.63094 109.72934 109.75386 109.86063 110.00871 110.21903 110.28649 110.45394 110.53649 110.86386 110.91269 111.06823 111.08011 111.01429 111.00237 111.01646 111.07697 111.20951 111.35831 111.36703 111.38729 111.49760 111.51586 111.50711 111.50691 111.56049 111.69360 111.71526 111.57934 111.47143 111.46466 111.46474 111.43014 111.48054 111.62380 111.64203 111.65711 111.61663 111.59940 111.62280 111.72697 111.76983 111.80317 111.99817 112.18571 112.41783 112.45791 112.31714 112.23983 112.18600 112.12340 112.23763 112.30966 112.38251 112.50234 112.48883 112.53134 112.58091 112.60711 112.62774 112.63331 112.63174 112.62577 112.64600 112.90314 113.17974 113.19840 113.20949 113.11743 113.02914 112.90711 113.21506 113.36189 113.38171 113.46149 113.60197 113.67300 113.64840 113.64283 113.66746 113.85871 114.23926 114.34720 114.39997 114.42300 114.33726 114.06129 113.98489 113.99503 114.06823 114.10314 114.37451 114.61646 114.63034 114.45551 114.28886 114.23171 114.28849 114.43886 114.49206 114.51586 114.74443 114.89903 115.03054 115.04286 115.04840 115.04957 115.00237 114.94500 115.02777 115.10714 115.11269 115.10317 115.08889 115.03737 115.02220 115.01686 115.08603 115.15000 115.20791 115.24680 115.27380 115.31754 115.23689 114.84283 114.50634 114.40874 114.31746 114.14283 113.95971 113.82426 113.76426 113.70554 113.65237 113.61209 113.60394 113.61031 113.64757 113.66029 113.72537 113.76251 113.84680 113.79443 113.70871 113.56346 113.47697 113.23689 113.08014 112.89483 112.87857 112.88411 112.88094 112.82380 112.76326 112.69086 112.63491 112.59440 112.55077 112.49840 112.49283 112.51863 112.59580 112.67814 112.71163 112.76109 112.80354 112.82317 112.66823 112.55394 112.22429 112.33411 112.38054 112.42537 112.50491 112.12500 112.00711 112.12774 112.17934 112.19520 112.18403 112.06446 111.85911 111.65474 111.63237 111.63140 111.64617 111.61743 111.56109 111.54920 111.60394 111.61706 111.55411 111.47757 111.45594 111.39571 111.41031 111.48411 111.52060 111.55374 111.55317 111.51426 111.43411 111.15314 111.10874 111.03966 111.04203 111.03091 110.93411 110.96234 111.00594 111.00474 110.88491 110.77814 110.60157 110.47220 110.36346 110.23034 109.93637 109.87746 109.69106 109.65711 109.59323 109.48651 109.49643 109.59463 109.96269 110.25314 110.31803 110.42874 110.54957 110.96206 111.00157 110.90911 110.60394 110.12220 110.01031 109.92460 109.93371 110.00277 109.90949 109.85294 109.57060 109.59840 109.64243 109.64917 109.47457 109.36229 109.21029 109.16586 108.95554 108.90434 108.51149 108.35157 108.50471 109.17894 109.29643 109.38571 109.48211 109.70154 109.78151 109.88254 109.91009 109.73649 109.51763 109.43649 109.26586 109.03889 108.98886 108.94837 108.78849 108.95951 109.02694 109.05871 109.20283 109.25306 109.29963 109.38331 109.50117 109.58431 109.73689 109.85451 109.92020 109.98014 110.16583 110.19840 110.21429 110.06466 109.95751 109.89243 109.83211 109.77020 109.60157 109.33966 109.18569 109.09263 108.96883 108.88866 108.67737 108.60951 108.57300 108.54037 108.54157 108.42774 108.38249 108.24520 108.14760 108.11583 108.08411 107.96586 107.92377 107.90791 108.09600 108.16823 108.19600 108.22297 108.28054 108.48331 108.57063 108.65551 108.66109 108.69363 108.93191 109.01803 109.21983 109.29523 109.40594 109.51626 109.64680 109.83489 109.89283 109.97380 110.11746 110.24363 110.36269 110.53569 110.77180 110.89686 111.10237 111.13849 111.17854 111.11746 111.09680 111.12380 111.14046 111.14760 111.14286 111.10871 111.06189 111.02577 110.96149 110.88091 110.79046 110.78091 110.76469 110.72774 110.69680 110.48254 110.28966 110.25394 110.33214 110.53726 110.66586 110.73014 110.69603 110.76943 110.88171 110.92537 111.29046 111.36506 111.52400 111.57420 111.35074 111.22340 111.14026 111.03449 110.85791 110.82857 110.83491 110.84760 110.87377 111.09006 111.15017 111.34837 111.53571 111.55474 111.50077 111.65951 111.71743 111.76466 111.79580 111.75909 111.72497 111.74640 111.91623 111.97931 112.03966 112.06743 112.05711 111.98649 111.97180 112.02380 112.09083 112.17063 112.35751 112.44283 112.44283 112.37063 112.28669 112.31823 112.41229 112.44840 112.45714 112.50394 112.64006 112.72460 112.80314 112.79917 112.80174 112.86269 112.95077 113.00871 113.03889 113.06426 113.10314 113.34600 113.51029 113.64920 113.80874 114.17620 114.19363 114.16826 114.13726 114.12894 114.13251 114.14203 114.17857 114.21189 114.24423 114.21823 114.19520 114.19046 114.20077 114.23091 114.24520 114.40080 114.46586 114.36586 114.27340 114.26506 114.26269 114.26586 114.29840 114.31771 114.30634 114.28491 114.34203 114.45000 114.47540 114.58014 114.79680 114.79726 114.89014 115.08251 115.17340 115.23749 115.31209 115.60474 115.64580 115.78866 115.82777 115.84800 115.95471 116.18251 116.22637 116.37220 116.39760 116.44920 116.46983 116.49997 116.51626 116.55037 116.59363 116.86583 117.07140 117.12180 117.23411 117.33163 117.37300 117.37300 117.30077 117.20337 117.01137 116.90871 116.85197 116.80077 116.77537 116.78251 116.82517 116.90871 116.88966 116.83331 116.71546 116.70791 116.62617 116.60114 116.59363 116.85077 117.01429 117.32697 117.38449 117.41426 117.38846 117.30751 117.21426 117.28729 117.37620 117.42834 117.46826 117.49046 117.54283 117.57180 117.53649 117.75317 117.86906 118.08729 118.20631 118.30114 118.32694 118.36149 118.41386 118.48171 118.63409 118.68014 118.69483 118.71031 118.75354 118.87737 118.96980 119.09203 119.11029 119.15949 119.12429 119.02577 118.87160 118.81900 118.80714 118.76723 118.89246 118.91346 118.90237 118.87220 118.84600 118.85829 118.92774 119.07220 119.20711 119.60514 119.63489 119.64840 119.66823 119.66983 119.68171 119.71823 119.77300 119.77549 119.70489 119.62060 119.46634 119.55791 119.58969 119.69126 119.79537 119.92154 120.14049 120.32020 120.40634 120.39523 120.56423 120.64363 120.71389 120.78817 120.88826 121.03889 121.10474 121.33629 121.37140 121.30714 121.25869 121.17774 121.10394 120.93331 120.73889 120.71309 120.69600 120.70554 120.71983 120.72460 120.72460 120.71666 120.70394 120.58817 120.45511 120.41903 120.37854 120.30771 120.29443 120.29760 120.30634 120.34043 120.36983 120.46029 120.66963 120.70157 120.71509 120.75320 120.83491 120.88769 120.88729 120.87537 120.84840 120.74186 120.69483 120.61869 120.58063 120.52994 120.45274 120.46149 120.58760 120.67474 120.69283 120.84683 121.08331 121.17774 121.22140 121.26029 121.34280 121.44563 121.50394 121.52620 121.59440 121.60474 121.56269 121.53174 121.36189 121.33729 121.12220 121.10951 121.11843 121.00949 120.96426 120.80017 120.45591 120.06606 119.96586 119.90077 119.84520 119.76349 119.25949 119.20434 119.15634 119.11980 119.10314 119.09997 118.97220 118.86903 118.86586 118.87474 118.86429 118.69006 118.68491 118.71426 118.73094 118.58331 118.52477 118.47814 118.46429 118.46029 118.31506 118.10711 117.99603 117.86983 117.76426 117.28669 117.25154 117.19680 117.14523 116.74560 116.53697 116.56229 116.58886 116.63649 116.63171 116.54680 116.46983 116.55871 116.65237 116.66526 116.44443 116.26623 116.20314 116.12120 115.99046 115.89046 115.85991 115.85929 115.89600 115.91586 115.91823 115.91506 115.90394 115.89123 115.85126 115.83014 115.79920 115.61903 115.56346 115.50354 115.42266 115.34343 115.32697 115.22854 114.90037 114.73169 114.65114 114.60611 114.46903 114.42974 114.41189 114.37300 114.39997 114.43966 114.69720 114.71506 114.70554 114.68769 114.65631 114.63409 114.60831 114.60474 114.60714 114.63231 114.70157 114.73889 114.74046 114.66863 114.56903 114.46903 114.40791 114.04203 113.99383 113.70791 113.67220 113.68254 113.67934 113.66903 113.57657 113.36634 113.20643 113.07700 113.04620 113.03889 113.06109 113.08966 113.19917 113.27774 113.34060 113.44203 113.45077 113.45671 113.36109 113.23549 113.12537 112.97063 112.94917 112.94006 112.92854 112.89443 112.85691 112.60534 112.56623 112.61346 112.64680 112.56943 112.23531 112.21111 112.20554 112.18649 112.17183 112.02011 111.87614 111.73809 111.57300 111.22617 111.17934 111.18051 111.28360 111.32774 111.32320 111.10554 110.97220 110.81826 110.56743 110.51269 110.50414 110.36823 110.30554 110.12774 110.10474 110.34849 110.34523 110.29046 109.89363 109.76374 109.67220 109.58809 109.55869 109.54283 109.52854 109.50634 109.36743 109.28014 109.17934 109.14243 109.08271 109.00711 108.86266 108.83409 108.81266 108.78251 108.63649 107.96031 107.76900 107.53489 107.13371 106.94443 106.86863 106.56626 106.49840 106.30634 105.97677 105.90157 105.84046 105.73809 105.44757 105.17537 105.11823 105.10000 105.06269 104.95394 104.88806 104.58809 104.27974 104.18489 104.08449 104.01743 103.76786 103.70791 103.19443 103.04680 102.96129 102.89363 102.85634 102.77457 102.29443 102.15634 102.01623 101.94006 101.86903 101.69086 101.38889 101.09360 100.85951 100.69603 100.58571 100.42854 100.35789 100.31900 100.23491 100.08649 99.93649 99.80317 99.75554 99.66903 99.58769 99.55474 99.50634 99.37140 99.34997 99.29186 99.27060 99.15077 99.00471 98.93291 98.92537 98.88569 98.82891 98.44403 98.35951 98.19600 97.94960 97.71266 97.61983 97.59680 97.60394 97.63966 97.66011 97.44920 97.36746 97.16126 97.14283 97.16329 97.14563 96.86743 96.78014 96.73331 96.72774 96.71826 96.63351 96.62340 96.67440 96.68449 96.66943 96.29917 96.26189 96.11903 95.99917 95.89380 95.73969 95.70589 95.76931 95.80314 95.80591 95.77854 95.72140 95.63606 95.54303 95.53417 95.40711 95.03571 94.92774 94.48254 94.28571 94.18174 94.02297 93.99960 93.93649 93.88966 93.92063 93.76983 93.67420 93.64997 93.63966 93.53569 93.38251 93.22537 93.13171 93.10471 93.05257 93.00394 92.99126 92.96786 92.95277 92.89920 92.73569 92.47934 92.31746 92.15951 91.94523 91.74680 91.45157 91.36106 91.33171 91.31109 91.29086 91.24423 91.08251 91.03391 90.96309 90.88966 90.84643 90.83689 90.85911 90.85357 90.78051 90.48729 90.38331 90.30354 90.21826 90.13729 90.04720 89.92854 89.82457 89.69917 89.22537 89.03886 89.09403 89.13649 89.20869 89.28311 89.40634 89.58091 89.87857 89.92814 90.10574 90.07734 90.05831 90.05394 90.07734 90.16983 90.22223 90.36494 90.46386 90.44600 90.40711 90.22617 90.01429 89.88609 89.86506 89.71029 89.41229 89.32657 89.26746 89.17577 89.09223 88.79997 88.71149 88.57934 88.52503 88.44760 88.32377 88.27143 88.22774 87.89780 87.81417 88.12777 88.21546 88.25554 88.36626 88.45257 88.59443 88.70103 88.80491 88.91266 89.00831 89.29917 89.32300 89.42023 89.42140 89.43331 89.50397 89.53331 89.52914 89.44917 89.40791 89.37180 89.31506 89.18331 89.02180 88.96506 88.95317 88.95077 88.93886 88.91229 88.86663 88.80791 88.70237 88.66706 88.73569 88.79383 89.01663 89.26149 89.36666 89.46903 89.49523 89.51983 89.54206 89.58906 89.90394 89.96229 90.05217 90.40314 90.48254 90.55671 90.65234 90.84206 91.02143 91.12420 91.19206 91.40454 91.45634 91.55871 91.55474 91.58171 91.61583 91.66506 91.68529 91.71029 91.73491 91.84343 91.95751 92.05991 92.09880 92.10714 92.11666 92.10691 92.04500 91.99123 91.96546 92.11586 92.15554 92.26349 92.33251 92.39680 92.71109 92.75354 92.79440 92.83014 92.94126 92.98331 93.53411 93.66506 93.72774 93.78251 93.83729 93.94283 93.97777 94.03806 94.06903 94.09997 94.16109 94.33886 94.43966 94.73014 94.83966 94.91506 95.01349 95.06111 95.12143 95.18809 95.26903 95.39680 95.49046 95.58191 95.70634 95.80157 96.03809 96.13609 96.19840 96.21191 96.36506 96.45237 96.52500 96.62220 96.85394 97.33849 97.40711 97.43729 97.55317 97.62380 97.72380 98.08806 98.20177 98.31663 98.77537 99.39286 99.65889 99.78809 100.11269 100.18014 100.25057 100.31823 100.42537 100.44431 100.35186 100.20291 100.23649 100.31546 100.38014 100.43649 100.48251 100.45157 100.42140 100.40434 100.40634 100.41903 100.44123 100.52734 100.57540 100.63449 100.66069 100.67537 100.68171 100.68174 100.65474 100.59760 100.56823 100.56346 100.67060 100.70631 100.74917 100.77934 100.71863 100.69523 100.69363 100.66529 100.52060 100.37854 100.43449 100.52637 100.67366 100.90554 100.91229 100.90197 100.86111 100.81746 100.78251 100.77737 100.79997 100.84323 100.82854 100.80711 100.77260 100.70711 100.69757 100.69046 100.69206 100.70077 100.71069 100.73174 100.79917 100.84523 100.84760 100.83649 100.82143 100.79046 100.76349 100.71109 100.64123 100.37180 100.29046 100.23094 100.11586 100.07737 100.00831 99.99740 100.13491 100.19286 100.27717 100.61903 100.76743 100.84009 100.89186 100.98649 101.03849 101.04206 101.07060 101.16269 101.29917 101.40671 101.49563 101.58409 101.81763 101.87854 102.07974 102.12380 102.16826 102.21426 102.24046 102.28571 102.31466 102.35554 102.37220 102.39680 102.54680 102.59203 102.65911 102.66189 102.65634 102.64840 102.65274 102.68649 102.79183 102.84800 102.94046 103.00000 103.31623 103.42614 103.75791 104.11306 104.16586 104.18729 104.19680 104.21743 104.24840 104.29840 104.40791 104.46189 104.53251 104.58174 104.77300 104.81903 104.84680 104.88409 105.04126 105.21269 105.26760 105.27934 105.29206 105.32817 105.49680 105.51269 105.59206 105.65237 105.72620 105.76126 105.80394 106.01269 106.09997 106.21069 106.23331 106.26823 106.32060 106.36346 106.37854 106.39363 106.41863 106.44720 106.46109 106.44877 106.43174 106.39997 106.34917 106.00077 105.96346 105.87774 105.86426 105.84760 105.83966 105.83094 105.82180 105.80234 105.77577 105.75077 105.69523 105.64760 105.62140 105.57060 105.52497 105.59680 105.62020 105.63411 105.65551 105.88529 105.90234 105.87537 105.86349 105.84206 105.81429 105.78174 105.72774 105.67537 105.63369 105.56346 105.52457 105.49283 105.48171 105.46823 105.45117 105.44757 105.46069 105.49840 105.53726 105.56049 105.60474 105.89403 105.95871 106.37297 106.45040 106.66486 106.96506 107.63014 107.80871 108.00394 108.14523 108.48251 108.59126 108.71346 108.77617 108.98014 109.17617 109.31746 109.63094 109.90631 110.02540 110.08609 110.43966 110.54837 110.68291 110.73809 110.75474 110.76269 110.73689 110.70951 110.66426 110.75394 110.80237 110.81389 110.78174 110.76506 110.75000 110.74523 110.74917 110.75317 110.25137 109.98331 109.80237 109.70254 109.57540 109.20949 109.19680 109.21109 109.37617 109.56903 109.78846 110.03571 110.42854 110.61349 110.81426 110.77457 110.69603 110.62457 110.60791 110.61506 110.67260 110.76666 110.88231 111.07617 111.24123 111.35314 111.69206 112.17420 112.27380 112.35237 112.44917 112.64680 112.90077 113.24680 113.46031 113.93649 114.15889 114.28449 114.30277 114.45274 114.48371 114.52726 114.83171 114.92617 115.36406 115.47417 115.61743 115.77854 115.79363 115.77497 115.84880 116.20314 116.45554 116.56823 116.73174 116.97934 117.26746 117.65237 117.98809 118.04840 118.15017 118.24960 118.25157 118.24640 118.27617 118.44323 118.71189 118.94046 118.99443 119.03806 119.09203 119.16349 119.26426 119.36726 119.39683 119.45394 119.56506 119.60554 119.65474 119.82854 119.77854 119.75791 119.67537 119.67063 119.68966 119.87380 119.91266 119.99443 120.01586 120.03194 120.08131 120.14680 120.14126 120.12220 120.08611 120.02777 120.19363 120.22060 120.31723 120.35574 120.29880 120.38034 120.44403 120.49563 120.55074 120.50294 120.50049 120.63409 120.67697 120.73929 120.75157 120.74563 120.95711 120.94917 120.88409 120.82420 120.75871 120.61017 120.54760 120.44483 120.44203 120.50157 120.55097 120.67523 120.75274 120.85911 120.89917 120.92063 120.95077 121.00354 121.24640 121.33094 121.33094 121.52140 121.55554 121.53094 121.51543 121.52380 121.54523 121.62617 121.69520 121.72340 121.71269 121.50474 121.52340 121.72260 121.78331 121.82974 121.86266 121.86663 121.85791 121.86189 121.87934 121.92300 122.02854 122.28391 122.34046 122.38411 122.40197 122.41186 122.41031 122.36466 122.33969 122.41983 122.36109 122.28571 122.23569 122.23649 122.25157 122.44840 122.54026 122.59203 122.69483 122.70394 122.69957 122.66980 122.66506 122.66586 122.68429 122.74917 122.96111 123.02694 123.50951 123.88806 123.91186 123.96506 123.99206 124.05751 124.05871 124.03014 124.02457 124.11506 124.22297 124.29286 124.35711 124.52220 124.59643 124.68689 124.79443 124.83011 124.89880 124.89560 124.79997 124.64126 124.59917 124.44600 124.44840 124.41983 124.36346 124.40237 124.47774 124.54997 124.63686 124.68014 124.85137 124.90551 124.97417 124.96743 124.95394 124.95871 124.98786 125.10434 125.17180 125.18729 125.18094 125.10714 125.24363 125.30237 125.40714 125.50871 125.62140 125.63331 125.63251 125.60591 125.49997 125.32340 125.26643 125.26960 125.16863 125.26029 125.28729 125.34363 125.41903 125.59363 125.66903 125.67774 125.69283 125.84123 125.95751 126.25786 126.25394 126.16029 126.03446 125.98014 125.75791 125.66229 125.65949 125.65551 125.52774 125.44877 125.27617 125.25711 125.23014 125.22697 125.15714 125.02023 124.99083 124.97697 124.97300 124.90077 124.93769 124.94400 124.87777 124.81683 124.81586 124.77874 124.74046 124.65711 124.65414 124.67300 124.65949 124.56903 124.50871 124.47260 124.45631 124.46189 124.49680 124.57240 124.61346 124.73231 124.78409 124.74046 124.72774 124.73489 124.86189 124.86666 124.78411 124.70409 124.61666 124.59206 124.59206 124.60631 124.65114 124.85394 124.98411 125.08866 125.18351 125.51666 125.67617 125.69840 125.71883 125.73569 125.74006 125.66869 125.63389 125.56843 125.52697 125.49937 125.46029 125.49760 125.54877 125.65037 125.68491 125.75949 125.87851 125.96266 126.02774 126.07414 126.17300 126.17140 126.12574 126.12217 126.13211 126.34997 126.40946 126.37040 126.11049 126.09837 126.08763 126.01660 125.93411 125.84994 125.93351 125.86186 125.73766 125.59443 125.55157 125.54920 125.58031 125.66663 125.70911 125.75511 125.92694 125.91583 125.82454 125.70474 125.60394 125.56169 125.60157 125.63966 125.81900 126.11229 126.16423 126.07634 125.99837 125.94680 125.88406 125.83526 125.78883 125.71031 125.62694 125.62377 125.65394 125.78011 126.01820 126.09960 126.25269 126.78489 126.95551 127.19460 127.20260 127.22060 127.32974 127.48886 127.74837 128.56900 128.66029 128.68806 128.73009 128.97974 129.03251 129.24757 129.29763 129.34523 129.40154 129.40391 129.40077 129.38886 129.38171 129.36146 129.31109 129.36149 129.36663 129.36346 129.35711 129.36346 129.40949 129.44837 129.45866 129.44717 129.44597 129.45074 129.51626 129.71583 129.91269 130.08409 130.51740 130.60871 130.64200 130.80391 130.82537 130.84586 130.85789 130.89280 131.08726 131.10317 131.10791 131.15551 131.17377 131.19717 131.20314 131.20154 131.15769 130.99043 130.88863 130.88960 131.00869 131.09957 131.11863 131.23089 131.28886 131.34200 131.25789 131.18649 131.15474 131.14994 131.13329 131.13329 131.14597 131.16503 131.19597 131.20711 131.16969 131.13569 131.13489 131.13726 131.13171 131.08806 131.06026 131.03486 131.03011 131.03251 131.04123 131.06346 131.09680 131.11349 131.10949 131.01463 130.93686 130.92143 130.92143 130.95014 131.06063 131.13809 131.17217 131.20314 131.22454 131.24320 131.24834 131.27403 131.28169 131.26343 131.24914 131.17377 131.10551 130.98963 130.78409 130.73191 130.67574 130.64360 130.56740 130.53606 130.50311 130.41269 130.36266 130.39203 130.40789 130.40789 130.29123 130.26386 130.25789 130.24243 129.97851 129.94046 129.79320 129.72854 129.60946 129.58886 129.55789 129.54046 129.52300 129.51666 129.50474 129.50077 129.49680 129.48809 129.48966 129.50114 129.68651 129.81780 129.88171 129.93369 129.96223 129.94046 129.95511 130.05789 130.11186 130.16143 130.15989 130.16443 130.33566 130.55866 130.69914 130.82040 130.87037 130.97137 131.12140 131.14123 131.15711 131.24083 131.29223 131.38406 131.41663 131.51820 131.64403 131.90863 131.91623 131.95509 132.06823 132.11343 132.21823 132.25629 132.28406 132.31897 132.34203 132.68406 132.70869 132.68960 132.67691 132.66500 132.67889 132.71260 132.76189 132.82454 132.90989 132.93846 132.92337 132.88966 132.87734 132.87537 132.88491 132.92597 132.91029 132.89520 132.85351 132.84757 132.84837 132.87894 132.88649 132.85909 132.96029 133.05554 133.07060 133.07934 133.09046 133.07457 132.81957 132.72177 132.56900 132.31266 132.22140 132.18091 132.17554 132.26266 132.15789 132.13011 132.13169 132.16823 132.19126 132.19246 132.04597 131.93806 131.89440 131.88249 131.89560 131.95749 132.01149 132.05749 132.22454 132.37614 132.42777 132.54800 132.58091 132.47891 132.28489 132.34680 132.33371 132.29814 132.22954 132.16943 131.99834 131.87040 131.89517 131.91040 132.02177 132.10231 132.18409 132.25629 132.30629 132.53646 132.65191 132.70469 132.78251 133.01343 133.15431 133.29203 133.38166 133.40389 133.42691 133.44443 133.48460 133.67934 133.78806 133.83380 133.83331 133.79520 133.77537 133.79163 133.85869 133.88249 133.96740 133.99283 134.00831 134.00234 133.98171 134.00037 134.10231 134.14837 134.11497 134.02323 134.00091 133.88926 133.82237 133.86620 133.92769 134.08649 134.17577 134.18489 134.18331 134.19046 134.20789 134.22634 134.27377 134.29857 134.26186 134.23846 134.24677 134.45071 134.45509 134.41803 134.37297 134.32774 134.31349 134.30394 134.25394 134.23249 134.19003 134.17417 133.76666 133.50074 133.47854 133.43586 133.44760 133.76743 133.89440 133.93963 133.89954 133.79643 133.74003 133.43566 133.43451 133.39417 133.32457 133.09203 132.98329 132.97851 132.97694 132.95631 132.94520 132.92220 132.66189 132.50869 132.51817 132.59954 132.66186 132.68386 132.60034 132.47851 132.43963 132.41900 132.42140 132.43131 132.77971 132.87060 132.97137 133.04997 133.04763 133.02294 133.07566 133.18606 133.34203 133.50231 133.61863 134.07451 134.14203 134.19443 134.22454 134.27931 134.27894 134.25749 134.23091 134.20034 134.25549 134.28846 134.47620 134.54677 134.77294 134.81503 134.84954 134.96823 135.12214 135.40671 135.48966 135.53883 135.62894 136.01900 136.05866 136.09123 136.12457 136.17614 136.24200 136.28249 136.33649 136.37617 136.40231 136.52537 136.83131 136.87100 137.14283 137.37963 137.46026 137.48643 137.54360 137.63566 137.72597 137.75829 137.74800 137.72060 137.65629 137.58569 137.50140 137.46543 137.46900 137.49120 137.52380 137.56189 137.60849 137.67574 137.74443 137.80154 137.85869 137.94163 137.97057 137.95157 137.90354 137.90751 137.93329 137.99837 138.04063 138.06031 138.05951 138.05314 138.04800 138.07000 138.13429 138.29200 138.43963 138.57414 138.62137 138.64363 138.62477 138.55551 138.53009 138.51026 138.47894 138.44126 138.44677 138.48149 138.53863 138.59163 138.65371 138.66189 138.58689 138.56226 138.45649 138.39797 138.35829 138.34914 138.45040 138.48489 138.54200 138.59837 138.69046 138.85471 138.97654 139.34260 139.59280 139.61900 139.64360 139.62100 139.71703 139.72814 139.73689 139.65629 139.64040 139.64897 139.70154 139.72694 139.75551 139.76897 139.80786 139.83246 139.85469 139.95471 139.97851 140.27217 140.34360 140.52851 140.55509 140.58846 140.59440 140.57540 140.71906 140.74797 140.75631 140.76983 140.72774 140.69674 140.68960 140.66663 140.66740 140.67854 140.71186 141.12597 141.18251 141.19677 141.37057 141.41183 141.43014 141.42934 141.43886 141.45154 141.46903 141.53883 141.55391 141.54280 141.52300 141.49757 141.48966 141.48251 141.45711 141.41503 141.42197 141.52854 141.61346 141.62457 141.78009 141.81346 141.79106 141.76820 141.76980 141.77774 141.82063 141.82851 141.87234 141.88354 141.89734 141.92097 141.98806 141.96820 141.94123 141.96900 141.98563 142.01426 142.00231 141.98246 141.93486 141.93249 141.97969 142.01029 142.02217 142.12297 142.14203 142.23886 142.29120 142.34920 142.43843 142.44994 142.46029 142.46343 142.45549 142.44994 142.34617 142.20157 142.20949 142.25869 142.29914 142.35791 142.39440 142.42854 142.45629 142.41406 142.35631 142.35317 142.35154 142.34997 142.35317 142.35154 142.32931 142.20791 142.15949 142.15454 142.22297 142.25351 142.24206 142.19443 141.85631 141.34760 141.28051 141.25114 141.25311 141.31583 141.31066 141.26380 141.18131 141.18091 141.19163 141.14737 140.89834 140.78331 140.59363 140.55389 140.55031 140.50997 140.46823 140.43031 140.37694 140.36700 140.37574 140.41029 140.46900 140.50551 140.47194 140.32374 140.24517 140.11343 140.07377 140.04243 139.98586 140.01983 140.03649 140.05077 140.01000 139.93011 139.91900 139.91149 139.89640 139.85829 139.79874 139.82294 139.84820 139.88011 139.84271 139.79597 139.78923 139.79537 139.65706 139.59754 139.62929 139.63723 139.59926 139.54046 139.51031 139.45946 139.45234 139.45546 139.48371 139.49300 139.33846 139.26343 139.23963 139.26106 139.27694 139.28489 139.28571 139.19271 139.21109 139.27057 139.31426 139.34523 139.36506 139.38249 139.36703 139.33331 139.28723 139.24834 139.22057 139.25351 139.25611 139.19720 138.85314 138.53249 138.31900 138.05514 137.68486 137.40554 137.28923 137.16963 137.15077 137.08011 136.77137 136.65871 136.27771 136.21897 136.03606 135.99877 135.76269 135.70551 135.64223 135.35074 135.28646 135.27177 135.30949 135.34594 135.39443 135.48766 135.49043 135.44283 135.27674 135.22060 135.09203 134.99737 134.91269 134.89363 134.90314 134.75077 134.61323 134.80054 134.84040 134.87657 135.01006 135.26897 135.36817 135.41503 135.45194 135.72931 135.80474 135.90871 136.02734 136.04517 136.06500 136.09920 136.12140 136.17140 136.22254 136.56660 136.62060 137.03666 137.22420 137.24914 137.33649 137.37500 137.45371 137.76980 137.81106 137.84437 137.91903 137.96780 138.18726 137.83643 137.70629 137.84557 138.03406 138.09837 138.27297 138.36183 138.55074 138.76663 138.88011 138.93129 139.00551 139.06580 139.23331 139.32377 139.48169 139.54677 139.60154 139.74043 139.81423 139.95074 139.97929 139.99677 140.12217 140.28846 140.41546 140.62514 140.68960 140.71826 140.75194 140.77694 140.78686 140.78091 140.76189 140.74286 140.71229 140.60094 140.52374 140.38174 140.32294 140.25889 140.22060 140.19603 140.13806 140.10946 140.06860 140.02974 139.85171 139.67774 139.56269 139.47494 139.32540 139.14040 139.09677 139.16586 139.17497 139.00709 138.86463 138.73886 138.70114 138.47774 138.27457 138.14914 137.87257 137.83960 137.81660 137.80311 137.80077 137.81663 138.12931 138.18649 138.20686 138.24046 138.29677 138.32694 138.35314 138.42734 138.47297 138.49914 138.54380 138.65949 139.16229 139.21426 139.26446 139.33946 139.35731 139.54520 139.64120 139.68729 139.74243 139.79674 140.15709 140.22000 140.38174 140.43091 140.45946 140.62377 140.69123 140.86980 140.99857 140.94323 140.89120 140.82934 140.76269 140.70549 140.70391 140.72897 140.83011 140.96860 141.03646 141.09357 141.11069 141.18486 141.22771 141.28903 141.29203 141.20711 141.25946 141.28409 141.27094 141.22851 141.23129 141.28031 141.39914 141.44049 141.46823 141.52691 141.54123 141.41086 141.38566 141.46109 141.45671 141.49303 141.54757 141.60231 141.53411 141.49206 141.47803 141.53049 141.54203 141.54797 141.55866 141.57931 141.80254 141.87017 141.86663 141.86506 141.87300 141.88251 141.88923 141.44043 141.47931 141.55631 141.58566 141.82851 141.80074 141.74954 141.77491 141.84440 141.90234 141.98326 141.98049 141.96423 141.92251 141.87534 141.87377 141.90154 141.93426 141.95034 141.93169 141.91943 141.92537 142.02097 142.03609 142.04086 142.17460 142.23014 142.42217 142.63009 142.70469 142.73249 142.90871 143.01780 143.04677 143.08489 143.09997 143.10949 143.11466 143.06666 143.28726 143.45394 143.46343 143.24163 143.21503 143.20391 143.19557 143.19994 143.24997 143.26186 143.30371 143.36900 143.43014 143.51903 143.83529 143.87934 143.88806 143.83617 143.70391 143.59680 143.68486 143.76743 143.87377 143.97377 144.19877 144.26940 144.42851 144.49163 144.48889 144.52409 144.59557 144.75591 144.81660 144.81026 144.89063 145.06743 145.15946 145.17337 145.19283 145.21586 145.34677 145.46426 145.91503 146.09640 146.14680 146.33089 146.42137 146.51346 146.70529 146.76026 146.76980 146.76423 146.77691 146.88726 146.94697 147.04083 147.06743 147.23569 147.25989 147.27060 147.31820 147.33886 147.37697 147.56743 147.65629 147.68406 147.74877 147.88054 147.90791 147.92814 147.92337 147.89520 147.85909 147.84280 147.83883 147.84520 147.88054 147.93729 147.96146 147.97337 147.93211 147.82674 147.64360 147.60671 147.76503 147.99557 148.04120 148.06109 147.94363 147.88491 147.84997 147.85074 148.05237 148.13849 148.14480 148.13646 148.13806 148.38186 148.53051 148.55551 148.56266 148.55709 148.55311 148.54837 148.50231 148.41186 148.27297 148.18209 148.14717 148.12300 148.12120 148.13094 148.14480 148.14360 148.14120 148.13569 148.11463 148.10989 148.13726 148.17691 148.18011 148.12931 148.06820 148.09523 148.12060 148.12774 148.11820 148.07023 147.88589 147.77457 147.76743 147.72457 147.56109 147.49757 147.49120 147.48249 147.44637 147.28606 147.18806 147.15394 147.10789 146.77651 146.54400 146.53011 146.53569 146.65157 146.69443 146.72851 146.78783 146.83091 146.85869 146.90829 146.88489 146.85711 146.82851 146.78803 146.72534 146.64680 146.51106 146.44429 146.27306 146.18649 146.09620 146.04717 145.99203 145.95117 145.94406 145.98349 146.04720 145.97931 145.87454 145.84280 145.83369 145.70551 145.57934 145.50431 145.44280 145.37297 145.30989 145.17934 145.11783 145.07851 145.03806 144.97017 144.91623 144.84717 144.79103 144.63326 144.62217 144.67197 144.73171 144.86029 144.87931 144.88489 144.87697 144.79914 144.70000 144.58826 144.51426 144.48251 144.45946 144.43803 144.38337 144.41820 144.45631 144.51286 144.53609 144.46343 144.34997 143.84043 143.75611 143.59957 143.51266 143.40551 143.21977 143.15711 143.07297 142.97137 142.93566 142.76306 142.73766 142.74463 142.75749 142.71500 142.60394 142.48963 142.40554 142.31186 142.22854 142.20631 142.21423 142.25471 142.22934 142.07694 141.95434 141.93960 141.80154 141.76109 141.77214 141.72297 141.66977 141.61783 141.61860 141.63491 141.66589 141.73091 141.79517 141.88103 141.91897 141.93563 141.95157 141.82060 141.58963 141.48171 141.31186 141.27097 141.25789 141.25471 141.29046 141.39677 141.47457 141.49206 141.50629 141.50869 141.49203 141.46583 141.43651 141.36543 141.23209 141.21026 141.17297 141.07377 140.99797 141.02100 141.06837 140.91503 140.71906 140.48469 140.75871 140.92137 140.98646 141.23366 141.26343 141.23566 141.14283 141.03646 141.02454 140.97851 140.93331 140.90394 140.85251 140.43686 140.34280 140.34360 140.37694 140.38806 140.15629 140.07934 140.00871 139.92534 139.89103 139.71546 139.69443 139.67657 139.59280 139.55314 139.48411 139.31823 139.22534 139.22617 139.27931 139.31109 139.49997 139.67477 139.67297 139.58643 139.52777 139.55869 139.70431 139.76106 139.92771 139.92854 139.92060 139.89006 139.54100 139.37300 139.28726 139.02060 138.93329 138.92691 138.89043 138.81823 138.69754 138.63449 138.53726 138.50271 138.50034 138.48646 138.45949 138.34440 138.18506 138.07380 138.01663 137.92257 137.77534 137.54203 137.37417 137.31083 137.25869 137.24043 137.24043 137.27180 137.29517 137.32971 137.35554 137.34129 137.31266 137.23569 137.22220 137.08886 136.77774 136.69957 136.61506 136.57374 136.53569 136.48211 136.45434 136.36997 136.29840 136.13806 136.12380 136.10631 135.87771 135.79797 135.71803 135.55469 135.27457 135.22460 135.19840 135.16103 135.09420 134.89363 134.71743 134.52694 134.35714 134.22277 134.04914 133.98809 133.97537 134.03171 134.03329 134.01423 134.00631 134.00314 134.03706 134.09634 134.11817 134.14443 134.13406 134.10391 134.03854 133.83646 133.53483 133.51403 133.37377 133.32100 133.25157 133.27417 133.35471 133.57300 133.60317 133.62534 133.64440 133.66346 133.67854 133.69840 133.81526 133.88249 133.94757 133.98491 134.14363 134.30951 134.46900 134.53211 134.52777 134.48094 134.42037 134.36546 134.30354 134.26026 134.23883 134.14837 134.14520 134.20174 134.30514 134.41663 134.47891 134.48031 134.41106 134.32597 134.15591 134.13326 134.13091 134.13723 134.17140 134.18489 134.20074 134.13963 134.11740 134.14837 134.17697 134.23606 134.34877 134.72774 134.83960 134.88171 134.89286 134.88726 134.85391 134.82374 134.79043 134.76500 134.75154 134.76166 134.81740 134.89363 134.98566 135.01191 135.05951 135.08091 135.17217 135.31069 135.36703 135.38051 135.34877 135.23411 135.08171 134.90274 134.89997 134.99737 135.20949 135.25514 135.36343 135.51703 135.61940 135.57654 135.53329 135.48726 135.48723 135.55629 135.65154 135.64160 135.72417 135.83249 136.02931 136.08289 136.06183 136.05391 136.06860 136.12300 136.26203 136.26074 136.63946 136.92457 137.14920 137.47037 137.51863 137.58440 137.65551 137.80234 137.87060 137.79597 137.77614 137.70786 137.69200 137.58886 137.55471 137.52777 137.48409 137.38477 137.40789 137.40631 137.29440 137.25394 137.23134 137.23809 137.19600 137.16746 137.17063 137.18729 137.24420 137.30074 137.34680 137.36466 137.36780 137.47297 137.66897 137.72017 138.03843 138.03940 138.01583 137.94837 137.92460 137.86189 137.94163 137.91503 137.88789 137.82851 137.82771 137.89897 138.00017 138.15234 138.25551 138.47617 138.49757 138.54597 138.55789 138.57657 138.57540 138.55629 138.52454 138.44600 138.41580 138.42254 138.41780 138.36386 138.33606 138.38489 138.44520 138.56506 138.61903 138.63726 138.68966 138.68051 138.57654 138.34797 138.32934 138.31623 138.29240 138.24757 138.19320 138.18526 138.24006 138.24374 138.09997 138.05077 138.00311 138.00669 138.09837 138.15629 138.31263 138.25194 138.16743 138.08291 138.10037 138.16066 138.20271 138.22614 138.23129 138.17714 137.98091 137.92537 137.79577 137.73369 137.72300 137.71663 137.70469 137.68646 137.63469 137.55334 137.42297 137.38051 137.36903 137.38409 137.44837 137.54363 137.61266 137.66186 137.67334 137.56029 137.16666 137.13249 137.10314 137.08169 137.03649 136.98963 136.92851 136.86266 136.79477 136.68249 136.66229 136.65474 136.83331 136.92497 136.97691 136.99997 137.03889 137.16346 137.19600 137.17220 136.90311 136.84203 136.79477 136.78289 136.78843 136.82477 136.89480 136.93646 136.53883 136.21186 136.21583 136.17657 136.15554 136.12534 136.09837 136.05631 136.03803 136.00629 135.99757 135.98963 135.99323 136.00986 136.03923 136.11166 136.24437 136.36506 136.47457 136.53726 136.68846 136.86266 136.92374 137.01783 137.31820 137.35629 137.34363 137.27931 137.00351 136.96183 136.90949 136.77774 136.75511 136.75869 136.75531 136.55969 136.53089 136.50709 136.40551 136.33806 136.30554 136.32460 136.48769 136.53249 136.57060 136.57731 136.54440 136.55949 136.61426 136.64840 136.68409 136.69443 136.70711 136.66900 136.66980 136.55631 136.45237 136.43809 136.40826 136.39954 136.37971 136.22694 136.22694 136.26186 136.35231 136.45791 136.47814 136.38883 136.35791 136.41343 136.46429 136.51506 136.53409 136.54837 136.55789 136.58249 136.63094 136.66269 136.84680 136.91680 136.92574 136.89897 136.93549 137.01643 137.03409 137.03251 137.03486 137.04683 137.16666 137.33889 137.45949 137.58014 137.60791 137.61900 137.59640 137.55000 137.51660 137.43191 137.35394 137.31026 137.22377 137.21506 137.20237 137.20234 137.21186 137.24757 137.26900 137.26623 137.22137 137.19680 137.19280 137.20791 137.24043 137.22774 137.23826 137.38174 137.55514 137.60791 137.69080 137.81243 137.84837 137.85791 137.85791 137.84123 137.78923 137.78923 137.81306 137.86863 137.91783 137.96263 138.03763 138.08171 138.11346 138.02691 137.90960 137.88331 137.90314 138.10631 138.21623 138.31263 138.30554 138.30671 138.35394 138.41800 138.53489 138.54917 138.53329 138.65311 138.91820 139.11503 139.21086 139.55709 139.63566 139.65909 139.76820 139.81026 139.83129 139.81166 139.74797 139.69360 139.48094 139.47140 139.46820 139.46106 139.39520 139.38014 139.28169 139.19677 139.11583 139.04440 138.98726 138.97220 138.93329 138.91580 138.90946 138.88966 138.86266 138.80551 138.74357 138.68089 138.42951 138.31900 138.24203 138.21580 138.18806 138.16323 138.11506 137.90314 137.82020 137.80391 137.80391 137.90889 137.99680 138.01500 138.02454 137.97731 137.71583 137.59063 137.54520 137.53786 137.59203 137.60711 137.55294 137.48646 137.46860 137.46503 137.47771 137.50231 137.54760 137.57774 137.62377 137.63646 137.62457 137.63249 137.65869 137.66740 137.64120 137.61269 137.63546 137.76269 137.83169 137.84994 137.90017 138.06626 138.11720 138.13806 138.04043 137.99637 137.94400 137.89066 137.95234 138.16760 138.31583 138.12934 138.02337 137.98566 137.97294 137.99160 138.30194 138.32854 138.33606 138.35274 138.39954 138.46306 138.60551 138.62380 138.70074 138.76191 138.76503 138.85966 138.91026 138.94994 138.95791 138.96029 138.78331 138.75629 138.58926 138.51286 138.34834 138.32614 138.32377 138.34323 138.22374 138.25234 138.26386 138.25394 138.14520 138.10789 137.78229 137.75551 137.73489 137.71903 137.67277 137.58449 137.60334 137.68726 137.84517 137.84954 137.73177 137.47614 137.46857 137.38491 137.49874 137.50746 137.41269 137.37377 137.32854 137.29440 137.27934 137.27217 137.27774 137.30709 137.31383 137.31026 137.26900 137.20949 137.14411 137.14551 137.16883 137.29640 137.30591 137.29994 137.34023 137.37934 137.44360 137.42494 137.38569 137.11997 137.06171 137.04360 136.97274 136.90311 136.84046 136.80231 136.73646 136.72137 136.70969 136.53726 136.46349 136.38269 136.27374 136.21900 136.12140 136.06977 136.04123 136.00154 135.95789 135.92377 135.67506 135.31423 134.89757 134.83643 134.79677 134.74840 134.69840 134.64914 134.29683 134.18806 134.12771 133.99920 133.76980 133.77734 133.83114 133.92457 133.97934 134.00631 134.16980 134.18886 134.20591 134.18649 134.12691 133.98966 133.73329 133.77777 133.81626 133.97774 134.11011 134.12834 134.06066 134.06006 134.32974 134.43329 134.46660 134.49997 134.47734 134.35551 134.22029 134.06503 133.58809 133.41103 133.31660 133.19974 133.13249 132.89443 132.74757 132.59280 132.46014 132.42537 132.43291 132.48091 132.72457 132.94046 132.98886 133.03486 133.07060 133.22771 133.39120 133.54480 133.59323 133.58311 133.46109 133.33429 133.34754 133.50849 133.59483 133.66623 133.79600 134.08246 134.16663 134.20631 134.21900 134.22220 134.22851 134.24400 134.28251 134.36820 134.47574 134.47891 134.41066 134.39103 134.71980 134.72057 134.67100 134.61109 134.57774 134.52894 134.34480 134.34777 134.41226 134.49917 134.51746 134.50709 134.46340 134.42497 134.43014 134.68809 134.95434 135.06266 135.12774 135.15786 135.22617 135.41723 135.48566 135.53366 135.55529 135.51306 135.39380 135.31760 135.27777 135.27614 135.30649 135.58606 135.68506 136.02220 136.06543 136.08129 136.07097 136.03963 135.99997 135.88923 135.66820 135.57534 135.44083 135.30214 135.29003 135.39600 135.54240 135.60711 135.68863 135.71626 135.74363 135.80789 136.19877 136.32023 136.36423 136.37774 136.37694 136.36903 136.28249 136.25311 136.24794 136.33886 136.38883 136.47931 136.54837 136.65077 136.75169 136.78566 136.79991 136.80054 136.70909 136.66743 136.65794 136.68786 136.76563 136.83249 136.91583 137.01423 137.08489 137.13646 137.15871 137.16703 137.15434 137.13409 137.06349 137.04440 136.99357 136.75074 136.72220 136.67577 136.62457 136.57814 136.46903 136.46903 136.51663 136.65851 136.67857 136.66900 136.61580 136.59637 136.51743 136.46586 136.41266 136.38091 136.43091 136.44126 136.44049 136.36506 136.25866 136.23409 136.22614 136.19840 136.19917 136.18883 136.19280 136.21863 136.26343 136.28009 136.29280 136.29840 136.28009 136.26263 136.26026 136.26103 136.27694 136.31903 136.34794 136.38249 136.39123 136.39400 136.38249 136.36146 136.33846 136.33886 136.52357 136.57851 136.60549 136.61386 136.61263 136.60629 136.59360 136.57934 136.55866 136.53409 136.53329 136.56463 136.62894 136.75431 136.84046 136.91700 136.95546 137.02297 137.07731 137.18626 137.20394 137.20831 137.25054 137.66206 137.65869 137.62534 137.59203 137.58091 137.56503 137.56269 137.57814 137.67971 137.85791 137.89683 137.89363 137.88409 137.84777 137.80591 137.79760 137.79674 137.84003 138.48489 138.56106 138.60989 138.76983 138.81980 138.89480 139.03506 139.10786 139.19840 139.22297 139.26186 139.26146 139.26980 139.28969 139.35514 139.42694 139.45631 139.60274 139.62454 139.62334 139.82217 139.91900 139.97851 139.86346 139.82494 139.78209 139.82451 139.84677 139.88726 139.95391 139.95866 139.94280 139.87514 139.63566 139.46940 139.44200 139.44754 139.47857 139.53091 139.59917 139.64360 139.66186 139.63863 139.59677 139.59320 139.65869 139.73963 139.74571 139.72100 139.67297 139.69677 139.75791 139.86743 139.91029 139.91900 139.92457 139.93726 139.94994 139.95866 140.04123 140.05631 140.08963 140.18249 140.32057 140.33566 140.37377 140.45511 140.51506 140.60929 140.63886 140.69517 140.71863 140.74123 140.84123 140.86143 140.86660 140.90231 140.96860 140.98489 141.11903 141.15474 141.25629 141.48649 141.56029 141.56377 141.59597 141.66189 141.70951 141.75151 141.78171 141.82540 141.85317 141.88094 141.89517 141.90520 141.92457 141.95074 142.00709 142.08331 142.11660 142.14917 142.17377 142.18729 142.26743 142.27377 142.30154 142.32414 142.29280 142.29200 142.29320 142.30709 142.32054 142.33729 142.29083 142.27297 142.26743 142.27534 142.29440 142.31503 142.34920 142.37714 142.33809 142.22617 142.13289 141.93843 141.61546 141.42377 141.40471 141.43509 141.44757 141.43491 141.42377 141.40074 141.33449 141.28449 141.21463 141.17217 141.09280 141.07771 141.01069 141.03943 141.07849 141.11111 141.09440 141.08329 141.01423 141.00394 140.99757 140.99360 140.99600 141.00551 141.04917 141.07454 141.14797 141.39120 141.41980 141.47697 141.52457 141.56543 141.67537 141.91580 142.00397 142.06743 142.08091 142.04837 141.99160 141.98643 142.00314 142.03089 142.06800 142.24123 142.29597 142.36069 142.42694 142.73249 142.81900 142.94083 143.05317 143.24046 143.28883 143.27734 143.21223 143.11506 143.12697 143.15789 143.18489 143.17140 143.14877 143.08054 143.01820 142.96534 142.89166 142.90471 143.04994 143.06266 143.05471 143.03329 142.98369 142.93963 142.94123 142.91823 142.91109 142.96603 143.03309 143.08369 143.07491 142.86477 142.67494 142.70240 142.76723 142.82854 142.85143 142.87460 142.89123 142.89283 142.88251 142.77377 142.68646 142.61066 142.41577 142.33486 142.27211 142.28197 142.34551 142.43406 142.43363 142.39909 142.30926 142.24029 142.17057 142.14437 142.14083 142.10231 142.04877 141.91580 141.86820 141.84203 141.93803 142.08526 142.11246 142.12297 142.12334 141.96937 141.81663 141.49991 141.46580 141.44914 141.39494 141.42854 141.46386 141.45394 141.34757 141.20191 141.24354 141.29277 141.33169 141.28489 141.18806 141.12317 141.09037 141.09117 141.13169 141.06377 140.96894 140.89314 140.96340 141.11189 141.14043 141.15871 141.20351 141.23011 141.28489 141.29366 141.32140 141.34123 141.52120 141.59597 141.84043 142.03566 142.05709 142.13129 142.18866 142.32534 142.57634 142.87060 143.28251 143.36583 143.41817 143.53486 143.64680 143.75471 143.78886 143.98091 144.07454 144.24600 144.40234 144.46426 144.52537 144.54163 144.35154 144.27851 144.17377 144.10471 143.99203 143.94803 143.93517 143.92769 143.95949 143.98249 143.99126 143.98569 143.86443 143.84440 143.83077 143.84289 143.84729 143.73486 143.68131 143.61069 143.59997 143.60157 143.56500 143.55071 143.53249 143.49600 143.50471 143.51266 143.51106 143.45394 143.37929 143.36820 143.36583 143.37811 143.27537 143.21977 143.19123 143.15629 143.00411 142.88686 142.72380 142.63406 142.52934 142.40871 142.17377 141.94520 141.92851 141.96583 142.00231 142.36980 142.40514 142.42217 142.43011 142.43409 142.40949 142.40869 142.73489 142.77257 142.77080 142.74283 142.68449 142.57657 142.51069 142.45391 142.42854 142.42614 142.42854 142.41900 142.39440 142.33966 142.32137 142.28726 142.26423 142.24123 142.09123 142.00077 141.94320 141.85354 141.64203 141.56583 141.32057 141.28326 141.30494 141.23646 141.15554 141.15074 141.14440 141.07771 140.76346 140.66346 140.41503 140.38409 140.39166 140.59920 140.73329 140.81503 140.86423 140.92454 140.99083 141.08931 141.10114 141.06263 140.93946 140.88466 140.97843 141.09440 141.18923 141.28169 141.52823 141.54717 141.43609 141.28326 141.09677 141.01266 140.93260 141.04994 141.21740 141.32537 141.38803 141.49837 141.73406 141.75551 141.72277 141.66266 141.61291 141.58440 141.55271 141.51974 141.46397 141.40314 141.34483 141.25860 141.12549 141.04180 141.15297 141.22677 141.38666 141.47540 141.48171 141.59203 141.65920 141.63386 141.55397 141.40866 141.15694 141.04797 140.90951 140.85474 140.90354 141.02534 141.07374 141.09537 141.13363 141.19249 141.28746 141.40351 141.43251 141.40949 141.22137 141.15474 141.05351 140.94997 140.94680 141.16106 141.19677 141.23734 141.27929 141.34877 141.35074 141.14260 141.11820 141.14283 140.92297 140.80394 140.73411 140.71894 140.69200 140.69200 140.61111 140.40474 140.61031 140.66940 140.62931 140.47140 140.40631 140.35549 140.33643 140.32791 140.38649 140.24103 140.24323 140.25117 140.18289 140.06109 139.96900 139.76503 139.59911 139.54443 139.54600 139.65231 139.70317 139.73400 139.73726 139.59380 139.44180 139.43649 139.48123 139.55551 139.58566 139.56306 139.47217 139.43649 139.43486 139.44123 139.50711 139.56900 139.59994 139.59480 139.55391 139.52060 139.43386 139.39600 139.40457 139.41980 139.40234 139.31806 139.32617 139.35589 139.39123 139.37771 139.31703 139.19917 139.18571 139.18489 139.19917 139.18369 139.15034 139.11503 139.13566 139.13643 139.12057 139.11700 139.12851 139.16346 139.27534 139.34920 139.40431 139.44163 139.49757 139.57217 139.68726 139.74360 139.72071 139.66523 139.62257 139.61623 139.62929 139.74600 139.82294 139.94657 139.99797 140.08686 140.12020 140.14440 140.15629 140.10711 140.12217 140.34754 140.71900 140.74520 140.76466 140.82100 140.81306 140.79760 140.89834 141.02060 141.08169 141.15431 141.37377 141.44523 141.51226 141.62060 141.61546 141.58846 141.62140 141.67614 141.65711 141.78249 141.79360 141.82060 141.72457 141.61583 141.61503 141.72180 141.74600 141.78089 141.92811 141.94994 141.96660 141.97531 141.98643 142.02297 142.06840 142.23331 142.40154 142.54997 142.62057 142.83246 142.85074 142.91583 143.05157 143.15194 143.27854 143.46586 143.57617 143.61566 143.58014 143.48566 143.41580 143.29994 143.21977 143.12217 143.08171 143.05871 143.00986 143.16026 143.23486 143.25866 143.21677 143.15151 143.15906 143.19797 143.31583 143.33726 143.33369 143.16743 143.09126 143.14043 143.09443 142.93011 142.81977 142.71263 142.53809 142.35671 142.39600 142.46483 142.53589 142.64597 142.67931 142.72137 142.72577 142.62454 142.48963 142.47140 142.35491 142.29517 142.19126 142.18214 142.15634 142.08169 142.05731 141.95789 141.95789 141.96977 142.07140 142.14760 142.13646 142.11543 141.96389 141.95589 141.95234 142.00711 141.92197 141.84840 141.82934 141.81583 141.80234 141.84106 141.86060 141.88489 141.88726 141.88094 141.86820 141.84680 141.71126 141.63129 141.46189 141.37694 141.24283 141.13966 141.13371 141.15354 141.17454 141.18486 141.15949 141.10831 140.92306 140.83806 140.80631 140.76269 140.75197 140.74797 140.73371 140.62774 140.52334 140.29854 140.30314 140.29760 140.26820 140.24360 140.03074 139.96583 139.80869 139.77060 139.51906 139.34243 139.29600 139.24680 139.13577 139.08963 139.08011 139.08246 139.09280 139.10789 139.14363 139.16980 139.24320 139.59043 139.63800 139.69360 139.73569 139.78406 139.79600 139.76189 139.70869 139.66026 139.65231 139.69523 139.72517 139.77257 139.78923 139.76503 139.67594 139.63209 139.60074 139.58963 139.58566 139.56823 139.53054 139.51983 139.53369 139.53569 139.45546 139.25074 139.16269 139.12297 139.03249 139.02060 139.03249 139.07374 139.08566 139.16980 139.23766 139.27377 139.29283 139.51983 139.53991 139.61426 139.63723 139.66343 139.67377 139.68411 139.69677 139.70634 139.71871 139.74517 139.74203 139.69126 139.66166 139.63406 139.64360 139.66266 139.78763 139.84280 139.83960 139.84280 139.85234 139.96823 140.07934 140.14203 140.32934 140.35314 140.36977 140.43091 140.45711 140.49517 140.54954 140.65474 140.72297 140.77337 140.83249 141.00034 141.04043 141.06660 141.09920 141.14283 141.17497 141.29997 141.39003 141.43889 141.45949 141.53249 141.58246 141.58883 141.59831 141.66029 141.68846 141.65791 141.63094 141.64443 141.72060 141.73326 141.76186 141.76780 141.76503 141.75711 141.73249 141.71660 141.70471 141.70314 141.71266 141.73806 141.76500 141.77611 141.79200 141.81269 141.82617 141.83646 141.83531 141.52060 141.23566 139.90154 138.66503 137.80789 137.33089 136.75946 136.37931 135.80711 135.14043 134.47534 133.90311 133.33251 132.85549 131.71266 130.56977 129.23646 129.04597 128.95071 126.28489 125.61826 125.23649 123.14286 122.09443 117.04680 116.95157 115.42697 115.33331 115.16346 115.13651 114.92063 115.00354 115.09680 115.17063 114.83966 114.82220 114.91666 114.98411 115.12143 115.25869 115.27060 115.27060 115.10714 114.86029 114.72854 114.55871 114.48651 114.40394 114.27854 114.22457 114.01983 113.90551 113.82400 113.74323 113.64046 113.52060 113.45237 113.18017 112.90474 112.59440 112.11029 111.96269 111.83729 111.54680 111.40077 111.32617 111.25117 111.18411 111.16189 111.16426 111.17934 111.22380 111.33014 111.37457 111.39997 111.44603 111.64997 111.70949 111.74126 111.80551 111.90077 111.90077 111.89917 111.89520 111.96109 112.15951 112.27420 112.49203 112.61186 112.77060 112.72140 112.78171 112.93091 113.03251 113.09603 113.14760 113.17854 113.25554 113.27617 113.29046 113.30711 113.34046 113.44443 113.69683 113.71980 113.50471 113.24840 113.22060 113.20631 113.20391 113.05000 112.97300 112.85394 112.76943 112.73726 112.69917 112.64840 112.22854 112.14366 112.12377 112.02140 111.95871 111.80157 111.80631 111.79740 111.58171 111.34600 111.21566 111.01269 110.88091 110.64600 110.59997 110.41346 110.08011 109.88331 109.74874 109.71506 109.59997 109.37300 109.30634 109.17537 109.13251 109.08609 108.95951 108.81643 108.68729 108.60631 108.56309 108.52260 108.43331 108.38091 108.31269 108.16983 107.99443 107.91823 107.86269 107.77180 107.38094 107.05831 107.00314 106.95791 106.78609 106.72697 106.29917 106.19680 105.96903 105.90871 105.81826 105.75157 105.59920 105.41031 105.33331 105.13094 104.91109 104.56686 104.57777 104.58094 104.56983 104.31429 104.28729 104.19760 104.12934 104.09917 104.06903 104.00237 103.94997 103.92697 103.90314 103.86586 103.78729 103.59603 103.57143 103.56109 103.54123 103.52934 103.44680 103.21109 103.11506 103.19443 103.07300 102.92817 102.59943 102.64740 102.63569 102.39523 102.34246 102.29720 102.21883 102.10274 101.60434 101.05951 100.88251 100.81546 100.58886 100.54283 100.41546 100.22994 100.03969 99.98271 99.97874 100.10394 100.45314 100.81866 101.01903 101.36980 101.42340 101.61903 101.29437 101.34377 101.30869 101.34500 101.26983 101.25434 101.26823 101.26823 101.24600 101.17774 100.96743 100.60157 100.27337 100.19126 100.03814 99.99166 100.01586 100.01983 100.00037 99.95354 99.90426 99.91663 99.90077 99.87537 99.58311 99.22517 98.97697 98.95074 98.91980 98.87300 98.87857 98.88569 98.89920 98.92300 98.99106 99.06189 99.14383 99.16763 99.11386 99.08411 99.03251 98.97140 98.81791 98.40551 98.12080 98.07220 98.05611 98.03331 98.06586 98.10871 98.49123 98.65251 98.79586 98.91426 98.93926 98.91486 98.74997 98.56189 98.38054 98.29046 98.18489 98.10751 98.08651 98.08094 98.05146 98.13231 97.98571 97.88171 97.69520 97.58569 97.63729 97.69363 97.72537 97.81506 97.82340 97.81363 97.77814 97.78686 97.83729 97.82677 97.67377 97.65406 97.65991 97.69337 97.71649 97.74457 97.76983 97.75791 97.57417 97.49977 97.33966 96.98369 96.81426 96.56666 96.47220 96.42063 96.08649 95.96506 95.75714 95.45077 95.42140 95.38571 95.36903 95.52457 95.59720 95.71666 95.82063 96.03071 96.11506 96.32497 96.46346 96.49917 96.53491 96.78569 96.96751 97.12477 97.22797 97.01426 96.93054 96.88340 96.81751 96.76729 96.73946 96.73531 96.68154 96.68849 96.67874 96.69389 96.55951 96.49203 96.38094 96.21586 96.15254 96.06069 95.65640 95.67614 95.71186 95.65234 95.66863 95.66029 95.57694 95.51823 95.29680 95.21271 95.12377 95.06769 94.96337 95.01229 95.06743 95.18686 95.27731 95.34083 95.41174 95.53371 95.56823 95.58489 95.59997 95.51377 95.47020 95.41903 95.46823 95.67220 95.89014 95.86623 95.72220 95.58171 95.49989 95.35537 95.18969 95.12777 95.08491 94.97577 94.84440 94.83280 94.86349 94.66266 94.34283 94.18014 93.96249 93.77380 93.76429 93.73014 93.71506 93.71269 93.73451 93.86943 93.93251 93.59206 93.48566 93.34603 93.03091 92.95414 92.77200 92.57317 92.57220 92.51506 92.26109 92.20691 92.36109 92.63491 92.75869 92.85060 92.96786 93.07817 92.99343 92.91189 92.88174 92.83291 92.78449 92.71663 92.56426 92.39263 92.35197 92.58691 92.65489 92.88986 92.86566 92.22537 92.06663 92.03589 92.06903 92.13966 92.21843 92.21346 92.26666 92.46306 92.55851 92.64123 92.66829 92.77280 92.86289 92.98809 93.02220 93.16983 93.27200 93.48134 93.76069 93.81903 93.81049 93.49323 93.24563 93.21983 93.18809 93.01109 92.88571 92.72300 92.51663 92.42934 92.38569 92.38569 92.40851 92.47183 92.49243 92.55871 92.54523 92.49006 92.48629 92.47023 92.43094 92.35294 92.29680 92.02934 91.94837 91.91149 91.80711 91.75157 91.52934 91.40257 91.50394 91.55554 91.65314 91.79440 92.12834 92.20474 92.29640 92.31189 92.31189 92.25954 92.14443 92.08429 92.08649 92.07060 92.04837 91.93271 91.78849 91.53371 91.52617 91.69046 91.71386 91.71426 91.69780 91.72637 91.84183 91.86189 91.84920 91.79760 91.69403 91.57160 91.29680 91.28489 91.27697 91.25671 91.20949 91.14543 91.01546 90.86586 90.48171 90.17220 90.01269 89.97914 89.88291 89.87857 89.88449 90.04046 90.11783 90.36426 90.50791 90.59126 90.79203 91.02269 90.78171 90.66266 90.50069 90.47934 90.52380 90.55554 90.56506 90.56506 90.53886 90.52126 90.47023 90.58091 90.68529 90.76983 90.83491 90.77657 90.61743 90.51426 90.42894 90.40554 90.42714 90.44760 90.48014 90.46426 90.43251 90.41429 90.37140 90.32657 90.25951 90.18251 90.09423 89.90949 89.73726 89.68809 89.66546 89.57143 89.48906 89.51586 89.54760 89.47380 89.43491 89.42537 89.43091 89.44680 89.47380 89.50080 89.59443 89.66694 89.59286 89.50991 89.42460 89.39603 89.35514 89.37857 89.40554 89.41269 89.40871 89.40040 89.28411 89.22497 89.14203 89.04440 88.85197 88.83449 88.85714 88.88023 88.90320 88.76589 88.75234 88.74363 88.73411 88.73371 88.74363 88.81411 88.83731 88.95077 89.03074 89.10829 89.11523 89.01306 88.89323 88.75969 88.77943 88.76300 88.74537 88.69680 88.68809 88.68929 88.70951 88.71903 88.73569 88.76663 88.80791 88.84997 88.85234 88.58769 88.40154 88.36109 88.30551 88.27617 88.17774 88.09640 88.05634 88.05277 88.19029 88.19457 88.24363 88.34920 88.37460 88.34680 88.31506 88.29680 88.29720 88.32140 88.21743 88.19206 88.29203 88.39243 88.35791 88.35234 88.36743 88.40117 88.42297 88.34920 88.29463 88.28174 88.29043 88.31366 88.33629 88.28569 88.22577 88.11526 88.04680 88.07203 88.13411 88.15791 88.16586 88.15951 87.86826 87.72420 87.66151 87.68189 87.73491 87.81586 87.91823 88.28251 88.49917 88.76029 88.82914 88.82220 88.78729 88.71229 88.40423 88.19403 87.86309 87.72774 87.66346 87.61157 87.60560 87.50671 87.45634 87.40394 87.30674 87.24651 87.18946 87.11506 87.09997 87.05949 87.05394 87.06743 87.14006 86.94146 86.98131 87.10831 87.24760 87.32914 87.46366 87.55037 87.61703 87.74640 87.74600 87.64840 87.61943 87.59183 87.50631 87.13597 87.01823 87.02380 87.05554 87.08489 87.03489 86.91149 86.89360 86.96586 87.07814 87.13849 87.25951 87.41823 87.49026 87.71266 87.92934 88.09920 88.37754 88.34166 88.24560 88.04166 87.90000 87.68963 87.39483 87.31583 87.14166 87.09760 87.08869 86.70751 86.63134 86.62220 86.64363 86.59920 86.59837 86.61426 86.71983 86.78729 86.89537 86.94917 87.03489 87.08460 87.13123 87.01823 86.95554 86.85711 86.84246 86.85283 86.86506 86.85237 86.82183 86.63946 86.58251 86.52380 86.40117 86.22617 85.91506 85.70157 85.81826 85.89691 85.77220 85.67377 85.59523 85.52854 85.42697 85.38014 85.35554 85.25554 85.15891 85.05040 85.03849 85.05157 85.06626 85.08491 85.13571 85.25843 85.35037 85.48003 85.27863 85.17300 85.15354 85.22894 85.35077 85.41666 85.46149 85.55237 85.72063 85.79777 85.82823 85.87966 85.97340 86.13769 86.15554 86.17417 86.21426 86.31694 86.18091 86.15594 85.95731 85.83531 85.77997 85.76189 85.69020 85.59323 85.54283 85.51489 85.49560 85.34977 85.24017 85.12143 85.07457 84.69583 84.70157 84.72014 84.79560 84.82971 84.84889 84.77774 84.68331 84.67140 84.64269 84.58694 84.50294 84.39363 84.31357 84.31469 84.52557 84.63489 84.80951 84.97337 84.98769 84.97417 84.94600 84.90434 84.77457 84.69006 84.40474 84.31983 84.19680 84.19363 84.16666 84.07220 83.99640 83.94957 83.95851 84.04086 84.13131 84.17714 84.30971 84.39523 84.44083 84.46109 84.57734 84.70611 84.86049 84.80811 84.61634 84.36129 83.95634 83.82537 83.75537 83.75109 83.77014 83.79443 83.83491 83.88729 84.00117 84.13729 84.10891 83.84363 83.68809 83.66903 83.66269 83.66840 83.63569 83.21546 83.16506 82.96189 82.85554 82.85554 82.87220 82.92954 82.99166 83.09286 83.10631 83.08320 83.01209 82.94820 82.87697 82.85554 82.85714 82.85714 82.85714 82.85714 82.85714 82.85634 82.85554 82.85554 82.85554 82.85554 82.85554 82.85554 82.85554 82.85554 82.85554 82.85554 82.85554 82.85554 82.85554 82.85714 82.85714 82.85714 82.85714 82.85554 82.85634 82.86609 82.85634 82.85634 82.85554 82.85554 82.85714 82.85714 82.85714 82.85554 82.85554 82.85554 82.85714 82.85714 82.85554 82.85554 82.85886 82.85554 82.85554 82.85554 82.85554 82.85714 82.85714 82.85714 82.85714 82.85714 82.85714 82.85714 82.85554 82.85554 82.85554 82.85554 82.85554 82.85714 82.85714 82.85714 82.85714 82.85554 82.85554 82.85886 82.85634 82.85554 82.85554 82.85554 82.85554 82.85554 82.85554 82.85554 82.85554 82.85554 82.85554 82.85554 82.85714 82.85714 82.85554 82.85554 82.85554 82.85554 82.85554 82.85554 82.85554 82.85714 82.85554 82.85554 82.85554 82.85634 82.85786 82.85554 82.85554 82.85794 82.85714 82.85554 82.85554 82.85554 82.85794 82.85554 82.85714 82.85554 82.85369 82.85794 82.85714 82.85634 82.85714 82.85714 82.85554 82.85714 82.85554 82.85794 82.85794 82.85714 82.85554 82.85554 82.85634 82.85709 82.85554 83.35237 83.80951 83.90394 83.93331 83.91903 83.90000 83.88454 83.87857 83.87857 83.88849 83.88154 83.73014 83.39046 83.30711 83.07300 82.93886 82.84840 82.78489 82.66626 82.57854 82.45143 82.27657 82.22497 82.11743 82.06980 82.00551 81.99126 81.98569 82.00551 82.03094 82.02060 81.98826 81.88857 81.83649 81.83174 81.82300 81.80077 81.79603 81.76109 81.67497 81.51960 81.47737 81.46826 81.47183 81.53889 81.57637 81.66951 81.73886 81.79760 81.83014 81.77894 81.54680 81.38649 81.26106 81.12617 80.89046 80.66209 80.66903 80.71103 80.77140 80.85534 80.95711 80.99126 81.01903 81.02063 80.98669 80.86980 80.80277 80.74643 80.68723 80.65869 80.58251 80.55631 80.54680 80.41346 80.28097 80.26586 80.16506 80.11746 80.16823 80.19443 80.19840 80.20751 80.23886 80.32857 80.41189 80.44283 80.61346 80.65314 80.67617 80.67857 80.64877 80.58417 80.29643 80.26506 80.32300 80.34700 80.30414 80.19920 80.07220 79.97320 80.00237 80.03334 80.08451 80.03391 80.00980 80.00643 80.00906 80.00951 79.94206 79.98014 80.39760 80.73017 80.75474 80.89203 80.69760 79.87380 79.75869 79.60077 79.24206 78.88094 78.76349 78.28251 78.23966 78.03489 77.91666 77.59203 77.46189 76.93886 76.87377 76.65474 76.59126 76.42380 76.25631 76.15157 75.61826 75.60077 75.60060 75.60057 75.66783 75.71903 75.73889 75.84760 75.79840 75.73451 75.61626 75.55791 75.49997 75.41189 74.97220 74.91506 74.86586 74.48709 74.48731 74.55606 74.64443 74.64600 74.63171 74.61189 74.57697 74.40040 74.31983 74.17617 74.05157 73.79206 73.67143 73.38094 73.17934 73.10077 72.97697 72.60551 72.56029 72.44523 71.09363 69.88806 68.43491 67.38649 67.29443 66.83251 66.70394 66.31586 65.85474 65.76754 65.43251 65.21823 65.13251 65.03094 64.91186 64.65037 64.56980 64.46783 64.44500 64.42454 64.41514 64.30951 64.23809 64.12260 64.05154 63.99126 63.87857 63.84203 63.82614 63.80554 63.77023 63.77009 63.71246 63.61506 63.55951 63.48809 63.43251 62.98886 62.88094 62.77297 62.70343 62.47814 61.95394 61.94840 61.93171 61.93014 62.18251 62.21269 62.74363 63.00791 63.27140 63.49997 63.65474 63.79034 63.79760 63.99483 64.34363 64.35629 64.57346 64.86426 65.02063 65.05474 65.19997 65.23886 65.33131 65.43409 65.46129 65.53211 65.58291 65.59917 65.66346 65.74206 65.95871 66.11583 66.18011 66.45594 66.49240 66.51257 66.80711 67.04440 67.13649 67.20551 67.29680 67.51266 67.53571 67.53809 67.54123 67.54123 67.54046 67.53886 67.53331 67.52697 67.52380 67.91029 68.33091 68.38331 68.52300 68.86306 68.91743 69.00283 69.55194 69.57537 69.58094 69.59163 69.61189 69.67143 69.70871 69.76823 69.83011 69.92140 69.96306 69.98837 70.13254 70.25154 70.37537 70.49680 70.54680 70.81666 70.97694 71.02063 71.13889 71.38171 71.47617 71.48131 71.45394 71.43491 71.44777 71.40634 71.42857 71.44760 71.45880 71.45549 71.46177 71.48094 71.48809 71.47774 71.47854 71.48220 71.48411 71.48331 71.48569 71.48729 71.56983 71.65137 71.72223 71.79363 72.04114 72.14286 72.27697 72.29640 72.27537 72.21863 72.18889 72.15951 72.15077 72.30774 72.36189 72.11723 72.75314 72.79363 72.84920 72.93809 73.06269 73.22220 73.31663 73.35077 73.46266 73.65157 74.02597 74.17260 74.20949 74.22851 74.51109 74.86586 75.08331 75.24680 75.41031 75.47874 75.51823 75.58251 75.64283 75.74283 75.96426 76.28011 76.33094 76.74917 77.13411 77.30077 77.95237 78.28649 78.47969 78.45474 78.37437 78.29463 78.23014 78.12020 78.00591 77.98223 77.94840 77.87300 77.76820 77.68289 77.73969 77.78489 77.80789 77.97063 78.14046 78.17657 78.18609 78.14840 78.11903 78.09363 77.68706 77.62457 77.46983 77.43014 77.34283 76.91823 76.53649 75.09523 74.16429 73.96666 73.67063 73.51823 73.41663 73.23451 73.17617 73.14683 73.16666 73.18174 73.10137 72.92854 72.84520 72.38014 72.23966 72.18014 72.04286 71.98966 71.85791 71.87120 71.94320 71.99997 71.98251 71.95154 71.95154"/>
<polygon color="rgb(220,220,220)" opacity="100" xc="84.92822 84.95642 84.97991 85.00900 85.06495 85.11646 85.07094 84.96152 84.90257 84.84488 84.79660 84.75982 84.74445 84.71965 84.69680 84.71752 84.85942 84.92822 84.92822" yc="149.05154 149.06106 149.07217 149.09834 149.16346 149.21326 149.23011 149.22060 149.20869 149.19360 149.17374 149.14917 149.13486 149.10789 149.07177 149.05951 149.04757 149.05154 149.05154"/>
<polygon color="rgb(220,220,220)" opacity="100" xc="67.92734 67.90169 67.68460 67.58888 67.54251 67.52522 67.54402 67.59829 67.68332 67.72137 67.83332 67.86282 67.88078 67.92051 67.94274 67.94275 67.92734 67.92734" yc="149.41186 149.42060 149.41900 149.41106 149.41186 149.39083 149.36109 149.31903 149.26740 149.24677 149.19360 149.19443 149.20471 149.26103 149.32220 149.39680 149.41186 149.41186"/>
<polygon color="rgb(220,220,220)" opacity="100" xc="78.87178 78.86026 78.71708 78.69698 78.55386 78.53868 78.50640 78.45938 78.39315 78.35577 78.34572 78.37992 78.53802 78.56154 78.58911 78.63162 78.65471 78.68589 78.72178 78.75045 78.84017 78.87178 78.87178" yc="149.62137 149.64120 149.74837 149.75869 149.81660 149.83369 149.84357 149.82374 149.79043 149.76466 149.73251 149.60231 149.52854 149.53251 149.55271 149.58489 149.59680 149.60629 149.61426 149.61503 149.60946 149.62137 149.62137"/>
<polygon color="rgb(220,220,220)" opacity="100" xc="77.67992 77.73803 77.76068 77.77908 77.79531 77.73929 77.68800 77.64742 77.62865 77.61154 77.56708 77.41028 77.50129 77.52395 77.54700 77.56623 77.58117 77.60642 77.64017 77.67992 77.67992" yc="149.56743 149.58726 149.59997 149.62217 149.75711 149.78011 149.79994 149.82771 149.84280 149.86029 149.87140 149.80154 149.65551 149.61980 149.59123 149.57614 149.56900 149.56269 149.56029 149.56743 149.56743"/>
<polygon color="rgb(220,220,220)" opacity="100" xc="76.93291 76.95557 76.98931 77.01666 77.03548 77.04743 76.86625 76.82522 76.74423 76.72052 76.72694 76.88888 76.90855 76.93291 76.93291" yc="149.75234 149.76500 149.78883 149.81900 149.85071 149.88766 150.04683 150.06823 150.07694 150.06069 150.02737 149.75317 149.74440 149.75234 149.75234"/>
<polygon color="rgb(220,220,220)" opacity="100" xc="51.14742 51.16711 51.18760 51.32200 51.32115 51.30512 51.28163 51.24275 51.24874 51.21025 51.19146 51.17351 51.14271 51.07906 50.90597 50.89017 50.75342 50.80342 50.81623 50.83803 51.12266 51.14742 51.14742" yc="150.63251 150.64440 150.65871 150.81266 150.84203 150.86900 150.88886 151.03646 151.09526 151.12380 151.12854 151.12934 151.12217 151.08960 150.97457 150.95949 150.79043 150.70074 150.67931 150.66900 150.62774 150.63251 150.63251"/>
<polygon color="rgb(220,220,220)" opacity="100" xc="51.06411 51.13075 51.16452 51.23505 51.29485 51.32306 51.42520 51.43826 51.43505 51.41858 51.38122 51.30298 51.14572 51.12009 51.09786 51.06240 51.00300 50.91623 50.85086 50.76409 50.69917 50.67780 50.66194 50.57265 50.55214 50.54957 50.55085 50.55640 50.60171 50.63118 50.67480 50.71966 50.74189 50.78375 50.81795 50.83803 50.89957 51.06411 51.06411" yc="151.21820 151.23091 151.23886 151.26186 151.29760 151.32457 151.52377 151.56463 151.59754 151.65157 151.71186 151.81823 151.93089 151.94757 151.96580 151.96900 151.96423 151.94280 151.92137 151.88489 151.84997 151.83489 151.81983 151.70234 151.67297 151.64363 151.61186 151.56820 151.43291 151.37617 151.32377 151.27611 151.25869 151.23169 151.21106 151.20151 151.19357 151.21820 151.21820"/>
<polygon color="rgb(220,220,220)" opacity="100" xc="24.60875 24.65386 24.54926 24.53077 24.54231 24.56069 24.61474 24.68355 24.67800 24.58975 24.52908 24.44531 24.36451 24.31112 24.26755 24.19229 24.14617 24.09572 23.83803 23.78332 23.75128 23.58975 23.52734 23.36838 23.33760 23.28248 23.23974 23.15214 23.05511 22.91966 22.84745 22.59060 22.54402 22.39872 22.13886 21.69145 21.29914 21.22778 21.16582 21.04743 20.71858 20.64486 20.52349 20.45043 20.34571 20.24914 20.21152 20.15428 20.07865 19.80428 19.61668 19.51560 19.45598 19.41540 19.38120 19.35300 19.32905 19.25931 19.20085 19.07395 19.02606 18.66326 18.61966 18.33374 18.26838 18.14271 17.64871 17.61495 17.58355 17.55897 17.55600 17.57563 17.60771 17.65683 17.70602 17.77437 17.83546 17.90128 17.96109 18.03077 18.07475 18.15298 18.19872 18.24915 18.27478 18.29605 18.27095 18.21966 17.84978 17.78077 17.60963 17.56537 17.39702 17.35705 17.37446 17.34274 17.28505 17.22822 17.16540 17.12778 17.01923 16.78503 16.76260 16.71623 16.73122 16.76026 16.80086 16.84572 17.07114 17.11722 17.07642 17.15278 17.53035 17.59017 17.71412 17.76154 17.86731 17.89957 17.95982 18.00002 18.17885 18.20748 18.19211 18.27415 18.43248 18.86668 18.90488 18.67137 18.60171 18.64595 18.98643 18.95214 18.91195 18.71411 18.37778 18.32905 18.26755 18.17822 18.14252 18.05640 18.02158 17.98142 17.97969 18.01452 18.07734 18.17637 18.28889 18.32178 18.42477 18.54103 18.72692 18.77777 18.83589 18.95172 19.08591 19.19177 19.25868 19.22094 19.15942 19.06946 19.03142 19.14722 19.20385 19.23929 19.31112 19.40726 19.37472 19.43334 19.49529 19.67969 19.72820 20.02137 20.29831 20.85598 20.90211 21.02478 21.10385 21.21837 21.29188 21.59229 21.72863 21.85854 21.99015 22.06923 22.12480 22.28546 22.24014 22.38269 22.58115 22.68806 22.82543 22.90212 22.97392 22.80726 22.76878 22.49488 22.43760 22.25300 22.17800 22.13420 21.90298 21.80298 21.43891 21.51111 21.65172 21.71452 21.77117 21.86069 21.92137 21.95354 21.91752 21.88203 21.83035 21.45771 21.41282 21.32008 21.26582 21.21709 20.91409 20.74189 20.61282 20.50811 20.44103 20.30685 20.25715 20.02265 19.55602 19.40428 19.35898 19.23929 19.16451 19.01494 18.93762 18.87866 18.77437 18.69272 18.49145 18.04229 17.93931 17.89103 17.82938 17.82522 17.97478 18.04251 18.15877 18.20383 18.25255 18.31882 18.38846 18.44785 18.54531 18.61837 18.85942 18.90266 18.86998 18.87340 18.91580 18.96752 19.05685 19.15151 19.21169 19.43440 19.46494 19.84529 19.90812 20.13783 20.43845 20.51923 20.56582 20.72308 20.96560 21.13288 21.28183 21.40683 21.45300 21.57523 21.65854 21.70814 22.47694 22.68846 22.86625 23.09358 23.62905 23.73674 23.77649 23.85385 23.91752 23.97394 24.03463 24.11837 24.21240 24.29485 24.35214 24.39443 24.42949 24.47777 24.51025 24.59145 24.64315 24.71028 24.79658 24.98162 25.03291 25.10172 25.14272 25.18378 25.23162 25.28782 25.34198 25.36069 25.39657 25.68763 25.93503 26.14082 26.25000 26.38098 26.43891 26.58631 26.65429 26.68802 26.73548 26.79058 26.89423 26.92651 27.03503 27.38591 27.45471 27.51495 27.56538 27.58578 27.60942 27.69102 27.72222 27.99403 28.08782 28.16328 28.20812 28.25985 28.40471 28.47063 28.53442 28.38889 28.08677 27.91238 27.86175 27.81668 27.52478 27.32351 27.26925 27.23237 27.31925 27.45363 27.37800 27.23762 26.84725 26.81698 26.88526 26.83634 26.66669 26.01409 25.89489 25.69829 25.64103 25.55171 25.49531 25.44614 25.37605 25.30855 25.24358 25.15298 25.10171 24.85897 24.52692 24.47649 24.44445 24.40726 24.35449 24.27948 24.22308 24.11749 23.82905 23.77991 23.71026 23.66625 23.60171 23.51837 23.47480 23.38163 23.28120 23.03032 22.94786 22.81923 22.72392 22.60300 22.38718 22.31283 22.08160 22.00983 21.84317 21.67948 21.42820 21.38465 21.28246 21.17523 20.64143 20.18891 19.98332 19.87432 19.81412 19.73846 19.70086 19.62200 19.56366 19.49871 19.45172 19.40728 19.36109 19.33452 19.43505 19.52651 19.58311 19.62585 19.81837 19.88331 19.93440 19.97265 20.01922 20.05855 20.07162 20.19488 20.23162 20.22778 20.18378 20.15768 20.34808 20.37735 20.40942 20.55897 20.61794 20.64849 20.66966 20.57625 20.68140 20.71968 21.20085 21.26882 21.45172 21.50469 21.53352 21.56518 21.59680 21.65940 21.85343 22.08502 22.46026 22.68674 22.94015 23.43971 23.58503 23.81792 23.85769 23.92737 23.96709 24.01111 24.12286 24.19145 24.75555 25.19489 25.26154 25.30215 25.36035 25.32478 25.19703 25.13718 25.09766 25.08291 25.15000 25.19445 25.31102 25.26420 25.20705 25.11272 25.12031 25.34702 25.46635 25.59062 25.63974 25.74017 25.83805 25.93634 25.97222 26.04229 26.08965 25.85600 25.74892 25.68922 25.75320 25.81452 26.01238 26.07435 26.44998 26.50169 26.57309 26.66112 26.71048 26.90897 27.07522 27.13975 27.32822 27.36922 27.59958 27.92138 28.30683 28.42649 28.51068 28.64380 28.67906 28.85257 28.90128 28.89851 28.84571 28.77223 28.60663 28.63760 28.72543 28.80683 28.87308 28.97478 29.02265 29.09743 29.13249 29.19402 29.46174 29.44083 29.38888 29.34529 29.27063 29.18494 29.30725 29.35042 29.38974 29.72095 29.75852 29.81923 29.87220 29.90598 30.07714 30.11732 30.16197 30.19894 30.25063 30.32715 30.35769 30.39360 30.43077 30.47435 30.52223 30.57822 30.81495 31.14314 31.25645 31.30769 31.38888 31.45600 31.50298 31.55172 31.63888 31.69232 31.73206 31.77608 31.82778 31.90169 31.94743 32.01325 32.14658 32.35000 32.41197 32.80855 32.92734 33.02042 33.01549 32.97908 33.02971 33.08889 33.18763 33.38715 33.43931 33.52394 33.57608 33.88163 33.92820 34.23675 34.34786 34.39058 34.53249 34.61025 34.72049 34.80855 34.85814 34.90942 34.96645 35.00171 35.03589 35.08974 35.13505 35.17969 35.32308 35.44058 35.47651 35.49946 35.44402 35.39862 35.44529 35.49103 35.59572 35.77609 35.78835 35.98291 36.05683 36.09018 36.12094 36.16112 36.43631 36.51026 36.49080 36.44958 36.33652 36.29937 36.29552 36.47863 36.52775 36.63740 36.86325 37.05985 37.11668 37.18417 37.27989 37.51240 37.56837 37.60943 37.67520 37.72297 38.21497 38.27266 38.32309 38.36154 38.58323 38.57009 38.40128 38.36198 38.24978 38.18740 38.07863 38.16412 38.20598 38.25085 38.69232 39.10212 39.16369 39.20534 39.23825 39.27009 39.29048 39.32608 39.38078 39.55726 39.78717 39.84231 40.25257 40.75512 40.91837 40.97842 41.01366 41.04486 41.22798 41.29978 41.46580 41.54123 41.70042 41.81709 41.90297 42.09209 42.13548 42.16966 42.25258 42.32992 42.47671 42.57905 42.82608 42.86472 42.89297 42.92822 42.99232 43.03482 43.08077 43.12329 43.15557 43.23205 43.30555 43.36945 43.45683 43.41880 43.18422 43.14272 43.05940 43.01409 42.98900 42.97243 42.94252 42.90278 42.74274 42.72178 42.77318 42.83974 43.02265 43.17863 43.15172 42.99615 42.93374 42.60685 42.35983 42.32351 42.29272 41.96497 41.91709 41.84595 41.79669 41.73462 41.61988 41.57694 41.53462 41.49358 41.42435 41.37692 41.32991 41.25812 41.22137 41.22137 41.28269 41.35557 41.42777 41.47008 41.50597 41.52649 41.55215 41.51708 41.48440 41.43675 41.40126 41.02265 40.76045 40.79725 40.88695 41.04314 41.12905 41.18655 41.22220 41.25129 41.40725 41.62482 41.81409 42.14914 42.28622 42.31112 42.33717 42.30685 42.26751 42.20322 42.15963 42.06454 42.04306 42.07862 42.13675 42.17777 42.29188 42.49875 42.71452 42.75065 42.97608 43.04143 43.14508 43.17649 43.23548 43.28738 43.43792 43.54680 43.61154 43.68035 43.75062 43.77885 43.81580 43.88611 43.92180 43.96914 43.94254 43.89668 43.91580 43.94106 44.11325 44.17903 44.51625 44.67200 44.70302 44.73185 44.73398 44.76925 44.80300 44.81538 44.81538 44.78931 44.73548 44.67649 44.65429 44.64831 44.61578 44.55429 44.44382 44.41186 44.26068 44.21548 44.17435 44.05088 44.00811 43.79508 43.76005 43.66411 43.62094 43.62991 43.68377 43.70529 43.55385 43.51582 43.37735 43.35202 43.31752 43.27842 43.24102 43.19145 43.09551 42.89617 42.64402 42.56411 42.44826 42.37308 42.27649 42.14123 41.93162 41.79103 41.77362 41.53460 41.49998 41.42115 41.36517 41.30422 41.32308 41.34446 41.37840 41.45345 41.49186 41.59037 41.65665 41.58654 41.52008 41.39146 41.34274 41.30812 41.22349 41.17009 41.13077 41.04895 41.01111 40.92562 40.85855 40.79743 40.74592 40.68249 40.61709 40.56132 40.41369 40.29829 40.10406 40.05683 40.00768 39.96560 39.93420 39.92414 39.88246 39.84617 39.81583 39.64466 39.48034 39.29743 39.24745 39.17435 39.11068 39.06966 39.00212 39.04060 39.10108 39.14445 39.19145 39.23675 39.27608 39.31282 39.32288 39.31645 39.28845 39.23975 39.24829 39.28226 39.31645 39.38675 39.43932 39.47886 39.38120 39.41605 39.44402 39.44489 39.42094 39.17732 38.97437 38.93375 38.79445 38.73760 38.73397 38.72798 38.65857 38.57008 38.43288 38.41005 38.47094 38.51303 38.52865 38.47435 38.42394 38.40066 38.24615 38.21452 38.16925 38.11774 38.09018 38.01154 38.05897 38.11560 38.15117 38.16026 38.10598 38.00812 37.91283 37.87309 37.76582 37.68589 37.73654 37.79831 37.82222 37.84957 37.88034 37.92843 37.96389 37.77565 37.59660 37.49358 37.40280 37.32692 37.29103 37.23142 37.18932 37.18429 37.14529 37.11325 37.06111 37.00172 36.86475 36.82478 36.55340 36.30982 36.02734 35.99529 35.93397 35.90042 35.85128 35.79362 35.76165 35.59785 35.56538 35.34700 35.20291 35.24572 35.30386 35.35652 35.31752 35.27732 35.22180 35.10683 35.06111 35.00000 34.86795 34.76409 34.42651 34.34615 34.19786 33.92735 33.85986 33.75022 33.71623 33.60983 33.66709 33.71625 33.76668 33.83034 33.92906 33.99275 34.03675 33.96220 33.80938 33.73246 33.65406 33.57885 33.49186 33.43289 33.39509 33.39445 33.44057 33.59188 33.61238 33.67394 33.76220 33.80512 33.80640 33.84702 33.96582 34.03098 34.03023 34.03463 34.08632 34.18760 34.17351 34.18483 34.22800 34.26238 34.32202 34.40726 34.43772 34.38686 34.41840 34.45363 34.74145 34.98242 34.93825 34.83911 34.68972 34.62351 34.41495 34.23954 34.15855 34.12437 34.10711 34.19102 34.23783 34.26028 34.22563 34.09678 33.97565 33.89635 33.87374 33.80128 33.74446 33.69980 33.63720 33.56154 33.51666 33.47908 33.41258 33.40555 33.48675 33.54937 33.55194 33.35940 33.23814 33.23246 33.22565 33.19508 33.15449 33.03974 32.82991 32.82520 32.84529 32.85983 32.89597 32.92371 32.94037 32.89403 32.85426 32.80514 32.74892 32.58591 32.54382 32.50171 32.24498 32.23206 32.26154 32.22908 31.95726 31.72352 31.29443 31.15760 31.19274 31.23889 31.29060 31.34594 31.29317 30.89403 30.81328 30.76925 30.69062 30.51368 30.16794 30.10385 29.98246 29.81754 29.71348 29.67948 29.62522 29.61689 29.91540 29.94531 30.02286 30.20555 30.26708 30.39189 30.44358 30.49954 30.72137 30.76923 30.81326 31.06111 31.11794 31.03846 30.99658 30.81328 30.78077 30.76925 30.71366 30.64911 30.49297 30.45362 30.33494 30.38672 30.42905 30.49403 30.59489 30.62606 30.76923 30.81326 30.84489 31.10192 31.07331 30.92798 30.81366 30.76923 30.76368 30.72180 30.66325 30.61943 30.58334 30.42822 30.38515 30.41563 30.70385 30.76923 30.81326 31.03032 31.06795 31.09872 31.05555 30.89274 30.82798 30.81326 30.77094 30.76925 30.73548 30.68718 30.53034 30.45938 30.43034 30.27928 30.24102 30.19272 30.15940 29.95992 29.98652 30.13803 30.28675 30.22989 29.95257 29.91925 29.84935 29.88460 29.95938 29.94574 29.73312 29.67946 29.64189 29.49572 29.53377 29.50085 29.43206 29.22391 29.09018 29.08418 29.05726 28.80385 28.76709 28.81194 28.86325 28.91089 28.87906 28.83483 28.76669 28.69188 28.65471 28.32565 28.29148 28.31155 28.35406 28.43162 28.48122 28.55043 28.58185 28.54617 28.45468 28.20942 27.91240 27.84754 27.90811 27.98123 28.03442 28.09831 28.19231 28.22906 28.41878 28.53505 28.81560 28.91709 28.87703 28.41003 28.31668 28.20406 28.02565 27.77266 27.59745 27.54102 27.47392 27.32649 27.26238 27.14872 27.10448 27.05555 27.00642 26.96669 26.91154 26.82522 26.76795 26.70212 26.60212 26.51878 26.47649 26.43505 26.14314 26.11068 26.05728 25.92518 25.74058 25.68803 25.64402 25.55854 25.24509 25.21968 25.24785 25.33034 25.47692 25.51806 25.47940 25.43631 25.14231 25.08911 25.03418 25.06240 25.09574 25.16495 25.20085 25.27306 25.30685 25.36186 25.31283 25.24997 25.21111 25.12095 25.06408 24.98118 24.91283 24.83377 24.78980 24.76666 24.63034 24.51883 24.45685 24.41838 24.09712 24.02265 23.95897 23.75642 23.69637 23.72818 23.79786 23.85302 23.91025 24.05258 24.10598 24.07052 24.26155 24.29443 24.38205 24.51066 24.60875 24.60875" yc="150.85151 150.91463 151.04023 151.09603 151.29997 151.44283 151.63171 151.76977 151.85077 152.01823 152.09600 152.18254 152.25629 152.30389 152.33809 152.37774 152.39440 152.40949 152.48249 152.49600 152.50154 152.49277 152.48011 152.40789 152.38329 152.35317 152.33729 152.30789 152.28569 152.26897 152.25231 152.17617 152.15237 152.06823 151.98326 151.86903 151.78483 151.76740 151.74360 151.69046 151.59480 151.57931 151.51743 151.47774 151.41503 151.36740 151.34920 151.32614 151.30077 151.23566 151.21106 151.20391 151.18966 151.17297 151.15234 151.12697 151.07537 150.98863 150.93963 150.84837 150.81426 150.57143 150.54634 150.42777 150.40711 150.33883 149.99520 149.95234 149.89640 149.82454 149.76186 149.69837 149.65946 149.61109 149.58011 149.55789 149.54997 149.54677 149.54840 149.55434 149.55631 149.54717 149.53171 149.49283 149.45151 149.26980 149.21269 149.19360 149.09677 149.09046 149.09160 149.07891 148.94440 148.88129 148.80731 148.74537 148.70391 148.67771 148.65631 148.63966 148.55989 148.30077 148.22854 147.92734 147.80157 147.67374 147.56900 147.50471 147.36983 147.38589 147.45531 147.60709 147.61186 147.60791 147.58729 147.57377 147.47614 147.39837 147.38211 147.38094 147.41503 147.43846 147.49994 147.57380 147.63446 147.64283 147.61166 147.54123 147.47140 147.46543 147.33943 147.28966 147.28406 147.29914 147.26583 147.25791 147.23729 147.20354 147.18531 147.12611 147.09680 147.02577 146.95469 146.88331 146.83331 146.79940 146.78171 146.77931 146.77931 146.79360 146.77774 146.76583 146.78880 146.79914 146.77611 146.79100 146.93783 146.96900 146.98446 146.99280 147.02714 147.14083 147.12374 147.10551 147.06820 146.97991 146.82694 146.80869 146.81746 146.84957 146.87060 146.93486 146.96029 147.09520 147.10471 147.12374 147.13009 147.13091 147.14203 147.20631 147.23646 147.26743 147.30234 147.30866 147.30071 147.22734 147.17834 147.11029 147.12137 147.14003 147.19363 147.21343 147.21106 147.09997 147.08409 146.99917 146.99917 147.05789 147.10591 147.13526 147.11506 147.09443 146.96737 146.88886 146.82300 146.82617 146.83809 146.84680 146.83014 146.79637 146.76303 146.75551 146.75074 146.73169 146.76186 146.76500 146.76186 146.75471 146.69443 146.64680 146.61106 146.57931 146.56346 146.53171 146.49640 146.38886 146.30471 146.26420 146.25394 146.23409 146.22454 146.20549 146.19837 146.19917 146.18966 146.16269 146.06977 145.85391 145.79837 145.76900 145.71503 145.64757 145.43331 145.35983 145.25711 145.22457 145.19446 145.15629 145.11903 145.09443 145.05314 145.01743 144.89523 144.84677 144.77477 144.70591 144.66903 144.64120 144.59600 144.56069 144.60094 144.64200 144.62140 144.58091 144.57537 144.56386 144.58011 144.59480 144.61426 144.66423 144.68291 144.67063 144.64280 144.53649 144.49206 144.52934 144.55314 144.55789 144.58526 144.57537 144.56583 144.58249 144.63566 144.66103 144.67460 144.70554 144.73409 144.77514 144.78803 144.78646 144.77534 144.75949 144.75629 144.76740 144.78486 144.81503 144.83566 144.88569 144.89997 144.90077 144.88649 144.84597 144.83329 144.79517 144.76226 144.72851 144.70671 144.69957 144.72854 144.78766 144.79200 144.69126 144.58883 144.50831 144.47774 144.47217 144.48017 144.47974 144.44243 144.41503 144.38409 144.35711 144.32540 144.32857 144.36109 144.29203 144.26600 144.21186 144.12534 144.05151 144.00311 143.93723 143.91663 143.85946 143.85669 143.87297 143.88009 143.88091 143.85551 143.82791 143.66623 143.62814 143.62697 143.63251 143.62140 143.58606 143.64994 143.70986 143.71463 143.69283 143.66743 143.62983 143.61663 143.61903 143.53211 143.48229 143.44300 143.42414 143.43963 143.56423 143.59757 143.63966 143.64917 143.65871 143.66189 143.65871 143.64994 143.63806 143.62457 143.61031 143.60871 143.62697 143.66426 143.67691 143.69677 143.73091 143.75034 143.76026 143.76346 143.76191 143.75629 143.75231 143.74203 143.73326 143.71900 143.69677 143.68806 143.67457 143.66820 143.65711 143.65631 143.65077 143.63966 143.61506 143.57854 143.57300 143.56183 143.55391 143.53329 143.51106 143.46746 143.45789 143.42857 143.40389 143.30554 143.22614 143.19123 143.16820 143.14994 143.12137 143.10711 143.06943 143.03803 142.99997 142.97057 142.93883 142.88569 142.80986 142.62851 142.41269 142.24917 142.15714 142.03331 141.99600 141.97691 141.96977 141.95709 141.94123 141.93414 141.86746 141.84760 141.77060 141.73963 141.67854 141.60340 141.63769 141.64443 141.62934 141.61506 141.59480 141.39437 141.32991 141.19283 141.16820 140.99523 140.97617 140.94283 140.92537 140.89437 140.85869 140.83883 140.82934 140.80789 140.78091 140.73411 140.70074 140.69917 140.72060 140.73094 140.75234 140.76346 140.79440 140.80554 140.81186 140.81503 140.80554 140.69123 140.57060 140.54991 140.53486 140.49280 140.48169 140.50869 140.54083 140.54480 140.44203 140.24720 140.20037 140.13249 139.86049 139.82257 139.71206 139.44757 139.21426 138.99540 138.84340 138.81583 138.77777 138.74634 138.71583 138.69837 138.63011 138.55354 138.56106 138.55789 138.49060 138.43726 138.43651 138.45791 138.46903 138.47617 138.47297 138.47377 138.48326 138.51126 138.56580 138.56900 138.57697 138.60234 138.61031 138.63726 138.66900 138.69600 138.69046 138.67694 138.64286 138.63329 138.61266 138.64320 138.71583 138.73489 138.73643 138.77180 138.80949 138.81780 138.80474 138.79443 138.78806 138.78806 138.79757 138.81186 138.84997 138.86583 138.82100 138.80554 138.80080 138.79780 138.73546 138.71977 138.72531 138.73489 138.81746 138.82934 138.86820 138.90234 138.90474 138.89123 138.87497 138.79640 138.78409 138.79977 138.86860 138.90191 138.92931 138.94043 138.94517 138.94440 138.93486 138.93486 138.93883 138.94440 138.95311 138.98249 139.01503 139.04283 139.06660 139.10314 139.12374 139.13246 139.13643 139.13091 139.12694 139.12851 139.13489 139.17297 139.23963 139.26503 139.51269 139.59754 139.68986 139.75214 139.80194 139.84280 139.84994 139.84517 139.83246 139.82611 139.80949 139.80311 139.80154 139.80860 139.88806 139.89603 139.90154 139.93011 139.95074 139.98963 140.02694 140.05391 140.08726 140.14917 140.19446 140.24043 140.32140 140.38409 140.43569 140.51740 140.56663 140.59640 140.66026 140.85194 140.96940 141.01623 141.03329 141.05469 141.16503 141.24914 141.42000 141.42177 141.40949 141.38886 141.35549 141.10474 140.84203 140.78766 140.74917 140.69597 140.64023 140.52731 140.45791 140.44280 140.41266 140.43963 140.47831 140.48886 140.49203 140.48963 140.45946 140.44677 140.43566 140.38729 140.32554 140.20551 140.26029 140.30231 140.29760 140.20669 140.10431 139.97217 139.96263 139.97494 139.97177 139.84437 139.76423 139.73171 139.70789 139.62929 139.59917 139.60946 139.63166 139.66663 139.71900 139.79420 139.82257 139.80311 139.71980 139.61583 139.59437 139.53251 139.43249 139.36346 139.46029 139.49206 139.51346 139.55434 139.54800 139.45631 139.41386 139.42854 139.52614 139.65074 139.61660 139.60194 139.60154 139.61263 139.63249 139.76363 139.82054 139.84397 139.86846 139.92023 139.96740 139.99126 139.97771 139.91546 139.90474 139.90789 139.92934 139.95549 139.99954 140.46543 140.55074 140.74600 140.73886 140.69080 140.65394 140.58746 140.53763 140.51266 140.51820 140.64363 140.75040 140.79720 140.77734 140.82057 141.17454 141.23843 141.37654 141.39360 141.42417 141.37377 141.34123 141.26460 141.08646 141.07137 141.08129 141.09760 141.03011 140.83843 140.75791 140.66226 140.60394 140.53566 140.50309 140.46183 140.31743 140.35194 140.56403 140.60631 140.63489 140.68166 140.72140 140.79203 140.93409 141.20589 141.35471 141.45134 141.49083 141.49123 141.64283 141.75826 141.96900 142.01663 141.97771 141.91423 141.84760 141.81980 141.79834 141.70634 141.59831 141.51783 141.53803 141.60331 141.70074 141.96383 141.99200 141.98086 141.97214 141.98840 142.10549 142.17280 142.17617 142.12414 142.10829 142.16583 142.31263 142.61503 142.61423 142.43011 142.33646 142.13489 142.10114 142.09123 142.12454 142.05906 141.94997 141.95074 142.01663 142.15860 142.26743 142.36663 142.53486 142.59243 142.55134 142.44637 142.38429 142.28251 142.19917 141.91700 141.89680 141.85317 141.88886 141.91346 141.97891 142.04640 142.15391 142.20471 142.25234 142.32691 142.52617 142.75791 143.00869 143.25671 143.31463 143.35074 143.38011 143.40669 143.32357 143.23569 143.26226 143.29280 143.36266 143.27140 143.16506 143.17574 143.30791 143.43883 143.51089 143.56500 143.62943 143.73289 143.73963 143.71423 143.64403 143.59560 143.58211 143.58411 143.60157 143.66623 143.82694 143.95474 143.99363 144.04994 144.07534 144.10946 144.16823 144.27060 144.42297 144.53906 144.72220 144.74360 144.77494 144.78369 144.74709 144.59834 144.49680 144.45311 144.40551 144.38569 144.36106 144.29449 144.25589 144.26343 144.28009 144.29683 144.32540 144.42297 144.48411 144.51903 144.55986 144.56186 144.54440 144.53489 144.53489 144.54760 144.57374 144.61660 144.68466 144.83329 144.92297 144.97654 144.98326 145.01149 145.07974 145.15471 145.22774 145.32297 145.40391 145.46423 145.60991 145.65631 145.75317 145.78486 145.84040 145.89283 145.94203 146.05469 146.09603 146.13329 146.15871 146.19677 146.23729 146.28489 146.34837 146.40431 146.47140 146.51743 146.62634 146.68566 146.72414 146.74640 146.75511 146.74043 146.86740 147.16843 147.26146 147.31503 147.37617 147.42297 147.77060 148.05391 148.08131 148.10949 148.20469 148.28051 148.37809 148.54277 148.66900 148.76269 148.91480 148.97377 149.01820 149.07494 149.15234 149.19997 149.26383 149.55631 149.59360 149.62771 149.67497 149.71349 149.87774 149.88251 149.84597 149.87474 149.94994 150.12377 150.37694 150.49834 150.51820 150.57377 150.79680 150.79323 150.74840 150.70871 150.67771 150.65551 150.64837 150.68229 150.96663 151.18011 151.25706 151.30789 151.34126 151.36266 151.40671 151.46863 151.55966 151.59123 151.59520 151.59677 151.58091 151.55591 151.56503 151.67377 151.85471 152.04363 152.04760 152.06029 152.07454 152.10711 152.17654 152.25689 152.31660 152.32057 152.27851 152.10966 152.06583 152.03569 151.97057 151.92891 151.92534 151.94123 151.97889 152.00474 152.04994 152.13723 152.20154 152.33886 152.35234 152.35394 152.42380 152.43251 152.43883 152.42854 152.29277 152.18409 152.13566 152.10314 152.07454 152.04043 152.01189 151.96343 151.96066 152.00311 152.01503 152.02060 152.00791 151.96423 151.91820 151.85471 151.77214 151.69123 151.45949 151.34600 151.11663 150.81780 150.62854 150.49003 150.32911 150.28249 150.21326 150.06683 149.78409 149.58331 149.16583 149.09917 148.96943 148.95631 148.96346 148.96386 148.91977 148.81763 148.76940 148.64006 148.59563 148.43963 148.25611 148.21503 148.20509 148.16423 147.96109 147.80631 147.78609 147.79243 147.77100 147.65323 147.56583 147.54123 147.48883 147.45789 147.44043 147.49997 147.58331 147.63131 147.71860 147.76503 147.76980 147.74997 147.71543 147.72614 147.75749 147.97020 148.17374 148.28491 148.37177 148.44697 148.52614 148.68129 148.89600 148.98371 149.01823 149.02617 149.14203 149.54640 149.60789 149.72457 149.81583 149.89640 149.93966 150.00000 150.13606 150.17851 150.21109 150.23291 150.26026 150.19997 150.18486 150.19857 150.29760 150.42063 150.51506 150.74760 150.77297 150.98489 151.08923 151.11586 151.12697 151.13329 151.16503 151.21426 151.33729 151.35617 151.36649 151.38489 151.41740 151.46426 151.46983 151.47223 151.46109 151.44520 151.43569 151.39083 151.32297 151.01423 150.99206 150.96109 150.93489 150.93251 150.92460 150.90951 150.78914 150.70789 150.69994 150.69266 150.65154 150.62914 150.46903 150.47377 150.55703 150.57180 150.58183 150.63014 150.64877 150.64717 150.62931 150.46543 150.42220 150.41503 150.42140 150.44917 150.44677 150.35720 150.32966 150.30989 150.00194 149.97969 149.95989 150.02380 150.05203 150.05554 150.08963 150.13409 150.16026 150.17217 150.18880 150.17120 150.13529 150.01349 149.98340 149.96320 149.86346 149.84434 149.80709 149.79517 149.87060 149.88609 149.88249 149.87217 149.87114 149.85071 149.81920 149.94363 150.01666 150.03969 150.14200 150.15391 150.15869 150.14914 150.00074 149.96226 149.89200 149.79814 149.79440 149.90474 149.92537 149.99003 150.03969 150.07694 150.13326 150.21106 150.21229 150.19323 150.03766 149.95789 149.94046 149.92374 149.90077 149.71980 149.65629 149.52934 149.62851 149.72617 149.79597 149.81503 149.86743 149.90157 149.90274 149.89083 149.86663 149.84754 149.64677 149.61186 149.56226 149.53689 149.52614 149.53329 149.56269 149.54440 149.51106 149.46263 149.36109 149.51069 149.57991 149.63803 149.67614 149.69363 149.70074 149.72060 149.73963 149.85714 149.93649 150.20949 150.47851 150.63846 150.85114 150.87611 150.89517 150.95634 151.05866 151.11266 151.12614 151.13251 151.13011 151.13411 151.15274 151.16980 151.21186 151.24357 151.26263 151.28431 151.31186 151.32460 151.33409 151.34203 151.35434 151.37217 151.42017 151.45394 151.45551 151.44997 151.41346 151.31503 151.28249 151.24357 151.16426 150.82257 150.75397 150.72260 150.71106 150.69677 150.66623 150.50511 150.47220 150.31820 150.30037 150.31860 150.35469 150.37694 150.41900 150.43883 150.47851 150.50074 150.56503 150.56580 150.54280 150.52534 150.47617 150.44840 150.41743 150.39760 150.38806 150.41683 150.45629 150.43251 150.40077 150.37771 150.36023 150.18246 150.15786 150.16026 150.17374 150.29717 150.31186 150.32854 150.33251 150.34754 150.46503 150.54637 150.69440 150.83806 150.84837 150.85151 150.84520 150.85151 150.85151"/>
<polygon color="rgb(220,220,220)" opacity="100" xc="34.00683 34.23206 34.37351 34.39188 34.45812 34.47948 34.48492 34.46068 34.43889 34.33675 34.14700 34.11625 34.05726 34.00086 33.83460 33.78334 33.76240 33.74446 33.72328 33.72020 33.81068 33.83205 33.88932 33.92008 33.95298 34.00683 34.00683" yc="152.97534 153.01663 153.05314 153.05791 153.07220 153.09520 153.14737 153.17534 153.18486 153.20391 153.21186 153.21263 153.21186 153.20789 153.19597 153.18726 153.17854 153.16743 153.14403 153.09203 153.00391 152.99437 152.97929 152.97220 152.96980 152.97534 152.97534"/>
<polygon color="rgb(220,220,220)" opacity="100" xc="8.75769 9.03632 9.05429 9.04123 9.00129 8.97266 8.95469 8.93292 8.90726 8.81835 8.79657 8.77866 8.76409 8.75769 8.72094 8.69828 8.67906 8.68934 8.70212 8.72049 8.75769 8.75769" yc="153.01820 153.03086 153.04954 153.08094 153.12774 153.15154 153.16106 153.16897 153.17534 153.18883 153.19677 153.20709 153.21900 153.23486 153.24680 153.23889 153.22931 153.06029 153.02851 153.01820 153.01820 153.01820"/>
<polygon color="rgb(220,220,220)" opacity="100" xc="38.31003 38.23289 38.20002 38.00940 37.65235 37.57369 37.51880 37.48034 37.42563 37.34357 37.22991 36.86282 36.63762 36.41966 36.04271 35.97180 35.92009 35.84571 35.77651 35.54871 35.49317 35.42905 35.36302 35.33731 35.37157 35.48077 35.52757 35.56711 35.81495 36.22415 36.42775 36.79700 36.78077 37.00557 37.05555 37.33420 37.57735 37.75523 37.78012 37.87222 38.02649 38.05812 38.14186 38.08375 38.03160 37.95726 37.92694 37.98292 38.11409 38.24357 38.33589 38.41280 38.48762 38.49328 38.66452 38.77822 38.82734 38.93077 39.00129 39.07395 39.11945 39.14488 39.21109 39.24882 39.19722 39.10640 38.94871 38.90552 38.70298 38.52265 38.31003 38.31003" yc="153.54123 153.58331 153.58729 153.60554 153.60871 153.59760 153.57774 153.55551 153.53251 153.51026 153.50551 153.51820 153.52457 153.50471 153.46266 153.44360 153.42054 153.36026 153.28011 153.03566 153.00151 152.94760 152.87934 152.81583 152.77497 152.74997 152.74757 152.75234 152.71429 152.56069 152.39680 152.11740 151.99914 151.88646 151.84440 151.56503 151.38406 151.23900 151.14974 151.04757 150.99043 150.99600 151.04677 151.07731 151.10157 151.16663 151.29440 151.29323 151.23729 151.36146 151.41620 151.44046 151.49540 151.64789 151.81900 151.90871 151.99854 152.14917 152.23091 152.30389 152.35971 152.58091 152.83726 152.99517 153.07774 153.14360 153.21900 153.23091 153.28806 153.39594 153.54123 153.54123"/>
<polygon color="rgb(220,220,220)" opacity="100" xc="76.69188 76.62651 76.57949 76.51494 76.44272 76.37992 76.34874 76.25385 76.06069 75.87183 75.73589 75.60343 75.67694 75.66111 75.58078 75.57523 75.69615 75.75383 75.96923 76.28418 76.55685 76.58931 76.70618 76.75043 76.73418 76.71442 76.67051 76.64423 76.68974 76.73717 76.91709 76.96497 77.03418 77.50172 77.62565 77.80128 77.85940 77.90898 78.00598 78.13974 78.21240 78.38803 78.66795 79.04018 79.25212 79.54274 79.57991 79.63637 79.83503 80.00342 80.14742 80.21538 80.44038 80.73417 80.85042 80.91026 80.97565 81.05471 81.12948 81.18932 81.31709 81.38205 81.40808 81.63505 81.70469 81.89615 81.95172 82.04295 82.11325 82.15086 82.19678 82.55428 82.59146 82.69015 82.86069 82.90834 82.93825 82.98335 82.96238 82.90598 82.82735 82.75085 82.64080 82.57746 82.59135 82.59445 82.48932 82.30609 82.17755 82.14574 82.13718 82.18386 81.97692 81.94402 81.78889 81.75598 81.71165 81.67135 81.58503 81.53932 81.45835 81.30460 81.23462 81.17351 81.08505 81.00791 80.97202 80.92991 80.88548 80.84017 80.71538 80.60300 80.40215 80.27223 80.05340 79.98503 79.90086 79.81454 79.74400 79.68206 79.37178 79.00897 78.67478 78.63417 78.57822 78.55343 78.52051 77.88675 77.76623 77.71580 77.65685 77.55982 77.49915 77.07477 76.80855 76.75598 76.69188 76.69188" yc="153.42294 153.44917 153.47377 153.51506 153.57397 153.59920 153.60474 153.61743 153.62217 153.58809 153.57060 153.54837 153.26983 152.82614 152.64283 152.38051 152.21980 152.21343 152.18331 152.12611 152.12611 152.12377 152.04123 151.95154 151.75551 151.67137 151.60549 151.56306 151.46266 151.36817 151.05114 151.01343 150.97851 150.75234 150.71029 150.67374 150.66663 150.66743 150.67931 150.69994 150.71586 150.77537 150.86980 150.99440 151.04440 151.10791 151.11586 151.12289 151.10394 151.10949 151.11903 151.12300 151.13451 151.10317 151.08566 151.06503 151.04120 151.01586 150.99837 150.98886 150.97694 150.97220 150.97051 150.94523 150.94523 150.95394 150.95394 150.94363 150.91069 150.89680 150.89283 150.89997 150.90631 150.93251 150.98249 151.00351 151.03091 151.15394 151.20869 151.25234 151.27534 151.27294 151.27929 151.31209 151.61146 151.71583 151.73169 151.76680 151.84323 151.88329 151.94160 152.02814 152.34323 152.35631 152.36346 152.36111 152.34860 152.35551 152.39203 152.41666 152.46900 152.77100 152.86706 152.88571 152.89363 152.90951 152.93489 152.98806 153.01343 153.02774 153.04437 153.06903 153.11980 153.15389 153.22374 153.24997 153.29123 153.32534 153.33729 153.33643 153.31900 153.30471 153.30951 153.30471 153.28151 153.24760 153.23643 153.23091 153.23011 153.24563 153.27614 153.32217 153.34520 153.42377 153.42137 153.41103 153.42294 153.42294"/>
<polygon color="rgb(220,220,220)" opacity="100" xc="67.52437 67.37135 67.32394 67.07477 66.93375 66.77437 66.58975 66.07778 65.87137 65.45129 65.32394 65.01540 64.95340 64.89657 64.73335 64.65471 64.50043 64.21068 64.17478 63.98591 63.94874 63.89528 63.55428 63.29700 63.08395 63.01603 62.72563 62.60172 62.52094 62.52563 62.56411 62.62437 62.56835 62.51582 62.39018 62.33932 62.19678 62.18354 62.19828 62.23206 62.27905 62.35065 62.20514 62.14445 62.07649 62.03334 62.00000 61.94317 61.91709 61.86666 61.88825 61.88268 61.83837 61.74402 61.70682 61.67628 61.60672 61.63163 61.69882 61.84232 61.89615 61.95106 61.99102 62.03589 62.14082 62.18622 62.15768 62.04060 62.00278 61.96175 61.92178 61.82737 61.59572 61.54295 61.46368 61.49743 61.60405 61.70214 61.79540 61.83332 61.81923 61.70703 61.64189 61.59274 61.53471 61.51837 61.52222 61.56452 61.58974 61.68695 61.81026 61.99402 62.41754 62.61668 62.75897 62.98762 63.30771 63.52822 63.71751 64.12051 64.41369 64.57092 64.65855 64.76003 64.87992 64.88588 64.84551 64.98418 65.06602 65.27263 65.42649 65.53997 65.72435 65.88397 65.94614 66.09317 66.14582 66.11452 66.07478 65.97522 65.92863 65.82691 65.77392 65.72820 65.68654 65.64080 65.62083 65.58275 65.48335 65.29318 65.20152 65.13162 65.07692 64.99571 64.92608 64.83420 64.73589 64.66325 64.61538 64.57648 64.21411 64.16966 64.11452 64.06785 64.04192 63.95002 63.86988 63.66497 63.55512 63.22349 63.10771 63.01623 62.95983 62.90877 62.87008 62.78826 62.75042 62.73760 62.35426 62.32095 62.23120 62.31538 62.54209 62.59188 62.66112 62.77769 62.74583 62.61751 62.50514 62.42392 62.38943 62.50471 62.56835 62.63803 62.67520 62.76325 62.85555 62.90406 62.95895 63.07148 63.07094 63.09872 63.20855 63.23460 63.38805 63.57191 63.72435 63.93848 64.03932 64.35855 64.44317 64.48674 64.74660 64.79189 64.75532 64.62392 64.56022 64.52560 64.29166 64.21720 64.40214 64.47974 64.59565 64.73558 64.82094 64.87094 64.92777 64.95854 65.07051 65.20589 65.17502 65.12308 65.11751 65.28846 65.76154 65.87011 65.98846 66.14722 66.18291 66.17822 66.13762 66.08055 65.87137 65.94358 66.02926 66.10128 66.15942 66.21452 66.26849 66.23803 66.17212 66.35343 66.40043 66.70022 66.68291 66.72651 66.80843 66.89895 67.06538 67.12522 67.16540 67.10611 67.14168 67.17777 67.22178 67.24423 67.21069 67.11840 67.00257 66.95214 66.89465 66.85854 66.83292 66.80128 66.83997 67.19015 67.22778 67.29998 67.33718 67.54914 67.92009 67.97565 68.11240 68.17415 68.24080 68.28632 68.34231 68.54426 68.59478 68.85246 68.69188 68.65086 68.50949 68.32991 68.26580 68.16668 68.10342 68.00985 67.94978 67.91815 67.88517 67.92734 68.07308 68.12349 68.20554 68.67458 68.71495 68.96988 69.56325 69.64829 69.75854 69.90685 70.28591 70.52051 70.64188 70.70512 70.75960 70.85428 70.92520 71.20725 71.30128 71.36325 71.78120 71.94017 72.07649 72.22948 72.25342 72.70557 72.85512 72.96151 73.03631 73.21432 73.37137 73.51677 73.47435 73.42863 73.47138 73.55386 73.64414 73.66348 73.75129 73.83535 73.90234 74.03034 74.07051 74.24637 74.27660 74.20663 74.08974 73.88246 73.68760 73.38503 73.20726 73.08634 72.96365 72.79445 72.58117 72.46494 72.23378 72.30789 72.34186 72.39145 72.44017 72.70897 72.90769 73.11537 73.15900 73.28974 73.51623 73.69060 73.74615 73.91951 74.16112 74.33462 74.46325 74.63654 74.71837 74.83932 75.05129 75.11860 75.16025 75.18548 75.21646 75.25597 75.35000 75.45534 75.45769 75.47863 75.63952 75.74183 75.70557 75.47694 75.38462 75.34103 75.24658 75.17094 75.14851 75.12349 75.09446 74.98120 74.90214 74.66966 74.56089 74.52565 74.42182 74.33975 74.28568 74.25000 74.22029 74.27692 74.30983 74.45683 74.67306 74.72309 74.80300 74.94531 75.03718 75.28891 75.52863 75.71152 75.90598 76.00342 76.04723 76.08034 76.18463 76.21217 76.25386 76.41366 76.45909 76.51068 76.56538 76.62008 76.66452 76.84145 77.09017 77.17905 77.23628 77.26623 77.39723 77.48288 77.53077 77.58397 77.61966 77.65085 77.73120 77.83377 77.88034 78.15342 78.18677 78.35940 78.69272 78.78162 78.92926 78.96815 78.98075 78.97820 78.94595 78.86538 78.84466 78.81517 78.78375 78.58206 78.55514 78.51283 78.47949 78.41068 78.36346 78.32640 78.30106 78.26797 78.12757 78.09509 78.06238 78.01346 77.97349 77.90043 77.86623 77.82042 77.58503 77.55503 77.57606 77.82052 77.85255 77.99188 78.01357 78.04786 78.10791 78.13888 78.18546 78.21580 78.24017 78.35682 78.31111 78.22895 78.38591 78.43482 78.46335 78.48377 78.51494 78.59660 78.67111 78.88292 78.82137 78.78760 78.74874 78.72714 78.66134 78.62522 78.34635 78.31091 78.35298 78.41238 78.54702 78.61025 78.67948 78.85002 78.91580 78.98632 79.12705 79.12009 79.18654 79.23803 79.33654 79.38834 79.26026 79.37928 79.45918 79.63206 79.79443 80.17200 80.29105 80.49691 80.50171 80.51240 80.51537 80.50460 80.47778 80.46946 80.47394 80.51068 80.54209 80.56602 80.60769 80.67822 80.84434 80.75638 80.86454 81.13803 81.18932 81.24872 81.28548 81.33355 81.55369 81.35900 81.21794 81.15597 81.09038 81.06914 81.30726 81.49743 81.64145 81.77906 81.87480 81.85706 81.81366 81.74146 81.69743 81.63891 81.61626 81.29658 81.24414 81.32777 81.77734 81.95342 82.01262 82.21923 82.26325 82.27029 82.23035 82.18203 82.10272 82.23889 82.38374 82.47617 82.62223 82.72906 82.79135 82.72778 82.67477 82.54188 82.38355 82.33311 82.12115 82.09294 82.14231 82.43420 82.61838 82.70469 82.76538 82.81752 83.13334 83.41026 83.44655 83.58503 83.67478 83.70511 83.73845 83.68548 83.62028 83.36325 83.22308 83.12437 83.08163 82.94925 82.89338 82.86068 82.75683 82.70726 82.55257 82.50983 82.42692 82.30554 82.24103 82.18717 82.14831 82.09551 82.06837 82.08591 82.14103 82.17691 82.22802 82.26869 82.24360 82.20086 82.14060 82.09700 82.04189 82.02063 82.05000 82.10942 82.17991 82.23098 82.37437 82.41774 82.49831 82.57349 82.72735 83.00086 83.07372 83.10897 83.37052 83.61880 83.68634 83.74572 83.78697 83.84283 83.78803 83.73663 83.80255 83.86689 83.91828 83.96538 83.99957 84.03291 84.12949 84.31197 84.35385 84.41240 84.44189 84.50234 84.55854 84.54209 84.69445 84.87628 84.94488 85.15000 85.16143 85.11538 84.99209 85.02735 84.98995 84.75154 84.68051 84.58289 84.55694 84.61152 84.72611 84.78022 84.81868 85.04272 85.01511 84.97820 84.94188 84.86537 84.74488 84.96666 85.14317 85.17392 85.12928 85.08105 85.04723 85.10331 85.14252 85.17820 85.22435 85.31069 85.27520 85.24315 85.19871 85.13205 85.04295 85.03505 85.06602 85.23248 85.33503 85.35342 85.56111 85.60192 85.81366 85.88975 86.11025 86.16880 86.24317 86.27480 86.30214 86.33098 86.16583 85.99060 86.00898 86.31709 86.36026 86.52158 86.60811 86.55962 86.43825 86.35600 86.32392 86.31368 86.37885 86.72554 86.77885 86.91283 87.15428 87.14135 87.21472 87.26238 87.30297 87.33760 87.36666 87.20026 87.14665 87.06986 86.92906 87.08375 87.14586 87.17435 87.21705 87.27522 87.39222 87.44443 87.70258 87.72137 87.75854 87.78292 87.82734 87.85214 87.84102 87.80557 87.77988 87.94412 88.10000 88.28855 88.31303 88.19445 88.20554 88.31111 88.46806 88.49060 88.55940 88.67137 88.78932 88.83331 88.80108 88.74531 88.70063 88.66368 88.61625 88.56752 88.51666 88.42180 88.38335 88.26754 88.17692 88.12822 88.09402 88.00129 87.95588 87.94186 87.91923 87.88632 87.69060 87.52522 87.28118 87.23634 87.18717 87.15086 87.10812 87.07905 87.04872 87.01945 86.98377 86.87692 86.75898 86.66754 86.54617 86.36795 86.03417 85.86583 85.67457 85.62735 85.58975 85.52906 85.47609 85.42943 85.46111 85.49915 85.56772 85.63417 85.69698 85.75554 85.95471 86.06454 86.12222 86.26102 86.33054 86.39829 86.44489 86.60011 86.63911 86.67351 86.74103 86.82520 86.92222 86.83077 86.68451 86.60748 86.55166 86.51112 86.47480 86.39188 85.99102 85.87266 85.67180 85.65938 85.61106 85.38034 85.34700 85.31283 85.24702 85.18525 85.14892 84.88672 84.45397 84.47565 84.50638 84.48823 84.45214 84.37865 84.32822 84.28931 83.86134 83.75257 83.71708 83.68760 83.28334 83.22392 83.16411 83.16646 83.24528 83.28589 83.32992 83.41280 83.44315 83.49529 83.82092 83.93122 83.96069 83.99038 84.03378 84.06742 84.15426 84.18462 84.21217 84.21088 84.23077 84.27842 84.32246 84.31903 84.20895 84.07843 84.02254 83.88632 83.75162 83.91005 83.96495 84.06582 84.04018 84.10097 84.15632 84.15668 84.12822 84.04146 84.01666 83.90555 83.75106 83.69786 83.59188 83.62371 83.75812 83.80555 83.84294 83.96945 83.98377 83.95962 83.91986 83.89103 83.80214 83.73715 83.47588 83.43086 83.37606 83.20918 83.13805 82.96537 82.82394 82.71538 82.52009 82.11240 81.80812 81.76925 81.66026 81.60705 81.38323 81.35128 81.30085 81.17222 81.13032 81.02051 80.94529 80.88537 80.92520 80.97309 81.03546 81.08942 81.05448 81.01260 80.91068 80.82634 80.75449 80.85428 80.88805 80.93868 81.05108 81.02051 80.77917 80.70214 80.49275 80.04146 79.77338 79.80728 79.83100 79.89626 79.88674 79.71626 79.75300 79.74065 79.72202 80.04572 80.25940 80.38889 80.49274 80.52329 80.63334 80.87052 80.95846 80.99702 81.03462 81.08291 81.11368 81.32563 81.58717 81.77349 82.04532 82.06537 82.04360 81.97532 81.95043 81.99102 82.16623 82.24403 82.30032 82.32435 82.61454 82.76678 82.67008 82.68675 83.00940 83.15297 83.28974 83.32606 83.50583 83.28228 83.20706 83.23805 83.26968 83.43162 83.46623 83.49571 83.53462 83.63306 83.49358 83.35629 83.32735 83.31515 83.34743 83.38931 83.43268 83.47372 83.51902 83.54872 83.59015 83.74446 83.86880 83.98589 84.02820 84.08162 84.11046 84.16111 84.28952 84.38445 84.33526 84.39615 84.52865 84.59914 84.64615 84.92649 85.09874 85.09917 85.25257 85.35854 85.42638 85.36494 85.31495 85.21069 85.12649 85.08548 85.02566 84.86965 84.64771 84.69295 84.74937 84.77948 84.81795 84.86582 85.04209 85.06378 85.04851 85.01992 85.14700 85.18314 85.31228 85.41540 85.38289 85.28075 85.10258 85.07371 85.14231 85.33034 85.55705 85.79615 85.82949 85.85343 85.97309 86.01089 86.07095 86.06837 86.04038 85.99102 85.95685 85.99660 86.05728 86.15471 86.19572 86.26838 86.39272 86.26411 86.29188 86.33568 86.37629 86.40342 86.42903 86.46858 86.53118 86.66538 86.68375 86.77692 86.97351 87.00197 86.96452 86.96592 87.03974 87.21143 87.23248 87.22288 87.19958 87.16251 87.22842 87.43675 87.43655 87.18931 87.05298 87.04958 87.10866 87.16966 87.27425 87.34786 87.84178 87.88168 87.81165 87.78740 87.94443 88.03162 88.06794 88.12308 88.15983 88.20438 88.15000 88.18045 88.21303 88.31882 88.28975 88.24443 88.24998 88.25425 88.32991 88.41666 88.51655 88.46668 88.42325 88.55982 88.66562 88.65460 88.66966 88.85823 88.88762 88.90811 88.89998 88.81538 88.77372 88.73654 88.67843 88.73589 88.78932 88.87608 88.90277 88.97008 88.99358 89.15086 89.28674 89.34295 89.41369 89.46143 89.31732 89.27712 89.23246 89.25300 89.28546 89.32523 89.38375 89.49700 89.69145 89.74925 89.80812 89.87220 89.89872 89.87135 89.88440 90.05683 90.08463 90.14082 90.18848 90.20322 90.12862 90.13718 90.18463 90.26089 90.26794 90.30598 90.37942 90.41560 90.28162 90.13589 89.83505 89.79272 89.71837 89.67520 89.61838 89.56111 89.49872 89.33335 89.19531 89.01538 89.12094 89.21666 89.53740 89.54615 89.58462 89.67649 89.80769 89.83718 90.06174 90.13686 90.37049 90.40257 90.46218 90.56474 90.71432 90.78163 90.76783 90.79445 90.82777 90.90043 90.99017 90.97863 90.75185 90.62863 90.57326 90.53794 90.58332 90.66774 90.74914 90.80602 91.00342 90.99080 90.94449 90.99488 91.03032 91.28375 91.53271 91.57265 91.75471 91.94657 91.97308 92.12011 92.45171 92.72694 93.10385 93.07094 93.02394 92.98248 92.93749 93.04743 93.17425 93.18375 93.21794 93.29105 93.42992 93.48974 93.54915 93.60000 93.65940 93.78615 93.85257 93.96538 94.02735 94.21666 94.27042 94.43718 94.52865 94.58503 94.66238 94.76666 94.88417 94.92395 94.97991 95.02606 95.20940 95.37989 95.69486 95.75811 95.79745 96.15385 96.21068 96.39188 96.53118 96.77178 97.21335 97.25940 97.30575 97.44392 97.49318 97.61623 97.65897 97.84658 98.02798 98.36626 98.52435 98.54148 98.46795 98.41143 98.29231 98.25771 98.38889 98.51346 98.55925 98.46688 98.42211 98.38180 98.33588 98.20554 98.13460 98.07062 98.15085 98.20962 98.20726 98.14102 98.01560 97.98077 97.94957 97.91102 97.97135 97.95511 97.88506 97.73714 97.79851 97.95257 97.91549 97.80769 97.52777 97.27338 97.32249 97.20151 97.05642 96.98803 96.90428 96.84871 96.62351 96.31069 96.20534 96.04657 95.92738 95.89306 95.92092 95.95257 96.00983 96.04103 96.09082 96.14637 96.10769 96.06283 95.90855 95.85771 95.79797 95.80549 95.74851 95.73375 95.81005 95.86026 95.95363 95.99086 95.93932 95.51880 95.50622 95.45811 95.27178 95.20685 95.18677 95.15480 95.09788 95.06858 94.96838 94.94060 94.83165 94.62180 94.52651 94.28035 94.21474 94.16411 94.13880 94.11580 93.95962 93.85685 93.90383 93.96903 94.03677 94.15385 94.28551 94.39100 94.54958 94.72565 94.77574 94.82180 95.27906 95.32575 95.46025 95.60054 95.63462 95.65555 95.78185 95.81474 95.86175 95.89265 95.87940 95.82991 95.66152 95.50637 95.54231 95.63246 95.87182 95.96668 96.15385 96.25897 96.60942 96.65320 96.85749 96.89892 96.89145 96.86283 96.90126 96.95748 96.89168 97.13208 97.16283 97.18931 97.22789 97.21591 97.17062 97.16037 97.21246 97.24743 97.26326 97.27714 97.41902 97.62232 97.60257 97.53163 97.47220 97.41774 97.34488 97.32489 97.45566 97.48055 97.46666 97.49786 97.61240 97.65875 97.74702 97.77778 97.84488 97.88868 97.92565 98.01645 98.12178 98.16583 98.20918 98.24378 98.29818 98.31346 98.27437 98.16966 98.14314 98.01368 98.04145 98.21217 98.23118 98.39082 98.42628 98.49146 98.53585 98.57523 98.67989 98.71305 98.59957 98.56412 98.60086 98.85085 99.06562 99.11858 99.32822 99.39700 99.47735 99.45342 99.47371 99.49528 99.50020 99.58162 99.54969 99.67854 99.71154 99.77692 99.82352 99.89082 100.04188 100.07865 100.02842 99.81197 99.76774 99.70994 99.58591 99.61174 99.64242 99.75043 99.99229 100.11797 100.14788 100.18163 100.22266 100.35468 100.40983 100.56828 100.55385 100.49786 100.46197 100.35171 100.36537 100.37820 100.32200 100.28975 100.12949 100.08505 99.98835 99.91668 99.87180 99.77937 99.82917 99.88354 99.92865 100.14146 100.13975 100.08078 100.05383 99.95854 99.84466 99.86325 99.89272 99.93974 99.91838 99.79186 99.76051 99.66837 99.56665 99.54257 99.68503 99.75320 99.74315 99.89657 99.92863 100.00769 100.05534 100.08848 100.22991 100.26623 100.35769 100.52563 100.71602 100.78675 100.72991 100.64646 100.58880 100.63246 100.75257 100.77608 100.76880 100.73460 100.72392 100.71283 100.74080 100.75735 100.71902 100.67780 100.63932 100.48675 100.34145 100.07457 100.02245 100.03889 100.18140 100.28077 100.46923 100.51625 100.56292 100.50288 100.30685 100.07822 99.85791 99.70772 99.67346 99.75640 99.78974 99.84788 99.91795 99.75086 99.59229 99.61923 99.34083 99.28332 99.22178 99.10446 99.06111 98.98835 99.14040 99.19229 99.23248 99.30511 99.37094 99.41260 99.47178 99.54840 99.69103 99.88888 99.87969 99.77777 99.68120 99.42308 99.39058 99.22220 99.21025 99.11795 99.01025 98.97692 98.92008 98.88066 98.90126 98.98675 99.10822 99.13532 99.07863 99.02309 98.98974 98.95365 98.90822 98.91175 98.87394 98.86249 98.89188 98.93718 98.97137 98.88846 98.70983 98.55717 98.52671 98.62414 98.68965 98.61540 98.44229 98.44786 98.43045 98.37180 98.32883 98.28163 98.24465 98.23075 98.23300 98.20342 98.12991 98.12437 98.13332 98.16177 98.18889 98.23331 98.18803 97.94657 97.90097 97.87095 97.70706 97.69829 97.64166 97.51068 97.43526 97.39358 97.42138 97.47468 97.39286 97.33142 97.32437 97.34017 97.31837 97.28077 97.22822 97.30255 97.33483 97.29786 97.17606 97.09143 96.79935 96.76208 96.81623 96.84638 96.88418 96.99494 97.02638 96.82478 96.80340 96.73420 96.48397 96.45246 96.42371 96.29658 96.43677 96.52989 96.58760 96.73558 96.80255 96.82991 96.82158 96.69402 96.64234 96.58248 96.38845 96.22168 96.41902 96.52778 96.49551 96.42498 96.31411 96.26368 96.20598 95.91925 95.81346 95.59957 95.50385 95.47394 95.34877 95.45523 95.41668 95.37671 95.36537 95.34274 95.29402 95.40128 95.47309 95.58420 95.65982 95.55982 95.50214 95.37991 95.34060 95.15811 95.17532 95.16031 95.08592 94.98460 94.92883 94.87948 94.88632 94.91625 94.95683 95.07115 95.11752 95.18611 95.30043 95.31197 95.18995 95.14231 95.07906 95.04614 95.00685 95.03025 94.95683 94.92265 94.78889 94.75512 94.51023 94.35598 94.08632 94.14103 94.28803 94.55683 94.86109 95.00812 95.18334 95.34380 95.34006 95.47908 95.51625 95.59275 95.65512 95.69958 95.78375 96.26155 96.63271 96.54843 96.67114 96.49017 96.30771 96.22391 96.04529 95.88888 95.80814 95.83855 95.75618 95.57137 95.52906 95.48163 95.40109 95.45769 95.50212 95.63589 95.66195 95.81282 95.86028 95.94743 95.99529 96.05449 96.11368 96.16197 96.22820 96.29765 96.46538 96.48889 96.52626 96.56325 96.62672 96.67352 96.72089 96.62737 96.55257 96.47908 96.44058 96.34094 96.30128 96.39458 96.47435 96.62843 96.66666 96.70940 96.69818 96.47842 96.33995 96.28163 96.15385 95.84445 95.79338 95.93888 96.02906 96.13075 96.20982 96.30106 96.40822 96.62595 96.62789 96.72926 96.76068 97.09668 97.06409 96.99914 96.89745 96.83889 96.87266 96.92349 96.96580 97.15086 97.22095 97.19743 97.28035 97.34155 97.51445 97.54188 97.73569 97.77849 97.69145 97.63548 97.58162 97.64509 97.70385 97.84315 97.89018 98.07522 98.16754 98.15257 98.24208 98.34828 98.52285 98.57394 98.70129 98.92351 99.06966 99.13012 99.14200 99.26037 99.27520 99.16069 99.13206 99.00918 98.96198 98.79060 98.59477 98.51772 98.56945 98.65171 98.72648 99.40000 99.80600 100.09038 100.22511 100.21945 100.24615 100.31902 100.43589 100.82351 100.85557 100.98105 100.95065 100.91451 100.84315 100.79914 100.60642 100.43548 100.38332 100.27434 100.36151 100.40352 100.36345 100.30555 100.23591 100.16986 100.10940 100.06923 99.92265 99.77692 99.45043 99.30802 99.22798 99.24572 99.29188 99.30942 99.43077 99.74423 99.78226 99.83142 99.89743 99.96197 100.00469 100.04146 100.14315 100.30503 100.15002 100.10406 100.02308 99.83771 99.83612 99.80643 99.76325 99.70985 99.66495 99.61195 99.57649 99.53558 99.48312 99.51271 99.76452 99.83034 100.02480 100.07308 100.16240 100.19657 100.23291 100.27178 100.31582 100.35640 100.44392 100.41175 100.35811 100.25085 100.22392 100.10812 99.87306 99.81517 99.75086 99.78215 99.89700 99.98675 100.01754 100.03195 100.21765 100.24806 100.28398 100.31497 100.46883 100.68931 100.89423 100.86380 100.81571 100.75640 100.63462 100.60129 100.14849 100.20298 100.29743 100.47683 100.37743 100.32554 100.26338 100.22171 100.13740 100.16538 100.20855 100.29552 100.33334 100.36515 100.43332 100.53035 100.55214 100.59786 100.65983 100.69135 100.74551 100.82265 100.83758 100.82991 100.81048 100.82820 100.87480 101.10469 101.17052 101.14891 101.06882 101.02565 100.99103 100.92446 100.91197 100.92948 100.95835 101.01666 101.06592 101.21132 101.33783 101.26689 101.20706 101.12254 101.34018 101.61752 101.71580 101.73803 101.76965 101.80854 101.84317 101.87351 101.92008 101.95043 102.01282 102.05443 101.96882 101.80469 101.80895 101.92649 102.06197 102.07095 102.23546 102.26495 102.36197 102.42392 102.49700 102.43248 102.35043 102.42351 102.56048 102.33291 102.20983 102.11155 102.07394 102.19060 102.22565 102.26582 102.30918 102.35557 102.45854 102.61208 102.51923 102.47392 102.41112 102.26111 102.13494 102.16312 102.21218 102.24423 102.26474 102.32811 102.36409 102.52628 102.55898 102.57949 102.53589 102.50491 102.46197 102.41154 102.37949 102.30043 102.03442 101.99915 101.97143 102.37649 102.45235 102.51026 102.51026 102.49360 102.34743 102.40043 102.62478 102.75983 102.82002 102.86495 103.02478 103.06068 103.11966 103.14231 103.23803 103.20683 103.18462 103.14818 103.18568 103.22437 103.25423 103.28845 103.29252 103.39402 103.44743 103.61668 103.65726 103.68162 103.70117 103.59574 103.55342 103.49786 103.39445 103.33851 103.57735 103.66560 103.71560 103.73738 103.70769 103.60171 103.49466 103.45663 103.27234 103.29102 103.33932 103.37308 103.45726 103.50278 103.56240 103.67372 103.82565 103.87865 103.93589 104.12735 104.12137 104.01409 103.98162 103.81517 103.57735 103.46197 103.42522 103.39443 103.35192 103.32009 103.27906 103.24605 103.06709 103.01625 102.98291 103.01282 103.05597 103.13077 103.17115 103.22222 103.26346 103.28738 103.29871 103.32595 103.37757 103.43185 103.47522 103.54531 103.79488 104.00277 104.14188 104.16666 104.31882 104.35471 104.39872 104.47863 104.67725 104.55769 104.33760 104.05129 103.86454 103.68675 103.61965 103.56709 103.52223 103.37629 103.25609 103.29402 103.35171 103.41378 103.41325 103.45449 103.57863 103.62520 103.65855 104.00983 104.12286 104.09615 103.87992 103.64617 103.57906 103.52500 103.65129 103.74488 103.91368 103.97137 104.21218 104.27286 104.26208 104.29358 104.72478 104.80386 105.13035 105.43846 105.30574 105.27072 104.99231 104.71666 104.64948 104.68163 104.84008 105.02865 105.17692 105.20897 105.26277 104.99402 104.93397 104.87649 104.69146 104.63782 104.58675 104.53762 104.42478 104.59145 104.69146 105.03057 105.09018 105.12435 105.17446 105.19851 105.24358 105.30982 105.44358 105.46495 105.49998 105.54358 105.61998 105.69188 105.74680 105.70758 105.67051 105.21111 105.02735 105.00042 104.85428 104.82223 104.74872 104.69168 104.58377 104.50428 104.45512 104.53846 104.60575 104.57563 104.53162 104.45940 104.18589 104.16506 104.18505 104.18738 104.08163 103.99829 103.96452 103.94317 103.96517 104.05812 104.16485 104.13120 104.00182 103.99574 103.81538 103.76923 103.73268 103.69231 103.63974 103.48589 103.44188 103.43334 103.42905 103.46580 103.48462 103.35385 103.30620 103.21672 103.28003 103.33152 103.35255 103.31945 103.27351 103.16925 103.12586 102.73120 102.58482 102.49745 102.44360 102.38602 102.40597 102.43654 102.44905 102.40855 102.36111 102.33228 102.31409 102.33628 102.24135 102.16452 102.11625 102.07223 101.88675 101.96112 102.00214 102.08375 102.13075 102.16411 102.20962 102.22029 102.21882 102.27626 102.35386 102.40557 102.51945 102.58375 102.64957 102.72543 102.73760 102.73462 102.68098 102.64786 102.65460 102.71154 102.78418 102.81495 102.87051 102.92222 102.96068 103.01495 103.04146 103.11945 103.08418 103.04808 103.01580 102.90726 102.86582 102.83034 102.65149 102.61709 102.54754 102.43472 102.43312 102.46277 102.31197 102.25342 102.20685 102.15255 102.08525 102.01645 101.93462 101.89678 101.88638 101.84198 101.87734 101.94168 101.97265 102.04188 102.07991 102.13952 102.25555 102.38098 102.36828 102.22435 101.84231 101.75043 101.65737 101.59082 101.53505 101.40428 101.18462 100.80814 100.75940 100.72735 100.69615 100.62969 100.60514 100.58772 100.58632 100.56562 100.52265 100.46618 100.48068 100.52608 100.59702 100.64678 100.69957 100.76708 100.81923 101.19966 101.40214 101.46048 101.51175 101.54508 101.57565 101.58286 101.52222 101.36198 101.28589 101.18035 101.12752 101.09623 100.99880 100.88418 100.82052 100.52948 100.43591 100.36025 100.30349 100.33974 100.42437 100.50983 100.70214 100.75512 100.89315 100.93505 100.99060 101.05277 101.16117 101.10214 101.00812 100.96538 100.91965 100.85898 100.48034 100.41860 100.31940 100.38631 100.72222 101.01540 101.20385 101.25897 101.40811 101.45343 101.50342 101.63506 101.68014 101.61368 101.53252 101.46454 101.40555 101.35812 101.31537 101.28163 101.23462 101.09209 100.98931 100.94655 100.90769 100.87255 100.90428 100.94315 101.00940 101.11303 101.16197 101.28418 101.32348 101.47415 101.43034 101.07629 101.03568 100.99252 100.95257 100.83972 100.74486 100.64402 100.56880 100.58889 100.61965 100.64871 100.82114 100.86412 100.91986 100.97502 100.75852 100.66451 100.59702 100.53375 100.38366 100.36582 100.34594 100.30812 100.27608 100.21634 100.27095 100.29615 100.28345 100.12063 99.80471 99.76794 99.73815 99.68652 99.70483 99.76623 99.81346 99.86880 99.91411 99.98268 99.97266 99.97648 100.08848 100.23503 100.40855 100.42126 100.04146 99.99829 99.92649 99.72863 99.77403 99.73591 99.69015 99.63803 99.55000 99.34829 99.15235 99.22820 99.28845 99.38054 99.42437 99.49551 99.46711 99.44572 99.40811 99.38717 99.37649 99.35383 99.31197 99.27135 99.20385 99.13118 99.08931 99.06428 99.12905 99.16112 99.19531 99.29080 99.31668 99.28760 98.94703 98.74274 98.77094 98.82425 98.76966 98.72049 98.66283 98.57478 98.53386 98.53248 98.55578 98.53802 98.52092 98.45845 98.42928 98.41711 98.45020 98.50149 98.48335 98.41195 98.48065 98.52257 98.56332 98.68517 98.67052 98.57586 98.52746 98.54060 98.54831 98.47057 98.26389 98.12200 98.08269 98.04209 98.00640 97.97006 97.94957 97.92863 97.91283 97.84400 97.59786 97.45555 97.39231 97.33045 97.42692 97.49446 97.54745 97.64808 97.84058 97.93160 97.97648 98.00854 98.06366 98.17223 98.08377 98.05234 97.99958 97.95983 97.89315 97.86154 97.78762 97.74503 97.81431 97.87671 97.91025 97.97222 97.67134 97.61282 97.52265 97.49915 97.48717 97.46580 97.37543 97.33248 97.36368 97.41165 97.42992 97.41412 97.38183 97.31069 97.17522 97.03868 97.00515 96.98866 96.96657 96.99551 97.08140 97.15043 97.26109 97.26742 97.17565 97.12949 97.02989 96.95823 96.91837 96.83422 96.70811 96.64788 96.48366 96.49888 96.45235 96.37865 96.34745 96.30385 96.24915 96.19443 96.08505 96.03760 96.00212 96.03931 96.12094 96.18802 96.22008 96.27477 96.31815 96.35214 96.39657 96.41902 96.40426 96.40405 96.42498 96.45557 96.56154 96.68889 96.89285 96.80297 96.72265 96.64231 96.55663 96.31378 96.16285 96.09697 96.07362 96.03118 95.86503 95.91582 95.97478 96.02926 96.02605 96.00342 95.77094 95.66335 95.64391 95.58217 95.58697 95.61578 95.64272 95.67608 95.72094 95.77865 95.94017 96.00726 96.16197 96.22220 96.28589 96.33891 96.48248 96.55685 96.71345 96.75171 96.80683 96.84786 96.90502 97.00983 97.05492 97.25728 97.34743 97.38098 97.23803 97.19786 97.06454 96.73195 96.76122 96.75792 96.68162 96.41266 96.44958 96.58717 96.57437 96.42158 96.26754 96.13672 96.07618 96.07523 96.00854 95.99488 95.97158 95.96452 96.08760 96.14423 96.15918 96.10385 95.93289 95.89445 95.67822 95.58932 95.50728 95.28408 95.17435 95.05298 95.00854 94.86495 94.77520 94.72992 94.68675 94.37522 94.29332 94.32466 94.37818 94.45257 94.57435 94.60940 94.64926 94.56411 94.51838 94.47052 94.40300 94.33848 94.29051 94.23089 94.14743 94.09872 94.00342 94.18802 94.23420 94.33803 94.37266 94.42780 94.51968 94.85469 95.24463 95.31155 95.08249 93.93269 93.89978 93.54831 93.27331 93.36154 93.39360 93.49231 93.60332 93.57178 93.46838 93.41623 93.33588 93.27629 93.24594 93.28932 93.34914 93.41409 93.45983 93.68332 93.84252 93.89615 93.99957 94.15192 94.34018 94.45769 94.57394 94.52651 94.45985 94.52906 94.72863 94.84274 95.12178 95.26752 95.47009 95.51537 95.59188 95.67437 95.73217 95.59786 95.55897 95.51238 95.43974 95.37177 95.17863 95.10812 94.97435 94.93375 94.82565 94.71923 94.64505 94.80940 94.93932 95.00128 95.10214 95.18589 95.25811 95.37522 95.40471 95.42320 95.31666 95.27243 95.20600 95.13717 95.08954 94.97820 94.93718 94.87863 94.70685 94.54285 94.86922 94.90129 94.97220 95.01326 95.05982 95.29403 95.33931 95.42351 95.81709 95.24700 95.11026 94.84402 94.79788 94.74957 94.65982 94.22520 94.04155 94.01143 93.96089 93.91603 93.88762 93.84337 93.81111 93.84594 93.90631 93.95652 93.90512 93.84917 94.04189 94.30940 94.60128 94.43377 94.37391 94.30042 94.24958 94.20426 94.15726 94.05726 93.97992 93.93228 93.89574 93.96454 94.09274 94.32309 94.36240 94.39445 94.53848 94.75258 94.97991 95.13375 95.18506 95.23442 95.25717 95.16303 95.12949 95.07906 95.02948 94.99698 94.87605 94.60811 94.55812 94.37178 93.95194 93.91283 93.82563 93.61837 93.57478 93.52457 93.46502 93.53375 93.57435 93.78418 93.82306 93.87011 93.91731 94.08546 94.13548 94.24572 94.34572 94.66966 94.82202 94.86795 94.90643 94.94572 95.01175 95.05277 95.10080 95.59358 95.88248 95.92520 96.13332 96.21154 96.27543 96.34038 96.71882 96.92778 96.98568 97.04529 97.16411 97.29198 97.34572 97.40086 97.44082 97.46668 97.46452 97.40172 97.27563 97.24551 97.04443 96.64488 96.59998 96.52562 96.45343 96.25728 96.19103 96.13589 96.05814 95.99231 95.69295 95.66237 95.62949 95.58762 95.54871 95.49786 95.46752 95.41197 95.34529 95.10469 94.93332 94.89657 94.55940 94.44317 94.35640 94.21388 93.95985 93.90106 93.85032 93.61280 93.52820 93.38463 93.33354 93.26795 93.15385 93.06622 92.90171 92.82565 92.78185 92.71882 92.62052 92.58440 92.54745 92.49786 92.46238 92.36197 92.30255 92.26325 92.55598 92.70085 92.78632 92.87565 93.00086 93.20214 93.28591 93.33248 93.52223 93.55600 93.87563 94.09231 94.39188 94.43035 94.58758 94.62095 94.84188 94.89391 95.02200 95.04766 95.24955 95.37757 95.67566 95.74294 95.99615 96.15385 96.25212 96.30918 96.35172 96.62523 96.72649 96.69145 96.58483 96.55002 96.34146 96.29466 96.11025 96.06623 96.02522 95.92606 95.88549 95.85043 95.78377 95.73985 95.69018 95.32394 95.13846 94.89828 94.84915 94.88140 94.92372 94.97137 95.03162 95.07671 95.04402 95.01328 94.86411 94.65897 94.42643 94.21645 94.15086 94.04574 93.93891 93.72818 93.68932 93.54723 93.44443 93.40706 93.36326 93.25940 93.22692 93.15128 93.09232 92.99509 92.96494 92.91878 92.85682 92.73526 92.68237 92.64143 92.59637 92.59829 92.39317 92.32223 92.30746 92.30888 92.50385 92.53846 92.57263 92.60642 92.66857 92.70000 92.74785 92.79403 92.96409 93.01025 93.05083 93.12671 93.17949 93.23375 93.27609 93.31368 93.36445 93.61068 93.70983 93.91623 93.99957 94.04914 94.14317 94.17991 94.23997 94.39134 94.33280 94.07820 93.94317 93.82905 93.59637 93.56538 93.50854 93.22434 93.19062 92.84102 92.80642 92.70642 92.63089 92.60920 92.65342 92.68911 92.70365 92.65043 92.59522 92.55768 92.51068 92.46623 92.41005 92.34060 92.20300 92.15598 92.10534 92.01112 91.91495 91.76966 91.72543 91.68589 91.63549 91.59103 91.61966 91.65022 91.70342 91.85940 91.96769 92.05469 92.15555 92.21925 92.30297 92.35022 92.40557 92.46537 92.54700 92.59103 92.56945 92.53291 92.46955 92.27008 92.21774 92.16946 92.13334 92.07251 92.02865 92.09017 92.18108 92.24955 92.32265 92.35640 92.38975 92.43420 92.49874 92.54285 92.56891 92.81837 92.86154 93.11709 93.40940 93.48462 93.73548 93.93634 93.98931 94.17822 94.25300 94.37292 94.36998 94.35300 94.37180 94.42822 94.50214 94.53420 94.49977 94.50415 94.59551 94.63055 94.68922 94.69092 94.81242 94.88823 94.93398 94.95225 94.93291 94.89272 94.78374 94.63888 94.59186 94.53888 94.48845 94.43291 94.36240 93.95642 93.91068 93.64315 93.55300 93.50618 93.47266 93.13760 93.01795 92.97051 92.89232 92.85235 92.65257 92.49874 92.32662 92.27178 92.16538 92.06409 91.77777 91.73677 91.77135 91.81346 91.83120 91.61497 91.55705 91.58888 91.68455 91.66495 91.62652 91.59915 91.57618 91.60811 91.66838 91.77585 91.88120 91.94572 91.98377 92.12052 92.18566 92.36111 92.43760 92.49317 92.61175 92.65438 92.56366 92.50834 92.45032 92.32608 92.19229 91.95557 91.91538 91.80811 91.74572 91.69698 91.65898 91.36625 91.12135 90.90298 90.81709 90.76688 90.69135 90.72222 90.62606 90.56026 90.50514 90.41409 90.44177 90.25895 90.20515 90.16368 90.09531 90.03718 90.00983 89.99955 89.94866 89.96454 90.01283 90.10043 90.21069 90.28160 90.33472 90.31880 90.27498 90.36837 90.50300 90.37989 90.15726 90.11112 89.99168 89.99326 89.96109 89.93332 89.78311 89.72223 89.62949 89.52777 89.47117 89.51283 89.56451 89.60105 89.62095 89.64488 89.60685 89.53375 89.62522 89.87157 89.85855 89.90983 90.05854 90.13055 90.16966 90.23717 90.28846 90.33589 90.42351 90.48697 90.54520 90.57117 90.59486 90.62822 90.68420 90.73162 90.82178 90.95108 91.07865 91.11795 91.16326 91.26326 91.40085 91.45600 91.51485 91.37991 91.32991 91.19274 91.13291 91.07734 91.02135 90.92992 90.51968 90.48377 90.44869 90.32552 90.22392 89.93249 89.70897 89.50940 89.38929 89.22349 89.00618 88.94532 88.90683 88.87222 88.85042 88.81368 88.75942 88.71666 88.65857 88.46645 88.38205 88.35468 88.28997 88.34145 88.39615 88.46242 88.51132 88.64315 88.67182 88.96817 88.83525 88.76495 88.68291 88.61368 88.49702 88.44400 88.22478 88.42372 88.73302 88.74391 88.77863 88.81602 88.86923 88.92265 88.96518 89.06838 89.06218 89.11154 89.36795 89.39955 89.43249 89.46325 89.51923 89.67009 89.78332 89.83332 89.92138 90.03077 90.06409 90.12949 90.23889 90.26966 90.41838 90.45212 90.50854 90.54188 90.57908 90.39788 90.31454 90.08066 89.91666 89.86838 89.79145 89.72309 89.46495 88.99658 88.76754 88.54702 88.50045 88.45682 88.41409 88.34831 88.31709 88.29295 88.28826 88.23117 88.18463 88.05086 88.06111 87.94400 87.91069 87.85042 87.71411 87.74882 87.76600 87.72051 87.69274 87.66217 87.62225 87.57883 87.52542 87.47349 87.41405 87.42906 87.11732 87.00160 87.03632 87.10855 87.20085 87.23931 87.30406 87.32820 87.32351 87.29572 87.27842 87.32286 87.36197 87.45298 87.60406 87.56366 87.19869 87.14403 87.10429 87.02329 87.02917 86.99272 86.84745 86.73889 86.65962 86.67468 86.66283 86.62651 86.57800 86.53374 86.39017 86.34958 86.32928 86.39615 86.48012 86.53334 86.56582 86.59218 86.59146 86.64788 86.67223 86.73472 86.78417 86.92169 87.10223 87.01860 86.95771 86.92308 86.90085 86.89574 86.86094 86.76303 86.72498 86.72265 86.74231 86.77178 86.82180 86.78183 86.72180 86.68675 86.63206 86.55406 86.52051 86.36155 86.19851 86.14122 86.09317 85.97180 85.91815 85.86026 85.79760 85.82712 85.86497 85.93077 86.00149 86.05555 86.09658 86.02520 85.96711 85.90898 85.85897 85.68080 85.89231 86.00728 86.13718 86.17245 86.32178 86.47480 86.50597 86.56495 86.62394 86.67180 86.71068 86.74423 86.78088 86.75758 86.58634 86.54146 86.26411 86.19828 86.15854 86.12778 86.09274 85.92906 85.90368 85.81709 85.77522 85.76366 85.77822 85.80534 85.84186 85.88760 85.92863 85.95942 85.98665 85.92775 85.74102 85.69062 85.66495 85.62992 85.56625 85.31709 85.26152 85.19317 85.13248 85.08611 85.04765 85.01603 85.03131 85.15063 85.17757 85.18762 85.16003 85.12052 84.81646 84.62500 84.51538 84.49017 84.49998 84.78717 85.06892 85.05129 84.87178 84.83505 84.80386 84.70131 84.62072 84.53580 84.47800 84.44488 84.39306 84.43655 84.49017 84.56625 84.62286 84.66023 84.72094 84.81582 84.90472 85.02478 85.06325 85.10449 85.15940 85.18248 85.09425 85.04871 84.93569 84.83632 84.61538 84.29957 83.99615 84.30685 84.43974 84.52992 84.60171 84.70728 84.58909 84.54829 84.48460 84.34103 84.24317 84.01506 84.04425 84.08803 84.37223 84.40512 84.47606 84.54358 84.61538 84.79229 85.06943 85.11026 85.22308 85.27606 85.37305 85.43205 85.47694 85.53375 85.74872 85.78995 85.88911 85.97138 85.96582 85.88078 85.80663 85.76602 85.68183 85.33034 85.19146 85.13932 84.97775 84.92094 84.86922 84.68974 84.62735 84.59612 84.54829 84.48077 84.43975 84.41154 84.37777 84.34702 84.31112 84.23248 84.11108 84.07778 84.04318 83.97778 83.88205 83.83740 83.78675 83.74082 83.74091 83.72308 83.60769 83.57692 83.39829 83.35469 83.31238 83.26111 83.22820 82.93535 82.96409 83.01495 83.08077 83.16326 83.23331 83.27351 83.33846 83.38078 83.54826 83.55898 83.67480 83.72243 83.77223 83.82305 83.85514 83.92395 83.99358 84.09486 84.12691 84.18203 84.22265 84.26785 83.94914 83.86454 83.80255 83.71366 83.64531 83.52222 83.38975 83.34102 83.23931 83.14445 83.07906 83.03909 83.00363 82.97200 82.93889 82.59874 82.54146 82.58717 82.61283 82.66388 82.71580 82.78078 82.82306 82.86902 82.91409 82.95212 82.99275 83.03975 83.28206 83.36325 83.48720 83.52306 83.68077 83.81538 83.88034 83.93762 84.01922 84.11751 84.18226 84.23738 84.26878 84.51066 84.54615 84.69831 84.64529 84.61538 84.56283 84.53205 84.41155 84.36880 84.30812 84.32277 84.27157 84.15129 84.04658 83.94572 83.88888 83.80085 83.75512 83.44743 83.38632 83.32008 83.25342 83.18162 83.08120 83.04786 82.96742 82.99658 83.01251 82.95597 82.90043 82.83183 82.82586 82.83557 82.79658 82.74572 82.63334 82.57178 82.41795 82.17734 82.08289 82.06495 82.01688 81.91837 81.84657 81.61966 81.53460 81.45260 81.13886 80.90298 80.73395 80.65169 80.58355 80.54082 80.50726 80.45938 80.34657 80.23846 80.20000 79.99742 79.74872 79.32798 79.14360 79.13825 79.19871 79.23206 79.27180 79.41303 79.49700 79.66154 79.76197 79.81325 79.88845 80.07694 80.20600 80.27222 80.36795 80.52522 80.57863 80.60897 80.64786 80.69232 80.74743 80.80471 80.83717 80.92734 81.06625 81.11068 81.15126 81.43289 81.52826 81.47778 81.36026 81.16925 81.09315 81.03974 80.95214 80.70640 80.53322 80.31711 80.26538 80.16368 79.98075 79.53035 79.37178 79.31497 79.28375 79.28269 79.36163 79.39968 79.36132 79.18494 79.18548 79.20895 79.10682 79.06154 78.86966 78.66154 78.69445 78.75385 78.92822 79.07694 79.20766 79.27863 79.33740 79.39315 79.42223 79.45086 79.47425 79.49488 79.55385 79.59658 79.69829 79.76452 79.83942 80.06152 80.29574 80.32992 80.03889 79.97135 79.77029 79.72480 79.60171 79.57049 79.52042 79.72480 79.78462 79.83503 79.86794 79.95426 80.00385 80.05129 80.14103 80.11625 79.90812 79.86069 79.81069 79.75754 79.71538 79.66346 79.51111 79.42522 79.40126 79.39786 79.39188 79.33420 79.29103 79.25855 79.21197 79.14702 78.67938 78.65002 78.58578 78.68377 78.86068 78.93634 79.05406 79.08377 79.21068 79.15171 79.11003 79.02651 78.99529 78.94788 78.88845 78.81709 78.74143 78.42051 78.35897 78.31495 78.26026 78.20192 78.15897 78.10534 78.14402 78.24080 78.40555 78.54554 78.44186 78.33503 78.28718 78.23589 78.18077 78.08718 77.92949 77.71538 77.59103 77.37392 77.32094 77.28323 77.34488 77.37606 77.43375 77.47862 77.54531 77.40328 77.27902 77.39017 77.33206 77.26815 77.23205 77.18631 77.12192 76.98889 76.93548 76.81934 76.74572 76.71751 76.67757 76.85302 77.02694 77.14617 77.21368 77.24615 77.35514 77.40678 77.29058 77.24529 77.16878 77.07734 76.99229 76.93589 76.89017 76.79145 76.74915 76.71580 76.68332 76.62437 76.56411 76.51302 76.47288 76.45535 76.49785 76.55311 76.41325 76.37606 76.33055 76.28035 76.18474 76.24285 76.29188 76.34360 76.38431 76.33075 76.29146 76.23249 76.09957 75.95385 75.90898 75.76666 75.76997 75.74272 75.58760 75.53291 75.49786 75.46109 75.41882 75.48720 75.55982 75.62863 75.65938 75.70235 75.60471 75.55214 75.49658 75.39915 75.29872 75.25748 75.47523 75.78162 75.86668 75.94102 76.03963 76.03823 75.83118 75.75128 75.66666 75.53652 75.60897 75.69040 75.71795 75.88483 75.91452 75.99529 76.05472 76.10214 76.13205 76.16274 76.14463 76.12155 76.08163 76.03032 75.99915 75.82306 75.65897 75.49317 75.32692 75.13205 75.00855 74.93291 74.81175 74.91582 75.02949 75.08997 75.40257 75.46432 75.74571 75.88248 75.92520 76.06731 76.09018 76.20811 76.23848 76.36666 76.41195 76.53420 76.47415 76.42092 76.38591 76.29914 76.24531 76.17265 76.13246 76.09658 75.93611 75.94785 75.92072 75.93162 75.97309 76.01025 76.07597 76.00555 75.97351 75.93715 75.90043 75.82649 75.53802 75.27009 75.22820 75.10002 75.06603 75.05383 75.05554 75.09488 75.08077 75.03975 75.01582 74.95000 74.68118 74.65214 74.54574 74.50383 74.43375 73.86026 73.50854 73.28077 73.20940 73.11537 73.03077 72.86751 72.58331 72.54338 72.50825 72.46752 72.41368 72.27948 72.17649 71.97052 71.62266 71.41923 71.16795 70.78237 70.83889 71.06071 71.14700 71.24872 71.29509 71.32628 71.34615 71.39648 71.37349 71.32394 71.28974 71.24702 71.21945 71.19338 71.19734 71.15089 70.59402 70.50555 70.47008 70.41666 70.33163 70.10129 69.87094 69.79445 69.76326 69.85791 69.89208 70.01583 70.06774 70.13375 70.23163 70.17714 70.12798 69.76154 69.70748 69.66558 69.61688 69.55855 69.52609 69.26154 69.20428 69.11109 69.05257 69.02071 68.95749 69.01837 69.07606 69.14102 69.19998 69.25342 69.31968 69.36495 69.43845 69.55471 69.63632 69.87009 69.93952 70.10172 70.34572 70.39617 70.46538 70.62308 70.67734 70.70812 70.82265 70.86966 70.90212 70.95428 71.11282 71.24232 71.32628 71.20171 71.13631 71.01366 70.97266 70.88720 70.65042 70.44229 69.91283 69.58034 69.49274 69.36495 69.23718 69.14872 69.09358 69.00254 68.93548 68.88435 68.94318 68.97457 68.94145 68.84511 68.76882 68.71752 68.66192 68.61345 68.58055 68.54765 68.50471 68.40577 68.44015 68.88675 69.13848 69.43035 69.45257 69.55214 69.61218 69.68248 69.76538 69.88120 69.95557 70.12437 70.25340 70.28934 70.32095 70.38931 70.43291 70.60300 70.65597 70.70642 70.78548 70.83740 70.79722 70.47949 70.37308 70.32137 70.27562 70.15812 70.09660 69.99314 69.82949 69.74060 69.68075 69.50854 69.42394 69.33463 69.28206 69.20768 69.11154 69.03463 68.83460 68.79528 68.64789 68.47563 68.38591 68.33206 68.17682 68.13932 68.14646 68.21623 68.25705 68.36923 68.48883 68.44869 68.29082 68.40726 68.43802 68.66112 68.70920 69.00812 69.20769 69.35598 69.58088 69.54851 69.49678 69.43089 69.43185 69.88974 70.05791 70.09712 70.01132 69.96751 69.90000 69.75086 69.66922 69.58502 69.52502 69.49315 69.35769 69.33186 69.65855 69.76580 69.82565 70.05428 70.18420 70.22735 70.27734 70.34166 70.43375 70.51089 70.52520 70.50066 70.48505 70.45918 70.41891 70.40002 70.36975 70.33695 69.98120 69.83997 69.67606 69.52414 69.47178 69.43911 69.34125 69.19806 68.81240 68.78162 68.46549 68.45895 68.48931 68.53975 68.55300 68.45792 68.40257 68.03248 67.72137 67.61668 67.62862 67.65426 67.68846 67.74872 67.78463 67.84488 67.92946 68.08463 68.37586 68.56305 68.53183 68.38335 68.34806 68.79146 68.82477 68.87565 68.94338 69.08077 69.26878 69.34360 69.40586 69.43505 69.49615 69.57243 69.67565 69.79295 69.82800 69.76709 69.77703 69.83034 69.90322 69.92202 69.95062 69.95962 69.93217 69.88974 69.75918 69.71432 69.65192 69.60620 69.54317 69.56463 69.58975 69.53632 69.49497 69.52095 69.58291 69.61815 69.53046 69.32140 69.28068 69.27800 69.31368 69.33975 69.27928 69.24274 69.13632 69.05726 69.00832 69.22906 69.27158 69.31817 69.37818 69.42394 69.46475 69.42265 69.30320 69.23249 69.16966 69.06069 68.79786 68.61282 68.45385 68.21495 68.03203 67.99660 67.94998 67.65085 67.34743 67.27649 67.24274 67.03034 66.85000 66.76623 66.59529 66.52649 66.43654 66.47372 66.50726 66.53848 66.70171 66.89572 66.99871 67.06454 67.24831 67.30942 67.36854 67.42949 67.74360 67.79574 67.94103 68.05938 68.21068 68.42522 68.46109 68.62308 68.96262 69.16625 69.35129 69.43292 69.48172 69.44745 69.32234 68.87906 68.64145 68.46025 67.88934 67.83758 67.77351 67.65471 67.61283 67.57137 67.52223 67.48805 67.43675 67.17435 67.04126 67.02545 66.99188 67.02778 67.08289 67.11111 67.15257 67.21840 67.26880 67.30449 67.32180 67.29017 67.26238 67.16068 67.06794 66.99783 66.97522 66.95428 66.91663 66.75171 66.71026 66.67351 66.61849 66.56497 66.62138 66.68963 66.72735 66.81366 66.92243 66.96197 66.99315 67.18717 67.25203 67.24028 67.48032 67.62052 67.79957 67.92138 68.05169 68.31325 68.70640 69.25385 69.29829 69.34317 69.43762 69.47649 69.27692 69.17734 69.12391 69.05683 68.97949 68.75728 68.58163 68.51922 68.43075 68.37992 68.14358 68.08035 67.52437 67.52437" yc="153.85711 153.85711 153.85471 153.84523 153.84126 153.84360 153.83091 153.73806 153.69357 153.60077 153.56183 153.46109 153.43729 153.41266 153.33643 153.29917 153.22217 153.06823 153.04840 152.92460 152.89760 152.83409 152.61346 152.38886 152.23131 152.15711 151.78803 151.56666 151.40471 151.32934 151.28729 150.84917 150.73094 150.74917 150.78729 150.79917 150.81740 150.61266 150.55986 150.54594 150.54677 150.48369 150.34120 150.32971 150.36740 150.36977 150.35789 150.33331 150.30154 150.17140 150.06583 149.98923 149.88309 149.85749 149.84280 149.79203 149.46263 149.31980 149.11183 149.03409 149.02497 149.05869 149.07057 149.07694 149.08129 149.04817 148.99523 148.89120 148.89043 148.92154 148.92294 148.89120 148.79280 148.76226 148.43963 148.26503 148.06386 147.96980 147.89046 147.85074 147.78486 147.66383 147.62214 147.58806 147.52774 147.42934 147.36509 146.99123 146.89757 146.72297 146.64837 146.61660 146.55551 146.53569 146.52380 146.50394 146.45634 146.42214 146.38566 146.36740 146.34043 146.38051 146.42937 146.47934 146.45651 146.34403 146.26880 146.12300 146.07054 145.98646 145.92617 145.84717 145.79123 145.75674 145.74680 145.71663 145.69340 145.67614 145.67931 145.69917 145.71109 145.73569 145.74046 145.73014 145.70789 145.64363 145.57731 145.55634 145.55709 145.56423 145.57257 145.58489 145.58729 145.58171 145.57060 145.54674 145.51543 145.51026 145.51186 145.51583 145.56500 145.57220 145.58726 145.63966 145.72960 145.77694 145.80114 145.84126 145.84840 145.84360 145.83169 145.81503 145.80077 145.79206 145.79123 145.80949 145.85071 145.91326 145.97697 145.97774 145.96740 145.87929 145.71346 145.69046 145.66740 145.61683 145.53783 145.52300 145.50231 145.47694 145.44420 145.19120 145.11980 145.05631 145.02777 144.96343 144.90631 144.88409 144.84837 144.70751 144.64283 144.59520 144.41743 144.37931 144.25629 144.15431 144.14363 144.11023 144.09203 143.98411 143.95474 143.93723 143.80474 143.75549 143.72337 143.74869 143.76271 143.79557 143.86266 143.79183 143.70314 143.67171 143.64934 143.55174 143.53966 143.53723 143.54363 143.55231 143.59203 143.66723 143.69837 143.71029 143.76900 143.77934 143.73326 143.70151 143.68011 143.65951 143.66626 143.88449 143.91897 143.94340 143.98289 144.10589 144.15829 144.18331 144.19280 144.19323 144.14966 144.12254 144.09837 143.78589 143.77217 143.77654 143.90549 143.98726 144.06483 144.09611 144.17140 144.20631 144.25729 144.33649 144.34600 144.31903 144.28131 144.22454 144.17934 144.13089 144.09043 144.07057 144.04003 144.00394 143.96266 143.88926 143.54240 143.23486 143.20469 143.15869 143.13886 143.03566 142.87303 142.85551 142.83011 142.83803 142.87297 142.88569 142.88569 142.86100 142.84980 142.83237 142.93254 142.94917 142.99789 143.04997 143.06109 143.05869 143.04840 143.01820 142.98329 142.97017 143.08409 143.11109 143.14837 143.15311 143.15629 143.15274 143.14994 143.12060 142.91109 142.88649 142.86426 142.83963 142.79914 142.81426 142.81503 142.80391 142.78686 142.75949 142.74520 142.70786 142.70389 142.71106 142.79520 142.85391 142.88491 142.86903 142.82297 142.60071 142.54997 142.48806 142.45946 142.45431 142.44874 142.36506 142.36586 142.36109 142.29043 142.25791 142.23846 142.32174 142.45549 142.49777 142.42794 142.43566 142.44443 142.49834 142.68820 142.72260 142.75234 142.89203 143.04360 143.19674 143.26586 143.31106 143.34757 143.39991 143.48806 143.56743 143.73409 143.72614 143.71980 143.69797 143.66503 143.53646 143.44920 143.36980 143.35711 143.31823 143.24286 143.16580 143.13091 142.98723 142.82454 142.75551 142.72137 142.65234 142.60869 142.51503 142.38171 142.35197 142.32137 142.27931 142.20751 142.17497 142.13269 142.09597 142.03966 142.04203 142.08903 142.20106 142.25869 142.46503 142.53174 142.55314 142.61109 142.67474 142.75849 142.80709 142.83169 142.90397 142.94917 142.92771 143.00591 143.01980 143.03646 143.04717 143.07657 143.12457 143.21403 143.23249 143.22454 143.18251 143.13249 143.12457 143.12137 143.12931 143.13411 143.10154 143.05951 143.00154 142.96980 142.99437 142.99403 142.98329 142.93409 142.90197 142.87140 142.80354 142.81086 142.86029 142.87934 142.88011 142.87537 142.84917 142.78251 142.71263 142.60243 142.53729 142.43171 142.42297 142.42854 142.45117 142.47651 142.49120 142.51026 142.52857 142.53174 142.52694 142.52537 142.50946 142.53174 142.54600 142.65509 142.72374 142.79440 142.86906 142.99757 143.18569 143.33089 143.39797 143.44443 143.71660 143.74600 143.78091 143.80394 143.82854 143.83169 143.79320 143.73369 143.72771 143.75629 143.77617 143.82060 143.86109 143.88646 143.91543 143.91897 143.89043 143.96503 144.03111 144.08409 144.25791 144.26580 144.21983 144.14797 144.10391 144.06106 144.05157 144.07377 144.10869 144.15391 144.61583 144.60074 144.63377 144.78763 144.79994 144.75969 144.68449 144.66500 144.63249 144.65660 144.42140 144.42931 144.44597 144.49123 144.54877 144.55909 144.54440 144.38051 144.27337 144.19917 144.15711 144.14363 144.14120 144.15391 144.11106 143.92769 143.85354 143.75311 143.83337 143.87734 143.87851 143.85551 143.80257 143.68169 143.46666 143.42357 143.43963 143.47220 143.59523 143.55866 143.38346 143.19917 143.17140 143.10871 142.99637 142.89877 142.84046 142.75157 142.39046 142.18646 142.14123 142.11443 142.12989 142.26483 142.36189 142.44917 142.53569 142.55711 142.58886 142.61506 142.64043 142.67671 142.57537 142.53331 142.51183 142.44517 142.38271 142.33166 142.31977 142.31346 142.32771 142.13091 142.05749 141.99977 141.95631 141.94043 141.93923 141.98723 141.93923 141.83637 141.78963 141.64600 141.60071 141.61003 141.77931 141.84440 141.90711 141.92571 141.90551 141.93743 141.98803 141.97217 141.93386 141.88646 141.89917 141.89163 141.82060 141.79043 141.82934 141.86783 141.85791 141.67157 141.57494 141.51346 141.27771 141.16503 141.18091 141.18251 141.17537 141.05034 140.89600 140.87137 140.77457 140.69757 140.63329 140.44837 140.25414 140.22934 140.19360 140.10551 140.02934 140.00869 140.02397 140.08411 140.09917 140.12614 140.13806 140.15629 140.15786 140.14440 140.12217 140.10946 140.09203 140.07377 140.02517 139.79320 139.74600 139.66823 139.66903 139.66863 139.63646 139.53609 139.46626 139.41183 139.37617 139.32497 139.24083 139.15669 139.10549 139.07217 139.06620 139.07217 139.08051 139.10709 139.13566 139.20314 139.32697 139.36426 139.39520 139.53409 139.62611 139.65629 139.68963 139.71820 139.81740 139.86026 139.96106 140.01666 140.05157 140.05454 140.00554 139.95866 139.91900 139.83486 139.69443 139.67537 139.67537 139.69400 139.76703 139.96860 140.03134 140.13963 140.23191 140.21823 140.11506 140.04106 140.01983 140.01623 140.05909 140.05831 139.98114 139.93046 139.86586 139.79340 139.81083 139.84097 139.86671 139.87026 139.81183 139.63631 139.63440 139.58409 139.54520 139.45511 139.35474 139.39440 139.43229 139.47811 139.48769 139.49234 139.54106 139.56149 139.56109 139.54760 139.50294 139.42180 139.39680 139.37854 139.35474 139.33806 139.23923 139.20271 139.09123 138.92574 138.87257 138.69797 138.68011 138.64363 138.63329 138.61031 138.55071 138.58489 138.60551 138.65077 138.73546 138.92769 139.11583 139.19997 139.16503 139.15949 139.10231 139.01900 138.62260 138.58171 138.54240 138.41343 138.26346 138.12694 137.84894 137.86666 137.97531 138.11860 138.18943 138.27023 138.27140 138.25949 138.24046 138.21977 138.08263 138.08349 138.03686 137.93011 137.88174 137.90809 137.93031 137.93840 137.94837 137.88369 137.79674 137.72971 137.54046 137.41426 137.36663 137.30709 137.18331 137.03371 137.00234 136.94240 136.71820 136.69046 136.54043 136.40691 136.28763 136.24040 136.11346 136.08626 136.02774 135.63489 135.29520 135.11663 134.99437 134.75434 134.68411 134.63726 134.60711 134.58169 134.56029 134.54280 134.52380 134.52217 134.52777 134.50311 134.48171 134.46580 134.40074 134.34720 134.28009 134.19600 134.09123 133.75869 133.49517 133.35074 133.33091 133.31503 133.28569 133.23566 133.18169 133.09003 133.01343 132.98409 132.92220 132.84360 132.77691 132.67931 132.53806 132.28803 132.19917 132.10591 132.07220 132.04046 131.98806 131.92417 131.81383 131.71823 131.67063 131.59357 131.53329 131.48094 131.43331 131.21343 131.07297 131.02374 130.93051 130.91900 130.91426 130.88886 130.74857 130.63689 130.45314 130.34203 130.17771 129.92691 129.89286 129.87417 129.90969 130.02766 130.05951 130.06980 130.09203 130.09997 130.07220 129.88846 129.83566 129.72254 129.53926 129.52380 129.51820 129.52140 129.53606 129.55391 129.64991 129.68131 129.58726 129.51506 129.39760 129.34223 129.30554 129.29126 129.28729 129.33923 129.35514 129.37894 129.41583 129.48529 129.49206 129.48449 129.41106 129.34043 129.30951 129.30074 129.26583 129.25074 129.21186 128.96743 128.83329 128.79203 128.74243 128.62377 128.58429 128.64200 128.67217 128.73049 128.81626 128.87217 128.88406 128.86126 128.78331 128.47457 128.51900 128.51723 128.38803 128.22277 128.20829 128.25791 128.27931 128.09443 127.89840 127.85034 127.79200 127.76983 127.75711 127.81743 128.03326 128.14163 128.18029 128.40866 128.41937 128.40074 128.39120 128.39834 128.49677 128.64200 128.70314 128.77217 128.81189 128.88249 128.91663 129.06029 129.19340 129.22774 129.30474 129.30157 129.36346 129.41743 129.46503 129.54917 129.71109 129.78646 129.79517 129.79837 129.76274 129.75097 129.80669 129.84517 129.91269 129.91980 129.91820 129.90871 129.85174 129.79043 129.74997 129.70274 129.62743 129.59640 129.59440 129.62969 129.64297 129.48706 129.35869 129.32694 129.28926 129.12077 129.07454 128.96980 128.97060 128.92371 128.68963 128.42277 128.24994 128.20709 128.15589 128.03886 127.80311 127.68723 127.50343 127.34283 127.01269 126.89283 126.67934 126.63174 126.80303 126.76663 126.62934 126.42314 126.41106 126.41820 126.43411 126.44680 126.54123 126.45634 126.37297 126.24040 126.27317 126.35214 126.38703 126.53529 126.57374 126.60151 126.58486 126.53297 126.47894 126.51106 126.59074 126.62614 126.73646 126.76663 126.85474 126.77454 126.76897 126.79440 127.05989 127.09360 127.10869 127.10549 127.04677 127.00871 126.97851 126.96740 127.02723 127.15157 127.23409 127.31820 127.44597 127.46186 127.46343 127.44757 127.40077 127.35991 127.34283 127.32534 127.28569 127.25551 127.20791 127.18174 127.14480 127.10391 127.04760 126.94063 127.01543 127.09191 127.09520 127.00631 126.94280 126.90709 126.80234 126.77454 126.83411 127.08649 127.23649 127.31126 127.38174 127.43489 127.54363 127.62020 127.64680 127.67294 127.76111 127.97317 128.01146 127.98171 127.95631 127.94840 127.93886 127.92063 127.99200 128.05394 128.13417 128.28251 128.29637 128.26189 128.10749 128.09600 128.09363 127.88094 127.81483 127.71506 127.49203 127.34423 127.38966 127.45274 127.60869 127.83963 127.86069 127.79420 127.45869 127.24006 127.24517 127.23729 126.76423 126.66980 126.65157 126.94363 127.02934 127.14840 127.41780 127.44520 127.43489 127.40277 127.37060 127.33569 127.29040 127.24680 127.36346 127.50749 127.51343 127.46503 127.32977 127.29597 127.16226 127.17143 127.24023 127.29200 127.39600 127.44003 127.53309 127.59380 127.44897 127.36623 127.07454 126.98806 126.77454 126.48609 126.45154 126.49869 126.60469 126.17694 125.97694 125.95434 125.88746 125.77060 125.74440 125.72063 125.60317 125.61586 125.68489 125.73806 125.93569 125.93889 125.77183 125.55157 125.44126 125.35314 125.29286 125.29363 125.26346 125.17189 125.15314 125.12151 125.09046 125.10891 125.17260 125.27297 125.57060 125.51269 125.40871 125.33649 125.10634 125.07180 125.07817 125.01794 124.78906 124.77617 124.77577 124.80434 124.99600 124.95871 124.79600 124.71189 124.72140 124.79997 125.02697 125.05771 124.99880 125.00614 125.09126 125.14046 125.16586 125.16923 125.09283 124.84680 124.86723 124.92100 124.90237 124.80157 124.71349 124.52777 124.50991 124.54583 124.66843 124.66506 124.58411 124.49363 124.48331 124.47300 124.50514 124.58214 124.60554 124.60491 124.57894 124.37377 124.24523 124.06903 124.05631 124.05631 124.06506 124.08014 124.09126 124.10074 124.12377 124.13729 124.12320 123.99383 123.97460 123.95354 123.79046 123.58966 123.36309 123.25951 123.24286 123.15037 123.02794 122.86586 122.86149 122.92140 123.06429 123.05911 123.15831 123.22280 123.29243 123.31663 123.34246 123.25551 123.17774 122.98291 122.94283 122.94403 122.82477 122.79837 122.80074 122.82854 122.81886 122.70631 122.64326 122.60940 122.57140 122.56189 122.51586 122.47180 122.42380 122.25771 122.14323 122.13649 122.13966 122.19600 122.22854 122.18174 122.11823 122.10114 122.06346 121.87974 121.72143 121.57240 121.66903 121.62854 121.53254 121.36663 121.30077 121.25154 121.21506 121.17377 121.08960 121.06663 121.04443 121.03014 120.93729 120.86920 120.75397 120.71506 120.69917 120.69363 120.68409 120.67140 120.66346 120.63409 120.62774 120.61743 120.61109 120.47457 120.45871 120.45246 120.39617 120.39837 120.34126 120.22300 120.09006 120.04460 120.04443 120.02697 119.82517 119.76586 119.71466 119.70554 119.63369 119.59523 119.62614 119.68271 119.73649 119.89066 119.87023 120.04997 120.25551 120.42777 120.53094 120.57060 120.70277 120.71049 120.65066 120.64680 120.67217 120.70077 120.74443 120.74443 120.75117 120.83251 120.94917 120.98331 120.98569 120.97694 120.91337 120.75634 120.76429 120.81746 120.98360 120.99800 121.08789 121.27240 121.27220 121.72857 121.82954 121.89769 121.94163 121.91426 121.94603 122.09837 122.20394 122.48649 122.76346 122.81506 122.75631 122.63971 122.66720 122.76426 122.78966 122.82140 122.82937 122.83889 122.89286 122.96269 122.99720 122.95474 122.92497 122.83489 122.74343 122.73509 122.93091 123.00951 123.02160 123.02974 123.09591 123.14166 123.09523 123.24343 123.27300 123.32457 123.29283 123.28014 123.29680 123.39520 123.48846 123.67143 123.70954 123.84203 124.06109 124.14997 124.36743 124.43609 124.54046 124.65274 124.69680 124.88134 124.99006 125.02617 125.02300 124.98489 124.94126 124.96594 124.99283 124.94997 124.84680 124.74540 124.70077 124.41069 124.41149 124.30474 124.16269 124.06903 124.00791 123.90831 123.89720 123.90751 123.97040 124.06703 124.16743 124.56109 125.01377 125.00871 124.94206 124.62697 124.42537 124.12217 124.03649 123.67220 123.64206 123.64083 123.66783 123.72537 123.80494 123.99603 123.99066 123.56277 123.28231 123.27777 123.29046 123.34066 123.40374 123.48829 123.58729 123.63669 123.46109 123.26746 123.11983 122.92777 122.83966 123.10631 123.44760 123.53609 123.55829 123.63014 123.68946 123.92397 123.86526 123.78969 123.57777 123.36980 123.05711 122.94917 122.91586 122.85277 122.83569 122.85394 122.83291 122.76983 122.72697 122.67934 122.67537 122.70254 122.81883 122.86031 122.93609 122.97380 123.20831 123.23491 123.10654 123.02854 122.83609 122.80514 122.78369 122.81883 122.88094 122.94483 122.93709 122.76506 122.73094 122.64523 122.62220 122.34363 122.31940 122.34126 122.41031 122.39286 121.97063 121.91783 121.90314 121.97577 121.97617 121.91603 121.62677 121.60631 121.61663 121.63331 121.67020 121.79603 121.85314 122.02697 122.37894 122.41466 122.49680 122.74283 122.78669 122.73529 122.69440 122.59363 122.51109 122.49283 122.47857 122.47220 122.46346 122.51109 122.56863 122.62023 122.69046 122.72220 122.80951 122.99206 123.13689 123.21823 123.25000 123.37854 123.38094 123.35374 123.35197 123.43966 123.67697 123.66346 123.59046 123.56666 123.53311 123.65871 123.87894 123.91269 123.99760 124.39423 124.46229 124.48251 124.49763 124.68014 124.90077 124.92951 125.01346 125.11111 125.17189 125.15234 125.06951 124.99363 124.77140 124.74917 124.72140 124.69603 124.66346 124.31663 124.14997 123.78251 123.56903 123.56863 123.67597 123.68729 123.70714 123.77060 123.77697 123.73649 123.79363 124.10434 124.32777 124.38571 124.51746 124.61743 124.69243 124.79897 124.84043 124.87060 124.98966 124.99363 125.07260 125.21089 125.29126 125.42300 125.49600 125.61426 125.61703 125.64171 125.81246 125.79363 125.75714 125.74083 125.77217 125.81523 125.82374 125.83249 125.85909 125.91229 126.10869 126.22531 126.30134 126.56503 126.58011 126.57851 126.56386 126.55234 126.58566 126.63689 126.63806 126.63649 126.62854 126.60709 126.58566 126.55709 126.54637 126.59337 126.95609 127.06343 127.17537 127.24283 127.21583 127.20394 127.05391 127.13766 127.13886 127.12851 127.12057 127.10351 127.15569 127.34440 127.42971 127.57120 127.80440 127.87537 127.92300 127.92337 127.89523 127.78546 127.68980 127.76783 127.84063 127.90474 127.96703 128.02894 128.11983 128.23566 128.25829 128.23411 127.78923 127.65826 127.63803 127.71263 127.95314 128.13669 128.09363 128.04123 127.94677 127.84920 127.78726 127.70751 127.66383 127.68049 127.78883 127.87460 127.93726 127.98963 128.19677 128.22934 128.38489 128.34517 128.32217 128.40757 128.52300 128.59760 128.65791 128.67971 128.67249 128.21740 127.93846 127.89103 128.06466 128.17137 128.29220 128.46583 128.64123 128.74517 128.89517 129.08586 129.07771 128.96346 128.86663 128.73486 128.74240 128.85434 128.87534 128.88091 128.90766 129.23646 129.19520 129.28649 129.45986 129.57177 129.53171 129.48051 129.54143 129.59600 129.60151 129.59600 129.60491 129.69203 129.77731 129.87577 129.90869 129.88329 129.87534 129.88171 129.99677 130.24083 130.30600 130.40037 130.45986 130.50391 130.50471 130.49757 130.43251 130.39603 130.24120 130.10869 130.07220 129.96680 130.17931 130.20949 130.17971 130.16503 130.16663 130.19446 130.34040 130.33726 130.54120 130.76586 130.87137 130.83963 130.79520 130.78806 130.85237 130.93157 131.21909 131.20314 131.17534 131.16631 131.20649 131.43963 131.50869 131.46903 131.36186 131.34123 131.32337 131.41403 131.61426 131.73369 131.76423 131.79477 131.79597 131.73251 131.64789 131.66743 131.69360 131.80909 131.86543 131.93883 131.93963 131.96780 131.98806 131.99597 132.00234 131.99123 131.95071 131.79043 131.60946 131.41840 131.16583 131.14043 131.10791 131.08806 131.07771 131.12614 131.15871 131.17834 131.36657 131.53171 131.66589 131.78963 131.84203 131.95469 132.08091 132.17377 132.23943 132.44477 132.73806 132.76586 132.78843 132.87874 132.89917 132.90314 132.82140 132.76046 132.68011 132.67214 132.64200 132.62457 132.59560 132.52057 132.44840 132.33886 132.27017 132.21740 132.21506 132.28846 132.29757 132.28051 132.28249 132.31226 132.43883 132.45391 132.48249 132.50391 132.56940 132.64757 132.63697 132.56980 132.47060 132.47060 132.51263 132.68643 132.92137 132.98626 132.97654 132.98526 133.01663 133.05371 133.08729 133.07220 133.06746 133.08249 133.10671 133.13331 132.91009 132.83763 132.81543 132.81660 133.04717 133.08014 133.12060 133.18646 133.24460 133.26863 133.25234 133.22531 133.09523 132.94837 132.74123 132.51583 132.48643 132.48863 132.53409 132.61246 132.58497 132.53726 132.50869 132.46303 132.08826 132.01309 132.00234 132.07220 132.12057 132.11423 131.98563 131.80829 131.77294 131.73843 131.75629 131.81663 131.94003 132.11543 132.23826 132.34857 132.52814 132.40711 132.12377 132.07694 131.90689 131.87851 131.78963 131.68451 131.54043 131.30414 131.28009 131.29443 131.35789 131.53649 131.65314 131.75806 131.84283 131.98089 132.09720 132.21189 132.40871 132.41346 132.40917 132.35551 132.33089 132.29597 132.27534 132.16903 132.05869 131.95866 131.55631 131.39440 131.35094 131.33171 131.34123 131.36940 131.40989 131.43371 131.42854 131.37297 131.31266 131.14994 130.96703 130.71109 130.67374 130.68963 130.51709 130.46029 130.44720 130.48369 130.54240 130.59403 130.61980 130.63251 130.63886 130.65391 130.63409 130.59600 130.59797 130.58151 130.47614 130.40789 130.38094 130.37217 130.37134 130.37134 130.37134 130.37531 130.36563 130.19877 130.14617 130.11186 130.11740 130.14203 130.18409 130.35077 130.41426 130.44677 130.46146 130.46266 130.45711 130.43091 130.40751 130.39994 130.30234 130.23886 130.07060 130.00157 129.99440 129.96134 129.79063 129.65671 129.61980 129.65211 129.72077 129.77911 129.75949 129.75314 129.75789 129.79360 129.87931 129.94240 129.78726 129.76880 129.78803 129.79994 129.78966 129.53320 129.54203 129.56309 129.52806 129.46763 129.46660 129.48180 129.47011 129.43286 129.34540 129.30471 129.23726 129.24677 129.28569 129.20711 129.04597 128.99997 128.97697 128.92077 128.84083 128.89954 129.10154 129.16349 129.29560 129.36546 129.41426 129.50551 129.78726 129.79260 129.68171 129.57974 129.53486 129.50000 129.41283 129.35949 129.16349 129.08329 129.03251 129.02691 129.14023 129.10866 129.04917 129.00314 128.85034 128.69957 128.85869 128.81623 128.69280 128.65791 128.64994 128.65791 128.66900 128.70074 128.71106 128.71026 128.67823 128.65949 128.60511 128.52774 128.46343 128.39914 128.31900 128.24914 128.48526 128.62300 128.71186 128.88803 128.98646 129.13249 129.22694 129.42297 129.72851 129.81660 129.87380 129.91546 129.92057 129.91106 129.89403 129.86346 129.82771 129.78846 129.82880 129.89520 129.92140 129.95549 130.03489 130.10214 130.25863 130.24837 130.20631 130.15629 130.08111 130.06506 130.11149 130.16266 130.27734 130.33643 130.37337 130.38331 130.37694 130.37057 130.37374 130.42734 130.44520 130.50914 130.51703 130.50631 130.48409 130.55389 130.62931 130.95157 130.99994 130.59680 130.39126 130.36740 130.41186 130.39046 130.36820 130.23091 130.24283 130.38666 130.62934 130.67140 130.71463 130.72457 130.70391 130.64637 130.52931 130.40274 130.27177 130.24680 130.24757 130.30989 130.37774 130.47751 130.57454 130.59757 130.60394 130.60037 130.72060 130.67374 130.63886 130.64103 130.72714 130.76783 130.83409 130.88291 130.89483 131.12674 131.17457 131.14283 131.11423 131.01026 130.93649 130.90394 130.86303 130.83329 130.83091 130.83886 130.88009 130.94600 131.26663 131.33369 131.43251 131.47300 131.45911 131.45634 131.45949 131.48051 131.50709 131.55311 131.62574 131.76266 131.75231 131.76743 131.80077 131.82540 131.85274 131.85077 131.83094 131.78763 131.73686 131.67220 131.60314 131.54797 131.52340 131.53803 131.54914 131.52811 131.46586 131.35394 131.37220 131.46189 131.45434 131.43057 131.42937 131.49023 131.71660 131.85317 131.92854 132.00077 132.01503 131.99917 131.99123 132.00197 132.10866 132.38211 132.38331 132.35000 132.30054 132.23349 132.12334 132.04480 132.04837 132.06106 132.21306 132.29360 132.33089 132.48566 132.53649 132.55314 132.59580 132.64594 132.65154 132.63966 132.63171 132.59680 132.56743 132.49377 132.34443 132.23963 132.23806 132.35711 132.48486 132.60526 132.61543 132.59280 132.57377 132.60680 132.64043 132.70371 132.71740 132.74283 132.75154 132.80291 133.11029 133.17217 133.20391 133.27457 133.28011 133.25949 133.21426 133.21823 133.34677 133.36266 133.26983 133.22374 133.18966 133.12060 133.03449 132.99717 132.99283 132.98091 132.96660 133.02774 133.07654 133.06106 133.12457 133.21740 133.34280 133.39197 133.91663 134.09577 134.13723 134.19877 134.20234 134.20234 134.18886 134.01820 134.02137 134.04320 134.24914 134.38171 134.41066 134.42614 134.44200 134.39520 134.32814 134.22614 134.15271 134.09597 134.08369 134.06820 133.95551 133.84680 133.76666 133.60057 133.51189 133.67871 133.74120 134.03171 134.09046 134.13129 134.14717 134.14680 134.12771 134.07774 134.02217 133.81586 133.75434 133.70351 133.38406 133.30671 133.27574 133.54677 133.65174 133.77697 134.17100 134.18409 134.19046 134.17854 133.99837 133.76306 133.52614 133.43766 133.45511 133.50869 133.65194 133.74180 134.01386 134.02414 133.99917 133.92337 133.82706 133.75391 133.72494 133.71977 133.72137 133.76703 133.78011 133.77854 133.78331 133.79203 133.80477 133.83766 133.92157 133.98846 134.03109 134.05866 134.07297 134.09917 134.11503 134.14203 134.21346 134.27971 134.34520 134.48409 134.54857 134.60966 134.65909 134.69523 134.70631 134.72220 134.73014 134.73963 134.76900 134.79837 134.94160 135.08251 135.13089 135.16026 135.22851 135.23171 135.22377 135.16540 135.13646 135.06766 134.86980 134.80869 134.71943 134.52931 134.48809 134.46426 134.44994 134.43843 134.40671 134.34520 134.29837 134.21157 134.26446 134.33569 134.41303 134.43843 134.46743 134.47697 134.49720 134.57851 134.78449 134.92723 134.96106 134.97060 134.93089 134.84457 134.80946 134.79757 134.79914 134.75471 134.67140 134.65549 134.64040 134.62454 134.56703 134.52894 134.44023 134.38249 134.31960 134.29677 134.31169 134.53014 134.60869 134.66423 134.69560 134.72137 134.74757 134.76423 134.86206 134.87931 134.87023 134.88726 134.92854 135.00554 135.07386 135.07220 135.04917 135.03331 135.00409 134.97549 134.96646 134.95646 134.93726 134.94046 134.90631 134.85791 134.82931 134.86871 134.91106 134.93963 134.96740 135.01823 135.01426 134.99203 134.99040 135.00080 135.02774 135.12634 135.14283 135.13569 135.13489 135.14043 135.15154 135.22140 135.23569 135.30114 135.30751 135.25077 135.19840 135.18171 135.17771 135.18089 135.17534 135.16580 135.12214 135.14766 135.45711 135.58849 135.61189 135.62137 135.61706 135.60471 135.59126 135.57934 135.56580 135.58249 135.59523 135.61189 135.64480 135.64994 135.64123 135.62851 135.61506 135.61940 135.66423 135.68209 135.79540 136.01820 136.37694 136.37117 136.30354 136.28009 136.26660 136.24600 136.21263 136.17754 136.22454 136.25629 136.27694 136.31703 136.31586 136.31346 136.45869 136.59200 136.62854 136.64680 136.65391 136.63071 136.46429 136.29180 136.25946 136.25231 136.25569 136.30314 136.40786 136.51086 136.54180 136.33411 136.23537 136.10134 136.14640 136.28903 136.38369 136.41860 136.42611 136.43809 136.52220 136.63094 136.74997 136.89283 136.95709 137.05354 137.11094 137.28646 137.30154 137.28409 137.18360 137.10374 137.04600 137.01269 136.98486 136.95469 136.85154 136.51683 136.44403 136.40551 136.35206 136.30631 135.98806 135.98091 135.98886 136.07374 136.14203 136.19957 136.25709 136.31189 136.34203 136.38014 136.42417 136.46586 136.54420 136.60194 136.63491 136.68689 136.94003 137.11143 137.13249 137.12137 137.04103 136.96660 136.90529 136.75949 136.72694 136.69757 136.66503 136.62717 136.56666 136.49143 136.34997 136.25629 136.08229 136.12220 136.34837 136.59757 136.70869 136.90474 137.00709 137.09574 137.13266 137.17791 137.35474 137.48506 137.60014 137.54680 137.40709 137.27457 137.21223 137.08209 137.02971 137.03609 137.01783 136.96660 136.88886 136.82220 136.74600 136.63251 136.60314 136.69443 136.74120 136.75194 136.78874 136.80077 136.79043 136.77851 136.74917 136.83806 137.01900 137.09280 137.11903 137.14560 137.18271 137.36503 137.39083 137.38569 137.36903 137.34757 137.34129 137.33729 137.37189 137.39086 137.37577 137.39086 137.49657 137.56666 137.56546 137.52734 137.43806 137.34280 137.18729 137.10154 137.09163 137.16189 137.24697 137.49000 137.54323 137.54877 137.51900 137.41580 137.27414 137.18174 137.20314 137.26820 137.34857 137.39937 137.47220 137.73646 137.83406 137.84677 137.85714 137.89280 137.93589 137.97951 137.97454 137.94280 137.91426 137.81266 137.70589 137.59163 137.52934 137.50706 137.49954 137.50869 137.52417 137.56503 137.58569 137.61109 137.62574 137.61109 137.58569 137.56980 137.55394 137.55749 137.58249 137.62457 137.66820 137.72340 137.79974 137.84757 137.88251 137.97617 137.99997 138.03960 138.08886 138.11663 138.14123 138.16543 138.15251 138.06266 137.97246 137.88411 137.86111 137.83594 137.86583 137.88094 137.90749 138.02294 138.06583 138.05631 137.95791 137.89520 137.89206 137.98923 138.02851 138.05791 138.08171 138.10629 138.12377 138.12854 138.13646 138.17374 138.19357 138.22849 138.25949 138.27380 138.27260 138.23209 138.20071 138.17294 138.15949 138.15451 138.20449 138.30326 138.36026 138.36900 138.38963 138.47457 138.47220 138.43963 138.49657 138.45197 138.32594 138.30391 138.33080 138.35231 138.38129 138.50691 138.56149 138.55551 138.52377 138.41403 138.32694 138.23246 138.22531 138.23526 138.56206 138.58886 138.61369 138.66503 138.71343 138.75074 138.74837 138.66029 138.59920 138.66977 138.70234 138.77777 138.81583 138.82300 138.83806 138.83729 138.78974 138.75114 138.74203 138.77171 138.78511 138.79523 138.79677 138.81383 138.82851 138.88766 138.92854 138.94120 138.95317 138.95869 138.94517 138.91757 138.86520 138.82851 138.82617 138.87217 138.98014 138.99757 139.01583 139.01820 139.01663 139.00551 138.93883 138.93886 139.08429 139.16269 139.38846 139.40234 139.44043 139.49063 139.51906 139.51983 139.50631 139.51226 139.54443 139.57537 139.58643 139.59123 139.58489 139.61343 139.64040 139.64757 139.64517 139.63566 139.56743 139.49123 139.47057 139.44917 139.42814 139.41900 139.41423 139.41503 139.48966 139.54003 139.56266 139.54046 139.52140 139.47057 139.43409 139.36586 139.35474 139.34720 139.35274 139.37814 139.44440 139.45391 139.45234 139.46026 139.47620 139.53489 139.57694 139.62851 139.64280 139.66186 139.66666 139.69640 139.70634 139.69997 139.68886 139.65311 139.62214 139.60711 139.58566 139.58409 139.60371 139.83603 139.84794 139.84994 139.84837 139.85394 139.89914 139.94300 139.96026 139.92217 139.93031 140.02617 140.03011 140.00794 139.99126 139.97694 139.92457 139.91820 139.92217 140.07457 140.36023 140.41900 140.49043 140.50074 140.50551 140.47537 140.31346 140.23749 140.16006 139.99360 139.93883 139.91666 139.89957 139.91583 139.94400 140.00511 140.27060 140.29677 140.29597 140.34437 140.39917 140.56346 140.59757 140.60154 140.59757 140.58171 140.57060 140.56740 140.57694 140.59283 140.60869 140.63171 140.63094 140.61346 140.63886 140.65154 140.65551 140.64837 140.63249 140.60394 140.57143 140.56500 140.58251 140.63129 140.74203 140.76543 140.78486 140.79363 140.79280 140.78649 140.80077 140.81503 140.85789 140.94917 140.94840 140.93566 140.85631 140.82140 140.76566 140.77626 140.86583 140.88803 140.99920 141.01423 141.01980 141.01620 140.98886 140.97697 140.94443 140.92063 140.86186 140.84123 140.84400 140.85314 140.86980 140.88726 140.89080 140.88003 140.63406 140.48409 140.47694 140.45034 140.46186 140.50391 140.52611 140.52137 140.50789 140.49520 140.45591 140.39163 140.36840 140.40434 140.46266 140.52374 140.58171 140.65909 140.78846 140.94203 140.96900 141.08329 141.29917 141.31823 141.33566 141.33489 141.32377 141.32297 141.33169 141.34834 141.36583 141.37851 141.36266 141.34123 141.30989 141.29840 141.29760 141.29917 141.30711 141.33169 141.42377 141.49603 141.51506 141.65314 141.67854 141.68806 141.68131 141.61906 141.59480 141.54180 141.48649 141.47143 141.44603 141.44443 141.45634 141.48251 141.51266 141.55154 141.56663 141.56743 141.55789 141.53369 141.51109 141.47854 141.45234 141.44920 141.46823 141.48331 141.52180 141.59677 141.62220 141.62697 141.62060 141.60151 141.56306 141.53646 141.52140 141.53406 141.54837 141.68331 141.76026 141.83171 141.82060 141.78880 141.78803 141.79120 141.80234 141.94203 142.01563 142.16029 142.20909 142.22534 142.22574 142.14363 142.09094 142.05471 142.04086 142.04123 142.06263 142.07694 142.32574 142.68803 142.73809 142.99437 143.04757 143.23966 143.28329 143.31943 143.38886 143.41026 143.43489 143.48249 143.55334 143.60197 143.71820 143.66503 143.48689 143.35491 143.24957 143.24640 143.24997 143.24363 143.20094 143.15077 143.13091 143.04043 142.99043 142.80689 142.70786 142.72060 142.72300 142.71586 142.63963 142.61740 142.53054 142.44994 142.39083 142.33251 142.23529 142.22020 142.21623 142.22774 142.27774 142.29837 142.31346 142.31660 142.30511 142.28169 142.24517 142.17954 142.08886 141.85634 141.75711 141.76977 141.90017 142.23171 142.27694 142.31263 142.34283 142.38134 142.39363 142.39994 142.39994 142.38726 142.36269 142.34283 142.32414 142.33729 142.36743 142.39994 142.44443 142.52086 142.72300 142.78569 142.87060 142.89046 142.90554 142.95749 142.98409 143.03963 143.29380 143.43686 143.43806 143.40869 143.36660 143.38489 143.39200 143.39517 143.36506 143.36026 143.27140 143.25631 143.18329 143.09717 142.98251 142.92340 142.89360 142.80471 142.75317 142.72980 142.72220 142.72380 142.73171 142.74877 142.75474 142.73966 142.72300 142.67694 142.59360 142.51186 142.40946 142.39360 142.39283 142.39837 142.40989 142.45391 142.46186 142.45669 142.54126 142.65143 142.74760 142.78174 142.80311 142.82771 142.83329 142.82694 142.80871 142.79520 142.82574 142.90214 142.94203 142.98943 143.02494 143.01543 142.96623 142.92537 142.90160 142.93966 142.98091 143.04877 143.06349 143.06980 143.07060 143.07540 143.10154 143.14837 143.20231 143.29071 143.42454 143.44203 143.53966 143.61346 143.62931 143.68011 143.69443 143.69677 143.74357 143.76506 143.83449 143.93229 144.01863 144.09597 144.15077 144.18689 144.13266 144.06026 143.98806 143.92177 143.90906 143.92951 144.01323 144.15951 144.23014 144.27734 144.35969 144.43251 144.47100 144.52063 144.58331 144.59754 144.61031 144.62214 144.63009 144.64834 144.80474 144.82451 144.96426 145.04840 145.08011 145.09280 145.11783 145.08171 145.06266 145.02297 144.96046 144.80629 144.79200 144.71069 144.60154 144.60629 144.61583 144.60869 144.49603 144.45631 144.38763 144.28009 144.21820 144.23971 144.26820 144.35631 144.42020 144.46263 144.49760 144.60946 144.65074 144.67974 144.68054 144.67460 144.68609 144.70314 144.77614 144.81583 144.93646 144.99757 145.05157 145.18806 145.30629 145.36266 145.37971 145.37117 145.29597 145.22937 145.13489 145.12534 145.10231 145.09280 145.08091 145.06346 144.92457 144.76820 144.67934 144.66343 144.63249 144.43189 144.40154 144.17297 144.03011 143.90869 143.68011 143.62774 143.22454 143.17691 143.15551 143.10474 143.05157 143.00154 142.96663 142.93469 143.00629 143.09837 143.21977 143.37771 143.48171 143.59183 143.66129 143.73726 143.93646 144.37811 144.42774 144.49837 144.50869 144.49837 144.42534 144.35631 144.32774 144.13646 143.89360 143.74797 143.70234 143.69574 143.72297 143.75394 143.78926 143.85074 144.03446 144.07571 144.08091 144.19126 144.43229 144.56057 144.59834 144.59360 144.58289 144.57297 144.54760 144.53489 144.52614 144.52063 144.52300 144.55511 144.62097 144.69840 144.73806 144.76897 144.78569 144.81183 144.86106 144.93011 144.95549 145.00034 145.25871 145.36023 145.41426 145.50114 145.86780 145.92063 146.01266 146.04797 146.05391 146.04123 145.99920 145.79520 145.76983 145.72854 145.45334 145.37929 145.34994 145.28649 145.20869 145.16266 145.10551 145.07100 145.04683 145.02297 144.99043 144.94243 144.86740 144.79280 144.75629 144.72851 144.66303 144.59440 144.59997 144.66903 144.68966 144.69920 144.70471 144.71900 144.79200 144.81743 145.25117 145.32931 145.33486 145.31583 145.28491 145.23809 145.22060 145.21229 145.26623 145.39223 145.48963 145.56900 145.59203 145.60551 145.60317 145.61463 145.78866 145.86206 145.92220 146.02217 146.02691 146.02691 146.02377 146.01186 145.96583 145.92537 145.91029 145.89914 145.89043 145.90077 145.98091 146.17297 146.22217 146.32814 146.34440 146.38091 146.40551 146.46029 146.71266 146.81349 147.05591 147.15394 147.17140 147.19360 147.20949 147.27614 147.39994 147.46343 147.53174 147.55074 147.57220 147.59954 147.58706 147.54997 147.43169 147.34340 147.24837 147.21343 147.01546 146.94300 146.89517 146.89517 146.90474 146.83946 146.74577 146.61026 146.47851 146.41386 146.37374 146.35869 146.37420 146.37420 146.35551 146.28080 146.18209 145.66623 145.80769 145.85074 145.88091 145.93371 145.97851 146.11149 146.17060 146.23169 146.28726 146.35077 146.38883 146.40231 146.41897 146.47557 146.53089 146.68806 146.70154 146.70074 146.67914 146.61343 146.57217 146.48569 146.36543 146.19440 146.09043 145.98149 145.94126 145.91346 145.90231 145.89160 145.84994 145.88429 145.92694 145.94363 145.96186 145.98846 146.09383 146.19997 146.39440 146.44046 146.54540 146.58566 146.67774 146.82220 146.96580 146.96106 146.93326 146.87417 146.80291 146.77960 146.73369 146.73723 147.01900 147.19440 147.22377 147.28009 147.35357 147.38529 147.39283 147.39440 147.38886 147.37377 147.22417 146.90434 146.75431 146.57771 146.40949 146.36066 146.31746 146.29746 146.33529 146.36980 146.43409 146.51463 146.67694 146.96940 146.97454 146.96737 146.95071 146.93011 146.89746 146.98803 147.03649 147.11817 147.23091 147.45549 147.60314 147.63091 147.66820 147.68646 147.70629 147.73249 147.76903 147.86463 147.92060 147.93409 147.93409 147.91186 147.89006 147.86111 147.82731 147.77777 147.53571 147.25471 147.30469 147.36029 147.43723 147.50829 147.54166 147.55951 147.57457 147.59877 147.64637 147.81206 147.82537 147.80077 147.77237 147.72697 147.69080 147.64914 147.51817 147.39600 147.30391 147.30629 147.29437 147.26940 147.20354 147.05551 146.95949 146.92297 146.84500 146.78686 146.74283 146.42891 146.29031 146.23091 146.22694 146.29840 146.53486 146.81006 146.91183 147.19877 147.21031 147.21186 147.20471 147.19540 147.16823 147.13009 147.07417 147.04797 147.13649 147.18649 147.23289 147.24606 147.24914 147.25114 147.26189 147.27931 147.35871 147.38846 147.43766 147.51980 147.58866 147.70111 147.69597 147.65946 147.57774 147.44926 147.27534 147.20006 147.41066 147.46029 147.49280 147.51980 147.61206 147.70429 147.71346 147.71663 147.69754 147.67454 147.64834 147.68326 147.70231 147.75791 147.76266 147.76586 147.76026 147.74831 147.73886 147.81980 147.84360 147.95634 148.02691 148.03966 148.01106 148.00549 148.01103 148.04517 148.05909 148.19557 148.46543 148.52457 148.66266 148.75074 148.78449 148.80434 148.82774 148.83249 148.83169 148.84203 148.85237 148.86820 148.92374 148.93714 148.93803 148.92531 148.88723 148.85351 148.80991 148.71346 148.66266 148.63803 148.60791 148.56977 148.56580 148.56500 148.57060 148.57377 148.56343 148.53251 148.46603 148.37574 148.30314 148.07457 148.03009 147.79480 147.76266 147.73886 147.72137 147.71743 147.70389 147.73011 147.74120 147.74043 147.74483 147.75551 147.77534 147.81900 147.85871 148.14240 148.23726 148.52951 148.57537 148.60317 148.62380 148.63251 148.64363 148.64440 148.65391 148.66189 148.68169 148.70314 148.78477 148.89360 148.91103 148.91663 148.91897 148.91346 148.89517 148.86740 148.84840 148.80634 148.76346 148.72614 148.69600 148.63529 148.55631 148.51106 148.24206 148.26191 148.34280 148.37297 148.42020 148.44997 148.47931 148.51543 148.56783 148.63846 148.72734 148.78011 148.81106 148.89680 148.92137 148.95471 148.96189 148.98094 148.98886 148.98491 148.97454 148.95551 148.93009 148.90946 148.90671 148.92137 149.08329 149.10946 149.31346 149.39520 149.42391 149.47854 149.51106 149.69600 149.77457 149.89837 149.96403 149.99720 150.02777 150.04563 150.06426 150.07851 150.10831 150.15291 150.22617 150.23411 150.23729 150.24043 150.23886 150.22857 150.21266 150.10989 150.03251 149.96640 149.92377 149.93051 150.06306 150.12534 150.21703 150.25709 150.27457 150.29994 150.30709 150.32614 150.36740 150.39917 150.48011 150.55111 150.63009 150.64994 150.69677 150.71263 150.72246 150.71903 150.72060 150.73094 150.73017 150.71466 150.68566 150.66346 150.64200 150.59480 150.56820 150.56423 150.52137 150.44363 150.24086 150.01269 149.83289 149.75711 149.72774 149.69997 149.63209 149.59757 149.53649 149.50154 149.48491 149.46423 149.41743 149.37457 149.34834 149.30634 149.23331 149.20314 149.17694 149.15474 149.13723 149.12531 149.11817 149.11660 149.12214 149.13723 149.13409 149.12374 149.00631 148.94060 148.94757 148.99523 149.06977 149.09520 149.10314 149.09994 149.07694 149.13349 149.26343 149.28169 149.31266 149.35711 149.46660 149.50234 149.50117 149.47694 149.25191 149.19857 149.06086 149.05314 149.25689 149.46106 149.50711 149.58331 149.59797 149.51029 149.22337 149.17654 149.13486 149.03886 148.98646 148.94674 148.92611 148.90154 148.85789 148.81663 148.73806 148.61603 148.53883 148.50194 148.49360 148.51026 148.51583 148.49083 148.23329 148.06586 147.96426 148.17140 148.25951 148.47497 148.47774 148.44757 148.43886 148.37149 148.13886 148.08729 148.05471 148.03803 147.99677 147.98091 147.96186 147.91329 147.89917 147.98326 148.00231 148.01820 148.03023 148.04997 148.08411 148.25234 148.35074 148.39557 148.45634 148.52137 148.68011 148.78091 148.82811 148.86026 148.88966 149.05809 149.00949 148.60791 148.51343 148.45154 148.42774 148.40111 148.38091 148.19400 148.17457 148.18369 148.23369 148.26820 148.31346 148.33963 148.36266 148.38646 148.48723 148.50037 148.48529 148.44757 148.44323 148.45751 148.50949 148.53329 148.58231 148.76983 149.12854 149.35394 149.46820 149.51743 149.55951 149.59520 149.64120 149.71129 149.50154 149.35791 149.18131 149.18249 149.26651 149.33449 149.35317 149.37380 149.39760 149.52777 149.66969 149.74791 149.91346 149.95549 149.99437 150.00397 150.00000 149.93843 149.73806 149.72220 149.66363 149.59834 149.57063 149.49794 149.26423 149.12334 149.06029 149.02931 149.01663 148.99523 148.95563 148.95471 148.96506 148.98646 149.01586 149.04877 149.07614 149.11340 149.21900 149.26897 149.32220 149.35317 149.39363 149.41980 149.40751 149.36343 149.29123 149.20671 149.14894 149.07454 149.06977 149.07374 149.11463 149.07643 148.96560 148.91820 148.88763 148.80540 148.70949 148.68409 148.65474 148.61743 148.58926 148.58014 148.49203 148.40789 148.36980 148.26586 148.24363 148.23643 148.23169 148.25294 148.31106 148.34520 148.40074 148.44677 148.64323 148.73486 148.70569 148.67934 148.67934 148.68806 148.71106 148.82140 148.84043 148.78011 148.75071 148.77317 148.83251 148.94837 148.97460 149.00157 149.10709 149.24440 149.36980 149.40077 149.55631 149.57694 149.60869 149.61900 149.63526 149.65629 149.87754 149.97377 150.01703 150.03451 150.02854 150.01900 149.92297 149.82614 149.71506 149.57454 149.39200 149.29777 149.27614 149.26189 149.33809 149.37063 149.41500 149.79914 149.86543 150.04840 150.13489 150.15709 150.32494 150.36817 150.47220 150.49600 150.58886 150.60711 150.64997 150.80789 150.86029 150.87531 150.89517 150.91029 150.93886 150.96823 151.00311 151.23049 151.25869 151.34837 151.40946 151.44443 151.50234 151.70194 151.85154 151.87931 151.90157 151.91740 151.94363 152.02694 152.09203 152.10946 152.16703 152.19917 152.27971 152.34400 152.54203 152.79203 152.93846 152.99126 153.08649 153.40311 153.42294 153.47297 153.48489 153.48886 153.51820 153.50077 153.48329 153.48249 153.48566 153.49203 153.50791 153.52457 153.51860 153.48449 153.43649 153.40151 153.33169 153.30789 153.30471 153.18803 153.13249 153.05077 152.87129 152.83643 152.77294 152.75234 152.73011 152.70709 152.66937 152.61506 152.31940 152.27654 152.28209 152.30191 152.35317 152.41586 152.49557 152.58031 152.64997 152.76900 152.78649 152.78486 152.77217 152.74600 152.67217 152.59757 152.56943 152.54163 152.36269 152.33091 152.28489 152.25789 152.20634 152.07474 152.07177 152.08726 152.30154 152.35274 152.44400 152.51026 152.53726 152.53806 152.44754 152.42380 152.36983 152.32691 152.29363 152.04589 152.01269 152.00397 152.00157 151.99123 151.97297 151.94757 151.93011 151.89603 151.84523 151.82057 151.75949 151.74520 151.73169 151.67694 151.66346 151.62457 151.59520 151.58963 151.58963 151.60351 151.60314 151.59520 151.57691 151.51743 151.44443 151.38763 151.39757 151.44680 151.50234 151.51346 151.52457 151.52537 151.54363 151.61263 151.66029 151.67297 151.70511 151.76977 151.80629 151.82143 151.83331 151.83331 151.78180 151.70554 151.61314 151.59946 151.62746 151.65157 151.69280 151.78626 151.81706 151.80829 151.77971 151.70869 151.50037 151.48329 151.47137 151.41897 151.26343 151.24994 151.20391 151.17851 151.15949 151.14123 151.12060 151.09280 151.00949 150.94283 150.91506 150.89283 150.85631 150.84280 150.81503 150.80474 150.79280 150.76820 150.71603 150.69994 150.78409 150.81503 150.83331 150.85946 150.92617 150.95314 150.98886 151.03329 151.04994 151.05709 151.08646 151.10157 151.13251 151.15711 151.18883 151.22851 151.25789 151.31663 151.32694 151.34600 151.35471 151.34203 151.32100 151.13509 150.67691 150.39460 150.29083 150.25671 150.23569 150.20414 150.17534 150.11374 149.91346 149.88251 149.75629 149.73263 149.59834 149.70591 149.78646 149.85949 149.73646 149.73526 149.71166 149.62534 149.60391 149.65986 149.65094 149.58843 149.57297 149.56823 149.58331 149.58806 149.58963 149.58209 149.56666 149.42777 149.39123 149.18011 149.08249 149.03886 148.95631 148.90274 148.78014 148.74834 148.72177 148.69754 148.63609 148.50629 148.39100 148.37297 148.37851 148.42774 148.49680 148.60511 148.64640 148.89757 148.96980 149.00474 149.08446 149.14240 149.19797 149.24080 149.28689 149.31349 149.31426 149.29920 149.09754 149.06660 149.02380 148.95071 148.78131 148.74040 148.64837 148.65311 148.60714 148.54917 148.51743 148.50869 148.49837 148.49440 148.48329 148.46426 148.40389 148.28131 148.02851 147.98606 147.98686 147.95414 147.62971 147.61583 147.59997 147.58926 147.58646 147.55554 147.53174 147.58357 147.62300 147.64360 147.65351 147.64597 147.62614 147.55017 147.46660 147.35809 147.32217 147.28923 147.24080 147.13569 147.06740 147.00014 146.97374 146.94797 146.95629 146.93286 146.89043 146.57257 146.47337 146.27851 146.13886 145.93369 145.86383 145.82140 145.66226 145.49083 145.48011 145.50191 145.57297 145.62297 145.69900 145.92577 145.93569 145.93254 145.94046 145.95591 146.00231 146.00194 145.98489 145.93729 145.91903 146.14640 146.20789 146.25111 146.24997 146.23529 146.17614 146.16346 146.21343 146.16583 146.14046 146.11189 146.10234 146.07771 145.91823 145.75554 145.72223 145.71509 145.68251 145.65389 145.63329 145.64043 145.64757 145.67949 145.70949 145.72617 145.73646 145.76983 145.80474 145.80391 145.81503 145.86343 145.88169 145.96426 146.01980 146.20314 146.22531 146.24997 146.26343 146.26980 146.21897 146.22057 146.27214 146.48669 146.51026 146.48809 146.48251 146.51731 146.63171 146.91146 147.04443 147.08646 147.17460 147.64837 147.71346 147.79123 147.90237 147.91900 147.93011 147.95157 147.98806 148.07143 148.43409 148.62537 148.70471 149.16346 149.36029 149.45471 149.49603 149.54046 149.59757 149.63963 149.68489 149.75271 149.85709 149.90234 150.02103 150.10949 150.15154 150.16106 150.17294 150.19600 150.31186 150.34437 150.37614 150.43943 150.61743 150.90831 151.05649 151.09603 151.16820 151.25946 151.29523 151.32460 151.53329 151.65671 151.71086 152.08249 152.24914 152.44360 152.54597 152.64360 152.81900 153.01820 153.30234 153.32934 153.36543 153.46663 153.53923 153.65077 153.69917 153.71980 153.74003 153.75231 153.77460 153.78331 153.77380 153.77140 153.77380 153.80634 153.81823 153.85711 153.85711"/>
<polygon color="rgb(220,220,220)" opacity="100" xc="46.45028 46.44969 46.37522 46.31237 46.24831 46.18291 46.09614 45.99317 45.94594 45.77243 45.73505 45.69668 45.76089 45.88462 45.94357 46.07778 46.12712 46.16283 46.18485 46.21238 46.34529 46.36646 46.05685 45.62608 45.58462 45.55000 45.51112 45.33846 45.30128 45.14422 45.06646 45.02437 44.99231 44.94531 44.87906 44.71069 44.67734 44.63098 44.59400 44.43205 44.54957 44.64125 44.83718 44.81357 44.75906 44.97308 45.18677 45.27135 45.30642 45.31263 45.21817 45.23814 45.33632 45.39422 45.45385 45.50288 45.47009 45.43888 45.37072 45.11880 45.08003 45.05834 44.96794 44.79402 44.74168 44.29489 44.23965 44.21688 44.18332 44.12951 43.99872 43.94766 43.66305 43.72178 43.75643 43.89146 44.13440 44.14018 44.65000 44.78546 44.87414 45.25598 45.28975 45.55725 45.52949 45.55983 45.59082 45.64849 45.73503 45.84702 45.90898 46.02115 46.22329 46.26797 46.32903 46.38548 46.44317 46.49998 46.45897 46.39829 46.13438 46.08398 45.94655 45.72094 45.58506 45.53505 45.39872 45.25683 45.22331 45.25128 45.35597 45.47268 45.51625 45.55855 45.62223 45.65595 45.70940 45.78332 45.89274 45.98034 46.08075 46.10555 46.05042 46.00555 45.85129 45.81966 45.71495 45.65668 45.56711 45.61474 45.66988 45.60228 45.50469 45.44998 45.38568 45.41880 45.61143 45.66923 45.62617 45.51966 45.48548 45.46455 45.42180 45.37885 45.33374 45.06580 44.92563 44.89562 44.79658 44.74488 44.56411 44.15768 44.04680 43.97949 43.99315 43.82198 43.69957 43.57649 43.46432 43.36303 43.25512 43.12178 43.05511 42.94702 42.86582 42.69700 42.65215 42.51068 42.47991 42.29680 42.20022 42.16431 42.16165 42.13420 42.08205 42.05597 42.00214 41.93055 41.90172 41.91409 41.93995 42.12011 42.36023 42.49658 42.67905 42.73503 42.95334 43.10566 43.16666 43.24869 43.32669 43.42008 43.55428 43.59648 43.63886 43.71451 43.83205 43.89315 43.99809 44.11494 44.18974 44.26197 44.30534 44.43420 44.53097 44.58909 44.66497 44.69015 44.73248 44.78825 45.04615 45.17029 45.26238 45.63995 45.66411 45.99703 46.06263 46.20278 46.39658 46.65320 46.65160 46.79188 46.82094 46.87734 46.98034 47.21026 47.24915 47.33931 47.51411 47.58675 47.62534 47.68442 47.73911 47.78718 47.87352 47.94294 47.97478 48.07522 48.11495 48.15126 48.38762 48.45295 48.51368 48.93932 49.04532 49.17009 48.95385 48.65471 48.46817 48.47200 48.49571 48.52840 48.78911 48.82885 48.90320 48.87865 48.83205 48.80128 48.73248 48.68303 48.72137 48.85106 48.90340 48.94189 49.04317 49.11880 49.16262 49.25942 49.55812 49.66174 49.69746 49.75940 49.99231 50.04531 50.10088 50.44614 50.51537 50.63974 50.74912 50.79445 51.09018 51.17222 51.16195 51.18972 51.36411 51.40640 51.43952 51.49872 51.54628 51.51388 51.43762 51.37349 51.31495 51.22948 51.18420 51.13943 51.16731 51.32563 51.36902 51.41282 51.44615 51.52178 51.55086 51.55494 51.52071 51.43418 51.37714 51.34380 51.27306 51.03248 50.98398 51.10577 51.19745 51.45043 51.49360 51.53332 51.56109 51.55985 51.44978 51.41794 51.27863 51.12137 50.97191 51.02863 51.11323 51.17094 51.23548 51.27949 51.47908 51.84606 51.79806 51.73122 51.68418 51.60040 51.50471 51.51154 51.36625 50.89914 50.80683 50.76066 50.70877 50.64138 50.49937 50.46538 50.47649 50.50225 50.56238 50.60642 50.64700 50.72842 50.64355 50.45598 50.36109 50.36580 50.41945 50.32072 50.08848 49.95771 49.72865 49.45298 49.24958 48.95855 48.88120 48.82969 48.61400 48.57692 48.54125 48.53291 48.52435 48.53802 48.66795 48.73929 48.87031 48.88803 48.91878 48.99743 49.05769 49.11280 49.18589 49.25598 49.45886 49.47243 49.67905 49.76517 50.19146 50.40000 50.44998 50.50205 50.53803 50.52734 50.50897 50.47671 50.41197 50.13911 50.09660 49.97991 49.94745 49.89058 49.82266 49.77457 49.74338 49.79732 50.09829 50.47115 50.77628 50.82114 50.86849 50.82189 50.42520 50.36878 50.25128 50.21882 50.15426 50.05512 49.98888 49.96152 49.91732 49.87391 49.59700 49.54360 49.40383 49.36409 49.32169 49.30106 49.26625 49.12049 49.08462 49.02435 48.94574 48.91195 48.78334 48.57778 48.43931 48.24315 48.17180 48.12822 48.06708 47.95511 47.73548 47.51537 47.33075 46.94295 46.87480 46.78505 46.57969 46.45028 46.45028" yc="153.99397 154.08211 154.11660 154.12611 154.13169 154.13091 154.12134 154.10391 154.09043 154.01820 153.98369 153.89894 153.81743 153.79443 153.79280 153.80791 153.82614 153.85231 153.89283 153.92374 153.91794 153.82931 153.61429 153.76186 153.79443 153.82774 153.84437 153.86740 153.87057 153.84760 153.78051 153.75789 153.74997 153.74954 153.75869 153.74360 153.74040 153.72611 153.70631 153.50074 153.35171 153.36860 153.32771 153.25651 153.21326 153.15389 153.12380 153.13329 153.13369 153.02751 152.89166 152.82634 152.76029 152.72774 152.69123 152.62040 152.58963 152.59203 152.61346 152.75551 152.81600 152.86937 152.97137 153.12337 153.14283 153.15671 153.12160 153.04597 153.00709 153.00231 153.01026 153.00194 152.82220 152.71506 152.70469 152.67457 152.55374 152.47534 152.22937 152.18409 152.17220 152.23886 152.24757 152.39597 152.46106 152.55989 152.55594 152.53134 152.45314 152.33886 152.25551 152.15514 152.05157 152.04286 152.03806 152.04363 152.04440 152.01823 151.98723 151.97531 151.95194 151.95749 152.06029 152.22617 152.25751 152.23569 152.08806 151.91503 151.83886 151.80786 151.70789 151.67771 151.72774 151.77297 151.80074 151.80951 151.81663 151.81643 151.65314 151.50234 151.30634 151.24280 151.14914 151.10394 151.07931 151.07614 151.06743 151.11463 151.28326 151.46349 151.51346 151.56246 151.52854 151.47891 151.29560 151.28489 151.01106 150.85394 150.78331 150.69123 150.67691 150.67297 150.69357 150.71026 150.71826 150.73094 150.69597 150.60811 150.54200 150.53723 150.54200 150.59997 150.64640 150.70949 150.80709 151.07137 151.14914 151.17060 151.22100 151.32457 151.49914 151.63011 151.65631 151.66900 151.67694 151.66823 151.66426 151.62140 151.60789 151.50949 151.38686 151.27040 151.19480 151.13329 151.04120 151.00949 150.96186 150.91206 150.82257 150.74680 150.63449 150.47057 150.29917 150.22140 150.14043 150.12060 150.04574 149.93746 149.86266 149.59600 149.49083 149.42777 149.39400 149.43206 149.44837 149.43251 149.38014 149.33014 149.37911 149.47140 149.50949 149.52300 149.50591 149.38406 149.24046 149.12494 149.06900 149.06029 149.14120 149.16466 149.14760 149.10549 149.01266 148.57694 148.52137 148.24206 148.19477 148.15711 148.09997 147.87297 147.81006 147.51149 147.47534 147.44360 147.40871 146.96977 146.86506 146.69600 146.71583 146.73169 146.77491 146.80629 146.80349 146.76897 146.66820 146.57060 146.54043 146.49757 146.48646 146.49123 146.53806 146.56900 146.60946 146.91186 147.03011 147.22497 147.34837 147.57300 147.76503 147.83249 147.90631 147.96860 148.27697 148.29520 148.24797 148.17771 148.12774 148.09920 147.99877 147.78803 147.73809 147.60829 147.56546 147.55037 147.53569 147.54760 147.57380 147.60391 147.55471 147.50311 147.48486 147.47057 147.46186 147.46426 147.47929 147.61029 147.64440 147.71506 147.85471 147.93091 148.07934 148.07143 147.97774 147.98171 148.02060 148.03686 148.06983 148.19674 148.35094 148.38209 148.37774 148.36266 148.33566 148.28571 148.28291 148.31880 148.36106 148.44997 148.45431 148.43251 148.42297 148.47774 148.59043 148.64757 148.68211 148.66743 148.64560 148.61746 148.60791 148.65949 148.68211 148.72177 148.72217 148.77694 148.79283 148.82180 148.87814 148.95154 149.34203 149.36743 149.36903 149.42534 149.48766 149.49603 149.49520 149.48889 149.45866 149.45629 149.55234 149.78943 149.98449 150.09834 150.16977 150.30789 150.49834 150.61346 150.70551 150.51026 150.45074 150.41349 150.36023 150.30360 150.29083 150.30631 150.40157 150.48646 150.53803 150.56106 150.57694 150.65531 150.79997 150.93091 150.99677 151.08883 151.26143 151.33371 151.42614 151.46109 151.52060 151.56583 151.53883 151.42454 151.39283 151.35749 151.12037 151.02811 151.05829 151.13889 151.40946 151.48646 151.53649 151.57297 151.66523 151.71426 151.74440 151.80311 151.83569 151.86109 151.90074 151.94597 152.13049 152.20234 152.29914 152.33449 152.42060 152.43331 152.42380 152.44043 152.54280 152.55869 152.73491 152.76386 152.78409 152.83766 152.83409 152.80234 152.78251 152.73449 152.73011 152.75314 152.79914 152.96426 152.93011 153.02771 153.20706 153.24760 153.41880 153.54240 153.87534 153.88646 153.90114 153.89283 153.88249 153.87931 153.89954 153.93369 153.96703 153.98249 154.03409 154.03409 153.99837 153.97857 153.90431 153.85514 153.83646 153.76986 153.75869 153.74203 153.72534 153.72929 153.71900 153.69600 153.67854 153.64917 153.63434 153.61903 153.58889 153.57617 153.57300 153.56743 153.53646 153.78249 153.80554 153.82220 153.85194 153.99397 153.99397"/>
<polygon color="rgb(220,220,220)" opacity="100" xc="61.55554 61.64872 61.66368 61.68782 61.67008 61.62865 61.58163 61.55085 61.22135 61.16838 61.11729 61.10160 61.13075 61.15340 61.20343 61.29443 61.44915 61.52649 61.55554 61.55554" yc="154.25231 154.30160 154.31583 154.38449 154.42140 154.44994 154.47057 154.47620 154.45074 154.43960 154.40274 154.36146 154.32774 154.31426 154.29840 154.28969 154.26423 154.24283 154.25231 154.25231"/>
<polygon color="rgb(220,220,220)" opacity="100" xc="47.81752 48.03505 48.49403 48.62649 48.97180 49.00768 49.03975 49.50298 49.59442 49.64914 49.66580 49.73334 49.76452 49.78718 49.78803 49.78120 49.77222 49.76368 49.70642 49.68675 49.63506 49.60254 49.52908 49.23932 49.16923 48.96794 48.87649 48.83846 48.80642 48.68334 48.57651 48.47392 48.41154 48.34488 48.21240 47.99743 47.78760 47.66112 47.54958 47.34786 47.25769 47.06751 47.03675 47.02009 47.03120 47.10469 47.13291 47.47563 47.53205 47.75128 47.81752 47.81752" yc="153.73169 153.75314 153.82140 153.84360 153.91663 153.92457 153.93883 154.19600 154.25231 154.29760 154.31349 154.38726 154.42774 154.46823 154.50157 154.53486 154.56503 154.57140 154.60391 154.61106 154.62137 154.62454 154.62694 154.59834 154.58806 154.54994 154.52380 154.51029 154.49680 154.44994 154.41106 154.38329 154.37774 154.37534 154.37534 154.33729 154.28171 154.22771 154.14917 154.11503 154.10549 154.04363 154.02734 153.99877 153.97617 153.91183 153.89834 153.76589 153.75549 153.72929 153.73169 153.73169"/>
<polygon color="rgb(220,220,220)" opacity="100" xc="57.47991 57.23632 56.95469 56.87865 56.54788 56.41923 56.25897 56.13074 56.02520 55.93675 55.86069 55.79872 55.75512 55.75638 55.52606 55.45854 55.39615 55.24143 55.11111 55.05000 54.77051 54.73152 54.67648 54.43332 54.23515 54.15875 54.07649 53.98931 53.78334 53.56389 53.50171 53.46882 53.38717 53.34765 53.34037 53.36806 53.44145 53.62285 53.66851 53.72818 53.77608 53.82351 53.88371 53.83758 53.78975 53.73717 53.67383 53.71943 54.03889 54.13122 54.19531 54.25728 54.34402 54.39423 54.43291 54.39508 54.12245 54.08377 54.01451 53.91282 53.80897 53.72862 53.68160 53.61014 53.48165 53.42306 53.38503 53.18717 53.15255 52.84251 52.80386 52.80602 52.83683 52.90375 52.81789 52.76880 52.79572 52.84060 52.88675 52.90212 52.84808 52.92223 52.96151 52.95000 52.79489 52.83758 52.85255 52.84018 52.80985 52.81485 52.92863 52.95982 53.02478 53.07820 53.12757 53.29229 53.36220 53.31988 53.35577 53.41066 53.49786 53.53802 53.64103 53.58291 53.55174 53.52040 53.52435 53.59231 53.64529 53.80386 53.90555 54.09358 54.14445 54.22072 54.04914 54.00002 53.95428 53.87435 53.78548 53.53291 53.52223 53.57565 53.59828 53.65857 53.99658 54.11451 54.18417 54.24018 54.69274 54.74145 54.82629 55.08966 55.27288 55.33889 55.29105 55.24402 55.17575 55.08903 55.10834 55.17612 55.25192 55.30246 55.31689 55.32542 55.36280 55.50877 55.65598 55.70106 55.75703 55.86412 55.89785 55.94358 56.20685 56.15555 56.04828 56.01582 55.87608 55.74828 55.70171 55.66131 55.69486 55.63163 55.55897 55.39508 55.23312 55.13803 55.02094 54.97818 54.90117 54.87137 54.88505 54.91262 54.99317 55.11305 55.18078 55.23205 55.32523 55.48805 55.74700 55.80598 55.87694 56.03077 56.28889 56.32008 56.37245 56.40342 56.54018 56.80385 57.07946 57.31497 57.65428 57.79829 57.85640 57.94572 57.97778 58.03889 58.10428 58.20554 58.26540 58.31409 58.35985 58.69272 58.74766 58.76303 58.81409 59.00843 59.12391 59.43420 59.60363 59.63292 59.71325 59.72928 59.76582 59.86282 60.11337 60.23118 60.42352 60.64403 60.80812 60.98462 61.10897 61.14165 61.17522 61.23451 61.19231 61.02531 60.99777 60.91283 60.85943 60.56452 60.52306 60.40685 59.91388 59.85000 59.78462 59.18717 59.12177 58.71026 58.65045 58.57608 58.29637 58.27786 57.97389 58.02072 58.04123 58.02137 57.99358 57.94702 57.90342 57.47991 57.47991" yc="154.58011 154.64283 154.70237 154.71426 154.75711 154.77137 154.77774 154.78011 154.77377 154.76500 154.74914 154.72617 154.67297 154.56269 154.67063 154.68254 154.68171 154.67537 154.66743 154.66186 154.62969 154.58409 154.55554 154.54363 154.54420 154.48689 154.45391 154.42140 154.36109 154.31109 154.32694 154.31506 154.23091 154.14637 154.04163 153.95986 153.89360 153.78174 153.82297 153.86423 153.87300 153.86860 153.82666 153.80711 153.79840 153.77934 153.72929 153.65234 153.39914 153.37377 153.37137 153.37531 153.36186 153.33806 153.29403 153.28291 153.26626 153.26900 153.28331 153.31186 153.34754 153.38091 153.40551 153.45274 153.57774 153.61900 153.63171 153.63649 153.63171 153.52574 153.47891 153.32874 153.23391 153.17423 153.09083 153.01103 152.70631 152.60711 152.46029 152.40789 152.36586 152.23974 151.90000 151.79360 151.64520 151.48569 151.17934 151.07691 150.99083 150.88686 150.56820 150.54280 150.51920 150.53486 150.52654 150.40157 150.29637 150.25751 150.12257 150.10154 150.09046 150.06980 149.88649 149.38094 149.27214 149.15769 149.09717 148.96426 148.96029 148.98569 149.01503 149.02457 149.02614 149.01186 148.98726 148.98411 148.98171 148.96980 148.94674 148.86029 148.54757 148.47697 148.47057 148.47457 148.54043 148.56423 148.58889 148.60397 148.63803 148.63649 148.62500 148.55520 148.50629 148.56977 148.67217 148.67934 148.66386 148.68163 148.73369 148.73406 148.75511 148.82140 148.91480 148.97103 149.03966 149.24957 149.44160 149.48649 149.50989 149.51743 149.52457 149.54163 149.86820 150.06266 150.20237 150.23251 150.34440 150.35431 150.37654 150.42180 150.57774 150.62060 150.58489 150.58291 150.61940 150.65551 150.67137 150.64677 150.62000 150.67137 150.73409 150.76186 150.78291 150.76703 150.75631 150.75474 150.76111 150.78331 150.80391 150.80314 150.79917 150.79440 150.83489 150.84040 150.85749 150.87929 150.82771 150.76983 150.71506 150.68563 150.63009 150.60154 150.59203 150.58411 150.58569 150.59283 150.60869 150.64440 150.66977 150.69440 150.72140 150.98886 151.06880 151.12737 151.18011 151.46920 151.60946 152.00234 152.19006 152.22851 152.40077 152.42414 152.46029 152.52617 152.82591 152.97220 153.09443 153.30789 153.49043 153.71660 153.82414 153.84046 153.87731 153.99420 154.02457 154.06840 154.03960 154.04200 154.05631 154.13806 154.15391 154.19523 154.30040 154.30951 154.31426 154.35551 154.35949 154.33963 154.33411 154.32220 154.23706 154.15626 154.12989 154.20671 154.24994 154.30354 154.33729 154.37534 154.39874 154.58011 154.58011"/>
<polygon color="rgb(220,220,220)" opacity="100" xc="48.21965 48.35598 48.42306 48.44102 48.42820 48.40726 48.34828 48.32949 48.28208 48.26028 48.12563 48.07308 47.90802 47.95125 47.98418 48.08162 48.21965 48.21965" yc="155.14120 155.15629 155.17294 155.18926 155.21346 155.22534 155.24283 155.25311 155.26269 155.26423 155.24760 155.24043 155.16483 155.14043 155.13809 155.13726 155.14120 155.14120"/>
<polygon color="rgb(220,220,220)" opacity="100" xc="15.15386 15.05045 14.64358 14.29871 13.99017 13.87575 13.83588 13.75728 13.71709 13.63674 13.45597 13.36797 13.04828 12.97822 12.90726 12.84317 12.72306 12.66668 12.40215 12.20600 12.12523 11.78845 11.63377 11.24617 10.73460 10.45257 10.12480 9.88546 9.78717 9.72778 9.45085 9.39189 9.06366 8.60812 8.15812 8.06835 8.03408 8.17394 8.21411 8.29358 8.56283 8.57435 8.59745 8.66369 8.89615 8.92522 8.97991 9.02435 9.11368 9.20000 9.26066 9.29486 9.32862 9.47222 9.53120 9.57735 9.48632 9.44402 9.31455 9.12608 9.11517 9.16860 9.12306 8.98377 8.95151 8.89423 8.84272 8.77009 8.60682 8.55672 8.44914 8.35577 8.31880 8.13289 8.01560 7.90326 7.95577 8.04657 8.10994 8.27478 8.46902 8.48783 8.30918 8.25128 8.18654 8.11155 8.05083 7.99702 7.86729 7.75512 7.65214 7.73548 7.78377 7.69231 7.64914 7.47777 7.42778 7.30335 7.24957 7.02394 6.97265 6.90085 6.80938 6.59317 6.56325 6.58857 6.58269 6.55791 6.52349 6.48718 6.44617 6.38503 6.33763 6.30683 6.18191 6.25257 6.45940 6.52092 6.58206 6.63631 6.72822 6.78291 6.95640 7.05171 7.15043 7.33418 7.65725 7.71112 7.77955 7.73097 7.61840 7.31465 7.44615 7.57392 7.89745 7.95085 8.15340 8.18635 8.22649 8.29272 8.52608 8.63886 9.02008 9.05940 9.12222 9.20212 9.26795 9.30942 9.39509 9.47094 9.73420 9.79358 9.89698 9.97862 10.05169 10.07906 10.10771 10.16111 10.19957 10.28158 10.31837 10.37008 10.42565 10.51880 10.57523 10.63762 11.00086 11.08291 11.11454 11.16538 11.22008 11.26411 11.30148 11.37245 11.52989 11.64571 11.76112 11.84871 11.91622 11.98374 12.08589 12.12052 12.19228 12.36109 12.45854 12.54443 12.58354 12.65171 12.69274 12.76368 12.81752 12.87648 12.92863 12.96965 13.01208 13.02031 12.93805 13.17115 13.23931 13.33462 13.64103 13.96625 14.03506 14.14231 14.18417 14.40554 14.45897 14.54872 14.62052 14.65685 14.71368 14.80183 14.76260 14.73538 14.74015 14.79369 14.71452 14.69058 14.69755 14.74105 14.79442 14.86388 14.91497 15.08591 15.11411 15.16134 15.08343 15.03328 14.98535 15.00598 15.12820 15.17694 15.18042 15.42692 15.63417 15.69017 15.75298 15.87994 15.91154 15.95898 16.12992 16.26282 16.30086 16.45140 16.41635 16.44168 16.67202 16.71152 16.74702 17.26368 17.30297 17.37135 17.44915 17.56111 17.62755 17.70662 17.76058 17.86154 17.89831 17.97778 18.04058 18.12606 18.28418 18.43675 18.49998 18.57692 18.62775 18.71282 18.91069 19.28291 19.34400 19.39402 19.73977 19.95938 20.07995 20.29318 20.47225 20.82649 20.88460 20.96538 21.02222 21.12692 21.75045 21.79272 22.00088 22.37629 22.58611 22.56623 22.54017 22.51240 22.45811 22.14788 21.81925 21.70086 21.67011 21.57480 21.52989 21.45257 21.21838 21.07863 21.04423 21.01068 20.85985 20.72606 20.58077 20.40643 20.33077 20.26411 19.75811 19.55471 19.42138 19.33782 19.21152 19.03334 18.58675 18.50212 18.41325 18.30471 18.27308 18.18462 17.68332 17.52734 17.42478 17.35385 17.16325 17.10322 17.12737 17.16540 17.20748 17.24285 17.22437 16.96569 16.66538 16.63506 16.69272 16.73888 16.77712 16.80640 16.81858 16.77691 16.74103 16.70277 16.65383 16.52734 16.21923 16.15802 15.92265 15.78803 15.79772 15.73291 15.65043 15.64358 15.69425 15.81068 15.85128 15.88846 15.92991 15.98591 15.80768 15.69958 15.60769 15.15386 15.15386" yc="155.06426 155.09280 155.22854 155.35314 155.47220 155.55509 155.62851 155.67614 155.69597 155.73411 155.78806 155.80474 155.85391 155.86026 155.85866 155.85314 155.83806 155.82771 155.76666 155.70866 155.69123 155.63171 155.61429 155.58249 155.55629 155.55154 155.50946 155.49757 155.48963 155.48091 155.42694 155.41823 155.40789 155.34040 155.27774 155.26503 155.23251 155.05077 155.04203 155.04960 154.66980 154.59917 154.44674 154.32694 153.92214 153.89914 153.86903 153.85237 153.82931 153.82377 153.83091 153.83249 153.83014 153.78054 153.70551 153.61269 153.42934 153.41660 153.37614 153.28926 153.20071 153.09877 152.98886 152.81977 152.80751 152.80711 152.81029 152.80037 152.66900 152.62180 152.36111 152.15354 152.09400 151.85551 151.81943 151.65274 151.56623 151.48966 151.45077 151.43254 151.35549 151.21660 151.13889 151.12217 151.10911 151.11029 151.11663 151.10714 151.07177 151.01820 150.91740 150.73094 150.57854 150.30071 150.18877 150.06897 150.03886 149.98623 149.96540 149.73246 149.57451 149.40309 149.27849 149.02137 148.88129 148.83726 148.74637 148.65271 148.57457 148.52654 148.50154 148.47774 148.46663 148.46426 148.49191 148.45314 148.43489 148.43091 148.43489 148.44283 148.46743 148.47537 148.49360 148.49751 148.49911 148.50151 148.49289 148.48489 148.43260 148.40509 148.44437 148.42291 148.35623 148.31186 148.14440 148.11663 148.01820 148.00231 147.98646 147.96583 147.90397 147.87060 147.75551 147.74283 147.71980 147.67851 147.62931 147.59520 147.50949 147.38094 147.14520 147.06426 146.87457 146.71189 146.53011 146.45077 146.39120 146.30791 146.25394 146.16743 146.13171 146.08486 146.04043 145.97931 145.95394 145.94163 145.94760 145.95471 145.96466 146.00311 146.06977 146.12377 146.16069 146.21166 146.27931 146.32617 146.36506 146.38963 146.40709 146.42377 146.45949 146.47774 146.53409 146.69360 146.79597 146.88489 146.92140 146.98011 147.00511 147.03091 147.03649 147.03011 147.01983 147.00474 146.96500 146.90234 146.85929 146.79677 146.80074 146.81980 146.88406 146.95866 146.97531 147.00709 147.02063 147.10154 147.12454 147.19046 147.26900 147.33009 147.46263 147.68843 147.77617 147.83529 147.91506 148.24580 148.31463 148.35711 148.42357 148.48409 148.51903 148.55709 148.60871 148.79523 148.84126 148.99086 149.14886 149.18186 149.25329 149.31586 149.34086 149.33131 149.26583 149.20314 149.19917 149.20394 149.22534 149.31266 149.33489 149.36663 149.44520 149.48491 149.50154 149.59994 149.67117 149.80669 150.35074 150.37851 150.39840 150.66026 150.67691 150.69597 150.70866 150.71506 150.72457 150.75871 150.83269 150.90791 150.92697 150.96031 150.98411 151.01343 151.05949 151.10949 151.13251 151.16820 151.19994 151.25311 151.36506 151.53251 151.55709 151.56743 151.66269 151.73411 151.78569 151.90871 152.01106 152.16029 152.17617 152.18729 152.19203 152.20869 152.38409 152.39994 152.48249 152.64240 152.79163 152.89046 152.94840 152.98806 153.05237 153.29200 153.42377 153.48171 153.50394 153.58729 153.63806 153.69357 153.82377 153.89043 153.90311 153.92454 154.03886 154.14200 154.25949 154.39917 154.45631 154.49283 154.76500 154.85631 154.90949 154.93766 154.96740 154.98566 155.03489 155.05471 155.07220 155.07537 155.07377 155.06349 154.97137 154.93806 154.91423 154.89363 154.82374 154.78169 154.71823 154.68966 154.67180 154.62791 154.55197 154.29163 154.24914 154.25986 154.45471 154.48017 154.48929 154.52537 154.59717 154.75831 154.84954 154.88686 154.90277 154.90949 154.91860 154.89857 154.62454 154.45151 154.38029 154.37734 154.45471 154.51246 154.60829 154.69920 154.72854 154.75949 154.82100 154.95234 154.95391 154.95549 154.96226 155.06426 155.06426"/>
<polygon color="rgb(220,220,220)" opacity="100" xc="49.76494 49.83632 50.17306 50.19062 50.30771 50.37008 50.36238 50.32095 50.21882 50.20298 50.16965 50.14315 50.11880 50.08334 50.04615 49.97905 49.95042 49.81837 49.60940 49.59209 49.56709 49.55235 49.57351 49.67863 49.70471 49.72991 49.76494 49.76494" yc="155.58809 155.60551 155.73251 155.74760 155.86109 155.96346 155.98846 156.01503 156.06106 156.06503 156.07534 156.08089 156.08409 156.07451 156.06026 156.03249 156.01820 155.86343 155.75871 155.74363 155.70631 155.66543 155.64680 155.59203 155.58646 155.58569 155.58809 155.58809"/>
<polygon color="rgb(220,220,220)" opacity="100" xc="53.36752 53.40086 53.42905 53.44743 53.46346 53.46452 53.44572 53.39700 53.35726 53.33163 53.22522 53.16754 53.08078 53.05000 52.87908 52.88591 52.86452 52.84018 52.79617 52.52051 52.54615 52.60086 52.74360 52.77266 52.82820 52.91837 53.04188 53.10683 53.14017 53.30257 53.33632 53.36752 53.36752" yc="155.70789 155.71826 155.73017 155.74443 155.76820 155.80274 155.83011 155.88646 155.92537 155.94520 156.00949 156.03966 156.07769 156.08649 156.11663 156.11903 156.12377 156.12060 156.09997 155.93134 155.89677 155.86980 155.81106 155.79917 155.78174 155.75871 155.72854 155.71429 155.71029 155.70391 155.70314 155.70789 155.70789"/>
<polygon color="rgb(220,220,220)" opacity="100" xc="40.12691 40.16923 40.28034 40.30857 40.36323 40.41492 40.60171 40.63546 40.39743 40.29146 40.23377 40.09957 40.07222 40.04443 39.82435 39.76649 39.71966 39.49231 39.41880 39.34146 39.23505 38.95705 38.90642 38.81751 38.85428 38.77457 38.73845 38.68120 38.69657 38.98120 39.29315 39.59826 39.64743 40.12691 40.12691" yc="157.29994 157.30949 157.35000 157.36423 157.39680 157.42854 157.56903 157.61723 157.96029 158.13886 158.18569 158.27140 158.28571 158.29837 158.37220 158.38443 158.38723 158.38014 158.36583 158.34520 158.30391 158.11349 158.06349 157.94840 157.84597 157.69163 157.65077 157.61343 157.45471 157.32140 157.22534 157.19523 157.19443 157.29994 157.29994"/>
<polygon color="rgb(220,220,220)" opacity="100" xc="45.88886 45.85386 45.83931 45.81882 45.79231 45.72863 45.54700 45.36751 45.23289 45.19958 45.16665 45.14486 45.10685 45.07306 44.85728 44.57565 44.55942 44.57949 44.62392 44.69186 44.75597 44.79145 44.82263 45.00040 45.34188 45.59488 45.63205 45.66195 45.68718 45.70214 45.68718 45.66495 45.59829 45.52822 45.48931 45.45000 45.42222 45.41582 45.45511 45.56411 45.79489 45.88248 45.91154 45.88886 45.88886" yc="158.86109 158.89517 158.90709 158.91977 158.92294 158.92294 158.92294 158.91183 158.88646 158.87454 158.84600 158.83331 158.82694 158.82537 158.81980 158.77297 158.75749 158.74280 158.72851 158.71346 158.70391 158.70234 158.70631 158.73723 158.79203 158.82934 158.83249 158.83091 158.82454 158.81266 158.79283 158.78014 158.75869 158.74677 158.73806 158.72617 158.71426 158.70234 158.70391 158.72454 158.76900 158.79997 158.82060 158.86109 158.86109"/>
<polygon color="rgb(220,220,220)" opacity="100" xc="54.82477 54.76280 54.66837 54.59828 54.52351 54.24402 53.98505 53.76325 53.71592 53.68589 53.65429 53.57137 53.51878 53.48549 53.43118 53.12308 52.68312 52.61452 52.56537 52.57040 52.62906 52.67905 52.73077 52.79269 52.66223 52.57083 52.50129 52.40555 52.35962 52.21155 52.16025 52.08866 52.05855 52.03528 52.07522 52.11369 52.17638 52.22266 52.25642 52.41880 52.45111 52.56220 52.47869 52.41466 52.30212 52.21240 52.23078 52.26666 52.34146 52.40857 52.43891 52.38762 52.18802 51.72523 51.60043 51.42862 51.37735 51.36069 51.39978 51.44658 51.49466 51.53717 51.57435 51.80512 51.80448 51.75769 51.71366 51.69252 51.72243 51.75769 51.78889 51.82265 51.89486 51.92651 51.98428 51.99552 52.08482 52.18674 52.21411 52.16195 52.10052 52.18888 52.29743 52.30385 52.37005 52.51666 52.65940 52.70642 52.76066 52.88334 53.00428 53.12478 53.10609 53.14229 53.17822 53.22563 53.39872 53.43631 53.68546 53.72480 53.80812 54.32651 54.39486 54.54231 54.59700 54.65983 54.78760 55.00000 55.32263 55.78249 55.81965 55.85897 56.05642 56.10683 56.16858 56.21294 56.29786 56.25515 56.17092 56.10897 56.16185 55.78078 55.63120 55.40045 55.36880 55.06882 55.00942 54.88162 54.82477 54.82477" yc="158.83091 158.85471 158.88091 158.88886 158.89280 158.92614 158.96386 158.91503 158.88169 158.85791 158.84360 158.81266 158.80711 158.81346 158.84757 158.76269 158.60194 158.54674 158.47991 158.41206 158.37100 158.35866 158.36463 158.32960 158.28663 158.31374 158.35394 158.38329 158.38923 158.35711 158.33643 158.29597 158.27297 158.23409 158.21426 158.21977 158.25214 158.28806 158.28883 158.28011 158.24980 158.20857 158.15629 158.14137 158.12300 158.04360 157.99126 157.99757 157.99677 157.99203 157.96960 157.95237 157.92140 157.76189 157.70034 157.43169 157.32374 157.10869 157.09637 157.10314 157.13409 157.15080 157.15554 157.15157 157.07771 157.06109 157.06820 156.92217 156.89280 156.87614 156.86743 156.86423 156.86820 156.87300 156.91643 157.00291 157.18769 157.21149 157.17694 157.11817 157.03369 156.86506 156.79120 156.77931 156.73249 156.64600 156.63889 156.63966 156.65711 156.59280 156.46031 156.46663 156.52774 156.56666 156.57537 156.58246 156.56900 156.55234 156.41183 156.26263 156.20869 156.08089 156.06743 156.06106 156.06660 156.07614 156.10077 156.13251 156.11663 156.10154 156.10551 156.11426 156.16977 156.19360 156.24240 156.31546 156.81031 157.04680 157.35000 157.64680 157.88091 158.18406 158.25154 158.38566 158.40629 158.65631 158.71346 158.79917 158.83091 158.83091"/>
<polygon color="rgb(220,220,220)" opacity="100" xc="52.44529 52.43054 52.40171 52.37266 52.26855 52.15086 52.12949 52.10257 51.93677 51.82394 51.79145 51.77349 51.72351 51.69785 51.66922 51.65471 51.65769 51.58634 51.58774 51.28162 50.93588 50.90212 50.86026 50.75852 50.68762 50.72178 50.87309 50.95985 50.98122 50.99831 51.02520 51.29486 51.52605 51.53545 51.51152 51.48120 51.46540 51.45705 51.50514 51.52937 51.62091 51.64435 51.66994 51.62898 51.61386 51.66006 51.69358 51.91538 51.94017 51.96880 52.04486 52.40812 52.44529 52.44529" yc="158.73489 158.76863 158.79283 158.81029 158.86526 158.86740 158.86817 158.87611 158.94280 158.99360 159.00234 159.00394 159.00314 158.99997 158.99129 158.95871 158.92457 158.85909 158.82909 158.72217 158.65474 158.64680 158.63329 158.59523 158.55629 158.44126 158.21737 158.15311 158.14520 158.14360 158.14994 158.25311 158.45157 158.48054 158.50869 158.52971 158.55629 158.58886 158.63663 158.66874 158.72689 158.72997 158.70803 158.67426 158.65711 158.64560 158.61826 158.46109 158.44757 158.44443 158.45154 158.68726 158.73489 158.73489"/>
<polygon color="rgb(220,220,220)" opacity="100" xc="51.41663 51.45600 51.47735 51.60129 51.60385 51.60640 51.58760 51.56240 51.52691 51.49955 51.47522 51.28632 51.26369 51.20940 51.23592 51.41663 51.41663" yc="159.24837 159.25311 159.26663 159.39837 159.43166 159.47931 159.49283 159.50631 159.50949 159.50397 159.49206 159.39440 159.36423 159.24757 159.23091 159.24837 159.24837"/>
<polygon color="rgb(220,220,220)" opacity="100" xc="41.02777 41.02928 40.98502 40.88163 40.67051 40.59531 40.55725 40.46325 40.39275 40.25383 40.21134 40.24358 40.26538 40.31711 40.44786 40.58977 40.62948 40.66666 40.70812 40.97180 41.00212 41.02777 41.02777" yc="159.63406 159.65909 159.66903 159.67297 159.66186 159.65311 159.64594 159.63329 159.63406 159.64757 159.63980 159.58643 159.57220 159.55074 159.52614 159.51743 159.51743 159.52140 159.52931 159.59757 159.61186 159.63406 159.63406"/>
<polygon color="rgb(220,220,220)" opacity="100" xc="11.78803 11.80575 11.78803 11.76452 11.72434 11.48075 11.41197 11.33334 11.25728 11.23988 11.28506 11.69445 11.74958 11.78803 11.78803" yc="159.61700 159.72220 159.74680 159.75551 159.75949 159.77851 159.77691 159.77060 159.74757 159.72751 159.69677 159.59834 159.59437 159.61700 159.61700"/>
<polygon color="rgb(220,220,220)" opacity="100" xc="13.70298 13.76542 13.79572 13.81749 13.85557 13.94145 13.96752 14.00254 14.02348 14.04551 14.04958 14.04958 14.03418 13.87692 13.84958 13.78377 13.77714 13.83034 13.84871 13.84488 13.81986 13.80085 13.77949 13.66623 13.43462 13.40449 13.42223 13.62605 13.67692 13.70298 13.70298" yc="159.21740 159.23646 159.25074 159.26980 159.30791 159.40157 159.43803 159.50234 159.55709 159.65231 159.75234 159.78486 159.81743 159.79837 159.78963 159.73411 159.70591 159.66346 159.62214 159.59040 159.48966 159.46106 159.45391 159.41663 159.34957 159.30237 159.27851 159.21663 159.21343 159.21740 159.21740"/>
<polygon color="rgb(220,220,220)" opacity="100" xc="54.76066 54.84018 54.88246 54.90728 54.93205 54.94168 54.91454 54.88888 54.81411 54.75342 54.73805 54.70214 54.68995 54.66623 54.64315 54.55642 54.30812 54.24957 54.13291 54.05300 54.03078 54.00726 53.99186 53.99380 54.00171 54.11965 54.13975 54.16111 54.18848 54.24702 54.27563 54.34446 54.41666 54.48803 54.76066 54.76066" yc="159.28809 159.29677 159.30634 159.31823 159.34086 159.37337 159.43726 159.47140 159.54917 159.60551 159.62454 159.82374 159.88171 159.91029 159.92691 159.96029 159.87300 159.86346 159.85869 159.84994 159.84437 159.83486 159.81106 159.77851 159.75074 159.41183 159.37854 159.35949 159.33886 159.30711 159.29677 159.27931 159.27457 159.27377 159.28809 159.28809"/>
<polygon color="rgb(220,220,220)" opacity="100" xc="41.32648 41.51494 41.74400 42.09828 42.13592 42.16878 42.23803 42.29358 42.31238 42.33418 42.35129 42.36923 42.38055 42.39872 42.41452 42.47051 42.54362 42.58591 42.62094 42.77478 42.85171 42.93120 43.04531 43.09446 43.09808 42.95597 42.82351 42.78249 42.74231 42.62865 42.40983 42.27265 42.15554 42.00597 41.55855 41.52006 41.48075 41.44703 41.41923 41.05938 40.95108 40.97095 41.04015 41.07523 41.22049 41.32648 41.32648" yc="159.26500 159.27774 159.29600 159.32774 159.33489 159.34440 159.37060 159.39837 159.41583 159.44677 159.48094 159.56346 159.58686 159.61266 159.62851 159.65946 159.68409 159.69443 159.69997 159.71349 159.72377 159.74757 159.78726 159.81263 159.85234 159.91823 159.97297 159.97057 159.95869 159.93486 159.89760 159.88011 159.86743 159.84754 159.74120 159.73171 159.71900 159.70394 159.68806 159.44357 159.32140 159.29677 159.27774 159.27057 159.26500 159.26500 159.26500"/>
<polygon color="rgb(220,220,220)" opacity="100" xc="42.58685 42.58205 42.56046 42.53332 42.52865 42.50652 42.47692 42.46109 42.41840 42.35683 42.25940 42.14189 42.06454 42.02865 41.98675 41.91282 41.75375 41.70814 41.66837 41.60683 41.56752 41.52863 41.45985 41.35385 41.32820 41.29743 41.26326 41.23589 41.19786 41.13286 41.09188 41.05385 41.01494 40.97565 40.93632 40.90298 40.83546 40.80814 40.77392 40.73462 40.68505 40.65471 40.61794 40.48037 40.44869 40.37178 40.35171 40.33034 40.30386 40.26837 40.15085 40.08891 40.04895 40.09829 40.11454 40.12917 40.15085 40.17220 40.28977 40.35214 40.42565 40.46197 40.52989 40.56194 40.59488 40.62651 40.73165 40.84103 40.87222 40.92863 40.95385 41.01623 41.09317 41.13075 41.20172 41.29698 41.40726 41.52265 41.63677 41.82863 41.86068 41.93888 41.97735 42.00728 42.20342 42.28120 42.43592 42.51411 42.54786 42.56965 42.58685 42.58685" yc="160.08389 160.15311 160.19283 160.21111 160.21663 160.22340 160.23886 160.24917 160.25551 160.25791 160.25551 160.24517 160.23491 160.22617 160.22137 160.20871 160.19223 160.18406 160.17217 160.14360 160.13409 160.12774 160.12457 160.12377 160.11903 160.10471 160.07143 160.05869 160.05471 160.05554 160.05314 160.04917 160.03969 160.02694 160.01743 160.00474 159.97377 159.95789 159.94280 159.93011 159.92934 159.93329 159.93486 159.92537 159.92140 159.90474 159.89440 159.87854 159.86820 159.85949 159.83963 159.83643 159.81817 159.78329 159.76897 159.74103 159.71031 159.70869 159.71266 159.70394 159.68331 159.67857 159.68171 159.68886 159.70154 159.70634 159.71109 159.71900 159.72377 159.72694 159.73171 159.73726 159.75154 159.75551 159.77217 159.78803 159.81660 159.83726 159.85151 159.88569 159.88966 159.90871 159.91503 159.92377 159.95869 159.97454 160.00077 160.01666 160.02934 160.04520 160.08389 160.08389"/>
<polygon color="rgb(220,220,220)" opacity="100" xc="17.97478 18.04869 18.05191 18.12009 18.24188 18.28632 18.31238 18.36583 18.43717 18.50554 18.53025 18.55217 18.71026 18.80683 18.85086 18.91623 18.95214 19.11837 19.24745 19.28055 19.24358 19.20085 19.04148 19.01366 18.98122 18.91237 18.88294 18.80172 18.63215 18.63483 18.61580 18.56368 18.52734 18.46455 18.40383 18.35169 18.32522 18.29998 18.26242 18.25469 18.22734 18.20258 18.16285 17.93803 17.89574 17.83931 17.59402 17.56708 17.50898 17.35855 17.29698 17.24786 16.99272 16.74786 16.63335 16.49955 16.34529 16.30598 16.29702 16.31495 16.33335 16.35771 16.39957 16.58075 16.62008 16.72180 16.79702 16.99529 17.03377 17.11432 17.18846 17.34998 17.37906 17.53118 17.56451 17.91582 17.97478 17.97478" yc="158.77857 158.83331 158.89269 158.95394 159.03966 159.06820 159.08169 159.10231 159.14117 159.22534 159.32694 159.37774 159.59994 159.71109 159.74517 159.76266 159.77457 159.94837 160.13409 160.24563 160.27140 160.28489 160.32694 160.33331 160.33643 160.33489 160.33011 160.31029 160.22080 160.18129 160.16423 160.13566 160.12297 160.11423 160.10946 160.09757 160.08409 160.06823 159.98406 159.95034 159.91823 159.90949 159.90709 159.90709 159.90397 159.88803 159.79597 159.78569 159.75869 159.66500 159.60849 159.55157 159.36740 159.20154 159.14994 159.07057 158.94597 158.90034 158.86623 158.84203 158.82614 158.81186 158.79840 158.75789 158.74994 158.76269 158.76503 158.75629 158.75074 158.71543 158.66503 158.58411 158.58014 158.56106 158.56977 158.73963 158.77857 158.77857"/>
<polygon color="rgb(220,220,220)" opacity="100" xc="78.57478 78.54831 78.47778 78.44571 78.41623 78.28932 78.24571 78.19786 78.18974 78.20109 78.22137 78.23886 78.33075 78.35426 78.46368 78.58206 78.67478 78.69915 78.72328 78.77138 78.76026 78.73589 78.62606 78.60897 78.57863 78.32820 78.28760 78.27395 78.25577 78.04188 77.88462 77.85083 77.58846 77.56923 77.30426 77.32308 77.34317 77.37563 77.50728 77.54146 77.75598 77.80897 77.83332 77.90555 77.93375 77.97008 78.04786 78.37735 78.41278 78.42820 78.39617 78.37308 78.35469 78.38632 78.58291 78.61880 78.64735 78.60897 78.59357 78.57478 78.57478" yc="159.64517 159.65154 159.66263 159.67063 159.68091 159.74360 159.76820 159.81623 159.85591 159.89006 159.91423 159.92934 159.98249 159.99520 160.04286 160.09126 160.12377 160.13566 160.15786 160.23766 160.26586 160.28094 160.33011 160.34203 160.34600 160.32971 160.28726 160.25311 160.22854 160.08014 160.01586 160.00554 159.85469 159.84357 159.65311 159.61266 159.60314 159.60154 159.60789 159.60391 159.45946 159.55789 159.57934 159.61980 159.63169 159.63883 159.64360 159.63646 159.63091 159.62137 159.59437 159.58091 159.55809 159.53409 159.53569 159.54203 159.56483 159.62057 159.63723 159.64517 159.64517"/>
<polygon color="rgb(220,220,220)" opacity="100" xc="54.08674 54.07009 53.85728 53.82606 53.79912 53.75300 53.72777 53.70085 53.65983 53.62435 53.68931 53.71325 53.75000 53.77094 53.80428 53.83589 53.95600 53.99143 54.01665 54.04574 54.10597 54.08674 54.08674" yc="160.34917 160.39043 160.31263 160.30234 160.29917 160.30234 160.30949 160.32457 160.33883 160.32554 160.22220 160.19443 160.16026 160.14517 160.13646 160.13566 160.14594 160.15391 160.16580 160.19680 160.27614 160.34917 160.34917"/>
<polygon color="rgb(220,220,220)" opacity="100" xc="42.24529 42.21795 42.14829 42.10834 42.08803 42.07351 42.05022 41.95855 41.89914 41.82006 41.74658 41.44617 41.36923 41.33634 41.02009 40.62392 40.22865 40.12606 40.06625 39.88505 39.77222 39.73502 39.61965 39.58077 39.54148 39.51411 39.30126 39.28632 39.26069 39.37178 39.39829 39.79872 39.86600 39.90685 40.02566 40.17137 40.19403 40.11709 40.04188 40.05812 40.13165 40.20557 40.27691 40.49232 40.97734 41.01197 41.64060 41.75728 41.83632 41.87606 41.94360 42.04403 42.07608 42.09826 42.18374 42.26122 42.24529 42.24529" yc="160.65551 160.67374 160.70151 160.72774 160.77140 160.82217 160.84363 160.87377 160.89040 160.89200 160.88886 160.87531 160.87057 160.86583 160.79997 160.75791 160.71429 160.68566 160.66586 160.63489 160.63646 160.64043 160.62457 160.61740 160.60711 160.59440 160.46980 160.45391 160.39717 160.23491 160.22377 160.16103 160.16960 160.17769 160.16343 160.14206 160.13051 160.11663 160.11346 160.09917 160.09046 160.08806 160.08963 160.09757 160.10234 160.10471 160.20237 160.22534 160.24440 160.25631 160.28171 160.32614 160.34280 160.35869 160.43566 160.61683 160.65551 160.65551"/>
<polygon color="rgb(220,220,220)" opacity="100" xc="70.82649 70.91068 70.89486 70.80471 70.78078 70.74828 70.61922 70.57223 70.55469 70.57865 70.60088 70.75512 70.79060 70.82649 70.82649" yc="161.21823 161.32857 161.34126 161.40311 161.41423 161.42294 161.44760 161.45714 161.44917 161.28883 161.26980 161.21660 161.20946 161.21823 161.21823"/>
<polygon color="rgb(220,220,220)" opacity="100" xc="39.91860 39.95726 40.06368 40.09489 40.11369 40.11582 40.09274 40.05642 39.95214 39.91795 39.79358 39.66669 39.58846 39.51537 39.45855 39.42437 39.37435 39.31497 39.17435 39.13377 39.01965 38.98098 39.13248 39.19572 39.23463 39.26037 39.30940 39.33249 39.39829 39.49403 39.47180 39.44275 39.42182 39.40043 39.37775 39.39058 39.41709 39.48460 39.82822 39.90471 40.23332 40.38162 40.46068 40.68548 40.95685 41.10557 41.22349 41.27308 41.38717 41.47308 41.49275 41.51517 41.53160 41.52135 41.48205 41.44957 41.16152 41.04442 40.94698 40.91623 40.66109 40.63088 40.63846 40.32689 40.30128 40.26708 40.21625 40.20108 40.20365 40.18634 39.94785 39.91860 39.91860" yc="161.61700 161.65474 161.71186 161.74437 161.77691 161.81666 161.84206 161.85711 161.89043 161.89917 161.91266 161.90949 161.90631 161.89680 161.88646 161.87377 161.84440 161.81663 161.76343 161.75074 161.72377 161.56780 161.37774 161.37300 161.37454 161.39677 161.40311 161.38566 161.31743 161.03129 161.01189 161.00629 160.99523 160.97931 160.95551 160.93649 160.92377 160.91029 160.90394 160.90711 160.88646 160.86740 160.86900 160.88646 160.93014 160.96266 161.01346 161.03646 161.09920 161.16106 161.17854 161.20194 161.23606 161.27057 161.29677 161.30791 161.38726 161.41423 161.40629 161.41346 161.48886 161.51226 161.55669 161.77294 161.77691 161.76663 161.73489 161.71386 161.66309 161.63889 161.59917 161.61700 161.61700"/>
<polygon color="rgb(220,220,220)" opacity="100" xc="48.59849 48.55386 48.49188 48.45426 48.13460 48.10214 47.96708 47.91646 47.97822 48.08546 48.19317 48.27223 48.31646 48.38931 48.47840 48.43908 48.40169 48.35942 48.32435 48.29060 48.13120 47.90642 47.73589 47.69360 47.65043 47.62363 47.76325 47.84828 47.90663 47.92008 47.87268 47.82138 47.77351 47.76112 47.71154 47.48814 47.51666 47.57185 47.53848 47.50260 47.44057 47.40855 47.29625 47.12778 46.80171 46.63934 46.56325 46.50685 46.45609 46.40342 46.33075 46.29058 46.18203 46.07349 45.85855 45.82051 45.66323 45.59402 45.56334 45.44829 45.14915 45.04612 45.01968 44.91497 44.87734 44.78035 44.70855 44.67265 44.64455 44.68846 45.08548 45.11754 45.30257 45.41326 45.57777 45.61451 45.65595 45.68974 45.72735 46.09446 46.38974 46.35385 46.31454 45.98291 45.87266 45.73972 45.59017 45.51283 45.47992 45.43845 45.37018 45.38675 45.42734 45.47865 45.80682 45.84400 45.87949 45.92265 46.23249 46.28334 46.34702 46.58931 46.62606 46.66452 46.84786 46.92478 47.00728 47.04028 46.93440 46.83675 46.75514 46.69103 46.64488 46.56795 46.35642 46.12115 46.04360 45.99402 45.96154 45.91878 45.93503 46.02703 46.30982 46.36711 46.44443 46.48418 46.68034 46.93162 47.00229 46.94829 46.90982 46.78803 46.64872 46.57969 46.53291 46.32563 46.18078 46.08117 45.95128 45.67289 45.47694 45.18418 45.06068 44.99829 44.94911 44.82180 44.73974 44.64445 44.60852 44.47094 44.51815 44.40471 44.29828 44.25512 44.18438 44.15855 44.12949 43.98206 43.94657 43.91282 43.58291 43.41026 43.37182 43.28889 43.25257 43.04826 43.00152 43.03162 43.07523 42.98314 42.95042 42.87135 42.82649 42.86046 42.90086 42.99703 43.42351 43.46195 43.54017 43.85085 43.93548 44.01345 43.89915 43.86369 43.79442 43.67949 43.56112 43.52092 43.44443 43.23782 43.22157 43.24058 43.32202 43.37480 43.49403 43.56754 43.62775 43.66583 43.99977 44.03675 44.11432 44.14466 44.00897 43.91966 43.86583 43.74614 43.72434 43.79328 43.86325 43.97522 44.02243 44.06134 44.09572 44.10897 44.07158 44.11068 44.25983 44.33503 44.30385 44.23535 44.15086 43.97820 43.94062 43.89646 43.75942 43.46968 43.42778 43.38100 43.34400 43.28548 42.86452 42.82605 42.66708 42.63034 42.58974 42.55469 42.51102 42.56111 42.64272 42.71880 42.91243 42.93589 43.06368 43.03440 42.98805 42.95597 42.82885 42.67094 42.59786 42.53548 42.49617 42.24786 42.19592 42.01666 41.99785 41.84188 41.73189 42.04146 42.25514 42.30897 42.38675 42.46282 42.53548 42.75897 42.83208 42.86709 42.97349 43.08248 43.11922 43.23329 43.46238 43.85302 43.88974 44.02671 44.14403 44.23206 44.26835 44.87735 44.91583 45.14745 45.18634 45.32265 45.54272 45.57951 45.75938 46.10511 46.38503 46.55257 46.70171 46.73846 46.83462 47.18545 47.73548 47.76878 47.82031 47.84903 47.80045 47.71882 47.64145 47.56365 47.38077 47.34358 46.98674 46.47991 46.42989 46.36495 46.39915 46.47565 46.65418 46.59615 46.54358 46.46069 46.42520 46.09820 46.16880 46.23591 46.30769 46.39535 46.20469 46.10131 45.95388 45.68269 45.82263 45.85855 45.99912 46.13366 46.05728 45.98248 45.88205 45.73715 45.63120 45.48634 45.11797 45.08035 45.04615 45.11454 45.22008 45.26945 45.48111 45.23889 45.20812 45.17222 45.09980 45.16325 45.20322 45.15042 45.11323 44.96966 45.20662 45.34914 45.38462 45.60086 45.64188 45.71965 45.76240 45.71285 45.67437 45.63931 45.53162 45.56197 45.60897 45.67011 45.80600 45.84103 45.97006 46.15112 46.10555 45.80683 45.77180 45.72308 45.68889 45.65340 45.51197 45.47908 45.44103 45.32371 45.36751 45.42009 45.45640 45.48846 45.53057 45.57032 45.55342 45.54251 45.55042 45.60642 45.76451 45.82989 45.92946 46.06580 46.16838 46.61280 46.73889 46.76495 46.82692 46.86369 47.02631 46.93345 46.95000 47.00686 47.17969 47.21838 47.26442 47.23163 47.17606 47.09143 47.07671 47.11283 47.14700 47.58929 47.71538 48.02308 48.11709 48.25426 48.51025 48.54702 48.66197 48.76880 48.81837 49.06325 49.21282 49.25769 49.30706 49.31849 49.27029 49.22606 49.18097 49.10555 49.03269 49.00555 49.08931 49.13591 49.17906 49.19200 49.18589 49.42777 49.47094 49.62009 49.78463 49.81625 49.88602 49.84020 49.80215 49.72778 49.60040 49.63697 49.61582 49.42478 49.36454 49.13122 49.07478 49.03868 48.97692 49.00342 49.02992 49.06497 49.11625 49.16498 49.24529 49.35640 49.41474 49.36795 49.29146 49.19823 49.25426 49.33165 49.53675 49.57117 49.36751 49.33335 49.29614 49.25300 49.16537 49.30469 49.33462 49.37177 49.44372 49.47789 49.52694 49.56411 49.61934 49.61005 49.56603 49.51385 49.61025 49.66091 49.88672 50.00343 50.01517 50.04745 50.08975 50.24357 50.28762 50.32575 50.26066 50.23118 50.18718 50.15426 50.12308 50.11709 50.13695 50.16985 50.19863 50.16068 50.11454 49.70726 49.49657 49.42992 49.33142 49.36411 49.48120 49.69146 49.75512 49.84958 49.83826 49.77585 49.75940 49.86409 49.90257 49.93462 49.98397 50.00812 49.97222 49.87135 49.82992 49.77222 49.69317 49.65002 49.59785 49.65972 49.74723 49.70920 49.60405 49.52651 49.38803 49.31623 49.10682 48.73417 48.68035 48.64915 48.61848 48.67306 48.73931 48.77178 48.80255 48.84508 48.94595 48.79786 48.66625 48.58174 48.59849 48.59849" yc="161.89957 161.92294 161.94043 161.94597 161.95157 161.95071 161.93409 161.90529 161.86743 161.83966 161.83966 161.84920 161.87574 161.88011 161.85074 161.78091 161.76109 161.75314 161.74677 161.74360 161.75471 161.75551 161.73646 161.72851 161.71740 161.52534 161.42614 161.37454 161.33291 161.23923 161.23246 161.24203 161.28786 161.34043 161.34680 161.30117 161.22814 161.16494 161.13726 161.14520 161.16900 161.18806 161.32811 161.50394 161.77771 161.80951 161.81069 161.79360 161.75114 161.73886 161.74437 161.75154 161.77774 161.80389 161.83489 161.83729 161.81586 161.80311 161.79286 161.75314 161.64680 161.58129 161.51743 161.49206 161.48491 161.48411 161.46983 161.45791 161.41703 161.35629 161.07140 161.06260 161.06029 161.06820 161.09357 161.09837 161.09760 161.09357 161.08166 160.91109 160.80591 160.78806 160.78486 160.76111 160.77380 160.79600 160.80474 160.80080 160.79677 160.78569 160.73449 160.67931 160.64680 160.60711 160.54517 160.54277 160.54517 160.55231 160.54197 160.51506 160.48723 160.39917 160.39597 160.39917 160.43806 160.45074 160.46109 160.44737 160.41863 160.40474 160.38806 160.36420 160.33883 160.33566 160.39994 160.44203 160.44520 160.43806 160.42537 160.37851 160.32057 160.12614 159.85791 159.81543 159.85234 159.86111 159.88966 159.92457 159.90894 159.88171 159.87854 159.85714 159.80389 159.75234 159.73249 159.67537 159.68729 159.75394 159.86423 160.14200 160.30074 160.38094 160.47537 160.52060 160.54594 160.60631 160.64006 160.67217 160.67931 160.80871 160.94126 161.00231 161.03249 161.05509 161.12220 161.15711 161.18409 161.23091 161.24120 161.24677 161.28326 161.29840 161.29760 161.28649 161.27134 161.16980 161.12871 161.08803 161.00791 160.73489 160.71663 160.70391 160.68766 160.63806 160.61586 160.61031 160.61586 160.61663 160.62697 160.66820 160.69043 160.70531 160.62534 160.61031 160.58646 160.55551 160.53646 160.52774 160.49757 160.32414 160.23269 160.17217 160.05911 160.02140 159.96426 159.94283 159.94203 159.94520 159.99440 160.03966 160.05711 160.03054 159.93011 159.89603 159.87891 159.79914 159.73886 159.60391 159.58331 159.58883 159.58051 159.55831 159.50794 159.44180 159.37854 159.35551 159.36346 159.37060 159.33489 159.27697 159.27457 159.29283 159.30157 159.33709 159.48886 159.59440 159.62454 159.68371 159.70951 159.72060 159.66026 159.65389 159.60551 159.59203 159.56186 159.52854 159.42246 159.37417 159.37697 159.39043 159.38949 159.20549 159.15434 159.13366 159.11660 159.10946 159.16466 159.20549 159.21903 159.22617 159.22617 159.20394 159.18729 159.05866 158.93960 158.94517 158.89397 158.61346 158.60394 158.63174 158.65871 158.67771 158.69203 158.72374 158.72851 158.72374 158.70314 158.70631 158.70951 158.73169 158.78409 158.86266 158.86346 158.85591 158.83169 158.82057 158.82143 158.89440 158.89997 158.94757 158.95634 158.98726 159.01266 159.01346 159.00474 159.04123 159.07849 159.11660 159.12611 159.12611 159.11980 159.12929 159.17220 159.17140 159.16029 159.12451 159.10391 159.08883 159.07771 159.07374 159.07297 159.07297 159.06426 159.02380 159.00989 158.90471 158.89280 158.90471 158.88369 158.82614 158.82177 158.81900 158.81186 158.72117 158.69837 158.69917 158.70711 158.69537 158.66663 158.65551 158.64520 158.49323 158.47931 158.47931 158.48726 158.46960 158.44126 158.43171 158.42611 158.42457 158.42137 158.41660 158.39597 158.38963 158.37377 158.36263 158.36583 158.35514 158.22317 158.13569 158.13171 158.13091 158.16483 158.18486 158.21223 158.22454 158.21900 158.14183 158.02137 157.98011 157.97851 157.99917 158.00629 158.02931 158.01263 157.95431 157.93486 157.92694 157.91309 157.87931 157.86189 157.85949 157.86906 157.86666 157.85314 157.80780 157.79123 157.78011 157.78251 157.79677 157.80234 157.80157 157.79280 157.79043 157.78171 157.70351 157.66897 157.65551 157.64914 157.63886 157.60949 157.45034 157.39123 157.31743 157.24500 157.19760 157.15080 157.13489 157.11740 157.10549 157.09834 157.06746 157.06109 157.06029 157.06346 157.06900 157.13706 157.19340 157.25077 157.30949 157.47337 157.49280 157.46366 157.40789 157.34440 157.23569 157.11623 157.10151 157.09834 157.13249 157.14286 157.12851 157.11266 157.12137 157.15157 157.15711 157.18409 157.20317 157.20711 157.20711 157.19123 157.18651 157.20849 157.35334 157.44994 157.46503 157.47140 157.51583 157.57377 157.63249 157.77931 157.77217 157.75314 157.69040 157.62020 157.46863 157.45789 157.46186 157.47537 157.48169 157.56880 157.58686 157.57454 157.61186 157.68169 157.73094 157.79203 157.91506 157.89760 157.95946 157.97694 157.99954 158.09046 158.14597 158.18446 158.20549 158.19346 158.16897 158.15949 158.16029 158.19480 158.22969 158.24206 158.30254 158.31109 158.30711 158.31703 158.35906 158.41740 158.42294 158.42057 158.44920 158.52100 158.59283 158.60714 158.60949 158.55043 158.46900 158.44757 158.44997 158.48506 158.54437 158.61029 158.68423 158.77023 158.76706 158.60871 158.49797 158.38806 158.35074 158.32854 158.26823 158.25909 158.28251 158.32617 158.34283 158.38329 158.44440 158.57297 158.65311 158.90909 158.97377 159.04280 159.10111 159.12057 159.20154 159.21980 159.23011 159.26900 159.29049 159.33014 159.38449 159.41663 159.56269 159.70194 159.82891 159.92217 160.23094 160.27854 160.30949 160.35231 160.41109 160.57180 160.66900 160.69200 160.71509 160.76189 160.80154 160.95711 161.13726 161.20354 161.37060 161.45354 161.46983 161.47377 161.48014 161.51743 161.60314 161.61583 161.63491 161.68729 161.69520 161.68169 161.67217 161.66029 161.63569 161.66743 161.72057 161.74320 161.82194 161.89957 161.89957"/>
<polygon color="rgb(220,220,220)" opacity="100" xc="46.15760 46.19443 46.15472 46.09572 46.06883 46.02649 45.99702 45.95920 46.00383 46.07477 46.10769 46.13674 46.28375 46.30735 46.32555 46.56412 46.68035 46.72778 46.79742 46.83675 46.87991 47.02735 47.00343 46.87863 46.73462 46.69786 46.62480 46.58331 46.54102 46.43160 46.35385 46.19017 46.15760 46.15760" yc="162.10589 162.12811 162.14600 162.14683 162.14520 162.13723 162.12774 162.06263 162.04917 162.04443 162.04520 162.05469 162.05760 162.05760 162.05329 162.00709 161.93646 161.92294 161.91503 161.91580 161.92691 161.99160 162.01743 162.07297 162.12931 162.13723 162.13646 162.13091 162.12214 162.10946 162.10391 162.09597 162.10589 162.10589"/>
<polygon color="rgb(220,220,220)" opacity="100" xc="45.74935 45.77094 45.74017 45.40811 45.37051 45.33165 45.08932 45.00942 44.76538 44.68078 44.64060 44.60642 44.55897 44.55235 44.52308 44.28674 44.12649 44.02180 43.81238 43.72991 43.55643 43.65643 43.74660 43.78334 43.91709 43.99357 44.02994 44.11280 44.19400 44.31883 44.73377 44.98288 45.40428 45.66580 45.70298 45.69657 45.74935 45.74935" yc="162.07854 162.09917 162.10629 162.15634 162.16109 162.16346 162.15634 162.15237 162.10391 162.08329 162.07057 162.05391 162.01463 161.98129 161.95946 161.86266 161.83646 161.83569 161.78249 161.75471 161.67537 161.63649 161.61029 161.60229 161.58331 161.57934 161.58169 161.58963 161.60229 161.63251 161.74360 161.81663 161.95549 162.04760 162.06263 162.06263 162.07854 162.07854"/>
<polygon color="rgb(220,220,220)" opacity="100" xc="61.63932 61.87135 61.91152 62.04209 62.02395 62.00131 61.96666 61.91366 61.85469 61.81922 61.75640 61.74978 61.78611 61.81578 61.89529 61.93206 61.95469 61.99658 62.01880 62.04015 61.87777 61.80640 61.74571 61.64957 61.56452 61.49957 61.37991 61.18375 60.80812 60.75342 60.70085 60.66111 60.64166 60.61678 60.61943 60.65640 60.67137 60.76237 60.80298 60.90429 61.18974 61.20854 61.25471 61.30598 61.41280 61.47565 61.53889 61.57095 61.63932 61.63932" yc="161.36186 161.38014 161.38886 161.43769 161.46189 161.47697 161.48491 161.49914 161.52377 161.56266 161.68883 161.71623 161.88609 161.90631 161.90869 161.91266 161.92374 161.97057 162.02537 162.09837 162.24363 162.30311 162.33169 162.36823 162.39123 162.39760 162.38889 162.36586 162.28489 162.26663 162.23729 162.20551 162.18331 162.13409 162.09243 162.04520 162.02854 161.92931 161.89200 161.81746 161.53011 161.51029 161.47223 161.44126 161.38566 161.36266 161.34360 161.34203 161.36186 161.36186"/>
<polygon color="rgb(220,220,220)" opacity="100" xc="32.84114 32.69532 32.64446 32.58762 32.54615 32.47777 32.41946 32.38331 32.34702 32.26794 32.11112 31.96495 31.84186 31.52346 31.44488 31.31282 31.22049 31.14572 31.01954 31.05982 31.15514 31.20726 31.15942 31.06582 30.81143 30.76923 30.62223 30.32394 30.17755 30.16451 30.18738 30.21838 30.25938 30.36026 30.39832 30.45895 30.53375 30.57949 30.65108 30.74658 30.76925 30.81143 30.86069 30.89315 30.94252 30.92949 30.98675 31.02435 31.06242 31.19615 31.23078 31.69828 31.83346 31.65940 31.28546 31.23420 31.03588 30.88292 30.81143 30.76923 30.68942 30.76923 30.81142 30.86709 30.91111 30.94783 30.99786 31.17905 31.29166 31.33482 31.33932 31.61198 31.83806 31.89915 31.98462 32.11325 32.21614 32.39231 32.44103 32.48932 32.56175 32.55982 32.43012 32.46666 32.40555 32.19274 32.02523 31.91709 31.83932 31.45685 31.15386 30.81143 30.80897 30.76925 30.66497 30.46795 30.25555 30.11198 30.05235 30.00688 29.93506 29.58205 29.54615 29.38548 29.27349 29.23846 28.88975 28.85043 28.81325 28.74058 28.68675 28.60342 28.63122 28.68486 28.54082 28.49786 28.46711 28.40043 28.30086 28.23846 28.16795 27.90983 27.64869 27.39617 27.35460 27.42435 27.57689 27.62543 27.67775 27.77778 27.89018 28.03462 28.10769 28.06409 28.02394 27.72520 27.62566 27.58675 27.45512 27.23248 27.09914 27.04915 26.88345 26.92458 26.95812 27.03078 26.98717 26.95085 26.78417 26.73632 26.58889 26.53762 26.36572 26.30620 26.22051 26.15514 25.75298 25.65642 25.59229 25.34702 25.20600 25.17092 25.09958 25.06323 24.68717 24.63078 24.52352 24.41625 24.44338 24.47072 24.44155 24.39722 24.34660 24.29657 24.22820 24.16368 23.92091 23.67649 23.51731 23.53558 23.47608 23.21602 23.18183 23.15171 23.10942 23.05917 22.66240 22.35897 22.29658 22.11325 22.07945 21.75302 21.68397 21.66305 21.73186 21.77265 21.80429 21.87392 21.91282 22.23163 22.50300 22.65809 22.83118 22.93931 23.00728 23.06165 23.16155 23.23291 23.30683 23.38335 23.52863 23.57388 23.49488 23.39882 23.30600 23.26838 23.04358 22.87648 22.83929 22.65683 22.57309 22.38889 22.16154 22.08717 21.82182 21.74531 21.67905 21.60171 21.44702 21.40897 21.28675 21.20982 21.08291 21.01197 20.73077 20.55172 20.45695 20.46132 20.50854 20.54531 20.61197 20.72563 20.81305 20.74445 20.71198 20.67478 20.63803 20.56582 20.49617 20.45106 20.41688 20.40940 20.43120 20.46197 20.49743 20.53889 20.57863 20.79574 21.31878 21.37435 21.45642 21.53118 21.74018 21.79955 21.92778 22.02735 22.24529 22.46965 22.62651 22.73592 22.91497 22.97820 23.04914 23.21965 23.25897 23.33780 23.37288 23.32522 23.21240 23.18078 23.10642 23.07563 23.00003 22.96495 22.86240 22.59446 22.52608 22.48932 22.45386 22.29655 22.16238 22.11880 22.05128 22.01240 21.95129 21.91197 21.87394 21.84700 21.81068 21.48120 21.37565 21.03974 20.72220 20.63291 20.43118 20.36495 20.28248 20.21582 20.17435 20.11798 20.06835 19.97437 19.96368 19.93889 19.89040 19.67135 19.63569 19.61840 19.65512 19.70002 20.24060 20.79060 20.83032 20.93889 21.00383 21.36369 21.39743 21.70895 21.97777 22.05002 22.14403 22.27863 22.35086 22.47308 22.57735 22.64745 22.74274 22.85298 22.91837 22.95982 22.99572 23.03332 23.07572 23.01154 22.95983 22.92822 22.77735 22.64637 22.51369 22.36452 22.29828 22.26068 22.20728 22.12351 22.08248 22.01711 21.81795 21.65769 21.57951 21.50471 21.34592 20.37948 20.18846 20.15726 19.93635 19.84146 19.77435 19.66326 19.62992 19.59785 19.50595 19.45598 19.35300 19.29957 19.17437 18.97222 18.95812 19.28248 19.35515 19.40897 19.74058 20.43505 20.48206 20.51795 20.58675 20.63151 20.67609 20.72735 21.11111 21.16795 21.16412 21.10823 21.10897 21.28760 21.77266 21.91195 21.94615 22.02886 22.06454 22.13783 22.19274 22.23312 22.24477 22.14658 22.11709 22.27777 22.33291 22.38203 22.42052 22.46838 22.50300 22.54657 22.63803 22.68343 22.72885 22.80834 22.78249 22.73340 22.78378 22.82991 22.98697 23.02734 23.15515 23.24829 23.34572 23.44088 23.50128 23.69105 23.81709 23.88483 23.95428 24.00769 24.05000 24.08868 24.13098 24.15674 23.99231 23.93377 23.89528 23.85172 23.77437 23.72903 23.67895 23.79166 23.83631 24.07308 24.08249 24.12391 24.17735 24.20978 24.28783 24.34038 24.37223 24.40383 24.54872 24.52117 24.48109 24.49038 24.56538 24.63857 24.67906 24.75503 24.81326 24.87092 25.00852 25.13803 25.26494 25.42903 25.56752 25.62991 25.27135 25.15171 25.03375 24.94957 24.90277 24.72094 24.66005 24.69872 24.74231 24.77820 25.09211 25.21414 25.62478 25.69400 25.76237 26.22049 26.31666 26.45083 26.61538 26.62568 26.57129 26.59082 26.65769 26.68974 26.74957 26.78077 26.72191 26.72286 26.76817 26.82906 26.97438 27.02043 26.98474 27.02052 27.07200 27.17008 27.23803 27.13312 27.05851 26.97948 27.00940 27.04700 27.09145 27.34102 27.75685 28.01966 28.15300 28.32820 28.36797 28.49998 28.62818 28.71666 28.80340 28.84203 28.87565 29.13805 29.35983 29.18591 28.78505 28.39486 28.32351 28.26666 28.12520 28.06323 27.93760 27.89957 27.84785 27.79189 27.75045 27.66923 27.11625 26.99529 26.92309 26.88589 26.81194 26.39188 26.35771 26.29058 26.14231 25.96840 25.92008 25.81125 25.76408 25.71880 25.50985 25.29700 25.06152 25.02820 24.59958 24.45897 24.28548 23.99851 23.96285 23.93558 24.00468 24.03889 24.07905 24.15640 24.42906 24.53251 24.70511 24.85812 25.08249 25.16795 25.42817 25.49488 25.52906 25.75809 26.14015 26.27694 26.37392 26.53375 26.85854 27.01797 27.12225 27.24145 27.55812 27.71668 27.77609 27.96323 28.15342 28.18889 28.24231 28.37095 28.56837 28.60129 28.63505 28.79912 29.25985 29.48631 29.53548 29.57008 29.60512 29.85942 29.86154 30.09745 30.15932 30.14743 30.20728 30.23762 30.26922 30.30086 30.55429 30.74398 30.76922 30.77735 30.81143 30.83846 30.86966 30.96538 31.02522 31.07031 31.12392 31.29017 31.41860 31.51474 31.66069 31.68686 31.76154 32.12351 32.30598 32.38505 32.41880 32.56540 32.62351 32.84400 32.87908 33.03002 33.04486 32.98463 32.90086 32.86323 32.69917 32.60855 32.64445 32.80043 32.99728 33.02245 33.16048 33.25791 33.52180 33.63974 33.80895 33.88077 33.92522 34.00769 34.18802 34.24308 34.19668 34.18738 34.23248 34.29015 34.31540 34.33720 34.28002 34.32032 34.36537 34.41411 34.60469 34.67051 35.06688 35.13845 35.27135 35.30600 35.36922 35.42734 35.49146 35.70438 35.72628 35.80682 35.90257 36.06926 36.22308 36.52306 36.56111 36.92189 36.89443 36.81026 36.90577 37.03718 37.06923 37.10600 37.11923 37.08888 37.02245 37.12138 37.20426 37.24060 37.28843 37.33442 37.45985 37.53494 37.41668 37.31646 37.40643 37.48205 37.53162 37.62948 37.66666 37.70469 37.86132 37.84572 37.76986 37.73526 37.52286 37.43334 37.33077 37.17351 37.07695 37.01968 36.89829 36.46028 36.40511 36.35600 36.02180 35.99060 35.94015 35.58505 35.54508 35.55018 35.59937 35.64700 35.71366 35.80511 35.87778 35.96495 35.92926 35.87777 35.81111 35.77734 35.70085 35.64528 35.56880 35.54358 35.44057 35.33588 35.22843 35.24914 35.26154 35.09745 34.86537 34.81623 34.59146 34.24702 34.21577 34.18717 34.12177 34.04060 33.97949 33.91238 33.83631 33.81197 33.77906 33.79829 33.96280 33.99698 34.08889 34.17608 34.40202 34.26048 34.13506 34.09486 33.97394 33.84400 33.80683 33.30469 33.23675 33.21749 33.25192 33.33632 33.45811 33.66966 33.72692 33.43203 33.40043 33.34806 33.28631 33.11497 32.98763 32.95212 32.94785 32.89402 32.77714 32.73878 32.79829 32.84018 32.87906 32.91154 32.94358 32.97608 33.00812 33.14017 33.16594 33.13974 33.08246 33.03505 32.99617 32.92777 32.79725 32.84114 32.84114" yc="162.31700 162.44520 162.44994 162.38646 162.35317 162.32614 162.31263 162.31900 162.33169 162.35077 162.34126 162.30866 162.27697 162.02380 161.83094 161.69520 161.67854 161.63649 161.52120 161.50631 161.51903 161.48926 161.44443 161.40154 161.34194 161.33206 161.29760 161.23729 161.21500 161.11983 160.84600 160.83489 160.83091 160.83246 160.83011 160.81583 160.78251 160.76029 160.72260 160.65629 160.64086 160.61211 160.57851 160.56183 160.56163 160.65094 160.67374 160.67457 160.66977 160.63489 160.62534 160.38011 160.29737 160.10234 159.84557 159.82931 159.80154 159.79360 159.75746 159.73614 159.69580 159.64846 159.62343 159.59040 159.57140 159.57140 159.60551 159.64757 159.62457 159.50514 159.42854 159.38014 159.34600 159.34360 159.32220 159.28406 159.23349 159.12851 159.11740 159.12057 159.11143 158.89360 158.62457 158.50731 158.50471 158.56663 158.59600 158.61189 158.61429 158.63329 158.65631 158.67840 158.67854 158.68094 158.68726 158.68486 158.68329 158.71620 158.76266 158.76900 158.76823 158.76189 158.75789 158.71503 158.66426 158.65474 158.61983 158.62300 158.63569 158.70074 158.77857 158.90831 159.03726 159.20131 159.52694 159.54046 159.54203 159.53806 159.50474 159.49046 159.49363 159.50551 159.47217 159.44520 159.45489 159.56920 159.63963 159.65429 159.66186 159.67140 159.67857 159.69920 159.75254 159.84240 159.85631 159.94677 159.99677 160.00949 160.04286 160.08409 160.10471 160.12811 160.30291 160.40749 160.43251 160.46880 160.50671 160.51820 160.56183 160.56663 160.56663 160.57300 160.68823 160.73051 160.75317 160.76426 160.75554 160.75077 160.73886 160.67374 160.62380 160.60791 160.58886 160.58171 160.54043 160.54717 160.62217 160.89120 161.01266 161.13211 161.22774 161.28251 161.31503 161.33729 161.35711 161.37220 161.41980 161.39517 161.41543 161.46506 161.47774 161.47340 161.45037 161.39954 161.37617 161.35986 161.31743 161.30237 161.29443 161.21660 161.20074 161.03569 160.99360 160.79877 160.71466 160.69440 160.68409 160.67217 160.66900 160.65871 160.65949 160.65791 160.62457 160.59680 160.57774 160.54260 160.50311 160.49280 160.48646 160.48171 160.47774 160.45354 160.43729 160.43163 160.42694 160.42777 160.44677 160.47377 160.48411 160.52060 160.52774 160.53406 160.53646 160.53171 160.53406 160.53803 160.54837 160.55466 160.56580 160.56663 160.56343 160.55709 160.53880 160.52297 160.44440 160.32374 160.16343 160.10471 160.07377 160.06583 160.06346 160.07851 159.92614 159.91743 159.92140 159.92217 159.91977 159.91186 159.89680 159.88091 159.85234 159.78726 159.72377 159.69997 159.68489 159.67140 159.66263 159.63963 159.61303 159.61186 159.61583 159.62454 159.66980 159.67934 159.68409 159.68091 159.66106 159.65074 159.65231 159.65789 159.68171 159.69920 159.71109 159.73249 159.73566 159.72854 159.68526 159.64120 159.59917 159.59040 159.58014 159.58091 159.58806 159.59360 159.59834 159.58643 159.56620 159.54203 159.53726 159.52854 159.52380 159.52694 159.54837 159.56666 159.58251 159.58486 159.56780 159.52020 159.50631 159.45631 159.44837 159.44200 159.43649 159.43803 159.43329 159.42854 159.41820 159.40511 159.39120 159.35629 159.31980 159.24914 159.23566 159.21663 159.17340 158.95237 158.90789 158.83371 158.78806 158.78174 158.75711 158.73646 158.73566 158.73646 158.74040 158.78131 158.80157 158.89837 158.97854 158.99203 159.00314 158.99997 159.00077 159.00909 159.02854 159.05071 159.08377 159.12611 159.14520 159.14994 159.15157 159.14760 159.12594 159.11343 159.11343 159.10629 159.02854 158.93663 158.86506 158.83411 158.82057 158.81426 158.81109 158.79677 158.78174 158.75549 158.65631 158.58251 158.55071 158.52854 158.50471 158.51266 158.51820 158.52137 158.52454 158.52060 158.51506 158.50394 158.49600 158.48249 158.42457 158.39283 158.32377 158.28649 158.17614 157.97851 157.84660 157.68723 157.66423 157.65311 157.59283 157.47614 157.47694 157.49280 157.57851 157.63149 157.65471 157.67060 157.73094 157.71466 157.61663 157.52771 157.42694 157.25791 157.10151 157.05709 157.04917 157.04123 157.04917 157.09243 157.13806 157.17854 157.26206 157.45314 157.48963 157.47929 157.44597 157.42537 157.42297 157.43011 157.44520 157.46823 157.53609 157.63020 157.63169 157.44120 157.38806 157.31020 157.10749 157.08409 157.03251 157.03331 157.05709 157.07851 157.10869 157.14994 157.17694 157.25231 157.28646 157.30946 157.35157 157.40157 157.44840 157.50031 157.56863 157.64420 157.83843 157.87777 157.89203 157.90157 157.90554 157.89680 157.91566 158.03923 158.03840 157.92514 157.87060 157.84203 157.81423 157.79917 157.77734 157.78606 157.80949 157.84280 158.18109 158.24643 158.29300 158.46566 158.46426 158.39163 158.31743 158.22197 158.21186 158.21977 158.24520 158.28174 158.31900 158.36506 158.33806 158.32377 158.19123 158.14997 158.13091 158.10791 158.05869 157.68329 157.38111 157.31066 157.29597 157.29200 157.29043 157.32217 157.34920 157.35157 157.36026 157.42063 157.43806 157.47377 157.53806 157.64240 157.70051 157.86626 157.93766 157.92934 157.88409 157.82120 157.75374 157.69597 157.66700 157.65231 157.65709 157.68743 157.74637 157.80157 157.83129 157.78171 157.71543 157.63169 157.59717 157.57714 157.51663 157.49837 157.49437 157.49914 157.52857 157.61903 157.56703 157.55274 157.56029 157.60471 157.66026 157.70709 157.77294 157.85254 157.89760 157.91740 157.80411 157.63169 157.38889 157.18054 157.16109 157.15394 157.10471 157.09046 157.10391 157.10946 157.12851 157.13963 157.14683 157.14997 157.13806 157.13409 157.13146 157.13009 157.12214 157.07694 157.07297 157.05951 157.01189 156.94994 156.92854 156.84706 156.78171 156.71029 156.69360 156.68329 156.65631 156.64917 156.54440 156.50474 156.44443 156.30357 156.27137 156.18406 156.11189 156.08329 156.05389 156.00791 155.85711 155.80234 155.72457 155.65631 155.56026 155.53566 155.48263 155.47057 155.46663 155.44360 155.42297 155.42140 155.42380 155.43251 155.45549 155.46980 155.48171 155.50789 155.57774 155.62534 155.64120 155.66663 155.68960 155.69520 155.71826 155.79280 155.88723 155.89360 155.89437 155.90789 156.06106 156.14837 156.18051 156.22217 156.24360 156.35471 156.50871 156.55234 156.59017 156.64760 156.69123 156.70554 156.70711 156.70394 156.66586 156.69203 156.70526 156.70951 156.72366 156.73489 156.74517 156.76897 156.77057 156.75949 156.74120 156.73249 156.73486 156.75671 156.83729 156.89837 156.97771 157.08409 157.15711 157.25791 157.29123 157.34283 157.34043 157.29677 157.27454 157.15594 157.06977 157.07537 157.08489 157.08883 157.09834 157.09837 157.08566 157.05789 157.01086 156.96740 156.90511 156.88846 156.92457 156.93646 156.94043 156.93566 156.94200 157.15314 157.22697 157.27377 157.33629 157.41386 157.41823 157.39560 157.35791 157.27614 157.20969 157.08369 157.04760 157.03174 156.97134 156.95549 156.88963 156.88726 156.91423 156.91897 156.92137 156.93169 156.95311 157.07974 157.12514 157.14920 157.15474 157.14640 157.15951 157.19757 157.20394 157.31206 157.35474 157.42674 157.52774 157.52934 157.53254 157.55157 157.63406 157.68803 157.73111 157.92417 157.99320 158.00629 158.01423 158.03206 158.17120 158.48109 158.52020 158.53803 158.62697 158.66743 158.68566 158.70554 158.71583 158.73723 158.99323 159.12694 159.53174 159.59280 159.81660 159.87300 159.92854 159.99123 160.01586 160.02934 160.05631 160.14677 160.15629 160.15949 160.16740 160.16500 160.15154 159.89760 159.82791 159.54166 159.49283 159.47617 159.46660 159.46823 159.46423 159.43191 159.41146 159.41029 159.41663 159.41583 159.40474 159.38803 159.33091 159.20074 159.25311 159.34600 159.51109 159.62851 159.69360 159.72534 159.74680 159.74757 159.71426 159.65471 159.63446 159.58486 159.51189 159.42294 159.39837 159.38489 159.36983 159.37814 159.43486 159.49283 159.68131 159.70317 159.71426 159.77137 159.96580 160.10711 160.16026 160.17534 160.18009 160.18009 160.17769 160.13966 160.13171 160.42220 160.46386 160.51980 160.56266 160.74680 160.80157 161.07140 161.09837 161.12971 161.14286 161.16266 161.16743 161.25471 161.36423 161.63609 161.72297 161.82934 161.85077 161.84920 161.84363 161.83569 161.83331 161.83331 161.84680 161.95631 162.03269 162.10354 162.15394 162.17220 162.17537 162.17377 162.20920 162.31700 162.31700"/>
<polygon color="rgb(220,220,220)" opacity="100" xc="25.43675 25.45920 25.40383 25.38762 25.02392 24.98074 24.91152 24.79145 24.67352 24.40254 24.09702 23.71409 23.68249 23.65514 23.43591 23.37777 23.32735 23.29958 23.26925 23.29402 23.34612 23.40471 23.48591 23.84446 24.28546 24.36625 24.53120 24.78588 24.86666 24.94657 25.07048 25.10771 25.15002 25.18677 25.20982 25.43675 25.43675" yc="162.18969 162.21426 162.36506 162.38094 162.51186 162.52694 162.54126 162.54760 162.54280 162.52694 162.50629 162.47851 162.47374 162.46263 162.35394 162.32374 162.29043 162.26980 162.19146 162.16583 162.15314 162.14363 162.13326 162.09754 162.05869 162.04837 162.01029 162.05311 162.05711 162.04917 162.01823 162.01269 162.01269 162.02297 162.03729 162.18969 162.18969"/>
<polygon color="rgb(220,220,220)" opacity="100" xc="50.37478 50.41368 50.62671 50.55897 50.53120 50.46283 50.39529 50.32905 50.19275 50.11709 50.04146 50.06366 50.13932 50.25383 50.33206 50.37478 50.37478" yc="162.76423 162.77537 162.87971 162.93011 162.94363 162.96503 162.96426 162.95234 162.92140 162.87380 162.80154 162.79203 162.78011 162.76586 162.75949 162.76423 162.76423"/>
<polygon color="rgb(220,220,220)" opacity="100" xc="52.83118 52.75768 52.70214 52.47991 52.35900 52.14914 51.94531 51.87862 51.71411 51.76326 51.56368 51.34958 51.27182 51.16611 51.11995 51.05358 51.13034 51.20171 51.25022 51.28900 51.22565 51.19402 51.12842 51.08249 51.02520 50.97671 50.98868 51.06837 51.46580 51.53675 51.60982 51.74317 51.81838 51.83269 51.79955 51.65215 51.39615 51.26197 51.19274 51.00406 50.95298 50.92265 50.83963 50.89872 50.95386 50.98805 51.05171 51.09274 51.13205 51.17394 51.28974 51.32905 51.36625 51.49571 51.59337 51.61537 51.67328 51.72095 51.77286 51.89188 51.96111 52.03291 52.06368 52.28162 52.31923 52.64529 52.67820 52.76882 52.83035 52.87798 52.93643 52.83420 52.78868 52.64829 52.60557 52.39232 52.31197 52.21689 52.15352 52.18203 52.31409 52.53675 52.71152 52.74486 52.81794 52.85342 53.15812 53.23932 53.33622 53.38548 53.42351 53.64189 53.89998 54.00811 54.10085 54.14382 54.08474 54.06452 53.97691 53.90940 53.87094 53.82991 53.74203 53.70343 53.66411 53.44785 53.41665 53.35682 53.30748 53.27586 53.24914 53.25920 53.30000 53.80126 54.09446 54.17157 54.39742 54.66025 55.05769 55.13825 55.18718 55.23460 55.45255 55.71626 55.85043 55.81454 55.75454 55.80748 55.87865 55.93054 55.96305 55.90906 55.95897 56.01880 56.05855 56.23078 56.33634 56.39188 56.43803 56.55386 56.59571 56.63548 56.71066 56.74572 56.80340 56.83548 56.80511 56.82008 57.00515 57.22822 57.48280 57.56366 57.78654 57.83291 57.95834 58.09489 58.13075 58.19574 58.25054 58.29574 58.30365 58.28312 58.24658 58.19231 58.22052 58.24998 58.32309 58.38377 58.44869 58.44700 58.36454 58.31837 58.22180 58.13452 57.95682 57.86411 57.80215 57.74017 57.70642 57.96068 58.16411 58.29958 58.34292 58.37928 58.44422 58.40294 58.28975 58.22694 58.17480 58.11571 58.13888 58.20895 58.30962 58.38537 58.43952 58.45169 58.43866 58.38846 58.36432 58.38228 58.45042 58.52009 58.62735 58.67822 58.65342 58.65898 58.70449 58.75963 58.80085 58.83971 58.90982 59.00962 59.03815 58.97243 58.95300 59.15898 59.29871 59.60554 59.79531 59.83286 59.76154 59.72095 59.65471 59.72288 59.78142 59.84317 59.88418 60.00000 60.03845 60.19157 60.23077 60.28160 60.36154 60.39125 60.37222 60.22863 60.16922 60.10406 60.06858 60.03334 59.97148 60.16832 60.19745 60.38546 60.40780 60.44914 60.59445 60.63120 60.72308 60.77480 60.83591 60.97992 61.14745 61.19402 61.37437 61.63483 62.18374 62.32351 62.38932 62.78291 62.84529 62.87926 62.92948 62.90171 62.85982 62.77523 62.74400 62.66452 62.70298 62.73377 62.79637 62.91966 62.95725 63.00535 63.05949 62.99380 62.93931 63.21260 63.21228 63.20428 63.25171 63.27992 63.32008 63.35897 63.45940 63.45992 63.46666 63.58420 63.74978 63.79188 63.86965 64.08077 63.99017 63.78120 63.75258 63.73695 63.79915 63.85085 64.06752 64.20980 64.55982 64.76366 64.84914 64.99229 65.02734 65.06026 65.12308 65.26966 65.35705 65.42394 65.61109 65.67308 65.73805 65.80643 66.29871 66.62522 66.60682 66.46432 66.46112 66.49828 66.52803 66.59272 66.62908 66.67051 66.71795 66.99529 67.04103 67.07822 67.18034 67.26326 67.32908 67.34574 67.32586 67.35365 67.40363 67.45598 67.56720 67.53675 67.50482 67.56538 67.60088 67.67180 68.30128 68.33717 68.38249 68.41966 68.45555 68.48671 68.43142 68.38975 68.42478 68.46195 68.50225 68.66785 68.67703 68.83163 68.90086 69.03805 69.08268 69.11666 69.17052 69.16197 69.12585 69.23546 69.29018 69.30117 69.26966 69.25512 69.36263 69.39315 69.42863 69.46111 69.78203 70.15982 70.22180 70.25726 70.32992 70.40171 70.43629 70.54486 70.60385 70.67182 70.71112 70.91154 70.99189 71.02948 71.06837 71.09915 71.19871 71.37649 71.57031 71.60811 71.80642 71.81048 71.76154 71.71582 71.64617 71.59145 71.50320 71.44746 71.48034 71.52092 71.57606 71.68889 71.72180 71.78974 71.84658 71.92480 71.95726 71.99529 72.06794 72.13740 72.17114 72.26251 72.18012 72.14189 72.10769 72.11389 72.16806 72.22095 72.27948 72.37906 72.43974 72.50472 72.64058 72.69617 72.89957 72.94829 72.98889 73.05980 73.34231 73.70532 73.75300 74.06965 74.13720 74.17692 74.21666 74.35255 74.59871 74.95598 75.04745 75.29294 75.33846 75.40855 75.45854 75.62437 75.76451 76.01282 76.17094 76.21283 76.33075 76.40000 76.53274 76.55406 76.68638 76.62865 76.67822 76.76666 76.76432 76.68675 76.63632 76.57820 76.52135 76.46623 76.40192 76.36751 76.28505 76.32134 76.36582 76.41774 76.46506 76.49529 76.53374 76.81835 77.02991 77.10685 77.14423 77.33420 77.56923 77.64571 77.68929 77.86025 77.89148 77.93665 77.85852 77.79317 77.74658 77.62340 77.68492 77.55405 77.51709 77.39575 77.35938 77.25214 77.04745 77.01114 76.96111 76.88183 76.55257 76.50795 76.54914 76.59060 76.64049 76.55555 76.46582 76.44532 76.41923 76.30385 76.25535 76.46752 76.59228 76.69102 76.72480 76.98237 76.99186 77.02031 77.17608 77.27051 77.33546 77.45897 77.49317 77.58289 77.68160 77.77988 77.61709 77.57051 77.52565 77.59489 77.64082 77.67691 77.70514 77.66152 77.59743 77.51709 77.42406 77.48375 77.56558 77.47052 77.34766 77.03205 76.92263 76.75686 76.45131 76.37512 76.53460 76.62822 76.79229 76.99540 76.81792 76.76625 76.61669 76.51429 76.43546 76.19443 76.15000 76.08118 75.72308 75.60343 75.40942 75.36922 74.97840 74.95374 75.04486 75.05768 74.69145 74.55855 74.36795 74.02222 73.91282 73.63077 73.41666 73.34274 73.12862 72.82351 72.61625 72.58417 72.36922 72.20726 72.11752 71.85814 71.65172 71.61068 71.58120 71.54574 71.51494 71.43677 71.35385 71.27265 71.23291 71.15888 71.21912 71.18226 71.12734 70.95669 70.87777 70.66068 70.30898 70.27263 70.22991 70.02651 69.76302 69.76282 69.79831 69.83420 69.92522 69.99326 69.96198 69.88888 69.84657 69.81155 69.71709 69.66409 69.59529 69.54272 69.41668 69.34317 69.15875 69.11665 68.93848 68.76411 68.72434 68.54788 68.05683 67.89915 67.83289 67.68631 67.53055 67.46720 67.51197 67.68248 67.83289 68.18848 67.94828 67.64402 67.56538 67.43077 67.38677 67.31495 67.12735 66.93548 66.89189 66.85428 66.75608 66.80511 66.84018 66.91325 67.07926 67.12095 66.96305 66.80663 66.76625 66.71197 66.58118 66.50597 66.45000 66.36495 66.27266 66.20385 66.13546 66.06882 66.03695 66.01837 65.78055 65.74871 65.71454 65.60812 65.55832 65.44188 65.43591 65.48355 65.51174 65.47672 65.44657 65.38462 65.32135 65.26837 65.23418 65.28634 65.33846 65.38688 65.14635 65.06625 64.99783 64.67992 64.51066 64.42692 64.38762 64.29702 64.26326 64.21068 64.15640 64.24488 64.30395 64.26326 64.12951 64.05514 64.00086 63.92480 63.83417 63.78034 63.73205 63.69103 63.64358 63.57180 63.49102 63.45385 63.28334 63.38246 63.46325 63.42414 63.38931 63.35597 63.32051 63.27522 63.19786 63.14272 62.92348 62.85212 62.83740 62.80449 62.72842 62.61198 62.53591 62.45642 62.40514 62.35982 62.31346 62.27585 62.22949 62.18974 62.08377 61.99402 62.02394 62.11026 62.22685 62.15855 62.07694 62.02778 61.95235 61.90128 62.07820 62.24145 62.55897 62.67478 62.82500 62.81923 62.76709 62.65000 62.58462 62.48440 62.43612 62.40129 62.21795 62.17306 62.12992 62.01555 61.94017 61.88738 61.88206 61.92263 61.97394 62.01260 61.80768 61.67822 61.65065 61.60451 61.51537 61.46902 61.43632 61.36422 61.14315 61.01282 60.76794 60.72532 60.73355 60.78120 60.86186 60.80940 60.66237 60.43503 60.37563 60.32971 60.29914 60.26045 60.23418 60.15843 60.09234 59.91795 59.86837 59.83462 59.79520 59.80643 59.79017 59.83142 59.89145 59.97392 60.04914 60.08222 59.89271 59.76709 59.99188 60.10898 60.14743 60.43315 60.56009 60.91580 61.03291 61.07435 61.11668 61.19317 61.23792 60.90982 60.87777 60.80897 60.69488 60.65383 60.60705 60.51932 60.44663 60.21860 60.25597 60.29318 60.33034 60.37306 60.50406 60.46111 60.18078 59.82054 59.74872 59.67415 59.58163 59.48205 59.48803 59.35898 59.10854 59.07392 59.12094 59.31411 59.34829 59.59123 59.67349 59.82735 60.09660 60.32905 60.51323 60.84829 61.06325 61.36797 61.40726 61.44594 61.30511 61.19657 61.14314 60.90085 60.85423 60.91174 60.96412 61.57522 61.69786 61.79700 62.17178 62.49531 62.53888 62.57477 62.62223 62.77212 62.76174 62.73205 62.61689 62.51112 62.24017 61.79786 61.44060 61.10557 61.05042 60.97178 60.90086 60.55042 60.31112 60.02671 59.91197 59.77308 59.58291 59.37008 59.13014 59.32138 59.36197 59.42478 59.46195 59.53205 59.86069 60.26708 60.33974 60.55640 60.59060 60.71069 60.75257 60.81208 60.76794 60.65683 60.57478 60.50086 60.39831 60.33846 60.28034 60.23612 60.18825 60.02135 59.98631 59.79574 59.40725 59.36837 59.17565 58.97137 58.80683 58.59998 58.55600 58.50768 58.46440 58.39445 58.34231 58.17951 57.95255 57.88034 57.84528 57.81369 57.78334 57.74102 57.68248 57.62908 57.59317 57.52009 57.46720 57.40983 57.37651 57.24660 57.14272 57.10726 57.07222 57.00642 56.85171 56.76805 56.73291 56.36346 56.31880 56.27351 56.22426 56.18991 56.13825 56.10297 56.04508 56.10897 56.14635 56.20440 56.14785 56.10983 56.07946 55.92446 55.95386 56.00728 56.21325 56.45620 56.64552 56.66197 56.61646 56.45940 56.17138 55.92863 55.77372 55.53848 55.47137 55.43889 55.39403 55.34572 55.30002 55.24765 55.13888 55.06580 54.99646 54.76625 54.62780 54.58738 54.47222 54.40595 54.32523 54.27480 54.13246 53.99017 53.84615 53.66795 53.57671 53.50043 53.40298 53.32735 53.26538 53.20343 53.13032 52.98334 52.94531 52.83118 52.83118" yc="163.02534 163.04840 163.05314 163.03171 163.00869 162.98489 162.97854 162.97100 162.94026 162.83726 162.77457 162.79994 162.80631 162.80631 162.80289 162.76949 162.75791 162.75154 162.74043 162.71286 162.66780 162.67217 162.67931 162.67851 162.66500 162.61623 162.55077 162.47060 162.35077 162.33729 162.32931 162.32217 162.29871 162.15040 162.14363 162.12774 162.16823 162.20074 162.23809 162.31900 162.30909 162.27217 162.07834 162.04123 162.01666 162.00551 161.99280 161.98806 161.98720 161.99203 162.01346 162.01269 162.00709 161.98011 161.93389 161.88529 161.83689 161.81663 161.80749 161.80786 161.78803 161.69757 161.66666 161.56900 161.56583 161.56820 161.58169 161.64817 161.71263 161.72894 161.71443 161.60391 161.56543 161.48251 161.47540 161.48091 161.48411 161.49363 161.43589 161.36583 161.24834 161.14597 161.12537 161.12060 161.10317 161.09760 161.04520 161.00749 161.04757 161.06423 161.06346 161.03249 160.99283 160.97617 160.95551 160.91266 160.88249 160.92694 160.94203 160.94920 160.94997 160.94600 160.90400 160.86503 160.85154 160.80789 160.80391 160.83091 160.86146 160.85591 160.81029 160.67174 160.66900 160.67457 160.76663 160.81406 160.83806 160.80314 160.80234 160.78926 160.75534 160.74123 160.73649 160.72300 160.75394 160.76503 160.80563 160.88489 160.92063 160.93211 160.88089 160.84934 160.83251 160.83643 160.84917 160.93251 160.98963 161.01743 161.02931 161.04757 161.05154 161.05234 161.04680 161.03963 161.01620 160.95829 160.90554 160.85471 160.70234 160.59997 160.30989 160.02537 159.82494 159.79597 159.73369 159.68963 159.68091 159.67297 159.65411 159.57951 159.46900 159.40551 159.36663 159.27854 159.23171 159.20314 159.14363 159.10986 159.03251 158.83449 158.77417 158.75394 158.73326 158.71243 158.54043 158.40549 158.26983 157.95634 157.75317 157.57617 157.55234 157.57694 157.58054 157.56743 157.42334 157.38763 157.37697 157.38249 157.37534 157.35177 157.25311 157.13723 157.06900 157.01863 156.88846 156.82300 156.71980 156.66703 156.60649 156.55194 156.50194 156.46903 156.43091 156.34600 156.31980 156.29877 156.27851 156.31923 156.35949 156.36506 156.36423 156.33609 156.29383 156.26146 156.21383 156.13529 156.11346 156.08169 156.06977 156.11097 156.18726 156.23249 156.37337 156.44326 156.42774 156.43171 156.46031 156.54203 156.56977 156.72734 156.78863 156.81031 156.80829 156.71186 156.66029 156.50311 156.45594 156.43214 156.42734 156.39914 156.30411 156.23534 156.27771 156.31349 156.19400 156.13726 156.05194 156.03803 156.01503 156.00471 156.00231 155.98489 155.91069 155.89600 155.85549 155.80434 155.82934 155.84437 155.85629 155.95989 155.99920 156.04043 156.24280 156.27020 156.28009 156.31783 156.34600 156.44443 156.44363 156.43566 156.39400 156.34126 156.33489 156.35869 156.50551 156.55589 156.67377 156.50017 156.42614 156.34203 156.19400 156.17020 156.17217 156.19800 156.34320 156.43966 156.51666 156.68843 156.86860 156.87040 156.73646 156.52774 156.38886 156.04597 155.98014 155.86583 155.72240 155.70789 155.68329 155.66743 155.64837 155.63491 155.64597 155.65551 155.61826 155.60234 155.59997 155.60551 155.61900 155.64517 155.70071 155.64043 155.62377 155.61980 155.60154 155.62300 155.71509 155.84854 156.03806 156.04717 155.99323 155.87097 155.84040 155.81346 155.78883 155.66663 155.65391 155.65551 155.68646 155.73886 155.81406 155.91066 155.97951 156.02651 156.04363 156.02611 155.83509 155.74680 155.66980 155.65474 155.65311 155.65551 155.70234 155.70949 155.72420 155.74363 155.77297 155.86611 155.97874 156.24043 156.25271 156.23211 156.18129 155.83686 155.72040 155.68726 155.69123 155.71029 155.72380 155.73966 155.80609 156.03486 156.13251 156.27929 156.25131 156.18666 156.04994 155.92814 155.74163 155.72220 155.71826 155.72060 155.73411 155.73569 155.72697 155.72537 155.72457 155.73017 155.73491 155.75871 155.78091 155.80234 155.81186 155.84837 155.85946 155.86109 155.85946 155.85314 155.84437 155.83486 155.93529 155.97454 156.43609 156.50594 156.52694 156.53886 156.56426 156.60469 156.69240 156.81126 156.85591 156.86189 156.84757 156.78646 156.76109 156.71263 156.67297 156.63889 156.63011 156.63094 156.64837 156.65037 156.63134 156.50631 156.45711 156.42294 156.32257 156.25271 156.11603 156.04440 155.98411 155.90231 155.85471 155.82454 155.77217 155.76586 155.74603 155.74600 155.75631 155.79203 155.74443 155.65274 155.64440 155.59837 155.59126 155.59360 155.60314 155.65311 155.75554 155.89874 155.91823 155.94126 155.93331 155.90951 155.90311 155.89360 155.89517 155.89834 155.93014 155.94323 155.94760 155.94443 155.93157 155.93449 156.08586 156.28009 156.37220 156.54043 156.63529 156.67614 156.69520 156.71263 156.72220 156.73411 156.75194 156.76820 156.84163 156.88889 156.92457 156.95829 156.94043 156.81580 156.77377 156.67537 156.60946 156.60866 156.61940 156.67614 156.73806 156.73646 156.74120 156.77851 156.78963 156.85769 156.88889 156.91266 156.95234 157.10869 157.13251 157.18846 157.19997 157.22297 157.22534 157.22257 157.17297 157.16269 157.14120 157.08269 156.99040 157.02991 157.06583 157.07454 157.09897 157.12694 157.13326 157.13249 157.13886 157.20317 157.24003 157.31106 157.32374 157.33011 157.33729 157.42257 157.48686 157.53849 157.60074 157.62057 157.61343 157.63566 157.64283 157.71186 157.79994 157.94340 157.94600 157.95791 158.02197 158.05317 158.05711 158.10869 158.22454 158.26029 158.27140 158.28646 158.39434 158.41660 158.43271 158.46426 158.48923 158.51343 158.50551 158.48329 158.44600 158.46771 158.53089 158.54277 158.59363 158.67537 158.79677 158.81980 158.88249 158.92377 158.94440 159.00074 159.00629 159.00234 158.96506 158.95711 158.95237 158.95237 159.00157 159.04123 159.15631 159.34680 159.43089 159.45549 159.46106 159.46026 159.47217 159.50551 159.53329 159.53409 159.50871 159.46106 159.38886 159.37697 159.30317 159.25471 159.24120 159.25074 159.28449 159.32297 159.36900 159.38966 159.39914 159.40474 159.39837 159.39680 159.40077 159.43563 159.46840 159.49560 159.49760 159.48274 159.45946 159.31980 159.15077 159.14040 159.13643 159.12694 159.10469 158.98729 158.97300 158.96903 158.96666 158.95197 158.93723 158.93249 158.93329 158.93723 158.95551 158.97931 159.00077 159.00791 159.01983 159.02534 159.01980 159.00551 158.89120 158.76823 158.74597 158.74360 158.70314 158.69917 158.69677 158.66109 158.61823 158.56800 158.52494 158.49206 158.45791 158.32334 158.33169 158.34997 158.34677 158.33886 158.33169 158.29123 158.22297 158.17931 158.17217 158.16897 158.18843 158.22057 158.23246 158.25154 158.29757 158.35469 158.44203 158.49557 158.50394 158.50829 158.49997 158.50154 158.51189 158.54757 158.58846 158.62380 158.66109 158.70554 158.75237 158.79997 158.91346 158.91743 158.91503 158.89440 158.87654 158.75151 158.63174 158.58906 158.52137 158.47734 158.46109 158.43489 158.41503 158.41183 158.43269 158.45471 158.47220 158.51583 158.75591 158.78411 158.79046 158.69757 158.63406 158.57457 158.53963 158.48923 158.48886 158.50311 158.54440 158.59760 158.63617 158.68409 158.73246 158.76823 158.79760 158.84360 158.91266 158.95949 158.99680 159.02691 159.04917 159.07217 159.08369 159.07614 158.81746 158.66109 158.49403 158.38169 158.38566 158.39120 158.38963 158.38329 158.36343 158.37377 158.52614 158.65234 158.70591 158.78131 158.81663 158.82614 158.82614 158.82057 158.81109 158.79163 158.74914 158.72297 158.71109 158.70789 158.70951 158.72931 158.74754 158.74677 158.77020 158.82614 158.82057 158.79997 158.78251 158.79003 158.90154 158.88723 158.93646 158.94120 159.28726 159.35989 159.39120 159.42377 159.43960 159.48254 159.53091 159.55789 159.59280 159.59757 159.58686 159.43437 159.39043 159.39914 159.52157 159.56186 159.62454 159.69620 159.83726 159.90000 160.00991 160.02260 160.02934 160.02340 160.00034 159.85231 159.90551 159.88131 159.70434 159.72217 159.80591 159.84520 159.91363 159.94123 159.94280 159.96900 159.98566 159.98686 159.95869 159.89523 159.86346 159.79160 159.75791 159.66026 159.55909 159.54443 159.55691 159.59280 159.72260 159.76069 159.77851 159.78726 159.80311 159.87189 159.97220 160.05314 160.07143 160.04443 160.04443 160.06474 160.08043 160.08886 160.08963 160.09283 160.09834 160.12417 160.16386 160.24680 160.25234 160.25631 160.26106 160.25791 160.24680 160.21529 160.18337 160.19711 160.20791 160.20551 160.20791 160.21823 160.32771 160.34123 160.39200 160.44677 160.45631 160.46146 160.44520 160.51026 160.61189 160.64363 160.71903 160.74880 160.75791 160.73329 160.72534 160.65354 160.61586 160.54837 160.51663 160.48963 160.47694 160.44283 160.39520 160.35471 160.35549 160.38169 160.40474 160.41269 160.41983 160.45711 160.48843 160.51343 160.51820 160.49677 160.47851 160.45946 160.47377 160.51506 160.52454 160.54120 160.56500 160.66046 160.73569 160.77063 160.85034 160.86900 160.90554 160.97220 161.03329 161.11189 161.12774 161.14286 161.15154 161.17297 161.21977 161.27691 161.28729 161.28806 161.29677 161.31109 161.42814 161.46506 161.46506 161.46031 161.45551 161.44049 161.36583 161.32297 161.31743 161.30237 161.30391 161.31823 161.32537 161.35671 161.50909 161.60711 161.62854 161.63806 161.65871 161.67374 161.69600 161.73389 161.78489 161.85474 161.86189 161.89837 161.96660 161.96900 161.96823 161.95631 161.94200 161.91580 161.90949 161.89837 161.88386 161.84840 161.82057 161.75629 161.70631 161.69757 161.69997 161.70866 161.72377 161.75154 161.76423 161.76500 161.76026 161.74003 161.70709 161.69280 161.69837 161.74040 161.76663 161.77377 161.77691 161.77851 161.76026 161.69223 161.63729 161.33846 161.31903 161.30951 161.30411 161.29934 161.28646 161.26583 161.19817 161.16189 161.16703 161.15777 161.10791 161.09920 161.10317 161.25869 161.29123 161.32143 161.42377 161.56977 161.90829 161.96263 162.13180 162.19600 162.39917 162.58726 162.63329 162.66663 162.66820 162.66423 162.64637 162.59640 162.55634 162.54166 162.53569 162.53729 162.55254 162.62377 162.73766 162.76506 162.78726 162.79123 162.78649 162.78091 162.77537 162.78883 162.83011 162.84520 162.84357 162.87537 162.92140 162.97137 163.00154 163.01980 163.02377 163.01026 163.00946 163.02534 163.02534"/>
<polygon color="rgb(220,220,220)" opacity="100" xc="24.95598 24.99529 25.03418 25.07222 25.10897 25.13442 25.11452 25.07823 25.04231 24.96282 24.92523 24.83162 24.79872 24.76752 24.73717 24.72415 24.72629 24.75554 24.79917 24.84103 24.91237 24.95598 24.95598" yc="163.15474 163.15869 163.16580 163.17614 163.19123 163.22137 163.25791 163.27060 163.28011 163.29043 163.29280 163.28966 163.28491 163.27537 163.26029 163.23566 163.20431 163.18011 163.16580 163.15869 163.15474 163.15474 163.15474"/>
<polygon color="rgb(220,220,220)" opacity="100" xc="39.61154 39.69745 39.76880 39.92649 39.96282 39.98546 40.00169 39.99829 39.96966 39.95212 39.90555 39.89017 39.82478 39.71754 39.57949 39.53718 39.50811 39.37606 39.34872 39.33589 39.35086 39.38118 39.41968 39.45512 39.53418 39.61154 39.61154" yc="163.06506 163.07851 163.10394 163.16266 163.17854 163.19440 163.21106 163.24520 163.27457 163.28883 163.31106 163.31820 163.33169 163.33486 163.31346 163.30074 163.29043 163.22217 163.19797 163.13966 163.10629 163.08886 163.07617 163.06823 163.06349 163.06506 163.06506"/>
<polygon color="rgb(220,220,220)" opacity="100" xc="53.50086 53.52200 53.52820 53.51323 53.47052 53.36368 53.29829 53.27349 53.24998 53.17223 53.05982 52.91069 52.87014 52.90300 52.96537 53.20000 53.28803 53.36240 53.39788 53.46880 53.50086 53.50086" yc="163.33486 163.35749 163.39757 163.43331 163.46823 163.51189 163.53249 163.53726 163.54517 163.55551 163.55154 163.54517 163.53426 163.49123 163.46586 163.37694 163.34834 163.33331 163.32854 163.32617 163.33486 163.33486"/>
<polygon color="rgb(220,220,220)" opacity="100" xc="60.10300 60.01923 59.91197 59.88886 59.86965 59.83505 59.75043 59.70814 59.61923 59.57349 59.53974 59.54380 59.55938 59.59612 59.63248 59.65898 59.71582 59.92349 60.03292 60.15386 60.20257 60.25298 60.29018 60.33974 60.41838 60.43695 60.40557 60.35042 60.28460 60.13974 60.10300 60.10300" yc="163.58411 163.58569 163.58411 163.58094 163.58411 163.58491 163.57540 163.56580 163.53089 163.50709 163.47931 163.44363 163.41897 163.38326 163.35551 163.34360 163.32457 163.27297 163.25077 163.24837 163.25234 163.26346 163.27614 163.30471 163.37297 163.44006 163.48806 163.51820 163.54360 163.57617 163.58411 163.58411"/>
<polygon color="rgb(220,220,220)" opacity="100" xc="20.99832 20.78805 20.71368 20.63718 20.54229 20.37818 20.25680 20.19231 20.14225 20.18588 20.22909 20.36409 20.33034 20.16240 20.12349 20.01280 19.94102 19.88686 19.77115 19.99549 20.03720 20.15512 20.19874 20.39788 20.53291 20.32714 20.23332 20.19017 20.08206 19.98846 19.90643 19.81622 19.76794 19.72682 19.76283 19.81849 19.90643 19.96828 19.57477 19.30640 19.05855 18.87457 18.84015 18.80832 18.67863 18.59829 18.31195 18.26100 18.20642 18.15812 18.11582 17.76965 17.45983 17.33462 17.29655 17.12308 17.08631 17.05085 17.01326 16.92137 16.78974 16.74700 16.68717 16.61368 16.58118 16.52198 16.46795 16.43720 16.40020 16.37577 16.32432 16.29103 16.25643 15.99914 15.72862 15.66325 15.63782 15.50728 15.45298 15.42011 15.38889 15.33718 15.27822 15.24405 14.82265 14.80855 14.76665 14.49058 14.45512 14.41028 14.35515 14.20600 14.13506 14.09211 14.05857 14.01195 13.96412 13.75897 13.72392 13.67717 13.51922 13.36688 13.37391 13.36583 13.19702 13.04037 13.00002 12.71068 12.64315 12.57432 12.28505 11.83165 11.69400 11.41752 11.37180 11.33932 11.32092 11.33246 11.19828 11.00212 10.80128 10.71111 10.75171 10.89017 10.93269 11.01111 11.17906 11.24062 11.27651 11.31283 11.35343 11.39146 11.42435 11.54466 11.40429 11.23078 11.26409 11.35042 11.38252 11.55086 11.57915 11.43160 11.39831 11.30855 11.27822 11.19123 11.23634 11.26754 11.44060 11.51285 11.55514 11.62737 11.66708 11.72822 11.79103 12.04700 12.08503 12.09295 12.56195 12.93995 13.10852 13.19362 13.30982 13.42309 13.44208 13.67094 13.70343 13.82271 13.85640 13.82903 13.82180 13.86134 13.94508 13.88482 13.85648 13.80918 13.82798 13.90428 14.01066 14.06582 14.26538 14.28934 14.23435 14.26240 14.30128 14.39528 14.44060 14.48611 14.52011 14.56411 14.67200 14.71538 14.76005 14.67894 14.63389 14.67243 14.72265 14.76326 14.80300 14.83760 14.87351 14.90900 14.94017 14.96965 15.04551 15.09189 15.11794 15.15514 15.19829 15.26045 15.30900 15.34486 15.41538 15.48378 15.58460 15.67566 15.98075 15.84968 15.93397 15.98077 16.03249 16.07115 16.09914 16.13885 16.17671 16.19360 16.19060 16.15748 15.95897 15.92732 15.77820 15.73420 15.69678 15.73848 15.77649 15.93332 16.04862 16.02020 15.92991 15.88440 15.91538 16.02092 16.07822 16.35514 16.46432 16.45225 16.48846 16.53440 16.56966 16.73123 16.76754 16.80640 16.98438 17.06966 17.04915 17.01542 17.04340 17.07137 17.11283 17.18717 17.26025 17.37605 17.41668 17.46688 17.49915 17.58409 17.54745 17.51923 17.46366 17.41237 17.19700 17.02906 16.96935 17.00898 17.16666 17.20814 17.29015 17.36143 17.41838 17.45897 17.50212 17.54315 17.58331 17.62137 17.65554 17.68800 17.97523 17.94146 17.91071 17.84143 17.80172 17.74272 17.70000 17.95618 18.00983 18.13288 18.22008 18.29831 18.33503 18.41582 18.45255 18.52222 18.58165 18.62072 18.66669 18.70428 18.75726 18.86508 18.78120 18.74874 18.68269 18.64103 18.59552 18.57180 18.50257 18.41923 18.38846 18.38120 18.42862 18.46582 18.60895 18.64080 18.88591 18.92437 18.98986 18.98802 19.02906 19.07223 19.11537 19.19398 19.43249 19.46838 19.50811 19.78505 19.85298 20.09660 20.09232 20.02520 19.98354 19.92266 19.88377 19.90577 19.93846 19.97308 20.00812 20.04445 20.37092 20.41111 20.96382 21.04229 21.14697 21.18162 21.29145 21.36026 21.39529 21.42862 21.70097 21.53802 21.49060 21.37306 21.28634 21.25598 21.01858 20.98025 20.99743 21.03506 21.06752 21.14786 21.36154 21.44017 21.56623 21.64832 21.68715 21.76411 21.80083 21.83546 21.94682 21.91540 21.75258 21.61495 21.52948 21.44017 21.27137 21.16538 21.11582 21.04657 21.05512 21.11560 21.20343 21.24531 21.32606 21.36538 21.62008 21.74102 21.80726 21.88846 22.00771 22.04745 22.12778 22.16752 22.24102 22.47734 22.38142 22.31498 22.27608 21.72265 21.41217 21.22563 20.99832 20.99832" yc="164.39757 164.42931 164.41266 164.40157 164.39363 164.38406 164.38171 164.38569 164.36523 164.33646 164.33331 164.32577 164.28329 164.20946 164.20154 164.19046 164.20286 164.21560 164.15791 163.99046 163.98091 163.99837 164.00234 163.98646 163.95771 163.76663 163.75946 163.76586 163.79840 163.83726 163.86660 163.88569 163.88609 163.83906 163.80711 163.82397 163.79046 163.71283 163.68329 163.74911 163.79366 163.82854 163.85471 163.88686 163.96146 163.96266 163.93883 163.90311 163.87214 163.87137 163.87454 163.88249 163.88726 163.87297 163.86423 163.81109 163.79283 163.77857 163.77063 163.77460 163.79046 163.79283 163.78806 163.75151 163.73249 163.69203 163.64757 163.59440 163.52534 163.45511 163.38406 163.36740 163.35314 163.27380 163.16029 163.12534 163.05331 162.92457 162.88929 162.89520 162.90397 162.89800 162.88011 162.86586 162.38889 162.30849 162.27774 162.14120 162.13249 162.13566 162.14600 162.12454 162.10629 162.08011 162.03409 161.98883 161.97134 161.91820 161.90949 161.91660 161.85634 161.69083 161.65237 161.63571 161.41026 161.25906 161.24203 161.20314 161.20074 161.20789 161.23566 161.16820 161.13411 161.01026 160.98649 160.95194 160.83966 160.76463 160.66106 160.59680 160.35946 160.24206 160.23809 160.26503 160.28923 160.37454 160.46426 160.48723 160.49834 160.50231 160.49834 160.48806 160.47454 160.39640 160.38329 160.32611 160.31823 160.31823 160.32886 160.34397 160.31009 160.03134 160.00474 159.94917 159.93409 159.91703 159.87300 159.86189 159.80551 159.79517 159.79200 159.79280 159.79597 159.81106 159.83563 159.93729 159.99123 160.09600 160.09834 160.01309 159.93251 159.83243 159.79440 159.81980 159.88966 159.97614 159.98091 159.97329 159.94480 159.91666 159.84397 159.83049 159.87534 160.04734 160.07663 160.18923 160.39183 160.49997 160.56383 160.56183 160.45314 160.36900 160.30617 160.11266 160.05077 159.97851 159.94837 159.93886 159.96740 160.00871 160.03409 160.00871 159.89480 159.77911 159.56246 159.48529 159.46026 159.45234 159.44754 159.44677 159.44994 159.46026 159.47454 159.49123 159.55831 159.62177 159.67494 159.70394 159.68769 159.62851 159.53966 159.54280 159.55234 159.56666 159.59280 159.62694 159.74360 159.84157 159.96977 159.97851 159.96383 159.92454 159.89283 159.88726 159.90911 159.97614 160.06109 160.10909 160.21903 160.23334 160.27854 160.28406 160.31563 160.33251 160.33331 160.32140 160.49123 160.56426 160.65871 160.72854 160.86583 160.91029 160.92617 160.65629 160.52297 160.43686 160.36420 160.32654 160.30631 160.25154 160.24043 160.23809 160.37017 160.48329 160.54594 160.59320 160.73171 160.76823 160.79280 160.80554 160.80711 160.80474 160.80631 160.81740 160.84123 160.96246 161.09680 161.14363 161.22531 161.27214 161.34680 161.36903 161.41703 161.48014 161.58566 161.58011 161.56266 161.50611 161.45714 161.44443 161.43411 161.42857 161.42614 161.42857 161.43963 161.45634 161.64203 161.83014 161.85394 161.87931 161.89680 161.93369 162.03486 162.20194 162.20869 162.19757 162.17857 162.16426 162.16269 162.16746 162.17537 162.19997 162.26860 162.33011 162.34920 162.35394 162.34163 162.21923 162.08289 162.05554 162.01786 162.00157 161.97454 161.93329 161.70394 161.38489 161.26186 161.16306 161.14837 161.13411 161.05631 160.99680 160.92694 160.92617 160.89757 160.83806 160.80431 160.78251 160.76823 160.75317 160.73411 160.73251 160.73649 160.81980 160.84360 160.99757 161.09640 161.29997 161.37137 161.39797 161.46189 161.51306 161.53569 161.54914 161.55949 161.56743 161.62854 161.63571 161.66229 161.66029 161.71029 161.72297 161.74600 161.75551 161.76897 161.78803 161.99697 162.31820 162.34363 162.38174 162.40474 162.41666 162.55869 162.61009 162.66500 162.67294 162.67457 162.66423 162.59757 162.57934 162.55869 162.55157 162.55394 162.56349 162.57377 162.58963 162.69597 162.74520 162.79760 162.83246 162.84994 162.87854 162.93489 162.98329 163.03289 163.19357 163.26983 163.39123 163.40786 163.40471 163.40629 163.41103 163.45391 163.48014 163.52971 163.56500 163.58646 163.59126 163.59523 163.59997 163.61586 163.74080 163.84523 163.88406 163.89834 164.09520 164.25231 164.34283 164.39757 164.39757"/>
<polygon color="rgb(220,220,220)" opacity="100" xc="68.79188 68.75172 68.68889 68.40471 68.61666 68.70131 68.73888 68.81409 68.84788 68.96882 68.99571 69.01346 68.98589 68.96538 68.95600 68.97180 68.99445 69.03548 69.08377 69.18889 69.29105 69.33165 69.47222 69.50086 69.51709 69.50382 69.23806 69.21366 69.06580 68.86880 68.83118 68.79188 68.79188" yc="164.53569 164.53329 164.52217 164.40549 164.38251 164.37774 164.37774 164.37137 164.36423 164.31903 164.30791 164.27697 164.24043 164.21029 164.18329 164.16269 164.15554 164.15157 164.15554 164.17063 164.18966 164.20074 164.24914 164.26263 164.27774 164.30077 164.48411 164.49680 164.51743 164.53329 164.53329 164.53569 164.53569"/>
<polygon color="rgb(220,220,220)" opacity="100" xc="60.61068 60.48675 60.41925 60.30512 60.26709 60.18335 60.14402 59.83163 59.75638 59.73289 59.71626 59.68162 59.67862 59.71562 59.77435 60.08206 60.13888 60.24143 60.41966 60.45426 60.48720 60.89745 60.97394 61.13974 61.33975 61.35683 61.40171 61.53140 61.66154 61.71883 61.76965 61.98802 62.03891 62.09506 61.97051 61.91751 61.83592 61.78291 61.66582 61.63506 61.44658 61.26495 61.23591 61.21752 61.20128 61.16540 61.01666 60.94145 60.90086 60.86369 60.78078 60.73675 60.61068 60.61068" yc="164.65231 164.66666 164.69203 164.71903 164.72694 164.72694 164.72300 164.64280 164.62057 164.60869 164.59600 164.48171 164.04286 163.96746 163.89200 163.74117 163.72297 163.69360 163.65711 163.64680 163.63409 163.46586 163.42214 163.43169 163.43014 163.42454 163.42774 163.46534 163.51506 163.54277 163.57143 163.69757 163.74357 163.81786 164.16666 164.20869 164.26420 164.29760 164.36346 164.37931 164.47537 164.52140 164.53489 164.56803 164.59680 164.60711 164.63963 164.65549 164.66026 164.65869 164.64594 164.64594 164.65231 164.65231"/>
<polygon color="rgb(220,220,220)" opacity="100" xc="38.43974 38.44445 38.51154 38.54265 38.54018 38.52435 38.50983 38.41878 38.40043 38.22008 38.19446 37.86195 37.73802 37.68205 37.61155 37.46322 37.38375 37.05555 37.01282 36.90428 36.86069 36.80085 36.78162 36.78825 36.90043 36.95383 37.00342 37.02951 37.09398 37.10983 37.14102 37.17778 37.39831 37.41666 37.58162 37.61497 37.64355 37.68205 37.72135 37.76111 37.82608 38.08162 38.22820 38.24998 38.27737 38.31408 38.39315 38.47137 38.54574 38.58078 38.60555 38.62692 38.64103 38.66283 38.68717 38.71925 38.78418 38.86111 39.19614 39.23077 39.27309 39.32608 39.35854 39.37692 39.43614 39.41432 39.39700 39.24786 39.17180 38.86626 38.81282 38.72946 38.60300 38.52011 38.48206 38.43974 38.43974" yc="164.02851 164.15911 164.19677 164.23111 164.27454 164.30869 164.32697 164.41820 164.43486 164.58883 164.60629 164.81106 164.88331 164.91349 164.94123 164.99600 165.01029 165.03571 165.02777 165.00157 164.98566 164.95074 164.93289 164.89363 164.82451 164.79837 164.76820 164.75154 164.70074 164.68489 164.64834 164.60074 164.27774 164.13566 163.78091 163.74754 163.72931 163.71186 163.69997 163.69123 163.66626 163.41103 163.34677 163.36026 163.36186 163.36026 163.34677 163.32854 163.30631 163.29280 163.27854 163.26269 163.24440 163.21026 163.19280 163.18089 163.16820 163.16743 163.23011 163.23726 163.24997 163.28729 163.31980 163.34997 163.50671 163.60911 163.63966 163.76743 163.82377 164.03686 164.04760 164.03886 164.01983 164.01266 164.01266 164.02851 164.02851"/>
<polygon color="rgb(220,220,220)" opacity="100" xc="53.22178 53.22392 53.22008 53.20834 53.18803 53.13032 53.08292 53.03248 52.99572 52.97415 52.94786 52.87606 52.70343 52.54146 52.50854 52.46580 52.43375 52.40855 52.18888 52.00854 51.93677 51.91452 51.80171 51.81794 51.90897 52.15426 52.17949 52.21326 52.30769 52.47777 52.51668 52.55554 52.57905 52.72908 53.02651 53.11155 53.31325 53.39232 53.45725 53.53160 53.65598 53.79657 54.15215 54.66325 54.85385 54.89314 54.99742 55.48634 55.52822 56.04529 56.07223 56.09572 56.18803 56.19037 56.15002 56.17478 56.31729 56.33932 56.37009 56.45685 56.49658 56.53975 56.58077 56.62095 56.67051 56.69486 56.76262 56.65428 56.55726 56.08291 55.95472 55.91238 55.86709 55.71283 55.68206 55.66497 55.65640 55.48677 55.45983 55.33802 55.24615 54.99614 54.83591 54.69446 54.65002 54.58289 54.55043 54.50340 54.42566 54.26326 54.22734 53.92049 53.87435 53.82948 53.80126 53.75472 53.71109 53.66368 53.31709 53.28632 53.24657 53.21923 53.22178 53.22178" yc="165.03966 165.07537 165.10629 165.13051 165.15234 165.16580 165.15869 165.14597 165.13171 165.11243 165.08489 165.06031 165.03489 165.01503 165.02063 165.02140 165.01589 165.00871 164.93409 164.87140 164.84277 164.82771 164.58566 164.56823 164.49123 164.29840 164.27931 164.26186 164.22851 164.18409 164.17771 164.17857 164.18966 164.20074 164.21029 164.21106 164.19997 164.18966 164.17377 164.17377 164.18251 164.19997 164.22934 164.21980 164.20711 164.19600 164.15789 164.09600 164.09520 164.10789 164.11660 164.13091 164.20077 164.25711 164.29443 164.41583 164.63643 164.65946 164.67377 164.69600 164.69600 164.69046 164.68169 164.67771 164.68649 164.70154 164.74680 164.86903 164.95194 165.05951 165.07454 165.07617 165.06823 165.03174 165.01823 165.00234 164.97771 164.94994 164.95866 165.03011 165.04523 165.06349 165.04997 165.04363 165.04203 165.05074 165.06823 165.08729 165.09600 165.10946 165.11026 165.09283 165.08806 165.07934 165.04917 165.01900 165.00631 164.99917 164.96583 164.96343 164.96980 164.99757 165.03966 165.03966"/>
<polygon color="rgb(220,220,220)" opacity="100" xc="80.22778 80.49145 80.52478 80.57223 80.62649 80.65020 80.66366 80.64765 80.62094 80.58035 80.49831 80.43418 80.27520 80.18418 80.14402 80.09786 80.07137 80.10685 80.17222 80.19188 80.22778 80.22778" yc="165.06980 165.12214 165.13409 165.15471 165.18089 165.20314 165.28491 165.30429 165.31660 165.32217 165.32771 165.32297 165.29837 165.28009 165.26983 165.25474 165.23334 165.16820 165.08963 165.06980 165.06980 165.06980"/>
<polygon color="rgb(220,220,220)" opacity="100" xc="43.52092 43.46195 43.41623 43.33546 43.20642 43.00129 42.94785 42.86154 42.48032 42.43592 42.39615 42.37094 42.30940 42.27989 42.26197 42.29102 42.39937 42.85897 42.97265 43.05085 43.34400 43.38632 43.61197 43.65769 43.68334 43.70812 43.74660 43.79188 43.83546 44.12605 44.20342 44.28163 44.46623 44.66966 44.70685 44.72800 44.67606 44.36709 44.32095 44.24957 44.20683 44.04871 43.92263 43.80857 43.66028 43.58162 43.52092 43.52092" yc="165.43331 165.42777 165.41823 165.41106 165.41106 165.41986 165.42063 165.41823 165.38329 165.37694 165.36186 165.34597 165.30157 165.26897 165.24043 165.10314 164.94520 164.83089 164.80631 164.79914 164.78883 164.78966 164.84123 164.85311 164.86820 164.89243 164.91583 164.92457 164.92854 164.93169 164.93091 164.91977 164.91266 164.93011 164.93409 164.96800 165.02614 165.20791 165.23094 165.25394 165.26503 165.29677 165.31743 165.34280 165.38409 165.40951 165.43331 165.43331"/>
<polygon color="rgb(220,220,220)" opacity="100" xc="24.50298 24.17394 24.14872 24.11238 24.06922 23.99871 23.68335 23.47649 23.41925 23.38802 23.35426 23.18418 23.02478 22.98377 22.93717 22.90354 22.95812 23.31025 23.49185 23.52437 23.59612 23.82434 23.97691 24.10597 24.18889 24.27223 24.31840 24.43932 24.71582 24.75640 24.94103 25.13888 25.20128 25.24998 25.26751 25.25834 25.06711 25.03589 24.86109 24.77692 24.73249 24.67946 24.65811 24.64894 24.50298 24.50298" yc="165.66189 165.90311 165.91583 165.91746 165.91583 165.90711 165.80157 165.71429 165.66189 165.64440 165.63726 165.60154 165.60629 165.61109 165.61031 165.59283 165.53883 165.29917 165.19680 165.18171 165.15391 165.04363 164.94677 164.88489 164.86346 164.85391 164.85151 164.87614 164.92537 164.93251 164.98646 165.09523 165.13094 165.16580 165.18329 165.20831 165.40474 165.41743 165.44600 165.45237 165.45946 165.47140 165.49320 165.52294 165.66189 165.66189"/>
<polygon color="rgb(220,220,220)" opacity="100" xc="31.37651 31.30172 31.26495 31.09358 30.83205 30.81142 30.76923 30.61411 30.40342 30.05255 29.92311 29.73768 29.63634 29.57788 29.52991 29.48758 29.44446 29.37948 29.23375 29.18846 29.15598 29.08718 28.78718 28.74102 28.69871 28.25812 28.14528 28.10683 28.06709 28.02822 27.72392 27.49958 27.23846 26.97392 26.80855 26.55086 26.50000 26.45385 26.24060 26.08740 26.04358 26.00042 25.95812 25.83117 25.79572 25.68251 25.66366 25.67342 25.70960 25.74997 25.85149 25.90382 25.78591 25.84405 25.88631 25.92905 26.05385 26.09614 26.14914 26.19795 26.21411 26.26326 26.46668 26.51665 26.55555 26.63118 26.68635 26.72778 26.77778 26.85300 26.89252 26.93674 27.01711 27.05683 27.43632 27.48162 27.56366 27.60428 27.64445 27.96152 28.27949 28.51837 28.76925 28.96580 29.05045 29.13034 29.21577 29.29785 29.41968 29.46028 29.50575 29.99657 30.31238 30.35300 30.42305 30.45640 30.58848 30.63963 30.70685 30.63803 30.60768 30.56452 30.52137 30.32435 30.20214 30.16451 30.12949 29.96965 29.84403 29.79831 29.75555 29.66837 29.62480 29.39049 29.38548 29.42477 29.46623 29.55000 29.76282 29.80512 30.01540 30.38632 30.42905 30.46752 30.51583 30.54615 30.75811 30.76923 30.81143 30.92691 31.01154 31.05342 31.13805 31.22222 31.26709 31.41048 31.40875 31.37651 31.37651" yc="165.91746 165.96663 165.97694 165.99920 166.01346 166.01449 166.01666 166.02457 166.03089 166.02457 166.01740 166.00311 165.98926 165.94263 165.90074 165.89437 165.89040 165.89197 165.94957 165.98091 165.98171 165.97851 165.94840 165.94366 165.93411 165.83091 165.79123 165.78329 165.78409 165.80234 165.76743 165.73174 165.74443 165.69280 165.65551 165.57617 165.54240 165.52300 165.46266 165.44243 165.46343 165.46503 165.46343 165.45394 165.43609 165.24914 165.17177 165.09360 165.03966 165.01589 164.97694 164.59757 164.52654 164.36189 164.34126 164.33646 164.33489 164.33091 164.31663 164.27100 164.20511 164.18329 164.11937 164.11900 164.13091 164.16029 164.16820 164.16980 164.14914 164.04520 163.97554 163.92763 163.88886 163.87454 163.78649 163.78091 163.78014 163.78091 163.78489 163.85394 163.92534 163.98014 164.05471 164.04597 164.02534 164.01743 164.01743 164.02140 164.03251 164.04123 164.06306 164.17220 164.26186 164.27377 164.30077 164.31823 164.39991 164.45491 164.67857 165.04637 165.07143 165.08729 165.09757 165.09283 165.07537 165.06583 165.05951 165.03806 165.02537 165.02297 165.02777 165.05394 165.06746 165.22757 165.28983 165.32057 165.33251 165.34520 165.34834 165.35151 165.38251 165.41106 165.41106 165.41900 165.44003 165.46266 165.48963 165.49177 165.49989 165.52214 165.53963 165.55071 165.57454 165.59997 165.62494 165.82414 165.89003 165.91746 165.91746"/>
<polygon color="rgb(220,220,220)" opacity="100" xc="43.61323 43.65260 43.67222 43.68846 43.69200 43.66262 43.64058 43.58077 43.56665 43.56197 43.52734 43.49018 43.45638 43.42137 43.26068 43.29317 43.57649 43.61323 43.61323" yc="166.12777 166.13726 166.15311 166.17654 166.22791 166.29160 166.31660 166.36026 166.36423 166.37297 166.37929 166.37851 166.36343 166.33251 166.17220 166.15789 166.12697 166.12777 166.12777"/>
<polygon color="rgb(220,220,220)" opacity="100" xc="41.45083 41.47435 41.51111 41.57351 41.64315 41.69529 41.76112 41.85642 41.87863 41.87649 41.86815 41.84829 41.82692 41.80683 41.69614 41.63975 41.55855 41.47480 41.44191 41.34660 41.27649 41.18889 41.17051 41.12137 41.10618 41.11731 41.14057 41.18415 41.21109 41.23931 41.36240 41.45083 41.45083" yc="166.05631 166.06346 166.09603 166.14363 166.19123 166.22297 166.25391 166.28406 166.31129 166.37929 166.40431 166.42937 166.44523 166.45394 166.48329 166.49363 166.49363 166.46746 166.45154 166.39043 166.34283 166.27931 166.26343 166.20789 166.17337 166.12577 166.10000 166.06820 166.05866 166.05469 166.05071 166.05631 166.05631"/>
<polygon color="rgb(220,220,220)" opacity="100" xc="54.82052 54.91069 54.90300 54.85428 54.82906 54.64315 54.59229 54.54402 54.50425 54.45814 54.40685 54.36794 54.33677 54.31818 54.33375 54.35212 54.58462 54.60597 54.76238 54.80298 54.82052 54.82052" yc="166.16900 166.23449 166.26937 166.32774 166.34757 166.48091 166.50869 166.52691 166.53649 166.53486 166.52534 166.51189 166.49757 166.46189 166.42060 166.40234 166.22134 166.20789 166.17140 166.16503 166.16900 166.16900"/>
<polygon color="rgb(220,220,220)" opacity="100" xc="64.17352 64.22306 64.23763 64.32649 64.35938 64.52735 64.54509 64.54871 64.53888 64.53417 64.51411 64.47008 64.44146 64.25342 63.98909 63.98289 63.99058 64.00983 64.02780 64.06154 64.17352 64.17352" yc="166.40949 166.42060 166.43649 166.54760 166.59437 166.87854 166.91680 166.96186 166.98406 166.98723 167.01029 167.01983 167.01503 166.93406 166.55749 166.49680 166.46349 166.42534 166.40709 166.39363 166.40949 166.40949"/>
<polygon color="rgb(220,220,220)" opacity="100" xc="31.68420 31.53760 31.44658 31.31068 31.27609 30.98597 30.81143 30.77349 30.76925 30.64955 30.51665 30.35212 30.16943 30.13762 30.10683 30.06111 29.78845 29.55214 29.29826 28.98378 28.67222 28.63752 28.52991 28.35040 28.30642 28.24314 28.18803 28.07308 27.98503 27.91837 27.88762 27.84060 27.71068 27.49275 27.32608 27.21283 27.13377 26.75769 26.59745 26.09488 25.96966 25.82137 25.64103 25.72445 25.81880 25.87931 25.93503 26.06925 26.11238 26.23848 26.32178 26.48122 26.55514 26.63934 26.79528 27.01882 27.36151 27.48762 27.78548 27.81752 27.86337 27.90043 27.96922 28.00728 28.05129 28.09488 28.22694 28.34528 28.45340 28.51922 28.56775 28.59998 28.75983 28.81325 28.80340 28.96925 29.01325 29.22692 29.26922 29.44958 29.55725 29.66837 29.75640 29.88975 30.02349 30.13546 30.22392 30.32520 30.38075 30.42394 30.46711 30.74998 30.76923 30.79403 30.81142 30.83803 30.89637 30.93963 30.99488 31.03931 31.12777 31.39102 31.64829 31.68462 31.81132 31.90683 31.91091 31.79358 31.68420 31.68420" yc="167.30551 167.37934 167.39006 167.39440 167.40391 167.58526 167.65340 167.66820 167.66929 167.69994 167.74043 167.79363 167.86786 167.87934 167.88174 167.87854 167.85314 167.81503 167.76663 167.69043 167.55074 167.47454 167.40789 167.39597 167.38649 167.35474 167.32294 167.28726 167.27217 167.26503 167.26983 167.28251 167.29363 167.29123 167.27774 167.25709 167.23806 167.14120 167.09917 166.96263 166.91980 166.81506 166.65949 166.56780 166.50791 166.48369 166.48091 166.48966 166.49363 166.52534 166.54994 166.60151 166.63726 166.66109 166.69600 166.72694 166.75791 166.75869 166.68091 166.66503 166.61406 166.56106 166.49603 166.48886 166.48966 166.49363 166.49363 166.48726 166.47697 166.47854 166.48689 166.50631 166.63174 166.70314 166.77774 166.81186 166.81746 166.76583 166.75394 166.66426 166.59123 166.54994 166.55157 166.54200 166.52691 166.50631 166.50471 166.52300 166.55949 166.57140 166.58246 166.63889 166.64129 166.64443 166.64474 166.64520 166.62974 166.58706 166.56186 166.55391 166.55471 166.57931 166.58091 166.58963 166.72891 167.01663 167.09674 167.21189 167.30551 167.30551"/>
<polygon color="rgb(220,220,220)" opacity="100" xc="85.68162 85.71625 85.75897 85.79017 85.89349 85.85771 85.72008 85.67378 85.60468 85.29914 85.24445 85.20642 85.18120 85.16154 85.06475 85.20897 85.50854 85.58889 85.63975 85.68162 85.68162" yc="167.64757 167.65389 167.66503 167.67771 167.75629 167.79914 167.84597 167.85714 167.87380 167.93169 167.93963 167.93883 167.93489 167.92140 167.79914 167.72223 167.66189 167.64594 167.64360 167.64757 167.64757"/>
<polygon color="rgb(220,220,220)" opacity="100" xc="51.12605 50.93055 50.89508 50.83888 50.76966 50.73034 50.64914 50.52265 50.34826 50.21666 50.17606 50.09702 50.05855 50.01754 49.84657 49.75854 49.57263 49.13632 49.00854 48.96411 48.66860 48.65898 48.73632 48.86923 48.97052 49.01538 49.05385 49.10769 49.17671 49.19894 49.14700 48.96709 48.75555 48.59894 48.63374 48.68122 48.92563 48.96580 49.00254 49.16368 49.13514 49.21111 49.33760 49.37818 49.42394 49.58185 49.51154 49.46240 49.49315 49.79146 50.14189 50.23203 50.27520 50.30855 50.45128 50.47714 50.51625 50.55683 50.67822 50.79402 50.95685 50.99082 50.94229 50.90726 50.77266 50.73163 50.31112 50.27134 50.10386 49.97991 49.89614 49.81797 49.75789 49.59474 49.73291 49.84188 49.88886 49.99528 50.06965 50.10512 50.18417 50.22394 50.29231 50.33589 50.54957 50.77617 50.74529 50.64402 50.58965 50.61603 50.66923 50.74743 50.87095 50.90428 50.91111 50.93783 51.00002 51.03160 51.16709 51.21282 51.25045 51.34103 51.47266 51.51452 51.55128 51.51368 51.46260 51.40768 51.28120 51.22543 51.17735 51.47520 51.60514 51.65171 51.67746 51.69977 51.76089 51.81922 51.86838 52.01625 52.40215 52.56794 52.67991 53.00042 53.15426 53.20086 53.23034 53.26154 53.35169 53.43717 53.48163 53.52051 53.55940 53.59614 53.63460 53.68225 53.71495 53.76817 53.82862 53.98205 54.01774 53.98929 53.87182 53.74143 53.68474 53.66946 53.49615 53.45343 53.31409 53.27865 53.24049 53.28675 53.69786 53.89700 53.93548 54.10048 54.04723 54.00769 53.71240 53.52862 53.21882 53.10512 53.01966 52.92008 52.84274 52.79274 52.74360 52.69745 52.58462 52.52651 52.29315 52.03377 51.97477 52.06817 52.03698 51.99617 51.94531 51.89997 51.85555 51.82180 51.75983 51.71195 51.59015 51.52220 51.48674 51.40768 51.36454 51.31538 51.21708 51.12605 51.12605" yc="167.66897 167.71186 167.74323 167.78966 167.81977 167.83409 167.85631 167.88251 167.89840 167.92297 167.93409 167.96266 167.97929 167.99043 168.02137 168.03249 168.04360 168.05394 168.04760 168.03646 167.90237 167.77140 167.56463 167.48326 167.43726 167.42694 167.41106 167.37934 167.33289 167.25589 167.23886 167.22774 167.23966 167.13131 167.04994 166.98920 166.88171 166.87140 166.86820 166.82697 166.58923 166.56269 166.54520 166.53726 166.51903 166.40869 166.37929 166.38489 166.34040 166.30471 166.30789 166.31031 166.30711 166.29917 166.24717 166.21346 166.19677 166.18806 166.16503 166.14520 166.10197 166.01740 165.95157 165.94046 165.92934 165.92774 165.93254 165.93411 165.94443 165.96186 165.97060 165.97617 165.96980 165.79637 165.77537 165.75871 165.75000 165.72140 165.69357 165.67691 165.62854 165.60629 165.57454 165.56663 165.52851 165.47337 165.44046 165.39046 165.34083 165.15826 165.15671 165.15471 165.13569 165.12300 165.11583 165.10749 165.10629 165.11186 165.23689 165.25631 165.25871 165.25871 165.26266 165.27294 165.34360 165.34123 165.31980 165.30391 165.28329 165.29480 165.34240 165.42063 165.43331 165.41783 165.38051 165.33051 165.31226 165.30949 165.31263 165.33169 165.38806 165.42537 165.46266 165.52614 165.55231 165.58209 165.60791 165.61826 165.62217 165.61740 165.61189 165.60317 165.59363 165.58171 165.57300 165.57857 165.59680 165.63449 165.68960 165.87214 166.01663 166.04917 166.09440 166.13726 166.18466 166.24814 166.33331 166.33729 166.33646 166.33886 166.36917 166.40389 166.54363 166.60391 166.61823 166.73554 166.82300 166.84523 166.96503 167.03331 167.13489 167.16823 167.18489 167.19920 167.20394 167.20314 167.19920 167.18571 167.14917 167.12851 167.12137 167.19677 167.31580 167.46940 167.50269 167.51503 167.50789 167.48246 167.47220 167.48011 167.50789 167.53569 167.60551 167.63569 167.64837 167.66663 167.67294 167.67454 167.66503 167.66897 167.66897"/>
<polygon color="rgb(220,220,220)" opacity="100" xc="67.20083 67.25514 67.31538 67.36323 67.65085 68.05297 68.38975 68.51368 68.76709 68.85085 68.88335 68.90855 68.94360 68.95942 68.97180 68.95002 68.92351 68.89831 68.82563 68.73631 68.23674 68.13460 67.96922 67.85214 67.80857 67.70640 67.62008 67.25469 67.24188 67.18675 67.15982 67.12908 67.09743 67.02094 66.95278 66.97054 67.00855 67.05428 67.09529 67.20083 67.20083" yc="168.23886 168.24363 168.25234 168.26189 168.31503 168.38326 168.43566 168.45237 168.50074 168.52614 168.53880 168.55311 168.57934 168.59680 168.62220 168.66106 168.67854 168.68960 168.71109 168.72531 168.75549 168.75471 168.74677 168.73409 168.72531 168.70554 168.68169 168.55909 168.52300 168.43091 168.39914 168.37057 168.35711 168.31743 168.27020 168.25631 168.24917 168.24123 168.23726 168.23886 168.23886"/>
<polygon color="rgb(220,220,220)" opacity="100" xc="40.62478 40.58380 40.46882 40.42692 40.25385 40.07822 40.03417 39.98888 39.72051 39.29103 39.24486 39.15598 39.10257 38.85728 38.67820 38.53120 38.43675 38.28012 38.21366 38.15814 37.94957 37.87222 37.83289 37.78463 37.75426 37.71882 37.50068 37.53377 37.55983 37.61091 37.67134 37.71711 37.80600 37.85342 38.22094 38.26882 38.30897 38.44102 38.48248 38.61155 38.86582 38.92137 38.95258 38.71709 38.44275 38.41977 38.44315 38.49446 38.60129 38.64831 38.74231 38.79103 39.12072 39.17180 39.21366 39.28698 39.59146 39.64017 39.68675 39.72523 39.80086 39.87518 39.92489 40.00278 40.05683 40.20385 40.26858 40.21454 40.02052 39.92563 39.79531 39.74274 39.67480 39.73762 39.88631 39.92395 39.96666 40.01369 40.06068 40.10897 40.15854 40.14315 40.20086 40.42009 40.46220 40.31368 40.44529 40.50900 40.55429 40.81835 40.86283 40.89746 41.04295 40.98762 40.94060 40.90429 40.86240 40.78677 40.73683 40.78418 40.75512 40.70855 40.57095 40.52563 40.35042 40.26752 40.22780 40.01666 39.93872 39.98460 40.02223 40.39872 40.75983 40.85129 40.92311 40.95683 40.82177 40.72745 40.63291 40.51409 40.42692 40.33460 40.19829 40.10683 39.94786 39.86409 39.78034 39.74446 39.67351 39.59571 39.55728 39.45385 39.38802 38.97437 38.92866 38.75983 38.72094 38.66369 38.53291 38.44315 38.38632 38.46772 38.73760 39.23929 39.28077 39.36535 39.44060 39.53118 39.70726 39.82951 39.88238 39.93420 39.96537 40.01238 40.05683 40.10258 40.15480 40.18889 40.26238 40.29532 40.33546 40.38291 40.49232 40.63888 40.72694 40.77223 40.90597 40.95214 41.13120 41.17180 41.20897 41.28632 41.33246 41.50086 41.58931 41.64745 41.70769 41.79105 41.83675 41.88034 41.96538 42.00771 42.04871 42.02094 41.93377 41.82448 41.84060 41.87478 41.95043 42.08420 42.12522 42.16837 42.21325 42.30511 42.35172 42.47860 42.54271 42.61708 42.79658 42.83462 42.87222 43.33334 43.85129 43.89957 43.95622 44.08846 44.12820 44.17009 44.25942 44.47778 44.51882 44.58332 44.59006 44.61751 44.80643 44.84018 44.86742 44.89125 44.94443 44.99188 45.22095 45.38632 45.64657 45.83075 46.29700 46.36763 46.59531 46.84702 46.88418 47.08205 47.32608 47.65395 47.57863 47.54849 47.65897 47.70791 47.74272 47.77565 47.73975 47.70898 47.40217 47.06729 47.03334 47.00343 46.95428 46.88931 46.84448 46.73763 46.65685 46.55172 46.47426 46.49445 46.53375 46.48974 46.45938 46.42862 46.36475 46.41325 46.49658 46.59614 46.66283 46.86635 46.80982 46.43460 46.37951 46.29272 46.21068 46.17094 46.12822 46.05769 46.05769 46.19572 46.28717 46.31548 46.23932 46.14615 46.10385 45.94806 45.80342 45.71835 45.65298 45.61883 45.33783 45.30043 45.24957 45.20938 45.06835 44.92222 44.87605 44.82478 44.62777 44.33911 44.30855 44.38034 44.43548 44.63697 44.60683 44.47094 44.39189 44.34358 44.30042 44.25897 44.14148 43.81497 43.78163 43.64915 43.61708 43.25855 43.22694 43.16583 43.10106 43.05383 43.00086 42.93289 42.64700 42.51837 42.46452 42.49468 42.47391 42.26326 42.22180 42.17351 41.96794 42.00215 42.04509 42.07009 42.13955 42.13174 41.89443 41.70385 41.65535 41.42178 41.38803 41.32308 41.13460 41.02222 40.92562 40.62478 40.62478" yc="169.50234 169.51586 169.57774 169.59123 169.61263 169.62297 169.62534 169.62214 169.59677 169.54917 169.54046 169.51823 169.51269 169.49286 169.48329 169.47217 169.45866 169.42337 169.42140 169.42774 169.48411 169.50554 169.51106 169.51191 169.49760 169.44677 169.04877 168.70314 168.66426 168.63529 168.61743 168.60869 168.60317 168.60471 168.62697 168.63171 168.63966 168.68089 168.69440 168.71346 168.66269 168.64363 168.58211 168.36186 168.12774 168.05689 168.01026 167.99360 167.99043 167.99440 168.00629 168.01897 168.17614 168.23409 168.31503 168.43806 168.53880 168.54837 168.54757 168.54363 168.53089 168.51266 168.45443 168.38326 168.37137 168.33169 168.27217 168.21900 168.14363 168.11109 168.07851 168.04677 167.94440 167.90237 167.87934 167.87537 167.87854 167.88251 167.88966 167.90000 167.93491 167.99043 168.01640 168.00629 167.97871 167.81660 167.85714 167.88726 167.90077 167.96426 167.95711 167.93963 167.80411 167.76743 167.76266 167.77217 167.77217 167.75949 167.71643 167.63883 167.61823 167.61426 167.61266 167.61426 167.63171 167.63406 167.62694 167.56029 167.50471 167.47771 167.47694 167.48489 167.48963 167.48963 167.47297 167.38889 167.19283 167.13269 167.15394 167.17857 167.19203 167.19920 167.19443 167.18886 167.19997 167.21189 167.22694 167.23646 167.25709 167.28409 167.30071 167.33249 167.34283 167.37060 167.36820 167.35000 167.34283 167.31580 167.24997 167.20474 167.12594 166.97374 166.73091 166.48726 166.47223 166.45077 166.44126 166.43491 166.43331 166.41897 166.40903 166.39120 166.38329 166.38014 166.38171 166.39200 166.42237 166.49206 166.52854 166.54440 166.56026 166.57534 166.60549 166.63409 166.64680 166.65077 166.65554 166.66191 166.70074 166.71583 166.73326 166.76266 166.76897 166.75791 166.75471 166.75789 166.76897 166.78963 166.79360 166.78963 166.77534 166.76500 166.74520 166.71583 166.68686 166.58746 166.52931 166.50314 166.46826 166.41580 166.40389 166.39914 166.40311 166.41663 166.42534 166.45949 166.47931 166.49520 166.51743 166.52140 166.52217 166.47143 166.39200 166.38131 166.33783 166.25549 166.24280 166.23566 166.23963 166.28009 166.28169 166.24577 166.14580 166.09046 165.99997 165.99043 165.80691 165.71940 165.64043 165.58729 165.37134 165.29043 165.21506 165.17137 165.08169 165.10909 165.17371 165.17854 165.18171 165.21189 165.25077 165.40431 165.48449 165.61006 165.66189 165.68446 165.72417 165.88209 165.90951 165.92297 166.09440 166.29323 166.31903 166.35471 166.42611 166.51383 166.53171 166.54363 166.54520 166.54280 166.57257 166.66346 166.81583 166.89043 166.91663 166.93566 166.96877 167.00234 167.03251 167.05554 167.08943 167.37437 167.41580 167.51583 167.52297 167.49677 167.47140 167.46820 167.47614 167.53011 167.53966 167.59997 167.65631 167.69397 167.77931 167.81660 167.82691 167.86031 167.88726 167.90789 167.97160 168.07854 168.04797 168.02060 167.99757 167.99440 167.99917 167.98091 167.97060 167.94677 167.96823 168.00471 168.05211 168.11423 168.16266 168.38366 168.40869 168.46746 168.47257 168.43966 168.44046 168.45551 168.50234 168.68089 168.69917 168.77694 168.78806 168.81743 168.81823 168.81349 168.79560 168.75711 168.72694 168.69754 168.62300 168.61429 168.53486 168.44163 168.37617 168.20866 168.19877 168.21383 168.39517 168.49120 168.51463 168.55469 168.74957 168.82994 168.96826 169.05431 169.16823 169.36186 169.37854 169.39360 169.42854 169.42854 169.42854 169.50234 169.50234"/>
<polygon color="rgb(220,220,220)" opacity="100" xc="46.96668 46.81366 46.77394 46.72992 46.57394 46.52435 46.46880 46.41966 46.11751 46.05298 46.02818 45.85642 45.88014 45.90980 45.93248 45.96752 46.00342 46.04572 46.09872 46.14528 46.46026 46.56582 46.61409 46.64658 46.69572 46.74742 46.79317 46.83592 47.12480 47.20642 47.22735 47.23674 47.23462 47.22500 47.21069 47.19626 47.22863 47.27135 47.31838 47.47692 47.74189 47.79062 47.89531 47.95385 48.03203 48.19531 48.23289 48.23975 48.14486 48.03891 47.91283 47.89403 47.56663 47.52222 47.48205 47.23377 47.06965 47.02052 46.96668 46.96668" yc="171.74203 171.80786 171.83489 171.85394 171.85869 171.85634 171.85077 171.83886 171.71349 171.68566 171.66977 171.52537 171.17971 171.13889 171.12300 171.10474 171.08883 171.07691 171.07057 171.06977 171.07614 171.08246 171.09357 171.10871 171.12300 171.12380 171.11983 171.11109 171.02217 170.99600 170.98646 170.96069 170.89360 170.81386 170.78883 170.75711 170.72774 170.71826 170.71026 170.68806 170.64043 170.62774 170.57377 170.46980 170.57774 170.77691 170.81029 170.84914 171.33091 171.47220 171.63569 171.65077 171.78486 171.80154 171.80869 171.76817 171.73723 171.73489 171.74203 171.74203"/>
<polygon color="rgb(220,220,220)" opacity="100" xc="53.79872 53.77563 53.74572 53.75000 53.69743 53.64789 53.58932 53.53760 53.19317 53.09018 52.29828 52.26409 52.18972 52.09317 52.07820 52.12606 52.21242 52.51795 52.57903 52.63375 52.69360 52.75085 52.80471 52.90597 53.14828 53.49829 53.55342 53.83545 53.87478 53.89232 53.79872 53.79872" yc="173.34360 173.36266 173.37297 173.37851 173.39594 173.40551 173.41500 173.42137 173.42774 173.42857 173.39437 173.39200 173.38014 173.34200 173.32771 173.31583 173.30471 173.27380 173.28174 173.29203 173.29677 173.29840 173.29520 173.28011 173.22694 173.16900 173.16820 173.21900 173.23409 173.25077 173.34360 173.34360"/>
<polygon color="rgb(220,220,220)" opacity="100" xc="57.34188 57.18203 57.03375 56.89914 56.65002 56.39955 56.12692 56.06295 56.10258 56.17318 56.13032 56.07182 55.99551 55.95320 55.89871 55.85469 55.76154 55.70854 55.33034 55.27989 55.14788 55.07606 55.01411 54.96368 54.80278 54.79123 54.91925 54.95043 55.07606 55.12862 55.33632 55.49403 55.61198 55.80257 55.86537 56.13118 56.27778 56.52349 56.73675 56.77746 56.73335 56.68055 56.52948 56.46155 56.12734 55.86240 55.69958 55.59015 55.52734 55.48420 55.44489 55.40045 55.18418 55.14658 55.06880 55.02948 54.99188 54.95642 54.90300 54.83889 54.87908 55.10385 55.31966 55.36409 55.52737 55.27437 55.16368 54.86560 54.82223 54.75598 54.71669 54.65726 54.61608 54.62480 54.54445 54.50340 54.36452 54.13205 53.93334 53.56452 53.50640 53.46452 53.44465 53.40982 53.36626 53.33205 53.19572 53.11998 53.21026 53.38335 53.58377 53.61729 53.58332 53.51880 53.27480 53.16880 53.07565 53.03505 53.07522 53.11452 53.16497 53.33205 53.41152 53.47222 53.80726 53.79071 54.00683 54.27265 54.31583 54.36965 54.53932 54.62908 54.69362 54.73377 54.91625 55.16878 55.21795 55.25875 55.20385 55.07735 55.02820 54.87520 54.70898 54.59272 54.53292 54.46622 54.41797 54.36249 54.53442 54.57820 54.63888 54.68077 54.71111 54.91025 55.24060 55.37692 55.42520 55.46283 55.54657 55.67608 55.71282 55.63162 55.58932 55.53975 55.43762 55.36837 55.02949 54.80769 54.53078 54.37137 54.31283 54.21174 54.11751 54.08160 53.99615 53.90342 53.85386 53.79872 53.74272 53.64274 53.58120 53.46668 53.35638 53.19443 53.07992 53.02092 52.81283 52.39743 52.33848 52.27725 52.37349 52.53505 52.73589 52.77694 52.84017 52.88462 52.97820 53.07905 53.14102 53.17097 53.13803 53.09489 53.05554 53.01112 52.97391 52.90428 52.86623 52.77309 52.71923 52.34060 52.23418 52.18332 51.93762 51.88334 51.91538 51.96058 51.91580 51.74785 51.67863 51.62992 51.38695 51.33205 51.27457 51.31409 51.36325 51.59317 51.63846 51.97437 52.33165 52.41838 52.48589 52.75300 52.78418 52.85254 52.94337 52.98823 53.08162 53.13631 53.23331 53.34529 53.41132 53.47937 53.44400 53.39102 53.34186 53.27608 53.22435 53.12137 53.01114 52.95255 52.88975 52.79006 52.83248 53.19957 53.28035 53.33289 53.44057 53.68463 53.79489 54.12777 54.23334 54.30085 54.39060 54.63846 54.83974 55.04960 55.10088 55.20000 55.24477 55.19831 54.94488 54.78889 54.74400 54.64528 54.59915 54.44317 54.41114 54.26325 54.23248 54.35214 54.42908 54.57608 54.68974 54.74785 54.79123 54.74315 54.50852 54.45002 54.28035 54.11411 54.07265 54.01920 53.96711 53.92137 53.86323 53.82820 53.78760 53.74829 53.54789 53.34614 53.20172 53.00640 52.54188 52.28035 52.18802 52.05685 51.81111 51.76709 51.72138 51.67692 51.26795 51.21366 51.16668 51.07372 51.10512 51.17308 51.23249 51.26754 51.34188 51.39871 51.46366 51.51966 51.57051 51.64788 51.69777 51.66283 51.56497 51.34146 51.27254 51.38269 51.41452 51.45131 51.50128 51.54958 51.69358 51.80683 51.90383 51.94872 52.06729 52.09529 52.06325 52.00814 51.71325 51.65728 51.60214 51.42522 51.36709 51.41154 51.55300 51.71666 51.75257 51.79146 51.87308 52.25811 52.33718 52.37734 52.41068 52.45983 52.53334 52.61626 52.70640 53.09957 53.20002 53.29915 53.55257 53.60982 53.70512 53.86925 53.92865 54.03335 54.13163 54.18974 54.23334 54.45363 54.48302 54.79358 54.82822 54.88183 54.94198 54.87777 54.83035 54.75854 54.30855 54.15002 54.09231 53.76668 53.58422 53.36966 52.97608 52.86749 52.83462 52.71325 52.64765 52.67306 52.83758 53.11197 53.23974 53.39102 53.40042 53.36582 53.59743 53.71146 53.81752 53.88238 53.91922 54.20768 54.27694 54.31154 54.35385 54.40169 54.50212 54.55683 54.60514 54.77842 54.71882 54.67885 54.62842 54.61238 54.80555 55.00642 55.29789 55.24831 55.20043 55.14551 55.06217 55.31195 55.38889 55.43118 55.52820 55.58462 55.68932 55.75768 55.93632 56.17651 56.26345 56.39038 56.43075 56.48526 56.55823 56.54828 56.44231 56.51665 56.73077 56.90369 56.87135 56.82906 56.79785 56.76026 56.73078 56.70705 56.77092 56.84015 56.87466 56.96411 56.99871 57.03163 57.07435 57.11369 57.14700 57.22606 57.27051 57.41540 57.48589 57.53035 57.56792 57.81580 57.94145 58.02566 58.09445 57.97906 57.82780 57.73654 57.58515 57.67692 57.82778 57.92009 58.01409 58.13845 58.18291 58.22949 58.61878 58.66968 58.71495 58.78717 58.82052 58.87735 58.91966 59.10640 59.21749 59.35042 59.64529 59.70600 59.75940 59.80834 59.75642 59.64358 59.58805 59.28077 59.24018 59.18634 59.09274 58.98632 58.88078 58.77608 58.72392 58.66882 58.62437 58.56538 58.52008 58.46923 58.25942 58.06923 57.99488 57.85426 57.76237 57.65642 57.58162 57.53249 57.49915 57.40728 57.50472 57.67648 58.09402 58.13248 58.18334 58.32649 58.37906 58.42092 58.67522 59.27563 59.69403 59.78462 60.17565 60.41197 60.76580 60.81111 60.91451 60.96840 60.93717 60.78037 60.72565 60.67052 60.61282 60.28934 59.98589 59.68418 59.32435 58.93546 58.61838 58.08762 57.98548 57.83462 57.72522 57.68162 57.31238 57.25106 57.21731 57.16752 57.12352 57.08377 56.91837 56.57265 56.52435 56.46925 56.41580 56.35985 56.22314 56.19574 55.99700 55.71668 55.67094 55.60812 55.57223 55.52265 55.37649 55.01326 54.94146 54.96003 54.99529 55.23717 55.30388 55.44702 55.47778 55.52009 55.54252 55.57737 55.62651 55.72349 55.77392 55.92265 56.01582 56.06069 56.28248 56.32095 56.35514 56.39018 56.50471 56.66112 56.74018 56.85626 56.76965 56.67180 56.62991 56.54272 56.46195 56.38246 56.34402 56.26282 56.10086 56.01582 55.92263 55.87052 55.67969 55.73632 56.25514 56.49572 56.55000 56.59914 56.65086 56.93589 57.01198 57.06580 57.18634 57.22137 57.29572 57.33375 57.38805 57.54594 57.60428 57.92009 58.22863 58.54575 58.97863 59.01869 58.99465 58.95002 58.88246 58.58677 58.53846 58.44442 58.35254 58.12822 58.08118 57.64700 57.59489 57.70525 57.66111 57.57434 57.53762 57.50472 57.46709 57.39915 57.14422 56.96497 56.95235 57.00086 57.55469 57.62011 57.98717 58.29914 58.33335 58.37180 58.41368 58.46985 58.50940 58.54403 58.58418 58.63460 58.68077 58.72094 58.75729 58.89851 58.98163 59.05554 59.16925 59.24658 59.49743 59.63325 59.95298 60.05043 60.44443 60.57778 60.77266 60.82306 60.87095 60.99403 61.03032 61.08078 61.12189 60.97951 60.90728 60.82820 60.70000 60.61794 60.58035 60.43760 60.40012 60.51112 60.58420 60.62392 60.75726 60.80172 60.90554 61.01452 61.11666 61.16540 61.20982 61.26260 61.44572 61.50255 61.56878 61.60426 61.66132 61.71238 61.77265 61.87182 61.92478 61.99872 62.06411 62.08611 62.11497 62.16025 62.22117 62.26109 62.29572 62.36666 62.13718 61.92609 61.87712 61.83120 61.73848 61.67692 61.63675 61.59915 61.56152 61.43889 61.38418 61.39935 61.45940 61.51580 61.56838 61.61326 61.65898 61.70597 61.82820 62.03589 62.27948 62.51795 62.66975 62.72692 62.89874 62.96558 63.07263 63.10942 63.31111 63.35726 63.41111 63.45938 63.50812 63.52585 63.58783 63.66968 63.74488 63.78131 63.78506 63.75792 63.69958 63.60129 63.50000 63.46752 63.39018 63.50300 63.74295 64.01623 64.24360 64.29957 64.52949 64.59700 64.63888 64.75640 64.77862 64.76665 64.63398 64.58846 64.54745 64.41198 64.30598 64.27128 64.28943 64.36537 64.47094 64.52095 64.56495 64.61451 64.72394 64.78152 64.81111 64.84743 64.91326 64.96495 65.00085 65.03217 64.93162 64.90214 64.87135 64.77820 64.64594 64.61172 64.62480 64.69062 64.81112 65.10086 65.13375 65.20642 65.25789 65.32628 65.33846 65.60942 65.64914 65.71882 65.87778 66.07309 66.12051 66.15769 66.19871 66.23695 66.18431 66.14849 66.17437 66.21965 66.26005 66.29252 66.44871 66.48460 66.51537 66.55172 66.61195 66.65086 66.75897 66.78803 66.83837 66.94531 67.04231 67.16666 67.27477 67.44786 67.68632 67.88122 68.03078 68.32095 68.78631 68.82158 68.86091 68.90555 68.98632 69.07694 69.33675 69.37606 69.34402 69.16966 69.03034 68.99915 68.80298 68.75898 68.61197 68.48462 68.41368 68.32094 68.25918 68.18163 68.08677 68.02865 67.93708 67.85502 67.85886 67.73845 67.70683 67.67392 67.63846 67.58332 67.54017 67.49466 67.43997 67.60812 67.64912 67.62435 67.52435 67.29402 67.26238 67.22649 67.17820 66.84957 66.80768 66.74915 66.70640 66.63506 66.50834 66.45492 66.54403 66.58889 66.62437 66.48677 66.43589 66.40469 66.42817 66.39788 66.25769 66.20514 66.15214 66.11452 66.03588 65.90000 65.86774 65.76066 65.72220 65.67692 65.62265 65.59017 65.54060 65.47394 65.44229 65.46946 65.49914 65.62392 65.75595 65.90149 65.93974 66.06837 66.21015 66.16240 66.11582 66.07477 66.03118 65.91346 65.86028 65.63291 65.51880 65.47822 65.44058 65.41154 65.46669 65.58718 65.63674 65.67009 66.00983 66.08718 65.80877 65.74294 65.69234 65.59231 65.16665 65.10685 65.04615 64.97991 64.87755 64.83077 64.78248 64.69638 64.52926 64.66668 64.70898 65.04402 65.11069 65.28503 65.28632 65.21923 65.17520 65.11517 65.04828 64.74018 64.44532 64.14102 64.02477 63.96840 63.90255 63.86495 63.83032 63.66880 63.61708 63.56365 63.59786 63.65512 63.69957 63.83545 63.87692 63.96495 64.07565 64.16285 64.20426 64.37778 64.25343 64.05683 63.97757 63.93548 63.84788 63.79272 63.46154 63.42051 62.96494 62.93503 62.90169 62.79925 62.67915 62.70471 62.73805 62.81668 62.87009 62.90834 62.95449 62.92349 62.86751 62.81923 62.78505 62.74315 62.70423 62.76325 62.80600 62.89955 62.94229 62.98592 62.70000 62.65726 62.57477 62.53205 62.38889 62.33418 62.23675 62.17392 61.92565 61.87051 61.92137 61.90383 61.86111 61.82092 61.78375 61.60888 61.54617 61.51323 61.46709 61.26583 61.22562 61.17092 60.89529 60.64143 60.60426 60.45212 60.39788 60.35618 60.39617 60.43717 60.49531 60.61155 60.52522 60.44188 60.37817 60.34274 60.14574 60.04188 59.94657 59.84700 59.81283 59.77042 59.51752 59.25895 59.19617 59.18888 59.18120 58.88889 58.81966 58.66797 58.60374 58.63375 58.71923 58.79048 58.67994 58.52948 58.38077 58.26968 58.23375 58.13375 57.64569 57.34188 57.34188" yc="175.15869 175.19360 175.23094 175.26106 175.31026 175.34917 175.38571 175.35229 175.28171 175.20731 175.17294 175.15869 175.18129 175.21266 175.23646 175.25000 175.27060 175.28011 175.32374 175.32374 175.31346 175.30154 175.28803 175.26860 175.08211 175.01266 174.95709 174.94597 174.91743 174.90871 174.88251 174.86820 174.86586 174.87774 174.88649 174.90789 174.91423 174.89200 174.80786 174.73826 174.61503 174.55234 174.52217 174.51346 174.52694 174.55157 174.56980 174.58011 174.57614 174.56666 174.55469 174.54994 174.55074 174.55391 174.58091 174.60154 174.61583 174.62057 174.61583 174.57951 174.54123 174.48014 174.44440 174.43883 174.39994 174.35711 174.33091 174.21980 174.19677 174.18726 174.18726 174.19754 174.25371 174.33569 174.38094 174.39680 174.42457 174.44046 174.42537 174.34206 174.31823 174.28966 174.21386 174.14283 174.11186 174.09917 174.05949 173.98894 173.95791 173.95791 173.95634 173.94997 173.93089 173.90946 173.86663 173.84600 173.82377 173.76940 173.73409 173.72297 173.71349 173.68251 173.67460 173.67934 173.71900 173.63846 173.56503 173.51026 173.50471 173.50074 173.49997 173.50551 173.51506 173.52854 173.52534 173.49120 173.48249 173.44997 173.42457 173.40869 173.40629 173.41103 173.42137 173.41820 173.41420 173.40154 173.38800 173.32446 173.15077 173.13809 173.13809 173.14363 173.15871 173.16106 173.12377 173.10074 173.09126 173.08014 173.04517 172.97534 172.93943 172.91029 172.90951 172.91186 172.95331 172.99837 173.01817 173.02060 173.01266 173.01660 173.01980 173.03051 173.05631 173.07060 173.10474 173.14206 173.15154 173.15231 173.14680 173.12534 173.11820 173.11423 173.11663 173.12457 173.12137 173.11663 173.09917 173.10394 173.09917 173.07337 172.87140 172.72617 172.60791 172.58886 172.56186 172.54760 172.53091 172.52537 172.50529 172.39914 172.39123 172.39440 172.40234 172.41666 172.43489 172.45789 172.46900 172.48566 172.49360 172.53886 172.54283 172.53489 172.49437 172.46383 172.44046 172.39343 172.38726 172.40631 172.43883 172.44754 172.46423 172.44917 172.41306 172.38014 172.37140 172.32294 172.19917 172.10231 172.00077 171.98366 171.99754 172.07934 172.09280 172.11343 172.10551 172.06346 172.05554 172.05711 172.06743 172.09203 172.12137 172.10523 172.05751 172.03649 172.02457 172.01346 172.01029 172.01029 172.00631 171.99917 171.98643 171.94260 171.91029 171.77854 171.76663 171.76583 171.76663 171.79674 171.81426 171.88489 171.91266 171.93726 171.99203 172.02854 171.97374 171.96580 171.96186 171.95154 171.92831 171.91500 171.90000 171.89520 171.89603 171.88329 171.86980 171.81583 171.80311 171.73014 171.65711 171.59123 171.55157 171.49360 171.45634 171.42217 171.38606 171.36820 171.42060 171.43649 171.48809 171.54440 171.55469 171.55949 171.56106 171.55866 171.55157 171.53966 171.51983 171.51423 171.51820 171.52537 171.53329 171.54440 171.58091 171.63094 171.65157 171.69443 171.79277 171.80706 171.81823 171.82540 171.84440 171.84283 171.82060 171.68249 171.64760 171.59437 171.56266 171.54837 171.54123 171.56149 171.58091 171.58566 171.58249 171.57297 171.55849 171.54837 171.54597 171.49837 171.46506 171.31306 171.29363 171.28249 171.27214 171.26663 171.26026 171.26103 171.24834 171.23729 171.18529 171.16106 171.15157 171.14680 171.16903 171.18883 171.18409 171.14363 171.09143 171.00351 170.96029 170.93251 170.92143 170.90151 170.85391 170.59126 170.52214 170.49120 170.46980 170.44123 170.41743 170.40709 170.40394 170.39443 170.39283 170.39520 170.41186 170.42140 170.44840 170.47140 170.47694 170.48011 170.48646 170.49600 170.50946 170.60314 170.66323 170.79443 170.80554 170.79917 170.74760 170.53803 170.50791 170.47929 170.32057 170.28726 170.27774 170.23489 170.21506 170.19757 170.16897 170.16423 170.15234 170.10711 169.76977 169.73451 169.69046 169.65946 169.67857 169.65551 169.55671 169.51366 169.37457 169.34500 169.33409 169.35451 169.39994 169.46186 169.49043 169.50474 169.51823 169.52140 169.51743 169.52457 169.53486 169.63449 169.67297 169.66383 169.65071 169.76823 169.77297 169.72617 169.65629 169.58169 169.55631 169.50831 169.35594 169.30711 169.30554 169.30711 169.31586 169.32540 169.35631 169.38171 169.46186 169.58331 169.70394 169.84080 169.85234 169.84951 169.80909 169.74323 169.63646 169.58169 169.59917 169.69223 169.72697 169.75949 169.78966 169.82691 169.85949 169.92117 169.94917 169.93806 169.89837 169.78171 169.76109 169.74997 169.73966 169.73646 169.73646 169.75154 169.76503 169.82054 169.84517 169.85871 169.86346 169.87777 169.86586 169.85469 169.81817 169.76743 169.74757 169.73051 169.64260 169.61186 169.61263 169.60789 169.59440 169.56666 169.55951 169.55554 169.54046 169.54123 169.54520 169.56109 169.58091 169.59834 169.60391 169.62611 169.63803 169.64043 169.68411 169.69523 169.69840 169.68171 169.58883 169.56583 169.55951 169.52457 169.52140 169.52300 169.52063 169.51426 169.50314 169.48329 169.47054 169.44440 169.43169 169.42060 169.41580 169.41503 169.42854 169.44120 169.44677 169.45314 169.45314 169.45074 169.44046 169.43089 169.41503 169.30157 169.26980 169.23646 169.15871 169.15474 169.15157 169.15474 169.15789 169.16426 169.18649 169.22534 169.26103 169.26980 169.26897 169.25231 169.28406 169.28806 169.29126 169.27309 169.24677 169.20234 169.19280 169.18729 169.18331 169.16583 169.15157 169.11980 169.09600 169.06660 169.03251 168.99126 168.98649 168.98886 169.01663 169.02377 169.04046 169.02417 168.99403 168.97454 168.97060 168.98249 169.01266 169.04837 169.04994 169.04837 169.04123 169.03251 168.94657 168.88249 168.76666 168.68011 168.67297 168.68726 168.69280 168.69123 168.65631 168.56183 168.52497 168.47297 168.44840 168.31743 168.29280 168.22374 168.20469 168.15669 168.11503 168.09600 168.09280 168.09600 168.09997 168.10154 168.09917 168.09523 168.07140 168.05951 168.04597 168.02851 167.98886 167.94280 167.92140 167.85649 167.82057 167.81580 167.81823 167.83409 167.85314 167.87457 167.88726 167.90631 167.93963 167.95314 167.95631 167.94997 167.90869 167.85871 167.52460 167.38806 167.37934 167.38331 167.38966 167.42777 167.46166 167.49437 167.51977 167.52460 167.50866 167.49597 167.46900 167.42100 167.41346 167.39123 167.36983 167.34920 167.32811 167.27097 167.22417 167.21740 167.23014 167.24120 167.22934 167.21903 167.21583 167.22297 167.22220 167.20394 167.20154 167.16683 167.13883 167.11583 167.10869 167.10629 167.10711 167.13091 167.15831 167.10271 167.01703 166.94837 166.63889 166.60746 166.51029 166.33646 166.32140 166.31109 166.30711 166.32060 166.35869 166.37929 166.39200 166.39834 166.39914 166.39120 166.37929 166.32020 166.28489 166.26266 166.23246 166.21980 166.19597 166.19029 166.13769 166.12217 166.10234 166.09837 166.10000 166.10077 166.10394 166.12380 166.13171 166.16463 166.24180 166.44840 166.50471 166.51106 166.52300 166.53569 166.54597 166.59757 166.63129 166.64994 166.64443 166.63649 166.63011 166.63174 166.64123 166.66029 166.67140 166.67460 166.67217 166.66346 166.59437 166.56583 166.50791 166.40363 166.34560 166.32934 166.32297 166.32694 166.33489 166.34040 166.31503 166.23923 166.18806 166.16269 166.14046 166.13809 166.14286 166.19537 166.56226 166.80074 166.84560 166.87060 166.90789 166.93166 166.94363 166.94994 166.96029 167.18091 167.29280 167.40829 167.44520 167.45549 167.45631 167.43526 167.36586 167.29363 167.13569 166.99280 166.83489 166.69380 166.48271 166.41503 166.28806 166.24797 166.19837 166.18806 166.14680 166.15551 166.20471 166.27694 166.39183 166.47000 166.62494 166.70951 166.79043 166.85037 166.91303 166.97454 167.02854 167.11740 167.21189 167.24517 167.46066 167.47377 167.44480 167.20394 167.01466 167.00709 167.06503 167.08963 167.12057 167.28171 167.34957 167.40237 167.54957 167.58489 167.59600 167.65946 167.87777 167.96543 168.46543 168.54440 168.58411 168.58809 168.58251 168.58171 168.59126 168.64360 168.70074 168.72851 168.77140 168.80237 168.81663 168.78271 168.59126 168.56266 168.54914 168.51346 168.45811 168.04480 167.98646 167.85234 167.69994 167.55711 167.54994 167.55789 167.57737 167.62097 167.67691 167.95471 167.98489 168.02929 168.08729 168.17931 168.20866 168.23566 168.27457 168.33963 168.41363 168.52651 168.72057 168.73529 168.69500 168.60869 168.47774 168.44920 168.43886 168.43409 168.44360 168.45634 168.50234 168.52457 168.68083 168.75231 168.78726 168.82377 168.84440 168.86663 168.88963 168.91897 168.94597 169.01189 169.11343 169.14994 169.18846 169.20946 169.23409 169.25551 169.30951 169.34577 169.41940 169.57374 169.65311 169.66343 169.75869 169.79520 169.92457 170.05314 170.16977 170.24363 170.29043 170.32374 170.33406 170.33011 170.28726 170.14380 170.02397 169.86226 169.84280 169.82931 169.81820 169.81183 169.81660 169.83523 169.88766 169.91583 169.92771 170.19203 170.27217 170.38569 170.40077 170.40789 170.41583 170.44680 170.44917 170.44520 170.43806 170.41503 170.37017 170.32671 170.28569 170.25949 170.20157 170.11583 170.11343 170.15371 170.23411 170.26586 170.29043 170.29043 170.28251 170.27297 170.24997 170.19717 170.13589 170.04046 170.01986 170.00631 170.00871 170.01823 170.03846 170.07537 170.09920 170.20314 170.22620 170.27537 170.31503 170.37537 170.40434 170.66266 171.15811 171.19357 171.18883 171.16186 171.13171 171.06660 171.04597 170.97377 170.95237 170.94840 170.94677 170.98289 171.01740 171.02060 171.03251 171.04597 171.22694 171.32854 171.58289 171.61543 171.62697 171.63649 171.64680 171.64680 171.64203 171.63171 171.60034 171.58169 171.58726 171.62020 171.77851 171.82697 171.83963 171.86586 171.87534 171.94457 172.09520 172.35474 172.47694 172.59160 172.60314 172.63169 172.66500 172.69357 172.69597 172.69200 172.68011 172.66820 172.65389 172.58249 172.55314 172.47543 172.20711 172.13209 172.10551 172.05234 172.03889 172.03011 172.02537 172.00394 171.97651 171.69657 171.72137 171.78406 171.73289 171.71583 171.71109 171.71109 171.79043 171.80389 171.98723 172.00234 172.02297 172.10906 172.25491 172.29760 172.31183 172.33731 172.35871 172.38966 172.55911 172.57851 172.57851 172.56903 172.55471 172.54203 172.57594 172.62771 172.64757 172.66820 172.68166 172.74680 172.90631 172.92377 172.94840 172.95711 172.97851 172.98569 172.99283 172.98723 172.95074 172.85949 172.75551 172.75711 172.76980 172.78569 172.80391 172.90311 172.95297 172.96583 172.97617 172.99677 172.99917 173.00154 173.00629 173.03251 173.03251 173.03251 173.03486 173.07040 173.12774 173.15871 173.18726 173.27069 173.37534 173.44443 173.47143 173.47931 173.49837 173.51506 173.53569 173.56583 173.58489 173.64360 173.94040 174.05554 174.10351 174.16266 174.22377 174.40629 174.42614 174.45311 174.49183 174.51983 174.51509 174.53271 174.76500 174.84677 174.91029 174.95074 174.96109 174.98723 175.09997 175.15869 175.15869"/>
<polygon color="rgb(220,220,220)" opacity="100" xc="97.52608 97.67435 97.79914 97.85514 97.95769 98.00514 97.79957 97.64788 97.32435 97.08206 97.03505 97.04745 97.09315 97.20642 97.47006 97.52608 97.52608" yc="175.89757 175.90631 175.92063 175.92771 175.94523 175.95634 175.97137 175.97454 175.97300 175.96426 175.95314 175.93569 175.92694 175.91031 175.89200 175.89757 175.89757"/>
<polygon color="rgb(220,220,220)" opacity="100" xc="58.89486 58.96368 59.00982 59.04617 59.10428 59.08035 58.88505 58.78548 58.73246 58.66411 58.60942 58.56538 58.52563 58.53098 58.67135 58.71152 58.76709 58.82820 58.89486 58.89486" yc="175.85471 175.86503 175.87851 175.89280 175.93729 175.94443 175.98886 176.00946 176.01980 176.02457 176.02377 176.01663 175.99400 175.96149 175.87214 175.86026 175.85314 175.85154 175.85471 175.85471"/>
<polygon color="rgb(220,220,220)" opacity="100" xc="79.43718 79.48246 79.67263 79.76794 79.81474 79.77649 79.65597 79.57862 79.50257 79.44360 79.40042 79.37563 79.36006 79.35471 79.41026 79.43718 79.43718" yc="179.66746 179.68014 179.74680 179.79123 179.83229 179.87060 179.88889 179.89440 179.89123 179.88171 179.86666 179.85071 179.82491 179.71186 179.66746 179.66746 179.66746"/>
<polygon color="rgb(220,220,220)" opacity="100" xc="92.13549 92.06152 91.90768 91.73249 91.58463 91.40725 91.23977 90.94272 90.57651 90.11538 90.02882 90.29788 90.64485 90.82777 90.91666 91.01111 90.96711 90.84272 90.74102 90.63975 90.54745 90.43118 90.25128 90.00985 89.89657 89.55428 89.57691 89.61538 89.69788 89.76238 89.86258 89.82820 89.67263 89.48972 89.22222 89.05855 88.88163 88.71323 88.66795 88.61432 88.57822 88.49615 88.42478 88.35929 88.30811 88.22991 87.80386 87.77137 87.64017 87.28932 86.72800 86.70717 86.75769 86.80426 86.93078 86.98334 87.03783 87.07477 87.29614 87.36708 87.65043 87.71709 87.82737 88.12822 88.23246 88.46046 88.30918 88.25554 88.19658 88.15255 88.07691 87.94488 87.83591 87.76966 87.57689 87.44572 87.31195 87.25854 86.84872 86.75728 86.43418 86.38205 86.33932 86.12605 86.02435 85.88805 85.72434 85.52608 85.48335 85.06666 84.92692 84.68248 84.61538 84.54315 84.13335 83.72178 83.15598 83.10812 83.03291 82.95512 82.90258 82.75898 82.66666 82.52265 82.21625 81.74915 81.32991 81.27606 81.32925 81.25557 81.19572 81.15043 81.11368 81.01238 80.95523 81.00811 81.33591 81.43634 81.49871 81.72008 81.77822 81.91878 81.98334 82.05129 82.10898 82.17478 82.23803 82.26880 82.30509 82.38848 82.49957 82.63292 82.70557 82.79017 83.09145 83.05426 82.98932 82.80555 82.72863 82.66237 82.60931 82.65298 82.68246 82.71412 82.91837 83.37311 83.58377 83.65300 83.75769 83.84058 83.89403 83.94658 83.99551 83.96882 83.92051 83.84486 83.68249 83.61838 83.58249 83.42478 83.38032 83.25042 83.11537 83.01880 82.91878 82.79362 82.71709 82.67977 82.76357 83.01709 83.11880 83.17180 83.20214 83.23952 83.20940 82.98634 82.93332 82.48120 82.24871 82.19914 82.14574 82.08591 82.03932 81.98674 81.89745 81.86283 81.82223 81.76754 81.69485 81.61474 81.58975 81.38675 81.34103 81.04698 80.91495 80.81966 80.72606 80.58977 80.46368 80.35640 80.28762 80.21026 80.07694 80.02052 79.87648 79.83334 79.64328 79.70086 79.80174 79.83398 79.77822 79.72991 79.47434 79.22991 79.15257 79.17138 79.19700 79.21880 79.15982 79.02778 78.96752 78.89272 78.83674 78.79957 78.73032 78.57223 78.35494 78.18848 77.89148 77.82394 77.75640 77.24103 77.06966 76.77563 76.31069 76.26154 76.31835 76.49657 76.58503 76.62438 76.67948 76.75385 76.91283 77.08291 77.15726 77.41882 77.01155 76.96026 76.92777 77.02095 77.05642 77.09700 77.17392 77.50302 77.84143 77.95126 78.08760 78.56623 78.62308 78.70640 79.11280 79.18163 79.21237 79.12992 78.70214 78.23078 77.86965 77.74103 77.51154 77.40898 77.31154 77.24998 77.18505 77.09871 77.03291 76.96572 77.15597 77.20577 77.13589 77.01282 76.91837 76.81408 76.67649 76.64594 76.70897 76.67948 76.47178 76.43291 76.33675 76.27949 76.15298 75.68932 75.41966 75.35042 74.83120 74.75171 74.65685 74.59358 74.55940 74.51668 74.49360 74.60211 74.69231 74.91411 75.04060 75.19275 75.23460 75.26580 75.30772 75.39317 75.57863 76.00128 76.03097 75.55085 75.46195 75.40086 75.17518 74.92182 74.83118 74.71923 74.54871 73.95174 73.88888 73.75343 73.60771 73.51494 73.45383 73.40298 73.31560 73.26689 73.24326 73.31709 73.35212 73.44015 73.89785 73.95771 74.02991 74.08118 74.22860 74.28718 74.55085 74.35385 73.70512 73.35854 73.22094 73.14015 73.07948 73.03078 72.76260 72.72511 72.75126 72.80002 72.88377 73.05683 73.14657 73.58377 74.01878 74.11452 74.15426 74.73334 74.88505 74.99486 75.12137 75.30555 75.52435 75.58271 75.53888 75.49018 75.45128 75.42223 75.45275 75.50428 75.57180 75.65809 75.70600 75.80685 75.91195 75.96240 76.35598 76.41280 76.59400 77.05171 77.10642 77.14872 77.17691 77.16238 77.42949 77.56965 77.65980 77.70771 77.76582 78.09722 77.70428 77.63934 77.58354 77.55577 77.52308 77.10298 76.86882 76.79229 76.68675 76.57565 76.25769 75.93802 75.58718 75.24446 75.15340 75.00131 74.84145 74.73035 74.44786 73.97222 73.82905 73.68932 73.59957 73.52135 73.44145 73.40512 73.14955 73.06325 72.88975 72.83931 72.77906 72.71454 72.32182 72.26828 72.26495 72.29015 72.32691 72.39958 72.48160 72.52265 72.65811 72.73185 72.77994 72.79937 72.84315 72.89274 72.94702 73.00555 73.20385 73.47223 73.68848 73.75598 73.81409 73.89829 73.96283 74.02200 73.95985 73.90212 73.76068 73.65811 73.53934 73.40898 73.19745 72.86708 72.80855 72.67992 72.61923 72.47948 72.34743 72.19014 72.11838 72.21152 72.30468 72.36091 72.37991 72.34358 72.30769 72.27265 72.17863 72.10685 72.02438 71.93505 71.83334 71.77777 71.74115 71.74722 71.71580 71.51322 71.37478 71.12692 71.01238 70.95857 70.82862 70.69658 70.62223 70.54314 70.49145 70.41711 70.30257 70.23929 70.17766 70.12565 70.07692 70.02692 69.90812 69.66966 69.40214 69.35900 69.31966 69.39189 69.55726 69.81474 69.78203 69.74958 69.70172 69.22605 69.15854 68.77135 68.45769 68.14058 68.08162 68.00811 67.96963 67.82960 67.89700 68.20085 68.42349 68.45917 68.41280 68.43843 68.48334 68.52734 68.62092 68.66998 68.59400 68.44871 68.37265 68.33760 68.30555 68.27694 68.21198 68.14443 68.07094 68.00171 67.93634 67.79360 67.71625 67.48032 67.41366 67.34018 67.20512 66.89229 66.81282 66.73931 66.66237 66.51665 66.39445 66.35622 66.53503 66.56709 66.60598 66.71151 66.82223 66.94615 67.26325 67.55214 67.59658 67.69272 67.82180 67.92051 68.06794 68.18718 68.60640 69.05086 69.16923 69.33463 69.38502 69.47563 69.51495 69.61282 69.65812 69.82545 69.79188 69.75983 69.70985 69.62022 69.54855 69.51218 69.48974 69.44786 69.40126 69.33974 69.22906 69.14382 69.16454 69.19188 69.23891 69.36152 69.44017 69.48205 69.41625 69.25512 69.20171 69.08246 69.01451 68.98014 68.94103 68.89615 68.83291 68.37011 68.22991 68.16326 68.10737 68.22351 68.35985 68.50854 68.55086 68.62778 68.65729 68.64702 68.58077 68.51195 68.26328 68.10557 68.05000 67.97691 67.82392 67.75298 67.66752 67.43206 67.38032 67.32435 67.26452 67.14403 66.79445 66.47392 66.39486 66.31923 66.25897 66.16260 65.95577 66.00300 66.05215 66.27777 66.36366 66.40811 66.56398 66.51025 66.45512 66.41709 66.34275 66.24703 66.05643 65.99745 65.89360 65.74485 65.68314 65.75683 65.79574 65.86865 65.79914 65.73589 65.62585 65.53505 65.38246 65.23118 65.16623 65.12862 65.06109 64.75086 64.55640 64.47863 64.44058 64.39229 64.23075 64.15897 63.93375 63.77989 63.70812 63.65300 63.42608 63.13246 63.04443 63.00298 63.05854 63.09295 63.07926 63.02565 62.96197 62.84646 62.69274 62.63246 62.55554 62.50512 62.44112 62.46537 62.51197 62.57222 62.76357 62.71389 62.52865 62.42308 62.36708 62.10772 62.07778 62.03100 61.99871 61.94489 61.87180 61.55257 61.30085 61.16114 61.01837 60.86668 60.66880 60.60000 60.56152 60.47737 60.41925 60.22734 59.99828 59.92052 59.84445 59.77777 59.81883 59.86068 59.92225 59.67306 59.60768 59.55769 59.45940 59.40597 59.25300 58.88503 58.86582 58.81409 58.76754 58.70938 58.66497 58.61197 58.57394 58.53377 58.54829 58.61495 58.64874 58.68118 58.85043 58.99358 59.27009 59.31669 59.37117 59.34060 59.29617 59.38246 59.51709 59.63548 59.84531 59.88974 60.01754 59.99774 60.01369 60.05085 60.11709 60.18763 60.25426 60.30172 60.35126 60.40235 60.43248 60.49405 60.55554 60.60812 60.75212 60.99274 61.01966 60.99145 61.03032 61.08162 61.12092 61.22349 61.36678 61.43160 61.59658 61.67051 61.74145 61.84785 62.16560 62.10385 62.03932 61.85000 61.73122 61.33760 61.05814 60.70726 60.64145 60.35300 60.30642 60.23509 60.29017 60.33846 60.38975 60.49488 60.54829 60.74314 60.79734 60.73652 60.70066 60.76835 60.81923 60.85683 60.96795 61.52092 61.98418 62.17606 62.23332 62.64231 62.85255 62.96452 63.07994 63.23032 63.30771 63.43206 63.58548 63.62734 63.76583 63.92778 64.01197 64.07352 64.14403 64.18546 64.74615 64.99698 65.04360 65.16025 65.40128 65.57140 65.66838 65.71175 65.77222 65.72820 65.67523 65.62605 65.54015 65.49020 65.39957 65.10855 64.92092 64.77892 64.70855 64.67734 64.63975 64.56923 64.36709 64.04446 63.99058 63.85385 63.77651 63.51409 63.31237 63.20172 62.98592 62.70385 62.11198 61.99657 61.71966 61.66709 61.61785 61.68012 61.74145 61.88460 62.01882 62.39445 62.56109 62.60428 62.66922 62.77137 62.82737 63.10854 63.16005 63.10426 63.00854 62.94103 62.86666 62.64402 62.52735 62.38889 62.32138 62.25385 62.19529 62.09998 62.04743 61.92905 61.73763 61.58034 61.52135 61.47222 61.38122 61.11197 61.03762 60.99702 61.01837 61.22478 61.30897 61.39188 61.44060 61.52008 61.73248 61.81408 61.86538 61.92823 62.10897 62.55128 62.68374 62.75300 63.01283 63.13120 63.24615 63.47566 63.60255 63.73589 63.94615 64.09232 64.28034 64.51923 64.85940 65.04615 65.10943 65.17306 65.69657 65.98248 66.22092 66.69102 66.89058 66.96495 67.01838 67.06923 67.17178 67.23163 67.30938 67.34614 67.45511 67.57308 67.66409 67.76837 68.04871 68.67477 68.80128 69.18589 69.26837 69.32822 69.38462 69.63495 69.57522 69.53463 69.48845 69.42094 69.26709 69.19957 68.88932 68.77308 68.57651 68.48760 68.36495 67.86537 67.82445 67.59829 67.04700 66.85854 66.71452 66.65855 66.59743 66.53077 66.23677 66.17989 66.10683 66.05429 66.01665 65.96966 65.90857 65.72392 65.46711 65.34743 65.23462 65.18760 65.09317 64.99229 64.88205 64.59785 64.47735 64.17949 63.82477 63.70726 63.43560 63.29445 63.22222 62.79017 62.71495 62.49102 62.37777 62.47651 62.56195 62.62991 62.88334 63.02437 63.12692 63.52905 63.74314 63.86369 63.98974 64.07865 64.27349 64.32820 64.40042 64.68503 64.82435 64.95811 65.18762 65.23888 65.29317 65.40045 65.44915 65.66923 65.73375 65.78375 65.82306 65.87606 65.96711 66.03102 66.05857 67.15086 67.21582 67.47178 67.70985 67.97265 68.06835 68.18205 68.34998 68.48805 68.60854 68.78249 68.84617 68.90471 69.12992 69.54231 69.86838 70.19574 70.59060 71.14231 71.61023 72.07732 72.36495 72.42009 72.47052 72.51283 72.57220 72.82306 72.97649 73.04146 73.10129 73.19871 73.24615 73.27949 73.12822 73.07220 73.02865 72.92435 72.85514 72.77265 72.70942 72.67648 72.63846 72.57477 72.50855 72.39445 72.22565 72.11797 72.07606 71.82865 71.49231 71.04058 70.91069 70.73075 70.58462 70.45128 70.20257 70.14615 69.65128 69.34020 69.22605 68.37522 68.29871 68.15600 68.03972 67.94272 67.74743 67.61495 67.42394 67.33055 67.17180 67.06154 66.97522 66.91346 66.71068 66.67692 66.64572 66.55546 66.58760 66.70769 67.03334 67.41925 67.46408 67.56794 67.63506 67.67392 67.71882 67.76365 67.80726 67.86197 67.91582 68.01068 68.08505 68.16197 68.25169 68.31623 68.35642 68.28760 68.20769 68.15769 67.98034 67.90002 67.98549 68.31582 68.51966 68.57565 68.66669 68.71580 68.87265 69.12775 69.18888 69.28548 69.39912 69.46666 69.59443 69.70857 69.92092 70.01583 70.18292 70.28720 70.81026 70.86966 70.96752 71.01452 71.04443 71.09700 71.17565 71.19326 71.14272 71.08889 71.05063 71.02092 70.98226 71.03463 71.22351 71.29948 71.33718 71.36838 71.40429 71.54871 71.68118 71.72095 71.76326 71.80469 71.85042 71.91237 72.01369 72.06454 72.10814 71.90469 71.70557 71.65769 71.60514 71.49272 71.43695 71.47051 71.51368 71.75854 71.82778 72.39915 72.92051 72.97349 73.01603 73.04680 73.33503 73.54788 73.62135 73.69272 73.76582 73.85214 73.91945 74.21078 73.98674 73.92565 73.80766 73.63718 73.51323 73.46025 73.18163 73.03463 72.65685 72.22094 72.17306 72.06560 72.04743 72.06389 72.15898 72.26540 72.37480 72.49060 72.61709 73.17692 73.30172 73.89829 74.14018 74.49912 74.56411 74.86709 75.45128 75.50854 75.60683 75.81454 75.92008 76.13672 76.54232 76.82223 77.10212 77.52394 78.05338 78.21260 78.17734 78.14574 78.06409 78.01326 77.94668 77.98077 78.06882 78.11240 78.24272 78.33594 78.19615 78.12478 78.03803 77.70903 77.74826 77.84743 78.08806 78.12606 78.21111 78.34571 78.43845 78.51751 78.55172 78.58931 78.62305 78.74229 78.93740 78.89745 78.84529 78.88505 78.92008 78.96112 78.99615 79.06923 79.25045 79.33248 79.36922 79.44446 79.49872 79.54017 79.57905 79.64871 79.73205 80.15982 80.26282 80.60043 80.65938 80.89658 81.13162 81.21751 81.49445 81.61366 81.76025 81.84103 81.90352 81.60726 81.35855 81.17905 80.97477 80.76451 80.65083 80.59615 80.22949 80.19188 80.03548 79.98014 79.93226 79.75472 79.65383 79.60811 79.55257 79.36709 79.32523 79.28168 79.38697 79.35192 79.29615 79.22906 79.18634 79.02051 78.83418 78.76925 78.70812 78.56988 78.56048 78.59168 78.62969 78.66238 78.71325 79.35214 80.03034 80.35982 80.64443 80.83888 80.87949 81.06326 81.22818 81.27865 81.78203 81.85000 81.94017 82.00086 82.06668 82.12137 82.26666 82.32874 82.28974 82.22054 82.16795 82.02865 81.95512 81.77692 81.65172 81.09572 80.55512 80.41066 80.29872 80.16237 79.63589 79.22222 79.09957 79.04018 78.75472 78.47565 78.19615 78.01238 77.91754 77.60088 77.15726 77.06582 76.98397 77.02394 77.13335 77.48591 77.59186 77.85811 77.92734 78.06922 78.28548 78.49060 78.57649 78.68932 78.85942 79.44958 79.86368 79.96975 79.94145 79.90169 79.84786 79.46880 79.28377 79.08803 78.74531 78.44443 78.16837 78.10343 77.93846 77.70683 77.60302 77.01495 76.83292 76.74400 76.68717 76.62225 76.57308 76.38505 76.45738 76.41923 76.35729 76.28889 76.18289 75.90769 75.63845 75.40598 75.26195 75.06965 74.87009 74.34786 74.01432 73.86583 73.79786 73.42565 72.95426 72.75898 72.63417 72.53120 72.39575 72.10471 72.05086 72.00428 72.05131 72.12137 72.38762 72.89360 73.30578 73.40643 73.55215 73.58717 73.83846 74.10297 74.24146 74.29145 74.39785 74.47735 74.52692 74.73805 74.76729 74.74315 74.59102 74.55298 74.39445 74.36934 74.41326 74.45534 74.48418 74.50852 74.58505 74.73165 74.79145 74.93546 75.03418 75.12011 75.26752 75.42371 75.46209 75.52223 75.65000 75.69958 75.90940 75.97222 76.12905 76.19443 76.25812 76.32349 76.37437 76.85942 77.29080 77.07906 77.02094 76.96497 76.88418 76.83592 76.76880 76.15126 76.04743 76.00298 75.95385 76.00449 75.95298 75.86111 75.36452 74.99443 74.95383 74.81837 74.73120 74.66645 74.61174 74.54615 74.50598 74.45257 74.40085 74.34572 74.29743 74.26409 74.21622 74.18045 74.21838 74.25512 74.31912 74.38205 74.43098 74.33120 74.25555 74.20385 74.15472 74.07222 73.97437 73.87906 73.77478 73.75000 73.69722 73.61068 73.40940 72.91411 72.71368 72.61026 72.46454 72.26195 72.09400 71.93077 71.68760 71.65429 71.58505 71.45600 71.34402 71.20598 71.10469 71.05983 70.88248 70.78548 70.69315 70.46669 69.86197 69.68846 69.57049 69.38717 69.32692 69.08332 68.83545 68.78334 68.68589 68.49358 68.44743 68.28208 68.19703 68.12691 68.08420 67.85000 67.57522 67.51369 67.16154 67.02394 66.97177 66.93377 66.90043 66.67980 66.70385 66.81154 66.96217 67.01112 67.05642 67.16709 67.22778 67.39914 68.24486 68.55257 68.82168 68.77115 68.66795 68.63077 68.59015 68.52308 68.43162 68.22008 68.13631 68.02308 67.96965 67.86795 67.56325 67.33802 67.28717 67.23034 67.12735 67.09272 67.03014 66.99188 66.96625 66.92628 66.95512 67.00642 67.05257 67.09614 67.37949 67.77095 68.05682 68.17780 68.28334 68.38246 68.47180 68.65769 68.83972 69.13909 69.19145 69.27542 69.40042 69.50597 69.67820 69.75342 69.83674 69.87522 70.00918 70.08249 70.07306 70.10942 70.15214 70.22520 70.25298 70.27649 70.30257 70.47180 70.52537 70.58163 70.65105 70.69615 70.74315 70.80043 70.84788 70.85451 70.75085 70.72372 70.76366 70.80555 71.22051 71.46752 71.50598 71.54786 71.59742 71.65662 71.69315 71.73578 71.60811 71.57735 71.53160 71.38375 71.16197 70.92863 70.84529 70.78418 70.70683 70.66303 70.56068 70.51708 70.04146 69.99443 69.94403 69.76666 69.55674 69.57989 69.61838 69.65086 69.72394 69.76708 69.88718 70.04146 70.10769 70.18954 70.26326 70.37051 70.46066 70.51454 70.71666 71.05726 71.09658 71.23889 71.32691 71.42992 71.51665 71.90128 72.11282 72.21069 72.42394 72.55469 72.59400 72.79789 72.98549 73.07220 73.31197 73.68997 73.84657 73.89669 73.97031 74.05257 74.43420 74.54060 74.59678 74.63997 74.53291 74.31882 74.22391 74.25428 74.34702 74.37105 74.29871 74.24403 74.10886 74.21400 73.97863 73.92694 73.72392 73.67265 73.45469 73.40043 73.18548 73.13417 72.89018 72.84529 72.80643 72.59829 72.32051 72.22009 72.17565 72.01923 71.97178 71.91889 71.96988 72.14058 72.20040 72.44358 72.56131 72.60043 72.64402 72.68846 72.82520 72.89362 72.97778 73.02435 73.06749 73.10642 73.14360 73.23632 73.36797 73.41665 73.45426 73.49728 73.45342 73.41580 73.30683 73.21882 73.17608 73.14360 72.94989 72.98078 73.03674 73.08248 73.20514 73.36882 73.47918 73.44272 73.37180 73.31131 73.27095 73.20428 73.06622 72.90685 72.77458 72.58075 72.54615 72.44488 72.39702 72.31580 72.15169 71.94317 71.86265 71.83334 71.78974 71.70128 71.64831 71.56028 71.51835 71.47949 71.41580 71.38162 71.32222 71.28118 71.23932 71.15854 70.99872 70.54614 70.44188 70.13506 69.90258 69.67265 69.62991 69.59015 69.55642 69.46794 69.21709 69.17520 69.13205 69.07734 68.83462 68.77308 68.72349 68.69188 68.34231 68.29617 68.23589 67.63506 67.58845 67.47991 67.11198 66.74489 66.70938 66.37392 66.25140 65.96883 66.00728 66.05215 66.10511 66.21878 66.30982 66.36415 66.32135 66.13375 65.92392 65.68952 65.42008 65.36902 65.34594 65.37137 65.39315 65.35962 65.38805 65.42223 65.50300 65.54442 65.58803 65.70214 65.75043 66.00482 65.89700 65.70771 65.67052 65.61197 65.52692 65.49145 65.40940 65.33483 65.37562 65.47737 65.85131 65.98548 66.03118 66.51837 66.57178 66.81622 66.85685 66.91323 66.95898 66.99443 67.21368 67.25342 67.29360 67.58546 67.60525 67.87992 67.91795 67.94912 67.95940 67.94209 67.79831 67.76925 67.52992 67.48374 67.31880 67.24903 67.28118 67.34872 67.41838 67.46409 67.50769 67.67648 67.86860 67.99275 68.09103 68.29402 68.43568 68.48291 68.55065 68.58717 68.94146 69.16411 69.27642 69.26409 69.47331 69.74123 69.80622 69.68546 69.64402 69.57628 69.43632 69.51454 69.58118 69.63845 69.68118 69.72885 69.79872 69.84315 69.88002 69.83806 69.80043 69.75597 69.64402 69.55000 69.51497 69.48548 69.30855 69.27692 69.31602 69.36965 69.41968 69.57308 69.65769 69.70214 69.98974 70.03120 70.07135 70.57351 70.50171 70.45983 70.42649 70.33206 70.28377 70.10685 69.92395 69.79831 69.75726 69.70985 69.67905 69.59828 69.54788 69.49315 69.38163 69.23848 69.10108 69.24018 69.41238 69.45255 69.54017 69.59143 69.63548 69.73289 69.81069 69.91197 69.94958 70.13846 70.27134 70.31251 70.26366 70.21537 69.96238 69.92692 69.88375 69.76282 69.72094 69.68889 69.65085 69.59743 69.55685 69.51238 69.40898 69.28760 69.21578 69.17092 69.12992 68.78932 68.53760 68.19455 68.43802 68.50043 68.57992 68.64915 68.72049 68.76368 68.81922 68.92222 68.97478 69.14315 69.46580 69.51282 69.74914 69.79315 69.89615 70.15128 70.18505 70.27852 70.24189 70.18932 70.10940 70.00285 69.82906 69.74702 69.70386 69.48120 69.34531 68.91112 68.87392 68.79788 68.73074 68.68718 68.62306 68.61325 68.64317 68.72606 68.77265 69.00898 69.14829 69.14617 68.93803 68.69903 68.76197 68.98717 69.27308 69.30385 69.35000 69.66920 69.93762 69.96792 70.01112 70.01982 70.10291 70.08932 69.96923 69.80386 69.74572 69.68118 69.57905 69.51454 69.48120 69.43238 69.44788 69.58482 69.87734 69.91452 70.01238 70.07349 70.12308 70.17435 70.41540 70.47309 70.54786 70.89148 70.92563 70.96454 71.17692 71.31069 71.49571 71.65043 71.71282 72.01368 72.06669 72.11838 72.38591 72.53503 72.66282 72.71966 72.64572 72.63172 72.78077 72.81154 72.84274 73.00086 73.04871 73.34583 73.27160 73.21580 73.12223 73.08077 73.01838 72.96666 72.94732 73.03675 73.01282 72.83805 72.80854 72.46922 72.29058 71.97520 71.74874 71.70854 71.65214 71.39402 71.35257 71.25812 71.12606 71.07478 71.03205 71.10983 71.19980 71.30002 71.45683 71.58077 71.58835 71.52948 71.48929 71.08675 70.97222 70.84617 70.79189 70.76025 70.67437 70.53291 70.35342 70.25469 70.17477 70.10855 70.04531 70.00598 69.96794 69.92265 69.85428 69.82478 69.90535 69.96880 70.01794 70.04977 70.03162 69.95512 69.84315 69.77009 69.66197 69.60128 69.49955 69.42266 69.31368 69.27182 68.99102 68.81538 68.77009 68.65128 68.61580 68.55940 68.47180 68.41451 68.38248 68.01420 68.04231 68.07906 68.12340 67.87009 67.72137 67.38634 67.34957 67.11155 67.04274 66.98206 66.68974 66.42435 66.34446 65.88505 65.79788 65.70042 65.16837 64.86795 64.51065 64.36495 64.27595 64.30640 64.35171 64.51838 64.81711 65.07265 65.16260 65.13732 65.01602 64.95565 65.06946 65.51323 65.55214 65.60171 65.65214 65.71154 65.74914 65.78249 66.01366 66.05514 66.21025 66.39765 66.30726 66.25426 66.21111 66.09572 66.04829 65.99657 65.77374 65.80128 65.86048 65.94357 65.99058 66.03374 66.13505 66.17778 66.23463 66.27446 66.23248 66.18974 66.14272 65.93632 65.89123 65.84103 65.87266 65.92051 66.21538 66.50212 66.55386 66.46475 66.41665 66.34572 66.22798 66.08548 66.04743 65.67265 65.63589 65.60557 65.52286 65.48889 65.45354 65.59552 65.62543 65.45257 65.27863 65.19488 65.15426 65.12266 65.09146 64.66580 64.37818 64.35000 64.18718 64.14274 63.95938 63.77649 63.88718 63.84445 63.52135 63.47649 63.43205 63.23246 63.10535 62.84915 62.70940 62.64698 62.43420 62.26988 62.31238 62.35042 62.40857 62.44060 62.40408 62.33760 62.26409 62.19702 62.14017 62.04209 62.24402 62.29658 62.32265 62.45043 62.53334 62.73462 62.82094 63.08591 63.15812 63.21325 63.39771 63.39788 63.48120 63.52306 63.55555 63.61677 63.61075 63.56688 63.55611 63.60555 63.64317 63.68697 63.68742 63.73589 63.85706 63.85300 63.71048 63.61580 63.54978 63.77094 63.81709 63.87211 63.87705 63.83203 63.82265 63.93420 64.07223 64.07349 64.04318 64.01238 63.95065 64.01538 64.07522 64.61880 64.69486 64.75555 64.82435 64.89657 64.94062 64.99745 65.04657 65.15555 65.24403 65.52394 65.49231 65.45342 65.37135 65.31175 65.23526 65.27277 65.34060 65.43717 65.49745 65.80726 65.92755 66.02566 66.50685 66.59402 66.66966 66.69357 66.91068 67.16582 67.13506 66.90383 66.76754 66.72603 66.77822 66.87265 67.35618 67.29828 67.26495 67.21882 67.12331 67.07092 67.04615 67.05597 67.11966 67.18374 67.25895 67.48502 67.52266 67.68589 67.72606 67.76538 68.15640 68.39315 68.43995 68.67352 68.87349 68.96240 69.34103 69.38762 69.57477 69.66668 69.94828 70.12135 70.17949 70.15769 70.09788 69.64914 69.37818 69.29028 69.19614 69.15171 69.19411 69.24403 69.27608 69.30683 69.45471 69.55908 69.77712 69.81582 69.89102 69.97137 70.01668 70.40471 70.45674 70.49189 70.46068 70.42906 70.38740 70.43546 70.47115 70.44380 70.37437 70.28234 70.33162 70.36751 70.55598 70.59937 70.64806 70.67437 70.67906 70.70749 70.74060 70.79231 70.93291 71.17180 71.22949 71.35386 71.63080 71.86795 71.91280 71.96366 72.01562 71.98846 71.92265 71.87991 71.83483 71.79829 71.76582 71.53975 71.50848 71.54231 71.68397 71.74660 71.71666 71.78631 72.00214 72.13334 72.18503 72.21005 72.15823 72.21154 72.31217 72.56411 72.76238 73.10298 73.31023 73.39486 73.44572 73.52394 73.58291 73.64371 73.61132 73.55471 73.50845 73.54317 73.57692 73.71154 73.67991 73.52606 73.37095 73.20769 73.17651 73.13762 73.01625 72.97809 72.99060 72.86066 72.77137 72.71195 72.67220 72.73075 72.77137 72.94123 73.11369 73.16540 73.26542 73.32840 73.41091 73.53848 73.62223 73.66837 73.72135 74.01023 74.06560 74.10960 74.17582 74.13206 74.07478 74.04060 73.91792 73.77052 73.86720 73.79700 73.72349 73.77052 74.03078 74.17137 74.28208 74.40469 74.58163 74.62692 74.67563 74.75211 74.78631 74.85451 74.91666 74.96152 75.09402 75.39743 75.72585 75.74838 75.71752 75.53248 75.32212 75.23762 75.25854 75.30257 75.46154 75.84102 75.90257 75.94037 75.95771 75.99017 76.14314 76.27757 76.32329 76.35192 76.40257 76.47180 76.52135 76.56878 76.60982 76.64874 76.68248 76.72478 76.75812 76.78889 76.82863 77.03932 77.22223 77.54358 77.57905 77.65342 77.69102 77.77609 77.82435 77.89872 77.94062 77.98034 78.06111 78.05543 78.16326 78.19871 78.24742 78.32265 78.36711 78.45598 78.50854 78.55045 78.61409 78.63546 78.66411 78.79702 78.84445 79.03506 79.05642 79.08120 79.05825 79.15002 79.20129 79.27223 79.31795 79.33062 79.42929 79.60512 79.68291 79.71966 79.85577 79.96837 80.02308 80.08120 80.12565 80.21283 80.24445 80.29189 80.34317 80.29040 80.33162 80.16871 79.87885 79.78332 79.69702 79.54957 79.50728 79.47051 79.40854 79.14157 79.13100 78.89842 78.84871 78.59188 78.60000 78.65020 78.53205 78.49103 78.45254 78.16454 78.08546 77.97308 77.92948 77.86645 77.87074 77.89914 77.95555 78.25771 78.42842 78.45469 78.40577 78.12777 78.06923 77.80898 77.77609 77.48760 77.44572 77.34488 77.25342 77.02180 76.90257 76.81152 76.77734 76.72798 76.67778 76.60468 76.40469 76.34917 76.30171 76.53075 76.70020 76.74554 76.69935 76.60640 76.52520 76.49188 76.11323 76.01112 75.44572 75.15512 74.77691 74.45002 74.40855 74.29808 74.17394 74.15898 74.10129 74.04295 73.99128 73.87865 73.77948 73.72049 73.60192 73.70469 73.91711 74.03846 74.55642 74.73077 74.94786 75.12735 75.11474 75.08165 74.99785 74.86666 74.71966 74.63888 74.57905 74.30683 74.24617 74.28462 74.32265 74.35555 74.34851 74.15151 74.06582 73.99445 73.92415 73.95845 74.02158 74.07114 74.08537 74.10768 74.44531 74.44871 74.49048 74.56325 74.70429 74.80043 74.85448 74.89475 74.94466 74.99272 75.06495 75.15257 75.19829 75.23803 75.34722 75.37605 75.56968 75.72949 75.76409 76.22135 76.85769 76.89358 76.94103 76.98377 77.04105 77.09378 77.13718 77.17437 77.36582 77.45557 77.49018 77.70257 77.88722 77.96666 78.04531 78.14272 78.19786 78.24657 78.33334 78.45511 78.52008 78.54768 78.58420 78.61838 78.67437 78.70598 78.74360 78.80855 78.87928 78.79058 78.71495 78.75898 78.80428 78.85985 78.93760 79.53249 79.60511 80.01795 80.08322 80.06408 80.07351 80.19658 80.42415 80.39574 80.21112 80.18035 80.12265 80.02906 80.09125 80.07202 80.04317 79.78546 79.73248 79.59957 79.56538 79.50158 79.36095 79.59872 79.63462 79.75045 79.78334 79.94315 80.00385 80.24785 81.02135 81.07948 81.11963 81.16238 81.21411 81.29229 81.36582 81.40768 81.48248 81.55983 81.60042 81.64446 81.75043 81.83066 81.87648 81.91195 81.95300 82.00855 82.04615 82.16025 82.23332 82.26754 82.31411 82.34743 82.39275 82.61068 82.65126 82.69829 82.74658 82.83503 83.11602 83.19574 83.32522 83.37009 83.44443 83.51495 83.54958 83.70149 83.71943 83.65857 83.48377 83.44014 83.04400 82.24957 82.08972 82.05471 82.01754 81.71794 81.67651 81.70255 81.76112 81.79740 82.10685 82.14102 82.19357 82.23377 82.27651 82.34658 82.47220 82.52094 82.57778 82.62777 82.72949 82.78632 82.83503 83.09915 83.22692 83.42094 83.57008 83.61495 83.67137 83.71922 83.84038 83.87820 84.00748 84.02906 84.06368 84.14231 84.19529 84.23675 84.27394 84.32309 84.48205 84.52735 84.56175 84.47692 84.20042 83.98334 83.93292 83.84788 83.66582 83.44442 82.98848 82.93674 82.89969 82.68845 82.63163 82.57734 82.51582 82.35642 82.24617 82.08332 82.02102 82.08803 82.35555 82.40429 82.45469 82.84446 82.89191 82.92991 82.96452 83.02991 83.09232 83.13075 83.24872 83.33846 83.87777 84.16837 84.21282 84.26538 84.30725 84.35812 84.41328 84.45938 84.49849 84.54146 84.57820 84.81518 84.93848 84.89314 84.83420 84.81582 84.85640 84.88760 84.99100 85.04082 84.98972 84.96152 84.66966 84.33760 84.16582 84.12908 83.90597 83.39743 83.11537 82.95771 82.87180 82.83332 82.80257 82.76195 82.72051 82.55789 82.48783 82.45662 82.38472 82.43845 82.49915 82.56068 82.59146 82.63506 82.69232 82.93035 83.23674 83.29443 83.34529 83.40149 83.43162 83.49808 83.09274 82.52094 82.42435 82.02566 81.98377 81.91665 81.59957 81.49829 81.41709 81.37308 81.26540 81.14100 80.96882 80.72863 80.47778 80.44315 80.38203 80.16197 79.94466 79.83805 79.78823 79.74777 79.68332 79.61838 79.57308 79.55171 79.77306 79.93803 80.07971 80.25383 80.31368 80.44743 80.31925 80.26238 80.21368 80.05214 79.89145 79.83332 79.75426 79.63632 79.56325 79.37651 79.09486 78.93463 78.63782 78.67692 78.74102 78.96709 79.34572 79.45985 79.55386 79.65492 79.74572 79.79231 79.84103 79.94615 80.12351 80.23118 80.32072 80.39658 80.43120 80.47223 80.72434 80.77694 80.83526 80.87735 80.99145 81.03546 81.19531 81.30340 81.42565 81.54402 81.80255 82.03632 82.09658 82.19143 82.28458 82.52308 82.66920 82.75383 82.81455 82.85128 82.91028 82.94849 82.86666 82.83118 82.78249 82.71752 82.67691 82.58503 82.41454 82.33120 82.13720 82.09231 81.99058 81.78162 81.50982 81.25985 81.21752 81.17266 80.81240 80.24188 80.13505 80.01709 79.95938 79.91369 79.86963 79.72051 79.64829 79.62072 79.67134 79.75557 80.28075 80.34231 80.38463 80.46882 80.55000 80.69531 80.75257 80.94015 81.15297 81.22308 81.28078 81.36668 81.41066 81.46923 81.57949 81.75514 82.27820 82.60086 82.87266 82.92608 82.96666 83.00342 83.16240 83.30012 83.25535 83.24871 83.44102 83.60682 83.65128 84.24146 84.43675 84.67691 85.03845 85.14743 85.26409 85.31709 85.36238 85.44062 85.47255 85.20386 85.11923 84.97392 84.92992 84.89188 84.93548 84.98760 85.22777 85.27392 85.35342 85.43195 85.38931 85.34529 84.95812 84.92265 84.80600 84.48758 83.99102 83.89998 83.67948 83.63417 83.57649 83.48548 83.41966 83.37309 83.17094 83.08932 83.00983 82.97135 82.91411 82.86751 82.81837 82.71111 82.04403 81.53888 81.24317 80.98718 80.88506 80.78869 80.84145 80.88888 81.00043 81.03737 80.80214 80.72435 80.57778 80.53718 80.42009 80.36922 80.29232 80.23675 80.19062 80.14871 79.96709 79.92106 80.06580 80.13248 80.27732 80.35425 80.40002 80.45000 80.56282 80.62135 80.81238 80.90212 80.95875 81.05040 81.13758 81.18760 81.24957 81.28172 81.13505 80.93729 80.98589 81.03629 81.21152 81.37392 81.41025 81.50940 81.60086 81.70128 81.73889 81.80126 81.86068 81.97266 82.02651 82.53677 82.88720 82.94358 83.23792 82.98591 82.94872 82.89658 82.82692 82.77171 82.84777 82.80128 82.76195 82.45171 82.13460 81.74274 81.69915 81.42820 81.33162 81.25162 81.30534 81.36582 81.39574 81.43118 81.46111 81.68332 81.73420 81.79317 81.85343 81.97178 82.05340 82.09826 82.58418 82.67520 82.76325 82.80643 82.87478 82.91560 83.01495 83.09957 83.14229 83.18249 83.21880 83.38503 83.54574 83.79786 83.98418 84.13291 84.28631 84.52563 84.60234 84.70235 84.75212 84.79423 84.76197 84.69403 84.63206 84.53602 84.63462 84.67008 84.71629 85.10598 85.20385 85.31668 85.84872 85.90728 85.97522 86.02862 86.11751 86.16818 86.22511 86.20940 86.16475 86.21902 86.28291 86.35342 86.40340 86.43503 86.48311 86.52606 86.57049 86.62608 86.68035 87.00557 87.14788 87.23675 87.31197 87.42778 87.49163 87.42863 87.38805 87.29700 87.23763 87.13272 87.10040 86.90640 86.59275 86.22860 85.99017 85.79017 85.67780 85.61282 85.55042 85.46925 85.40171 85.14615 85.08975 85.05131 84.86206 84.93035 85.12692 85.26708 85.51494 85.56366 85.68291 85.71751 85.78632 85.91238 85.97309 86.13803 86.23718 86.32178 86.50983 86.54594 86.45897 86.36977 86.49186 86.54574 86.66497 86.80554 87.02523 87.08160 87.12094 87.15598 87.25385 87.35683 87.41795 87.55126 87.60129 87.81363 87.77563 87.72434 87.66325 87.60182 87.78677 87.82649 88.06751 88.10769 88.15812 88.21325 88.27778 88.34743 88.51195 88.57691 88.62734 88.68055 88.73183 88.78891 88.81965 88.89574 89.08206 89.24572 89.35000 89.51152 89.56752 89.63163 89.69362 90.01369 90.07094 90.15340 90.19062 90.24060 90.44188 90.48632 90.55982 90.58977 90.76023 90.90255 90.86882 90.67223 90.60042 90.51025 90.23740 90.16238 90.12948 90.09446 90.06665 90.14038 90.35342 90.39743 90.63762 90.83974 90.89829 91.12735 91.20085 91.26358 91.28057 91.31282 91.38888 91.43374 91.54615 91.53258 91.34358 91.30512 91.13460 91.04443 90.99274 90.81837 90.48248 90.28205 90.19062 90.01666 89.81837 89.68931 89.46195 89.40642 89.35255 89.14914 89.01878 88.96880 88.75942 88.69315 88.62777 88.84529 89.05298 89.30043 89.34445 89.38568 89.26582 89.23546 89.15003 89.10342 89.01408 88.94062 88.58974 88.62200 88.66389 88.72349 88.77777 88.82243 88.87329 88.93974 88.97649 89.03418 89.09146 89.14274 89.22094 89.30255 89.37265 89.41754 89.47372 89.52052 89.55385 89.59572 89.64317 89.70086 89.76238 89.99829 90.06988 90.12522 90.18163 90.40257 90.49146 90.58332 91.04443 91.31454 91.36711 91.82308 91.92480 91.97437 92.03291 92.09702 92.32180 92.36474 92.33440 92.25342 92.07606 91.91877 91.83077 91.76540 91.65514 91.61795 91.62438 91.58654 91.60811 91.63889 91.65642 91.56368 91.49017 91.32648 91.27563 91.16666 91.13032 91.06988 91.04702 91.10297 91.14655 91.22135 91.25985 91.47694 91.53934 91.82435 91.88418 91.95769 91.95725 91.92265 91.86797 91.83377 91.87009 91.97094 92.19571 92.33420 92.72351 92.92863 92.99831 93.10812 93.18848 93.25425 93.34508 93.38205 93.39989 93.42608 93.58291 93.62051 93.91923 94.13120 94.24786 94.35000 95.03803 95.07263 95.17180 95.24700 95.28377 95.36708 95.43718 95.52265 95.59402 95.93228 96.02520 96.09326 96.04957 96.00385 96.05814 96.24489 96.38546 96.44745 96.49358 96.60212 96.67009 97.04445 97.30255 97.40643 97.53334 97.63505 97.68183 97.71882 97.78762 97.81795 98.05469 98.08548 98.15428 98.44572 98.49145 98.55215 98.84958 99.12051 99.18802 99.24145 99.32097 99.50212 99.55940 99.74145 99.90726 100.00771 100.22180 100.29445 100.40728 100.52478 100.58975 100.68589 100.74657 100.78163 100.85548 100.72265 100.66711 100.59615 99.99571 99.61109 99.28246 99.14231 99.00982 98.88505 98.72049 98.48377 98.38334 98.25512 98.20043 98.01495 97.89874 97.50555 96.93760 96.73206 96.54231 96.37437 96.01068 95.86026 95.70598 95.65597 95.55812 95.30342 95.20515 95.00469 94.80940 94.21411 94.03677 93.29317 93.18375 93.13334 93.02308 92.92198 92.87309 92.56580 92.42735 92.37605 92.31497 92.27895 92.34317 92.37989 92.48032 92.56622 92.85726 92.67691 92.51625 92.45042 92.36880 92.22992 92.11369 91.98738 92.06409 92.30857 92.44317 93.01282 93.35575 93.28208 93.17394 93.13728 93.18932 93.24402 93.29189 93.32222 93.35468 93.80214 94.15854 94.43375 94.63549 94.72435 94.83718 95.00812 95.39274 95.66409 95.76325 96.21922 96.54102 96.85640 96.98034 97.09571 97.32137 97.50291 97.28291 97.24402 97.13888 96.82351 96.75728 96.69188 96.64231 96.33285 95.80812 95.66195 95.52306 95.36751 95.30598 95.24315 94.94488 94.80600 94.69745 94.55898 94.49314 94.18848 94.13377 94.07811 94.13720 94.28418 94.40383 94.53632 94.60854 94.75768 94.81918 94.69360 94.42352 93.99658 93.83803 93.65598 93.51666 93.43374 93.38891 93.46582 93.57477 93.63077 93.75555 93.88163 94.28417 94.36708 94.67734 94.75342 94.84232 94.87605 94.90857 94.96195 95.02863 95.14360 95.21325 95.70343 95.74360 96.06197 96.13974 96.68162 97.08248 97.22309 97.34232 97.57606 97.72565 97.78506 97.85555 97.91497 98.12478 98.19615 98.24486 98.31731 98.36198 98.40963 98.48888 98.57778 98.65898 98.78548 99.04914 99.19443 99.38120 99.42949 99.46988 99.37818 99.24957 99.05769 98.73548 98.47480 98.40395 98.44274 98.57780 98.81026 98.88377 98.97180 99.02865 99.36966 99.48077 99.66668 100.05812 100.13846 100.17606 100.25106 100.29702 100.35726 100.43077 100.57009 100.81154 100.99189 101.21880 101.34594 101.18035 101.14912 101.06003 101.12051 101.21923 101.26495 101.32777 101.36668 101.40471 101.45683 101.52308 101.59574 101.65385 101.76966 101.81965 101.90597 101.97692 102.06754 102.48120 102.62692 103.01452 103.16154 103.73803 103.82520 104.06625 104.13375 104.18634 104.22435 104.42008 104.49572 104.80385 104.91623 105.23163 105.33205 105.44058 105.48720 105.55685 105.68248 105.72137 105.85642 105.91240 105.94529 105.95329 105.98803 106.02820 106.03631 105.99166 105.94425 105.89188 105.71452 105.65214 105.46368 105.38462 105.33718 105.25768 105.08974 104.79358 104.46454 104.28603 104.20854 104.15257 104.07243 104.11089 104.35149 104.23846 104.17392 103.83589 103.76411 103.57180 103.34828 103.19871 103.09103 103.05255 102.96666 102.84786 102.65043 102.57135 102.51069 102.54445 102.63845 102.70171 102.89231 102.93932 102.98548 103.13760 103.17629 103.13206 103.08248 103.02520 102.96752 102.90212 102.72351 102.65811 102.59231 102.54232 102.49882 102.55428 102.63505 102.68332 102.72074 102.68546 102.63546 102.42734 102.30455 102.24615 102.07435 102.03248 101.90085 101.78055 101.81623 102.05214 102.16795 102.27991 102.33974 102.47735 102.48334 102.40812 102.32180 102.26197 102.11752 102.04189 101.58035 101.44657 101.37991 101.32308 101.25171 101.03249 100.90503 100.85343 100.80215 100.54145 100.45085 100.39498 100.43451 100.39018 100.24617 100.17862 100.11326 100.16878 100.26195 100.32222 100.38162 100.44015 100.51774 100.48505 100.41580 100.25298 100.17732 100.02735 99.83889 99.60300 99.54103 99.58034 99.73418 99.82938 99.65854 99.47511 99.60128 99.74957 99.69617 99.33718 99.29443 99.19860 99.24808 99.29038 99.15898 98.88589 98.81882 98.75342 98.32820 98.27266 97.46495 97.42948 97.07649 96.92651 96.59871 96.54488 96.49957 96.41837 96.33546 96.26068 96.19871 96.12605 95.98975 95.67265 95.48462 94.88334 94.73163 94.66920 94.50212 94.39615 94.35811 94.35042 94.37563 94.40982 94.73163 94.83591 94.95983 95.02349 95.17820 95.25895 95.32095 95.51666 95.69358 95.93118 96.00343 96.15386 96.21882 96.32903 96.43803 96.71025 96.98503 97.11283 97.16752 97.21326 97.89360 97.92692 97.99937 97.95385 97.45683 97.20169 97.01669 96.97735 96.85983 96.78118 96.74049 96.71365 96.62052 96.55128 96.41878 96.29231 96.19062 96.15168 96.08592 95.98334 95.89700 95.56666 95.29058 95.23118 95.16069 95.10748 95.15160 95.09103 94.89829 94.83378 94.76197 94.66668 94.59272 94.53762 94.49272 94.41731 94.36152 94.29485 93.99572 93.88375 93.87820 93.82222 93.74829 93.69572 93.66069 93.60555 93.48760 92.98097 93.02137 93.05640 93.15214 93.12095 92.86749 92.81240 92.70085 92.66762 92.74445 92.81955 92.82755 92.76665 92.69403 92.59660 92.30554 92.13549 92.13549" yc="180.31263 180.31823 180.32537 180.32374 180.30709 180.29520 180.29597 180.28011 180.24997 180.08409 180.01960 179.94917 179.82140 179.76740 179.73726 179.68091 179.66026 179.66746 179.69126 179.71583 179.73809 179.75711 179.75629 179.80629 179.83166 180.03091 180.09203 180.12297 180.16503 180.19680 180.25194 180.27457 180.28251 180.27931 180.28329 180.28883 180.28966 180.27931 180.26900 180.24717 180.22617 180.21903 180.21980 180.25214 180.27697 180.27537 180.19283 180.15786 180.10471 180.02217 179.82531 179.78226 179.75154 179.73726 179.72137 179.71031 179.69163 179.64283 179.50234 179.46823 179.39120 179.38251 179.36186 179.30160 179.27614 179.20394 179.13329 179.12694 179.13883 179.15237 179.18489 179.22454 179.24517 179.25394 179.27377 179.28969 179.31903 179.33254 179.44597 179.47374 179.57934 179.61903 179.70634 179.87697 179.92140 179.97454 180.02857 180.07060 180.07774 180.11740 180.12457 180.13009 180.12537 180.11903 180.07851 180.10869 180.14837 180.15154 180.15551 180.15311 180.14440 180.10471 180.08331 180.06109 180.03409 180.03091 180.03251 180.04443 180.08689 180.09677 180.08726 180.07220 180.05791 180.01589 179.97180 179.92140 179.82849 179.80231 179.79363 179.75317 179.74043 179.69997 179.67377 179.63566 179.59917 179.53883 179.48889 179.46823 179.45074 179.42137 179.39757 179.38489 179.38171 179.38251 179.38549 179.35949 179.34757 179.33489 179.32694 179.31663 179.27000 179.21266 179.19203 179.17771 179.10314 179.01343 178.97931 178.95154 178.93883 178.93960 178.93646 178.92534 178.90549 178.87694 178.86663 178.85789 178.84520 178.83331 178.81980 178.73486 178.70394 178.63491 178.57060 178.52691 178.48726 178.43963 178.41423 178.48354 178.59226 178.73486 178.77537 178.78806 178.79997 178.82894 178.84997 178.90551 178.91663 179.00394 179.04046 179.04760 179.12137 179.16900 179.20394 179.23726 179.28809 179.30391 179.31746 179.32857 179.33171 179.34640 179.44200 179.58846 179.60949 179.63803 179.65389 179.66823 179.68886 179.72220 179.75511 179.77854 179.78406 179.77534 179.75471 179.74283 179.70951 179.69520 179.59023 179.55951 179.53329 179.51029 179.49520 179.50631 179.57297 179.55869 179.58743 179.64757 179.68331 179.74517 179.79043 179.83246 179.84434 179.84754 179.83566 179.82294 179.79440 179.71031 179.70651 179.86269 179.92614 179.92934 179.92614 179.87851 179.86026 179.82057 179.71349 179.68806 179.64437 179.57377 179.54760 179.53803 179.53011 179.52774 179.52691 179.53089 179.52854 179.49006 179.46106 179.45311 179.43806 179.34917 179.32934 179.31266 179.28729 179.22217 179.16109 179.14203 179.12929 179.09043 179.08646 179.08806 179.10549 179.09831 179.08289 179.07057 179.04283 179.05071 179.06503 179.07849 179.12297 179.14203 179.15711 179.16506 179.16823 179.16746 179.15871 179.12177 179.03966 179.00591 178.98329 178.99837 179.01820 179.04440 179.08963 179.13031 179.19400 179.22217 179.35551 179.37137 179.39680 179.40629 179.42137 179.46426 179.48646 179.49123 179.50794 179.50794 179.50000 179.48889 179.47617 179.45391 179.40849 179.32774 179.30160 179.23963 179.18806 179.10549 179.06426 179.04837 179.03089 179.00077 178.94200 178.72694 178.69877 178.66503 178.68011 178.70631 178.79443 178.88886 178.91663 178.94043 178.96346 179.03966 179.04680 179.05631 179.06026 179.05314 179.04123 179.02854 178.99440 178.96346 178.90291 178.84360 178.82617 178.79046 178.65391 178.63649 178.62217 178.61586 178.61983 178.61506 178.57297 178.54994 178.57540 178.59126 178.59760 178.59523 178.58966 178.57100 178.34917 178.28114 178.23566 178.20234 178.16900 178.10791 178.08014 177.96186 177.82294 177.79043 177.77934 177.64837 177.61426 177.59917 177.58963 177.58489 177.59043 177.58011 177.56106 177.54917 177.53489 177.50194 177.46663 177.43883 177.41186 177.38251 177.36980 177.34757 177.32771 177.31977 177.26026 177.25311 177.23489 177.21109 177.20549 177.19677 177.17300 177.06106 176.93563 176.89600 176.87300 176.85791 176.82851 176.61740 176.62777 176.63094 176.64877 176.68923 176.71740 176.92771 177.03726 177.06743 177.08963 177.10314 177.13569 177.19523 177.23249 177.31263 177.33966 177.37534 177.40474 177.42217 177.48169 177.58569 177.62454 177.66583 177.69517 177.72774 177.77774 177.79757 177.85549 177.88011 177.93726 177.94917 177.95634 177.96029 177.97851 177.93849 177.81503 177.77614 177.75714 177.72457 177.69677 177.67931 177.60946 177.56106 177.51063 177.46583 177.42931 177.41743 177.40789 177.40077 177.39200 177.38569 177.38726 177.38491 177.37774 177.34600 177.31106 177.24817 177.24203 177.24914 177.28803 177.31029 177.32611 177.33249 177.33411 177.34443 177.35157 177.36266 177.36509 177.35000 177.32854 177.31977 177.34106 177.37223 177.39760 177.43289 177.48566 177.53806 177.57454 177.59837 177.64517 177.67137 177.69914 177.72620 177.76663 177.79200 177.85651 177.92260 177.94917 178.04840 178.08966 178.15157 178.17537 178.18329 178.19597 178.20391 178.20311 178.19917 178.19440 178.18249 178.15949 178.15077 178.18269 178.23169 178.24603 178.25554 178.27140 178.30234 178.33409 178.34437 178.36820 178.38169 178.38566 178.43606 178.47300 178.48169 178.48963 178.51663 178.51980 178.50871 178.48886 178.46746 178.46109 178.45314 178.44126 178.36840 178.34834 178.31266 178.30117 178.27497 178.19917 178.12377 178.04760 178.02137 177.99126 177.95440 177.93171 177.92297 177.91269 177.89837 177.86226 177.83883 177.82771 177.82294 177.82140 177.82217 177.82614 177.82537 177.82140 177.79123 177.78649 177.78486 177.78486 177.79917 177.80077 177.79917 177.79520 177.77614 177.75000 177.70709 177.54600 177.53251 177.51980 177.49834 177.48246 177.46900 177.44917 177.44123 177.43963 177.41186 177.36423 177.33491 177.31106 177.29837 177.26346 177.23729 177.22457 177.19840 177.18651 177.16029 177.14523 177.09917 177.06740 176.82417 176.81746 176.82220 176.83411 176.88414 176.93651 177.03389 177.08409 177.10074 177.11506 177.12297 177.12611 177.11423 177.05909 177.03089 176.99597 176.90869 176.85791 176.82786 176.82143 176.88889 176.91266 176.98806 177.04600 177.09280 177.12214 177.13009 177.13409 177.14760 177.13806 177.12851 177.10331 177.00234 176.92851 176.85634 176.83963 176.79440 176.74797 176.73409 176.73566 176.76343 176.90311 177.00000 177.03409 177.06823 177.13569 177.16426 177.19046 177.26189 177.27294 177.28171 177.28803 177.29597 177.29674 177.30866 177.30629 177.29757 177.28406 177.25154 177.04603 177.02380 177.01426 176.97929 176.95311 176.93649 176.85614 176.82934 176.83729 176.84997 176.88406 176.91106 176.95549 176.96503 176.98723 177.02537 177.07117 177.11266 177.12374 177.19057 177.24837 177.27931 177.32931 177.35394 177.38329 177.39760 177.40077 177.39837 177.38689 177.40234 177.43963 177.42557 177.40154 177.39123 177.37380 177.37223 177.35714 177.34443 177.33334 177.32217 177.25549 177.16583 177.13723 177.09757 177.02457 176.99480 176.90949 176.89200 176.89043 176.92389 176.97454 176.98011 176.97217 176.95946 176.91980 176.88406 176.87300 176.86343 176.80937 176.71226 176.60311 176.61503 176.62300 176.73249 176.75231 176.85946 176.90157 176.90709 176.90631 176.87300 176.84757 176.84600 176.83729 176.82143 176.79440 176.78249 176.76820 176.71769 176.68883 176.69283 176.66506 176.65391 176.62537 176.57317 176.52691 176.50631 176.48071 176.45551 176.45474 176.46266 176.48646 176.49680 176.48569 176.32614 176.24834 176.18089 176.16743 176.16743 176.18089 176.19123 176.18569 176.17257 176.08089 176.04837 176.04043 176.03646 176.02611 176.01663 175.96823 175.95314 175.84240 175.81900 175.79240 175.78969 175.81186 175.83806 175.81583 175.82057 175.87929 175.97814 176.04597 176.06029 176.07217 176.07849 176.08960 176.10317 176.12377 176.16623 176.19046 176.19674 176.19440 176.18486 176.16503 176.14680 176.17854 176.24280 176.27454 176.28169 176.27851 176.24677 176.16214 176.09603 176.07297 176.08089 176.08649 176.08566 176.06243 176.01346 176.00474 176.00706 175.99757 175.89837 175.80391 175.71903 175.70709 175.62774 175.61429 175.54737 175.51423 175.50154 175.49203 175.47851 175.47537 175.43566 175.41723 175.39680 175.37417 175.34677 175.33643 175.33331 175.35789 175.47694 175.58646 175.63726 175.64917 175.72931 175.78011 175.80631 175.83011 175.85234 175.85869 175.86026 175.85869 175.86186 175.88249 175.92063 175.93649 175.94203 175.94677 175.94126 175.86503 175.81503 175.80631 175.79280 175.78091 175.76346 175.75234 175.73094 175.68249 175.67374 175.68249 175.69357 175.71666 175.72774 175.73966 175.75394 175.75871 175.78489 175.80474 175.81346 175.81663 175.81663 175.80077 175.79123 175.79520 175.79203 175.78649 175.75157 175.71346 175.68049 175.58729 175.49440 175.30469 175.28649 175.25791 175.24837 175.22217 175.17851 175.16026 175.13249 175.11420 175.03014 174.97929 174.97297 174.98409 175.00949 175.01666 175.02380 174.99160 174.97694 174.97929 174.97851 174.96823 174.91900 174.89837 174.88094 174.87534 174.87457 174.87697 174.89200 174.90871 174.96186 174.97771 174.97929 174.97694 174.96980 174.94363 174.84917 174.80551 174.76423 174.71903 174.49246 174.44280 174.41346 174.39914 174.38014 174.33254 174.31663 174.31349 174.31109 174.31189 174.34360 174.35394 174.36189 174.40311 174.42691 174.43409 174.42774 174.43251 174.44200 174.46900 174.48489 174.48966 174.48569 174.46503 174.45549 174.45311 174.45549 174.50554 174.53649 174.56980 174.61663 174.62771 174.63646 174.64594 174.65629 174.68171 174.71029 174.75989 174.78249 174.83806 174.87854 174.90234 174.92771 174.98486 175.09360 175.11420 175.15949 175.16423 175.16503 175.15709 175.09794 175.04600 175.03331 175.02380 175.01349 174.99600 174.98566 174.93251 174.91029 174.86189 174.83643 174.79837 174.62534 174.59580 174.52217 174.38886 174.34360 174.31266 174.30074 174.29283 174.28886 174.29763 174.29680 174.29126 174.28249 174.26897 174.25629 174.24834 174.23409 174.21980 174.22060 174.23091 174.24203 174.25946 174.27137 174.28009 174.29523 174.29600 174.29206 174.28091 174.27534 174.24800 174.23249 174.22220 174.15157 174.13806 174.09443 174.02863 173.92254 173.87851 173.85551 173.78806 173.76109 173.73883 173.63649 173.56743 173.51983 173.47697 173.45314 173.40309 173.39357 173.38646 173.34757 173.31263 173.28251 173.23486 173.22454 173.22134 173.22134 173.22217 173.22694 173.23089 173.24046 173.25234 173.28331 173.36423 173.46131 173.50709 174.08726 174.11660 174.22377 174.30471 174.37931 174.40391 174.42691 174.44754 174.45311 174.45071 174.44200 174.44357 174.44837 174.47537 174.50949 174.53251 174.54917 174.56506 174.60946 174.66343 174.71823 174.73809 174.74600 174.75791 174.77060 174.78089 174.78406 174.76026 174.76109 174.77137 174.79837 174.80077 174.79160 174.70951 174.70791 174.71426 174.72220 174.71903 174.70397 174.66823 174.65471 174.64437 174.63723 174.63249 174.63091 174.63803 174.63723 174.63009 174.58091 174.54363 174.49603 174.48966 174.48809 174.47854 174.45866 174.41743 174.41106 174.37457 174.37377 174.36663 174.23409 174.21663 174.17934 174.13963 174.08963 173.96266 173.87611 173.75549 173.70471 173.64440 173.60234 173.55866 173.52097 173.36186 173.33169 173.29994 173.15231 173.12300 173.09443 173.02931 172.95471 172.94760 172.93806 172.94520 172.95237 172.96426 173.00183 173.03569 173.06583 173.09206 173.13411 173.16106 173.18171 173.19754 173.20071 173.19243 173.16106 173.13886 173.11940 173.02614 172.96700 172.94840 172.94046 172.92854 172.92297 172.90709 172.89603 172.88251 172.87217 172.87777 172.89837 172.91746 172.92377 172.93089 172.92854 172.90789 172.89837 172.89203 172.89603 172.94840 172.95549 172.97534 172.98723 173.00154 173.04440 173.18011 173.26106 173.34200 173.39437 173.43449 173.48489 173.59520 173.60394 173.56343 173.58511 173.61980 173.63329 173.64363 173.67934 173.71263 173.72531 173.75314 173.79680 173.81746 173.82454 173.81663 173.81029 173.77834 173.67537 173.59440 173.58251 173.57457 173.56423 173.54717 173.44443 173.43251 173.38723 173.39360 173.46980 173.53723 173.54517 173.55949 173.59403 173.66106 173.70471 173.72454 173.75314 173.77934 173.80077 173.80874 173.75429 173.62217 173.59757 173.56186 173.51266 173.48326 173.47537 173.45391 173.43806 173.39040 173.28331 173.26346 173.14954 173.05831 172.99754 172.97617 172.96740 172.96106 172.96189 172.96980 173.00869 173.01817 173.08489 173.12300 173.15474 173.16346 173.20946 173.29123 173.30157 173.32374 173.38326 173.40551 173.44523 173.53406 173.59920 173.66663 173.77697 174.06900 174.21446 174.24680 174.25074 174.24120 174.24283 174.27694 174.35869 174.45389 174.46580 174.48329 174.54029 174.58249 174.60314 174.63886 174.83217 174.83806 174.78483 174.68566 174.67694 174.66343 174.63646 174.61583 174.59360 174.57454 174.56583 174.56857 174.58886 174.63011 174.63803 174.67734 174.76940 174.80474 174.83406 174.84917 174.87534 174.92297 174.94837 174.96109 174.99360 175.03251 175.07300 175.09600 175.11903 175.14440 175.24440 175.26423 175.32691 175.33331 175.37297 175.43091 175.45551 175.52377 175.54440 175.55866 175.55866 175.53694 175.41109 175.33643 175.28883 175.24603 175.22377 175.20714 175.19677 175.07774 175.06506 174.99757 174.95906 174.91703 174.83960 174.80551 174.79363 174.78483 174.76423 174.75629 174.71831 174.68766 174.63726 174.59360 174.54760 174.51983 174.45311 174.38726 174.36109 174.33171 174.24640 173.93843 173.89280 173.86900 173.86346 173.86817 173.94123 174.00311 174.01983 174.03251 174.01503 174.00871 173.98014 173.96506 173.96266 173.95871 173.96031 173.96663 173.97534 173.99440 174.00234 173.96109 173.91226 173.86980 173.84677 173.83646 173.82454 173.82300 173.83171 173.83409 173.81506 173.80077 173.78729 173.76743 173.75231 173.69520 173.64994 173.63489 173.62614 173.56266 173.51343 173.46583 173.43963 173.41897 173.34280 173.23409 173.21106 173.17534 173.16029 173.15154 173.13009 173.13171 173.14206 173.14597 173.15949 173.17854 173.18883 173.19043 173.17854 173.16900 173.14757 173.13411 173.12020 173.04920 173.04200 173.03569 173.04123 173.03963 173.03486 173.01660 173.00946 173.01106 173.00946 172.99997 172.97057 172.96106 172.93963 172.93486 172.93649 172.93251 172.92457 172.91349 172.84837 172.81603 172.76623 172.74914 172.74440 172.75000 172.74520 172.72223 172.69597 172.67457 172.64914 172.63009 172.58886 172.57654 172.57220 172.56666 172.50706 172.45234 172.43649 172.43489 172.43089 172.41580 172.37300 172.36266 172.32771 172.28963 172.26503 172.13569 171.85869 171.61860 171.56029 171.48171 171.46746 171.40869 171.35394 171.33251 171.32774 171.32057 171.32140 171.31663 171.26740 171.24320 171.22057 171.21426 171.20789 171.17140 171.12297 171.06346 171.01503 170.96940 170.91349 170.65949 170.60791 170.61031 170.61031 170.59834 170.58091 170.53963 170.49200 170.45054 170.43409 170.42380 170.42297 170.43566 170.44046 170.46980 170.48489 170.50791 170.52377 170.52931 170.56423 170.56783 170.42300 170.41269 170.41269 170.42063 170.41983 170.41269 170.31977 170.30071 170.28966 170.25631 170.20274 170.18329 170.19603 170.28251 170.35629 170.36660 170.38409 170.39046 170.38729 170.36226 170.31186 170.27260 170.25311 170.24283 170.24283 170.24760 170.25631 170.27854 170.32017 170.34517 170.34203 170.31463 170.31503 170.34260 170.50231 170.53249 170.52851 170.53326 170.55311 170.58091 170.65274 170.86186 170.90309 170.96346 171.02534 171.12300 171.32694 171.40709 171.44680 171.50077 171.58091 171.65234 171.72454 171.83489 171.85237 171.89083 171.97891 172.03889 172.09677 172.13091 172.14040 172.17063 172.18409 172.19360 172.20394 172.21031 172.20949 172.20711 172.19840 172.19203 172.17774 172.19203 172.19600 172.20869 172.23646 172.24517 172.28249 172.30551 172.33251 172.34363 172.38014 172.38171 172.38171 172.34043 172.32137 172.31029 172.29837 172.28329 171.78489 171.70869 171.54123 171.44640 171.42774 171.42294 171.41980 171.42377 171.42857 171.32220 171.25231 171.19220 171.15074 171.13251 171.13569 171.14680 171.17374 171.21426 171.25151 171.24997 171.25151 171.25309 171.26026 171.30711 171.33729 171.34043 171.33886 171.32220 171.30869 171.27214 171.21543 171.11586 170.77657 170.74763 170.72620 170.71586 170.70709 170.67374 170.59523 170.58729 170.59757 170.59523 170.58809 170.57300 170.52691 170.47771 170.35391 170.32414 170.11386 169.96940 169.92297 169.86189 169.84040 169.82294 169.81106 169.74203 169.58963 169.52934 169.40077 169.35791 169.31863 169.29203 169.13606 169.10469 169.09443 169.09514 169.09917 169.11503 169.14440 169.18014 169.20471 169.19757 169.09854 169.03926 169.01226 168.99603 168.97454 168.79366 168.69280 168.68960 168.69520 168.72057 168.74043 168.74203 168.70789 168.64443 168.64046 168.63889 168.64363 168.65154 168.68011 168.69600 168.71900 168.78700 168.84997 168.91977 168.92614 168.98014 168.98411 168.97814 168.89914 168.76583 168.69123 168.66269 168.65077 168.63329 168.62697 168.59997 168.55866 168.53646 168.50037 168.47220 168.45551 168.44920 168.44840 168.44757 168.41663 168.40706 168.38489 168.37377 168.37137 168.37297 168.39754 168.40309 168.39914 168.38566 168.36109 168.35154 168.29520 168.24206 168.23643 168.26983 168.33131 168.45791 168.52554 168.57854 168.61031 168.71740 168.74671 168.74320 168.70211 168.64046 168.50889 168.32891 168.30391 168.27971 168.23409 168.11780 168.11189 168.14083 168.15946 168.18803 168.18803 168.17060 168.16423 168.11583 168.10629 168.09523 168.09523 168.10714 168.11109 168.12060 168.13726 168.15871 168.16026 168.15871 168.13489 168.12457 168.09600 168.00431 167.99043 167.97774 167.90397 167.82814 167.81183 167.80314 167.79914 167.79440 167.79440 167.80789 167.82771 167.84520 167.85234 167.85469 167.85469 167.84837 167.84040 167.83089 167.77943 167.76189 167.76503 167.78883 167.80234 167.80474 167.80234 167.72731 167.66780 167.62814 167.60551 167.55074 167.47614 167.40811 167.36586 167.33966 167.33451 167.33886 167.35474 167.40314 167.46109 167.58509 167.70071 167.70709 167.69914 167.70149 167.71346 167.75551 167.83011 167.86586 167.89680 167.91903 167.93963 167.94046 167.94677 167.95394 167.96343 167.98966 168.00629 168.03963 168.06506 168.08489 168.10551 168.12931 168.15871 168.16266 168.15871 168.17140 168.19357 168.19994 168.20866 168.22297 168.25397 168.32374 168.33409 168.34040 168.33643 168.31580 168.29203 168.26346 168.25000 168.15949 168.14757 168.13886 168.06109 168.05634 168.04760 168.02851 168.00869 167.99837 167.81426 167.73866 167.37017 167.33886 167.33569 167.34043 167.35714 167.35949 167.30291 167.27294 167.29757 167.28089 167.17577 166.99437 166.94717 166.89520 166.60689 166.56743 166.38766 166.34203 166.33251 166.33169 166.33489 166.34363 166.36026 166.36186 166.29757 166.27294 166.27057 166.26820 166.26026 166.23726 166.22374 166.18409 166.11603 166.08089 166.06183 166.01740 166.00869 166.00791 166.04283 166.05709 166.20631 166.25391 166.32457 166.33091 166.31980 166.26660 166.26660 166.27531 166.44600 166.54857 166.79123 166.79757 166.79991 166.70391 166.65434 166.39043 166.36663 166.20866 166.18729 166.16740 165.93946 165.90394 165.87851 165.87137 165.87057 165.87534 165.90311 165.94246 165.96823 165.98014 166.00231 165.99977 166.00709 166.03409 166.05391 166.36663 166.56900 166.72140 166.90000 167.18331 167.40114 167.39794 167.24283 167.20474 167.16486 166.77334 166.71186 166.69203 166.68649 166.68886 166.70391 166.75711 166.76820 166.71791 166.67854 166.66666 166.65554 166.64443 166.64286 166.63329 166.61426 166.39440 166.31663 166.26857 166.26026 166.26583 166.31506 166.33409 166.33489 166.33646 166.33409 166.32774 166.21583 166.16503 166.16269 166.16820 166.18966 166.21029 166.24677 166.27771 166.28571 166.27771 166.24914 166.23566 166.21266 166.20314 166.19677 166.20234 166.18011 165.98746 165.92617 165.88329 165.87694 165.87214 165.87534 165.88091 165.89757 165.91823 165.95314 165.95869 165.96266 165.95074 165.93271 165.91583 165.91506 165.92063 165.91746 165.90631 165.85391 165.83329 165.80434 165.78806 165.78171 165.78329 165.78966 165.80871 165.84043 165.87214 165.87774 165.87534 165.77614 165.68883 165.53883 165.38174 165.33883 165.35629 165.37771 165.40234 165.41349 165.42297 165.43331 165.43486 165.43014 165.45394 165.46186 165.50074 165.50551 165.49557 165.45789 165.44677 165.40134 165.38571 165.39757 165.41986 165.42891 165.43963 165.43486 165.42457 165.39286 165.40314 165.38251 165.37614 165.35549 165.33169 165.30157 165.25474 165.19043 165.16500 165.13806 165.13489 165.19283 165.23014 165.13409 165.08566 164.94974 164.75034 164.69046 164.58963 164.57537 164.57614 164.68489 164.80829 164.82614 164.87297 164.98557 164.93131 164.87457 164.75629 164.65154 164.62534 164.59997 164.56503 164.53966 164.52537 164.47774 164.40786 164.34600 164.32143 164.32143 164.34243 164.35711 164.36506 164.36743 164.34680 164.33014 164.31266 164.26186 164.25869 164.26663 164.33963 164.40234 164.49363 164.57374 164.61900 164.89206 164.98566 165.08729 165.35629 165.41986 165.47140 165.52951 165.62020 165.73311 165.84280 165.86186 165.87454 165.91980 165.92617 165.92200 165.82177 165.81186 165.81346 165.81186 165.80314 165.78649 165.73946 165.60551 165.48726 165.27931 165.24837 164.90709 164.75949 164.50794 164.33729 164.30791 164.28489 164.21583 164.20549 164.19443 164.19123 164.18489 164.14797 164.06660 164.01860 163.98726 163.98014 163.96346 163.85511 163.84203 163.84680 163.91183 163.93406 163.96823 163.98726 163.99283 163.99600 163.98569 163.95714 163.95154 163.95394 163.96823 163.98966 163.99837 164.00474 164.00397 163.98806 163.96029 163.81583 163.78331 163.76980 163.71780 163.69840 163.70234 163.71583 163.72694 163.74754 163.76666 163.81186 163.86186 163.92177 163.93486 163.96429 163.96189 163.96506 163.97854 163.98809 164.01189 164.08649 164.17694 164.16666 164.06343 164.11937 164.13409 164.18131 164.66500 164.88171 165.10314 165.12697 165.20791 165.23094 165.24600 165.31503 165.36980 165.38174 165.42140 165.42537 165.42297 165.32140 165.25791 165.20077 165.02380 164.75214 164.69360 164.65549 164.62534 164.51029 164.39837 164.23886 164.20603 164.15434 164.07694 163.88171 163.80237 163.80157 163.80394 163.81109 163.84086 163.86186 163.87454 163.90394 163.90551 163.90394 163.87157 163.83489 163.82540 163.82617 163.83489 163.83489 163.82657 163.71663 163.67297 163.64123 163.63491 163.63491 163.63889 163.64286 163.64203 163.63329 163.59780 163.58731 163.59283 163.58809 163.53726 163.51900 163.43609 163.41980 163.41977 163.41660 163.38803 163.35471 163.22574 163.22217 163.23486 163.29700 163.37297 163.37931 163.37377 163.36900 163.35866 163.31066 163.28491 163.22614 163.18843 163.16623 163.14837 163.14120 163.18329 163.22180 163.23886 163.24363 163.22134 163.18883 163.22297 163.22771 163.22531 163.20234 163.14043 163.13329 163.06189 162.88529 162.86509 162.85391 162.81580 162.73491 162.64437 162.61740 162.59126 162.53331 162.42534 162.34363 162.24203 162.06980 161.93526 161.88846 161.85551 161.83094 161.80471 161.76857 161.61977 161.54760 161.55471 161.59280 161.47377 161.37137 161.23329 161.21263 161.16900 161.15789 161.16226 161.34589 161.46663 161.68806 161.69997 161.68963 161.62397 161.38274 161.24877 161.17557 161.13809 161.13489 161.16563 161.27609 161.35314 161.42934 161.57771 161.82654 161.95469 162.01346 162.31343 162.33169 162.31026 162.22457 161.99280 161.81746 161.69046 161.47934 161.38326 161.36026 161.29760 161.14323 161.11346 161.09997 161.02377 161.02217 161.03249 161.11423 161.11586 161.04680 160.99797 160.98014 160.96583 160.97454 161.00114 161.19360 161.21106 161.23049 161.27494 161.53566 161.74934 161.75709 161.68369 161.33886 161.28009 161.12040 161.08406 161.00231 160.99163 161.19917 161.31109 161.39360 161.46346 161.54760 161.67694 161.77137 161.80651 161.81429 161.78089 161.49083 161.43963 161.42857 161.41580 161.38806 161.36223 161.32297 161.17217 161.10394 161.08803 161.07691 161.05551 161.05234 161.05949 161.05866 161.05311 160.99680 160.94280 160.92654 160.86663 160.84360 160.80080 160.81823 160.82454 160.86663 160.87694 160.87377 160.86820 160.90171 160.94443 160.96740 161.11509 161.17694 161.20689 161.30314 161.46903 161.64420 161.66506 161.66269 161.65077 161.54163 161.36931 161.24637 161.23331 161.22531 161.22217 161.22614 161.26740 161.29417 161.39557 161.43529 161.45949 161.52100 161.63331 161.73846 161.77060 161.79594 161.86831 161.87931 161.87300 161.82220 161.80471 161.77257 161.67217 161.58843 161.53846 161.51269 161.48726 161.43331 161.29031 161.23129 161.21029 161.17457 161.16106 161.16426 161.17297 161.20274 161.44443 161.64600 161.68091 161.70154 161.72377 161.74997 161.93329 162.01640 162.06823 162.16823 162.13406 162.08806 161.89760 161.76980 161.66586 161.54163 161.41186 161.34997 161.28649 161.22257 161.13649 161.10551 161.13251 161.13011 161.13094 161.13889 161.17140 161.19837 161.27177 161.32457 161.39043 161.50411 161.55071 161.56266 161.59757 161.63014 161.69443 161.74120 161.78009 161.79437 161.81746 161.91503 162.01149 162.06583 162.18969 162.25311 162.29043 162.32237 162.34043 162.32140 162.22694 162.01443 161.95709 161.87851 161.83846 161.81269 161.79594 161.79437 161.79674 161.80311 161.88803 161.91820 161.94437 161.93246 161.88171 161.85634 161.84523 161.80551 161.73486 161.66586 161.58169 161.48926 161.46149 161.38249 161.35629 161.34360 161.33963 161.33886 161.34126 161.34680 161.36423 161.37534 161.40749 161.45869 161.52377 161.48251 161.38014 161.20431 161.13866 161.07140 160.89200 160.72197 160.60631 160.37851 160.36583 160.41426 160.44757 160.45831 160.48289 160.53486 160.54757 160.56106 160.56220 160.58529 160.61586 160.65234 160.67217 160.68089 160.68566 160.68726 160.68486 160.67694 160.64677 160.63646 160.63886 160.64837 160.72457 160.79520 160.88169 160.89040 160.89834 160.89757 160.87611 160.86023 160.84757 160.84677 160.84997 160.89163 160.97834 161.15154 161.17140 161.17614 161.17534 161.17931 161.20669 161.24040 161.27851 161.36820 161.42060 161.48886 161.63489 161.63491 161.61106 161.56503 161.44737 161.40411 161.32614 161.30554 161.29046 161.29203 161.29477 161.31503 161.44760 161.54043 161.60829 161.73646 161.79677 161.80709 161.79834 161.79517 161.79914 161.80951 161.83094 161.86943 161.95551 162.24720 162.71366 162.90314 162.91426 162.91269 162.89917 162.89043 162.87934 162.85631 162.67154 162.60034 162.35077 162.34997 162.39917 162.53331 162.63923 162.67217 162.67534 162.67457 162.65471 162.64283 162.62217 162.62297 162.66103 162.72100 162.75234 162.79597 163.01026 163.11186 163.14363 163.30671 163.45634 163.48171 163.52300 163.52691 163.55234 163.55551 163.54277 163.51820 163.44757 163.40154 163.34437 163.31743 163.27180 163.20789 163.16743 163.07617 163.06109 163.08369 163.29520 163.38251 163.42414 163.44837 163.45551 163.46343 163.46746 163.52854 163.54994 163.63251 163.64203 163.51903 163.42137 163.41103 163.36900 163.30709 163.30709 163.32140 163.35191 163.41223 163.59523 163.61586 163.63649 163.70906 163.76109 163.72057 163.69280 163.72220 163.73249 163.75789 163.81086 163.87851 163.91223 163.91183 163.91026 163.90869 163.92060 163.93726 164.06503 164.11106 164.20711 164.24360 164.28329 164.38111 164.54977 164.56823 164.59083 164.71463 164.81026 164.79994 164.76743 164.69043 164.63963 164.50314 164.43883 164.33131 164.30557 164.26103 164.22337 164.18926 164.12794 164.07654 164.05866 164.04520 164.03886 164.03886 164.03409 163.98089 163.93486 163.86583 163.81266 163.80157 163.70314 163.63649 163.63491 163.63889 163.64837 163.67217 163.70791 163.72377 163.73409 163.76666 163.76743 163.76189 163.72694 163.69440 163.68169 163.67694 163.68089 163.68806 163.69600 163.71426 163.75391 163.78806 163.81623 163.85946 163.88803 163.91503 163.92691 163.93726 163.94517 163.91186 163.81663 163.74420 163.73489 163.73489 163.74117 163.75869 163.92374 163.94837 164.23923 164.30674 164.37060 164.44520 164.48094 164.58249 164.63489 164.73249 164.74757 164.77137 164.86109 165.03649 165.14080 165.16343 165.30631 165.31426 165.31820 165.32217 165.33486 165.45746 165.70071 165.70234 165.68089 165.67217 165.61826 165.59206 165.55071 165.54517 165.55071 165.56106 165.56740 165.56897 165.56026 165.53366 165.48466 165.45631 165.44203 165.43566 165.43251 165.43649 165.47060 165.51423 165.52377 165.53169 165.53483 165.53249 165.54200 165.55706 165.56897 165.60989 165.66346 165.68166 165.74123 165.75077 165.75949 165.75791 165.75000 165.64360 165.59043 165.70949 165.73809 165.77854 165.80831 165.82851 165.96109 166.03269 166.06977 166.08806 166.09046 166.10871 166.16666 166.18409 166.18883 166.19677 166.26266 166.28089 166.32934 166.36423 166.37377 166.42217 166.42691 166.42774 166.42377 166.41580 166.39834 166.37774 166.37617 166.37929 166.38406 166.39994 166.40311 166.40154 166.37137 166.35471 166.31583 166.28091 166.27694 166.28009 166.28883 166.32854 166.34917 166.51109 166.55429 166.57614 166.58726 166.58726 166.58091 166.57217 166.57063 166.58963 166.60789 166.65274 166.76820 166.86903 166.93329 166.94440 166.95154 166.96580 166.98246 167.03409 167.04680 167.09897 167.17974 167.18729 167.18649 167.18091 167.15789 167.15237 167.15080 167.18437 167.22377 167.27294 167.28171 167.28011 167.25311 167.24757 167.23886 167.22774 167.20314 167.18254 167.17377 167.16029 167.15631 167.17143 167.20154 167.20949 167.23014 167.24997 167.25631 167.25471 167.25077 167.23091 167.22297 167.23409 167.32814 167.40391 167.50706 167.53174 167.63486 167.69440 167.70709 167.70866 167.72694 168.05794 168.08569 168.16026 168.22614 168.25791 168.26346 168.26106 168.24046 168.20789 168.20866 168.21900 168.22614 168.22931 168.23169 168.22614 168.17217 168.13566 168.11146 168.16057 168.21106 168.23643 168.26189 168.27457 168.28491 168.29203 168.31503 168.34520 168.35231 168.36023 168.37771 168.39991 168.47814 168.55866 168.62777 168.63569 168.65077 168.65234 168.65077 168.60791 168.59043 168.56820 168.55866 168.54200 168.53249 168.52691 168.51186 168.48171 168.47457 168.44997 168.32931 168.18446 168.08171 168.01860 167.95471 167.91823 167.91503 167.92614 167.98209 168.18649 168.30314 168.42060 168.51266 168.53880 168.59740 168.69477 168.70866 168.71186 168.71186 168.70469 168.70469 168.71740 168.75711 168.76191 168.75711 168.74040 168.73883 168.74794 168.76346 168.76983 168.77694 168.80871 168.81823 168.80951 168.79086 168.77140 168.76426 168.76026 168.75869 168.76823 168.77060 168.75594 168.69123 168.67614 168.66743 168.62300 168.62217 168.65791 168.67771 168.70951 168.71900 168.74437 168.76026 168.77380 168.78489 168.80791 168.82694 168.83011 168.82694 168.81663 168.79523 168.78411 168.78489 168.78806 168.79366 168.81586 168.84720 168.91183 168.92060 168.92457 168.91897 168.91977 168.92771 168.94914 168.96031 168.99760 169.00311 169.00871 169.01026 169.01026 169.01106 169.01346 169.01983 169.05071 169.08169 169.08409 169.07849 169.07057 169.06263 169.05157 169.02691 169.03011 169.06283 169.09600 169.11420 169.16503 169.16823 169.16666 169.15631 169.14203 169.12694 169.12849 169.14203 169.13723 169.12929 169.11420 169.09994 169.09600 169.09520 169.09520 169.10074 169.11503 169.11660 169.14203 169.14040 169.13169 169.12057 169.06583 168.98329 168.94757 168.85669 168.80157 168.76666 168.76026 168.69440 168.67374 168.65234 168.63649 168.63491 168.63806 168.64363 168.65311 168.68329 168.74023 169.00397 169.01983 169.03251 169.03889 169.07114 169.09357 169.10151 169.12214 169.13169 169.15157 169.19220 169.21426 169.22060 169.25789 169.25869 169.25154 169.24360 169.24997 169.25709 169.25709 169.25551 169.24677 169.22694 169.22134 169.22220 169.22934 169.24677 169.28131 169.30711 169.33091 169.33886 169.34283 169.34600 169.36423 169.35234 169.32540 169.28571 169.27454 169.27751 169.29283 169.29917 169.31029 169.32697 169.41900 169.44357 169.47294 169.47931 169.47854 169.47534 169.47617 169.47931 169.48491 169.49286 169.54280 169.57374 169.61109 169.61663 169.57617 169.56109 169.55554 169.55234 169.55869 169.55951 169.56029 169.54760 169.53529 169.50791 169.49363 169.49043 169.49363 169.51903 169.63566 169.83806 169.87300 169.86906 169.85071 169.76703 169.71983 169.66266 169.62057 169.58091 169.56977 169.57374 169.58091 169.58091 169.57934 169.54840 169.51743 169.52063 169.58129 169.64283 169.65389 169.66980 169.69680 169.80074 169.84677 169.88491 169.88966 169.92457 169.92771 169.94200 169.94440 169.96263 169.97217 170.01823 170.13011 170.12931 170.11343 170.06823 170.05314 170.02777 170.02457 170.02537 170.03251 170.05711 170.05951 170.05554 170.00397 169.99360 169.97851 169.96823 169.93963 169.90291 169.83049 169.79914 169.78883 169.78171 169.78883 169.80391 169.74283 169.69280 169.66903 169.65706 169.64677 169.63963 169.64234 169.66503 169.69680 169.74917 169.79000 169.83089 169.86186 169.97591 170.02854 170.03729 170.00931 169.84440 169.82454 169.82294 169.81743 169.81820 169.82294 169.83011 169.84837 169.86706 169.93826 170.03689 170.12831 170.15709 170.14991 170.12140 170.07851 170.04443 170.01386 170.00080 169.99600 169.99123 169.98963 169.99754 170.01666 170.03649 170.05951 170.10431 170.17269 170.42537 170.45949 170.50869 170.53880 170.61546 170.71106 170.73251 170.76111 170.81266 170.84437 170.86263 170.86663 170.86420 170.85789 170.84203 170.83331 170.82537 170.83246 170.84837 170.99240 171.00234 171.01026 171.01983 171.04363 171.05311 171.07691 171.08960 171.10629 171.11109 171.11109 171.10234 171.09043 171.07217 171.02534 171.00174 170.98966 170.95394 170.93651 170.93809 170.94203 170.95074 170.95946 170.95711 170.95160 170.94363 170.93169 170.92220 170.92220 170.93251 170.93011 170.89826 170.86903 170.86343 170.87254 170.86600 170.59520 170.57774 170.52057 170.51343 170.50869 170.50629 170.50791 170.51186 170.52774 170.53009 170.52454 170.51386 170.48529 170.45711 170.45471 170.45711 170.49994 170.54043 170.55863 170.58171 170.58886 170.59206 170.59997 170.66663 170.68369 170.73569 170.74520 170.75394 170.78409 170.79280 170.81426 170.82771 170.91349 171.09320 171.12060 171.17614 171.18649 171.18329 171.10789 171.10000 171.10474 171.11423 171.14937 171.23686 171.30634 171.31663 171.33886 171.35074 171.35551 171.37617 171.38966 171.43966 171.49640 171.51983 171.54123 171.55074 171.58069 171.69660 171.80154 171.80389 171.80951 171.80311 171.79517 171.75711 171.69677 171.66269 171.64837 171.62537 171.61263 171.61186 171.62220 171.62063 171.61823 171.59280 171.58169 171.58249 171.59280 171.60591 171.66783 171.67297 171.67857 171.70391 171.71426 171.74520 171.82697 171.83729 171.85634 171.86189 171.87697 171.89680 172.02617 172.05749 172.07254 172.07297 172.06660 172.04800 172.01309 171.97771 171.96820 171.96503 171.98126 171.98486 171.96737 171.94440 171.91820 171.89283 171.82257 171.78171 171.76500 171.75549 171.74834 171.74517 171.74680 171.75869 171.77060 171.80311 171.82617 171.88249 171.90471 171.92140 171.98723 171.99754 171.99200 171.96423 171.96026 171.96106 171.96900 171.98683 172.12377 172.15511 172.18846 172.22377 172.28329 172.32374 172.33731 172.35631 172.38889 172.40077 172.40077 172.45174 172.52454 172.54760 172.63329 172.73609 172.78409 172.88331 172.90871 172.94677 172.95549 172.97934 173.02534 173.03723 173.02691 173.00709 172.99437 172.91980 172.89680 172.75551 172.70866 172.63806 172.57537 172.52574 172.49280 172.45591 172.43169 172.41823 172.41269 172.41423 172.43649 172.46029 172.47537 172.50151 172.52214 172.54840 172.59877 172.63289 172.70331 172.75394 172.90709 172.94203 173.15154 173.22454 173.27777 173.33409 173.60394 173.61663 173.63569 173.64600 173.65474 173.68089 173.70709 173.74834 173.81186 173.88169 173.93329 173.99780 174.02457 174.07237 174.10151 174.10469 174.10391 174.09834 174.10151 174.11980 174.13883 174.26026 174.34837 174.38803 174.44357 174.49520 174.54877 174.59123 174.63886 174.65389 174.76983 174.78406 174.81106 174.91503 174.92537 174.93251 174.95946 174.98566 174.99283 175.00157 175.01823 175.08011 175.10629 175.17137 175.21743 175.23806 175.29363 175.31580 175.35469 175.40871 175.44283 175.50231 175.54120 175.56820 175.66283 175.83309 175.84437 175.84283 175.80234 175.76346 175.73251 175.72303 175.71106 175.69677 175.67060 175.62297 175.59757 175.57377 175.56500 175.54360 175.52774 175.46823 175.38726 175.37057 175.34834 175.32457 175.25791 175.22697 175.18726 175.17217 175.15154 175.10314 175.08649 175.06506 175.04760 174.96980 174.94597 174.83806 174.82054 174.80869 174.76266 174.70394 174.68331 174.60471 174.57771 174.56980 174.56980 174.58706 174.62534 174.63489 174.65471 174.67774 174.78566 174.78009 174.75474 174.74757 174.74440 174.74757 174.75869 174.79083 174.80391 174.79994 174.80709 174.89283 174.97554 174.98963 174.99757 175.03211 175.05711 175.05869 175.05314 175.03966 175.02934 175.02457 175.07220 175.11583 175.15389 175.17614 175.21109 175.25709 175.33726 175.38649 175.40474 175.49440 175.57143 175.62774 175.64283 175.65871 175.69123 175.75374 175.82140 175.83091 175.84757 175.89360 175.89994 175.89994 175.89914 175.88823 175.86026 175.84837 175.83489 175.80871 175.80157 175.79760 175.79123 175.77934 175.76426 175.75234 175.75551 175.79917 175.80951 175.83963 175.85314 175.82771 175.81583 175.80789 175.80631 175.81109 175.84994 175.91666 176.01266 176.14680 176.19280 176.23963 176.27214 176.29283 176.32734 176.33566 176.32143 176.31109 176.27851 176.24120 176.12060 176.09526 175.99283 175.96583 175.92297 175.91031 175.90154 175.89360 175.88963 175.88883 175.89440 175.97060 175.98011 175.99757 176.00154 176.02294 176.03406 176.04520 176.05786 176.07451 176.08166 176.07691 176.05629 176.04994 176.04837 176.05154 176.05866 176.11423 176.13649 176.14957 176.15077 176.10689 176.07771 176.09200 176.13889 176.17060 176.21263 176.22531 176.25709 176.25946 176.24997 176.23089 176.24120 176.23646 176.25749 176.27694 176.28966 176.29366 176.29046 176.28806 176.29283 176.36663 176.39360 176.41580 176.43489 176.43649 176.43091 176.40154 176.37020 176.35949 176.35394 176.34997 176.34677 176.36109 176.40551 176.46843 176.57297 176.58886 176.63569 176.63329 176.61263 176.60151 176.57457 176.55709 176.54837 176.54280 176.54360 176.54994 176.55789 176.57454 176.58486 176.60471 176.63094 176.67854 176.76500 176.79360 176.88489 176.92060 177.07454 177.15634 177.17220 177.17857 177.18806 177.19997 177.26820 177.29597 177.43883 177.56186 177.60231 177.61583 177.63566 177.64677 177.66663 177.70631 177.72220 177.78171 177.81503 177.84994 177.86554 177.90789 177.99240 178.05951 178.16306 178.22929 178.27217 178.37217 178.39914 178.46980 178.49757 178.50946 178.52137 178.53726 178.55071 178.57774 178.55383 178.53089 178.52137 178.52494 178.59326 178.63846 178.65154 178.65154 178.64760 178.64123 178.61740 178.58411 178.54597 178.47774 178.45634 178.43411 178.41980 178.39757 178.39360 178.40549 178.42611 178.44283 178.45077 178.46746 178.47537 178.60551 178.73646 178.79243 178.81583 178.82934 178.84126 178.84677 178.84997 178.84917 178.85314 178.86026 178.87137 178.90411 178.92457 178.92851 178.93486 178.97397 179.00077 179.01266 179.04440 179.09360 179.12694 179.18571 179.19360 179.18649 179.19280 179.20394 179.23249 179.23726 179.23291 179.25551 179.32734 179.43329 179.47617 179.50077 179.50949 179.52457 179.52774 179.52854 179.52380 179.51906 179.50871 179.48329 179.39200 179.32277 179.31980 179.32694 179.42774 179.46580 179.51386 179.56857 179.60154 179.60549 179.60471 179.63486 179.65154 179.65074 179.64517 179.64360 179.64677 179.69206 179.71900 179.72617 179.73411 179.73094 179.71740 179.69046 179.64991 179.62691 179.60314 179.59520 179.57494 179.52220 179.41443 179.37617 179.32954 179.32617 179.36423 179.36983 179.40829 179.46940 179.51786 179.53726 179.55314 179.55154 179.54520 179.47617 179.46580 179.27614 179.25791 179.19837 179.17771 179.12454 179.11343 179.10314 179.07771 179.03649 179.01586 179.00631 179.00314 179.01586 179.02614 179.02380 178.98726 178.97697 178.96983 178.93960 178.93883 178.94994 178.96506 178.98171 178.99600 179.08489 179.10869 179.12771 179.13326 179.13883 179.14520 179.15391 179.19997 179.23331 179.26186 179.26740 179.28460 179.29203 179.30791 179.32774 179.38251 179.43089 179.44914 179.45946 179.47217 179.68091 179.70869 179.80194 179.81106 179.81820 179.81503 179.85471 179.86903 179.88491 179.88889 179.86063 179.81900 179.81743 179.81977 179.83089 179.84754 179.86740 179.87777 179.89200 179.91106 179.91346 179.88251 179.82020 179.81026 179.81423 179.86066 179.95591 179.98489 180.00951 180.01743 180.02380 180.02297 180.01589 180.00477 179.99123 179.96029 179.94363 179.93726 179.96660 180.02460 180.09280 180.11663 180.10869 180.07614 180.06186 180.04997 180.02934 180.00591 180.04123 180.05631 180.10231 180.11109 180.11346 180.11740 180.13009 180.15371 180.17457 180.20294 180.30197 180.31583 180.31977 180.32057 180.30789 180.31263 180.31263"/>
<polygon color="rgb(220,220,220)" opacity="100" xc="58.72520 58.76751 59.12134 59.19551 59.19765 59.19229 59.17006 59.14869 59.13077 59.00597 58.75426 58.71794 58.70212 58.70491 58.71622 58.72520 58.72520" yc="-3.88811 -3.87303 -3.61031 -3.56946 -3.53531 -3.50597 -3.46111 -3.46191 -3.46906 -3.56111 -3.78094 -3.81509 -3.83611 -3.88134 -3.89129 -3.88811 -3.88811"/>
<polygon color="rgb(220,220,220)" opacity="100" xc="29.34977 29.36880 29.35809 29.35214 29.32391 29.30554 29.25318 29.22969 29.15255 29.14400 29.11858 29.13205 29.15214 29.18546 29.20426 29.22562 29.23760 29.26922 29.34977 29.34977" yc="-3.64923 -3.60634 -3.50477 -3.47700 -3.35000 -3.32303 -3.24763 -3.23929 -3.36906 -3.39366 -3.49963 -3.54883 -3.56349 -3.56669 -3.57383 -3.59603 -3.61429 -3.66826 -3.64923 -3.64923"/>
<polygon color="rgb(220,220,220)" opacity="100" xc="66.55597 66.52905 66.50597 66.48588 66.47180 66.41035 66.35597 66.34058 66.32349 66.30255 66.28205 66.25297 66.19828 66.16025 66.14914 66.13075 66.12222 66.11880 66.11922 66.12094 66.12732 66.15385 66.16408 66.17777 66.19058 66.23802 66.25768 66.32991 66.47435 66.55597 66.55597" yc="1.68274 1.65077 1.61349 1.58889 1.57460 1.54920 1.57777 1.59126 1.61111 1.61149 1.59920 1.55160 1.40951 1.29523 1.25474 1.16586 1.11031 1.00397 0.96666 0.93094 0.84286 0.73254 0.73017 0.74446 0.76111 0.82697 0.86191 1.01109 1.39603 1.68274 1.68274"/>
<polygon color="rgb(220,220,220)" opacity="100" xc="36.33386 36.41751 36.40074 36.23762 36.21580 36.19742 36.18631 36.17603 36.15469 36.13931 36.14274 36.20257 36.30897 36.33386 36.33386" yc="4.06409 4.19463 4.28729 4.31906 4.32063 4.31586 4.29523 4.27300 4.20951 4.15674 4.10694 4.07620 4.05634 4.06409 4.06409"/>
<polygon color="rgb(220,220,220)" opacity="100" xc="36.13075 36.15725 36.15257 36.10983 36.09272 36.02222 35.94742 35.92946 35.93417 35.93717 35.95640 35.96757 36.00426 36.01709 36.11197 36.13075 36.13075" yc="4.32300 4.56189 4.62697 4.82460 4.84523 4.90237 4.84049 4.82380 4.64126 4.60951 4.49286 4.47231 4.41906 4.40080 4.31429 4.32300 4.32300"/>
<polygon color="rgb(220,220,220)" opacity="100" xc="31.10298 31.10211 31.09314 31.07906 30.98332 30.97051 30.94869 30.89657 30.88589 30.92222 30.94914 30.96708 30.97991 30.99998 31.01623 31.09485 31.10298 31.10298" yc="11.82600 11.87937 11.92143 11.97460 12.27540 12.31191 12.37143 12.47620 12.39483 12.19366 12.04920 11.96429 11.92777 11.88251 11.85157 11.80554 11.82600 11.82600"/>
<polygon color="rgb(220,220,220)" opacity="100" xc="28.14635 28.16068 28.16195 28.15340 27.93974 27.66785 27.68117 27.79102 27.94614 28.06751 28.08760 28.10383 28.14143 28.14635 28.14635" yc="12.38371 12.47063 12.54763 12.57223 12.97857 12.93769 12.90634 12.81983 12.65000 12.49680 12.47143 12.44049 12.36666 12.38371 12.38371"/>
<polygon color="rgb(220,220,220)" opacity="100" xc="30.26454 30.29123 30.30895 30.30769 30.20298 30.18557 30.15000 30.14785 30.21880 30.23800 30.25383 30.26454 30.26454" yc="12.57380 12.65834 12.74760 12.81269 13.08491 13.10474 13.07897 13.03729 12.66826 12.58571 12.57300 12.57380 12.57380"/>
<polygon color="rgb(220,220,220)" opacity="100" xc="29.95342 29.88718 29.87860 29.86366 29.84058 29.80471 29.78291 29.74315 29.69831 29.68471 29.67905 29.68012 29.78205 29.87648 29.91068 29.93962 29.95342 29.95342" yc="13.98214 14.35794 14.38254 14.39763 14.39920 14.41111 14.42460 14.45794 14.53954 14.54146 14.46429 14.40040 14.08491 13.97540 13.95237 13.95057 13.98214 13.98214"/>
<polygon color="rgb(220,220,220)" opacity="100" xc="27.62883 27.62626 27.42906 27.39272 27.38674 27.38075 27.37948 27.38077 27.42263 27.42734 27.45212 27.47543 27.48546 27.49743 27.49871 27.49314 27.48674 27.46838 27.45938 27.38674 27.36625 27.30938 27.34977 27.38760 27.40340 27.41452 27.44358 27.45000 27.45385 27.45597 27.45000 27.42348 27.41515 27.45214 27.55768 27.58375 27.61665 27.62883 27.62883" yc="12.92937 12.97777 13.69126 13.76746 13.79523 13.84286 13.87777 13.91746 14.46191 14.51429 14.69523 14.78689 14.83969 14.95157 15.01746 15.06509 15.08889 14.86746 14.79049 14.34840 14.24049 13.74206 13.72937 13.70237 13.68969 13.66903 13.58411 13.55634 13.52460 13.44403 13.40317 13.37520 13.32817 13.22620 12.95634 12.92657 12.91031 12.92937 12.92937"/>
<polygon color="rgb(220,220,220)" opacity="100" xc="28.92691 28.95791 29.01708 29.07777 29.10426 29.09860 29.00063 28.93483 28.88715 28.91365 28.92691 28.92691" yc="16.70000 16.85991 17.09366 17.15554 17.31349 17.34700 17.33214 17.24643 16.71111 16.57937 16.70000 16.70000"/>
<polygon color="rgb(220,220,220)" opacity="100" xc="22.81518 22.85682 22.85214 22.80172 22.75252 22.73472 22.70640 22.68588 22.66751 22.64826 22.64720 22.66966 22.69240 22.68543 22.67177 22.61709 22.60597 22.57797 22.59998 22.67177 22.80085 22.81518 22.81518" yc="22.95040 23.29920 23.36826 23.73969 23.87300 23.90714 23.91586 23.90080 23.86269 23.79523 23.73849 23.62617 23.52323 23.48254 23.44603 23.31903 23.29840 23.25634 23.14366 23.06429 22.92777 22.95040 22.95040"/>
<polygon color="rgb(220,220,220)" opacity="100" xc="18.01666 18.05277 18.08505 18.09592 18.09485 18.09143 18.07734 17.99058 17.93418 17.89998 17.87840 17.86278 17.83974 17.84529 17.85725 17.86922 17.91492 17.92692 17.94229 17.94957 17.97777 17.99100 17.99657 17.99314 17.99657 18.01666 18.01666" yc="25.37620 25.38651 25.49166 25.57183 25.80080 25.83411 25.92777 26.26826 26.25714 26.24603 26.23214 26.20871 26.14443 25.98254 25.94366 25.92380 25.88094 25.86111 25.80791 25.78094 25.63411 25.53254 25.48411 25.47777 25.37460 25.37620 25.37620"/>
<polygon color="rgb(220,220,220)" opacity="100" xc="27.28931 27.30748 27.37991 27.38332 27.38418 27.38032 27.36580 27.28246 27.24614 27.16025 27.14315 27.00426 26.98932 26.97992 26.95874 26.82518 26.84614 26.86366 27.00638 27.10254 27.22437 27.23631 27.28931 27.28931" yc="25.06666 25.08571 25.62700 25.66191 25.70080 25.80634 25.89760 26.34920 26.39286 26.38174 26.37143 26.26983 26.24603 26.21906 26.14443 25.37460 25.32777 25.30714 25.16189 25.08094 25.01903 25.01826 25.06666 25.06666"/>
<polygon color="rgb(220,220,220)" opacity="100" xc="25.94529 25.95297 25.95854 25.96131 25.93077 25.90960 25.89569 25.86623 25.86238 25.86066 25.85254 25.75255 25.72862 25.67691 25.58758 25.56451 25.56192 25.56794 25.57434 25.58375 25.59069 25.57906 25.54358 25.52732 25.43120 25.38417 25.34186 25.25780 25.22989 25.23203 25.24275 25.34614 25.52222 25.60426 25.78374 25.79785 25.83418 25.87306 25.93891 25.94529 25.94529" yc="25.77063 25.79760 25.82777 25.87657 25.91983 25.93491 25.96111 26.08651 26.11746 26.15317 26.36666 26.56586 26.56746 26.57300 26.61349 26.63531 26.69683 26.74760 26.77620 26.80080 26.84443 26.92223 27.05714 27.09803 27.24523 27.30714 27.34840 27.38849 27.00634 26.96189 26.93094 26.70000 26.34206 26.20237 25.90791 25.89126 25.85157 25.81586 25.76509 25.77063 25.77063"/>
<polygon color="rgb(220,220,220)" opacity="100" xc="50.55271 50.52178 50.36109 50.28415 50.23588 50.23886 50.20812 50.12734 49.97777 49.90854 49.82392 49.77223 49.72477 49.53331 49.46537 49.26194 49.17948 49.13825 48.92306 48.79060 48.76111 48.67478 48.63375 48.55403 48.34102 48.30040 48.16068 48.10768 48.02434 47.80725 47.72989 47.53118 47.48846 47.38375 47.32349 47.30255 47.27518 47.20117 46.98674 47.01025 46.96431 46.91708 46.87563 46.75972 46.68674 46.62092 46.59400 46.57317 46.55169 46.52478 46.48875 46.46431 46.45123 46.41089 46.36783 46.35086 46.33717 46.25382 46.21195 46.07563 46.03332 45.98697 45.86708 45.78418 45.72082 45.64422 45.64678 45.61408 45.60126 45.53931 45.47094 45.41560 45.39634 45.39718 45.34251 45.28545 45.24529 45.19702 45.17777 45.18737 45.12948 44.92968 44.71238 44.57649 44.54923 44.45126 44.40148 44.27906 44.13717 44.06794 44.04714 43.99228 43.91280 43.78589 43.64806 43.52817 43.46922 43.42349 43.34488 43.24274 43.09102 43.00275 42.96495 42.92691 42.88932 42.72649 42.67500 42.61260 42.52991 42.31346 42.21409 42.04571 41.83882 41.76751 41.69869 41.60769 41.45852 41.28663 41.09097 41.08268 40.96155 40.92135 40.82777 40.79231 40.72092 40.40642 40.17049 40.03845 39.96366 39.93032 39.90214 39.87562 39.73889 39.68855 39.64869 39.61109 39.56132 39.51269 39.47991 39.35512 39.30255 39.16645 38.95683 38.93077 38.92105 38.95491 38.96154 38.95040 38.91452 38.80469 38.73503 38.66922 38.64657 38.62072 38.56195 38.47562 38.36623 38.26925 38.20085 38.11912 38.07222 37.85682 37.70662 37.62863 37.56815 37.53846 37.36922 37.27435 37.25085 37.18843 37.16623 37.14143 36.96495 36.90512 36.82626 36.70212 36.60020 36.50426 36.47820 36.45640 36.40875 36.31408 36.28226 36.24742 36.21538 36.15938 36.11865 36.09297 35.98718 35.26880 35.16665 35.11580 35.01238 34.96195 34.85980 34.80769 34.70555 34.60342 34.49998 34.44912 34.29529 33.98717 33.57691 33.52520 33.52649 33.52520 33.52649 33.52522 33.52649 33.52563 32.64826 32.58977 32.56625 32.56498 32.23483 32.21703 31.51965 30.95511 30.39145 30.28931 29.16025 28.58843 27.77480 27.23163 26.92308 26.35805 26.07249 25.62383 25.08922 24.83340 24.52105 24.08631 23.71455 23.39195 23.36949 23.39743 23.49017 23.50555 23.50909 23.49262 23.27485 23.03708 22.76540 22.45512 22.14529 21.68034 21.16518 20.75669 20.44145 20.13205 19.85340 19.81172 19.80468 19.80898 19.89871 19.95895 19.98418 20.01368 20.07051 20.11291 20.14422 20.16195 20.18931 20.19400 20.19358 20.19849 20.20897 20.24123 20.41578 20.51783 20.57263 20.60286 20.61762 20.60768 20.53974 20.49903 20.62446 20.80040 20.99658 21.02606 21.05340 21.06365 21.07220 21.13505 21.45309 21.47991 21.49229 21.49186 21.48632 21.47349 21.47840 21.53198 21.53972 21.52105 21.56966 21.64400 21.77071 21.78995 21.81068 21.82818 21.83888 21.85000 21.85643 21.87218 21.94528 22.00512 22.29871 22.55449 22.64892 22.71922 22.74315 22.76282 22.78482 22.92649 23.11112 23.16002 23.53631 23.75768 23.83963 23.93717 23.95852 23.98108 24.05942 24.13077 24.21282 24.28611 24.35735 24.49143 24.52105 24.51174 24.48545 24.46538 24.44615 24.39102 24.41794 24.44208 24.44102 24.43162 24.40768 24.41760 24.37903 24.37023 24.36678 24.38312 24.38152 24.33151 24.29589 24.18674 24.16709 24.14211 24.23118 24.27629 24.28118 24.37222 24.43845 24.50105 24.56882 24.63888 24.65683 24.63845 24.60618 24.34551 24.17338 24.12692 24.10106 23.94785 23.90725 23.87008 23.83331 23.67135 23.56623 23.39998 23.33248 23.19229 23.04528 23.00938 23.04143 23.09402 23.18758 23.24740 23.42092 23.58674 23.67714 23.82169 23.86763 23.87732 23.87948 23.88386 24.10725 24.18211 24.23525 24.27308 24.32005 24.36132 24.41878 24.47392 24.49829 24.51986 24.53997 24.61731 24.65203 24.68548 24.76174 24.79400 24.85812 24.89935 24.96537 24.99177 25.01325 25.03952 25.23257 25.32862 25.42135 25.45875 25.49017 25.53397 25.73037 25.83632 25.87134 25.87222 25.86752 25.89605 25.95234 25.96294 25.94998 25.87222 25.84486 25.82509 25.81131 25.82306 25.86623 25.97435 25.99315 26.03075 26.18835 26.23440 26.31889 26.37903 26.48846 26.65662 26.96805 26.99903 27.03643 27.07586 27.11025 27.12648 27.14060 27.15980 27.19188 27.31069 27.34957 27.37605 27.39528 27.52329 27.53825 27.53460 27.52563 27.52008 27.53417 27.55852 27.56409 27.59872 27.58865 27.57120 27.52991 27.49786 27.43120 27.42308 27.46003 27.47263 27.48546 27.52732 27.54571 27.51409 27.55768 27.72595 27.73951 27.80940 27.90202 27.93375 27.95854 28.00982 28.17392 28.22517 28.24358 28.28205 28.30342 28.34443 28.36922 28.40640 28.45938 28.50395 28.88931 29.08203 29.15875 29.20552 29.52306 29.70083 29.79315 29.89155 29.96837 30.06325 30.14637 30.19400 30.29048 30.50502 30.56323 30.57478 30.58460 30.59102 30.61515 30.63075 30.64529 30.72542 30.77202 30.80191 30.83803 30.88758 30.99357 31.04658 31.20385 31.22883 31.23535 31.28375 31.32862 31.37946 31.42008 31.47137 31.50962 31.56132 31.63246 31.69100 31.68077 31.57178 31.50640 31.47114 31.42306 31.39040 31.29528 31.25768 31.23974 31.23075 31.22308 31.22991 31.23440 31.19742 31.15374 31.10172 31.05769 31.03951 31.04060 31.05852 31.07734 30.96623 30.80897 30.79743 30.76409 30.74102 30.70638 30.51494 30.44615 30.41260 30.32372 30.29935 30.33002 30.35342 30.35255 30.29098 30.27049 30.22435 30.18995 30.16074 30.22018 30.24614 30.29775 30.24666 30.12222 30.07820 30.00757 29.82371 29.75768 29.70588 29.69869 29.69998 29.67008 29.65854 29.64529 29.63974 29.64037 29.64655 29.65555 29.69529 29.71305 29.73032 29.74189 29.73675 29.71345 29.62051 29.58397 29.54872 29.49892 29.44635 29.36751 29.31069 29.20383 29.19763 29.20469 29.20160 29.13200 29.04851 28.97371 28.76965 28.73074 28.67522 28.70255 28.69229 28.64145 28.61878 28.60234 28.62745 28.61837 28.46258 28.38034 28.36880 28.36538 28.37008 28.36634 28.31069 28.23931 28.15768 28.07862 27.98503 27.93078 27.91351 27.95125 27.99411 28.07005 28.11965 28.17306 28.13845 28.09989 28.05298 27.90983 27.83374 27.82051 27.84166 27.83198 27.82317 27.73588 27.64743 27.67048 27.54657 27.33845 27.20394 27.15897 26.93289 26.86580 26.81112 26.66078 26.53375 26.56580 26.57957 26.52649 26.49443 26.47435 26.46986 26.47594 26.42926 26.36794 26.35854 26.34765 26.35383 26.36431 26.27969 26.21965 26.18074 26.13672 26.09337 25.97552 25.95466 25.94015 25.88203 25.85395 25.80031 25.70726 25.61837 25.61794 25.59594 25.52414 25.45897 25.44305 25.45063 25.37115 25.31580 25.32414 25.31517 25.15254 25.12626 24.93203 24.84828 24.79015 24.74765 24.56366 24.51580 24.46709 24.28898 24.22265 24.15329 24.03729 24.00555 23.90940 23.77649 23.75940 23.64828 23.60042 23.62734 23.64188 23.65320 23.62092 23.59423 23.57328 23.55000 23.54508 23.55214 23.56068 23.55511 23.52862 23.50748 23.44228 23.40575 23.34648 23.26965 23.26046 23.26366 23.28588 23.29955 23.30597 23.31706 23.33397 23.37180 23.40640 23.40514 23.35383 23.19680 23.16218 23.11411 23.05642 23.02900 23.05040 23.18634 23.34614 23.37135 23.52051 23.64015 23.71612 23.81838 23.84231 23.87349 23.95148 24.22309 24.28077 24.35428 24.41411 24.53823 24.58332 24.62989 24.65297 24.69637 24.66102 24.65432 24.88929 25.12649 25.16303 25.18609 25.19166 25.18654 25.19658 25.20982 25.24657 25.36795 25.42177 25.64955 25.94274 25.97414 26.01280 26.09380 26.09572 26.07775 26.00640 25.98546 25.97509 26.02863 26.04188 26.05917 26.08845 26.14955 26.26451 26.37222 26.51452 26.53160 26.54014 26.53931 26.53588 26.56066 26.60640 26.80502 26.93246 26.96688 27.01451 27.03758 27.11357 27.11152 27.09242 27.18545 27.24828 27.30820 27.36388 27.38246 27.38931 27.40042 27.42094 27.44315 27.51537 27.63503 27.81889 27.77348 27.79263 27.92691 27.96578 28.00640 28.05128 28.09529 28.11411 28.13460 28.15854 28.20043 28.24529 28.34015 28.40812 28.51792 28.70469 28.72991 28.75938 28.81858 28.84655 28.89826 29.07178 29.10426 29.14485 29.29100 29.42820 29.55468 29.85126 29.98254 29.91537 29.83802 29.79294 29.79378 29.81195 29.95428 30.08246 30.25385 30.30468 30.42305 30.68951 30.73258 30.80575 30.84763 30.89091 30.92562 30.94229 30.95342 30.96068 30.97435 31.04294 31.11922 31.14785 31.20383 31.24335 31.26580 31.31177 31.45514 31.50780 31.62412 31.90043 32.06998 32.08657 32.14785 32.15992 32.11837 32.04015 32.06128 32.05415 31.99229 31.95129 31.95426 31.87077 31.83760 31.68803 31.65877 31.64231 31.62649 31.63462 31.72018 31.83460 32.04742 32.07092 32.09069 32.18926 32.24369 32.46485 32.49785 32.56163 32.49486 32.45852 32.35340 32.32115 32.27963 32.21908 32.17734 32.14014 32.20255 32.25951 32.43074 32.48289 32.49314 32.49678 32.46757 32.55726 32.66878 32.67114 32.67349 32.72518 32.89743 32.98718 33.14486 33.17392 33.19914 33.22029 33.24229 33.23972 33.30383 33.47222 33.65255 33.69871 33.75342 33.78074 33.81323 33.83418 33.84486 33.69798 33.64594 33.57202 33.50575 33.56708 33.64955 33.68588 33.77308 33.80278 33.77798 33.78177 33.82777 33.86154 33.85085 33.82051 33.83589 33.85309 33.93545 33.97478 34.12729 34.07445 34.00895 33.95212 34.04186 34.14103 34.23245 34.23329 34.33566 34.37982 34.39680 34.43380 34.47603 34.46708 34.41392 34.37989 34.34498 34.26503 34.34572 34.38460 34.47775 34.51368 34.54142 34.58077 34.73462 34.78672 35.27518 35.31837 35.34594 35.38292 35.44871 35.51432 35.53952 35.58758 35.62902 35.68695 35.71538 35.90512 36.11131 36.13631 36.16408 36.18674 36.35383 36.57435 36.70854 36.75340 36.80000 36.92178 36.96283 37.04657 37.19934 37.23203 37.31578 37.33760 37.36220 37.39871 37.44592 37.46197 37.47049 37.47648 37.47989 37.48225 37.47862 37.46835 37.45298 37.45212 37.46112 37.49465 37.52392 37.54443 37.57392 37.60223 37.67905 37.75726 37.78248 37.78078 37.79015 38.03568 38.08332 38.17008 38.11068 38.13311 38.11515 38.10382 38.09017 38.06335 38.01175 37.98011 37.63663 37.83428 37.89657 37.93331 37.96645 38.05092 38.05557 38.09988 38.08503 37.94560 37.76837 37.69743 37.61325 37.54635 37.50768 37.42252 37.41794 37.44272 37.54528 37.62092 37.64955 37.66880 37.69572 37.75854 37.78825 37.82372 37.86623 37.95491 37.97157 37.99562 38.04871 38.13972 38.20042 38.28052 38.30895 38.34060 38.42692 38.48675 38.53588 38.61688 38.76023 38.96015 39.08858 39.21066 39.42905 39.49571 39.51323 39.49262 39.51143 39.68417 39.78931 39.92734 39.96111 39.99312 40.04315 40.08674 40.24655 40.34400 40.37671 40.39155 40.42306 40.45298 40.65255 40.67563 40.70942 40.73932 40.75512 40.77434 40.80255 40.84614 40.98845 41.38011 41.44400 41.47948 41.60811 41.63931 41.68631 41.80875 41.92243 41.96878 42.02862 42.09614 42.14165 42.19317 42.37563 42.62991 42.72371 42.79846 42.81494 42.85385 42.89314 42.92969 42.97329 43.01815 43.07583 43.14955 43.19785 43.23331 43.35597 43.39678 43.58118 43.61026 43.63260 43.72649 43.93075 44.09014 44.20552 44.40640 44.45469 44.48246 44.51343 44.53931 44.59826 44.75383 44.78672 44.92754 45.10982 45.36666 45.46195 45.65852 45.71625 45.80298 46.18548 46.34934 46.37328 46.39828 46.38397 46.55597 46.63694 46.83377 46.86580 47.01452 47.33374 47.63546 48.02735 48.07158 48.10886 48.14742 48.21943 48.28248 48.31752 48.34038 48.36515 48.37740 48.39380 48.54402 48.60255 48.89955 49.03758 49.09229 49.33845 49.44529 49.47778 49.51878 49.54955 49.60811 49.73440 49.77714 49.96835 50.41323 50.46666 50.56111 50.61068 50.66111 51.01645 51.44955 51.57522 51.63546 51.73418 51.86708 51.90169 51.97778 52.03418 52.21109 52.38266 52.69742 52.74400 52.90769 52.93931 53.04314 53.10340 53.19955 53.23771 53.27392 53.28386 53.45983 53.51794 53.69229 53.95831 54.06494 53.99186 53.78545 53.74972 53.79872 53.98374 54.06280 54.09806 54.14592 54.19680 54.17755 54.14348 54.16686 54.27563 54.33845 54.36258 54.45726 54.49411 54.48289 54.43717 54.41237 54.37648 54.32006 54.27117 54.32114 54.45554 54.64998 54.70597 54.77605 54.80812 55.02308 55.24743 55.28454 55.30363 55.29914 55.27338 55.24254 55.18545 55.12225 55.02591 54.92569 54.87285 54.96463 54.88418 54.80298 54.74443 54.71837 54.70982 54.73888 54.76878 54.82403 54.85083 54.97175 55.05394 55.21238 55.25332 55.26472 55.34785 55.47905 55.57520 55.70938 55.84828 55.92435 56.04871 56.19315 56.28888 56.48758 56.60491 56.69231 56.75511 56.78802 56.95425 57.09315 57.13665 57.27617 57.30126 57.31232 57.27083 57.21518 57.30298 57.39058 57.48845 57.53674 57.56323 57.60683 57.65042 57.87008 58.01666 58.06814 58.08188 58.09546 58.12820 58.17349 58.22563 58.22671 58.21794 58.20128 58.18012 58.17872 58.23118 58.31703 58.35278 58.13631 58.29548 58.72522 58.77308 58.87820 58.91666 59.16922 60.01300 60.30083 60.57563 60.84035 60.84982 60.85852 60.87371 60.87682 60.83488 60.83374 60.86366 60.91303 60.94700 60.93332 60.91323 60.79058 60.76154 60.69955 60.62969 60.60126 60.54572 60.54849 60.54742 60.52605 60.49402 60.43957 60.38675 60.30042 60.20512 60.12446 60.07862 60.02049 59.90214 59.71623 59.58695 59.48888 59.33231 59.32777 60.02477 60.02522 60.02606 60.02705 60.03205 60.12049 60.34188 60.62948 61.17178 61.53846 61.93502 62.41471 62.85854 62.85691 62.88982 62.96608 63.04218 63.08154 63.10243 63.27378 63.32092 63.42449 63.49529 63.53162 63.56751 63.69228 63.70912 63.82008 63.83632 63.88648 63.99163 64.04400 64.08631 64.15462 64.17820 64.20426 64.35469 64.28032 64.36751 64.47820 64.52135 64.55426 64.61152 64.61122 64.51238 64.49294 64.50257 64.56323 64.65597 64.72989 64.77991 64.80489 64.81282 64.84998 64.86175 64.87991 64.89742 64.93715 64.98097 64.99229 65.00255 65.01622 65.03108 65.06068 65.12991 65.14720 65.19445 65.20086 65.20662 65.23685 65.31025 65.40212 65.38420 65.31174 65.26878 65.25106 65.24295 65.17680 65.11943 65.09571 65.11238 65.13460 65.16066 65.18652 65.32137 65.31783 65.28760 65.34272 65.42883 65.47178 65.49592 65.51966 65.50138 65.34358 65.21152 65.18055 65.14198 65.12862 65.09017 65.02552 65.01537 65.02062 65.13760 65.26003 65.32237 65.36834 65.42177 65.42649 65.41260 65.46234 65.46197 65.44023 65.43222 65.46952 65.46655 65.44743 65.43205 65.42734 65.45512 65.48120 65.49914 65.68205 65.72862 65.80555 65.83931 65.91260 65.94294 66.04700 66.28758 66.38032 66.42092 66.49955 66.44432 66.42126 66.44315 66.44614 66.43758 66.41580 66.35212 66.31666 66.14549 66.11109 66.07777 66.06948 66.03289 65.92542 65.78482 65.73505 65.68589 65.64808 65.58460 65.52188 65.52969 65.77180 65.81238 65.84709 65.90595 65.94795 65.94828 65.92915 65.84423 65.77049 65.64700 65.42092 65.32432 65.22263 65.14998 65.11325 65.00275 64.91238 64.84412 64.91922 65.05438 64.66922 64.62435 64.43162 64.38802 64.33334 64.26965 64.24391 64.29840 64.39443 64.47658 64.20320 64.13962 64.07423 63.96066 63.92092 63.70052 63.66025 63.62928 63.55895 63.52542 63.31794 62.91922 62.70597 62.58758 62.55683 62.30597 61.99315 61.88289 61.83760 61.80298 61.74145 61.66197 61.37477 61.17006 61.10812 61.02669 60.99806 60.96068 60.94488 60.91429 60.89486 60.87548 60.94551 60.95543 60.99698 61.01517 61.01708 60.99529 60.96405 60.94529 60.91452 60.86238 60.83706 60.79274 60.78758 60.77392 60.76954 60.79914 60.82180 60.83803 60.76578 60.72575 60.67475 60.64742 60.61451 60.54315 60.49743 60.44274 60.46048 60.44080 60.41280 60.37863 60.13374 59.96666 59.79272 59.59998 59.53118 59.44162 59.40758 59.34060 59.38746 59.49231 59.44743 59.40422 59.42755 59.47494 59.51366 59.55446 59.59443 59.71355 59.52051 59.32692 59.24818 59.26922 59.23738 59.02008 58.95426 58.80982 58.76409 58.74903 58.68365 58.69123 58.71880 58.73034 58.61902 58.51528 58.52668 58.47146 58.39700 58.40640 58.55166 58.60942 58.67905 58.52885 58.49463 58.45512 58.22605 57.98012 57.83802 57.75383 57.72238 57.55597 57.41537 57.32094 57.22265 57.19571 57.10040 57.04508 56.99231 56.78802 56.78525 56.72329 56.65960 56.65811 56.64358 56.26195 56.23075 56.01986 55.72220 55.65212 55.62178 55.67991 55.72492 55.97991 56.01089 56.04338 56.03568 55.70309 55.57798 55.36109 55.17292 55.12605 54.97263 54.74145 54.66280 54.59658 54.55918 54.50755 54.25512 54.22338 54.18097 54.14145 54.06986 54.02051 53.94614 53.80635 53.77628 53.56580 53.51388 53.36152 53.31280 53.23011 53.02563 52.61366 52.44400 52.46282 52.44871 52.40554 52.37135 52.28760 52.24443 52.18588 52.16217 52.09274 52.02306 51.98589 51.95685 51.93075 51.88162 51.85340 51.74229 51.71109 51.70126 51.69808 51.68077 51.62392 51.59998 51.56794 51.41794 51.26945 51.16240 51.09657 50.67949 50.63762 50.54786 50.49945 50.47362 50.48940 50.47306 50.46068 50.44123 50.38588 50.31880 50.24871 50.22180 50.18972 50.06965 49.99828 49.91452 49.88802 49.81452 49.76666 49.73738 49.70983 49.68717 49.68332 49.67051 49.65726 49.64358 49.62732 49.69731 49.71925 49.81185 49.96495 50.01835 50.05726 50.10597 50.15685 50.19551 50.20266 50.17135 50.12477 50.04583 50.05725 50.13312 50.24015 50.26366 50.27989 50.28675 50.28460 50.26878 50.24826 50.14828 49.97049 49.94486 49.91366 49.88845 49.82692 49.80383 49.78246 49.69551 49.63075 49.58674 49.57051 49.56665 49.57405 49.54700 49.53312 49.43034 49.40266 49.40809 49.41965 49.48460 49.52946 49.55778 49.61229 49.62863 49.63034 49.62948 49.62669 49.61623 49.60555 49.59700 49.59143 49.59014 49.59228 49.59529 49.59871 49.60895 49.63075 49.65468 49.65426 49.65769 49.66838 49.69657 49.71066 49.72265 49.72905 49.76665 49.83118 49.87051 49.97991 50.03888 50.06451 50.08803 50.17222 50.25211 50.28909 50.32606 50.35214 50.37775 50.47905 50.52265 50.55769 50.55597 50.55271 50.55271" yc="17.04694 17.04920 16.97460 16.91429 16.83729 16.74186 16.68531 16.69523 16.85237 17.00317 17.15714 17.22697 17.25157 17.30871 17.32460 17.31031 17.27937 17.25397 17.32143 17.42220 17.45477 17.58174 17.69049 17.78094 17.87460 17.87617 17.97063 18.04126 18.13969 18.26111 18.30237 18.38571 18.64840 19.18411 19.43889 19.51666 19.59980 19.62817 20.13411 20.73729 21.36191 21.62300 21.71449 21.83214 21.83254 21.87697 21.91126 21.96903 22.04206 22.07757 22.10754 22.19046 22.20500 22.21231 22.30040 22.44443 22.58254 22.74763 22.81349 23.18969 23.30177 23.33054 23.42143 23.55080 23.65871 24.00117 24.07260 24.27063 24.33809 24.48889 24.64683 24.78809 24.86906 24.93060 25.20794 25.32460 25.41349 25.52380 25.59603 25.70237 26.02580 26.45357 26.71429 26.96506 27.03286 27.09166 27.11626 27.25794 27.47223 27.60157 27.69277 27.92223 27.92063 27.91746 27.90397 27.93729 27.96826 27.99049 28.01349 28.01746 28.01666 27.99563 27.99483 28.00794 28.03014 28.13491 28.19403 28.25137 28.14446 27.94763 27.90794 27.83649 27.06880 26.72063 26.44049 26.23729 25.98334 25.66863 25.70434 25.70674 25.78174 25.81826 25.92300 25.96826 26.07460 26.28331 26.53094 26.58809 26.63174 26.65951 26.69286 26.72934 26.92223 27.03134 27.12697 27.16666 27.21706 27.23114 27.21429 27.34126 27.41666 27.63689 28.40277 28.58571 28.73969 28.87263 29.05077 29.10714 29.23809 29.48014 29.67460 29.90397 30.07143 30.18929 30.30754 30.37777 30.55477 30.71349 30.79603 30.87063 30.84920 31.04523 31.27540 31.41826 31.59403 31.66151 31.84046 31.93789 32.02340 32.15554 32.19760 32.23571 32.48491 32.55794 32.57857 32.66269 32.77777 33.02657 33.13571 33.25000 33.39246 33.56429 33.58294 33.57617 33.57220 33.59166 33.65929 33.66300 33.66746 33.66666 33.66823 33.66666 33.66823 33.66666 33.66823 33.66666 33.66823 33.66666 33.66823 33.66666 33.66823 33.66586 33.66823 33.66666 33.42697 33.14126 32.95080 32.66666 32.47540 32.38014 32.37934 32.38049 32.37894 32.37886 32.37886 32.37963 32.38094 32.37934 32.37934 32.37934 32.38014 32.72620 33.21031 33.53014 33.70963 34.03831 34.20306 34.46023 34.76449 34.90943 35.08494 35.32843 35.53454 35.71571 35.73426 35.87937 36.24366 36.31743 36.33846 36.33631 36.30814 36.27711 36.24126 36.19920 36.15634 36.09126 36.01649 35.95714 35.91029 35.86346 35.81903 35.81523 35.68969 35.61229 35.31903 35.14286 35.08411 35.05237 35.01469 34.98431 34.91786 34.83926 34.66983 34.59840 34.53291 34.40594 34.34683 34.25951 34.02380 33.91111 33.88651 33.84146 33.77043 33.64443 33.15554 33.03074 32.77460 32.54363 32.09840 32.02023 31.91906 31.85794 31.77540 31.31549 30.84720 30.64126 30.27697 30.20157 30.09286 29.92500 29.85871 29.67171 29.74443 29.81469 29.98411 29.87697 29.62777 29.57183 29.49920 29.42223 29.36111 29.28174 29.21666 28.87857 28.39683 27.92637 27.50080 27.26786 27.19443 27.11191 27.07223 27.02697 26.96469 26.91191 26.83174 26.78254 26.08571 25.64366 25.54046 25.46666 25.38571 25.39760 25.21031 24.99760 24.89603 24.81469 24.77677 24.43731 24.33591 24.20951 24.08334 23.99683 23.92934 23.74446 23.47937 23.37460 23.26906 23.16349 23.02777 22.92474 22.89211 22.85871 22.85871 22.91309 22.98223 22.90534 22.85794 22.71826 22.67063 22.47409 22.39820 22.30331 22.17103 22.04603 22.08689 22.15040 22.19643 22.11349 22.06666 22.00237 21.96229 21.98571 22.10614 22.17223 22.24643 22.30000 22.25080 22.21429 22.19723 22.19206 22.23771 22.32223 22.34683 22.38889 22.41903 22.33651 22.19603 22.06031 21.96586 21.98491 21.69920 21.45794 21.39403 21.18611 21.03371 20.92063 20.77617 20.68014 20.46429 20.42311 20.47143 20.46746 20.44523 20.41429 20.35157 20.28531 20.23769 20.15714 20.07460 19.94760 19.94840 19.99563 20.00040 19.98611 19.93889 19.87974 19.75474 19.69603 19.59166 19.50040 19.25594 19.29740 19.51706 19.55197 19.55474 19.51923 19.37531 19.50397 19.65951 19.72143 19.82737 19.91746 19.88571 19.72123 19.64046 19.48411 19.43094 19.35691 19.22674 19.15237 19.12380 19.06349 19.01349 18.94603 18.71746 18.70634 18.63411 18.51826 18.33649 18.08729 17.89980 17.95614 17.97003 17.93174 17.87143 17.82063 17.76666 17.60874 17.37303 17.26071 17.16031 17.08809 17.02380 16.47420 16.36586 16.26111 16.19523 15.86366 15.77360 15.88331 16.00297 15.33889 15.08214 14.94831 14.89563 14.77977 14.16349 13.98820 13.99880 14.08889 14.20951 14.35417 14.11031 13.90474 13.58889 13.58154 13.69126 13.59046 13.41626 13.33889 13.26429 13.03571 13.03969 12.99760 12.91883 12.80237 12.74206 12.67340 12.65557 12.64643 12.55000 12.41329 12.00871 11.82777 11.75714 11.69683 11.17143 10.84206 10.66191 10.53709 10.48174 10.42143 10.37977 10.32223 10.17340 9.50534 9.20871 9.12380 9.00000 8.91666 8.70317 8.60634 8.53331 8.30317 8.23411 8.20357 8.18411 8.19046 8.27063 8.32500 8.51586 8.56646 8.64206 8.72540 8.78491 8.83371 8.85951 8.88689 8.92737 9.02697 9.21666 9.70714 9.88929 10.21586 10.28411 10.31429 10.34443 10.35951 10.41111 10.44763 10.51349 10.57380 10.68491 10.76666 10.84166 10.92540 10.99406 11.05951 11.12300 11.20674 11.27143 11.39443 11.46349 11.53014 11.70397 11.79760 11.89763 11.93729 11.97777 12.26746 12.42343 12.44563 12.40654 12.29563 12.17063 12.07143 11.97320 11.87874 11.78689 11.75951 11.78334 11.94683 11.94383 11.88571 11.95851 11.99237 12.02537 12.02617 12.04940 12.24643 12.38254 12.53391 12.64840 12.72500 12.90277 12.94126 12.97737 13.08094 13.24006 13.32223 13.37777 13.48014 13.54049 13.62223 13.72540 13.81031 13.98969 14.34206 14.40834 14.43889 14.46666 14.55457 14.78014 15.01191 15.46906 15.53254 15.64206 15.77657 15.84057 15.84860 15.94086 16.51509 16.69920 17.02043 17.21983 17.53294 17.71746 17.84246 17.97420 18.01586 18.11031 18.65634 18.73829 18.81429 18.93014 19.04523 19.19900 19.25554 19.31626 19.45554 19.58174 19.69523 19.72023 19.58014 19.30951 19.15497 19.05871 19.01149 18.85883 18.76903 18.72143 18.76429 19.03411 19.21903 19.27954 19.33749 19.49277 19.55526 19.76429 20.01537 20.11826 20.38254 20.66509 21.43671 21.54680 21.75951 21.79366 21.80160 22.05377 22.39286 22.80971 22.85640 22.89603 22.94663 23.14446 23.22223 23.36874 23.51011 23.59603 23.61031 23.66903 23.89046 24.05286 24.14126 24.11666 24.10317 24.10437 24.12380 24.24700 24.45477 24.63966 25.08809 25.18234 25.22697 25.17063 25.37934 25.45317 25.54643 25.61189 25.57937 25.50454 25.40774 25.41786 25.57460 25.83066 26.00834 26.46191 26.52620 26.90237 27.03969 27.08411 27.13374 27.39366 27.47223 27.56826 27.89126 27.91903 27.89383 27.99266 28.08174 28.35951 28.57460 28.62460 28.96903 29.13889 29.35317 29.60554 29.95357 30.18331 30.24680 30.30040 30.41626 30.48451 30.66906 30.86349 30.96826 31.22143 31.26546 31.32777 31.33889 31.40574 31.79049 31.86191 32.08411 32.64603 32.86269 32.93254 33.01349 33.09563 33.18254 33.23391 33.32617 33.54366 33.91923 33.97143 34.01766 34.02954 34.17143 34.15551 34.01111 33.81586 33.77777 33.66586 33.62183 33.60117 33.46111 33.41189 33.36429 33.27103 32.97620 32.92063 32.86983 32.84366 32.83611 32.85040 32.90794 32.94920 33.04840 33.06506 33.30197 33.08809 32.90357 32.86349 32.80397 32.72974 32.65991 32.54363 32.42460 32.37617 32.27380 32.24009 32.17303 32.09446 32.10117 32.08491 31.89980 31.72857 31.58254 31.08491 30.97937 30.89880 30.56826 30.51269 30.45397 30.37540 30.22223 29.97617 29.72143 29.22143 29.15277 29.03411 28.95794 28.70317 28.48889 28.34763 27.74980 27.46586 27.40317 27.34126 27.29840 27.12837 27.02857 26.91946 26.65040 26.67223 26.66300 26.58889 26.52303 26.45794 26.21349 25.88174 25.63254 25.61826 25.38254 25.10634 25.03331 24.96863 24.73809 24.68411 24.63174 24.54920 24.44446 24.38849 24.29603 24.19603 24.15077 24.12380 24.05871 24.01031 23.92857 23.43889 23.36509 23.27777 23.11229 23.05157 22.95871 22.67697 22.68214 22.71191 22.59286 22.40794 22.61983 22.53571 22.44286 22.37934 22.16429 21.89246 21.81429 21.71983 21.06031 20.89049 20.52697 20.46349 20.39126 20.27677 20.31943 20.31646 20.26706 20.16189 19.92617 19.74443 19.63094 19.56746 19.49523 19.29009 19.16429 19.13174 19.08491 19.06906 19.06429 19.13531 19.28809 19.32657 19.18729 18.60951 18.19426 18.10946 17.95317 17.75654 17.78411 17.89286 18.01349 18.06843 18.12103 18.05554 17.89443 17.60683 17.71903 17.32697 17.24366 17.15911 16.99009 16.62937 16.45446 16.39523 16.12500 16.03769 15.95157 16.00120 16.02763 16.28371 16.41031 16.55317 16.20080 16.11229 15.89840 15.88331 15.88620 15.89666 15.82474 15.78889 15.67777 15.60614 15.58889 15.65714 15.71826 15.77857 15.85543 15.89046 15.82657 15.69306 15.52697 15.41903 15.25714 15.18491 15.06826 15.03729 15.00077 14.94800 14.85754 14.68889 14.76349 14.74046 14.63969 14.59683 14.53849 14.49603 14.43254 14.38094 14.30871 14.32280 14.20674 14.23351 14.36983 14.10397 13.82977 13.77697 13.78957 14.05714 14.14523 14.26274 14.23571 14.17003 13.57460 13.52857 13.35000 13.28311 13.14603 13.09363 12.93571 13.01546 13.10317 13.22937 13.18174 13.10634 12.96429 12.90546 12.79929 12.82737 12.88857 12.90629 12.72094 12.65214 12.66286 12.66266 12.70494 12.77466 12.63971 12.57617 12.49246 12.45157 12.41826 12.36586 12.15000 12.07063 11.42697 11.37937 11.33729 11.27220 11.14920 11.04326 10.97974 10.80317 10.64523 10.42777 10.36906 10.06586 9.73371 9.66983 9.58331 9.50317 9.08094 8.72460 8.44683 8.34760 8.25157 8.04603 7.99603 7.88094 7.61149 7.53094 7.26826 7.18014 7.05246 6.94523 6.76983 6.69366 6.61509 6.53331 6.44840 6.35197 6.24760 6.09920 5.87460 5.72023 5.66071 5.57380 5.50714 5.46429 5.41666 5.35337 5.11983 4.85317 4.73571 4.66983 4.59820 4.34523 4.32500 4.10714 3.74760 3.52460 3.17460 3.10080 3.04206 2.97994 2.96506 2.92183 2.26449 2.15614 2.19960 2.20951 2.18709 1.99726 1.99049 1.80257 1.64186 1.48334 1.40437 1.41189 1.40357 1.35911 1.32063 1.21189 1.09446 0.99920 0.69523 0.25991 0.12540 0.06189 -0.02540 -0.22223 -0.28791 -0.34406 -0.42857 -0.63294 -0.69009 -0.78551 -0.92023 -1.08494 -1.12303 -1.19563 -1.26231 -1.44206 -1.79446 -1.88731 -1.95634 -2.04246 -2.13811 -2.35040 -2.43446 -2.49366 -2.54643 -2.58491 -2.63829 -2.74466 -2.82600 -2.95240 -3.01669 -3.10397 -3.12777 -3.15317 -3.20794 -3.27066 -3.52460 -3.68969 -3.73214 -3.74837 -3.79049 -3.85557 -4.29366 -4.34920 -4.46191 -4.56191 -4.62780 -4.71589 -4.77343 -4.81826 -4.93491 -5.14266 -5.15160 -5.16389 -5.25637 -5.29206 -5.34049 -5.44206 -5.52063 -5.54526 -5.56906 -5.57620 -5.57740 -5.58691 -5.68174 -5.81906 -5.87263 -5.94049 -5.94763 -5.94446 -5.89840 -5.82380 -5.76509 -5.74166 -5.74683 -5.77580 -5.82303 -5.86191 -5.99843 -6.05794 -6.46826 -6.54169 -6.63414 -6.77620 -7.02620 -7.17223 -7.25794 -7.48809 -7.54603 -7.59526 -7.65774 -7.72700 -7.81351 -7.95000 -7.97540 -8.05160 -8.15874 -8.31906 -8.37937 -8.51271 -8.55557 -8.62857 -8.85477 -8.94880 -8.98571 -9.09129 -9.15706 -9.34563 -9.40874 -9.47303 -9.48097 -9.50794 -9.63174 -9.72303 -9.84843 -9.88414 -9.94643 -10.06746 -10.23134 -10.31986 -10.35794 -10.39723 -10.45874 -10.51617 -10.54089 -10.64129 -10.67500 -10.79206 -10.83174 -10.89683 -11.19286 -11.35000 -11.40557 -11.47143 -11.50834 -11.54206 -11.57043 -11.54563 -11.58491 -11.66191 -11.67620 -11.72343 -11.77777 -11.84843 -12.20654 -12.41031 -12.44683 -12.32680 -12.35160 -12.35874 -12.35080 -12.32697 -12.30437 -12.13254 -11.95674 -11.73571 -11.70951 -11.62063 -11.60397 -11.55277 -11.53731 -11.49129 -11.45734 -11.40557 -11.29723 -11.04843 -10.99209 -10.90477 -10.81746 -10.81191 -10.76826 -10.68731 -10.65109 -10.50794 -10.25794 -10.20834 -10.22937 -10.30397 -10.48691 -10.54843 -10.60260 -10.68551 -10.55397 -10.46429 -10.40100 -10.45714 -10.52797 -10.60397 -10.69129 -10.72540 -10.75397 -10.77857 -10.83491 -10.88374 -10.87223 -10.89049 -10.91031 -10.94206 -10.96349 -11.13177 -11.30000 -11.31000 -11.29246 -11.21589 -11.16946 -11.14337 -11.12540 -11.08751 -10.97214 -10.93429 -10.92720 -11.01917 -11.00000 -10.92460 -10.85557 -10.81389 -10.74126 -10.61706 -10.58414 -10.60714 -10.67660 -10.80191 -10.84226 -10.92777 -11.01263 -11.02977 -11.11666 -11.16031 -11.42857 -11.64920 -11.81349 -11.91271 -12.07700 -12.29880 -12.45237 -12.74206 -12.88214 -13.06429 -13.20714 -13.27500 -13.53571 -13.67937 -13.69791 -13.79543 -13.91111 -14.02283 -13.86786 -13.87946 -14.13334 -14.30714 -14.49683 -14.58811 -14.62857 -14.69763 -14.77540 -15.18809 -15.46429 -15.55723 -15.56986 -15.56574 -15.54843 -15.46191 -15.19129 -15.13334 -15.05874 -14.94683 -14.82700 -14.72777 -14.47223 -14.21200 -14.06489 -13.53651 -13.03543 -11.68889 -11.53969 -11.21429 -11.21271 -11.21191 -11.21217 -11.21191 -11.21271 -11.21463 -11.20331 -11.17620 -11.04923 -10.93611 -10.87303 -10.69523 -10.55000 -10.47143 -10.35160 -10.28254 -10.23889 -10.11111 -10.08969 -10.07620 -10.06746 -10.03094 -9.94089 -9.81826 -9.72780 -9.58811 -9.49763 -9.35297 -9.26589 -9.12740 -9.09209 -9.05754 -8.88811 -8.86826 -8.78731 -8.46986 -8.18849 -8.03414 -7.89366 -7.83571 -7.83969 -6.90000 -6.23494 -6.22671 -6.22857 -6.22857 -6.22780 -6.22540 -6.22540 -6.22577 -6.22620 -6.22937 -6.23174 -5.85409 -5.79734 -5.72866 -5.70140 -5.75029 -5.81194 -5.97926 -5.98889 -5.74620 -5.55794 -5.40000 -5.18411 -5.04049 -4.88360 -4.48494 -4.43571 -4.33226 -4.31457 -4.33691 -4.33889 -4.33449 -4.30794 -4.24843 -3.77937 -3.71429 -3.60634 -3.38571 -3.27383 -3.23374 -3.47303 -3.78314 -4.16669 -4.21351 -4.30397 -4.36746 -4.43411 -4.51349 -4.67380 -4.77063 -4.87620 -5.16906 -4.95000 -4.82620 -4.75754 -4.65000 -4.54683 -4.44526 -4.22857 -3.98254 -3.81629 -3.72063 -3.59209 -3.54326 -3.21191 -3.06906 -2.96746 -2.71331 -2.45874 -2.02460 -1.92837 -1.94603 -1.99723 -2.05357 -2.11946 -2.24346 -2.20597 -2.14246 -1.95714 -1.85397 -1.78097 -1.72323 -1.62243 -1.70397 -1.73017 -1.70597 -1.59366 -1.50954 -1.41191 -1.19523 -1.13037 -1.18651 -1.28651 -1.35874 -1.41271 -1.29206 -1.24446 -1.14326 -1.03731 -0.92123 -0.91746 -0.57263 -0.53989 -0.49409 -0.36986 -0.24683 -0.14077 -0.21017 -0.29149 -0.34006 -0.43137 -0.28517 -0.19111 -0.13611 -0.04803 0.24563 0.46943 0.57300 0.63651 1.14126 1.25714 1.43969 1.49840 1.60554 1.61943 1.75157 2.29126 2.65237 2.82223 3.29326 3.37203 3.69643 3.83809 3.90991 4.02460 4.08351 4.12540 4.11983 4.51349 4.54363 4.56586 4.57011 4.58889 4.58411 4.47974 4.46111 4.46549 4.48094 4.45951 4.36746 4.31209 4.37103 4.40714 4.44740 4.47857 4.44920 4.32143 4.23969 4.14920 4.11826 4.13729 4.21826 4.27274 4.32063 4.30237 4.29366 4.29800 4.33491 4.40754 4.37937 4.36457 4.56111 4.57934 4.60000 4.59443 4.56349 4.51666 4.48271 4.50506 4.56209 4.53314 4.43969 4.44383 4.48074 4.48969 4.48254 4.38849 4.34683 4.28174 4.17937 4.13729 4.03889 3.89246 3.83651 3.81189 3.80791 3.76429 3.70397 3.66429 3.64760 3.62937 3.58571 3.52857 3.31506 3.10477 3.03729 2.93571 2.87223 2.71666 2.64523 2.46637 2.39443 2.25049 2.40120 2.46637 2.71903 2.76546 2.69049 2.55951 2.41689 2.32917 2.25477 2.14683 2.09226 1.56983 0.88014 0.55554 0.23154 0.12300 0.04603 -0.06866 -0.27817 -0.35020 -0.39286 -0.42303 -0.46271 -0.56389 -0.66191 -0.94169 -1.02620 -1.48811 -1.82420 -1.94209 -2.33571 -2.55080 -2.77303 -2.92857 -2.98334 -3.08491 -3.12183 -3.28063 -3.27363 -3.16031 -3.26200 -3.36140 -3.51031 -3.52520 -3.47580 -3.52066 -3.59763 -3.85694 -4.02223 -4.16826 -4.31609 -4.43354 -4.46983 -4.44606 -4.43017 -4.44129 -4.62857 -4.62103 -4.50160 -4.44266 -4.36309 -4.30637 -4.13929 -4.03771 -4.14526 -4.18909 -4.11429 -4.02103 -4.01286 -4.02500 -3.95517 -3.66429 -3.63571 -3.63929 -3.72780 -3.75674 -3.76826 -3.81589 -3.83720 -3.93254 -4.23491 -4.11429 -4.26429 -4.29523 -4.39683 -4.43571 -4.45954 -4.56111 -4.63074 -4.74406 -4.65597 -4.55040 -4.46031 -4.45237 -4.45557 -4.51031 -4.71906 -4.79286 -4.83869 -4.83491 -4.78114 -4.56191 -4.54763 -4.54526 -4.69723 -4.96409 -4.99246 -5.01349 -5.11751 -5.14683 -5.21786 -5.28889 -5.29643 -5.27780 -5.25674 -5.19740 -4.59446 -4.46806 -4.26369 -4.21589 -4.19486 -4.19129 -4.18454 -4.09971 -3.98531 -3.70914 -3.68214 -3.68414 -3.69526 -3.70597 -3.68017 -3.58571 -3.35637 -3.29763 -3.20080 -3.06746 -2.88969 -2.69206 -2.67780 -2.58254 -2.50080 -2.20160 -2.13731 -2.09923 -2.06746 -2.03254 -1.95794 -1.88254 -1.28731 -1.05240 -0.87660 -0.78611 -0.67937 -0.41429 -0.35000 -0.28809 0.07223 0.44363 0.64446 0.75077 1.54366 1.62537 1.83174 1.95417 2.09166 2.14406 2.26983 2.32220 2.39286 2.55397 2.75000 3.02143 3.12617 3.25714 3.76983 4.07540 4.22380 4.26746 4.47380 4.65634 4.78271 5.06746 5.34286 5.40714 5.51111 5.59840 5.68491 5.75000 5.58709 5.47391 5.12103 4.78651 4.68174 4.60874 4.53334 4.47777 4.41011 4.28371 4.20197 4.19366 4.12143 3.97540 3.63354 4.08491 4.19366 4.29603 4.37223 4.44720 4.52220 4.56509 4.69603 4.96906 5.01429 5.07143 5.12540 5.26586 5.32300 5.38174 5.64206 5.87063 6.04840 6.16509 6.28134 6.48017 6.57657 6.64523 7.37877 7.42520 7.52063 7.58729 7.82300 7.92460 8.04517 8.16586 8.30237 8.58174 8.65000 8.74166 8.82380 8.93094 9.12777 9.34523 9.43094 9.53731 9.66189 9.73571 9.92220 10.25397 10.91666 11.14049 11.30080 11.64286 12.15951 12.35000 12.48651 12.55951 12.91506 13.38729 13.67063 14.41209 14.66826 14.77300 14.86189 15.11269 15.32857 15.42143 15.53611 15.64046 15.74523 16.21349 16.49206 16.95197 17.02666 17.04694 17.04694"/>
<polygon color="rgb(220,220,220)" opacity="100" xc="100.52178 100.65085 100.66902 100.68163 100.67649 100.65938 100.59742 100.55340 100.53460 100.51025 100.46388 100.51194 100.52178 100.52178" yc="-4.61746 -4.53174 -4.51151 -4.44643 -4.41826 -4.40674 -4.42143 -4.44286 -4.45397 -4.49049 -4.58037 -4.61746 -4.61746 -4.61746"/>
<polygon color="rgb(220,220,220)" opacity="100" xc="100.88846 101.02989 101.03920 100.90171 100.86409 100.86431 100.86708 100.88846 100.88846" yc="-4.46111 -4.30240 -4.27520 -4.27183 -4.41986 -4.46351 -4.48174 -4.46111 -4.46111"/>
<polygon color="rgb(220,220,220)" opacity="100" xc="95.08098 94.82029 94.79358 94.77349 94.76238 94.74378 94.76835 94.78268 94.81922 94.83886 94.87989 94.90426 94.92051 94.94209 94.95169 94.95512 94.94572 94.95597 94.96109 94.98845 94.99829 95.01965 95.03246 95.06835 95.08782 95.08098 95.08098" yc="-22.22103 -21.98254 -21.97857 -21.99166 -22.02066 -22.13214 -22.22143 -22.23491 -22.23889 -22.23571 -22.24206 -22.25874 -22.28809 -22.35594 -22.40634 -22.44763 -22.56509 -22.68097 -22.71031 -22.78731 -22.79843 -22.78889 -22.74366 -22.53411 -22.26429 -22.22103 -22.22103"/>
<polygon color="rgb(220,220,220)" opacity="100" xc="93.89914 93.87565 93.85043 93.80042 93.78418 93.77263 93.76068 93.75642 93.74272 93.72371 93.69572 93.62094 93.59443 93.60255 93.63932 93.75000 93.89892 94.10789 94.12777 94.15555 94.23546 94.22605 94.11666 94.09743 94.07520 94.05895 94.02691 93.98160 93.89914 93.89914" yc="-22.28889 -22.27223 -22.23969 -22.16349 -22.12460 -22.08651 -22.03174 -21.96271 -21.90954 -21.85634 -21.81906 -21.76031 -21.81031 -21.96746 -22.07620 -22.31906 -22.52777 -22.71906 -22.73334 -22.74206 -22.74206 -22.67143 -22.39920 -22.37540 -22.35634 -22.34603 -22.33451 -22.33809 -22.28889 -22.28889"/>
<polygon color="rgb(220,220,220)" opacity="100" xc="105.10063 105.12778 105.12222 105.00897 104.94743 104.93162 104.87757 104.79123 104.78291 104.78889 104.79765 104.87820 105.01837 105.10063 105.10063" yc="-8.49723 -8.44803 -8.31866 -8.17937 -8.11906 -8.10477 -8.09843 -8.26429 -8.30237 -8.47700 -8.50834 -8.58017 -8.60080 -8.49723 -8.49723"/>
<polygon color="rgb(220,220,220)" opacity="100" xc="105.03205 105.02818 105.01549 104.94551 104.85609 104.81068 104.80832 104.83589 104.84145 104.85983 104.89914 104.99702 105.01709 105.02777 105.03205 105.03205" yc="-6.83254 -6.78571 -6.72023 -6.57460 -6.50200 -6.56031 -6.58929 -6.87857 -6.90557 -6.90080 -6.90320 -7.00160 -7.02700 -7.01666 -6.83254 -6.83254"/>
<polygon color="rgb(220,220,220)" opacity="100" xc="108.44572 108.46154 108.51625 108.53311 108.54657 108.55471 108.56880 108.57371 108.57051 108.55406 108.51260 108.49315 108.43525 108.38717 108.37392 108.36046 108.35149 108.31772 108.28291 108.25983 108.24166 108.22777 108.21794 108.21623 108.24188 108.26603 108.29465 108.35214 108.39166 108.41068 108.44572 108.44572" yc="-19.84286 -19.83014 -19.75557 -19.72620 -19.69126 -19.66669 -19.61349 -19.57023 -19.52857 -19.50874 -19.48374 -19.46906 -19.39563 -19.30477 -19.27063 -19.20874 -19.15794 -19.05477 -19.03691 -19.04286 -19.05794 -19.09169 -19.14523 -19.17777 -19.58174 -19.70991 -19.76131 -19.78334 -19.80277 -19.85554 -19.84286 -19.84286"/>
<polygon color="rgb(220,220,220)" opacity="100" xc="105.72265 105.73846 105.74615 105.76014 105.76815 105.76411 105.74272 105.68589 105.66495 105.49166 105.45812 105.43377 105.42351 105.41154 105.39785 105.42222 105.44231 105.46068 105.50340 105.54838 105.55115 105.57798 105.57265 105.57308 105.57831 105.59443 105.72265 105.72265" yc="-13.60714 -13.57620 -13.54843 -13.47540 -13.35397 -12.96746 -12.80951 -12.64683 -12.62303 -12.48294 -12.48017 -12.49129 -12.51826 -12.60634 -12.74129 -12.88889 -12.93969 -12.98411 -13.09286 -13.26906 -13.43497 -13.51031 -13.57697 -13.61031 -13.70237 -13.71986 -13.60714 -13.60714"/>
<polygon color="rgb(220,220,220)" opacity="100" xc="87.63717 87.65789 87.68803 87.68075 87.66494 87.64935 87.61023 87.58652 87.57649 87.56152 87.47991 87.45428 87.29465 87.22051 87.17006 87.15426 87.04272 86.87595 86.70682 86.68374 86.61195 86.63995 86.66452 86.67265 86.75000 86.77371 86.83589 86.88503 86.97392 86.99571 87.21409 87.44272 87.46195 87.47522 87.50214 87.63717 87.63717" yc="3.26191 3.34920 3.73769 3.78214 3.80397 3.80714 3.78969 3.76546 3.69206 3.62580 3.39286 3.35871 3.24286 3.28334 3.32737 3.35000 3.41189 3.38789 3.14760 3.09126 2.85634 2.66329 2.62223 2.61509 2.69443 2.70474 2.68651 2.66826 2.64286 2.64206 2.67460 2.76826 2.78254 2.80951 2.88254 3.26191 3.26191"/>
<polygon color="rgb(220,220,220)" opacity="100" xc="87.95511 87.65683 87.58846 87.56665 87.47691 87.44058 87.44337 87.56665 87.60426 87.62691 87.64826 87.66066 87.67520 87.70940 87.84655 87.86837 87.88505 87.90725 87.98075 88.01923 88.02862 88.04871 88.07648 88.09402 88.09294 88.05812 87.95511 87.95511" yc="6.80634 6.95000 6.97697 6.98174 6.93809 6.79126 6.75574 6.68729 6.68331 6.69126 6.71189 6.73014 6.74366 6.76111 6.75000 6.74366 6.73094 6.70791 6.60434 6.52303 6.52617 6.54840 6.60000 6.64009 6.66983 6.71906 6.80634 6.80634"/>
<polygon color="rgb(220,220,220)" opacity="100" xc="86.38226 86.26965 86.23075 86.19698 86.17862 86.09765 86.13120 86.16366 86.18717 86.21282 86.24871 86.27008 86.30855 86.31923 86.32991 86.34058 86.35425 86.36325 86.35726 86.32777 86.29102 86.27477 86.09272 85.87946 85.72820 85.72092 85.72862 85.87349 85.90512 85.91794 85.99358 86.13375 86.16195 86.18888 86.35768 86.37092 86.40469 86.38226 86.38226" yc="7.79523 7.73969 7.69920 7.66189 7.63411 7.48649 7.43491 7.40951 7.39840 7.40077 7.41429 7.42577 7.38491 7.36429 7.34363 7.32220 7.26906 7.21786 7.17777 7.10871 7.05397 7.04443 6.84760 6.55794 6.33411 6.20871 6.20160 6.34800 6.39920 6.42817 6.55794 6.64126 6.66983 6.70157 7.05554 7.11509 7.29049 7.79523 7.79523"/>
<polygon color="rgb(220,220,220)" opacity="100" xc="86.04058 86.11945 85.81708 85.68866 85.62477 85.61965 85.62522 85.73462 85.83972 85.90575 86.01708 86.04058 86.04058" yc="7.60951 7.75177 8.02380 8.12023 8.10000 8.06546 8.00951 7.75554 7.67540 7.63651 7.59286 7.60951 7.60951"/>
<polygon color="rgb(220,220,220)" opacity="100" xc="84.56922 84.53075 84.51154 84.50342 84.49400 84.48377 84.48483 84.48866 84.48503 84.46303 84.44700 84.19272 84.17478 84.14786 84.14229 84.14871 84.21965 84.33929 84.40512 84.41325 84.42049 84.42903 84.44914 84.44997 84.48331 84.50662 84.48212 84.42265 84.39431 84.41735 84.36983 84.35597 84.42072 84.46674 84.48589 84.51538 84.53758 84.56066 84.63097 84.65469 84.66751 84.71411 84.72948 84.75385 84.76837 84.84549 84.86474 84.87818 84.87349 84.85980 84.84786 84.73032 84.66986 84.60171 84.58631 84.56922 84.56922" yc="8.89286 8.94443 8.98014 9.01429 9.07460 9.17063 9.23451 9.30514 9.34603 9.50714 9.56666 10.37143 10.41903 10.47143 10.47934 10.37220 9.97063 9.70871 9.61111 9.58651 9.56031 9.51746 9.34366 9.04206 8.96571 8.88769 8.87286 8.92260 8.96749 8.97123 9.02117 8.97951 8.90071 8.85331 8.82540 8.81586 8.81586 8.81269 8.79840 8.77897 8.75474 8.63969 8.58889 8.47777 8.42460 8.16349 8.16429 8.18054 8.28889 8.47143 8.57737 8.81983 8.86786 8.86746 8.87223 8.89286 8.89286"/>
<polygon color="rgb(220,220,220)" opacity="100" xc="83.42775 83.20212 83.08288 83.04572 83.03288 83.02649 83.09058 83.14486 83.16237 83.17777 83.21580 83.37649 83.42775 83.42775" yc="9.99920 10.36111 10.49760 10.50080 10.49286 10.42697 10.28411 10.25474 10.24286 10.22937 10.19446 9.99286 9.99920 9.99920"/>
<polygon color="rgb(220,220,220)" opacity="100" xc="85.48203 85.50063 85.44463 85.37114 85.34529 85.33802 85.34828 85.34871 85.32734 85.32092 85.34186 85.39572 85.48203 85.48203" yc="11.54166 11.65157 11.82934 11.77817 11.72340 11.64603 11.57620 11.53054 11.37143 11.34049 11.30474 11.30080 11.54166 11.54166"/>
<polygon color="rgb(220,220,220)" opacity="100" xc="80.39743 80.37520 80.41025 80.50640 80.51880 80.53417 80.55640 80.56388 80.51835 80.49549 80.46580 80.45980 80.43631 80.22691 80.18972 80.29486 80.41494 80.42948 80.46132 80.54742 80.60640 80.62777 80.65245 80.63246 80.50980 80.50823 80.48951 80.39198 80.34808 80.60148 80.64272 80.66258 80.68566 80.73034 80.73888 80.74335 80.69722 80.69017 80.65085 80.64231 80.61495 80.60105 80.58546 80.56602 80.55555 80.51282 80.45811 80.44957 80.43182 80.41260 80.39743 80.39743" yc="11.51509 11.81866 11.88809 12.03969 12.05794 12.07063 12.08054 12.14326 12.24920 12.27180 12.25160 12.24206 12.19840 11.88649 11.63731 11.08174 10.81983 10.80557 10.78969 10.90794 10.98411 10.99603 10.98254 10.92223 10.79840 10.76106 10.74366 10.80040 10.69960 10.64960 10.66586 10.67977 10.71906 10.93411 11.03174 11.21349 11.76191 11.79763 11.92537 11.94920 12.01666 12.04286 12.04683 12.03174 11.98889 11.77300 11.56903 11.54366 11.51466 11.50991 11.51509 11.51509"/>
<polygon color="rgb(220,220,220)" opacity="100" xc="84.13118 84.12391 84.00511 83.99145 83.95128 83.93674 83.92092 83.88503 83.80940 83.69998 83.69075 83.65363 83.63803 83.56282 83.51922 83.48374 83.44882 83.47542 83.50297 83.54871 83.63811 83.69888 83.71349 83.72003 83.79998 83.81835 83.83632 83.89828 83.88803 83.82049 83.80638 83.82305 83.83760 83.90383 83.94102 83.95597 84.08589 84.10212 84.16675 84.13118 84.13118" yc="12.03969 12.06586 12.32420 12.35000 12.40157 12.41746 12.43017 12.47897 12.65714 12.99509 13.06460 13.25514 13.29563 13.37777 13.41509 13.41863 13.30357 13.27103 13.26429 13.20991 13.01269 12.87746 12.81580 12.77649 12.52460 12.45871 12.41191 12.25814 11.94760 11.88729 11.87300 11.82777 11.80277 11.77857 11.84523 11.85954 11.88334 11.86349 11.84820 12.03969 12.03969"/>
<polygon color="rgb(220,220,220)" opacity="100" xc="80.87114 81.01365 81.13825 81.13909 81.12308 81.03077 80.98631 80.86794 80.84229 80.76066 80.74102 80.68758 80.67477 80.67755 80.70148 80.81025 80.82180 80.87114 80.87114" yc="14.31151 14.33411 14.40477 14.43411 14.45871 14.50554 14.51349 14.50714 14.50357 14.46506 14.44683 14.38094 14.36429 14.33294 14.26706 14.24840 14.24760 14.31151 14.31151"/>
<polygon color="rgb(220,220,220)" opacity="100" xc="80.34828 80.29123 80.26280 80.24186 80.18162 80.08375 80.01891 79.93974 79.70469 79.68462 79.67265 79.67222 79.71068 79.74892 79.75982 79.72734 79.68248 79.63717 79.57649 79.54988 79.52946 79.59315 79.59925 79.70266 79.65022 79.61752 79.49492 79.53118 79.55448 79.54977 79.51148 79.32285 79.39871 79.44571 79.47137 79.51388 79.56794 79.67051 79.86025 79.88952 79.90297 79.92948 79.96975 80.20638 80.21863 80.30042 80.39220 80.43338 80.42818 80.39485 80.34828 80.34828" yc="13.52223 13.60477 13.65554 13.69840 13.85237 14.26191 14.71489 14.79503 14.86746 14.86269 14.85754 14.79840 14.61269 14.46469 14.37023 14.04920 13.88651 13.81349 13.69046 13.62123 13.48889 13.36051 13.47974 13.15831 13.03611 13.03411 13.12569 13.20557 13.28689 13.37657 13.45577 13.19046 13.03649 12.95634 12.92063 12.87540 12.82697 12.74046 12.52183 12.45834 12.38094 12.22837 12.21329 12.51091 12.62917 12.69603 12.72620 12.84920 12.93969 13.20000 13.52223 13.52223"/>
<polygon color="rgb(220,220,220)" opacity="100" xc="82.25640 82.03034 82.03332 81.94571 81.97563 82.10383 82.12478 82.14315 82.15940 82.17265 82.19145 82.21623 82.22734 82.24422 82.25938 82.27265 82.29229 82.46366 82.49486 82.51325 82.52949 82.55532 82.56451 82.57606 82.59315 82.68546 82.69914 82.75682 82.78846 82.81025 82.82563 82.84315 82.85385 82.85597 82.85469 82.75212 82.55863 82.57306 82.58418 82.74442 82.81794 82.86238 82.90769 82.90895 82.90683 82.90297 82.89188 82.87349 82.59528 82.57968 82.57111 82.53892 82.44572 82.25640 82.25640" yc="15.42380 15.68411 15.84126 15.88331 15.54763 15.52063 15.51429 15.50477 15.49206 15.47460 15.44763 15.40951 15.38889 15.34880 15.32460 15.30794 15.29046 15.22300 15.21429 15.20474 15.19523 15.13471 15.09763 15.05871 15.01031 14.79443 14.77777 14.75237 14.72540 14.69326 14.65080 14.58411 14.50634 14.47063 14.32063 13.90237 13.76486 13.71666 13.69603 13.47220 13.40000 13.84603 14.47620 14.51509 14.58571 14.61826 14.66626 14.70317 15.10634 15.13637 15.19877 15.26651 15.25794 15.42380 15.42380"/>
<polygon color="rgb(220,220,220)" opacity="100" xc="80.12734 80.08545 80.07606 80.05994 80.02522 79.83631 79.80960 79.69442 79.62134 79.52178 79.49658 79.46237 79.44017 79.42137 79.20171 79.07691 79.07263 78.99186 78.96582 78.95128 78.92135 78.89400 78.77263 78.73803 78.70768 78.65469 78.49400 78.50983 78.72735 78.73974 78.81195 78.83674 78.88225 78.90982 78.93972 78.95640 79.07263 79.15938 79.43674 79.54017 79.62991 79.97349 80.06066 80.08162 80.09529 80.14058 80.12734 80.12734" yc="19.27223 19.28969 19.26429 19.23709 19.21349 19.14920 19.14840 19.16746 19.17300 19.12540 19.10951 19.11031 19.11349 19.12300 19.24046 19.13849 19.09683 18.89009 18.84443 18.83014 18.81269 18.81031 18.81666 18.85794 18.90554 18.97540 19.12937 19.05951 18.71189 18.69286 18.59603 18.56746 18.54326 18.54206 18.55000 18.56031 18.65871 18.73331 18.88809 18.92537 18.95634 19.02500 19.01031 18.99523 18.97857 19.11269 19.27223 19.27223"/>
<polygon color="rgb(220,220,220)" opacity="100" xc="80.40769 80.26623 80.24486 80.14445 80.12777 80.07648 80.14357 80.16366 80.25426 80.30468 80.32348 80.42478 80.50385 80.52691 80.56622 80.62178 80.68160 80.70340 80.72648 80.78331 81.00042 81.01068 81.03077 81.08802 81.11838 81.18803 81.20809 81.22691 81.25897 81.30128 81.31048 81.30085 81.23075 81.21835 81.19465 81.18118 81.19058 81.19871 81.06494 80.92608 81.04912 81.06966 81.08291 81.09358 81.10897 81.12522 81.16068 81.17818 81.20298 81.22671 81.24037 81.24871 81.25000 81.24658 81.24828 81.27094 81.27949 81.28545 81.30554 81.31794 81.36965 81.42178 81.45640 81.49571 81.47732 81.47348 81.46217 81.42092 81.40042 81.29785 81.19017 81.11537 81.07285 80.89102 80.81111 80.76238 80.71238 80.69743 80.65597 80.62434 80.60832 80.56068 80.52006 80.46625 80.40769 80.40769" yc="19.75554 19.79760 19.79523 19.76983 19.75951 19.70794 19.72300 19.72697 19.74366 19.72617 19.71666 19.66349 19.61429 19.60157 19.59523 19.59286 19.61866 19.61586 19.59406 19.47777 18.97300 18.87180 18.85000 18.82380 18.81349 18.80951 18.80237 18.79286 18.76666 18.72737 18.68929 18.62934 18.43491 18.41586 18.40831 18.31706 17.85080 17.55794 17.36031 17.21826 17.10794 17.09246 17.06586 17.02540 16.95554 16.90477 16.82697 16.80714 16.79763 16.80714 16.84286 16.94126 17.01983 17.22063 17.35634 17.70794 17.79603 17.82697 17.87223 17.89126 17.96111 18.02263 18.02360 18.17063 18.56509 18.59683 18.62580 18.68571 18.71111 18.80000 18.87857 18.91826 19.04443 19.38809 19.53254 19.61680 19.68969 19.70474 19.73571 19.75357 19.75000 19.73094 19.72300 19.73094 19.75554 19.75554"/>
<polygon color="rgb(220,220,220)" opacity="100" xc="103.53589 103.48868 103.36132 103.32520 103.30854 103.29786 103.28803 103.32735 103.39486 103.41795 103.44700 103.47991 103.50000 103.52200 103.54998 103.57820 103.59658 103.60940 103.65662 103.65768 103.53589 103.53589" yc="-7.60874 -7.52383 -7.39960 -7.42303 -7.44843 -7.46906 -7.51826 -7.63969 -7.71429 -7.73651 -7.75000 -7.75794 -7.75954 -7.75437 -7.77620 -7.82540 -7.88809 -7.97460 -7.93037 -7.88017 -7.60874 -7.60874"/>
<polygon color="rgb(220,220,220)" opacity="100" xc="75.23738 75.24143 75.23440 75.21282 75.15383 74.99314 74.96111 74.96772 74.92094 74.90149 74.85897 74.83760 74.81602 74.77692 74.76943 74.76794 74.78246 74.97905 75.22222 75.23738 75.23738" yc="-1.96389 -1.90634 -1.87023 -1.84880 -1.84526 -1.84603 -1.87620 -1.92143 -1.96509 -1.97977 -1.98811 -1.98889 -1.97700 -1.92540 -1.97023 -2.04209 -2.09366 -2.10000 -1.99206 -1.96389 -1.96389"/>
<polygon color="rgb(220,220,220)" opacity="100" xc="80.47906 80.46152 80.40640 80.23118 80.20852 80.18075 80.12178 80.09829 79.99997 79.97006 79.67542 79.47723 79.46835 79.47306 79.43845 79.42775 79.42477 79.43162 79.44272 79.47862 79.60895 79.64411 79.68248 79.70083 79.80212 79.84314 79.88589 79.91195 79.93334 80.03075 80.05148 80.05951 80.07585 80.09785 80.14743 80.19315 80.23225 80.24486 80.25385 80.27691 80.31932 80.40683 80.43118 80.60043 80.66709 80.74058 80.75811 80.79006 80.84123 80.90426 80.92938 81.00128 81.17135 81.18929 81.20383 81.25768 81.28354 81.30383 81.32563 81.33845 81.34465 81.31718 81.24017 81.30938 81.33545 81.36622 81.38205 81.41494 81.45875 81.48268 81.53034 81.61303 81.65566 81.67006 81.70085 81.77265 81.79551 81.81666 81.82862 81.84522 81.92862 81.94486 81.95768 81.96195 82.00982 82.06508 82.13738 82.16258 82.25511 82.53758 82.60512 82.66878 82.73674 82.71666 82.67983 82.65471 82.64785 82.62691 82.55128 82.51537 82.48715 82.37135 82.25640 82.22863 82.09186 82.06280 81.99477 81.96688 81.86506 81.83760 81.76238 81.69828 81.67505 81.62265 81.47626 81.45212 81.43395 81.32820 81.29571 81.28289 81.25897 81.15811 81.04594 81.01302 80.91109 80.82946 80.82035 80.79785 80.67498 80.61729 80.59422 80.55382 80.47906 80.47906" yc="-4.32460 -4.31589 -4.27137 -4.22383 -4.22143 -4.22937 -4.25954 -4.29683 -4.45320 -4.42303 -4.42460 -4.68374 -4.75634 -4.86111 -4.92937 -4.95794 -4.98691 -5.02303 -5.04366 -5.08849 -5.15874 -5.17203 -5.15080 -5.14366 -5.13414 -5.13571 -5.13889 -5.15317 -5.18611 -5.46746 -5.52780 -5.55786 -5.62817 -5.63969 -5.65397 -5.64960 -5.68017 -5.70714 -5.74920 -5.89209 -6.03471 -6.14286 -6.15080 -6.13017 -6.11580 -6.17143 -6.18097 -6.17580 -6.12620 -6.11509 -6.13749 -6.22383 -6.49049 -6.51746 -6.53254 -6.57700 -6.57937 -6.56746 -6.54763 -6.53097 -6.48909 -6.39903 -6.34366 -6.10794 -6.06031 -6.02303 -6.01271 -6.00160 -6.01549 -6.03334 -6.15794 -6.20200 -6.16649 -6.13731 -6.03254 -5.76403 -5.75120 -5.76191 -5.78094 -5.80946 -5.81983 -5.83097 -5.84843 -5.86031 -5.89286 -5.91643 -6.08571 -6.11071 -6.12303 -6.12700 -6.09843 -6.05794 -5.98811 -5.88174 -5.72640 -5.59603 -5.56986 -5.49129 -5.28651 -5.25794 -5.23731 -5.19843 -5.16349 -5.15080 -5.07700 -5.04049 -4.95291 -4.96111 -4.93334 -4.84920 -4.72857 -4.64366 -4.56903 -4.58731 -4.53731 -4.54049 -4.55163 -4.55080 -4.50794 -4.49129 -4.47380 -4.42223 -4.40437 -4.42103 -4.40954 -4.38254 -4.37366 -4.34843 -4.31629 -4.31786 -4.33254 -4.34523 -4.32460 -4.32460"/>
<polygon color="rgb(220,220,220)" opacity="100" xc="105.05000 105.10257 105.15171 105.16538 105.18440 105.21366 105.23632 105.23118 105.22222 105.21538 105.20812 105.14700 105.11409 105.09743 105.06537 105.03888 104.94588 105.00042 105.05000 105.05000" yc="-22.84603 -22.81111 -22.77380 -22.75951 -22.72540 -22.63017 -22.49843 -22.32380 -22.22183 -22.20634 -22.19446 -22.17957 -22.20634 -22.23414 -22.29446 -22.36509 -22.84623 -22.86589 -22.84603 -22.84603"/>
<polygon color="rgb(220,220,220)" opacity="100" xc="105.89263 105.92606 105.95383 105.96346 105.96880 105.96474 105.93462 105.87714 105.83525 105.74529 105.72606 105.72286 105.74914 105.77906 105.87008 105.89263 105.89263" yc="-19.61589 -19.52063 -19.37063 -19.29763 -19.12143 -19.06191 -18.92500 -18.90517 -18.94483 -19.21983 -19.28491 -19.41229 -19.49049 -19.55397 -19.62777 -19.61589 -19.61589"/>
<polygon color="rgb(220,220,220)" opacity="100" xc="106.27222 106.29348 106.26409 106.11474 106.03760 106.03163 105.93332 105.88952 105.85171 105.78077 105.56217 105.49455 105.41538 105.22649 105.13535 105.14188 105.19551 105.22885 105.31346 105.39103 105.42522 105.44145 105.45575 105.44402 105.37831 105.15726 104.89572 104.73600 104.75460 104.79957 104.83332 104.87135 104.91368 105.06837 105.11218 105.34358 105.53034 105.84166 105.91965 105.98889 106.02520 106.14700 106.15598 106.12157 106.08397 106.10128 106.12628 106.17349 106.21068 106.23931 106.27222 106.27222" yc="-26.29366 -26.20854 -26.17540 -26.17063 -26.21111 -26.21666 -26.24206 -26.28829 -26.31589 -26.31349 -26.34366 -26.41726 -26.42700 -26.45080 -26.54743 -26.62837 -26.63174 -26.61549 -26.65874 -26.75634 -26.86349 -26.93929 -27.73097 -27.78771 -27.89246 -28.00794 -28.20634 -28.38611 -28.45614 -28.45000 -28.39366 -28.36746 -28.33969 -28.34603 -28.35397 -28.37620 -28.38017 -28.37380 -28.35557 -28.30874 -28.27777 -28.14406 -27.56686 -27.45080 -27.17383 -26.63374 -26.57580 -26.52937 -26.45951 -26.39366 -26.29366 -26.29366"/>
<polygon color="rgb(220,220,220)" opacity="100" xc="106.70491 106.87415 106.88503 106.89102 106.87757 106.68034 106.61409 106.52820 106.38888 106.39242 106.46538 106.52585 106.55577 106.63418 106.66325 106.70491 106.70491" yc="-25.13651 -24.97420 -24.93174 -24.76986 -24.72700 -24.85317 -24.92620 -25.02223 -25.20874 -25.26509 -25.30951 -25.22500 -25.19246 -25.13731 -25.14603 -25.13651 -25.13651"/>
<polygon color="rgb(220,220,220)" opacity="100" xc="100.36280 100.35169 100.32775 100.31238 100.28577 100.26238 100.24423 100.20800 100.18289 100.17198 100.16729 100.17991 100.18462 100.18160 100.16708 100.15982 100.19252 100.20726 100.22243 100.24145 100.26206 100.28374 100.30083 100.32520 100.34315 100.36858 100.39743 100.42094 100.43974 100.47391 100.51025 100.54742 100.57220 100.59251 100.62017 100.64914 100.67295 100.65618 100.63032 100.60000 100.55683 100.52242 100.50085 100.48375 100.47200 100.44743 100.42777 100.41578 100.40214 100.37542 100.36280 100.36280" yc="-6.34683 -6.31866 -6.30714 -6.31746 -6.36469 -6.39566 -6.39723 -6.36371 -6.37897 -6.39923 -6.42977 -6.47460 -6.50317 -6.54206 -6.61726 -6.63809 -6.61071 -6.60160 -6.61389 -6.60317 -6.61806 -6.59523 -6.58969 -6.57777 -6.57380 -6.57500 -6.55040 -6.55634 -6.55951 -6.54763 -6.54049 -6.50951 -6.49763 -6.47660 -6.43334 -6.43889 -6.42520 -6.39960 -6.39446 -6.39366 -6.38494 -6.37580 -6.40557 -6.42303 -6.44246 -6.41429 -6.40557 -6.38731 -6.36231 -6.36469 -6.34683 -6.34683"/>
<polygon color="rgb(220,220,220)" opacity="100" xc="100.24232 100.09489 100.02702 99.96383 100.06682 100.14872 100.25403 100.24232 100.24232" yc="-4.74574 -4.60666 -4.63271 -4.66751 -4.76311 -4.80223 -4.81963 -4.74574 -4.74574"/>
<polygon color="rgb(220,220,220)" opacity="100" xc="105.77606 105.80491 105.85469 105.86603 105.84743 105.78760 105.74743 105.73034 105.67818 105.64678 105.66623 105.68034 105.72392 105.75897 105.77606 105.77606" yc="-11.79523 -11.77143 -11.70634 -11.67380 -11.57540 -11.44763 -11.38889 -11.40240 -11.50634 -11.62420 -11.74286 -11.76746 -11.79603 -11.80000 -11.79523 -11.79523"/>
<polygon color="rgb(220,220,220)" opacity="100" xc="105.75385 105.74058 105.72435 105.70512 105.62874 105.60342 105.59015 105.57949 105.54337 105.53868 105.55171 105.54914 105.52969 105.48291 105.44103 105.37392 105.34443 105.33589 105.33375 105.33931 105.35000 105.38632 105.32020 105.29549 105.25915 105.21677 105.14486 105.03269 105.00748 104.98503 104.94828 104.93289 104.92906 104.93248 104.98589 105.02008 105.09402 105.15640 105.22008 105.27265 105.29080 105.30342 105.29914 105.28075 105.26774 105.25983 105.28318 105.31195 105.33332 105.35212 105.37051 105.38717 105.42991 105.45426 105.80640 105.83760 105.75385 105.75385" yc="-10.53491 -10.51746 -10.50477 -10.49526 -10.47500 -10.46271 -10.44523 -10.42460 -10.33334 -10.29643 -10.22303 -10.19206 -10.07560 -10.00317 -9.96311 -10.04286 -10.11191 -10.13731 -10.18214 -10.23494 -10.30557 -10.43254 -10.59929 -10.61606 -10.64257 -10.62740 -10.50080 -10.39643 -10.39880 -10.42540 -10.47700 -10.55160 -10.67383 -10.73731 -11.27937 -11.38334 -11.57777 -11.52777 -11.45794 -11.37620 -11.33811 -11.27303 -11.21111 -11.02143 -10.96151 -10.85634 -10.78040 -10.77277 -10.76666 -10.79366 -10.82063 -10.83334 -10.85477 -10.85557 -10.70557 -10.66509 -10.53491 -10.53491"/>
<polygon color="rgb(220,220,220)" opacity="100" xc="87.97605 88.00085 87.98291 87.97628 87.95875 87.92478 87.91197 87.69528 87.58034 87.38140 87.34698 87.28845 87.25020 87.23077 87.23291 87.23931 87.24998 87.31238 87.35683 87.59357 87.79700 87.92306 87.96025 87.97605 87.97605" yc="-3.71746 -3.61509 -3.49603 -3.46031 -3.40477 -3.34603 -3.32857 -3.16031 -3.07700 -2.94446 -2.94683 -2.97620 -3.01549 -3.06509 -3.09526 -3.12143 -3.14286 -3.26746 -3.33097 -3.48889 -3.59603 -3.63731 -3.72700 -3.71746 -3.71746"/>
<polygon color="rgb(220,220,220)" opacity="100" xc="89.60895 89.50940 89.26025 89.14145 89.08075 88.93760 88.91528 88.91282 88.74229 88.47222 88.39998 88.33932 88.19443 88.17691 88.02392 88.00255 87.97308 87.93118 87.85083 87.71538 87.64058 87.45426 87.39871 87.27094 87.24869 87.18588 87.16154 87.14186 87.09272 87.06900 87.04914 86.98480 86.98162 86.97648 86.99357 87.00425 87.03331 87.06515 87.11323 87.13289 87.46111 87.52138 87.53032 87.60340 87.67008 88.11794 88.11408 88.03886 87.99828 88.05938 87.99955 88.11408 88.17862 88.22691 88.24571 88.28632 88.34914 88.35854 88.36280 88.37049 88.38931 88.55938 88.58974 88.62178 88.64188 88.72349 88.73652 88.69732 88.66345 88.62265 88.58118 88.52563 88.33588 88.32029 88.26965 88.24977 88.22349 88.21665 88.20852 88.18929 88.18034 88.16835 88.09743 87.90171 87.81025 87.75300 87.73374 87.69892 87.63625 87.58546 87.35812 87.15726 87.13162 87.07051 87.03075 86.91237 86.88632 86.80878 86.76238 86.68440 86.66708 86.60383 86.62478 86.64998 86.69531 86.76248 86.80394 86.78289 86.75725 86.62135 86.58951 86.58032 86.56645 86.54700 86.48118 86.11965 86.10212 86.07948 86.02222 85.95812 85.92435 85.88482 85.78972 85.73695 85.56217 85.50406 85.43417 85.45982 85.46666 85.58075 85.59700 85.65886 85.68503 85.72669 85.75085 85.79445 85.85982 86.00297 86.07265 86.21452 86.23054 86.26495 86.28974 86.29529 86.30523 86.33589 86.44743 86.46452 86.47703 86.46794 86.45468 86.42648 86.40852 86.39912 86.40254 86.41025 86.42008 86.43205 86.46195 86.48289 86.94571 86.99785 87.09785 87.21291 87.28203 87.46152 87.65126 87.68118 87.71709 87.86260 87.97565 87.99786 88.01922 88.03886 88.06709 88.09402 88.13589 88.15383 88.21622 88.39102 88.42649 88.64272 88.68375 88.72222 88.78032 88.87991 88.94400 89.01795 89.08931 89.11943 89.34357 89.37540 89.48418 89.50726 89.51345 89.53034 89.54445 89.58789 89.61665 89.60940 89.59102 89.58578 89.65940 89.66843 89.70042 89.66665 89.62606 89.57092 89.52222 89.38589 89.37105 89.37392 89.40534 89.38888 89.30897 89.23546 89.22606 89.26194 89.27605 89.34720 89.36580 89.38203 89.45638 89.48972 89.50212 89.55426 89.57649 89.59060 89.60597 89.63588 89.64274 89.65363 89.66794 89.67820 89.67905 89.66655 89.57306 89.61538 89.76238 89.78482 89.79294 89.80106 89.80126 89.75342 89.73503 89.71109 89.69828 89.66837 89.62349 89.65597 89.69592 89.70511 89.70469 89.68546 89.68034 89.66494 89.65811 89.65171 89.63846 89.63417 89.63802 89.64145 89.63611 89.61835 89.60895 89.60895" yc="-0.84049 -0.82303 -0.78969 -0.79763 -0.79286 -0.74603 -0.72857 -0.64483 -0.67777 -0.51271 -0.44126 -0.33020 -0.23809 -0.22777 -0.16509 -0.16349 -0.16746 -0.18969 -0.21749 -0.24443 -0.25000 -0.22223 -0.27780 -0.40317 -0.42143 -0.46429 -0.47857 -0.47223 -0.47540 -0.48054 -0.51509 -0.76300 -0.80000 -0.89206 -0.93969 -0.96111 -1.00794 -1.04486 -1.07383 -1.07700 -1.10317 -1.06589 -1.06746 -1.10477 -1.14763 -1.55714 -1.78731 -2.05237 -2.22540 -2.39446 -2.76271 -2.95637 -3.04286 -3.09843 -3.12700 -3.21349 -3.35874 -3.39049 -3.42937 -3.45477 -3.48094 -3.67083 -3.68491 -3.68811 -3.69446 -3.76151 -3.81031 -4.18294 -4.21231 -4.17460 -4.15317 -4.14129 -4.10397 -4.10357 -4.12697 -4.15080 -4.21349 -4.24286 -4.31269 -4.37857 -4.40240 -4.42066 -4.50120 -4.44606 -4.41746 -4.39366 -4.38731 -4.38454 -4.41080 -4.41826 -4.35160 -4.28097 -4.26589 -4.24763 -4.23809 -4.21271 -4.22303 -4.26429 -4.29126 -4.29366 -4.27460 -4.16051 -4.13334 -4.12063 -4.15080 -4.13557 -4.06429 -4.04206 -4.04206 -4.08174 -4.10240 -4.12580 -4.16151 -4.17460 -4.19366 -4.01351 -4.00317 -3.98254 -3.92223 -3.85477 -3.83334 -3.81031 -3.80794 -3.81349 -3.89526 -3.97103 -4.42620 -4.69286 -4.73731 -4.87540 -4.88731 -4.90774 -4.89446 -4.83889 -4.83491 -4.83889 -4.87263 -5.01429 -5.10951 -5.32460 -5.35517 -5.44920 -5.52143 -5.55000 -5.60814 -5.64920 -5.64843 -5.64049 -5.61686 -5.55834 -5.52303 -5.45634 -5.42857 -5.39683 -5.35714 -5.33017 -5.30794 -5.28969 -5.24446 -5.22380 -5.00080 -4.98017 -4.96589 -5.02143 -5.08731 -5.14763 -5.19763 -5.20714 -5.22949 -5.30874 -5.31866 -5.31111 -5.29049 -5.26746 -5.23571 -5.21826 -5.20240 -5.19683 -5.20160 -5.19129 -5.11589 -5.05874 -5.05874 -5.06549 -5.07857 -5.09763 -5.08177 -5.06271 -5.03969 -5.02857 -5.18651 -5.22103 -5.39526 -5.46986 -5.52383 -5.56191 -5.57780 -5.60429 -5.45120 -5.29843 -5.19843 -5.14149 -4.90160 -4.87849 -4.79366 -4.77063 -4.74129 -4.69523 -4.64049 -4.48174 -4.45297 -4.41151 -4.35100 -4.30637 -4.15080 -4.02143 -3.99763 -3.94446 -3.93097 -3.92203 -3.96311 -3.97540 -3.95240 -3.93571 -3.91746 -3.78731 -3.72540 -3.71191 -3.70237 -3.69920 -3.69286 -3.66071 -3.57223 -3.48491 -3.45634 -3.20497 -2.98294 -2.80080 -2.51589 -2.46589 -2.39603 -2.27500 -2.22937 -2.21191 -2.20317 -2.18414 -2.16669 -2.12063 -2.04049 -1.82857 -1.70597 -1.46906 -1.43334 -1.31589 -1.28731 -1.23809 -1.21111 -1.18414 -1.11349 -1.06509 -0.98651 -0.91669 -0.89683 -0.85951 -0.84049 -0.84049"/>
<polygon color="rgb(220,220,220)" opacity="100" xc="88.26805 88.27349 88.21835 88.18075 88.00897 87.98397 87.90385 87.82222 87.80725 87.76217 87.76260 87.78034 87.88291 88.16323 88.24571 88.26805 88.26805" yc="-0.02937 0.01189 0.08571 0.12063 0.24920 0.26131 0.25000 0.22380 0.21269 0.16746 0.13849 0.11983 0.07143 -0.03491 -0.04206 -0.02937 -0.02937"/>
<polygon color="rgb(220,220,220)" opacity="100" xc="84.27118 84.35340 84.37049 84.37049 84.31814 84.26622 84.27118 84.27118" yc="-0.28129 -0.19603 -0.11231 -0.10557 -0.11151 -0.21589 -0.28129 -0.28129"/>
<polygon color="rgb(220,220,220)" opacity="100" xc="84.40040 84.36237 84.36965 84.40854 84.42862 84.48418 84.48377 84.48117 84.40040 84.40040" yc="-0.10609 -0.27857 -0.31291 -0.32303 -0.32143 -0.30560 -0.23651 -0.09843 -0.10609 -0.10609"/>
<polygon color="rgb(220,220,220)" opacity="100" xc="104.36068 104.37928 104.40169 104.38888 104.34402 104.30063 104.25255 104.25085 104.26195 104.29145 104.32308 104.35171 104.36068 104.36068" yc="-9.50954 -9.49523 -9.45557 -9.28811 -9.11826 -9.10754 -9.34129 -9.38651 -9.41509 -9.47063 -9.50714 -9.51031 -9.50954 -9.50954"/>
<polygon color="rgb(220,220,220)" opacity="100" xc="92.50022 92.48375 92.47477 92.46622 92.41194 92.25662 92.21591 92.21686 92.38931 92.48886 92.50022 92.50022" yc="-21.67063 -21.54920 -21.50794 -21.48334 -21.34840 -21.09049 -21.06349 -21.31369 -21.60951 -21.68254 -21.67063 -21.67063"/>
<polygon color="rgb(220,220,220)" opacity="100" xc="94.50085 94.48118 94.46495 94.44615 94.18462 94.17692 94.18226 94.22222 94.25854 94.30511 94.32114 94.36580 94.38117 94.39955 94.42991 94.47691 94.50255 94.50992 94.50085 94.50085" yc="-5.34443 -5.27460 -5.25317 -5.24366 -5.14940 -5.20080 -5.22897 -5.34326 -5.37143 -5.39446 -5.39683 -5.37223 -5.36111 -5.35714 -5.36666 -5.38969 -5.42380 -5.40557 -5.34443 -5.34443"/>
<polygon color="rgb(220,220,220)" opacity="100" xc="89.58789 89.61237 89.64228 89.70640 89.73012 89.74912 89.75555 89.80682 90.11709 90.14102 90.15897 90.35852 90.38631 90.42692 90.45042 90.47135 90.48546 90.63075 90.68365 90.66709 90.65469 90.64785 90.61580 90.61068 90.61580 90.64423 90.66388 90.68717 90.70938 90.72905 90.78717 90.86794 90.97391 91.15318 91.17135 91.18460 91.19572 91.21111 91.21794 91.21880 91.21217 91.24315 91.28545 91.30425 91.34998 91.36751 91.39892 91.43289 91.42669 91.40457 91.45534 91.46623 91.45169 91.46794 91.52691 91.55895 91.57649 91.60042 91.67435 91.69229 91.71729 91.81622 91.95469 92.02435 92.04305 92.05426 92.07049 92.19614 92.21368 92.29126 92.30469 92.35814 92.37006 92.39614 92.44229 92.45640 92.48503 92.65225 92.69785 92.77840 93.00426 93.05126 93.12522 93.25469 93.54637 93.59743 93.71095 93.71366 93.74849 93.88758 93.97734 93.98632 94.00726 94.04186 94.05640 94.08118 94.09271 94.10385 94.12222 94.18205 94.19786 94.21282 94.22222 94.26366 94.31066 94.39069 94.40469 94.41325 94.45063 94.47574 94.50852 94.53717 94.56708 94.58632 94.65149 94.67265 94.69017 94.86837 94.88780 94.88375 94.85662 94.83417 94.71457 94.55426 94.51195 94.47606 94.37477 94.32072 94.26602 94.24786 94.19486 94.00982 93.98889 93.96325 93.90169 93.86237 93.57111 93.55042 93.45555 93.29872 93.28248 93.26623 93.26325 93.25685 93.24445 93.22732 93.20726 93.18503 93.16495 93.12477 93.05298 93.02777 92.95682 92.91708 92.89208 92.87435 92.86645 92.88140 92.89882 92.94100 93.27691 93.47222 93.49229 93.51025 93.59145 93.60246 93.60318 93.50809 93.48354 93.44272 93.37348 93.35512 93.16069 93.04228 93.01965 92.80682 92.76537 92.74060 92.72477 92.70554 92.68311 92.58803 92.57777 92.55512 92.51580 92.49678 92.47349 92.49017 92.48888 92.47926 92.46366 92.40554 92.38566 92.35854 92.25789 92.22563 92.20426 92.19552 92.17520 92.15662 92.11538 92.08160 92.02180 91.88418 91.86023 91.84102 91.81408 91.76366 91.71066 91.69315 91.60854 91.58269 91.55555 91.51025 91.44978 91.33460 91.21622 91.10212 91.07520 91.03054 91.01238 90.77777 90.75169 90.72435 90.69955 90.67135 90.63717 90.62338 90.53803 90.41225 90.38631 90.36795 90.22180 90.20512 90.15086 90.10597 90.08075 90.02382 89.95469 89.87178 89.85340 89.74486 89.58108 89.57540 89.59658 89.62349 89.64488 89.66206 89.60895 89.61835 89.63611 89.64145 89.63802 89.63417 89.63846 89.65171 89.65811 89.66494 89.68034 89.68546 89.70469 89.70511 89.69592 89.65597 89.62349 89.66837 89.69828 89.71109 89.73503 89.75342 89.80126 89.80106 89.79294 89.78482 89.76238 89.61538 89.57306 89.66655 89.67905 89.67820 89.66794 89.65363 89.64274 89.63588 89.60597 89.59060 89.57649 89.55426 89.50212 89.48972 89.45638 89.38203 89.36580 89.34720 89.27605 89.26194 89.22606 89.23546 89.30897 89.38888 89.40534 89.37392 89.37105 89.38589 89.52222 89.57092 89.62606 89.66665 89.70042 89.66843 89.65940 89.58578 89.59102 89.60940 89.61665 89.58789 89.58789" yc="-5.60429 -5.62143 -5.65000 -5.73651 -5.77420 -5.81826 -5.84843 -6.18174 -6.84526 -6.83094 -6.80477 -6.15240 -6.05794 -6.01589 -5.97780 -5.93571 -5.90080 -5.49209 -5.28851 -5.23651 -5.20080 -5.17383 -5.04049 -5.01191 -4.96191 -4.85954 -4.83651 -4.83094 -4.83491 -4.84209 -4.87423 -4.98889 -4.82223 -4.72303 -4.70714 -4.69126 -4.67143 -4.63889 -4.61031 -4.58174 -4.53929 -4.47897 -4.47143 -4.48017 -4.50397 -4.51509 -4.55397 -4.67143 -4.82263 -4.92966 -4.99406 -5.04803 -5.06906 -5.12540 -5.15794 -5.15080 -5.14366 -5.13017 -5.06906 -5.04286 -5.03889 -5.05557 -5.07540 -5.06349 -5.05037 -5.05714 -5.04843 -4.79366 -4.75397 -4.52317 -4.51231 -4.50554 -4.48811 -4.45714 -4.40240 -4.38889 -4.37420 -4.39863 -4.39920 -4.41071 -4.52303 -4.56351 -4.52540 -4.49683 -4.49286 -4.54486 -4.58389 -4.58491 -4.59723 -4.55794 -4.57857 -4.57620 -4.58174 -4.60240 -4.61669 -4.65317 -4.67303 -4.69286 -4.73811 -4.92066 -4.96906 -5.03731 -5.08651 -5.12223 -5.13334 -5.12680 -5.09603 -4.98017 -4.67063 -4.63551 -4.66271 -4.69366 -4.72303 -4.73094 -4.72977 -4.71986 -4.70317 -4.08811 -4.00277 -3.95240 -3.88374 -3.84366 -3.69954 -3.48969 -3.42460 -3.36826 -3.19129 -3.07500 -2.99643 -2.97780 -2.94603 -2.82223 -2.79843 -2.77183 -2.76906 -2.80317 -2.82249 -2.82303 -2.79763 -2.70794 -2.69526 -2.66866 -2.61826 -2.59129 -2.57383 -2.56271 -2.55477 -2.55080 -2.55160 -2.55397 -2.57700 -2.58809 -2.60317 -2.60557 -2.60437 -2.56669 -2.53374 -2.25000 -2.21609 -2.21669 -2.29526 -2.34209 -2.34209 -2.32540 -2.09286 -2.05594 -2.01429 -1.82700 -1.81349 -1.84286 -1.92700 -1.95317 -1.90477 -1.89843 -1.90477 -1.99763 -2.01826 -2.03174 -2.04049 -2.03889 -2.02620 -1.86669 -1.84446 -1.78731 -1.66429 -1.59286 -1.35634 -1.14206 -1.10794 -1.06786 -1.03651 -0.93969 -0.92340 -0.91746 -0.90714 -0.92660 -0.96429 -0.98334 -1.04603 -1.07263 -1.08334 -1.07777 -1.05951 -1.01271 -1.00240 -0.98571 -0.95080 -0.87937 -0.75794 -0.72937 -0.62143 -0.62026 -0.63889 -0.69406 -0.70557 -0.68651 -0.56509 -0.43809 -0.38651 -0.29406 -0.27540 -0.19803 -0.19763 -0.20477 -0.21906 -0.24603 -0.30060 -0.35974 -0.43017 -0.48697 -0.50080 -0.50554 -0.43334 -0.42143 -0.37303 -0.33097 -0.31271 -0.27423 -0.26191 -0.26271 -0.26746 -0.30357 -0.61669 -0.65557 -0.65874 -0.68491 -0.75874 -0.85337 -0.84049 -0.85951 -0.89683 -0.91669 -0.98651 -1.06509 -1.11349 -1.18414 -1.21111 -1.23809 -1.28731 -1.31589 -1.43334 -1.46906 -1.70597 -1.82857 -2.04049 -2.12063 -2.16669 -2.18414 -2.20317 -2.21191 -2.22937 -2.27500 -2.39603 -2.46589 -2.51589 -2.80080 -2.98294 -3.20497 -3.45634 -3.48491 -3.57223 -3.66071 -3.69286 -3.69920 -3.70237 -3.71191 -3.72540 -3.78731 -3.91746 -3.93571 -3.95240 -3.97540 -3.96311 -3.92203 -3.93097 -3.94446 -3.99763 -4.02143 -4.15080 -4.30637 -4.35100 -4.41151 -4.45297 -4.48174 -4.64049 -4.69523 -4.74129 -4.77063 -4.79366 -4.87849 -4.90160 -5.14149 -5.19843 -5.29843 -5.45120 -5.60429 -5.60429"/>
<polygon color="rgb(220,220,220)" opacity="100" xc="90.57297 90.56586 90.53743 90.54454 90.57297 90.57297" yc="4.12180 4.31206 4.20206 4.08549 4.12180 4.12180"/>
<polygon color="rgb(220,220,220)" opacity="100" xc="89.75469 89.74188 89.72051 89.69998 89.46495 89.46066 89.47391 89.49955 89.51731 89.53909 89.58546 89.60982 89.66772 89.72177 89.73203 89.75555 89.76365 89.77905 89.79443 89.78802 89.75469 89.75469" yc="5.21506 5.23291 5.24683 5.25397 5.29920 5.26509 5.14286 5.07260 5.07300 5.09366 5.11666 5.12143 5.11071 5.04920 5.02777 4.97063 4.97143 4.98331 5.06349 5.09049 5.21506 5.21506"/>
<polygon color="rgb(220,220,220)" opacity="100" xc="89.40897 89.37285 89.36174 89.31194 89.27220 89.22306 89.20426 89.18237 89.18589 89.38205 89.40126 89.41237 89.40897 89.40897" yc="5.27777 5.53571 5.55594 5.58014 5.59206 5.59366 5.58254 5.55477 5.44286 5.22063 5.21189 5.21031 5.27777 5.27777"/>
<polygon color="rgb(220,220,220)" opacity="100" xc="99.32094 99.48034 99.53034 99.53674 99.39102 99.33631 99.25083 99.22648 99.10929 99.11794 99.12989 99.15618 99.19229 99.32094 99.32094" yc="-5.45634 -5.38017 -5.33571 -5.29206 -5.24446 -5.24406 -5.28811 -5.30240 -5.38451 -5.42460 -5.44286 -5.46866 -5.47700 -5.45634 -5.45634"/>
<polygon color="rgb(220,220,220)" opacity="100" xc="96.92818 96.88289 96.86195 96.82522 96.79486 96.76666 96.70774 96.70128 96.68546 96.66088 96.51323 96.52008 96.53802 96.55255 96.57371 96.59251 96.62606 96.65768 96.66300 96.68077 96.68245 96.65338 96.62435 96.60811 96.63888 96.77522 96.81923 96.99486 97.01580 97.03503 97.16623 97.19743 97.21922 97.24743 97.36194 97.40854 97.42906 97.55809 97.57905 97.76280 97.88374 97.92649 98.01452 98.09571 98.14700 98.55812 98.57306 98.61838 98.63566 98.68162 98.70726 98.71282 98.73246 98.93418 99.05638 99.07263 99.02735 99.03075 99.03546 99.01068 98.76709 98.62991 98.60895 98.47560 98.45511 98.43974 98.41368 98.28385 98.30340 98.25169 98.16154 98.14100 97.99145 97.74357 97.61451 97.39145 97.27872 96.92818 96.92818" yc="-4.27143 -4.24683 -4.24049 -4.23097 -4.23017 -4.23411 -4.25249 -4.25637 -4.27700 -4.32303 -4.67023 -4.73889 -4.81986 -4.85237 -4.88531 -4.89446 -4.91409 -5.00754 -5.03540 -5.10080 -5.17620 -5.41111 -5.61429 -5.84703 -5.90714 -5.85714 -5.82937 -5.91351 -5.91986 -5.91746 -5.86589 -5.84683 -5.82777 -5.79840 -5.76746 -5.80874 -5.81509 -5.82540 -5.81589 -5.76429 -5.82620 -5.80714 -5.87620 -5.91986 -5.93651 -5.80954 -5.79920 -5.76589 -5.74883 -5.66111 -5.58731 -5.55477 -5.53174 -5.16111 -5.08177 -5.04406 -4.95591 -4.92777 -4.67143 -4.64209 -4.48414 -4.42223 -4.41589 -4.39974 -4.39920 -4.41031 -4.44209 -4.36569 -4.52460 -4.38414 -4.38889 -4.38811 -4.37937 -4.35954 -4.33571 -4.31589 -4.32091 -4.27143 -4.27143"/>
<polygon color="rgb(220,220,220)" opacity="100" xc="73.00831 73.01068 72.93374 72.92605 72.91282 72.90042 72.82092 72.76966 72.74486 72.57883 72.51495 72.34698 72.19655 72.18588 72.17306 72.17009 72.19145 72.28674 72.38760 72.40126 72.40757 72.38803 72.37648 72.27478 72.21323 72.19400 72.17820 72.13909 72.13182 72.01323 72.05468 72.07766 72.19540 72.31366 72.37434 72.46580 72.51409 72.70254 72.75300 72.76878 72.86751 72.92520 73.00831 73.00831" yc="4.49683 4.54206 4.97143 4.99683 5.03254 5.05237 5.14523 5.23889 5.40077 5.50594 5.52143 5.55080 5.26269 5.23331 5.16666 5.10157 5.04046 4.79206 4.58729 4.57143 4.53314 4.48254 4.46349 4.40714 4.40397 4.41031 4.42300 4.46726 4.50437 4.63829 4.44126 4.36706 4.17917 4.15237 4.13729 4.09366 4.10791 4.21189 4.24126 4.25317 4.33729 4.39446 4.49683 4.49683"/>
<polygon color="rgb(220,220,220)" opacity="100" xc="80.13069 80.09657 80.08118 80.08545 80.08931 80.10062 80.17563 80.30682 80.36195 80.45297 80.47135 80.50297 80.55640 80.58268 80.56194 80.53451 80.41143 80.30854 80.22745 80.21792 80.18660 80.13069 80.13069" yc="5.98483 6.00794 5.99523 5.90237 5.87063 5.84086 5.72380 5.61666 5.59046 5.45317 5.49286 5.56111 5.58014 5.79483 5.86349 5.91031 5.93291 6.00460 5.96823 5.92980 5.91940 5.98483 5.98483"/>
<polygon color="rgb(220,220,220)" opacity="100" xc="80.23931 80.26271 80.21345 80.00383 79.93226 80.00214 80.05938 80.16111 80.20811 80.23931 80.23931" yc="6.02300 6.14723 6.34046 6.52934 6.25237 6.13174 6.07380 5.99286 5.98729 6.02300 6.02300"/>
<polygon color="rgb(220,220,220)" opacity="100" xc="79.81751 79.74998 79.68418 79.57734 79.52489 79.55106 79.57006 79.59315 79.70469 79.71452 79.73162 79.70671 79.75448 79.91194 79.97008 79.96537 79.86666 79.85812 79.84698 79.81751 79.81751" yc="6.89683 6.95077 6.96309 6.92697 6.88611 6.85000 6.87223 6.88014 6.75714 6.73491 6.67857 6.63311 6.57937 6.47777 6.46269 6.50474 6.80397 6.82857 6.84920 6.89683 6.89683"/>
<polygon color="rgb(220,220,220)" opacity="100" xc="79.47477 79.46195 79.39871 79.38332 79.34508 79.30980 79.29314 79.17435 79.15171 79.12051 79.10255 79.07626 79.01194 78.96109 78.93311 78.92863 78.93482 78.99529 79.17391 79.24742 79.27051 79.28502 79.35511 79.38855 79.39123 79.34571 79.37222 79.54466 79.57274 79.47477 79.47477" yc="7.23969 7.25634 7.30871 7.31071 7.29960 7.25237 7.22143 7.20871 7.21031 7.21826 7.22777 7.27103 7.29443 7.30514 7.23769 7.17620 7.14800 7.10554 6.99446 6.98691 7.00871 7.02380 7.03969 7.02183 6.98294 6.89286 6.93611 6.95871 6.97937 7.23969 7.23969"/>
<polygon color="rgb(220,220,220)" opacity="100" xc="77.96282 77.93717 77.88440 77.79869 77.70298 77.65897 77.64785 77.62606 77.59037 77.56869 77.53503 77.48845 77.49112 77.66494 77.73631 77.89229 77.95426 77.96282 77.96282" yc="7.47777 7.54126 7.64206 7.71903 7.80397 7.85791 7.87857 7.93889 8.00514 8.03234 8.03649 8.00000 7.95060 7.75474 7.68889 7.53809 7.46906 7.47777 7.47777"/>
<polygon color="rgb(220,220,220)" opacity="100" xc="84.48418 84.56409 84.59186 84.63909 84.65726 84.66965 84.67562 84.87478 84.89700 84.92263 84.98120 85.04955 85.07091 85.10426 85.22562 85.40468 85.57135 85.59143 85.66282 85.67563 85.69315 85.71643 85.74357 85.76366 85.78289 85.92691 85.94875 85.94998 85.95191 85.95083 85.93503 85.80406 85.74272 85.70951 85.69188 85.56282 85.38652 85.31751 85.27775 85.25886 85.25768 85.22775 85.17222 85.11451 85.04588 85.00512 84.68374 84.63846 84.25212 84.00682 83.94571 83.90191 83.88888 83.88951 83.90575 83.92969 83.92842 83.76709 83.51152 83.48203 83.43462 83.41515 83.41837 83.43503 83.47989 83.64015 83.72349 83.71666 83.68334 83.66643 83.52734 83.49912 83.36303 83.25128 83.12563 83.04358 82.93589 82.87391 82.83631 82.81537 82.74571 82.70962 82.67178 82.60342 82.59335 82.51623 82.32220 82.29620 82.28551 82.30818 82.32777 82.35812 82.37328 82.32391 82.24849 82.14912 82.13589 82.15682 82.17220 82.16392 82.18092 82.19265 82.19295 82.05960 81.84795 81.79128 81.72948 81.69445 81.68888 81.71602 81.71708 81.62142 81.58503 81.55598 81.47008 81.44315 81.39957 81.38162 81.34752 81.33546 81.30234 81.21698 81.14422 81.12948 80.97798 81.00555 81.11194 81.13162 81.20640 81.24657 81.25855 81.28183 81.29542 81.32246 81.32754 81.32306 81.29700 81.27434 81.18589 80.82265 80.78289 80.77092 80.75811 80.75085 80.74486 80.73632 80.72435 80.70298 80.67542 80.65789 80.61645 80.59892 80.66451 80.72375 80.74966 80.77011 80.83248 80.85191 80.90811 81.01603 81.02349 81.01463 80.98417 80.91535 80.87606 80.86237 80.83846 80.83503 80.83503 80.84635 80.87872 80.87775 80.83803 80.77229 80.64997 80.52371 80.38931 80.37520 80.20895 80.15340 80.07306 79.97606 79.91452 79.89786 79.87075 79.82989 79.81282 79.52349 79.47351 79.45768 79.36922 79.11795 78.78375 78.63288 78.57605 78.56538 78.49698 78.45640 78.43629 78.40468 78.37606 78.35811 78.32991 78.21602 78.06302 77.94485 77.92094 77.86043 77.81368 77.70555 77.68203 77.65469 77.63246 77.61837 77.53460 77.48631 77.42049 77.34657 77.14700 76.96451 76.95085 76.93972 76.92477 76.91023 76.89914 76.86517 76.66152 76.56708 76.53931 76.49443 76.30726 76.29017 76.24829 76.08929 76.01934 76.00608 75.96708 75.94914 75.77820 75.41109 75.22562 75.19871 75.18246 75.11708 74.94528 74.95469 74.99231 75.03545 74.92308 74.78931 74.61409 74.56708 74.57263 74.57242 74.55940 74.53331 74.50212 74.48395 74.42006 74.38888 74.34234 74.30234 74.19743 74.17906 74.07863 73.94743 73.90169 73.87178 73.85128 73.83845 73.80277 73.77648 73.71880 73.69868 73.58077 73.52863 73.50683 73.48589 73.43760 73.33675 73.21975 73.08205 73.02563 73.02255 73.00683 72.99058 72.93845 72.77691 72.72820 72.69486 72.66368 72.60383 72.52563 72.46111 72.43460 72.41902 72.39268 72.34978 72.29529 72.30769 72.22478 71.97392 71.95512 71.62691 71.24231 71.01025 70.73375 70.66163 70.46068 70.30854 70.16794 70.15298 70.09231 70.13674 70.27562 70.24914 70.23332 70.21708 70.19711 70.00940 69.97818 69.94871 69.92777 69.51066 69.39337 69.37563 69.34711 69.32606 69.30318 69.30532 69.30595 69.31495 69.32777 69.34231 69.36752 69.43888 69.51451 69.53075 69.59229 69.60597 69.61945 69.63588 69.69186 69.77092 69.82478 69.84314 69.90126 70.00234 70.02092 70.03760 70.04678 70.04486 70.03803 70.00897 69.95672 69.97563 69.99828 70.01922 70.07392 70.10405 70.15042 70.18034 70.26409 70.29828 70.33631 70.35128 70.39998 70.41625 70.57649 70.60383 70.64357 70.66794 70.70575 70.72497 70.76580 70.78331 70.77820 70.75895 70.81943 70.83888 70.85640 70.87840 70.91046 70.96068 71.00342 71.05598 71.15640 71.28117 71.40085 71.47178 71.54786 71.57008 71.67391 71.74145 71.77905 71.91645 71.99357 72.01515 72.04786 72.08888 72.09806 72.14102 72.14614 72.19209 72.25297 72.26666 72.52351 72.53974 72.57949 72.61742 72.63417 72.62862 72.63311 72.65000 72.67605 72.74145 72.76494 72.81066 72.88503 73.22991 73.57434 73.90597 74.02306 74.09743 74.13417 74.17349 74.22308 74.24443 74.38442 74.39378 74.38632 74.30620 74.16152 74.09057 73.87712 73.75683 73.69358 73.65940 73.62349 73.60126 73.59592 73.60511 73.61495 73.63417 73.69315 73.83545 74.09145 74.11837 74.21258 74.36880 74.38568 74.42735 74.75938 74.77437 74.78417 74.79560 74.78760 74.78866 74.84828 74.88631 75.06835 75.08248 75.17820 75.19102 75.20383 75.21280 75.22392 75.24806 75.35212 75.37009 75.53032 75.55214 75.57392 75.63117 75.65595 75.67414 75.76366 75.95682 76.01366 76.06778 76.09229 76.10352 76.16622 76.22585 76.22455 76.31282 76.31848 76.29102 76.25683 76.26580 76.30425 76.33632 76.35852 76.47051 76.49060 76.54571 76.61623 76.63203 76.65895 76.76755 76.85043 76.94186 77.09228 77.26494 77.43332 77.46709 77.72200 77.74998 78.05383 78.08332 78.10469 78.13888 78.15854 78.19528 78.23972 78.26132 78.42435 78.51382 78.59698 78.61880 78.66708 78.69037 78.83365 78.86111 78.92391 79.00423 79.02608 79.04229 79.07222 79.08462 79.12948 79.17349 79.21751 79.23823 79.48248 79.57948 79.67349 79.74828 79.88888 79.92605 80.10512 80.12563 80.13952 80.15298 80.19272 80.21857 80.25806 80.32863 80.35063 80.39614 80.48845 80.72306 80.82863 80.96922 80.98889 81.02055 81.04058 81.05511 81.17478 81.23546 81.41772 81.40940 81.36215 81.27543 81.24058 81.10938 81.07006 81.03118 81.01494 80.97435 80.95511 80.92820 80.62051 80.44614 80.39635 80.40255 80.42178 80.49058 80.54017 80.99551 81.05618 81.01708 81.02562 81.06452 81.08717 81.23289 81.34357 81.42306 81.48637 81.52585 81.55725 81.64529 81.68246 81.85126 82.11409 82.19955 82.31282 82.33120 82.35554 82.37648 82.42777 82.69400 82.74614 82.86965 82.90640 83.16195 83.21794 83.50694 83.53972 83.55983 83.57948 83.60000 83.67777 83.70340 83.78460 83.81152 84.03048 84.04700 84.06837 84.14572 84.27118 84.26622 84.31814 84.37049 84.37049 84.37343 84.34080 84.34743 84.36282 84.47263 84.49506 84.47049 84.45940 84.40040 84.48117 84.48377 84.48418 84.48418" yc="-0.30560 -0.28334 -0.27460 -0.22660 -0.19366 -0.15557 -0.12460 0.07697 0.09840 0.11111 0.13729 0.14920 0.14840 0.14366 0.15000 0.18571 0.22300 0.22460 0.22340 0.20634 0.17280 0.16151 0.18174 0.20554 0.23014 0.49286 0.54660 0.55317 0.58411 0.63174 0.71863 0.89980 0.89363 0.86766 0.84129 0.82937 1.00117 1.12700 1.21031 1.28471 1.32617 1.38174 1.46349 1.53174 1.58243 1.69443 1.95794 1.98094 2.06586 2.09523 2.09763 2.09366 2.07737 2.04683 2.04403 2.03054 1.98591 1.95317 1.97180 1.99126 2.04840 2.13174 2.20951 2.36111 2.37460 2.41666 2.87697 2.90317 3.01903 3.05831 3.20554 3.21826 3.23611 3.15714 3.11666 3.09760 3.17540 3.31189 3.36509 3.38889 3.44920 3.45831 3.47500 3.55157 3.56703 3.64126 3.66586 3.62540 3.57526 3.54920 3.51349 3.50477 3.48571 3.43331 3.37937 3.44603 3.50077 3.51269 3.51191 3.57334 3.57951 3.61331 3.66500 3.86826 3.95317 3.81969 3.71983 3.74089 3.83014 3.87103 4.05634 4.14917 4.24366 4.31111 4.47700 4.52857 4.50023 4.50094 4.41357 4.34286 4.24583 4.15831 4.20714 4.23094 4.61171 4.63174 4.61111 4.60714 4.55554 4.52460 4.50554 4.52009 4.50626 4.56080 4.59280 4.72220 4.72460 4.73254 4.81906 5.21746 5.26746 5.28651 5.32300 5.34920 5.37777 5.43889 5.45794 5.48174 5.50317 5.49880 5.45317 5.38809 5.27777 5.21826 5.19111 5.18606 5.16111 5.14483 5.02223 4.75714 4.72220 4.67797 4.67303 4.70871 4.73174 4.77620 4.88651 4.93809 4.97540 5.00100 4.96111 4.99603 5.07380 5.08203 5.08571 5.08511 5.14126 5.15554 5.42540 5.39683 5.56826 5.79286 5.93969 5.95077 5.95171 5.96746 5.97857 6.18729 6.24583 6.28174 6.41031 6.63411 6.84286 6.86903 6.84366 6.83371 6.86269 6.86509 6.86031 6.83731 6.81746 6.80871 6.80080 6.77777 6.77897 6.87700 6.90237 7.00489 7.07460 7.22460 7.23094 7.27300 7.31429 7.34840 7.55634 7.68729 7.88254 7.91269 8.01031 8.20000 8.21666 8.23651 8.30871 8.37617 8.39683 8.43214 8.37220 8.30634 8.29603 8.30080 8.39523 8.40554 8.43331 8.54286 8.70237 8.76349 8.83331 8.85237 8.84286 8.79046 8.71189 8.64920 8.63809 8.66111 8.91349 8.94643 8.98969 9.03331 8.97540 8.89206 8.73014 8.79840 8.83849 8.87500 8.92303 8.97300 9.00674 9.01823 9.02460 9.01983 9.00571 9.02697 9.01111 9.00397 9.00951 9.02934 9.04086 9.05951 9.08411 9.10911 9.12577 9.12380 9.10634 9.09846 9.09126 9.10474 9.10714 9.10397 9.08969 9.04760 8.97917 8.83651 8.77697 8.77211 8.75000 8.73809 8.71031 8.66349 8.65317 8.65157 8.65871 8.66031 8.65794 8.65554 8.64206 8.62023 8.51063 8.47817 8.51389 8.61494 8.62380 8.57540 8.56823 8.28651 8.00554 7.86349 7.65000 7.60437 7.29443 7.02617 6.71826 6.66506 6.29603 6.15794 5.94049 5.74920 5.78094 5.81269 5.83274 5.84603 5.84366 5.81666 5.79286 5.45000 5.38254 5.40077 5.47043 5.44166 5.32340 5.30331 5.30077 5.27697 5.25951 5.24603 5.23014 5.20514 5.18809 5.20000 5.27063 5.29723 5.33254 5.35317 5.41429 5.47460 5.50000 5.50794 5.52540 5.52777 5.51111 5.47063 5.40794 5.34366 5.31586 5.26666 5.07223 5.04523 5.04443 5.04840 5.07223 5.09723 5.16189 5.20874 5.32223 5.36189 5.39683 5.41031 5.44366 5.45477 5.54006 5.54206 5.52937 5.51189 5.46906 5.46866 5.52620 5.56349 5.79363 5.86846 6.08054 6.11586 6.14523 6.17857 6.20197 6.20317 6.20080 6.19603 6.20237 6.21429 6.32300 6.27063 6.22223 6.21269 6.25474 6.29046 6.37937 6.70871 6.66586 6.64960 6.66111 6.72817 6.75197 6.90554 6.96229 7.08014 7.16269 7.17777 7.41586 7.42777 7.44966 7.48471 7.60237 7.64009 7.67223 7.70237 7.71666 7.71071 7.70157 7.68014 7.66509 7.67460 7.65080 7.64523 7.65951 7.62697 7.61031 7.58809 7.54366 7.52143 7.36400 7.35237 7.11826 7.01389 6.96111 6.94603 6.93411 6.93651 6.94443 6.94920 6.92300 6.88174 6.84366 6.81111 6.78889 6.76269 6.69443 6.58094 6.27143 6.23889 6.20477 6.27063 6.31031 6.30634 6.22380 6.20951 6.18729 6.13949 6.08889 6.05080 5.95674 5.95474 5.98491 6.02777 6.13729 6.08174 6.02620 6.00237 5.98174 5.95474 5.88411 5.87540 5.83014 5.82777 5.82857 5.84523 5.86191 5.87897 5.88611 5.86903 5.85871 5.89380 6.17380 6.21883 6.22063 6.18174 6.06351 6.01269 5.92540 5.89920 5.89126 5.82620 5.73571 5.67300 5.63014 5.44683 5.42223 5.35871 5.28174 5.26906 5.25554 5.20766 5.10951 4.92460 4.99129 4.87300 4.83889 4.81746 4.57934 4.55554 4.41666 4.40634 4.40317 4.40080 4.40554 4.41906 4.43731 4.44880 4.52380 4.56106 4.54920 4.55000 4.60317 4.63134 4.68649 4.67063 4.59009 4.38414 4.35554 4.32460 4.24049 4.18411 3.97220 3.68094 3.33491 2.94800 2.71111 2.58174 2.40237 2.26506 2.03969 1.99683 1.97877 2.00634 2.05277 2.07934 2.08571 2.08411 2.05431 2.00397 1.99126 1.98254 1.97063 1.94920 1.95794 2.04840 2.05237 2.04769 2.03969 2.02540 1.89446 1.81149 1.33491 1.28017 1.04960 0.85871 0.81666 0.70080 0.67223 0.64446 0.63411 0.61906 0.60397 0.57223 0.13334 -0.24129 -0.36866 -0.42223 -0.46746 -0.50874 -0.50477 -0.40914 -0.35417 -0.34206 -0.31826 -0.27897 -0.27063 -0.26191 -0.32303 -0.33969 -0.31209 -0.35200 -0.34206 -0.30477 -0.27303 -0.20240 -0.15794 -0.17620 -0.15794 -0.15160 -0.13571 -0.11429 -0.09366 -0.02620 -0.02697 -0.04366 -0.06111 -0.11906 -0.09286 -0.13174 -0.16034 -0.18414 -0.21031 -0.23414 -0.29920 -0.31589 -0.34603 -0.35120 -0.35223 -0.35557 -0.35557 -0.34049 -0.28129 -0.21589 -0.11151 -0.10557 -0.11231 -0.10240 -0.00991 0.01903 0.04126 0.16111 0.03809 -0.02066 -0.04049 -0.10609 -0.09843 -0.23651 -0.30560 -0.30560"/>
<polygon color="rgb(220,220,220)" opacity="100" xc="106.43546 106.41580 106.38505 106.29743 106.24231 106.24488 106.09680 106.00405 105.93118 105.90491 105.88503 105.84828 105.82649 105.80512 105.79765 105.88846 106.10171 106.13675 106.19229 106.32777 106.36794 106.37692 106.40085 106.41837 106.42991 106.43546 106.43546" yc="-15.79049 -15.51429 -15.44366 -15.27857 -15.06349 -15.02620 -14.76986 -14.68491 -14.63491 -14.62817 -14.63731 -14.68889 -14.72380 -14.76509 -14.82143 -15.16271 -15.81191 -15.80000 -15.79603 -15.81269 -15.99206 -15.99126 -15.95634 -15.89406 -15.84049 -15.79049 -15.79049"/>
<polygon color="rgb(220,220,220)" opacity="100" xc="106.30726 106.32308 106.32969 106.34145 106.34058 106.32606 106.28289 106.25640 106.23717 106.13589 106.10000 106.03846 106.03142 106.03888 106.04592 106.07606 106.09358 106.11368 106.13162 106.15662 106.17478 106.20298 106.22135 106.22349 106.22863 106.24871 106.30726 106.30726" yc="-17.77620 -17.64683 -17.56826 -17.26666 -17.21191 -17.10557 -16.85177 -16.83057 -16.84366 -17.11509 -17.22937 -17.43731 -17.49523 -17.70000 -17.73491 -17.79843 -17.82460 -17.85000 -17.85714 -17.85634 -17.87303 -17.91986 -17.95714 -17.97303 -17.97143 -17.94920 -17.77620 -17.77620"/>
<polygon color="rgb(220,220,220)" opacity="100" xc="102.84038 102.86152 102.96282 103.02948 103.04443 103.08760 103.09743 103.11891 103.04229 102.99689 102.85940 102.83546 102.81880 102.84038 102.84038" yc="-5.24206 -5.23334 -5.16349 -5.11349 -5.10160 -5.06509 -5.04129 -4.93434 -4.94603 -4.97263 -5.15954 -5.20674 -5.24446 -5.24206 -5.24206"/>
<polygon color="linen" opacity="100" xc="-72.90471 -72.86858 -72.86238 -72.88226 -72.90457 -72.91668 -72.91283 -72.90471 -72.90471" yc="23.38966 23.44006 23.48689 23.49006 23.47023 23.39283 23.38331 23.38966 23.38966"/>
<polygon color="linen" opacity="100" xc="-46.18637 -46.17374 -46.16840 -46.18122 -46.20603 -46.22334 -46.22074 -46.19709 -46.18637 -46.18637" yc="-58.28017 -58.27380 -58.24206 -58.21349 -58.21231 -58.22897 -58.26349 -58.28017 -58.28017 -58.28017"/>
<polygon color="linen" opacity="100" xc="-38.47012 -38.20320 -38.17718 -38.15049 -38.24571 -38.34491 -38.41023 -38.46285 -38.59255 -38.67568 -38.70835 -38.74362 -38.78614 -38.98654 -39.12669 -39.25349 -39.34598 -39.57009 -39.58014 -39.60728 -39.72820 -39.76391 -39.79657 -39.81323 -39.82762 -39.83777 -39.80620 -39.77520 -39.72832 -39.70943 -39.71271 -39.89166 -39.95020 -40.05409 -40.07094 -40.07535 -40.05774 -40.01926 -39.81398 -39.83126 -39.84666 -39.85826 -39.84662 -39.77715 -39.69297 -39.54449 -39.50169 -39.48177 -39.36903 -39.31368 -39.30945 -39.29118 -39.25945 -39.22820 -38.90325 -38.83208 -38.78829 -38.75129 -38.71886 -38.68508 -38.47012 -38.47012" yc="-1.91749 -1.55440 -1.49249 -1.31974 -1.21351 -1.11549 -0.99923 -0.72543 -0.34169 -0.16826 -0.10160 -0.04249 0.00474 0.17817 0.28649 0.34523 0.36666 0.59203 0.65791 0.69206 0.77857 0.79323 0.75751 0.70474 0.63491 0.49640 0.32520 0.23809 0.14800 0.09800 0.01149 -0.39803 -0.42580 -0.60377 -0.66111 -0.75697 -0.83891 -0.95417 -1.82343 -2.08731 -2.24843 -2.40360 -2.59903 -2.76786 -2.76886 -2.92303 -2.98394 -3.07006 -2.89209 -2.73571 -2.63771 -2.56151 -2.50240 -2.46351 -2.06946 -2.04526 -2.07223 -2.07660 -2.06589 -2.04763 -1.91749 -1.91749"/>
<polygon color="linen" opacity="100" xc="-41.37231 -41.30348 -41.29151 -41.28168 -41.25769 -41.24211 -41.23848 -41.24963 -41.26629 -41.34957 -41.36972 -41.39235 -41.42185 -41.53940 -41.56029 -41.58935 -41.60988 -41.62395 -41.62457 -41.48635 -41.39578 -41.37231 -41.37231" yc="2.12617 2.18411 2.20317 2.22697 2.28649 2.33054 2.36111 2.41031 2.44126 2.58254 2.60871 2.63094 2.65097 2.64760 2.64520 2.63729 2.62577 2.60237 2.53331 2.12417 2.10791 2.12617 2.12617"/>
<polygon color="linen" opacity="100" xc="-40.73848 -40.76111 -40.77445 -40.78642 -40.79918 -40.81026 -40.91860 -41.01758 -41.06497 -41.07271 -41.07937 -41.05943 -40.98548 -40.96449 -40.90220 -40.87735 -40.82202 -40.79622 -40.77138 -40.74326 -40.72608 -40.69486 -40.68852 -40.68763 -40.68975 -40.68937 -40.68314 -40.64617 -40.59748 -40.57566 -40.52652 -40.30682 -40.28034 -40.26118 -40.24405 -40.21511 -40.09494 -40.06972 -40.01245 -40.00263 -39.99188 -39.98165 -39.98038 -39.98977 -40.00348 -40.04191 -40.13503 -40.17525 -40.28846 -40.30174 -40.31798 -40.33329 -40.35597 -40.44406 -40.51286 -40.54232 -40.55894 -40.58162 -40.59598 -40.72377 -40.73848 -40.73848" yc="2.57934 2.66903 2.72457 2.78171 2.81903 2.83966 3.00394 2.89603 2.73411 2.70711 2.64600 2.53174 2.37063 2.34680 2.29920 2.28094 2.24643 2.26823 2.28411 2.27954 2.25237 2.10077 2.05394 1.99760 1.88014 1.82380 1.74840 1.68174 1.66346 1.65951 1.70197 1.82300 1.82060 1.81269 1.80080 1.79877 1.88886 1.92537 2.02537 2.04917 2.09206 2.14603 2.18371 2.23569 2.27143 2.31783 2.40080 2.40237 2.53571 2.55317 2.58489 2.61826 2.67280 2.71389 2.70314 2.68569 2.67460 2.62380 2.60951 2.56389 2.57934 2.57934"/>
<polygon color="linen" opacity="100" xc="-41.37611 -41.49915 -41.59192 -41.82866 -41.91406 -41.97997 -41.99105 -42.00623 -41.99600 -41.93763 -41.78080 -41.72175 -41.68635 -41.66580 -41.64278 -41.62222 -41.59575 -41.57222 -41.47137 -41.36672 -41.34615 -41.33460 -41.30686 -41.29014 -41.17251 -41.15429 -41.09957 -41.08485 -41.15455 -41.21754 -41.24715 -41.27563 -41.29789 -41.37611 -41.37611" yc="3.31743 3.38014 3.41429 3.45634 3.42457 3.29840 3.26746 3.13649 3.11466 3.10871 3.12697 3.15080 3.16826 3.16983 3.16826 3.16269 3.14997 3.13014 3.05951 2.99443 2.98886 2.98809 2.99760 3.00791 3.08809 3.11666 3.25554 3.30157 3.35080 3.36189 3.32914 3.31506 3.31506 3.31743 3.31743"/>
<polygon color="linen" opacity="100" xc="-42.66203 -42.73957 -42.77440 -42.83718 -42.85405 -42.88720 -42.95775 -42.96754 -42.99063 -43.01194 -43.03372 -43.09515 -43.12569 -43.14960 -43.24145 -43.48426 -43.49768 -43.43875 -43.41540 -43.38932 -43.35088 -43.28680 -43.27825 -43.26628 -43.25598 -43.25214 -43.24872 -43.24338 -43.23165 -43.05425 -42.96328 -42.92697 -42.90389 -42.87354 -42.78935 -42.70860 -42.62868 -42.56245 -42.66203 -42.66203" yc="4.03331 4.07697 4.09917 4.20314 4.31826 4.50474 4.75000 4.77300 4.81269 4.83649 4.85554 4.83529 4.79840 4.76029 4.59920 4.53331 4.50791 4.22437 4.18014 4.14840 4.07537 3.94683 3.92220 3.88331 3.84206 3.81031 3.75791 3.71823 3.69840 3.72143 3.77340 3.81983 3.80791 3.76903 3.59680 3.63251 3.62457 3.78331 4.03331 4.03331"/>
<polygon color="linen" opacity="100" xc="-46.33075 -46.29428 -46.26328 -46.22545 -46.24831 -46.28652 -46.43508 -46.45775 -46.50340 -46.53526 -46.53292 -46.51029 -46.46842 -46.46118 -46.43418 -46.38125 -46.35449 -46.33075 -46.33075" yc="5.39286 5.41863 5.45474 5.70871 5.75394 5.76386 5.52617 5.48569 5.40394 5.26666 5.17577 5.14443 5.09600 5.09600 5.24840 5.38809 5.38491 5.39286 5.39286"/>
<polygon color="linen" opacity="100" xc="-45.28251 -45.19785 -45.12783 -45.05991 -45.06434 -45.10386 -45.11920 -45.15320 -45.23335 -45.46562 -45.51175 -45.71478 -45.73894 -45.82354 -45.82997 -45.83125 -45.82568 -45.77569 -45.70388 -45.47734 -45.39298 -45.32482 -45.30988 -45.28251 -45.28251" yc="5.37537 5.48809 5.61586 6.07697 6.11823 6.25791 6.29046 6.34283 6.39760 6.38886 6.36069 6.15474 6.10631 5.88966 5.85951 5.81706 5.77777 5.65474 5.59443 5.42934 5.42023 5.38214 5.34283 5.37537 5.37537"/>
<polygon color="linen" opacity="100" xc="76.03791 76.35343 76.36282 76.51111 76.52798 76.52157 76.50171 76.48185 76.41325 76.39743 76.37094 76.32685 76.29188 76.22220 76.04358 75.99868 76.00746 76.03791 76.03791" yc="14.13491 14.70317 14.74443 15.22380 15.24363 15.28014 15.28214 15.26229 15.11746 15.02143 14.91109 14.80511 14.71666 14.54680 14.19046 14.14517 14.13254 14.13491 14.13491"/>
<polygon color="linen" opacity="100" xc="50.50598 50.50426 50.49275 50.46285 50.45171 50.41880 50.38717 50.36708 50.32392 50.26878 50.24178 50.22192 50.21742 50.17863 50.17565 50.17435 50.17949 50.18506 50.17971 50.15769 50.15471 50.15385 50.15214 50.15298 50.17575 50.20575 50.21808 50.23674 50.30086 50.34186 50.42351 50.45171 50.46242 50.46840 50.47908 50.49754 50.50598 50.50598" yc="17.43411 17.47934 17.61506 17.96509 18.08094 18.31666 18.51823 18.63571 18.84760 19.13174 19.35603 19.49434 19.54080 19.98889 20.03017 20.14683 20.38649 20.51031 20.57866 20.42697 20.38571 20.34363 20.15000 20.05951 19.53777 19.43303 19.16274 19.09760 18.78969 18.58331 18.12380 17.80317 17.54286 17.48729 17.41903 17.39366 17.43411 17.43411"/>
<polygon color="linen" opacity="100" xc="50.19254 50.20298 50.22137 50.23888 50.24957 50.26238 50.29445 50.31623 50.35854 50.39018 50.39231 50.50129 50.51283 50.58848 50.61197 50.65255 50.69062 50.70297 50.70278 50.67223 50.65554 50.53334 50.51880 50.33634 50.29745 50.28117 50.25811 50.25085 50.19958 50.19275 50.17498 50.17232 50.19254 50.19254" yc="20.64443 20.68331 20.78174 20.93254 21.00157 21.06429 21.21269 21.30634 21.45634 21.55554 21.56586 21.90951 21.94443 22.13251 22.18649 22.26349 22.34206 22.36903 22.39960 22.40554 22.38691 22.10791 22.07300 21.57460 21.46549 21.41666 21.31897 21.28809 21.03571 20.98014 20.79286 20.63551 20.64443 20.64443"/>
<polygon color="linen" opacity="100" xc="76.66538 76.55726 76.49017 76.47308 76.41752 76.35129 76.32008 76.30642 76.30000 76.25812 76.23857 76.32308 76.47863 76.60555 76.63506 76.66902 76.66538 76.66538" yc="20.56983 21.03966 21.26349 21.33966 21.69443 22.04206 22.14206 22.19286 22.21983 22.40951 22.42974 21.99760 21.18094 20.69760 20.59166 20.53214 20.56983 20.56983"/>
<polygon color="linen" opacity="100" xc="50.94186 51.00212 51.01666 51.02094 51.01111 50.96860 50.88934 50.73246 50.71411 50.73034 50.94186 50.94186" yc="22.94443 23.09683 23.16111 23.16826 23.19523 23.24206 23.11349 22.60474 22.50080 22.48411 22.94443 22.94443"/>
<polygon color="linen" opacity="100" xc="51.45855 51.49488 51.55940 51.58462 51.61626 51.66238 51.68140 51.69271 51.69145 51.67703 51.65362 51.64508 51.52734 51.31603 51.30000 51.28675 51.21389 51.14402 51.11666 51.11286 51.10342 51.08546 51.07095 51.06026 51.05000 51.05598 51.06837 51.14828 51.17395 51.22051 51.24232 51.45855 51.45855" yc="23.61906 23.65634 23.70794 23.72380 23.74523 23.78571 23.81746 23.85871 23.90634 23.98631 23.97180 23.93371 23.81426 23.60197 23.56349 23.53571 23.44126 23.41269 23.40394 23.40586 23.40711 23.39840 23.36746 23.32934 23.17143 23.12140 23.14286 23.26031 23.29680 23.35317 23.37934 23.61906 23.61906"/>
<polygon color="linen" opacity="100" xc="75.89894 75.89285 75.90685 75.89382 75.91666 75.92905 75.93846 75.94828 75.95855 75.97608 75.98377 75.98418 75.97863 75.96166 75.93375 75.85302 75.79745 75.78974 75.78418 75.80982 75.90812 75.89894 75.89894" yc="23.60714 23.65911 23.76826 23.92460 24.13489 24.20951 24.24840 24.28729 24.32143 24.38254 24.42380 24.45791 24.50000 24.54246 24.56469 24.50000 24.39760 24.35714 24.22380 23.94046 23.55197 23.60714 23.60714"/>
<polygon color="linen" opacity="100" xc="54.03205 54.04617 54.06582 54.08932 54.08931 54.17735 54.18229 54.12092 53.91368 53.70557 53.69188 53.67335 54.03205 54.03205" yc="26.40077 26.41746 26.44286 26.48014 26.48411 26.59443 26.62391 26.68174 26.39363 26.08411 26.05791 26.00446 26.40077 26.40077"/>
<polygon color="linen" opacity="100" xc="58.79551 58.88589 58.86411 58.68249 58.66452 58.59915 58.58012 58.45235 58.42606 58.40855 58.40492 58.41923 58.48034 58.70448 58.79551 58.79551" yc="27.10754 27.31031 27.36269 27.52854 27.53651 27.55791 27.55554 27.47994 27.43966 27.40474 27.37540 27.34603 27.28809 27.09283 27.10754 27.10754"/>
<polygon color="linen" opacity="100" xc="66.79166 66.72138 66.61323 66.56242 66.51837 66.49702 66.32222 66.12051 65.93077 65.70717 65.71752 65.73846 65.76752 65.83118 65.88418 66.01666 66.05128 66.16540 66.29188 66.53760 66.73015 66.83249 66.88055 66.79166 66.79166" yc="29.74403 29.74603 29.73889 29.73491 29.72854 29.72380 29.68174 29.63094 29.56031 29.52737 29.50317 29.48729 29.47837 29.49286 29.50711 29.54286 29.55951 29.59603 29.63491 29.70871 29.71349 29.70474 29.70586 29.74403 29.74403"/>
<polygon color="linen" opacity="100" xc="17.89315 17.89360 17.82566 17.71966 17.68463 17.66111 17.65215 17.64571 17.60857 17.54786 17.54635 17.58375 17.64017 17.70172 17.71240 17.72649 17.83291 17.89315 17.89315" yc="36.66506 36.72774 36.81586 36.96583 37.02777 37.07140 37.09603 37.12380 37.26586 37.27023 37.23729 37.09760 36.93491 36.76189 36.73969 36.72220 36.62023 36.66506 36.66506"/>
<polygon color="linen" opacity="100" xc="18.01058 18.00426 17.92349 17.84102 17.77651 17.66668 17.64786 17.62798 17.56751 17.55397 17.76978 17.99423 18.01058 18.01058" yc="38.08194 38.13171 38.28094 38.36586 38.40789 38.50791 38.53214 38.54126 38.54523 38.52517 38.08174 38.02814 38.08194 38.08194"/>
<polygon color="linen" opacity="100" xc="15.33034 15.30471 15.17691 15.10043 15.03677 15.08892 15.11963 15.13163 15.16111 15.19745 15.21923 15.32842 15.43632 15.43163 15.38462 15.33034 15.33034" yc="40.06823 40.10317 40.07457 40.04523 40.01743 39.88411 39.81349 39.79363 39.76189 39.73726 39.73014 39.76903 39.89283 39.97817 39.97037 40.06823 40.06823"/>
<polygon color="linen" opacity="100" xc="15.58760 15.51657 15.51112 15.58312 15.63549 15.71026 15.73418 15.82563 16.01538 16.10309 16.12991 16.07265 16.05663 16.00983 15.84871 15.58760 15.58760" yc="40.24046 40.23609 40.18649 39.97577 39.92617 39.90631 39.90631 39.91663 39.99206 40.04323 40.12737 40.18809 40.18809 40.15394 40.12934 40.24046 40.24046"/>
<polygon color="linen" opacity="100" xc="83.80428 83.82178 83.86325 83.87222 83.92692 83.92651 83.92051 83.88163 83.87266 83.85385 83.82338 83.80514 83.82949 83.83972 83.87266 83.88591 83.90043 83.89998 83.85855 83.82691 83.81965 83.81240 83.79380 83.60983 83.67692 83.80428 83.80428" yc="43.53014 43.56109 43.78649 43.84520 44.52143 44.58014 44.62300 44.89917 44.94520 45.00871 45.07417 45.05257 44.97220 44.93566 44.77063 44.67063 44.54600 44.51429 44.05157 43.73649 43.68491 43.65157 43.62737 43.50157 43.49203 43.53014 43.53014"/>
<polygon color="linen" opacity="100" xc="85.93077 85.96412 85.98675 86.06838 86.06860 86.05726 86.04786 86.03332 85.88632 85.87180 85.79615 85.79198 85.81538 85.93077 85.93077" yc="58.68254 58.71349 58.74206 58.86309 58.91386 58.96983 58.98809 59.00077 58.97814 58.95594 58.68254 58.61349 58.60477 58.68254 58.68254"/>
<polygon color="linen" opacity="100" xc="88.63332 88.79155 88.83438 88.85898 88.79188 88.69103 88.53375 88.41854 88.34231 88.28675 88.24978 88.06409 88.02863 87.85597 87.63505 87.46089 87.38634 87.34358 87.14743 86.93762 86.78546 86.74211 86.56665 86.40685 86.28162 86.24617 86.15000 86.14615 86.10608 86.10385 86.14700 86.24105 86.33654 86.30811 86.36966 86.40555 86.44189 86.50598 86.49649 86.46580 86.68675 86.74145 86.78877 86.68802 86.82906 87.01754 87.47648 87.54572 87.67552 87.86069 87.89574 87.97006 88.15598 88.20642 88.39574 88.54362 88.68803 89.10128 89.43569 89.35385 89.22969 89.19795 89.14872 89.06165 89.02306 88.82520 88.69871 88.61240 88.55963 88.47502 88.33118 88.28137 88.63332 88.63332" yc="60.24283 60.34123 60.36903 60.44877 60.46266 60.40237 60.25394 60.12920 60.04443 59.97180 59.94760 59.89640 59.90157 59.91426 59.91029 59.83726 59.76426 59.74443 59.78809 59.81189 59.77300 59.74006 59.57617 59.44283 59.40674 59.35157 59.12694 59.08569 58.99700 58.93091 58.80117 58.81506 58.88411 58.95951 59.01940 59.02697 59.01900 58.95840 58.89969 58.83491 58.83966 58.84126 58.86746 58.91426 58.98649 59.04520 59.19680 59.23011 59.29403 59.35354 59.30314 59.34283 59.39920 59.41269 59.50157 59.58729 59.67774 59.94760 60.21369 60.23451 60.14560 60.09523 60.04603 60.01566 60.10077 60.05554 59.99920 59.89917 59.77814 59.72734 59.73171 59.76457 60.24283 60.24283"/>
<polygon color="linen" opacity="100" xc="92.28672 92.31711 92.33931 92.36528 92.36945 92.31538 92.27777 92.25343 92.13909 92.03463 92.00343 91.95043 92.09102 92.14189 92.16368 92.25426 92.28672 92.28672" yc="60.70791 60.71506 60.72934 60.75991 60.80631 60.93729 61.09680 61.02617 60.84640 60.84523 60.84046 60.80474 60.73331 60.70951 60.70871 60.70554 60.70791 60.70791"/>
<polygon color="linen" opacity="100" xc="91.52263 91.47351 91.46283 91.45085 91.44146 91.35812 91.29786 91.02308 91.05857 91.07309 91.10598 91.13012 91.14722 91.14912 91.16540 91.18760 91.23591 91.26709 91.33848 91.38291 91.41580 91.46454 91.50898 91.52435 91.52263 91.52263" yc="61.16583 61.28331 61.30714 61.32934 61.33966 61.35394 61.31109 61.03194 60.96346 60.94366 60.90314 60.88211 60.89443 60.93014 60.95911 60.97694 60.99680 61.00474 61.01666 61.01983 61.01826 61.01109 61.00794 61.01546 61.16583 61.16583"/>
<polygon color="linen" opacity="100" xc="90.31154 90.41111 90.41923 90.42992 90.42926 90.36432 90.29274 90.22212 90.31154 90.31154" yc="61.31029 61.41349 61.54126 61.80951 61.86269 61.80137 61.60317 61.30751 61.31029 61.31029"/>
<polygon color="linen" opacity="100" xc="94.38803 94.43825 94.45428 94.45492 94.43718 94.42138 94.41114 94.36965 94.35214 94.27543 94.29145 94.36197 94.38803 94.38803" yc="69.05674 69.10911 69.21426 69.28926 69.33174 69.35234 69.36189 69.38251 69.38371 69.23329 69.07934 69.05000 69.05674 69.05674"/>
<polygon color="linen" opacity="100" xc="95.08805 95.10386 95.12480 95.11625 95.09915 95.08848 95.01326 95.00685 94.98589 94.92522 94.84572 94.82266 94.75983 94.72692 94.74658 94.75960 94.86837 94.88652 95.08805 95.08805" yc="69.50077 69.52220 69.56963 69.61349 69.66426 69.68889 69.82537 69.84720 69.86309 69.85474 69.82934 69.79600 69.62697 69.49046 69.37697 69.34680 69.25237 69.24720 69.50077 69.50077"/>
<polygon color="linen" opacity="100" xc="11.56325 11.67606 11.72138 11.66880 11.65854 11.62694 11.61625 11.54445 11.52134 11.50992 11.53202 11.54700 11.56325 11.56325" yc="78.13531 78.24917 78.27063 78.35157 78.37774 78.54600 78.61803 78.46031 78.31109 78.20434 78.15157 78.13094 78.13531 78.13531"/>
<polygon color="linen" opacity="100" xc="11.52948 11.50726 11.40257 11.39017 11.29058 11.14806 11.14337 11.15340 11.16712 11.37437 11.44402 11.48974 11.65643 11.73846 11.78122 11.79209 11.78760 11.74572 11.55940 11.41025 11.39660 11.37351 11.34745 11.30875 11.28632 11.36197 11.40769 11.42691 11.44189 11.45982 11.49700 11.51623 11.52948 11.52948" yc="80.87854 80.93491 81.12063 81.16069 81.07854 80.71029 80.66029 80.62614 80.60157 80.24997 80.06349 79.94600 79.78809 79.77537 79.87060 79.90711 79.94760 80.10714 80.28889 80.55074 80.57300 80.60317 80.62774 80.64917 80.69917 80.85931 80.86149 80.84603 80.81506 80.80951 80.83094 80.84600 80.87854 80.87854"/>
<polygon color="linen" opacity="100" xc="11.05472 11.06497 11.06538 11.06325 11.05428 10.99145 10.97223 10.96849 10.89829 10.86752 10.86668 10.86946 10.98377 11.01666 11.03525 11.05472 11.05472" yc="81.19403 81.22140 81.26426 81.29840 81.33491 81.49760 81.57854 81.60174 81.53331 81.40474 81.35711 81.30077 81.20394 81.19363 81.18966 81.19403 81.19403"/>
<polygon color="linen" opacity="100" xc="10.82671 10.77691 10.71026 10.61582 10.60629 10.55172 10.53463 10.49649 10.49723 10.52989 10.54058 10.55468 10.58166 10.62265 10.76282 10.82671 10.82671" yc="81.29323 81.51349 81.60394 81.72537 81.74703 81.76823 81.76151 81.69063 81.57617 81.46031 81.43331 81.41189 81.38491 81.35711 81.27337 81.29323 81.29323"/>
<polygon color="linen" opacity="100" xc="10.95643 11.06517 11.15214 11.15642 11.10640 11.00812 10.98675 10.94915 10.92992 10.88269 10.86111 10.73803 10.73332 10.75002 10.76858 10.89231 10.92394 10.95643 10.95643" yc="81.67974 81.72974 81.85434 81.88571 81.93411 82.00314 82.01743 82.03171 82.03171 82.03094 82.01269 81.81586 81.78371 81.73094 81.71306 81.67854 81.67460 81.67974 81.67974"/>
<polygon color="linen" opacity="100" xc="10.62498 10.63611 10.69866 10.71643 10.62498 10.62498" yc="82.85554 82.77734 82.79283 82.85554 82.85554 82.85554"/>
<polygon color="linen" opacity="100" xc="96.60532 96.55983 96.51655 96.47682 96.45257 96.40202 96.29851 96.27308 96.22266 96.20875 96.22991 96.18180 96.27502 96.28749 96.21837 96.18803 96.14229 96.04015 95.90685 95.70075 95.68546 95.68249 95.71282 95.73460 95.72435 95.70940 95.70512 95.70000 95.58932 95.55043 95.46154 95.44466 95.09874 95.06366 95.00771 94.90022 94.85685 94.81475 94.51582 94.21238 94.17306 94.10511 94.01303 93.90469 93.79658 93.76752 93.76371 93.76134 93.76026 93.76540 93.77757 93.77597 93.64874 93.48298 93.37651 93.19443 92.84018 92.74998 92.54272 92.31882 92.29358 92.26623 92.24831 92.23975 92.23418 92.21988 92.18706 92.12437 91.99955 91.93463 91.86495 91.83762 91.83869 91.89315 91.93089 91.91068 91.70171 91.58975 91.45343 91.42008 91.33548 91.24145 91.19958 91.19231 91.21111 91.23525 90.95908 90.73674 90.63826 90.54892 90.49274 90.44358 90.40555 90.34998 90.31432 90.27523 90.11625 90.15171 90.10108 90.06283 90.01731 90.00298 90.00898 89.91582 89.39572 89.15386 88.81283 88.52437 88.44571 88.03249 87.75940 87.16671 87.14923 87.12622 86.73420 86.28978 85.77052 85.10458 84.99829 84.95726 84.89146 84.84572 84.62135 84.35300 84.18760 84.13889 84.00640 83.78891 83.75000 83.65683 83.56540 83.48291 83.39057 83.37437 83.34978 83.33654 83.31497 83.27372 83.22392 83.12906 83.09234 83.04698 83.01409 82.98292 82.51789 82.44572 82.40406 82.25940 82.20083 82.17905 82.00386 81.83162 81.57820 81.09488 80.64188 80.41538 80.21882 80.17351 79.40298 78.97991 78.88506 78.55643 78.41837 78.31497 78.17735 78.25812 78.35878 78.36594 78.37885 78.39252 78.37746 78.33675 78.39680 78.44037 78.49958 78.54585 78.58409 78.58694 78.58803 78.56283 78.51409 78.48163 78.27522 78.22392 78.00086 77.59008 77.28703 77.26666 76.78226 76.13803 76.10992 75.58591 75.00129 74.73163 74.42522 74.11963 73.51068 73.47863 73.19188 73.13417 72.84617 72.77437 72.19017 72.12706 72.10642 72.07649 72.04829 72.09658 72.10386 72.11797 72.13397 72.17763 72.22195 72.22206 72.26582 72.30426 72.34488 72.39915 72.55171 72.61348 72.66282 72.72308 72.76238 72.82669 72.84822 72.89509 72.95534 73.02180 73.05020 73.10043 73.11858 73.11678 73.10534 73.13311 73.20188 73.22434 73.35042 73.45725 73.49403 73.62135 73.64572 73.51623 73.33588 73.18375 73.01068 72.87694 72.82306 72.37818 72.22949 72.13506 71.89100 71.53802 71.38803 71.50169 71.55726 71.61882 71.57074 71.42757 71.39060 71.35514 71.28760 71.01794 70.93762 70.88654 70.83949 70.65126 70.63120 70.61154 70.52669 70.52265 70.53162 70.54680 70.58452 70.57640 70.47266 70.14060 70.10557 70.06452 70.02468 70.02062 69.96731 69.90000 69.57691 69.55726 69.52777 69.49914 69.48803 69.43911 69.35769 68.68546 68.51665 68.09402 67.93888 67.66966 67.61325 66.97437 66.81709 66.33163 65.84400 65.62818 65.46966 64.32566 64.04914 63.62223 63.55129 63.11668 62.57948 62.52822 62.38805 62.31828 62.19552 62.18922 62.14402 61.91452 61.78631 61.75000 61.69263 61.54732 61.48805 61.43762 61.31305 61.10769 60.38483 60.34785 60.25262 60.25351 60.20214 60.15685 60.11026 60.04745 59.80600 59.77051 59.70386 59.62991 59.57478 59.50983 59.46580 59.40492 59.35642 59.28803 59.11751 59.00748 58.94231 58.86132 58.79402 58.69146 58.55342 58.51735 58.47415 58.44914 58.43974 58.40095 58.24357 58.21197 58.06578 58.03568 58.00032 58.02137 58.01323 57.95126 57.90791 57.80555 57.76111 57.56580 57.38805 57.36111 56.99797 56.54615 56.43738 56.29486 56.22451 56.20886 56.15962 55.90662 55.80897 55.71411 55.68494 55.66323 55.64006 55.60192 55.56474 55.28632 55.21240 55.17820 55.00325 54.97329 54.92543 54.76869 54.71797 54.67532 54.61409 54.57863 54.45257 54.39935 54.31540 54.29531 54.29686 54.30618 54.29871 54.27906 54.26154 54.23805 54.20469 54.15642 54.14509 54.12649 53.95083 53.90448 53.84828 53.80642 53.72022 53.66026 53.62692 53.61109 53.60897 53.60854 53.60929 53.60897 53.43606 50.43086 49.99571 49.79103 49.53548 49.27822 48.81668 48.45811 47.89445 47.17608 46.40683 46.15042 45.38162 44.50897 44.15043 44.05040 43.89402 42.81711 42.56066 42.25298 41.89486 41.48418 41.27951 41.12478 40.86838 40.71495 40.40726 39.94908 39.79189 39.48460 38.71537 38.45938 38.04871 37.38120 37.02223 36.86965 36.71497 36.50982 36.20297 35.79146 34.86880 34.71538 34.40809 34.25300 34.15215 33.58635 33.33075 33.02349 32.81882 32.56194 31.79272 31.33115 31.07394 30.81880 30.76975 30.61326 30.45983 30.30512 30.20343 29.99829 29.74189 29.58672 28.66411 27.99831 27.63888 27.43334 27.33117 27.17692 27.02308 26.86923 26.76666 26.25426 26.10086 25.79358 25.58717 25.28077 24.56242 24.52331 24.09998 23.89615 23.79272 23.64015 23.22906 23.02438 22.81923 22.51069 22.35682 22.20426 22.15171 21.94700 21.46409 19.99783 19.94366 19.89657 19.69100 19.63888 19.53760 19.12692 18.71623 18.66540 18.46025 18.25512 17.89529 17.28034 16.97308 16.71666 16.51195 16.20343 15.58846 15.48591 15.33206 14.56195 13.71543 12.15298 11.79402 11.64060 11.43589 11.23077 11.13800 11.14829 11.17828 11.12255 11.06197 11.25983 11.30855 11.37072 11.40363 11.43718 11.50469 11.53846 11.63591 11.55962 11.51217 11.48291 11.46091 11.35428 11.23271 11.26218 11.29488 11.34488 11.37372 11.39855 11.70332 11.72586 11.69615 11.66815 11.63997 11.60662 11.54102 11.50663 11.49058 11.49466 11.53782 11.61323 11.64617 11.62031 11.58460 11.62674 11.73169 11.81452 11.85985 11.73292 11.66412 11.69443 11.71517 11.76711 11.83143 11.82532 11.66708 11.60128 11.49678 11.43803 11.39788 11.36922 11.32351 11.20468 11.08805 11.00748 10.94552 10.95600 10.92158 10.84400 10.72992 10.66945 10.67297 10.73032 10.79989 10.86218 10.88174 10.89691 10.91858 11.00538 11.05769 11.08077 11.12275 11.12680 11.08394 11.05963 11.09165 11.12135 11.15545 11.18675 11.20903 11.16454 11.21603 11.35514 11.36357 11.31562 11.27245 11.42906 11.46497 11.52520 11.48228 11.42292 11.38034 11.28718 11.26025 11.27523 11.29937 11.32543 11.38755 11.39477 11.38698 11.47435 11.59995 11.51677 11.43762 11.18654 11.17523 11.02135 10.91795 10.85771 10.76963 10.63974 10.61923 10.73078 10.77540 10.83888 10.89529 10.97523 11.01442 10.95983 10.91583 10.75898 10.60942 10.56966 10.54166 10.60855 10.74272 10.79402 10.82092 10.90043 10.93248 10.96091 10.99831 11.01238 11.00086 11.00109 11.08462 11.10042 11.10791 11.09529 11.15728 11.27435 11.33803 11.26357 11.20938 11.11068 11.11154 11.15846 11.15472 11.10511 11.03803 11.00534 10.97225 10.81538 10.59497 10.54360 10.48037 10.44743 10.39583 10.22434 10.15171 9.98629 9.73248 9.60254 9.55898 9.52777 9.38888 9.33120 9.20469 9.16878 9.09968 9.07802 9.00771 8.87351 8.75471 8.59103 8.49402 8.38974 8.35985 8.25042 8.13183 8.14508 8.18160 8.17352 8.18249 8.19615 8.20278 8.22203 8.23888 8.27971 8.33995 8.38655 8.42222 8.46325 8.51815 8.62308 8.67802 8.72735 8.75811 8.76817 8.81965 8.88015 8.90940 8.94872 8.99528 9.00212 9.00169 8.99658 8.98846 8.97822 8.99606 9.06058 9.04232 9.02478 9.05908 9.11538 9.15258 9.19702 9.23012 9.24732 9.28931 9.37052 9.53654 9.42780 9.32478 9.27394 9.10426 9.08075 9.11058 9.14831 9.29337 9.38012 9.42072 9.46668 9.60083 9.55429 9.52265 9.49102 9.39195 9.32180 9.35108 9.37457 9.41231 9.41666 9.38548 9.32117 9.25620 9.20994 9.20978 9.22275 9.20254 9.17115 9.15386 9.17178 9.23077 9.39617 9.44926 9.50425 9.63506 9.70214 9.76046 9.81518 9.86217 9.92586 9.97178 10.01923 10.05938 10.10706 10.13963 10.16451 10.19788 10.31497 10.37180 10.51757 10.45555 10.39723 10.36389 10.20408 10.15597 10.12843 10.10802 10.03942 9.99038 9.94528 9.91688 9.85234 9.68891 9.49403 9.34317 9.30471 9.34254 9.35854 9.36688 9.37052 9.35909 9.32778 9.30769 9.30511 9.33889 9.37735 9.38417 9.33675 9.39628 9.42829 9.31677 9.31582 9.29849 9.31572 9.23846 9.22605 9.19614 9.14638 9.13934 9.15386 9.16774 9.15728 9.14169 9.12606 9.06111 9.02865 8.99403 9.02391 9.05257 8.94272 8.91732 8.90428 8.88888 8.80385 8.77734 8.76540 8.79215 8.82503 8.86451 8.92777 9.01109 8.94082 8.91283 8.84912 8.71668 8.64842 8.65643 8.66154 8.63460 8.57437 8.50300 8.47949 8.45555 8.43868 8.42394 8.42778 8.49018 8.56454 8.59660 8.62671 8.64274 8.63891 8.61366 8.58483 8.60212 8.62006 8.64445 8.68375 8.70855 8.72691 8.78506 8.84186 8.91751 8.94485 8.94745 8.96111 8.93805 8.92714 8.89914 8.95172 9.04829 9.13292 9.15877 9.16925 9.16025 9.13632 9.09082 9.04274 9.05769 9.07800 9.07862 9.01066 8.92394 8.87777 8.84166 8.80766 8.72008 8.68869 8.65258 8.68569 8.73332 8.73226 8.72126 8.77349 8.91966 8.99603 9.08803 9.13485 9.33675 9.43463 9.50725 9.58097 9.63558 9.59529 9.57820 9.54509 9.54508 9.60895 9.67285 9.71369 9.74317 9.73142 9.68114 9.68995 9.81537 9.94443 10.08077 10.22606 10.28758 10.35898 10.40428 10.50514 10.57074 10.60428 10.83291 11.02991 11.06497 11.07225 11.01538 10.88163 10.83632 10.87949 10.92820 11.05083 11.10418 11.29743 11.53002 11.60512 11.66134 11.62565 11.56945 11.57182 11.70640 11.74572 11.82863 11.85832 11.90126 12.13886 12.23077 12.27903 12.34188 12.45342 12.58665 12.73397 12.79197 12.82735 12.94614 12.99508 13.12223 13.18889 13.07992 12.93675 12.85617 12.83969 12.79254 12.56346 12.52734 12.43760 12.32394 12.28332 12.11118 12.05643 11.96112 11.76495 11.70245 11.84617 11.93420 12.03891 12.06580 12.09465 12.10642 12.11389 12.18334 12.26197 12.29872 12.27202 12.20877 11.75728 11.74254 11.75857 11.76709 11.75386 11.72363 11.61828 11.56260 11.55302 11.53931 11.54488 11.55340 11.56829 11.62565 11.65235 11.72608 11.73355 11.71623 11.70203 11.71025 11.72458 12.03142 12.08118 12.19849 12.24382 12.27648 12.34103 12.44062 12.49360 12.53675 12.61666 12.67092 12.65428 12.61645 12.60131 12.57606 12.54615 12.51445 12.46185 12.39498 12.42822 12.46517 12.48502 12.50237 12.51666 12.51134 12.62138 12.67989 12.82243 13.11988 13.13697 13.16646 13.17694 13.27991 13.35148 13.39017 13.43269 13.58975 13.77265 13.84700 13.88142 13.96925 14.09058 14.06283 14.04894 14.04658 14.06646 14.10555 14.24840 14.27895 14.33760 14.43355 14.46143 14.44038 14.42352 14.46452 14.47482 14.47051 14.45642 14.42478 14.41795 14.42160 14.45257 14.48740 14.52565 14.62254 14.64317 14.69380 14.73206 14.83846 15.00768 15.18335 15.37886 15.69446 15.96198 16.00042 16.03506 16.08974 16.23591 16.28291 16.44235 16.52948 16.58515 16.65492 16.72435 16.95215 16.98246 17.02137 17.17477 17.25983 17.30385 17.38805 17.45385 17.60855 17.64614 17.67860 17.73674 17.76238 17.79615 17.81368 17.86742 17.84828 17.81928 17.84612 17.97220 18.00342 18.04294 18.05057 18.11966 18.25423 18.29509 18.33375 18.39189 18.41988 18.46925 18.50212 18.53075 18.55983 18.59874 18.63997 18.67094 18.80855 18.96538 19.02778 19.23845 19.26028 19.37009 19.47649 19.49315 19.50809 19.58483 19.61538 19.61682 19.61089 19.56871 19.60189 19.59060 19.58695 19.60771 19.62762 19.62992 19.64798 19.68898 19.78248 19.82052 19.82211 19.77351 19.73217 19.69152 19.67326 19.67245 19.71891 19.79486 19.81172 19.85340 20.13205 20.44145 20.75669 21.16518 21.68034 22.14529 22.45512 22.76540 23.03708 23.27485 23.49262 23.50909 23.50555 23.49017 23.39743 23.36949 23.39195 23.71455 24.08631 24.52105 24.83340 25.08922 25.62383 26.07249 26.35805 26.92308 27.23163 27.77480 28.58843 29.16025 30.28931 30.39145 30.95511 31.51965 32.21703 32.23483 32.56498 32.56625 32.58977 32.64826 33.52563 33.52649 33.52522 33.52649 33.52520 33.52649 33.52520 33.57691 33.98717 34.29529 34.44912 34.49998 34.60342 34.70555 34.80769 34.85980 34.96195 35.01238 35.11580 35.16665 35.26880 35.98718 36.09297 36.11865 36.15938 36.21538 36.24742 36.28226 36.31408 36.40875 36.45640 36.47820 36.50426 36.60020 36.70212 36.82626 36.90512 36.96495 37.14143 37.16623 37.18843 37.25085 37.27435 37.36922 37.53846 37.56815 37.62863 37.70662 37.85682 38.07222 38.11912 38.20085 38.26925 38.36623 38.47562 38.56195 38.62072 38.64657 38.66922 38.73503 38.80469 38.91452 38.95040 38.96154 38.95491 38.92105 38.93077 38.95683 39.16645 39.30255 39.35512 39.47991 39.51269 39.56132 39.61109 39.64869 39.68855 39.73889 39.87562 39.90214 39.93032 39.96366 40.03845 40.17049 40.40642 40.72092 40.79231 40.82777 40.92135 40.96155 41.08268 41.09097 41.28663 41.45852 41.60769 41.69869 41.76751 41.83882 42.04571 42.21409 42.31346 42.52991 42.61260 42.67500 42.72649 42.88932 42.92691 42.96495 43.00275 43.09102 43.24274 43.34488 43.42349 43.46922 43.52817 43.64806 43.78589 43.91280 43.99228 44.04714 44.06794 44.13717 44.27906 44.40148 44.45126 44.54923 44.57649 44.71238 44.92968 45.12948 45.18737 45.17777 45.19702 45.24529 45.28545 45.34251 45.39718 45.39634 45.41560 45.47094 45.53931 45.60126 45.61408 45.64678 45.64422 45.72082 45.78418 45.86708 45.98697 46.03332 46.07563 46.21195 46.25382 46.33717 46.35086 46.36783 46.41089 46.45123 46.46431 46.48875 46.52478 46.55169 46.57317 46.59400 46.62092 46.68674 46.75972 46.87563 46.91708 46.96431 47.01025 46.98674 47.20117 47.27518 47.30255 47.32349 47.38375 47.48846 47.53118 47.72989 47.80725 48.02434 48.10768 48.16068 48.30040 48.34102 48.55403 48.63375 48.67478 48.76111 48.79060 48.92306 49.13825 49.17948 49.26194 49.46537 49.53331 49.72477 49.77223 49.82392 49.90854 49.97777 50.12734 50.20812 50.23886 50.23588 50.28415 50.36109 50.52178 50.55271 50.55225 50.54443 50.53760 50.51095 50.49129 50.44722 50.39882 50.29658 50.28077 50.27775 50.27906 50.20086 50.15085 50.13418 50.11838 50.03463 50.01240 49.99382 49.93869 49.90708 49.89915 49.91168 50.03845 50.08548 50.10866 50.03546 49.94786 49.79402 49.75258 49.72815 49.65642 49.58565 49.65643 49.72778 49.78728 49.80817 49.96111 50.01538 50.13388 50.17392 50.33889 50.28377 50.16495 50.02351 49.97371 50.01155 50.23803 50.42083 50.46997 50.73462 50.72948 50.69829 50.61837 50.54743 50.54358 50.48783 50.44082 50.50866 50.72606 50.74443 50.79486 50.87543 50.94958 51.10640 51.10182 51.02798 51.00735 51.07640 51.15854 51.21988 51.22735 51.23538 51.29337 51.34660 51.69234 51.55386 51.40940 51.30566 51.31580 51.39275 51.44220 51.44211 51.45355 51.54532 51.64318 51.67457 51.72992 51.67897 51.63438 51.62629 51.70137 51.89637 52.01218 52.09108 52.02586 51.98889 51.97318 52.10214 52.14315 52.18248 52.21668 52.26197 52.32203 52.33589 52.31305 52.26880 52.23717 52.19637 52.08205 52.00674 51.98152 52.06709 52.10600 52.20898 52.21626 52.25212 52.30682 52.33995 52.38203 52.41625 52.46838 52.52608 52.57351 52.66845 52.58926 52.54189 52.49831 52.46752 52.39766 52.39829 52.61965 52.69897 52.78478 52.89488 53.29274 53.33546 53.37971 53.61751 53.71240 53.99571 54.00938 54.01923 54.00309 53.82178 53.75374 53.83525 53.91454 54.09145 54.11645 54.21997 54.29071 54.29743 54.28120 54.27372 54.26089 54.20640 54.34531 54.50149 54.65138 54.59166 54.44275 54.31989 54.18291 54.17394 54.22435 54.25577 54.29529 54.33291 54.37906 54.43078 54.67863 54.89615 55.17800 55.27946 55.32863 55.50728 55.55245 55.60240 55.55275 55.51582 55.46538 55.44851 55.61229 55.69745 55.70812 55.74149 55.73374 55.67406 55.59678 55.55075 55.53695 55.56068 55.61463 55.65620 55.70149 55.76923 55.81646 55.89574 56.46157 56.50426 56.55255 56.70042 56.74103 56.86537 57.06835 57.14574 57.20983 57.30598 57.40343 57.58460 57.94274 57.98717 58.04123 58.25043 58.30811 58.19103 58.23289 58.61666 58.70951 58.73246 58.97820 59.02917 59.14286 59.15215 59.16411 59.19529 59.36152 59.58888 59.80534 59.82394 59.81892 59.77040 59.73312 59.74914 59.75054 59.65642 59.47798 59.50425 59.53932 59.57243 59.60789 59.66238 59.70043 59.85083 59.88055 59.92566 59.94562 60.00169 60.10769 60.13506 60.18720 60.36152 60.45843 60.49446 60.54272 60.63120 60.73163 60.85471 60.93289 61.00769 61.11880 61.14528 61.17586 61.17543 61.15728 61.17308 61.21625 61.32949 61.36005 61.43718 61.45909 61.45085 61.49765 61.44808 61.38974 61.34637 61.27372 61.24446 61.22574 61.25771 61.35515 61.56112 61.79742 61.88717 61.92180 61.89145 61.98717 62.14092 62.34060 62.47757 62.53012 62.56709 62.57885 62.56975 62.57798 62.65843 62.61240 62.51411 62.49038 62.46538 62.44146 62.45385 62.47595 62.51838 62.55642 62.57563 62.60469 62.69317 62.84018 63.01175 63.04358 63.06345 63.06258 63.03203 62.78891 62.68331 62.58846 62.36282 62.27822 62.03418 61.91889 62.05768 62.16837 62.34402 62.38763 62.41582 62.44274 62.45511 62.56346 62.46240 62.34412 62.20642 62.17031 62.11432 62.06454 62.02522 61.81869 61.79146 61.77885 61.80340 61.83740 61.89306 61.97052 62.08825 62.04071 61.96568 61.82778 61.48611 61.33589 61.27671 61.00042 60.90365 60.88440 60.87608 60.88014 60.90000 61.17500 61.20962 61.24980 61.40086 61.44017 61.53718 61.55706 61.56986 61.81580 62.00769 62.16442 62.27374 62.30983 62.38729 62.59723 62.67008 62.76562 63.10000 63.10640 63.33460 63.40278 63.46966 63.50385 63.54445 63.67009 63.75406 63.87009 63.91089 63.99080 63.99663 64.07169 64.31952 64.31689 64.41315 64.44445 64.45043 64.45812 64.46005 64.48846 64.58418 64.69380 64.72223 64.74915 64.75469 64.74188 64.71668 64.75629 64.81263 64.87434 64.97938 64.98814 64.95663 64.80963 64.74572 64.68846 64.58254 64.95812 65.02522 65.14466 65.27905 65.44102 65.50342 65.52478 65.50708 65.60758 65.62949 65.51069 65.44800 65.38686 65.34991 65.45683 65.63975 65.68206 65.68906 65.74443 65.87735 65.91282 65.91815 65.90640 65.99700 66.13460 66.22522 66.25171 66.17500 66.13931 66.02329 65.97565 65.88378 65.95985 66.00255 66.04272 66.19871 66.26668 66.49186 66.60212 66.67009 66.74103 66.77222 66.93398 67.01838 67.29231 67.38846 67.50343 67.53195 67.44231 67.17329 67.21154 67.29915 67.43889 67.56026 67.64486 67.80002 67.84231 67.88889 67.95340 68.03077 68.11452 68.11911 68.09385 68.05534 67.99455 67.95426 67.92992 67.94049 68.08162 68.20982 68.17192 68.23480 68.55002 68.59509 68.62478 68.55472 68.49700 68.42840 68.38412 68.30971 68.26248 68.28677 68.39018 68.60642 68.67246 68.75814 68.76583 68.75908 68.69674 68.65812 68.63737 68.62051 68.61689 68.61662 68.59488 68.59658 68.61452 68.63588 68.65491 68.68140 68.70512 68.77651 68.90938 69.13846 69.26495 69.36152 69.43975 69.40725 69.43762 69.49231 69.61195 69.65726 69.76625 69.88505 69.92182 69.97563 70.07798 70.13888 70.18991 70.23494 70.25385 70.25117 70.17520 70.13483 70.09617 70.06303 70.26280 70.36260 70.45298 70.72049 70.75234 70.86538 70.93952 71.03931 71.09509 71.17265 71.27777 71.33548 71.41035 71.41805 71.48205 71.58931 71.64915 71.68077 71.69529 71.73163 71.76582 71.96537 72.15342 72.19743 72.33269 72.36517 72.41068 72.56622 72.61111 72.66238 72.69102 72.85449 72.87735 72.87865 72.85983 72.80674 72.83972 72.86645 72.87908 72.85895 72.82457 72.74445 72.69272 72.65554 72.61923 72.60088 72.56042 72.57265 72.53492 72.53205 72.54788 72.56154 72.70086 72.73120 72.86689 72.88805 72.93066 72.91754 72.86537 72.74626 72.78269 73.16411 73.19358 73.21923 73.24838 73.22306 73.16582 73.12948 73.02349 73.00385 72.89831 72.94806 72.93718 72.85212 72.83805 72.94274 72.96688 73.00769 73.01785 73.14445 73.19317 73.23632 73.26326 73.37009 73.39829 73.60171 73.61409 73.59358 73.55086 73.69188 73.81965 73.77009 73.72349 73.72308 73.74315 73.81018 73.92502 73.96912 73.97597 74.01366 74.17549 73.96495 73.97120 73.91500 73.89338 74.02828 74.09060 74.12777 74.13675 74.15322 74.18375 74.25140 74.34660 74.43334 74.52522 74.76582 74.80492 74.86014 74.88054 75.11965 75.16174 75.19017 75.21889 75.31923 75.39871 75.45469 75.51100 75.49402 75.41968 75.37948 75.24358 75.21743 75.17598 75.11154 75.15895 75.22565 75.24914 75.31283 75.64955 75.87351 75.91966 76.04005 76.09232 76.13706 76.14900 76.17097 76.22532 76.28415 76.31154 76.27778 76.27522 76.34446 76.40085 76.44317 76.44105 76.44168 76.52946 76.62886 76.71366 76.77734 76.81923 76.84488 76.85171 76.86891 76.87885 76.86871 76.84358 76.79614 76.76112 76.69082 76.59229 76.44297 76.38537 76.37534 76.35088 76.32991 76.31195 76.25769 76.24317 76.21400 76.17394 76.03588 75.81709 75.75811 75.65683 75.62522 75.67223 75.76698 75.77683 75.73792 75.71925 75.76100 75.88526 75.90877 75.99509 76.02360 76.02415 76.01280 75.99189 75.97394 75.96668 75.96880 75.98889 75.99872 76.01068 76.05940 76.14188 76.23591 76.23671 76.20895 76.19229 76.15898 76.09702 76.05940 76.04145 76.02948 76.02009 76.01409 76.00685 76.00342 76.00342 76.00342 76.00468 76.06175 76.09974 76.07309 76.05234 76.01966 75.94082 75.87511 75.84231 75.64657 75.43675 75.36323 75.13975 75.09958 75.00300 74.99188 74.94274 74.91666 74.87734 74.82905 74.79058 74.78332 74.78034 74.78354 74.74998 74.68760 74.70131 74.71497 74.65726 74.60409 74.62266 74.63494 74.62629 74.59977 74.56346 74.61325 74.65598 74.67754 74.73932 74.75403 74.71440 74.63318 74.70138 74.75609 74.76294 74.79071 74.94734 74.97083 74.93249 74.95769 75.06965 74.99683 74.94754 74.87842 74.91923 74.95534 75.01269 75.12938 75.17394 75.18932 75.19703 75.29914 75.41891 75.48526 75.60812 75.63782 75.54929 75.54432 75.57052 75.65298 75.69062 75.66195 75.81431 75.88878 75.83023 75.78409 75.74400 75.71795 75.66731 75.65000 75.64251 75.68163 75.69531 75.74689 75.82905 75.87291 75.88506 75.88548 75.91752 75.93591 75.93374 75.95172 76.03931 76.10257 76.20769 76.24232 76.26229 76.18142 76.10685 76.06923 75.87691 75.89338 75.98248 76.09702 76.25862 76.29360 76.41889 76.58034 76.85085 76.94188 77.05043 77.07649 77.11078 77.10402 77.06125 76.99980 76.97051 77.01134 77.08397 77.11017 77.08665 77.10158 77.14255 77.20643 77.23889 77.33440 77.51966 77.49552 77.53462 77.58248 77.65663 77.70086 77.77651 77.86409 77.88966 77.93175 78.00449 78.10298 78.14486 78.14657 78.11572 78.06829 78.02692 78.00834 78.00663 78.01603 78.04402 78.11368 78.15434 78.09648 78.05618 78.04752 78.15932 78.20897 78.23289 78.24978 78.49103 78.55769 78.58805 78.64403 78.67500 78.72692 79.07608 79.10448 79.11966 79.20298 79.32737 79.63483 79.76325 79.84400 79.89272 79.96005 80.03675 80.07232 80.08271 80.08463 80.08035 80.07563 80.06826 80.11188 80.12202 80.11923 80.10086 80.11902 80.17820 80.18131 80.20043 80.21197 80.25383 80.37349 80.45343 80.48889 80.51623 80.55897 80.59295 80.65597 80.83803 80.89038 80.95118 80.95532 80.94505 80.90855 80.88548 80.87865 80.94082 81.02928 80.99965 81.02477 81.06218 81.11837 81.26838 81.34874 81.39348 81.90778 82.02575 82.06005 82.07137 82.11368 82.30672 82.33634 82.44402 82.48762 82.54883 82.62694 82.65875 82.59594 82.53654 82.56346 82.57915 82.43795 82.37969 82.36569 82.40931 82.41174 82.37912 82.32394 82.26282 82.10182 82.00428 81.94038 81.91835 81.87863 81.82100 81.78355 81.70769 81.64338 81.59229 81.43360 81.57478 81.74274 81.79068 81.83800 81.90554 81.95834 82.07051 82.14766 82.20685 82.22628 82.19531 82.05400 82.20983 82.32692 82.35555 82.30311 81.79614 81.50298 81.46217 81.62672 81.67243 82.07309 82.15171 82.12906 82.10471 82.13098 82.17202 82.28375 82.20962 82.20445 82.27306 82.31368 82.36625 82.84743 82.87200 83.01368 83.07351 83.10832 83.24058 83.29231 83.32565 83.35854 83.40086 83.47575 83.50642 83.50642 83.46282 83.41026 83.34657 83.30642 83.16411 83.12200 83.09317 83.08377 83.09455 83.08634 83.03269 82.91815 82.86826 82.90834 83.00808 83.01282 82.99531 82.98420 82.99531 83.04337 83.03611 82.99829 82.95768 82.80812 82.61272 82.66538 82.64742 82.49254 82.47265 82.43055 82.35343 82.26195 82.22500 82.05814 81.95460 81.94782 81.91717 81.90725 81.91152 81.92908 81.99295 81.97094 81.95748 81.98429 82.01358 82.06186 82.27905 82.31497 82.50557 82.51112 82.50642 82.56282 82.71412 82.74743 82.96774 82.96014 82.93514 82.84497 82.79445 82.73440 82.76977 82.86175 83.01115 83.02705 83.06975 83.15472 83.18994 83.14942 83.08100 83.11378 83.17085 83.30352 83.39515 83.39017 83.25642 83.20554 83.15900 83.09702 83.02349 83.01709 83.03232 83.01175 83.04680 83.05723 83.12318 83.18932 83.23142 83.21655 83.21132 83.17192 83.16415 83.15534 83.12486 83.11411 83.11452 83.12822 83.16106 83.21325 83.25855 83.25737 83.26283 83.27694 83.28632 83.36668 83.43332 83.44892 83.45962 83.47906 83.49445 83.53717 83.56412 83.59872 83.63546 83.70802 83.70918 83.75854 83.79594 83.76411 83.72991 83.63718 83.60128 83.53846 83.51988 83.40726 83.37052 83.34186 83.31668 83.30855 83.30511 83.25169 83.13397 83.09648 83.05555 82.98889 82.82948 82.77651 82.71454 82.68440 82.59328 82.58760 82.62522 82.56665 82.34231 82.33898 82.19145 82.08482 81.97437 81.74625 81.49658 81.31366 81.18120 81.17138 81.55342 81.57820 81.68665 81.71158 81.86888 82.03334 82.07095 82.10554 82.13291 82.13248 82.13366 82.21923 82.40555 82.47734 82.62852 82.66505 82.63077 82.49660 82.39595 82.36068 82.24145 82.17606 82.14445 82.04531 82.02651 82.18632 82.33922 82.37734 82.38718 82.49771 82.45620 82.51495 82.63163 82.67518 82.70855 82.71283 82.69958 82.62969 82.42863 82.27905 82.24788 82.20898 82.18974 82.16966 82.13075 82.09829 82.05577 81.96880 81.77158 81.68782 81.65642 81.61860 81.56005 81.50640 81.36817 81.33863 81.45460 81.64317 81.67543 81.71386 81.79317 81.99615 82.34017 82.50814 82.53291 82.55768 82.63762 82.72586 82.70214 82.64380 82.53932 82.45383 82.30598 82.16774 82.01625 81.77606 81.72778 81.64231 81.50257 81.43269 81.28258 81.19360 81.15948 81.04614 81.03631 81.07009 81.15555 81.33163 81.39102 81.47351 81.48120 81.46111 81.44355 81.45631 81.51260 81.50512 81.50342 81.50854 81.52905 81.49328 81.43931 81.40385 81.26068 81.17757 81.15685 81.13354 81.16348 81.23574 81.42263 81.47008 81.58440 81.66795 81.73740 81.93954 81.99680 82.03932 82.07094 82.10771 82.14425 82.18162 82.21497 82.23291 82.55600 82.59638 82.58846 82.56366 82.54188 82.49168 82.47522 82.50598 82.38652 82.33546 82.16238 82.07778 82.05620 82.03206 82.05214 82.05022 82.05277 82.09700 82.18588 82.39114 82.45192 82.49451 82.45940 82.39702 82.34103 82.32009 82.29998 82.29017 82.25000 82.27135 82.37852 82.47094 82.42843 82.39851 82.34111 82.27777 82.18034 82.13766 82.18972 82.23163 82.29015 82.32394 82.34875 82.40222 82.43631 82.47906 82.48162 82.46922 82.44977 82.41945 82.38203 82.33846 82.41880 82.53548 82.52349 82.68160 82.73034 82.72457 82.74957 82.78783 82.93802 82.97949 82.90460 82.94648 83.16795 83.33023 83.30555 83.11109 82.92949 82.81795 82.67669 82.73717 82.85940 82.96545 82.83674 82.78163 82.73846 82.70449 82.66729 82.62025 82.55555 82.54229 82.52651 82.52329 82.52865 82.58931 82.62094 82.73129 82.85854 82.91625 82.87351 82.83697 82.79062 82.75769 82.74594 82.68434 82.61528 82.56622 82.55052 82.58323 82.76195 82.78292 82.97243 83.02651 83.07360 83.10877 83.13697 83.13418 83.11463 83.07286 83.03312 82.99702 82.91731 82.87442 82.80342 82.66878 82.63846 82.66932 82.73129 82.74743 82.78889 82.82083 82.79231 82.75640 82.69700 82.61923 82.58163 82.70385 82.73503 82.73723 82.82905 82.94188 83.01923 83.04317 83.31331 83.23674 83.21197 83.30298 83.25812 83.26380 83.30492 83.35277 83.38418 83.42394 83.45385 83.54895 83.58420 83.62455 83.62135 83.59615 83.54274 83.41325 83.26966 83.20469 83.18375 83.14402 83.06431 83.05160 83.07263 83.13718 83.27991 83.30598 83.31923 83.32051 83.37865 83.50683 83.53677 83.55748 83.59978 83.69765 83.67852 83.73846 83.84102 83.86005 83.98122 84.00042 84.04609 84.04829 84.06795 84.10854 84.33303 84.37778 84.46923 84.49314 84.48791 84.49320 84.51491 84.52234 84.52117 84.50262 84.52822 84.54680 84.55265 84.54817 84.55428 84.55620 84.51709 84.39935 84.35343 84.30640 84.40000 84.32565 84.15045 84.01688 83.99157 84.01165 84.00705 83.94980 83.80428 83.73514 83.68548 83.70983 83.90855 83.96700 83.98505 84.05983 84.13932 84.27435 84.34275 84.40234 84.42095 84.44358 84.52309 84.55555 84.57151 84.51454 84.45985 84.40375 84.31368 84.17051 84.08503 84.04872 83.99914 83.96260 83.91880 83.75812 83.78035 83.80469 83.97585 84.03334 84.13675 84.36238 84.48246 84.55255 84.73248 84.77703 84.79594 84.78098 84.75726 84.72137 84.69466 84.68097 84.67009 84.69958 84.75640 84.80555 84.85108 84.89103 84.98589 85.05982 85.15169 85.23080 85.21303 85.15368 85.30128 85.36068 85.35011 85.50706 85.49423 85.46566 85.44217 85.47526 85.50389 85.54882 85.57451 85.52991 85.66237 85.82905 85.87435 85.92105 85.91335 85.87928 85.89060 85.99872 86.04369 86.08377 86.08546 86.07392 86.05128 86.02626 86.01806 86.12135 86.22734 86.22094 86.16052 86.02478 85.84615 85.77823 85.74925 85.75512 85.76537 85.84723 85.94786 85.98675 85.98878 85.96957 86.02092 86.12157 86.26411 86.30126 86.30214 86.30102 86.28760 86.27991 86.25214 86.21526 86.17523 86.22880 86.34168 86.34872 86.35983 86.35897 86.34937 86.33289 86.32049 86.30298 86.27180 86.25514 86.42649 86.48972 86.54060 86.60234 86.65045 86.69840 86.69922 86.83165 86.96625 87.02522 87.10897 87.19572 87.26666 87.41880 87.46068 87.53291 87.62865 87.79018 87.83632 87.86100 87.97177 88.25211 88.29700 88.35682 88.41326 88.63332 88.83868 88.86858 88.94874 89.29317 89.41752 89.46802 89.52565 89.56582 89.64145 89.73591 89.86197 89.90212 89.94572 89.98205 90.03889 90.11069 90.12029 90.13248 90.17009 90.29563 90.35171 90.40812 90.40532 90.43675 90.59254 90.56068 90.52842 90.46771 90.46368 90.45192 90.44957 90.45811 90.47951 90.55020 90.57223 90.66838 90.88248 91.05555 91.19060 91.33205 91.30600 91.29402 91.30983 91.56058 91.63163 91.66391 91.75685 91.95043 92.02245 92.17051 92.23505 92.28034 92.32642 92.40706 92.41795 92.41966 92.40812 92.36986 92.34274 92.31837 92.29614 92.25642 92.19358 92.13506 92.08591 91.95983 91.93228 92.01965 92.04211 92.10086 92.14315 92.32522 92.32157 92.27798 92.17649 92.13548 92.08248 92.04274 91.99272 91.85598 91.79552 91.61240 91.49717 91.49635 91.50555 91.48611 91.42520 91.39285 91.31528 91.25812 91.30502 91.20363 91.14292 91.00171 90.97255 90.83482 90.70843 90.70022 90.94145 90.97192 91.10897 91.34018 91.41260 91.35726 91.31835 91.28525 91.28858 91.15888 91.06774 91.06518 91.05706 91.06028 91.09188 91.13974 91.20086 91.22383 91.17294 91.19477 91.24006 91.27511 91.38205 91.42820 91.40962 91.43140 91.46282 91.51688 91.56603 91.61305 91.70212 91.76326 91.77563 91.86046 92.01251 92.00523 91.97502 91.91878 91.95214 91.98717 92.04231 92.10771 92.16623 92.32062 92.42735 92.52777 92.53589 92.56709 92.61440 92.59582 92.58685 92.56860 92.51071 92.50235 92.65908 92.64711 92.64320 92.68920 92.73954 92.76925 92.78043 92.74268 92.80146 92.82394 92.85683 92.89643 92.88206 92.85789 92.84431 92.94305 92.93628 92.94014 93.03291 92.99008 92.99838 92.99452 93.01428 93.07628 93.09702 93.14017 93.27694 93.38762 93.46409 93.53975 93.74529 93.76892 93.72051 93.71752 93.81152 93.87563 93.99658 94.07734 94.13702 94.15866 94.25909 94.22906 94.16325 94.13354 94.43718 94.53974 94.52437 94.60895 94.67200 94.80172 94.82423 94.89054 94.96922 95.21858 95.23878 95.29312 95.37051 95.42522 95.48248 95.59229 95.73034 95.79103 95.82906 96.05706 96.05940 96.05385 96.08302 96.14849 96.28334 96.51729 96.63077 96.92777 96.96794 96.94915 96.83403 96.80786 96.78217 96.73555 96.64829 96.62762 96.72806 96.80762 96.87009 96.76154 96.67266 96.60532 96.60532" yc="71.95154 71.98251 71.99997 71.94320 71.87120 71.85791 71.98966 72.04286 72.18014 72.23966 72.38014 72.84520 72.92854 73.10137 73.18174 73.16666 73.14683 73.17617 73.23451 73.41663 73.51823 73.67063 73.96666 74.16429 75.09523 76.53649 76.91823 77.34283 77.43014 77.46983 77.62457 77.68706 78.09363 78.11903 78.14840 78.18609 78.17657 78.14046 77.97063 77.80789 77.78489 77.73969 77.68289 77.76820 77.87300 77.94840 77.98223 78.00591 78.12020 78.23014 78.29463 78.37437 78.45474 78.47969 78.28649 77.95237 77.30077 77.13411 76.74917 76.33094 76.28011 75.96426 75.74283 75.64283 75.58251 75.51823 75.47874 75.41031 75.24680 75.08331 74.86586 74.51109 74.22851 74.20949 74.17260 74.02597 73.65157 73.46266 73.35077 73.31663 73.22220 73.06269 72.93809 72.84920 72.79363 72.75314 72.11723 72.36189 72.30774 72.15077 72.15951 72.18889 72.21863 72.27537 72.29640 72.27697 72.14286 72.04114 71.79363 71.72223 71.65137 71.56983 71.48729 71.48569 71.48331 71.48411 71.48220 71.47854 71.47774 71.48809 71.48094 71.46177 71.45549 71.45880 71.44760 71.42857 71.40634 71.44777 71.43491 71.45394 71.48131 71.47617 71.38171 71.13889 71.02063 70.97694 70.81666 70.54680 70.49680 70.37537 70.25154 70.13254 69.98837 69.96306 69.92140 69.83011 69.76823 69.70871 69.67143 69.61189 69.59163 69.58094 69.57537 69.55194 69.00283 68.91743 68.86306 68.52300 68.38331 68.33091 67.91029 67.52380 67.52697 67.53331 67.53886 67.54046 67.54123 67.54123 67.53809 67.53571 67.51266 67.29680 67.20551 67.13649 67.04440 66.80711 66.51257 66.49240 66.45594 66.18011 66.11583 65.95871 65.74206 65.66346 65.59917 65.58291 65.53211 65.46129 65.43409 65.33131 65.23886 65.19997 65.05474 65.02063 64.86426 64.57346 64.35629 64.34363 63.99483 63.79760 63.79034 63.65474 63.49997 63.27140 63.00791 62.74363 62.21269 62.18251 61.93014 61.93171 61.94840 61.95394 62.47814 62.70343 62.77297 62.88094 62.98886 63.43251 63.48809 63.55951 63.61506 63.71246 63.77009 63.77023 63.80554 63.82614 63.84203 63.87857 63.99126 64.05154 64.12260 64.23809 64.30951 64.41514 64.42454 64.44500 64.46783 64.56980 64.65037 64.91186 65.03094 65.13251 65.21823 65.43251 65.76754 65.85474 66.31586 66.70394 66.83251 67.29443 67.38649 68.43491 69.88806 71.09363 72.44523 72.56029 72.60551 72.97697 73.10077 73.17934 73.38094 73.67143 73.79206 74.05157 74.17617 74.31983 74.40040 74.57697 74.61189 74.63171 74.64600 74.64443 74.55606 74.48731 74.48709 74.86586 74.91506 74.97220 75.41189 75.49997 75.55791 75.61626 75.73451 75.79840 75.84760 75.73889 75.71903 75.66783 75.60057 75.60060 75.60077 75.61826 76.15157 76.25631 76.42380 76.59126 76.65474 76.87377 76.93886 77.46189 77.59203 77.91666 78.03489 78.23966 78.28251 78.76349 78.88094 79.24206 79.60077 79.75869 79.87380 80.69760 80.89203 80.75474 80.73017 80.39760 79.98014 79.94206 80.00951 80.00906 80.00643 80.00980 80.03391 80.08451 80.03334 80.00237 79.97320 80.07220 80.19920 80.30414 80.34700 80.32300 80.26506 80.29643 80.58417 80.64877 80.67857 80.67617 80.65314 80.61346 80.44283 80.41189 80.32857 80.23886 80.20751 80.19840 80.19443 80.16823 80.11746 80.16506 80.26586 80.28097 80.41346 80.54680 80.55631 80.58251 80.65869 80.68723 80.74643 80.80277 80.86980 80.98669 81.02063 81.01903 80.99126 80.95711 80.85534 80.77140 80.71103 80.66903 80.66209 80.89046 81.12617 81.26106 81.38649 81.54680 81.77894 81.83014 81.79760 81.73886 81.66951 81.57637 81.53889 81.47183 81.46826 81.47737 81.51960 81.67497 81.76109 81.79603 81.80077 81.82300 81.83174 81.83649 81.88857 81.98826 82.02060 82.03094 82.00551 81.98569 81.99126 82.00551 82.06980 82.11743 82.22497 82.27657 82.45143 82.57854 82.66626 82.78489 82.84840 82.93886 83.07300 83.30711 83.39046 83.73014 83.88154 83.88849 83.87857 83.87857 83.88454 83.90000 83.91903 83.93331 83.90394 83.80951 83.35237 82.85554 82.85709 82.85634 82.85554 82.85554 82.85714 82.85794 82.85794 82.85554 82.85714 82.85554 82.85714 82.85714 82.85634 82.85714 82.85794 82.85369 82.85554 82.85714 82.85554 82.85794 82.85554 82.85554 82.85554 82.85714 82.85794 82.85554 82.85554 82.85786 82.85634 82.85554 82.85554 82.85554 82.85714 82.85554 82.85554 82.85554 82.85554 82.85554 82.85554 82.85554 82.85714 82.85714 82.85554 82.85554 82.85554 82.85554 82.85554 82.85554 82.85554 82.85554 82.85554 82.85554 82.85554 82.85634 82.85886 82.85554 82.85554 82.85714 82.85714 82.85714 82.85714 82.85554 82.85554 82.85554 82.85554 82.85554 82.85714 82.85714 82.85714 82.85714 82.85714 82.85714 82.85714 82.85554 82.85554 82.85554 82.85554 82.85886 82.85554 82.85554 82.85714 82.85714 82.85554 82.85554 82.85554 82.85714 82.85714 82.85714 82.85554 82.85554 82.85634 82.85634 82.86609 82.85634 82.85554 82.85714 82.85714 82.85714 82.85714 82.85554 82.85554 82.85554 82.85554 82.85554 82.85554 82.85554 82.85554 82.85554 82.85554 82.85554 82.85554 82.85554 82.85634 82.85714 82.85714 82.85714 82.85714 82.85714 82.85554 82.83966 82.74957 82.75434 82.69403 82.27300 82.18411 82.15077 82.20594 82.21466 82.17577 82.12814 81.68689 81.29343 81.29443 81.33529 81.38529 81.46071 81.41369 81.19520 81.15631 81.15194 81.17497 81.21654 80.88411 80.81349 80.68051 80.70594 80.72894 80.72857 80.71546 80.67437 80.58609 80.52257 80.36883 80.32857 80.34203 80.38171 80.48549 80.64440 80.60980 80.21191 79.88054 79.52100 79.06349 78.81823 78.70474 78.52934 78.29877 78.20511 78.04203 77.99366 77.93091 77.78409 77.69680 77.63649 77.57694 77.48649 77.66426 77.64283 77.58986 77.32617 77.33254 77.52854 77.49760 77.46823 77.58846 77.62774 77.65851 77.73054 77.85906 77.95571 78.00000 78.03760 78.19363 78.27220 78.20591 78.05851 77.97783 77.91586 77.77894 77.71903 77.68371 77.74837 77.86466 77.97360 78.15871 78.34443 78.26980 78.13966 78.06217 77.93926 77.96586 78.57300 78.83766 78.79609 78.74760 78.70197 78.96923 79.02457 78.96703 78.91306 78.88126 78.97254 79.16189 79.26349 79.32497 79.77734 79.82297 79.27934 79.20474 79.01900 78.95514 78.87974 78.70077 78.40871 78.28809 78.22854 78.25791 78.31426 78.36029 78.41506 78.42089 78.32854 78.29677 78.19563 78.16109 78.16983 78.20471 78.48411 78.77063 78.86586 78.91029 79.02457 79.07854 79.15354 79.28969 79.38014 79.44600 79.51823 79.60077 79.52143 79.46346 79.33014 79.32300 79.59126 79.75951 79.96366 80.02937 80.25791 80.31566 80.36526 80.43986 80.45154 80.41706 80.38849 80.32083 80.32380 80.54560 80.51269 80.45474 80.40671 80.36980 80.36743 80.37697 80.42380 80.48809 80.47620 80.47297 80.47377 80.49126 80.50237 80.53966 80.55157 80.60494 80.66306 80.71826 80.78809 80.81109 80.90394 80.97777 81.06346 81.08489 81.14283 81.13449 81.06069 80.72063 80.52694 80.36109 80.18329 80.11386 79.99126 79.92377 79.78571 79.67180 79.66586 79.63211 79.57777 79.49800 79.22694 79.04920 78.67380 78.38014 78.20891 78.11980 78.03986 77.94123 77.77537 77.40314 77.31663 77.23729 77.16509 77.07614 76.98966 76.97617 77.07317 77.14683 77.26306 77.31289 77.33214 77.32020 77.27774 77.21109 77.14543 77.11029 77.11666 77.07654 77.00949 76.96426 76.95077 76.81746 76.74680 76.42637 76.38729 76.35154 76.40057 76.44246 76.41903 76.24463 76.22220 76.27854 76.32637 76.24960 76.10474 76.05514 76.01666 75.89760 75.80711 75.55157 75.40851 75.41089 75.71089 75.83491 75.92677 76.16069 76.16189 76.07180 75.45631 75.21031 75.04483 75.03014 75.06506 75.12537 75.14440 75.12063 75.07537 75.06466 75.07100 75.08966 75.10631 75.11269 75.10554 75.06486 74.97617 74.92220 74.79243 74.77577 74.84340 74.74520 74.70237 74.69957 74.75114 74.78571 74.81863 74.88191 74.98986 75.00037 74.97100 74.92814 74.86426 74.82297 74.82934 74.89840 74.80314 74.66663 74.55869 74.47340 74.37260 74.27874 73.98491 73.73171 73.61666 73.51980 73.45474 73.35631 73.11983 73.06457 72.93994 72.91597 72.74600 72.04440 71.94243 71.36506 71.28331 71.10554 70.96266 70.82857 70.76983 70.68331 70.35831 70.27814 70.06466 69.00474 68.34523 67.98251 67.87063 67.78649 67.64123 67.53251 67.41903 67.32220 66.96980 66.88409 66.85869 66.86623 66.90189 66.96711 67.01743 66.77626 66.79480 66.83529 66.84523 66.72886 66.62577 66.54046 66.46983 66.25394 65.83054 65.61346 65.54760 65.49997 65.44483 65.33171 65.22460 64.99443 64.84243 64.80751 64.76029 64.65391 64.44063 64.33431 64.23966 63.92774 63.76029 63.55157 63.33729 63.21426 63.15991 63.06586 63.01666 62.91109 62.85560 62.84046 62.71346 62.48411 62.42300 62.34283 62.15474 61.95157 61.47220 61.32337 61.22220 61.12697 60.98329 60.71386 60.44997 60.16429 60.11011 59.97697 59.46269 59.27297 59.27537 59.21249 59.12777 58.80477 58.66349 58.42200 58.32934 58.10354 58.03409 57.92131 57.82300 57.64046 57.56546 57.47517 57.40474 56.99917 56.76900 56.54760 56.31346 55.87140 55.76903 55.70434 55.38806 55.29523 55.02697 54.79443 54.63411 54.35871 54.29880 54.20314 54.08689 53.88809 53.70314 53.52577 53.21269 53.06823 52.97380 52.92217 52.83411 52.77974 52.75077 52.24363 51.79283 51.69997 51.66269 51.73649 51.89283 51.59440 51.58171 51.58411 51.48649 51.43234 51.17300 50.94583 50.95277 51.09483 51.16269 51.24760 51.77020 51.84997 51.87300 51.81746 51.79123 51.74283 51.60394 51.73937 51.85174 51.70631 51.61743 51.66043 51.56420 51.61849 51.70454 51.75911 51.74403 51.58569 51.46546 51.56823 51.72757 51.65426 51.56749 51.48031 51.53331 51.55157 51.58331 51.61583 51.61743 51.52931 51.56409 51.61189 51.40237 51.31189 50.93251 50.76189 50.61346 50.55631 50.46349 50.37774 50.29363 50.02934 49.94123 49.91820 49.87974 49.88371 50.33094 50.44123 50.53609 50.66189 50.81983 50.89660 50.88589 50.82837 50.72063 50.25711 50.18886 50.08569 50.03491 50.01249 49.95514 49.64126 49.51189 49.39920 49.29103 49.20077 49.14283 48.62180 48.55951 48.46386 48.44046 48.44243 48.48329 48.51526 48.49283 48.43054 48.24006 48.03569 47.88331 47.62260 47.56706 47.50594 47.47180 47.48529 47.54640 47.41306 47.19443 47.04957 46.95391 46.83969 46.69403 46.61526 46.40314 46.36983 46.23729 45.70791 45.65551 45.50871 45.41229 45.22617 45.12580 45.04603 44.85751 44.71189 44.35711 44.22617 44.18846 44.13963 43.87220 43.73569 43.65711 43.59206 43.51089 43.45711 43.32754 43.37300 43.34600 43.25554 43.14303 42.91029 42.55714 42.45951 42.03091 41.97220 41.91269 41.83174 41.78171 41.66983 41.59600 41.60631 41.60554 41.51566 41.45591 41.30197 41.30314 41.33094 41.35314 41.36783 41.33689 41.21826 41.21346 41.21031 41.20157 41.18329 41.06663 41.02143 40.81003 40.63846 40.47120 40.38889 40.32537 40.19286 40.17774 40.15871 40.08729 40.09483 40.11349 40.13171 40.14126 40.15911 40.13689 40.08886 39.96506 39.90791 39.82617 39.77500 39.54563 39.45157 39.37657 39.28529 39.20234 39.18886 39.20949 39.30791 39.38334 39.33331 39.30554 39.25634 39.16983 39.12577 39.03569 38.98726 38.95077 38.91583 38.87617 38.85871 38.84483 38.68411 38.48726 38.40789 38.12063 38.07854 37.84046 37.54760 37.49840 37.44363 37.07734 36.82777 36.77511 36.74520 36.65489 36.48691 36.31029 36.25263 36.16326 36.17866 36.24183 36.33031 36.36486 36.23031 36.12140 36.06089 36.05314 36.21411 36.27883 36.27731 36.23723 36.16940 35.90237 35.81523 35.81903 35.86346 35.91029 35.95714 36.01649 36.09126 36.15634 36.19920 36.24126 36.27711 36.30814 36.33631 36.33846 36.31743 36.24366 35.87937 35.73426 35.71571 35.53454 35.32843 35.08494 34.90943 34.76449 34.46023 34.20306 34.03831 33.70963 33.53014 33.21031 32.72620 32.38014 32.37934 32.37934 32.37934 32.38094 32.37963 32.37886 32.37886 32.37894 32.38049 32.37934 32.38014 32.47540 32.66666 32.95080 33.14126 33.42697 33.66666 33.66823 33.66586 33.66823 33.66666 33.66823 33.66666 33.66823 33.66666 33.66823 33.66666 33.66823 33.66666 33.66823 33.66666 33.66746 33.66300 33.65929 33.59166 33.57220 33.57617 33.58294 33.56429 33.39246 33.25000 33.13571 33.02657 32.77777 32.66269 32.57857 32.55794 32.48491 32.23571 32.19760 32.15554 32.02340 31.93789 31.84046 31.66151 31.59403 31.41826 31.27540 31.04523 30.84920 30.87063 30.79603 30.71349 30.55477 30.37777 30.30754 30.18929 30.07143 29.90397 29.67460 29.48014 29.23809 29.10714 29.05077 28.87263 28.73969 28.58571 28.40277 27.63689 27.41666 27.34126 27.21429 27.23114 27.21706 27.16666 27.12697 27.03134 26.92223 26.72934 26.69286 26.65951 26.63174 26.58809 26.53094 26.28331 26.07460 25.96826 25.92300 25.81826 25.78174 25.70674 25.70434 25.66863 25.98334 26.23729 26.44049 26.72063 27.06880 27.83649 27.90794 27.94763 28.14446 28.25137 28.19403 28.13491 28.03014 28.00794 27.99483 27.99563 28.01666 28.01746 28.01349 27.99049 27.96826 27.93729 27.90397 27.91746 27.92063 27.92223 27.69277 27.60157 27.47223 27.25794 27.11626 27.09166 27.03286 26.96506 26.71429 26.45357 26.02580 25.70237 25.59603 25.52380 25.41349 25.32460 25.20794 24.93060 24.86906 24.78809 24.64683 24.48889 24.33809 24.27063 24.07260 24.00117 23.65871 23.55080 23.42143 23.33054 23.30177 23.18969 22.81349 22.74763 22.58254 22.44443 22.30040 22.21231 22.20500 22.19046 22.10754 22.07757 22.04206 21.96903 21.91126 21.87697 21.83254 21.83214 21.71449 21.62300 21.36191 20.73729 20.13411 19.62817 19.59980 19.51666 19.43889 19.18411 18.64840 18.38571 18.30237 18.26111 18.13969 18.04126 17.97063 17.87617 17.87460 17.78094 17.69049 17.58174 17.45477 17.42220 17.32143 17.25397 17.27937 17.31031 17.32460 17.30871 17.25157 17.22697 17.15714 17.00317 16.85237 16.69523 16.68531 16.74186 16.83729 16.91429 16.97460 17.04920 17.04694 17.08491 17.19206 17.25794 17.34326 17.22203 17.12140 17.09126 17.49363 17.60394 17.75237 17.84603 18.18611 18.19840 18.31983 18.70157 19.25554 19.40080 19.44860 19.47677 19.54880 19.94800 20.01566 20.08809 20.36586 20.74940 20.73649 20.67220 20.72143 20.79049 20.90566 21.13014 21.28491 21.23491 21.10157 21.05966 20.98514 21.07777 20.87500 20.93511 21.12934 21.87457 22.04443 22.23809 22.35951 22.46803 22.50871 22.43571 22.34543 22.34800 22.94763 23.08174 23.11903 23.05634 22.93729 22.97143 23.02934 23.05297 23.31943 23.38966 23.24523 23.20317 23.22023 23.25791 23.54680 23.85417 23.96586 24.02817 24.20434 24.10794 23.99343 23.91426 23.81169 23.75774 23.78334 24.11923 24.31269 24.47697 24.81586 24.89126 24.91209 24.85017 24.78331 24.70791 24.62697 24.56943 24.57537 24.63431 24.67280 24.93111 25.02937 24.96054 24.81469 24.84423 24.64940 24.57934 24.58074 24.51983 24.57737 24.60634 24.63649 24.66983 24.70000 24.71726 24.66389 24.58254 24.54840 24.52697 24.49680 24.39523 24.31369 24.25177 24.31589 24.34840 24.45000 24.45951 24.49603 24.54363 24.56706 24.58174 24.60077 24.63251 24.67220 24.70951 24.83569 24.80237 24.76626 24.71506 24.68571 24.64663 24.81834 24.96269 24.96371 24.96609 25.01586 25.41746 25.46506 25.51863 25.86071 26.23411 26.61269 26.67937 26.81506 26.91686 27.33014 27.75731 27.76149 27.70237 27.85474 27.89126 27.95714 27.87657 27.74603 27.58094 27.52500 27.46546 27.33729 27.29366 27.35197 27.31111 27.19009 27.12697 27.04997 26.84920 26.78154 26.76546 26.80197 26.88411 26.94046 26.99166 27.03411 27.22143 27.38331 27.58174 27.64046 27.65474 27.66149 27.63471 27.66180 27.82974 27.90157 27.96091 28.04760 28.52894 28.55474 28.55671 28.50366 28.28689 28.09680 28.08769 28.05017 27.97460 27.84363 27.73946 27.73769 27.79246 27.85714 27.88331 27.89680 27.96189 27.96269 27.95714 27.91269 27.89603 27.82617 27.69523 27.60871 27.55397 27.48769 27.42934 27.35951 27.26349 27.25634 27.25991 27.40000 27.47300 27.68649 27.91111 28.10317 28.08074 27.98729 27.85314 27.82577 27.51566 27.38889 27.26506 27.23491 27.25794 27.04840 26.70674 26.64406 26.46429 26.42697 26.49603 26.55197 26.65654 26.74443 26.64206 26.55794 26.48969 26.44523 26.41229 26.37617 26.36269 26.29206 26.27100 26.26903 26.32320 26.34066 26.18371 26.14523 26.08214 26.02697 26.04523 26.08491 26.16586 26.38094 26.54206 26.64603 26.62143 26.59760 26.45634 26.27777 26.05277 25.97777 25.95000 25.95317 25.97460 26.07537 26.11151 26.23809 26.34720 26.60554 26.92897 27.02737 27.03251 27.04523 27.10871 27.17380 27.27063 27.34246 27.28969 27.10394 26.98254 26.89960 26.74443 26.68331 26.57380 26.43174 26.38174 25.97737 25.96189 26.00474 26.06229 26.15177 26.22300 26.14186 25.95000 25.72460 25.68371 25.64166 25.51746 25.50474 25.52023 25.58174 25.67657 25.76666 25.83491 25.98889 25.82857 26.02974 26.11506 26.21189 26.27537 26.33094 26.68491 26.67063 26.71586 26.86586 27.03569 27.21626 27.52280 27.61826 27.82537 28.09226 28.06109 28.02380 27.97223 27.89286 28.22340 28.71666 28.78460 28.46031 28.28451 28.20971 28.21111 28.22577 28.41566 28.51743 28.59166 28.66546 28.69800 28.69800 28.73729 28.95197 29.04900 28.97923 28.85474 28.67620 28.63491 28.63849 28.74760 28.85117 28.92420 29.00514 29.08174 29.15277 29.64720 29.67697 29.67934 29.61586 29.59680 29.48331 29.43174 29.33254 29.20951 29.09649 29.00931 29.10529 29.09680 29.09800 29.45871 29.48074 29.50594 29.67537 29.76666 29.75157 29.65037 29.58331 29.56111 29.55911 29.61031 29.56666 29.49443 29.47857 29.58969 29.67903 29.72637 29.59980 29.51863 29.48274 29.62023 29.70711 29.91506 30.03611 30.21349 30.57460 30.48669 30.40314 30.26826 30.19840 30.09683 29.98649 29.74206 29.66943 29.60237 29.43729 29.37837 29.32260 29.25017 29.27140 29.28094 29.21566 29.23331 29.24283 29.29126 29.36983 29.59920 29.77300 29.86506 29.94557 29.87520 29.81309 29.53809 29.44820 29.43809 29.36940 29.40157 29.47063 29.48966 29.55843 29.57460 29.80474 29.92043 29.99603 30.05077 30.07617 30.05714 29.91666 29.85714 29.76349 29.73571 29.71666 29.69840 29.62806 29.61109 29.63729 29.65317 29.69523 29.71189 29.76189 29.76903 29.76349 29.75714 29.75714 29.91426 29.98889 29.98809 29.92300 29.78886 29.65454 29.68809 29.66983 29.63571 29.59523 29.51269 29.43889 29.38251 29.27063 29.23489 29.19126 29.13014 29.03649 28.93094 29.03474 29.13951 29.25791 29.26129 29.22180 29.27737 29.39266 29.42063 29.27460 29.11620 28.98854 28.72617 28.72974 28.69009 28.62191 28.64523 28.74443 28.78446 28.86389 28.87037 28.77143 28.66823 28.38174 28.27974 28.04563 27.84046 27.71426 27.67706 27.75394 27.83171 27.97617 28.06031 28.18480 28.03966 27.98214 27.86189 27.74563 27.68889 27.65077 27.64680 27.68254 27.71269 27.77140 27.81029 27.94206 27.98740 27.84920 27.82143 27.86031 27.94643 28.00237 28.13094 28.24840 28.28411 28.32777 28.34563 28.33411 28.29943 28.26963 28.34286 28.40414 28.45157 28.44443 28.45157 28.56309 28.77380 28.84683 28.87340 28.86111 28.85040 28.71586 28.62183 28.52697 28.49740 28.43571 28.30314 28.21626 28.01549 27.90437 27.77894 27.65871 27.62380 27.35951 27.21546 27.18331 27.15794 26.92220 26.49840 26.35554 26.22777 26.24643 26.23651 26.18251 26.15711 25.91586 25.73571 25.41426 25.37183 25.28451 25.21666 25.15446 25.05080 25.00674 24.84680 24.39840 24.10554 23.73014 23.51586 23.05794 22.77060 22.67617 22.56337 22.69066 22.55674 22.45317 22.37934 22.32697 21.94126 21.88014 21.98886 22.06429 22.34820 22.49443 22.52457 22.64463 22.94246 22.65951 22.62697 22.51586 22.34603 22.23054 22.12857 22.09403 21.87617 21.83014 21.58174 21.57223 21.41983 21.32934 21.31903 21.17063 21.11786 20.91349 20.82440 20.25951 20.06269 19.89246 19.81546 19.55554 19.51309 19.37966 19.48254 19.64046 19.82300 19.86426 19.89920 19.56506 19.16506 19.09680 18.72677 18.65491 18.68809 18.85514 18.93729 19.02934 19.16257 18.66746 18.60666 18.57486 18.51951 18.41626 18.14286 17.61586 17.53969 17.42857 17.39126 17.02697 16.89840 16.94443 16.91349 16.71111 16.67340 16.59920 16.53729 15.63174 15.45237 15.37009 15.32971 15.22737 15.20694 15.14046 14.99106 14.91386 14.85971 14.88886 15.08651 15.13920 15.20154 14.97280 14.74403 14.64680 14.61586 14.65077 14.74920 14.75317 14.81983 14.97300 14.98729 14.95423 14.85357 14.90380 14.97697 14.83203 14.81903 14.87974 14.99960 15.19920 15.72123 15.82300 15.83571 15.99820 16.24046 16.40911 16.87300 17.71586 18.23889 18.54997 18.61429 18.72283 18.94960 19.41626 19.61269 19.95911 20.14760 20.39483 20.55317 21.22857 21.53769 21.66666 21.80634 21.91031 21.98729 22.19760 22.24920 22.32160 22.44046 22.95554 23.82143 24.05911 24.71903 25.08849 25.06189 24.94780 24.88034 24.82051 24.67340 24.58391 24.53986 24.59523 24.59603 24.42540 24.29046 24.19680 24.07103 24.00791 23.79443 23.47974 23.31746 23.25000 23.18531 22.98451 22.72777 22.46983 22.49851 22.62380 22.67380 22.76823 22.95357 23.08411 23.17460 23.26349 23.35317 23.41349 23.50314 23.56189 23.64046 23.82617 24.00634 24.09283 24.14094 24.35714 24.44166 24.54446 24.76903 24.90277 24.99203 25.54206 26.15157 26.40871 27.30951 27.48491 27.93331 27.99049 28.29683 28.49683 28.78411 29.11506 29.31746 29.38054 29.59443 29.67143 29.90594 30.02380 30.20871 30.39840 30.54840 30.60989 30.66349 30.72003 30.79406 30.85794 30.99840 31.14483 31.22063 31.26349 31.51151 31.68494 31.67054 31.75277 32.02063 32.01446 31.93606 31.89266 32.06071 32.19197 32.35157 32.44920 32.78491 32.86229 32.83174 33.01369 33.05080 33.04366 33.02889 33.04246 33.18094 33.40751 33.51031 33.69206 33.89126 33.98451 34.20554 34.30366 34.36529 34.40514 34.51269 34.73329 34.72140 34.59880 34.73331 34.90594 35.02537 35.02874 35.09920 35.17300 35.48331 35.60711 35.77140 35.71506 35.60394 35.35057 35.19920 35.22331 35.42063 35.57220 35.49363 35.26569 35.12509 35.01823 35.05157 35.10317 35.19283 35.29126 35.42300 35.64323 35.68906 35.67357 35.71477 35.77974 35.77220 35.75714 35.70960 35.63331 35.65831 35.83094 36.01743 36.05234 36.17854 36.21109 36.27100 36.36494 36.41471 36.46666 36.53689 36.72417 36.72003 36.68231 36.62340 36.54537 36.48777 36.47774 36.50077 36.58331 36.90714 36.96943 37.10434 37.18729 37.23829 37.16903 37.15631 37.16626 37.31129 37.37074 37.42631 37.54603 37.61583 37.67300 37.80729 37.84014 37.90397 37.95474 38.01466 38.08411 38.20949 38.32377 38.37220 38.22060 38.10554 38.04046 37.93983 38.04126 38.25554 38.33051 38.83331 38.96586 39.02140 39.11980 39.16346 39.22934 39.63094 39.65514 39.66191 39.65711 39.70871 39.77100 39.75631 39.72774 39.70000 39.68391 39.83649 39.97834 40.08211 40.18571 40.26109 40.34126 40.42577 40.33589 40.05514 39.97697 39.79126 39.82043 40.09363 40.17617 40.37377 40.43094 40.54837 40.81506 40.97694 41.04443 41.08409 41.13729 41.17777 41.24840 41.44009 41.46983 41.47557 41.60837 41.75029 41.96903 42.03729 42.11980 42.09443 41.82834 41.71711 41.64569 41.59920 41.66980 41.87060 41.98091 41.93549 42.19026 42.27854 42.16517 42.04937 42.02894 42.10334 42.21823 42.42220 42.46923 42.51983 42.67697 42.75037 42.89323 42.92060 42.84643 42.78369 42.68900 42.67209 42.75137 42.82234 42.97934 43.04789 42.88331 42.86983 42.80691 42.71109 42.62457 42.58649 42.64760 42.68409 42.69574 42.72537 42.77020 42.85077 43.28509 43.05157 42.85714 42.83586 42.81597 42.82220 42.86149 42.98094 43.06903 43.18529 43.25117 43.31466 43.33409 43.52457 43.50234 43.63331 43.73689 43.97777 44.24837 44.36269 44.22080 44.17617 44.04283 44.08966 44.16826 44.34997 44.38809 44.43151 44.37697 44.31089 44.24269 44.01189 43.95634 43.92060 43.81983 43.88531 44.06903 44.18886 44.33331 44.50157 44.52777 44.47697 44.47457 44.48969 44.62420 44.83609 45.18431 45.36546 45.48491 45.61426 45.64363 45.47934 45.42220 45.37300 45.18091 45.11743 44.88649 44.72597 44.74403 44.83540 44.83231 44.81246 44.99760 45.12460 45.27697 45.35354 45.49363 45.60631 45.66346 45.69483 45.70274 45.58300 45.48251 45.48331 45.59323 45.64363 45.65351 45.61426 45.56029 45.54203 45.52300 45.54243 45.85029 45.98506 46.12894 46.29760 46.36623 46.41923 46.31266 46.19246 46.05006 45.91897 45.80891 45.73411 45.74166 45.93411 46.05237 46.14283 46.09920 45.98571 45.98489 46.14083 46.22600 46.27886 46.45334 46.48331 46.55000 46.62111 46.53729 46.34211 46.29203 46.23171 46.19600 46.20254 46.26403 46.60237 46.60394 46.52517 46.03054 45.92529 46.05157 46.55871 46.71826 46.77694 46.89046 47.13331 47.19483 47.28571 47.35611 47.33351 47.28526 47.11980 47.09997 47.12220 47.28571 47.35197 47.32477 47.28491 47.26437 47.28491 47.33091 47.48809 47.65949 47.74977 47.61506 47.37697 47.28554 47.23649 47.13886 47.07537 46.62697 46.34997 46.29203 46.23649 46.06751 45.88886 45.73729 45.69046 45.64123 45.57974 45.42140 45.30414 45.16586 45.14720 45.31111 45.45394 45.73651 45.83889 45.99046 46.04720 46.52460 46.77380 46.97380 47.16189 47.23331 47.28306 47.54443 48.15514 48.31209 48.34303 48.30451 48.33966 48.36983 48.43094 48.45117 48.41406 48.23171 48.12377 48.18174 48.30077 48.45077 48.61666 48.70514 48.99283 49.18109 49.38174 49.40554 49.41826 49.53171 49.46546 49.42537 49.33169 49.27966 49.24300 49.21743 49.21983 49.18926 49.09600 49.01743 48.95414 48.81266 48.56349 48.49520 48.58669 48.81803 48.95871 49.18331 49.20869 49.22774 49.33966 49.40554 49.44520 49.67617 49.79920 49.49603 49.33946 49.31983 49.32220 49.37289 49.55949 49.66823 49.53014 49.52617 49.63846 49.79620 49.98649 50.19603 50.29520 50.34363 50.37220 50.45831 50.55077 50.64997 50.72223 50.74603 50.75317 50.84286 51.22220 51.44617 51.58171 51.64840 51.69523 51.70394 51.83411 51.91177 51.88766 51.68489 51.62180 51.50054 51.29443 50.95157 50.50951 50.38174 50.33886 50.36189 50.56269 51.09046 51.16029 51.23094 51.30474 51.35594 51.49600 51.77934 51.86109 51.91111 51.93809 52.00871 52.31266 52.51149 52.40911 52.38171 52.37951 52.41506 52.57854 52.84440 53.13886 53.42457 53.44203 53.50463 53.83806 53.93966 54.01306 54.00314 53.89800 53.73966 53.72311 53.70314 53.58571 53.42557 53.41426 53.38729 53.15951 53.00197 52.92617 52.82220 52.56646 52.47983 52.61863 52.68091 52.45277 52.31189 52.21306 52.09600 52.11666 52.12140 52.11980 52.11266 52.09443 52.06069 52.00949 51.96109 51.59680 51.56371 51.85234 51.93729 51.98251 52.05671 52.13746 52.25237 52.28571 52.33011 52.58569 52.72377 52.78489 53.32151 53.24800 53.16626 53.10037 52.83134 52.66269 52.39869 52.39203 52.47200 52.62814 52.73489 52.82934 52.87300 52.94600 53.02180 53.51903 53.87060 54.03786 54.31726 54.59523 54.70117 54.79186 54.87094 54.97737 55.00106 55.04917 55.03174 54.99363 54.96149 54.92309 54.89203 54.88491 54.92774 54.93251 54.94283 54.94600 54.96903 55.02460 55.14877 55.19126 55.35791 55.42854 55.55631 55.48251 55.39143 55.33014 55.34840 55.51746 55.59431 55.66703 55.85414 56.01189 55.91983 55.81666 55.39997 55.31411 55.19006 54.72477 54.45949 54.60711 54.69046 54.29323 54.24163 54.23251 54.23966 54.27617 54.35929 54.19166 54.11626 53.98649 53.87260 53.86189 53.96586 54.06426 54.18311 53.96031 53.71169 53.63569 53.60911 53.64600 53.69603 53.75197 53.83151 53.76786 53.60157 53.39503 53.37717 53.54203 53.38249 53.18194 53.15234 53.16289 53.24043 53.29026 53.18094 53.12477 53.08609 53.06783 53.07103 53.10354 53.14266 53.17617 53.19917 53.05791 53.00454 53.01803 53.06746 53.08411 53.05197 52.95554 52.92300 52.88651 52.85871 52.82457 52.47697 52.40949 52.52754 52.42694 52.24680 52.07614 52.12537 52.56794 52.14366 51.84363 51.68331 51.38846 51.27874 51.22557 51.28051 51.32380 51.35631 51.36980 51.36900 51.35314 51.31763 51.27060 50.97300 50.85474 50.64283 50.44760 50.30951 50.21743 49.99363 49.47063 49.34540 49.21109 49.00631 49.19126 49.36029 49.56426 49.63569 49.86506 50.13649 50.14977 50.06823 49.99234 50.16863 50.22100 50.51746 50.85237 50.89920 51.19840 51.39600 51.49823 51.52620 51.66466 51.74046 52.06963 52.11863 52.36803 52.70234 52.72331 52.73600 52.72406 52.70474 52.59443 52.40274 52.46506 52.62060 52.71349 52.71674 52.73571 52.79917 53.10554 53.11269 53.08174 53.13649 53.41426 53.76191 54.05397 54.50791 54.73569 54.85929 54.98926 55.17340 55.47617 55.57974 56.04006 56.13966 56.53809 56.60557 56.63411 56.71289 56.75394 56.77934 56.84440 56.95831 57.01903 57.06663 57.14443 57.17220 57.17803 57.04126 56.85869 56.78271 56.75237 56.69360 56.65554 56.62300 56.57063 56.52220 56.44800 56.05831 55.71586 55.61526 55.36583 55.29603 55.18251 54.95077 54.87857 54.89680 54.82774 54.76863 54.68829 54.58291 54.49046 54.38966 54.31229 54.24403 54.09520 54.06566 54.07817 54.10949 54.14520 54.20554 54.39443 54.54283 54.83729 55.02157 55.08451 55.11486 55.24283 55.24757 55.18846 55.29711 55.40314 55.42863 55.48877 55.55294 55.59697 55.54651 55.64189 55.76029 55.88966 56.12460 56.20157 56.29640 56.35711 56.41863 56.51586 57.00237 57.27954 57.29423 57.14206 57.04523 56.97140 56.79166 56.49957 57.22694 58.00000 58.28051 58.45386 58.39440 58.39320 58.43569 58.47537 58.63491 58.72063 58.97437 59.14520 59.18114 59.12280 59.03826 59.05474 59.19243 59.72697 59.88409 59.94520 59.97017 60.41666 60.48609 60.53609 60.58351 60.76683 60.86983 60.51071 60.45394 60.25474 60.18411 60.07617 59.92537 59.83889 59.76149 59.63011 59.42300 59.50314 59.65711 59.78649 59.86943 59.86843 59.95394 60.02149 60.04523 60.14600 60.19523 60.27060 60.33806 60.38809 60.48809 60.45077 60.50791 60.61189 60.78091 60.81746 60.72677 60.73809 60.79283 60.79760 60.78331 60.75317 60.77457 60.82023 60.87420 60.93171 60.99283 60.97437 60.91094 60.91903 60.93094 60.96506 61.01109 61.06663 61.07697 61.07657 61.05711 61.12300 61.31746 61.38251 61.72857 62.30483 61.89897 61.86583 61.93569 62.02640 62.07217 62.25574 62.13966 62.05631 61.91789 61.90714 61.83014 61.56863 61.42380 61.33806 61.41229 61.45949 61.45871 61.58251 61.79997 62.07934 62.00397 61.83331 61.72143 61.54126 61.60017 61.72617 61.81009 61.81349 61.84046 61.87300 61.90951 61.91426 61.91269 61.90983 61.92143 62.05711 62.37777 62.44760 62.62974 62.72617 62.80234 62.84840 62.92180 63.02537 63.07897 63.10711 63.11586 63.06843 62.94009 63.01666 63.02557 62.96983 62.60751 62.37260 62.26446 62.19600 62.17697 62.17023 62.15237 62.12457 62.02540 62.03966 62.15851 62.30274 62.39920 62.47260 62.66983 62.71903 62.70869 62.75394 62.84920 63.02080 63.46823 63.55831 63.64123 63.59206 63.54480 63.72814 63.90631 64.30794 64.40217 64.45949 64.55831 64.72240 64.83091 64.80157 64.75394 64.69054 64.72734 64.90257 64.98094 65.36451 65.41031 65.53966 65.64520 65.78014 65.87914 65.93723 66.05691 66.00037 65.95571 66.22220 66.36149 66.44877 66.56466 66.63889 66.72637 66.73331 66.73649 66.86586 66.97931 67.03174 67.30474 67.35871 67.55114 67.59440 67.57774 67.64006 67.78569 67.94443 68.01823 68.07934 68.21526 68.18489 68.00237 67.88411 67.76049 67.96791 68.18934 68.29363 68.36483 68.48211 68.54960 68.78371 68.70731 68.46574 68.08617 67.97737 68.11743 68.23554 68.30149 68.47743 68.59603 68.65394 68.68243 68.62694 68.58134 68.28809 68.24137 68.34183 68.45220 68.64074 68.50174 68.39237 68.27951 68.21309 68.14403 68.19840 68.35791 68.70554 68.56349 68.39440 68.51506 68.76031 68.85989 68.85574 68.93966 69.30554 69.83349 69.89203 69.92300 70.06363 70.21317 70.15969 70.04997 69.88014 69.51506 69.44680 69.48906 69.76823 69.77854 69.71249 69.77777 69.84891 69.90251 69.90394 69.87143 69.72774 69.57657 69.69523 69.73091 69.79126 69.98251 70.13411 70.05751 70.03571 70.14997 70.27697 70.38371 70.47677 70.42811 70.36663 70.40871 70.45791 70.86743 70.93689 71.04680 71.14551 71.10554 71.05517 71.08123 71.14046 71.21634 71.23263 71.29180 71.38569 71.70951 71.90951 71.95154 71.95154"/>
<polygon color="linen" opacity="100" xc="475.37686 475.35594 475.25297 475.23162 475.20465 474.96938 474.91403 474.89566 474.87645 474.82818 474.84614 474.86277 474.94800 475.03757 475.11855 475.14332 475.21922 475.32302 475.33969 475.41880 475.43203 475.77260 475.80678 475.83285 475.97772 475.99783 476.00903 476.10463 476.08905 475.97646 475.83585 475.77002 475.50038 475.43631 475.39592 475.37686 475.37686" yc="90.20791 90.23251 90.31031 90.32460 90.33846 90.38291 90.42537 90.44757 90.44640 90.38689 90.35791 90.33729 90.24006 90.19760 90.19763 90.20554 90.18094 90.11349 90.09283 89.98729 89.96346 89.56426 89.58489 89.59523 89.64203 89.64206 89.61194 89.62180 89.65909 89.72140 89.74283 89.73449 90.00237 90.08569 90.14840 90.20791 90.20791"/>
<polygon color="linen" opacity="100" xc="-71.28682 -71.27243 -71.17103 -71.17614 -71.19706 -71.24451 -71.25986 -71.37315 -71.40946 -71.39129 -71.37995 -71.37314 -71.35683 -71.30002 -71.28682 -71.28682" yc="90.63331 90.64600 90.80074 90.88963 91.02617 91.05074 91.04837 91.03014 91.00711 90.78886 90.71349 90.68171 90.65154 90.63331 90.63331 90.63331"/>
<polygon color="linen" opacity="100" xc="-70.79065 -70.80605 -71.02951 -71.04492 -71.08872 -71.10622 -71.10174 -71.00863 -70.98975 -70.98337 -70.99877 -71.00051 -70.98511 -70.81923 -70.80260 -70.77866 -70.79065 -70.79065" yc="90.95154 90.99440 91.08886 91.09043 91.07654 90.95554 90.90791 90.80154 90.78411 90.78411 90.82537 90.85871 90.91406 90.92377 90.90474 90.88486 90.95154 90.95154"/>
<polygon color="linen" opacity="100" xc="-73.55986 -73.53423 -73.57742 -73.67102 -73.73934 -73.75646 -74.01409 -74.07977 -74.10986 -74.13378 -74.17932 -74.17925 -74.11025 -73.95343 -73.78889 -73.77546 -73.76920 -73.76732 -73.77674 -73.80260 -73.90237 -73.94791 -73.97094 -73.98785 -74.00128 -73.98075 -73.76920 -73.70432 -73.71262 -73.70945 -73.66022 -73.55986 -73.55986" yc="90.62771 90.82537 90.94600 91.09840 91.18649 91.19603 91.18489 91.17060 91.15551 91.13409 91.06940 91.03886 90.99046 90.88806 90.77300 90.74840 90.70554 90.65949 90.63129 90.61186 90.55909 90.55551 90.56783 90.56106 90.47060 90.45551 90.30394 90.26266 90.39243 90.45551 90.52774 90.62771 90.62771"/>
<polygon color="linen" opacity="100" xc="-72.49572 -72.37672 -72.38123 -72.43032 -72.45088 -72.46968 -72.52608 -72.54962 -72.58191 -72.60860 -72.61197 -72.61502 -72.61637 -72.63546 -72.68208 -72.76118 -73.11589 -73.13252 -73.17823 -73.24703 -73.27220 -73.29148 -73.38891 -73.33742 -73.31074 -73.29577 -73.29234 -73.26709 -72.96283 -72.89878 -72.88334 -72.82137 -72.74746 -72.72400 -72.70860 -72.54446 -72.50666 -72.49572 -72.49572" yc="90.81266 91.11980 91.15194 91.20314 91.21903 91.22774 91.25074 91.25234 91.23966 91.20154 91.09363 90.98486 90.92580 90.88251 90.83806 90.79123 90.61743 90.61666 90.62137 90.64797 90.66426 90.66426 90.56703 90.44680 90.42854 90.42697 90.51586 90.55511 90.64283 90.64837 90.64677 90.57934 90.50394 90.49283 90.49123 90.56980 90.63331 90.81266 90.81266"/>
<polygon color="linen" opacity="100" xc="-71.61285 -71.60043 -71.61243 -71.63040 -71.66883 -71.70086 -71.91238 -71.93594 -71.96178 -71.97440 -71.97140 -72.14358 -72.26502 -72.27843 -72.27183 -72.24914 -72.21328 -72.17398 -71.88246 -71.85797 -71.58554 -71.48766 -71.42697 -71.41029 -71.42095 -71.43120 -71.48465 -71.62306 -71.66540 -71.68312 -71.75729 -71.70108 -71.67352 -71.62777 -71.61285 -71.61285" yc="91.16543 91.21029 91.36663 91.38489 91.38966 91.38729 91.29997 91.28809 91.26363 91.21503 90.94363 90.75951 90.45074 90.33251 90.28051 90.25791 90.24123 90.29680 90.45474 90.50751 90.64837 90.62614 90.66386 90.71349 90.93649 90.96386 90.98171 90.96900 90.94283 90.94400 91.02063 91.14677 91.15949 91.15391 91.16543 91.16543"/>
<polygon color="linen" opacity="100" xc="474.67220 474.71855 474.77474 474.77943 474.74995 474.73328 474.64440 474.57908 474.54334 474.56451 474.61577 474.64483 474.65852 474.67220 474.67220" yc="91.12460 91.14323 91.23489 91.27457 91.32537 91.34600 91.39286 91.38926 91.26229 91.20157 91.14006 91.12617 91.12380 91.12460 91.12460"/>
<polygon color="linen" opacity="100" xc="476.51915 476.54358 476.57837 476.56769 476.39785 476.37349 476.35186 476.13372 476.13775 476.15385 476.20169 476.24738 476.36877 476.38418 476.51915 476.51915" yc="91.15154 91.20077 91.29423 91.33171 91.49917 91.50951 91.50871 91.35514 91.22934 91.18329 91.11983 91.09603 91.04997 91.04917 91.15154 91.15154"/>
<polygon color="linen" opacity="100" xc="-70.82651 -70.79746 -70.76198 -70.83342 -70.84700 -70.97478 -71.00342 -71.02398 -71.06029 -71.06460 -71.06115 -71.02697 -70.87735 -70.85345 -70.82651 -70.82651" yc="91.32694 91.34757 91.51189 91.70869 91.72260 91.73809 91.72380 91.68886 91.60671 91.57457 91.54123 91.41306 91.33094 91.31900 91.32694 91.32694"/>
<polygon color="linen" opacity="100" xc="473.36138 473.34995 473.25143 473.22945 473.18372 473.15937 473.11280 473.02260 472.90597 472.87177 472.68925 472.68389 472.75297 472.79780 472.83265 472.84782 472.88752 472.91405 472.93032 473.00466 473.02515 473.06874 473.17729 473.24320 473.36138 473.36138" yc="91.66943 91.73094 91.79203 91.78926 91.75157 91.71586 91.56031 91.39363 91.36506 91.34283 91.14917 91.07377 91.00711 90.91743 91.09603 91.12697 91.17854 91.20791 91.21943 91.24760 91.24600 91.21109 91.17617 91.20989 91.66943 91.66943"/>
<polygon color="linen" opacity="100" xc="-66.98829 -66.99834 -67.06458 -67.11749 -67.13295 -67.31760 -67.34197 -67.35666 -67.37355 -67.77032 -67.77974 -67.73675 -67.57400 -67.44229 -67.42689 -67.28165 -67.24022 -67.19065 -67.01754 -66.92998 -66.91542 -66.88337 -66.51328 -66.48295 -66.43314 -66.39578 -66.19488 -66.09083 -66.18895 -66.36672 -66.41931 -66.43592 -66.55217 -66.61626 -66.71277 -66.83209 -66.94172 -66.98829 -66.98829" yc="91.77020 91.84680 91.85551 91.85154 91.84994 91.78486 91.77380 91.76189 91.73171 91.80711 91.78014 91.72771 91.57617 91.53174 91.52934 91.55711 91.57734 91.59283 91.56823 91.48966 91.47140 91.53171 91.63174 91.61823 91.58649 91.58646 91.62931 91.66823 91.69600 91.72697 91.73569 91.73649 91.73409 91.72614 91.71823 91.72140 91.73091 91.77020 91.77020"/>
<polygon color="linen" opacity="100" xc="-65.40303 -65.38514 -65.28912 -65.21288 -65.15302 -65.09832 -65.07162 -65.08275 -65.10638 -65.25260 -65.28972 -65.32137 -65.34446 -65.48806 -65.55642 -65.56965 -65.58162 -65.54425 -65.41752 -65.40303 -65.40303" yc="92.14600 92.16429 92.23571 92.25634 92.28569 92.31980 92.35671 92.41623 92.43886 92.54203 92.54837 92.53489 92.52220 92.38491 92.27540 92.24046 92.16663 92.13966 92.12300 92.14600 92.14600"/>
<polygon color="linen" opacity="100" xc="-67.68251 -67.67808 -67.73720 -67.81583 -67.93683 -67.96929 -68.21115 -68.35989 -68.37878 -68.36280 -68.33680 -68.25945 -68.22355 -68.05642 -68.04168 -68.04511 -68.12180 -68.19786 -68.22180 -68.23935 -68.25345 -68.27688 -68.30603 -68.37183 -68.54577 -68.53977 -68.52397 -68.50303 -68.47100 -68.45602 -68.46845 -68.61666 -68.71755 -68.92202 -69.08978 -69.10472 -69.19874 -69.22932 -69.24880 -69.52049 -69.74466 -69.71202 -69.68465 -69.63042 -69.51285 -69.42823 -69.35340 -69.25131 -69.23274 -69.18425 -69.06223 -68.98503 -68.90391 -68.86182 -68.81497 -68.79963 -68.62994 -68.37562 -68.30351 -68.26875 -68.12655 -68.01452 -67.91077 -67.68251 -67.68251" yc="92.26706 92.34897 92.44520 92.54323 92.62457 92.62180 92.47143 92.34043 92.30494 92.27140 92.25234 92.22140 92.22457 92.19794 92.17577 92.13271 92.02851 91.98409 91.97694 92.00591 92.01900 92.03089 92.03809 92.03491 91.92460 91.86940 91.84997 91.84440 91.85474 91.83886 91.81309 91.76903 91.74203 91.69997 91.74483 91.73251 91.58486 91.63529 91.63646 91.55391 91.47577 91.42497 91.45197 91.45317 91.45000 91.43329 91.42377 91.43609 91.46863 91.51346 91.53766 91.51983 91.49440 91.46983 91.43729 91.43489 91.49997 91.54840 91.58569 91.70869 91.74203 91.71109 91.78249 92.26706 92.26706"/>
<polygon color="linen" opacity="100" xc="467.36217 467.33334 467.22858 467.12431 466.85294 466.76131 466.73094 466.91832 466.96063 467.01575 467.04163 467.06449 467.12131 467.17538 467.16962 467.26872 467.29095 467.36217 467.36217" yc="92.86666 92.88014 92.88094 92.86823 92.71586 92.63251 92.57694 92.51106 92.51663 92.53251 92.55394 92.55714 92.54760 92.47220 92.42537 92.43491 92.44203 92.86666 92.86666"/>
<polygon color="linen" opacity="100" xc="-62.46691 -62.40578 -62.40706 -62.44957 -62.46966 -62.50986 -62.57186 -62.68525 -62.80025 -62.82783 -62.83418 -62.83123 -62.76155 -62.72354 -62.68934 -62.67094 -62.62072 -62.59831 -62.56160 -62.54620 -62.51503 -62.48482 -62.46691 -62.46691" yc="93.12300 93.27697 93.34223 93.37854 93.39040 93.40551 93.41346 93.35474 93.20431 93.10471 93.04680 93.00474 92.94997 93.02694 93.06743 93.08569 93.11463 93.11266 93.09360 93.08966 93.09126 93.10391 93.12300 93.12300"/>
<polygon color="linen" opacity="100" xc="-61.03855 -61.04234 -61.04872 -61.09897 -61.11708 -61.17051 -61.20178 -61.33038 -61.50091 -61.52306 -61.53846 -61.54838 -61.55855 -61.52540 -61.47758 -61.41562 -61.35382 -61.14960 -61.13058 -61.11065 -61.09022 -61.03855 -61.03855" yc="93.76506 93.86423 93.89203 93.93689 93.94677 93.95474 93.95789 93.92060 93.85711 93.84360 93.82477 93.81269 93.76666 93.71666 93.67340 93.68491 93.73969 93.65154 93.63371 93.63251 93.64837 93.76506 93.76506"/>
<polygon color="linen" opacity="100" xc="466.61174 466.64832 466.63329 466.36963 466.34395 466.19442 465.98458 465.82563 465.61086 465.51749 465.45338 465.42945 465.35186 465.37555 465.59740 465.70335 465.80678 465.84012 466.00017 466.04398 466.06468 466.17048 466.30465 466.45297 466.64908 466.80809 466.82197 466.82603 466.68709 466.61174 466.61174" yc="93.94363 94.01880 94.05594 94.25791 94.26506 94.27297 94.28491 94.31983 94.29046 94.22060 94.17103 94.15157 94.06346 94.04126 93.89523 93.92617 93.94206 93.90871 93.67777 93.55394 93.56269 93.70714 93.73809 93.76983 93.77460 93.79126 93.80594 93.86269 93.87697 93.94363 93.94363"/>
<polygon color="linen" opacity="100" xc="-58.83629 -58.79788 -58.75938 -58.71666 -58.64277 -58.25853 -58.22908 -58.22739 -58.14664 -58.23843 -58.47012 -58.59278 -58.83076 -59.00623 -59.09188 -59.08381 -58.99279 -59.01114 -59.02673 -59.11072 -59.27696 -59.29444 -59.31969 -59.36795 -59.39619 -59.41753 -59.59360 -59.62614 -59.67969 -59.69064 -59.68293 -59.65114 -59.63848 -59.64190 -59.65388 -59.80300 -59.81586 -59.84298 -59.95301 -59.99946 -60.08291 -60.13338 -60.08803 -60.06457 -59.99947 -59.80084 -59.43551 -59.21367 -59.18079 -59.03673 -58.98851 -58.96435 -58.90084 -58.88126 -58.83629 -58.83629" yc="95.00314 95.01584 95.02855 95.03409 95.06424 95.34758 95.37376 95.43804 95.70153 95.76983 95.89599 95.87695 95.79601 95.63806 95.45135 95.27377 95.12776 95.03530 95.01308 94.99520 94.98648 94.98884 95.00154 95.04761 95.06465 95.06347 94.84840 94.80475 94.71464 94.61187 94.57419 94.54958 94.52538 94.48807 94.44917 94.13568 94.10950 94.09244 94.02776 93.97752 93.88729 93.79443 93.79677 93.80791 93.85764 94.00947 94.26267 94.39442 94.42538 94.64759 94.81105 94.88249 94.96030 94.97696 95.00314 95.00314"/>
<polygon color="linen" opacity="100" xc="-55.70768 -55.56537 -55.52311 -55.55388 -55.64834 -55.68485 -55.83354 -55.84102 -55.84191 -55.83760 -55.82654 -55.76237 -55.73378 -55.72223 -55.70768 -55.70768" yc="96.30077 96.49994 96.68409 96.71109 96.68886 96.67140 96.55514 96.51266 96.47694 96.43809 96.41186 96.33566 96.30714 96.29917 96.30077 96.30077"/>
<polygon color="linen" opacity="100" xc="-56.36371 -56.36565 -56.33377 -56.29626 -56.32371 -56.35623 -56.41303 -56.54602 -56.95451 -57.06366 -57.16971 -57.15749 -56.97614 -56.92932 -56.89426 -56.85966 -56.56751 -56.56377 -56.62137 -56.77791 -56.96265 -57.02078 -56.99449 -57.02611 -57.06732 -57.11049 -57.14748 -57.17178 -57.14274 -57.05194 -57.17548 -57.38760 -57.49572 -57.65985 -57.68075 -57.69874 -57.77737 -57.82654 -57.98678 -58.02782 -58.21932 -58.09965 -57.94358 -57.77268 -57.68508 -57.51282 -57.13465 -56.89143 -56.86066 -56.65434 -56.54855 -56.38489 -56.35725 -56.21977 -56.01671 -55.85472 -55.82271 -55.80834 -55.80154 -55.90334 -56.06046 -56.15257 -56.20243 -56.23080 -56.26282 -56.20472 -56.10645 -56.05857 -55.80520 -55.76606 -55.71560 -55.78680 -55.96178 -56.02075 -56.05771 -56.10595 -56.31325 -56.36371 -56.36371" yc="96.78569 96.90194 96.99680 97.04143 97.10789 97.14203 97.16980 97.16703 97.01900 96.90731 96.71663 96.63966 96.43646 96.45551 96.48451 96.48926 96.37057 96.24520 96.13963 96.31069 96.29323 96.22337 95.98251 96.05154 96.08646 96.08486 96.05871 96.00057 95.86029 95.79597 95.61309 95.53646 95.50869 95.52380 95.47457 95.42774 95.39123 95.39440 95.38491 95.35314 95.16109 95.05949 95.01586 95.06029 95.08331 95.25631 95.47814 95.54520 95.51903 95.53646 95.55791 95.69163 95.80314 96.07180 96.19997 96.21983 96.21823 96.23209 96.31703 96.50869 96.43211 96.35074 96.26723 96.24443 96.31509 96.51583 96.54126 96.56186 96.75234 96.78966 96.91703 97.06423 97.14580 97.05471 96.92380 96.83014 96.65437 96.78569 96.78569"/>
<polygon color="linen" opacity="100" xc="-53.73718 -53.73723 -53.74942 -53.77354 -53.80988 -53.81291 -53.90606 -53.92485 -53.95897 -53.98208 -54.05111 -54.16111 -54.18715 -54.17458 -53.97991 -53.96372 -53.87523 -53.78742 -53.76906 -53.73718 -53.73718" yc="97.45114 97.48169 97.50274 97.51146 97.50411 97.49083 97.44046 97.45951 97.48409 97.49997 97.50711 97.46823 97.40871 97.38489 97.33491 97.33331 97.34523 97.36109 97.38051 97.45114 97.45114"/>
<polygon color="linen" opacity="100" xc="-54.91842 -54.89788 -54.88035 -54.85997 -55.29702 -55.35065 -55.49322 -55.52457 -55.57183 -55.48805 -55.45026 -55.36840 -55.33465 -55.28466 -55.24908 -55.22697 -55.15217 -55.05000 -55.02717 -54.91842 -54.91842" yc="97.38491 97.40154 97.42220 97.49243 97.77220 97.75829 97.65394 97.62340 97.46983 97.29680 97.24997 97.28451 97.32057 97.31663 97.29760 97.22534 97.34363 97.32457 97.32537 97.38491 97.38491"/>
<polygon color="linen" opacity="100" xc="-54.70858 -54.69385 -54.59360 -54.58168 -54.59477 -54.64745 -54.80811 -54.87311 -54.89363 -54.80197 -54.77755 -54.72177 -54.70858 -54.70858" yc="97.45791 97.47100 97.63809 97.71983 97.96149 97.97854 97.97457 97.89086 97.81583 97.50154 97.46980 97.45394 97.45791 97.45791"/>
<polygon color="linen" opacity="100" xc="-50.06603 -50.06860 -50.09314 -50.14698 -50.39022 -50.39917 -50.43551 -50.48629 -50.50578 -50.51709 -50.47735 -50.46025 -50.44062 -50.40898 -50.36368 -50.21498 -50.18672 -50.06603 -50.06603" yc="98.24006 98.32220 98.36903 98.43846 98.52777 98.53809 98.55474 98.57143 98.56069 98.44046 98.36823 98.34600 98.32774 98.30474 98.27854 98.19600 98.19203 98.24006 98.24006"/>
<polygon color="linen" opacity="100" xc="-4.02992 -4.01417 -4.01752 -4.02523 -4.02903 -4.04400 -4.16752 -4.27311 -4.29212 -4.28251 -4.26837 -4.09574 -4.07371 -4.05086 -4.02992 -4.02992" yc="99.29840 99.34283 99.65154 99.68809 99.70314 99.71980 99.83011 99.79006 99.72854 99.62260 99.59126 99.30751 99.28886 99.28251 99.29840 99.29840"/>
<polygon color="linen" opacity="100" xc="-49.68165 -49.65834 -49.63740 -49.62503 -49.59314 -49.58289 -49.58138 -49.59100 -49.58363 -49.58886 -49.61262 -49.66134 -49.69831 -49.72306 -49.75469 -49.79037 -49.82435 -49.87906 -49.89446 -49.89295 -49.88291 -49.87671 -49.85517 -49.83934 -49.82498 -49.79594 -49.77734 -49.73674 -49.70685 -49.68165 -49.68165" yc="99.52617 99.56783 99.61983 99.64440 99.67934 99.70554 99.74640 99.80040 99.86266 99.90077 99.92534 99.94757 99.95077 99.94403 99.91663 99.87577 99.84203 99.81506 99.80791 99.77617 99.73091 99.67420 99.64680 99.62220 99.60791 99.58014 99.55989 99.51349 99.51109 99.52617 99.52617"/>
<polygon color="linen" opacity="100" xc="-1.89829 -1.83451 -1.84915 -1.88589 -1.90978 -1.91174 -1.90509 -1.90392 -1.92823 -2.23289 -2.26302 -2.27818 -2.28225 -2.26751 -2.12008 -2.06838 -2.04595 -1.89829 -1.89829" yc="99.64917 99.73749 99.76823 99.78571 99.80394 99.93331 99.96109 99.98131 99.99680 99.86586 99.83846 99.81029 99.77814 99.74680 99.61031 99.59046 99.58929 99.64917 99.64917"/>
<polygon color="linen" opacity="100" xc="-51.41857 -51.44357 -51.59446 -51.96540 -52.19412 -52.23802 -52.28631 -52.34318 -52.66963 -52.77606 -52.84249 -52.88266 -52.96154 -53.06322 -53.15075 -53.16006 -53.27905 -53.35685 -53.39103 -53.45643 -53.49403 -53.54722 -53.63074 -53.73591 -53.77283 -53.74380 -53.62626 -53.58122 -53.50257 -53.32909 -53.02777 -52.98034 -52.89189 -52.83548 -52.80682 -52.80971 -52.76540 -52.73846 -52.70085 -52.64098 -52.60512 -52.57865 -52.56497 -52.48714 -52.43845 -52.38718 -52.32055 -52.02223 -51.93355 -51.86837 -51.81923 -51.73803 -51.68460 -51.56926 -51.43452 -51.28609 -51.22394 -51.00748 -50.85366 -50.98560 -51.07297 -51.11077 -51.17568 -51.24818 -51.28822 -51.34614 -51.38377 -51.40623 -51.41857 -51.41857" yc="99.77200 99.83806 100.13511 100.15831 100.09066 100.02617 99.97697 99.93409 99.68886 99.68769 99.71743 99.76586 99.79840 99.75591 99.63054 99.54680 99.27537 99.11266 99.05237 98.98171 98.95871 98.95234 98.91743 98.86111 98.80057 98.65751 98.36743 98.32140 98.27537 98.26269 98.32260 98.34680 98.41743 98.48489 98.58171 98.65514 98.71109 98.74123 98.78094 98.83014 98.85474 98.86903 98.87617 98.90397 98.91980 98.93329 98.94283 98.95314 98.94560 98.92617 98.90634 98.88849 98.89086 98.94917 99.05274 99.16574 99.14123 99.02497 99.05177 99.32340 99.36446 99.31963 99.30000 99.31951 99.34497 99.40514 99.53329 99.67260 99.77200 99.77200"/>
<polygon color="linen" opacity="100" xc="-45.26752 -45.19955 -45.13629 -45.14998 -45.16665 -45.20340 -45.29015 -45.30255 -45.32391 -45.35254 -45.32054 -45.30683 -45.28335 -45.26752 -45.26752" yc="99.83409 99.86663 99.91980 100.13291 100.15514 100.16029 100.15711 100.13889 100.10474 100.04046 99.84600 99.83131 99.83011 99.83409 99.83409"/>
<polygon color="linen" opacity="100" xc="-48.68143 -48.68206 -48.70708 -48.81878 -48.81194 -48.94958 -48.96583 -48.99660 -49.01235 -49.08238 -49.08208 -48.88954 -48.86648 -48.83738 -48.68143 -48.68143" yc="100.30077 100.33131 100.36506 100.42457 100.44480 100.48886 100.48809 100.48014 100.47537 100.43331 100.37854 100.17260 100.15751 100.15671 100.30077 100.30077"/>
<polygon color="linen" opacity="100" xc="-4.11068 -4.14105 -4.20340 -4.32908 -4.34572 -4.38974 -4.40640 -4.41045 -4.31026 -4.20297 -4.11068 -4.11068" yc="100.10591 100.26349 100.40080 100.53091 100.54800 100.45551 100.40314 100.09166 100.01826 100.00794 100.10591 100.10591"/>
<polygon color="linen" opacity="100" xc="-45.41457 -45.39509 -45.39212 -45.40940 -45.41862 -45.44295 -45.62009 -45.62352 -45.61348 -45.41457 -45.41457" yc="100.18329 100.42537 100.49206 100.68014 100.70157 100.70157 100.35871 100.16089 100.11429 100.18329 100.18329"/>
<polygon color="linen" opacity="100" xc="-4.10428 -4.13251 -4.18931 -4.23846 -4.36772 -4.38891 -4.41749 -4.45943 -4.61238 -4.62097 -4.60211 -4.60383 -4.72435 -4.77263 -4.79015 -4.90469 -4.91752 -4.94402 -4.91883 -4.80385 -4.62266 -4.59186 -4.57372 -4.51622 -4.40598 -4.37009 -4.12306 -4.10428 -4.10428" yc="99.08331 99.19680 99.38491 99.49206 99.68649 99.69286 99.70634 99.74443 100.16980 100.25077 100.27220 100.35157 100.57060 100.70157 100.71943 100.66666 100.64917 100.26346 100.13331 99.82694 99.55631 99.51109 99.50157 99.44283 99.21743 99.11623 99.04600 99.08331 99.08331"/>
<polygon color="linen" opacity="100" xc="-2.18698 -2.23398 -2.25426 -2.25726 -2.26122 -2.33932 -2.37863 -2.43334 -2.43846 -2.43652 -2.41046 -2.42737 -2.49580 -2.49165 -2.45212 -2.42906 -2.13252 -2.11560 -2.08457 -2.06772 -2.07435 -2.11280 -2.13440 -2.16669 -2.18698 -2.18698" yc="100.59920 100.63489 100.66266 100.67380 100.70991 100.75317 100.76346 100.72777 100.65551 100.61623 100.48846 100.23886 100.07597 100.03809 99.98251 99.97537 100.02300 100.03294 100.10157 100.17080 100.34006 100.56269 100.60354 100.59680 100.59920 100.59920"/>
<polygon color="linen" opacity="100" xc="-45.90895 -45.88760 -45.93332 -45.94186 -45.95637 -45.97262 -46.03080 -46.05600 -46.05685 -46.07606 -46.16862 -46.24658 -46.25663 -46.26815 -46.31048 -46.33460 -46.45138 -46.40258 -46.36668 -46.34398 -46.41751 -46.51494 -46.53235 -46.53034 -46.50086 -46.48675 -46.46560 -46.45854 -46.43165 -46.42054 -46.34231 -46.16623 -45.98589 -45.96988 -45.90895 -45.90895" yc="100.38846 100.50474 100.71109 100.74520 100.79443 100.83094 100.73886 100.66980 100.59443 100.48251 100.30237 100.33649 100.37854 100.40831 100.44283 100.44283 100.32357 100.19206 100.13651 100.04366 99.91109 99.80554 99.77200 99.71823 99.64363 99.62894 99.64166 99.69603 99.77777 99.80317 99.91743 100.12220 100.27934 100.28211 100.38846 100.38846"/>
<polygon color="linen" opacity="100" xc="-4.99958 -4.98672 -4.95940 -4.97052 -5.07178 -5.09531 -5.11880 -5.27565 -5.28848 -5.30857 -5.30322 -5.29574 -5.28677 -5.27352 -5.25685 -5.11240 -4.99958 -4.99958" yc="100.59760 100.61546 100.71586 100.75714 100.94443 100.95711 100.95831 100.88886 100.87100 100.72063 100.66743 100.63171 100.60554 100.58174 100.56783 100.55631 100.59760 100.59760"/>
<polygon color="linen" opacity="100" xc="-46.65942 -46.64743 -46.64275 -46.65898 -46.65835 -46.68762 -46.92072 -46.96211 -46.93637 -46.89703 -46.67009 -46.65942 -46.65942" yc="100.73729 100.79680 100.82697 101.00077 101.01903 101.05314 100.99840 100.90394 100.86506 100.82854 100.70314 100.73729 100.73729"/>
<polygon color="linen" opacity="100" xc="-47.22394 -47.27177 -47.34703 -47.37052 -47.38592 -47.45618 -47.47326 -47.46282 -47.42177 -47.40600 -47.38674 -47.19872 -47.12092 -46.99617 -46.93295 -46.86814 -46.94106 -46.95771 -47.01582 -47.03655 -47.05340 -47.04871 -47.02715 -46.98631 -46.97523 -46.97266 -46.97866 -46.99058 -47.00557 -47.17138 -47.22394 -47.22394" yc="101.14283 101.16226 101.11426 101.09760 101.07537 100.95000 100.75911 100.58251 100.39126 100.33689 100.35789 100.46823 100.42814 100.43569 100.47220 100.53369 100.62457 100.63609 100.64480 100.65911 100.87300 100.91269 100.94683 100.97534 101.00077 101.03331 101.07217 101.10157 101.11466 101.10631 101.14283 101.14283"/>
<polygon color="linen" opacity="100" xc="-2.64958 -2.48705 -2.49526 -2.51025 -2.53592 -2.58165 -2.68846 -2.79917 -2.81197 -2.83375 -2.84894 -2.85898 -2.84400 -2.83118 -2.80429 -2.79828 -2.79232 -2.78208 -2.67328 -2.64958 -2.64958" yc="100.39046 100.79026 100.83649 100.85951 100.89203 100.94443 101.05554 101.17931 101.19760 101.20194 101.17380 101.02697 100.84523 100.76269 100.60474 100.57617 100.54837 100.52220 100.38729 100.39046 100.39046"/>
<polygon color="linen" opacity="100" xc="-5.53098 -5.47671 -5.38935 -5.30063 -5.30429 -5.30302 -5.47994 -5.49617 -5.51795 -5.59658 -5.61731 -5.66817 -5.62012 -5.60642 -5.54829 -5.53098 -5.53098" yc="100.67300 100.89760 100.99600 101.06266 101.14283 101.17220 101.19997 101.20237 101.19203 101.09360 101.06266 100.88094 100.76346 100.73969 100.66346 100.67300 100.67300"/>
<polygon color="linen" opacity="100" xc="-46.42906 -46.39231 -46.53205 -46.56071 -46.60045 -46.66089 -46.67692 -46.67831 -46.65940 -46.64295 -46.42906 -46.42906" yc="101.13171 101.24997 101.32023 101.32340 101.30791 101.25354 101.22300 101.17814 101.13094 101.12023 101.13171 101.13171"/>
<polygon color="linen" opacity="100" xc="-5.39232 -5.32265 -5.29743 -5.27522 -5.26412 -5.25728 -5.25835 -5.26711 -5.35129 -5.38372 -5.40386 -5.53694 -5.50514 -5.44231 -5.40772 -5.39232 -5.39232" yc="101.22063 101.23251 101.24203 101.25551 101.27697 101.32143 101.36106 101.38769 101.47143 101.48809 101.48411 101.28191 101.25314 101.22777 101.22063 101.22063 101.22063"/>
<polygon color="linen" opacity="100" xc="-5.50178 -5.50448 -5.51325 -5.67951 -5.69612 -5.72134 -5.73352 -5.78162 -5.76406 -5.73758 -5.71408 -5.64232 -5.60857 -5.59188 -5.50178 -5.50178" yc="101.43451 101.50751 101.53451 101.57297 101.57537 101.56586 101.54680 101.39203 101.32934 101.33649 101.33011 101.28729 101.26029 101.27100 101.43451 101.43451"/>
<polygon color="linen" opacity="100" xc="-5.06071 -5.03466 -5.02737 -5.03038 -5.04489 -5.08526 -5.13588 -5.19611 -5.22137 -5.26091 -5.28323 -5.15211 -5.06071 -5.06071" yc="101.35949 101.39443 101.41983 101.50631 101.53251 101.57974 101.59126 101.58966 101.58014 101.55514 101.49740 101.27814 101.35949 101.35949"/>
<polygon color="linen" opacity="100" xc="-5.39320 -5.35766 -5.10554 -5.07843 -5.08206 -5.11668 -5.45002 -5.46669 -5.56451 -5.59105 -5.65557 -5.65812 -5.60857 -5.59275 -5.56537 -5.54528 -5.52477 -5.49100 -5.43677 -5.42011 -5.39320 -5.39320" yc="101.98091 102.00000 102.18809 102.25991 102.27697 102.29203 102.36666 102.36903 102.36469 102.34363 102.24683 102.21626 102.12617 102.10394 102.07300 102.05311 102.03411 102.00711 101.97617 101.97380 101.98091 101.98091"/>
<polygon color="linen" opacity="100" xc="-44.38974 -44.18331 -44.17009 -44.18057 -44.25983 -44.28251 -44.32138 -44.32777 -44.35809 -44.45343 -44.47994 -44.47085 -44.44705 -44.40640 -44.38974 -44.38974" yc="102.30077 102.36229 102.38489 102.41586 102.52460 102.53886 102.54920 102.55394 102.55394 102.48569 102.38489 102.32814 102.29800 102.29680 102.30077 102.30077"/>
<polygon color="linen" opacity="100" xc="-4.97008 -4.94209 -4.94062 -4.94165 -4.94698 -5.02802 -5.05683 -5.12542 -5.09189 -5.01691 -4.99294 -4.97008 -4.97008" yc="102.25594 102.36109 102.40237 102.44206 102.46269 102.56983 102.57457 102.49600 102.34603 102.22300 102.21466 102.25594 102.25594"/>
<polygon color="linen" opacity="100" xc="-39.34894 -39.32843 -39.31922 -39.31411 -39.31795 -39.32908 -39.35472 -39.39357 -39.41578 -39.59998 -39.56303 -39.38932 -39.34894 -39.34894" yc="102.21703 102.25317 102.29046 102.32220 102.60394 102.62457 102.63569 102.62857 102.61186 102.36746 102.24126 102.20791 102.21703 102.21703"/>
<polygon color="linen" opacity="100" xc="-6.51578 -6.49398 -6.47565 -6.42606 -6.36371 -6.34098 -6.33032 -6.30948 -6.33291 -6.64874 -6.67822 -6.63974 -6.60597 -6.54231 -6.51578 -6.51578" yc="102.38809 102.43094 102.45237 102.50000 102.55317 102.56746 102.57063 102.61446 102.63331 102.63889 102.61069 102.43569 102.37300 102.33529 102.38809 102.38809"/>
<polygon color="linen" opacity="100" xc="-1.62458 -1.64532 -1.75771 -1.86026 -1.89486 -1.93785 -1.98740 -2.21497 -2.27435 -2.35431 -2.36798 -2.59211 -2.59078 -2.49657 -2.50682 -2.60943 -2.62200 -2.60129 -2.61666 -2.79872 -2.63268 -2.59572 -2.56282 -2.37695 -2.33632 -2.25498 -2.26448 -2.30058 -2.33282 -2.29828 -2.19880 -2.25511 -2.26197 -2.22411 -2.18892 -2.18694 -2.24423 -2.15397 -2.04400 -2.02552 -2.04145 -2.08205 -2.09357 -2.10392 -2.07338 -1.97138 -1.95931 -1.98591 -2.10509 -2.19705 -2.24317 -2.23834 -2.18163 -2.15088 -2.13680 -2.06792 -1.98548 -1.93262 -1.95854 -1.95192 -1.87392 -1.84015 -1.83386 -1.87626 -1.89614 -1.92949 -1.97651 -1.97095 -1.91968 -1.85426 -1.75705 -1.74617 -1.69271 -1.65212 -1.62522 -1.48932 -1.44317 -1.43846 -1.62458 -1.62458" yc="102.30354 102.34680 102.53451 102.68011 102.72537 102.74363 102.73689 102.65711 102.62617 102.57617 102.43411 102.37220 102.26743 102.23251 102.08806 101.91706 101.78629 101.74286 101.50314 101.29609 101.05077 101.01346 100.98489 100.83371 100.84166 101.05366 101.12306 101.20511 101.37437 101.44443 101.48697 101.34757 101.28094 101.16294 101.10123 101.04317 100.93371 100.99563 101.21663 101.30731 101.45157 101.58649 101.64286 101.78569 101.83749 101.39760 101.23749 101.17457 100.96506 100.89523 100.85651 100.79600 100.74603 100.73251 100.72857 100.73411 100.78986 100.91011 101.00474 101.09440 101.15157 101.12380 101.03311 100.85514 100.80711 100.75671 100.70394 100.64680 100.57417 100.53369 100.56823 100.65474 100.66703 100.70314 100.73729 101.10911 101.60631 101.81943 102.30354 102.30354"/>
<polygon color="linen" opacity="100" xc="-5.59575 -5.55128 -5.32054 -5.17389 -5.09831 -5.05469 -5.04563 -5.08208 -5.09915 -5.21625 -5.23166 -5.49443 -5.55598 -5.66558 -5.80685 -5.82437 -5.83548 -5.83548 -5.82735 -5.69209 -5.59575 -5.59575" yc="102.66666 102.73966 102.86666 102.88651 103.08966 103.22537 103.25097 103.28094 103.28331 103.29840 103.29840 103.22060 103.16029 103.04086 102.78806 102.75157 102.70949 102.66109 102.62577 102.55989 102.66666 102.66666"/>
<polygon color="linen" opacity="100" xc="-5.36706 -5.51623 -5.55466 -5.58886 -5.55637 -5.48354 -5.25772 -5.17648 -5.11025 -5.02320 -5.01071 -4.98437 -4.96409 -4.88868 -4.83671 -4.83366 -4.98954 -5.02160 -5.18663 -5.20458 -5.17840 -5.01455 -4.92094 -4.80018 -4.70683 -4.56431 -4.49408 -4.55575 -4.58758 -4.62482 -4.69529 -4.79677 -4.81074 -4.79165 -4.66328 -4.61818 -4.59486 -4.56282 -4.52994 -4.44358 -4.41152 -4.46218 -4.56708 -4.67928 -4.79443 -4.93812 -5.01754 -4.94283 -4.65449 -4.56966 -4.47817 -4.59657 -4.65786 -4.61969 -4.53035 -4.31923 -4.31109 -4.27255 -4.14466 -4.08482 -4.03523 -4.01514 -4.04998 -4.07266 -4.07805 -3.86455 -3.86982 -3.91934 -3.96071 -3.99388 -3.95897 -3.91412 -3.87248 -3.84980 -3.83029 -3.57948 -3.51412 -3.41857 -3.40643 -3.41406 -3.47286 -3.52222 -3.53408 -3.51777 -3.27137 -3.08806 -2.99914 -3.03471 -3.11989 -3.16580 -3.20875 -3.28826 -3.40543 -3.34275 -3.29703 -3.19188 -3.20600 -3.14383 -3.07014 -3.03075 -3.02775 -3.05511 -3.09968 -3.16569 -3.18526 -3.23151 -3.43897 -3.46154 -3.43588 -3.38675 -3.33932 -3.28463 -3.21275 -3.51145 -3.84637 -3.94231 -3.91218 -3.86592 -3.80897 -3.77331 -3.74531 -3.70515 -3.65812 -3.41197 -3.32182 -3.29702 -3.29508 -3.33120 -3.35726 -3.39486 -3.42562 -3.45685 -3.69874 -3.75771 -3.79080 -3.84360 -3.86542 -4.03354 -4.34272 -4.46497 -4.53506 -4.68163 -4.72755 -4.80832 -4.75094 -4.71197 -4.65160 -4.70277 -4.89262 -4.99851 -5.14826 -5.36706 -5.36706" yc="103.81983 103.85634 103.85237 103.63966 103.44343 103.36863 103.32774 103.34837 103.34126 103.29957 102.70551 102.57737 102.53411 102.45991 102.51366 102.33251 102.12697 102.11823 102.06166 101.83071 101.75889 101.64126 101.65117 101.72557 101.78171 101.82460 101.78469 101.78171 101.77023 101.74126 101.64920 101.47300 101.40294 101.33011 101.13729 101.08371 101.06586 101.06349 101.05791 101.02854 101.01109 100.98766 101.00000 101.03391 101.07854 101.08886 100.95911 100.79383 100.76346 100.77457 100.78777 100.65354 100.61594 100.58014 100.59363 100.70871 100.59897 100.51863 100.40831 100.39640 100.42260 100.48769 100.53806 100.58809 100.69660 100.30394 100.14697 100.12837 100.10000 99.91169 99.85314 99.81249 99.82537 99.86663 99.93569 99.66266 99.58491 99.45991 99.40357 99.38491 99.38371 99.33729 99.26863 99.18094 99.10909 99.11426 99.39523 100.08489 100.06269 99.99523 99.93251 99.90040 99.98211 100.01349 100.03969 100.11703 100.19363 100.22577 100.30137 100.51031 100.63131 100.74166 100.77060 100.67357 100.60949 100.56583 100.55174 100.60474 100.71229 100.70871 100.69283 100.68331 100.76457 101.30691 101.46029 101.62220 101.77417 101.75731 101.68849 101.59800 101.55791 101.53411 101.51509 101.35871 101.26983 101.29263 101.35909 101.43254 101.46429 101.50554 101.53491 101.54840 101.88094 101.96583 102.21546 102.34483 102.38729 102.62734 102.93929 102.99760 103.02297 102.99326 103.00374 103.19620 103.15891 103.19443 103.34997 103.53569 103.79223 103.80317 103.80080 103.81983 103.81983"/>
<polygon color="linen" opacity="100" xc="-3.22115 -3.24186 -3.35278 -3.40257 -3.68463 -3.64698 -3.65938 -3.66868 -3.69554 -3.71966 -3.74957 -3.83929 -3.87054 -3.89105 -3.94658 -3.95898 -4.12862 -4.14831 -4.17992 -4.17348 -4.14743 -4.13418 -4.05388 -4.03354 -4.01663 -4.01151 -3.99765 -3.76582 -3.72268 -3.70965 -3.72606 -3.73165 -3.56751 -3.49831 -3.29786 -3.27928 -3.26129 -3.25278 -3.28891 -3.22115 -3.22115" yc="103.14580 103.18809 103.33926 103.36586 103.49123 103.62380 103.75157 103.80574 103.84957 103.85951 103.85791 103.83806 103.82457 103.80554 103.68411 103.65077 103.50354 103.48371 103.28966 103.24520 103.16506 103.14123 102.99760 102.99720 103.03649 103.07143 103.08729 103.01029 102.93809 102.84523 102.76663 102.73171 102.60631 102.61906 102.64126 102.64880 102.67180 102.70711 103.05000 103.14580 103.14580"/>
<polygon color="linen" opacity="100" xc="-4.33420 -4.24532 -4.15512 -4.11878 -4.07395 -4.06198 -4.05343 -4.02202 -4.04569 -4.05918 -4.08678 -4.12782 -4.15854 -4.18848 -4.20425 -4.44274 -4.49360 -4.52349 -4.59894 -4.70074 -4.68422 -4.47735 -4.40214 -4.37692 -4.36026 -4.33420 -4.33420" yc="103.52537 103.55951 103.59760 103.61586 103.64600 103.66626 103.70951 103.98174 104.07060 104.10274 104.12614 104.14997 104.16029 104.16666 104.16666 104.15871 104.15237 104.13649 104.06069 103.85454 103.80594 103.60317 103.53571 103.51903 103.51663 103.52537 103.52537"/>
<polygon color="linen" opacity="100" xc="-3.27349 -3.32435 -3.40363 -3.41215 -3.41954 -3.43266 -3.47115 -3.62306 -3.64891 -3.65491 -3.64345 -3.61323 -3.57948 -3.58032 -3.58120 -3.58846 -3.61238 -3.60960 -3.58632 -3.55769 -3.54186 -3.49703 -3.46369 -3.42308 -3.40726 -3.39018 -3.37182 -3.34017 -3.24529 -3.22925 -3.16326 -3.09275 -2.99574 -3.06068 -3.06923 -3.08698 -3.14317 -3.19105 -3.21795 -3.24400 -3.27349 -3.27349" yc="103.84126 103.86586 103.97023 103.99680 104.06011 104.11186 104.15314 104.25314 104.24917 104.21543 104.15474 104.10471 104.00514 103.79046 103.75791 103.72974 103.66149 103.63131 103.58966 103.54283 103.52060 103.46746 103.43729 103.41346 103.40711 103.40474 103.39917 103.38646 103.33091 103.31626 103.17537 103.24046 103.52060 103.76826 103.79523 103.82457 103.87143 103.88451 103.86426 103.84086 103.84126 103.84126"/>
<polygon color="linen" opacity="100" xc="-36.85983 -36.83420 -36.75174 -36.73780 -36.73245 -36.73225 -36.76795 -36.87049 -36.94274 -36.98334 -37.03246 -37.08886 -37.12274 -37.08717 -37.02008 -36.85983 -36.85983" yc="104.29366 104.30634 104.37023 104.39443 104.43171 104.44480 104.45157 104.43966 104.43094 104.42143 104.39443 104.35314 104.30991 104.28889 104.28331 104.29366 104.29366"/>
<polygon color="linen" opacity="100" xc="-41.53866 -41.62437 -41.65045 -41.78377 -41.90809 -41.92566 -41.95303 -41.98037 -41.99743 -42.04571 -42.04186 -41.83889 -41.75514 -41.72732 -41.71026 -41.64486 -41.59448 -41.57545 -41.54188 -41.50105 -41.53866 -41.53866" yc="104.44880 104.50554 104.51663 104.52300 104.51906 104.51906 104.50634 104.47620 104.45394 104.38809 104.34917 104.37377 104.41429 104.42697 104.42697 104.42620 104.42460 104.41546 104.36983 104.39206 104.44880 104.44880"/>
<polygon color="linen" opacity="100" xc="-37.66366 -37.70065 -37.74065 -37.78974 -37.85517 -37.92063 -38.02308 -38.06246 -38.09217 -38.12123 -38.14185 -38.13458 -38.09729 -38.05582 -38.03032 -38.00669 -37.96246 -37.90365 -37.85943 -37.79943 -37.73094 -37.67758 -37.69820 -37.73337 -37.73057 -37.71540 -37.68718 -37.66325 -37.62394 -37.60962 -37.56625 -37.58334 -37.62435 -37.58251 -37.56389 -37.54617 -37.53783 -37.54380 -37.55706 -37.57137 -37.61942 -37.66366 -37.66366" yc="104.57629 104.57966 104.56951 104.53463 104.47611 104.42094 104.33654 104.27237 104.21383 104.14854 104.08554 104.04277 103.99491 103.98874 103.99997 104.02360 104.10917 104.18231 104.22060 104.25889 104.29037 104.30951 104.38831 104.43220 104.51029 104.54283 104.56309 104.56586 104.54920 104.53411 104.42854 104.39880 104.38054 104.38174 104.39246 104.41309 104.46069 104.49563 104.52220 104.53649 104.55940 104.57629 104.57629"/>
<polygon color="linen" opacity="100" xc="-37.24166 -37.19529 -37.08758 -37.04228 -37.03889 -37.05125 -37.05726 -37.25342 -37.28374 -37.34191 -37.36582 -37.39229 -37.40812 -37.46535 -37.44615 -37.42906 -37.37995 -37.30252 -37.28718 -37.24166 -37.24166" yc="104.28489 104.30714 104.39046 104.49680 104.53809 104.58251 104.60077 104.59683 104.59126 104.56980 104.55471 104.52300 104.50077 104.40474 104.34760 104.31549 104.29917 104.28251 104.28014 104.28489 104.28489"/>
<polygon color="linen" opacity="100" xc="-61.03595 -61.11709 -61.16966 -61.20442 -61.18338 -61.14483 -60.99192 -60.94103 -60.89234 -60.86969 -60.77223 -60.72732 -60.75088 -60.80214 -60.85772 -60.89877 -60.91452 -61.03595 -61.03595" yc="104.59600 104.60949 104.62300 104.61229 104.57854 104.53966 104.42023 104.39997 104.38809 104.40314 104.49920 104.55631 104.58171 104.61029 104.59203 104.58251 104.58011 104.59600 104.59600"/>
<polygon color="linen" opacity="100" xc="-4.26626 -4.12866 -3.96494 -3.94145 -3.90577 -3.89128 -3.88952 -3.90192 -3.92269 -4.02135 -4.10345 -4.20382 -4.31068 -4.42091 -4.48974 -4.49698 -4.45883 -4.43572 -4.45652 -4.49697 -4.54829 -4.52769 -4.50832 -4.47054 -4.45345 -4.29617 -4.26626 -4.26626" yc="104.27060 104.34363 104.44046 104.45474 104.48809 104.51746 104.55037 104.57497 104.58649 104.70077 104.79600 104.92774 105.10397 105.13171 104.99680 104.86366 104.73271 104.67046 104.63397 104.62537 104.55471 104.33074 104.29840 104.28094 104.27854 104.26823 104.27060 104.27060"/>
<polygon color="linen" opacity="100" xc="-6.13929 -6.16755 -6.20945 -6.34911 -6.44874 -6.53546 -6.55623 -6.48249 -6.45428 -6.41969 -6.37972 -6.36329 -6.31837 -6.33865 -6.39318 -6.42822 -6.49400 -6.52945 -6.55988 -6.57865 -6.61198 -6.64317 -6.76392 -6.77649 -6.78292 -6.75898 -6.75388 -6.62158 -6.42178 -6.29143 -6.26346 -6.25322 -6.23508 -6.20406 -6.20706 -6.23055 -6.24020 -6.25322 -6.28460 -6.42266 -6.51025 -6.58815 -6.54146 -6.50338 -6.46878 -6.49272 -6.55280 -6.56218 -6.49357 -6.40302 -6.34785 -6.32222 -6.31109 -6.28805 -6.30126 -6.25578 -6.24100 -6.21014 -6.19380 -6.17311 -6.21049 -6.20580 -6.17948 -6.11965 -6.09102 -6.07094 -6.02225 -5.98120 -5.98591 -5.99535 -6.00449 -6.01840 -6.03465 -6.06708 -6.08457 -6.11306 -6.12962 -6.11800 -6.10578 -6.10071 -6.11292 -6.10932 -6.07326 -6.02582 -5.99277 -5.94188 -5.92540 -5.91708 -5.91048 -5.92351 -5.97305 -5.96408 -6.02223 -6.03269 -6.01883 -5.98589 -5.89829 -5.87285 -5.83742 -5.82649 -5.81965 -5.80557 -5.78932 -5.76775 -5.75166 -5.68097 -5.73223 -5.72200 -5.74294 -5.89317 -5.94657 -5.93162 -5.92778 -5.92778 -5.93248 -5.94188 -5.95745 -6.02651 -6.07051 -6.09060 -6.11538 -6.16414 -6.19103 -6.17568 -6.12202 -6.10020 -6.03463 -6.00558 -6.03977 -6.13929 -6.13929" yc="105.35037 105.37300 105.39600 105.46663 105.51506 105.54203 105.53926 105.43251 105.41826 105.41346 105.39760 105.38331 105.27380 105.26306 105.28409 105.31111 105.38331 105.41031 105.42380 105.42854 105.43011 105.41586 105.29880 105.27934 105.22697 104.91820 104.88889 104.45197 104.38809 104.39483 104.44560 104.42300 104.29680 104.04997 103.93529 103.89183 103.92300 103.95514 103.99206 104.10274 104.05474 103.85274 103.75711 103.73571 103.70871 103.64840 103.60871 103.58014 103.04760 102.92063 102.85037 102.84880 102.89126 103.09680 103.23371 103.72220 103.74760 103.72914 103.63974 103.40077 103.18251 103.15277 103.12934 103.09403 103.09286 103.11189 103.28251 103.48726 103.52460 103.58334 103.61783 103.64166 103.65554 103.65794 103.64577 103.61780 103.62583 103.68234 103.72389 103.76323 103.84023 103.88151 103.86017 103.77043 103.71506 103.64997 103.66189 103.68809 103.84203 103.86426 104.10631 104.35314 104.57737 104.60314 104.61666 104.61429 104.59997 104.59166 104.55294 104.51586 104.47140 104.44760 104.44203 104.44560 104.45871 104.56309 104.72297 105.05434 105.07380 105.13171 105.11509 105.06783 105.03014 104.99760 104.96269 104.92457 104.88451 104.76346 104.70397 104.68489 104.67300 104.69126 104.70991 104.71666 104.71903 104.73569 104.90000 105.00000 105.14837 105.35037 105.35037"/>
<polygon color="linen" opacity="100" xc="-5.28972 -5.38462 -5.58415 -5.78637 -5.91195 -6.01238 -6.16635 -6.18165 -5.97778 -5.75588 -5.76706 -5.85598 -5.89637 -5.97194 -5.95511 -5.75340 -5.69125 -5.66454 -5.67952 -5.70298 -5.68271 -5.64200 -5.59232 -5.63422 -5.62757 -5.59829 -5.50086 -5.39254 -5.33420 -5.27223 -5.08462 -4.90302 -4.85580 -4.81771 -4.74262 -4.75085 -4.76195 -4.79102 -4.90217 -5.08551 -5.12689 -5.14955 -4.98866 -4.94871 -4.92863 -4.90385 -4.80958 -4.62969 -4.56925 -4.51348 -4.49957 -4.53163 -4.50235 -4.57349 -4.69488 -4.73994 -4.87268 -5.07097 -5.10428 -5.28972 -5.28972" yc="105.75237 105.79523 105.85791 105.91269 105.94603 105.94366 105.87020 105.75634 105.57300 105.41429 105.35474 105.36029 105.37774 105.42306 105.34006 105.16326 105.22737 105.12617 105.00077 104.80989 104.71626 104.68074 104.56229 104.35157 104.17894 104.11246 104.09600 104.10114 104.14920 104.20949 104.20474 104.14800 104.16029 104.20314 104.37894 104.44123 104.61071 104.63331 104.67857 104.94677 105.03411 105.25037 105.15991 105.09086 105.00237 104.90474 104.76109 104.57337 104.59603 104.65651 104.74283 104.97934 105.29006 105.49837 105.64997 105.69640 105.71903 105.70751 105.69680 105.75237 105.75237"/>
<polygon color="linen" opacity="100" xc="-35.76777 -35.73758 -35.72094 -35.70683 -35.54185 -35.25705 -35.22269 -35.20426 -35.21752 -35.31669 -35.33245 -35.65428 -35.72777 -35.74486 -35.80902 -36.01028 -35.99962 -35.90383 -35.86325 -35.76777 -35.76777" yc="105.71269 105.75000 105.78134 105.83411 105.95474 106.06823 106.10237 106.13411 106.17060 106.21349 106.21663 106.24046 106.30554 106.30237 106.27657 105.91349 105.87377 105.70871 105.68251 105.71269 105.71269"/>
<polygon color="linen" opacity="100" xc="-61.78912 -61.75349 -61.77012 -62.02562 -62.13378 -62.15049 -62.17142 -62.17422 -62.16500 -62.08291 -62.02692 -62.00768 -61.95477 -61.95260 -61.97017 -61.92134 -61.78912 -61.78912" yc="106.19123 106.33409 106.36663 106.32460 106.29043 106.27851 106.23926 106.20394 106.17574 106.12774 106.14597 106.14440 106.12657 106.09400 106.01429 106.08409 106.19123 106.19123"/>
<polygon color="linen" opacity="100" xc="-8.91668 -8.79957 -8.65511 -8.56408 -8.53269 -8.54595 -8.57989 -8.59957 -8.63375 -8.65597 -8.68508 -8.76968 -8.78545 -8.86238 -8.97455 -8.99358 -8.95318 -8.93463 -8.84443 -8.78888 -8.79146 -8.85000 -8.86605 -8.89789 -8.94765 -8.96217 -8.98140 -8.96452 -8.91668 -8.91668" yc="105.67537 105.69600 105.73174 105.94917 106.09203 106.36189 106.43014 106.46666 106.51031 106.53689 106.55951 106.61983 106.63889 106.66189 106.64523 106.62657 106.21466 106.19523 106.18489 106.17974 106.11746 106.03014 106.01706 106.00314 105.96903 105.94286 105.68809 105.67380 105.67537 105.67537"/>
<polygon color="linen" opacity="100" xc="-7.37683 -7.36560 -7.39937 -7.42009 -7.41366 -7.40366 -7.50254 -7.52009 -7.60083 -7.65095 -7.48374 -7.41835 -7.39917 -7.37683 -7.37683" yc="106.57060 106.69837 106.74640 106.83014 106.86189 106.90037 106.93649 106.93809 106.92063 106.88291 106.65554 106.58251 106.56189 106.57060 106.57060"/>
<polygon color="linen" opacity="100" xc="-7.60834 -7.65466 -7.93505 -8.23375 -8.29555 -8.33248 -8.36882 -8.48571 -8.53334 -8.42820 -8.49102 -8.64377 -8.68548 -8.71926 -8.66966 -8.54145 -8.46923 -8.39614 -8.21271 -8.24828 -8.31603 -8.27391 -8.24091 -8.24122 -8.25746 -8.15129 -8.09746 -8.03548 -8.00129 -7.93142 -7.88354 -7.92992 -7.96026 -8.00331 -7.85511 -7.82951 -7.77220 -7.50286 -7.45662 -7.60002 -7.69231 -7.73837 -7.76538 -7.68418 -7.51192 -7.32568 -7.16089 -7.11152 -7.10937 -7.11111 -7.11540 -7.09228 -7.08843 -7.09612 -7.10597 -7.14488 -7.20683 -7.27092 -7.36069 -7.38122 -7.44017 -7.60834 -7.60834" yc="106.75674 106.81743 107.07300 107.28011 107.29683 107.29006 107.26983 107.15714 106.89283 106.75397 106.71429 106.75554 106.75674 106.70226 106.60951 106.45000 106.40791 106.42140 106.41486 106.26226 106.18617 105.99600 105.91923 105.59443 105.23489 105.10474 105.09683 105.14600 105.16823 105.21109 105.22220 104.97617 104.91109 104.81626 104.55811 104.55394 104.59126 104.81666 104.81029 104.57300 104.53069 104.50057 104.37420 104.18966 103.84440 103.48963 103.33171 103.57143 103.95871 104.20711 104.39286 104.50157 104.57697 104.80714 104.93926 105.13414 105.41903 105.68254 106.05869 106.19243 106.42934 106.75674 106.75674"/>
<polygon color="linen" opacity="100" xc="-35.70855 -35.71454 -35.72392 -35.74186 -35.78637 -35.80389 -35.92820 -36.08802 -36.10854 -36.12606 -36.19340 -36.20780 -36.08291 -35.83891 -35.81454 -35.76751 -35.72905 -35.70855 -35.70855" yc="108.02854 108.08809 108.11903 108.16111 108.25634 108.28889 108.38966 108.48331 108.49206 108.48886 108.44643 108.37397 108.23966 108.08411 108.06903 108.04286 108.02297 108.02854 108.02854"/>
<polygon color="linen" opacity="100" xc="-35.56454 -35.67308 -35.73932 -35.78251 -35.83825 -35.78871 -35.73932 -35.68632 -35.65214 -35.46335 -35.53329 -35.61626 -35.68162 -35.71237 -36.10872 -36.11302 -36.07712 -36.00929 -35.87771 -36.16335 -36.20217 -36.22332 -36.23860 -36.24337 -36.26323 -36.37395 -36.51086 -36.54188 -36.77482 -36.81434 -36.82649 -36.81134 -36.76154 -36.70512 -36.59938 -36.53329 -36.47755 -36.42886 -36.32520 -36.28552 -36.30428 -36.38249 -36.41498 -36.54466 -36.72234 -36.66965 -36.62928 -36.52683 -36.41838 -36.38763 -36.36155 -36.50940 -36.55432 -36.59189 -36.61711 -36.75452 -36.77351 -36.78846 -36.79829 -36.80386 -36.81605 -36.92622 -36.96923 -37.24186 -37.30680 -37.45895 -37.71842 -37.87175 -37.90645 -38.04274 -38.15300 -38.10952 -38.04549 -37.98826 -37.86089 -37.75260 -37.73483 -37.71605 -37.71968 -37.72865 -37.73555 -37.62775 -37.54446 -37.51372 -37.47438 -37.43589 -37.38718 -37.38122 -37.35728 -37.29698 -37.16838 -37.08649 -37.08629 -37.29657 -37.34658 -37.40845 -37.43760 -37.47031 -37.50769 -37.59917 -37.62886 -37.66409 -37.65106 -37.45385 -37.41666 -37.30169 -37.14618 -37.11451 -36.95469 -37.00258 -37.04317 -37.06923 -37.12972 -37.07649 -37.04272 -37.00448 -36.96155 -36.93463 -36.85291 -36.60320 -36.52112 -36.64062 -36.77566 -36.86172 -36.87223 -36.83995 -36.76648 -36.73372 -36.72049 -36.69271 -36.65725 -36.62397 -36.70694 -36.77138 -36.84531 -37.03548 -37.10854 -37.13675 -36.90148 -36.86474 -36.79063 -36.57523 -36.50045 -36.35855 -36.31752 -36.23718 -36.29957 -36.45597 -36.53771 -36.50362 -36.31088 -36.27778 -36.23292 -36.16069 -36.03975 -35.95980 -35.95509 -35.84872 -35.77843 -35.64552 -35.60045 -35.53546 -35.48845 -35.36025 -35.31774 -35.34954 -35.39126 -35.43805 -35.47500 -35.50662 -35.65365 -35.64135 -35.24148 -35.22672 -35.15062 -35.11626 -34.92949 -34.89529 -34.82140 -34.77045 -34.81731 -35.03549 -35.08375 -35.13909 -35.34858 -35.38740 -35.44152 -35.42225 -35.27222 -34.97080 -34.85000 -34.65298 -34.40277 -34.36272 -34.17909 -34.08046 -34.09777 -34.36708 -34.46989 -34.50002 -34.51580 -34.69477 -34.58291 -34.53548 -34.50088 -34.43678 -34.35374 -34.39017 -34.58035 -34.61194 -34.75726 -34.80554 -34.91029 -35.07906 -35.15371 -35.17006 -35.16505 -35.19614 -35.26242 -35.24554 -35.19968 -35.12414 -35.09765 -35.13972 -35.30766 -35.38423 -35.43505 -35.56454 -35.56454" yc="108.42857 108.49600 108.54760 108.57817 108.55554 108.44640 108.42857 108.40314 108.35791 108.08649 108.10791 108.18251 108.10714 107.96666 108.11683 108.02954 107.97637 107.96806 107.79214 107.50989 107.59523 107.67577 107.86703 108.03331 108.08371 108.18889 108.29283 108.27774 108.09049 108.02380 107.94203 107.79443 107.72557 107.71583 107.69837 107.67854 107.65751 107.62894 107.53689 107.44411 107.42537 107.52300 107.53886 107.57060 107.55237 107.28014 106.86743 106.62497 106.54246 106.53571 106.50277 106.56666 106.59957 106.64049 106.67377 106.88491 106.93649 106.99203 107.06346 107.14086 107.21069 107.54503 107.57537 107.61903 107.61269 107.55791 107.36746 107.19600 107.15714 106.92063 106.52380 106.48986 106.50157 106.51189 106.45991 106.24123 106.13569 105.92894 105.86823 105.80314 105.70274 105.65154 105.62217 105.59443 105.55631 105.51666 105.43669 105.28249 105.29840 105.35474 105.59840 105.95237 106.04423 106.05237 106.04163 105.99046 105.91983 105.86626 105.84600 105.86466 105.89086 105.97934 106.06317 106.13651 106.13651 106.13411 106.12854 106.12300 106.02191 105.94600 105.90831 105.85791 105.69997 105.61389 105.61703 105.65671 105.76546 105.81506 105.90854 106.15117 106.08211 105.99680 105.89600 105.69640 105.59520 105.59046 105.60751 105.64480 105.69760 105.77220 105.74363 105.63806 105.52380 105.49403 105.44957 105.26109 105.11426 104.97617 104.96706 104.98014 105.04443 105.25237 105.36583 105.52220 105.53131 105.65791 105.84720 105.85474 105.84066 105.88846 105.94800 105.94603 105.92380 105.89560 106.08649 106.19997 106.22537 106.31506 106.36823 106.34243 106.33094 106.32060 106.33331 106.40474 106.44503 106.51426 106.55037 106.56666 106.54443 106.53611 106.57854 106.70294 106.64880 106.58131 106.48689 106.48331 106.49680 106.52220 106.62220 106.78183 106.86269 107.02380 107.05314 107.06386 107.02637 106.98171 106.95226 107.06069 107.19126 107.15474 107.04443 106.96029 106.92300 106.93571 107.30714 107.45197 107.50314 107.52300 107.47657 107.43889 107.44203 107.72637 107.86111 107.91109 107.93569 107.97143 108.05406 108.10951 108.29480 108.31426 108.37300 108.36426 108.23014 108.16803 108.09897 107.98291 107.85474 107.79680 107.87934 108.09960 108.22917 108.26863 108.31306 108.35554 108.42060 108.41814 108.38171 108.42857 108.42857"/>
<polygon color="linen" opacity="100" xc="-9.88465 -9.87051 -9.81580 -9.82375 -9.80920 -9.77611 -9.73911 -9.75469 -9.83289 -9.92989 -9.95938 -9.98185 -10.06432 -10.08548 -10.07177 -10.05043 -9.91068 -9.88465 -9.88465" yc="108.15474 108.18331 108.32774 108.44786 108.52586 108.57389 108.59283 108.62380 108.70557 108.82457 108.83886 108.83409 108.75631 108.62023 108.45949 108.33729 108.13091 108.15474 108.15474"/>
<polygon color="linen" opacity="100" xc="-35.66966 -35.71152 -35.75385 -35.78162 -35.79852 -35.82266 -35.85426 -35.87735 -36.02415 -35.95338 -35.93115 -35.91323 -35.70854 -35.48292 -35.45428 -35.36368 -35.34569 -35.32565 -35.23678 -35.21774 -35.24103 -35.33631 -35.47052 -35.66966 -35.66966" yc="108.83569 108.87220 108.91903 108.96109 108.97737 108.98251 108.97300 108.95634 108.74483 108.68689 108.68014 108.68331 108.65791 108.55317 108.54283 108.51743 108.51663 108.51743 108.53091 108.54463 108.57540 108.61666 108.67300 108.83569 108.83569"/>
<polygon color="linen" opacity="100" xc="-8.83503 -8.89125 -8.94283 -9.11263 -9.16817 -9.43782 -9.50780 -9.48806 -9.58120 -9.64532 -9.76600 -9.89486 -9.87435 -9.83806 -9.80469 -9.54443 -9.38374 -9.32391 -9.28238 -9.31386 -9.56238 -9.70089 -9.74975 -9.78655 -9.77851 -9.85192 -9.80457 -9.77394 -9.54145 -9.42392 -9.34660 -9.21748 -9.15589 -9.22265 -9.32711 -9.27691 -9.15682 -9.07138 -8.98118 -8.91475 -8.89565 -8.93032 -9.02349 -9.05558 -9.08675 -9.18395 -9.23312 -9.15683 -8.97757 -8.81451 -8.75086 -8.61835 -8.53218 -8.54229 -8.57040 -8.74998 -8.92442 -8.84746 -8.81625 -8.76497 -8.71840 -8.68422 -8.64957 -8.56112 -8.39271 -8.11369 -7.87649 -7.82603 -7.78354 -7.67431 -7.46845 -7.45268 -7.55823 -7.58635 -7.62691 -7.76198 -7.84400 -7.95002 -8.05086 -8.14918 -8.18120 -8.24612 -8.28074 -8.54998 -8.68808 -8.81283 -8.91731 -9.04668 -8.99166 -8.95705 -8.79700 -8.54746 -8.21195 -8.10388 -8.04805 -7.99871 -7.88246 -7.82992 -7.76115 -7.70042 -7.63802 -7.72286 -7.76709 -7.82011 -7.87818 -7.91498 -7.99806 -7.95002 -7.72095 -7.64617 -7.55578 -7.54660 -7.57009 -7.59358 -7.84528 -8.31775 -8.38834 -8.44446 -8.52520 -8.55172 -8.64355 -8.68808 -8.78118 -8.89072 -8.77011 -8.70258 -8.63106 -8.48260 -8.43609 -8.47392 -8.59228 -8.83503 -8.83503" yc="109.30314 109.35751 109.35434 109.22417 109.14800 109.20117 109.07477 108.85154 108.99680 109.19026 109.20117 108.88809 108.82774 108.76823 108.72377 108.42934 108.25237 108.19203 108.13411 108.13131 108.37537 108.53331 108.53966 108.47537 108.39383 108.06494 108.10474 108.09443 107.84920 107.71106 107.56349 107.51823 107.46171 107.42934 107.43083 107.33491 107.23171 107.17140 107.09837 107.02657 106.95591 106.96346 107.05157 107.08846 107.13409 107.19443 107.19443 107.05471 106.82023 106.76109 106.75077 106.89757 107.04500 107.24049 107.38789 107.54760 107.88540 107.86586 107.85080 107.81823 107.78174 107.75471 107.72697 107.63569 107.51346 107.31349 107.13569 107.07774 107.02714 107.00154 107.02497 107.41843 107.85674 107.88411 107.88809 107.86031 107.83806 107.79203 107.77457 107.80474 107.87777 107.99206 108.01983 108.20077 108.29046 108.33334 108.37340 108.54997 108.54243 108.51543 108.41109 108.29363 108.07220 107.97617 107.94203 107.93094 107.92697 107.94840 107.94366 107.94154 108.02737 108.15117 108.19680 108.21269 108.23371 108.26823 108.39103 108.38966 108.25474 108.24363 108.34286 108.52100 108.62023 108.66269 108.84043 108.96426 108.91466 108.76666 108.60791 108.57220 108.46189 108.46346 108.50951 108.69306 108.72974 108.69840 108.69243 108.86823 109.02300 109.07320 109.13329 109.30314 109.30314"/>
<polygon color="linen" opacity="100" xc="-6.85298 -6.88505 -6.93420 -6.94745 -7.00942 -7.02608 -7.05214 -7.16243 -7.18632 -7.20408 -7.16220 -7.13634 -7.11877 -7.08928 -7.05106 -7.00858 -6.93678 -6.91534 -6.88825 -6.84786 -6.82862 -6.81152 -6.71622 -6.57908 -6.55600 -6.57822 -6.85298 -6.85298" yc="109.46663 109.49680 109.53171 109.53726 109.54523 109.54523 109.53886 109.47617 109.46189 109.42734 109.34480 109.30397 109.28171 109.25077 109.21703 109.20237 109.19363 109.20034 109.20989 109.21109 109.20711 109.20077 109.16029 109.11666 109.13906 109.17854 109.46663 109.46663"/>
<polygon color="linen" opacity="100" xc="-7.21892 -7.23898 -7.37994 -7.61560 -7.64935 -7.62008 -7.55771 -7.36315 -7.23202 -7.22662 -7.25022 -7.23975 -7.16558 -7.12669 -7.09271 -7.06066 -7.03591 -7.00642 -6.92909 -6.87006 -6.74228 -6.69689 -6.93697 -6.99968 -7.03206 -7.01028 -6.96411 -6.86045 -6.74229 -6.68142 -6.64071 -6.68611 -6.91712 -7.09740 -7.10811 -7.06749 -7.04060 -6.88878 -6.40602 -6.27185 -6.30766 -6.41731 -6.25246 -6.22008 -6.11154 -6.06645 -5.94249 -5.98418 -6.13649 -6.24040 -6.22948 -6.15834 -5.94571 -5.96023 -5.99148 -6.03440 -6.04840 -6.16285 -6.43334 -6.53369 -6.57095 -6.64551 -6.59785 -6.52112 -6.42457 -6.39171 -6.36926 -6.32242 -6.29537 -6.25898 -6.14826 -6.12646 -6.09271 -5.98975 -5.96280 -5.99232 -6.02140 -6.15945 -6.27394 -6.36371 -6.40320 -6.42020 -6.46452 -6.60898 -6.66900 -6.70297 -6.76752 -6.84912 -7.00809 -7.07946 -7.13418 -7.18206 -7.21892 -7.21892" yc="109.05057 109.18431 109.45314 109.72994 109.61983 109.42657 109.15791 108.87400 108.07380 107.94363 107.83094 107.76426 107.43689 107.37143 107.31903 107.25000 107.15951 107.16506 107.20077 107.23729 107.28034 107.26089 107.10691 107.10991 107.10671 107.06346 106.97854 106.83171 106.80037 106.82023 106.66149 106.65394 106.77497 106.35711 106.03094 105.82063 105.79203 105.79740 106.25474 106.48291 106.56031 106.80254 106.72417 106.65554 106.57457 106.57994 106.75871 106.92674 107.00714 107.04443 107.11743 107.10711 107.02380 107.11189 107.15714 107.23649 107.32063 107.56666 108.04126 108.16349 108.21029 108.65991 108.79206 108.76229 108.60989 108.54880 108.44126 108.21943 108.13889 108.08729 107.91029 107.81109 107.66980 107.58649 107.63649 107.87617 108.03646 108.38886 108.59523 108.71903 108.92911 109.02794 109.03966 109.00551 108.98211 108.98609 109.02060 109.07657 109.10234 109.06269 109.03091 109.02814 109.05057 109.05057"/>
<polygon color="linen" opacity="100" xc="-34.68717 -34.82863 -34.85258 -34.95302 -35.05854 -35.06366 -35.07349 -35.40429 -35.44231 -35.46305 -35.54509 -35.49466 -35.40942 -35.30471 -35.23422 -35.25428 -35.40386 -35.52265 -35.65620 -35.68848 -35.70769 -35.72502 -35.73909 -35.72434 -35.64443 -35.61328 -35.59702 -35.49191 -35.44317 -35.43462 -35.39511 -35.25215 -35.15726 -35.05003 -35.03334 -34.91666 -34.85558 -34.80980 -34.76709 -34.76023 -34.59783 -34.46755 -34.27265 -34.29789 -34.33998 -34.41132 -34.32863 -34.31326 -34.26798 -34.21688 -34.18118 -34.18289 -34.18911 -34.14105 -34.02475 -33.99998 -33.96966 -33.94063 -33.83288 -33.80426 -33.78931 -33.79335 -33.82008 -34.27994 -34.31068 -34.38674 -34.47225 -34.68717 -34.68717" yc="109.88729 109.94203 109.93726 109.87300 109.74917 109.64046 109.37934 109.43889 109.43889 109.42894 109.31903 109.24997 109.20789 109.12974 109.04997 109.04680 109.08331 109.14046 109.19006 109.17617 109.15554 109.12457 109.04600 109.01029 108.89126 108.86349 108.86029 108.83014 108.72457 108.71349 108.68371 108.60237 108.55117 108.55314 108.56666 108.72377 108.74363 108.79603 108.91903 108.94997 108.92697 108.91426 108.94126 109.00871 109.00514 109.12657 109.27974 109.29366 109.32063 109.32063 109.21109 109.17734 109.15037 109.06983 108.99283 108.99877 109.01823 109.04840 109.18809 109.23729 109.36586 109.49523 109.55314 109.77457 109.78331 109.77300 109.60911 109.88729 109.88729"/>
<polygon color="linen" opacity="100" xc="-34.60595 -34.58029 -34.56069 -34.54292 -34.42603 -34.37266 -34.36923 -34.38246 -34.41323 -34.43374 -34.46154 -34.58246 -34.70895 -34.85857 -34.82114 -34.80383 -34.68505 -34.65642 -34.62397 -34.60595 -34.60595" yc="109.92063 109.93566 109.95554 109.98649 110.18091 110.26663 110.29206 110.36943 110.38809 110.38729 110.37457 110.30631 110.23091 110.12974 110.02697 110.00437 109.93566 109.92537 109.91823 109.92063 109.92063"/>
<polygon color="linen" opacity="100" xc="-47.62606 -47.60597 -47.57780 -47.55643 -47.54231 -47.21505 -47.30211 -47.32223 -47.34660 -47.45726 -47.48334 -47.51412 -47.59405 -47.61197 -47.75728 -47.78503 -47.86631 -47.82480 -47.82777 -47.62606 -47.62606" yc="110.16269 110.16583 110.18014 110.19920 110.22380 110.89920 110.86349 110.83491 110.80951 110.73251 110.71666 110.70394 110.69126 110.68649 110.59997 110.57657 110.44366 110.24520 110.16269 110.16269 110.16269"/>
<polygon color="linen" opacity="100" xc="-31.82822 -31.77609 -31.75772 -31.74143 -31.72692 -31.71109 -31.70725 -31.72197 -31.75129 -31.79485 -31.81152 -31.83228 -31.96305 -31.94509 -31.86838 -31.82822 -31.82822" yc="112.30989 112.36823 112.38966 112.41269 112.43809 112.48171 112.51663 112.54760 112.56903 112.58569 112.58966 112.58331 112.35951 112.33689 112.30234 112.30989 112.30989"/>
<polygon color="linen" opacity="100" xc="-36.01049 -35.97952 -35.95769 -35.91668 -35.92991 -35.98934 -36.00474 -36.04914 -36.06538 -36.18271 -36.23417 -36.23398 -36.20600 -36.17822 -36.15943 -36.01049 -36.01049" yc="112.37540 112.39523 112.41426 112.46269 112.51663 112.57854 112.59126 112.60631 112.60157 112.52897 112.47060 112.39443 112.37300 112.36029 112.35951 112.37540 112.37540"/>
<polygon color="linen" opacity="100" xc="-22.40428 -22.37266 -22.23886 -22.18591 -22.17097 -22.05172 -22.00600 -21.93166 -21.90466 -21.87777 -21.86294 -21.89488 -21.94063 -21.96752 -22.07905 -22.11154 -22.21923 -22.31369 -22.34403 -22.39508 -22.46368 -22.44506 -22.40428 -22.40428" yc="113.76983 113.79920 113.95077 114.02060 114.04680 114.15077 114.18886 114.23729 114.25077 114.26586 114.29663 114.31031 114.29680 114.28331 114.19600 114.16743 114.07220 113.98411 113.95157 113.88969 113.74520 113.74006 113.76983 113.76983"/>
<polygon color="linen" opacity="100" xc="-27.72760 -27.58508 -27.56155 -27.52906 -27.50897 -27.45812 -27.43075 -27.42135 -27.41091 -27.41517 -27.46174 -27.51282 -27.69277 -27.73677 -27.75965 -27.75728 -27.72760 -27.72760" yc="114.13609 114.20711 114.22457 114.25237 114.27380 114.34363 114.39920 114.42617 114.45631 114.48849 114.51866 114.47774 114.27297 114.21586 114.16743 114.13529 114.13609 114.13609"/>
<polygon color="linen" opacity="100" xc="-27.60686 -27.50254 -27.52072 -27.63652 -27.84526 -27.90943 -27.90578 -27.87734 -27.60686 -27.60686" yc="114.50394 114.58251 114.61466 114.72377 114.46029 114.33174 114.28054 114.27260 114.50394 114.50394"/>
<polygon color="linen" opacity="100" xc="-28.04486 -28.01326 -27.93057 -27.85255 -27.82906 -27.82608 -27.81152 -27.74917 -27.74745 -27.77928 -28.03757 -28.15429 -28.16475 -28.13378 -28.07908 -28.04486 -28.04486" yc="114.34203 114.35157 114.40077 114.49523 114.54760 114.59603 114.65154 114.81189 114.82000 114.83926 114.59523 114.44443 114.36466 114.34443 114.33569 114.34203 114.34203"/>
<polygon color="linen" opacity="100" xc="-27.46151 -27.25215 -26.97097 -26.89317 -26.90362 -26.89617 -26.52137 -26.50338 -26.48335 -26.43269 -26.35382 -26.29658 -26.13032 -26.09831 -26.05812 -26.03508 -26.29978 -26.32648 -26.35682 -26.39615 -26.45168 -26.46325 -26.47586 -26.46492 -26.67222 -26.73120 -26.74122 -26.77565 -26.81752 -26.83974 -26.88546 -27.08374 -27.18717 -27.37268 -27.52854 -27.55428 -27.51902 -27.49525 -27.47815 -27.46151 -27.46151" yc="113.64840 113.75554 113.86269 114.06626 114.09523 114.12577 114.65474 114.67774 114.69840 114.73926 114.79283 114.83729 114.97617 115.02540 115.10394 115.16229 115.37220 115.37377 115.36346 115.34203 115.29520 115.27617 115.12140 115.05394 114.79680 114.70157 114.65571 114.60394 114.56426 114.54600 114.51031 114.36346 114.30397 114.08809 113.83649 113.69306 113.65317 113.64600 113.64520 113.64840 113.64840"/>
<polygon color="linen" opacity="100" xc="-27.81451 -27.74405 -27.72375 -27.70855 -27.66751 -27.65938 -27.67091 -27.69231 -27.73334 -27.80255 -27.82265 -27.89789 -27.91178 -27.90838 -27.85297 -27.83378 -27.81451 -27.81451" yc="115.09363 115.10157 115.11191 115.14760 115.29680 115.34837 115.38649 115.38649 115.37063 115.33729 115.31663 115.22854 115.19206 115.15711 115.09523 115.09286 115.09363 115.09363"/>
<polygon color="linen" opacity="100" xc="-23.27157 -23.25468 -23.21238 -23.20683 -23.22820 -23.25082 -23.47523 -23.50898 -23.45342 -23.41023 -23.29443 -23.27157 -23.27157" yc="115.15911 115.18331 115.42697 115.46983 115.47297 115.45551 115.27140 115.23531 115.19366 115.17300 115.15551 115.15911 115.15911"/>
<polygon color="linen" opacity="100" xc="-55.55428 -55.55257 -55.56634 -55.61671 -55.69280 -55.87092 -56.03938 -56.09211 -56.14746 -56.44405 -56.62243 -56.60695 -56.66626 -56.76114 -56.81795 -57.03378 -57.19149 -57.23374 -57.34751 -57.41074 -57.47137 -57.54465 -57.56625 -57.40991 -57.32826 -57.17097 -57.12375 -57.04552 -56.91966 -56.85946 -56.30474 -56.11666 -56.06197 -56.01882 -55.84042 -55.77402 -55.68228 -55.64194 -55.57311 -55.52014 -55.55214 -55.60909 -55.68329 -55.74118 -55.70646 -55.65623 -55.56643 -55.21034 -55.05643 -54.96751 -54.86375 -54.78803 -54.72948 -54.70068 -54.68166 -54.74702 -54.78015 -54.82998 -54.87611 -54.90511 -54.89191 -54.88417 -54.89898 -54.93975 -55.03982 -55.06972 -55.18818 -55.24557 -55.26586 -55.35258 -55.42997 -55.48509 -55.55428 -55.55428" yc="115.43449 115.45791 115.48986 115.51586 115.40634 115.35711 115.37217 115.38411 115.36823 115.20634 115.05591 114.97100 114.87637 114.87380 114.87857 114.92537 114.94680 114.95237 114.94837 114.94200 114.92137 114.87380 114.82691 114.55869 114.47454 114.32380 114.28249 114.26466 114.28249 114.21426 113.85829 113.85949 113.87223 113.86266 113.76363 113.70123 113.59203 113.58091 113.58649 113.63123 113.72934 113.77180 113.78726 113.82717 113.87854 113.89443 113.86069 113.92534 114.00631 114.02851 114.01346 114.00631 114.03766 114.08211 114.22934 114.20929 114.19757 114.27454 114.45471 114.72534 114.89043 115.07300 115.13291 115.16580 115.23489 115.24917 115.26960 115.24243 115.19800 115.19600 115.20869 115.22694 115.43449 115.43449"/>
<polygon color="linen" opacity="100" xc="-25.15982 -25.17392 -25.17820 -25.29148 -25.43955 -25.50898 -25.54398 -25.56643 -25.68631 -25.70088 -25.71622 -25.72742 -25.71665 -25.69040 -25.58462 -25.56423 -25.54978 -25.56872 -25.54129 -25.51963 -25.36238 -25.43858 -25.47026 -25.53691 -25.58411 -25.65831 -25.64148 -25.58120 -25.56472 -25.53438 -25.50255 -25.41114 -25.34400 -25.31920 -25.25512 -25.14958 -25.09272 -24.87394 -24.76454 -24.73931 -24.80766 -24.83208 -24.85343 -24.87266 -24.92437 -25.06197 -25.09272 -25.13846 -25.15982 -25.15982" yc="115.45000 115.46266 115.55354 115.60871 115.66149 115.66426 115.65197 115.63331 115.47697 115.45077 115.40474 115.36069 115.31111 115.28649 115.27220 115.27243 115.28969 115.29969 115.32697 115.33574 115.33054 115.26309 115.24474 115.19997 115.16760 115.09523 115.05077 114.98886 114.97460 114.96823 114.98726 115.10000 115.15551 115.17140 115.20949 115.26663 115.29046 115.37537 115.40791 115.43926 115.52063 115.52854 115.53014 115.52931 115.51983 115.47457 115.46426 115.44917 115.45000 115.45000"/>
<polygon color="linen" opacity="100" xc="-27.27689 -27.21538 -27.12868 -27.11582 -27.10128 -27.11771 -27.22926 -27.35362 -27.41198 -27.47178 -27.50128 -27.53592 -27.55343 -27.42478 -27.36838 -27.33977 -27.31925 -27.26708 -27.13163 -27.12218 -27.11238 -27.15558 -27.20811 -27.22566 -27.24915 -27.27689 -27.27689" yc="115.40197 115.46029 115.49283 115.49763 115.51386 115.63726 115.74403 115.65351 115.51906 115.34760 115.23489 115.09603 114.95634 114.80631 114.75871 114.75554 114.76546 114.88569 115.30554 115.33649 115.39520 115.40554 115.37617 115.36306 115.36029 115.40197 115.40197"/>
<polygon color="linen" opacity="100" xc="-65.41583 -65.46885 -65.50255 -65.52949 -65.74318 -65.76795 -65.91455 -65.94491 -65.96108 -65.97698 -66.00088 -66.03163 -66.04383 -66.03889 -66.02182 -66.02289 -66.04280 -66.07482 -66.17142 -66.20558 -66.23232 -66.15478 -66.12522 -66.05648 -65.89914 -65.79708 -65.76628 -65.74955 -65.73311 -65.53715 -65.51838 -65.47991 -65.45129 -65.41162 -65.36409 -65.20385 -65.16366 -65.14442 -65.12374 -65.09742 -65.04620 -65.00991 -64.97734 -64.93551 -65.19958 -65.21931 -65.26711 -65.28418 -65.31648 -65.35645 -65.41583 -65.41583" yc="115.39523 115.40791 115.41743 115.43169 115.55317 115.56977 115.67140 115.70234 115.72620 115.75000 115.78649 115.85394 115.89043 115.92417 115.95869 116.00434 116.01186 115.99323 115.89440 115.85551 115.70234 115.66583 115.65314 115.62137 115.50869 115.42697 115.39597 115.35474 115.34003 115.21429 115.21109 115.21346 115.22534 115.24677 115.26029 115.26189 115.25869 115.25551 115.24483 115.21983 115.15077 115.15471 115.16266 115.18609 115.40237 115.41426 115.42137 115.41823 115.39960 115.38886 115.39523 115.39523"/>
<polygon color="linen" opacity="100" xc="-24.99529 -24.81449 -24.70214 -24.48848 -24.27780 -24.25471 -24.23282 -24.25814 -24.52608 -24.55962 -24.77646 -24.91840 -25.04403 -25.06842 -25.08418 -25.10598 -25.12009 -25.10726 -25.01455 -24.99529 -24.99529" yc="115.58569 115.62934 115.68011 115.79283 115.92537 115.94520 115.98011 116.04683 115.96823 115.95117 115.82617 115.78489 115.76823 115.75951 115.74443 115.70514 115.61031 115.59283 115.58489 115.58569 115.58569"/>
<polygon color="linen" opacity="100" xc="-27.87560 -27.84315 -27.83782 -27.85895 -27.88203 -27.90514 -27.93075 -27.95257 -27.99148 -28.02180 -28.04937 -28.04720 -28.03546 -27.93462 -27.91540 -27.87560 -27.87560" yc="116.14917 116.18849 116.22140 116.38569 116.42777 116.44600 116.45397 116.45474 116.45157 116.44126 116.35314 116.31903 116.28171 116.12143 116.11706 116.14917 116.14917"/>
<polygon color="linen" opacity="100" xc="-27.58292 -27.55749 -27.58675 -27.59917 -27.63717 -27.72738 -27.73805 -27.75729 -27.79231 -27.85298 -27.88505 -27.89895 -27.89786 -27.88012 -27.85640 -27.72052 -27.58292 -27.58292" yc="116.59126 116.62083 116.78411 116.81191 116.86426 116.93014 116.93649 116.93886 116.93171 116.89920 116.74680 116.64997 116.57934 116.55634 116.54763 116.54206 116.59126 116.59126"/>
<polygon color="linen" opacity="100" xc="-49.81151 -49.76835 -49.75523 -49.81066 -49.84234 -49.87737 -50.09531 -50.21669 -50.23418 -50.25129 -50.27182 -50.31023 -50.31325 -50.29702 -50.27800 -50.16492 -50.09617 -49.81151 -49.81151" yc="124.41269 124.53886 124.56069 124.66109 124.67220 124.67854 124.67220 124.63331 124.62614 124.61071 124.58094 124.51903 124.49046 124.46189 124.44760 124.41109 124.39603 124.41269 124.41269"/>
<polygon color="linen" opacity="100" xc="-63.79320 -63.90771 -64.06734 -64.05217 -64.04663 -64.09725 -64.19874 -64.19148 -64.21791 -64.25280 -64.31649 -64.37074 -64.38588 -64.34575 -64.31158 -64.21368 -64.16837 -64.12778 -63.92180 -63.77694 -63.73374 -63.57826 -63.54529 -63.51309 -63.48422 -63.44823 -63.23325 -63.10514 -63.01669 -62.86654 -62.79217 -62.43380 -62.38638 -62.27922 -62.15985 -62.09571 -62.02908 -61.99402 -62.02440 -62.06443 -62.09815 -62.15558 -62.25657 -62.28589 -62.37483 -62.45385 -62.50385 -62.81240 -62.85103 -63.01443 -63.08632 -62.86603 -62.82086 -62.77992 -62.74771 -62.52418 -62.47358 -62.41323 -62.32222 -61.89848 -61.86435 -61.88365 -61.93552 -61.77142 -61.66494 -61.49746 -61.41875 -61.48828 -61.37442 -61.23892 -61.21498 -61.13206 -61.16629 -61.15326 -61.03142 -60.98937 -60.91500 -60.89626 -60.88508 -60.86583 -60.78828 -60.49408 -60.42823 -60.31840 -60.22952 -60.00037 -59.80511 -59.76925 -59.71588 -59.68806 -59.56392 -59.53980 -59.56495 -59.84108 -59.94277 -60.00040 -60.07055 -60.29146 -60.32631 -60.24452 -60.20171 -60.15385 -60.11398 -60.16915 -60.20686 -60.26155 -60.31348 -60.39020 -60.64126 -60.69875 -60.75215 -60.80685 -60.86166 -60.88120 -60.91888 -61.00600 -61.10240 -61.29915 -61.42055 -61.58809 -61.61752 -61.64017 -61.69692 -61.75262 -61.79985 -61.83462 -61.97288 -62.00003 -62.04488 -62.24272 -62.28592 -62.63249 -62.67085 -62.74022 -62.93680 -62.96922 -63.03763 -63.17434 -63.24205 -63.36332 -63.40045 -63.49582 -63.57742 -63.65342 -63.60958 -63.56531 -63.61709 -63.65338 -63.79320 -63.79320" yc="124.59046 124.61109 124.88446 125.00611 125.06980 125.11486 125.11249 125.00077 124.76109 124.70477 124.68051 124.49800 124.31029 124.12300 124.04677 123.94443 123.91820 123.89680 123.79363 123.75594 123.76506 123.82854 123.88094 123.94283 123.97817 123.99677 124.09046 124.08886 124.07934 124.05289 124.03131 123.90871 123.88729 123.82437 123.72694 123.66426 123.58489 123.53729 123.58249 123.63177 123.66891 123.72537 123.81194 123.83171 123.88489 123.91980 123.93729 124.04280 124.05283 124.08146 124.10234 124.17534 124.15194 124.08569 124.06309 123.98571 123.99300 123.97380 123.92931 123.65411 123.57420 123.44660 123.42714 123.37854 123.40789 123.29123 123.22286 123.29554 123.29083 123.21503 123.17774 123.02060 122.88251 122.74997 122.69757 122.70791 122.79914 122.90134 122.97697 123.02257 123.12774 123.38449 123.41506 123.43906 123.42734 123.35514 123.29363 123.30077 123.32177 123.34757 123.51583 123.68726 123.73091 123.80077 123.81743 123.82423 123.83249 123.84043 123.82911 123.80077 123.80077 123.78926 123.75471 123.70949 123.70557 123.70911 123.72734 123.82143 123.85194 123.84480 123.85314 123.86903 123.92100 124.02377 124.06029 124.10469 124.10831 124.14680 124.22457 124.38249 124.50237 124.55871 124.63131 124.63886 124.65114 124.67217 124.80531 124.84043 124.84597 124.86746 124.86663 124.72257 124.67457 124.61386 124.49203 124.48889 124.49520 124.52931 124.57934 124.62057 124.63091 124.65394 124.66823 124.65529 124.65471 124.62954 124.59283 124.58489 124.59046 124.59046"/>
<polygon color="linen" opacity="100" xc="-56.28888 -56.25729 -55.82735 -55.70852 -55.64854 -55.66328 -55.72737 -55.77782 -55.87862 -55.97305 -56.06709 -56.10168 -56.30511 -56.40495 -56.28888 -56.28888" yc="131.76109 131.77931 131.97217 132.02537 132.05434 132.06583 132.06583 132.05631 132.02140 131.98326 131.94520 131.92854 131.81029 131.72940 131.76109 131.76109"/>
<polygon color="linen" opacity="100" xc="-54.40683 -53.91968 -53.65682 -53.63717 -53.50708 -53.49234 -53.48238 -53.87654 -54.02691 -54.06885 -54.49358 -54.51278 -54.54486 -54.56686 -54.40683 -54.40683" yc="132.64680 132.79203 132.86509 132.87217 132.93051 132.94520 132.96046 132.86189 132.81743 132.80391 132.65709 132.64991 132.63249 132.60829 132.64680 132.64680"/>
<polygon color="linen" opacity="100" xc="-16.92769 -17.16028 -17.29398 -17.32972 -17.40106 -17.30211 -17.26109 -17.32352 -17.36968 -17.42605 -17.47817 -17.51089 -17.59191 -17.62671 -17.68206 -17.74488 -17.79358 -18.01195 -18.04786 -18.12651 -18.27562 -18.38120 -18.51591 -18.56408 -18.61323 -18.64443 -18.71328 -18.80180 -18.86409 -19.02991 -19.11242 -19.26626 -19.45002 -19.82802 -20.03805 -20.33160 -20.45235 -20.46368 -20.63292 -20.80045 -20.92775 -21.02523 -21.08418 -21.12477 -21.60302 -21.63845 -21.75032 -21.78909 -21.84788 -22.06109 -22.13334 -22.33632 -22.40938 -22.44189 -22.47989 -22.52352 -22.57268 -22.62692 -22.88931 -23.00340 -23.04871 -23.08292 -23.11518 -23.37948 -23.73122 -24.00126 -24.13337 -24.22775 -24.31326 -24.46837 -24.55983 -24.60278 -24.73891 -24.77458 -24.80878 -24.87649 -25.01798 -25.31963 -25.44400 -25.78805 -26.12351 -26.19062 -26.39423 -26.44100 -26.56840 -26.67097 -26.90766 -27.12995 -27.21495 -27.25385 -27.32820 -27.40769 -27.81795 -27.86495 -27.90705 -28.03505 -28.10835 -28.15791 -28.21751 -28.26577 -28.46048 -28.45906 -28.49126 -28.60812 -28.72654 -28.76005 -28.82734 -28.87395 -28.92648 -28.95729 -29.21922 -29.30095 -29.49954 -29.72435 -29.78308 -29.82051 -29.95254 -30.06625 -30.58458 -30.62482 -30.70642 -30.96023 -31.24914 -31.37992 -31.33494 -31.57780 -31.71666 -31.96923 -32.33080 -32.57928 -32.62615 -32.61157 -32.58398 -32.66132 -32.72820 -32.82220 -32.85940 -32.90302 -33.03934 -33.11068 -33.25106 -33.44355 -33.53589 -33.58165 -33.66449 -33.80040 -33.79398 -33.70212 -33.54445 -33.49275 -33.44100 -33.84637 -33.89703 -33.93740 -33.99997 -34.19443 -34.38672 -34.60814 -34.65429 -34.79917 -34.68292 -34.64962 -34.60598 -34.48717 -34.33162 -34.00706 -33.96518 -33.99015 -34.04660 -34.09917 -34.13035 -34.19978 -34.41835 -34.46754 -34.51580 -34.60415 -34.62908 -34.42091 -34.18034 -34.22649 -34.27263 -34.42946 -34.51580 -34.58546 -34.63295 -34.68377 -34.78503 -34.84148 -34.97648 -34.97948 -35.30002 -35.64149 -35.69529 -35.72692 -35.77052 -35.82608 -35.88037 -35.93415 -35.97563 -36.15729 -36.29272 -36.34314 -36.50471 -36.71195 -36.74317 -36.79232 -36.82757 -36.87137 -36.92523 -37.12303 -37.17652 -37.23632 -37.31283 -37.38909 -37.46325 -37.51412 -37.57095 -37.76583 -37.79703 -37.86558 -37.96968 -37.93548 -37.83962 -37.86794 -38.18632 -38.34402 -38.42220 -38.46429 -38.48508 -38.55706 -38.59049 -38.52522 -38.53638 -38.57605 -38.60682 -38.76582 -38.88325 -38.85591 -38.76666 -38.73655 -38.74872 -38.79229 -38.84306 -38.91257 -39.06454 -39.28718 -39.41068 -39.46754 -39.82715 -39.86263 -39.88462 -39.86606 -39.85046 -39.92863 -39.95938 -39.97380 -39.91731 -39.98055 -40.08931 -40.12883 -40.21626 -40.27277 -40.13269 -39.99398 -39.93417 -39.83740 -39.73932 -39.59355 -39.30814 -39.29746 -39.37308 -39.44317 -39.63998 -39.70297 -39.76322 -39.87949 -39.97906 -40.07234 -40.16472 -40.21412 -40.29785 -40.38462 -40.42329 -40.52137 -40.67738 -40.84102 -40.91803 -41.07434 -41.16372 -41.20985 -41.29531 -41.54063 -41.57565 -41.61135 -41.66452 -41.73118 -41.83245 -41.89360 -41.96198 -42.26451 -42.37563 -42.71412 -42.74872 -42.89302 -43.04528 -43.15900 -43.32523 -43.43845 -43.62051 -43.71238 -43.84957 -43.90642 -44.01835 -44.06668 -44.13912 -44.36837 -44.49360 -44.60166 -44.78332 -44.95982 -45.07052 -45.25638 -45.30063 -45.13292 -45.08886 -45.03037 -44.91455 -44.84138 -44.86880 -44.90898 -44.97565 -45.15128 -45.18138 -45.13591 -45.07780 -44.99868 -44.93675 -44.87843 -45.08206 -45.41969 -45.58246 -45.64980 -45.87560 -46.03675 -46.07308 -46.18935 -46.32328 -46.34089 -46.20962 -46.14866 -46.11792 -46.06922 -46.02905 -45.93608 -45.91738 -45.76495 -45.73845 -45.62700 -45.48418 -45.08560 -45.23208 -45.47266 -45.62222 -45.68078 -45.78580 -45.87609 -45.94315 -45.97845 -45.90172 -46.12565 -46.16329 -46.18249 -46.30168 -46.40023 -46.45212 -46.32478 -46.26260 -46.06840 -46.03718 -46.04475 -46.40602 -46.63932 -46.66880 -46.69785 -46.88589 -47.30858 -47.34403 -47.46408 -47.50002 -47.53934 -47.95982 -48.02562 -48.16369 -48.21665 -48.42175 -48.62200 -48.67820 -48.75668 -48.90052 -48.93820 -49.02306 -49.40648 -49.33995 -49.28462 -49.25215 -49.20615 -49.14038 -49.08292 -49.02649 -49.00291 -48.87226 -49.01368 -49.05022 -49.14188 -49.17177 -49.22095 -49.25688 -49.29488 -49.32734 -49.36412 -49.53289 -49.60811 -49.67097 -49.77071 -49.97020 -49.99637 -50.02182 -50.11583 -50.26452 -50.41157 -50.52565 -50.70597 -50.77523 -50.80438 -50.74269 -50.71068 -50.67689 -50.67754 -50.72798 -50.77308 -50.86731 -50.86923 -50.95428 -51.01069 -51.16522 -51.01220 -51.04509 -51.07691 -51.10300 -51.13928 -51.20260 -51.24403 -51.29658 -51.33075 -51.44875 -51.52138 -51.54832 -51.57906 -51.63215 -51.69188 -51.76198 -51.85045 -52.16026 -52.29742 -52.47306 -52.55174 -52.67649 -52.72606 -52.80726 -52.86109 -52.94146 -53.17097 -53.40512 -53.45468 -53.53891 -53.76968 -54.32308 -54.53205 -54.97009 -55.10043 -55.20211 -55.52862 -55.64360 -55.70383 -55.74220 -55.73415 -55.69954 -55.68217 -55.67545 -55.68974 -55.73205 -55.75980 -55.84957 -55.98245 -55.95785 -56.22843 -56.29105 -56.40514 -56.48588 -56.54337 -56.17437 -56.08394 -56.54986 -56.65174 -56.60471 -56.53891 -56.42263 -56.38038 -56.32095 -56.04228 -55.96792 -55.91454 -55.83591 -55.77994 -55.72009 -55.58546 -55.54058 -55.49786 -55.44085 -55.40940 -55.38372 -55.34849 -55.26025 -55.21372 -55.17157 -55.10857 -55.06840 -54.96366 -54.90554 -54.78586 -54.74829 -54.69362 -54.58457 -54.45045 -54.40214 -54.37091 -54.26409 -54.22005 -54.16922 -53.99786 -53.53291 -53.47583 -53.40011 -53.15769 -53.07391 -52.78805 -52.69406 -52.55558 -52.49868 -52.46282 -52.38248 -52.33848 -52.28886 -52.24255 -52.04125 -51.98974 -51.97205 -51.96111 -51.96282 -51.96603 -51.95346 -51.93337 -51.88802 -51.84612 -51.79232 -51.48202 -51.16583 -51.12562 -50.99018 -50.82952 -50.78932 -50.69658 -50.48715 -50.42737 -50.38889 -50.33888 -50.28708 -50.23438 -50.09155 -49.95418 -49.84915 -49.81097 -49.86560 -49.82094 -49.75662 -49.77305 -49.85214 -49.88162 -49.91135 -49.93969 -49.62778 -49.07563 -49.01623 -48.94785 -48.75511 -48.71966 -48.51882 -48.47823 -48.45929 -48.51049 -48.56666 -48.60597 -48.64145 -48.68337 -48.80168 -48.92352 -49.05898 -49.07352 -49.03417 -48.94274 -48.79485 -48.45737 -48.27903 -48.17458 -48.12354 -48.06268 -48.05029 -47.99400 -47.95877 -47.90814 -47.61346 -47.49402 -47.44400 -47.40940 -47.36152 -47.29894 -47.26025 -47.22885 -47.18674 -46.99874 -46.95535 -46.93374 -46.66795 -46.63395 -46.56029 -46.52348 -46.47586 -46.48482 -46.51538 -46.55512 -46.97435 -47.13589 -47.19572 -47.25172 -47.30340 -47.35897 -47.41174 -47.59532 -47.72328 -47.77608 -47.97866 -48.01175 -48.05983 -48.11969 -48.15320 -48.21923 -48.39785 -48.57311 -48.60662 -48.66197 -48.93165 -48.97478 -49.05388 -49.10898 -49.35054 -49.34560 -49.41111 -49.69637 -49.73782 -50.01882 -50.16326 -50.20589 -50.20578 -50.00731 -49.97648 -49.81366 -49.69572 -49.65858 -49.60594 -49.57520 -49.50857 -49.12309 -49.07760 -49.04398 -49.03011 -49.03034 -49.04145 -49.08249 -49.12148 -49.15598 -49.17160 -49.09766 -49.04080 -49.01514 -49.06197 -49.03418 -48.81345 -48.53548 -48.49232 -48.45595 -48.13251 -47.93635 -47.88160 -47.72178 -47.69323 -47.69660 -47.71625 -47.77958 -47.83246 -47.87138 -47.92223 -47.96463 -47.87371 -47.83377 -47.81312 -47.85426 -47.89294 -47.92565 -47.99146 -48.08548 -48.16242 -48.20940 -48.25171 -48.30431 -48.43928 -48.49745 -48.57714 -48.61069 -48.64700 -48.70623 -48.73846 -48.81152 -48.87438 -48.98546 -48.94831 -49.00766 -49.07297 -49.13118 -49.20425 -49.31646 -49.44063 -49.55255 -49.60166 -49.69528 -49.73674 -49.77731 -49.81345 -50.09489 -50.31366 -50.40345 -50.44917 -50.79534 -50.96388 -51.02097 -51.17371 -51.23506 -51.29615 -51.45085 -51.59406 -51.73457 -51.77908 -51.86754 -51.89998 -52.00726 -52.05534 -52.13614 -52.22778 -52.29357 -52.40342 -52.57538 -52.44785 -52.34746 -52.27689 -52.22246 -52.08843 -52.10637 -52.13869 -52.14486 -52.08351 -52.03246 -51.98463 -51.94811 -51.93295 -51.96668 -51.99765 -52.04571 -52.12052 -52.17182 -52.20275 -52.08288 -52.04317 -51.84954 -51.75748 -51.78722 -51.82012 -51.85342 -51.96111 -52.05937 -52.20557 -52.55342 -52.75471 -52.86451 -52.94834 -53.40346 -53.44915 -53.87011 -53.97434 -54.02734 -54.08123 -54.34485 -54.56369 -54.83422 -55.01091 -55.07480 -55.13034 -55.15897 -55.18311 -55.21135 -55.18597 -55.12392 -55.03634 -54.99742 -54.94446 -54.85663 -54.63274 -54.96429 -55.04662 -55.08718 -55.47392 -55.50898 -55.60566 -55.53897 -55.59489 -55.63891 -55.70942 -55.74998 -55.78443 -55.83337 -56.28760 -56.32220 -56.45640 -56.78252 -56.86591 -56.81754 -56.73995 -56.82734 -56.99402 -57.10854 -57.16991 -57.22715 -57.26558 -57.35557 -57.58549 -57.67777 -57.71112 -57.80158 -57.77115 -57.70332 -57.69462 -57.78420 -58.24612 -58.44357 -58.49234 -58.53334 -58.55845 -58.53717 -58.49851 -58.45000 -58.38889 -58.35515 -58.26406 -58.23075 -58.32094 -58.36840 -58.53508 -58.57414 -58.61877 -58.65595 -58.66454 -58.66128 -58.60426 -58.57415 -58.52137 -58.43585 -58.39957 -58.33206 -58.25125 -58.05426 -57.87463 -57.83118 -57.63440 -57.55769 -57.37135 -57.25812 -57.03331 -56.99703 -56.88035 -56.80002 -56.70254 -56.65128 -56.61325 -56.51322 -56.56006 -56.61454 -56.66283 -56.80434 -56.65086 -56.61283 -56.34911 -55.75340 -55.70215 -55.65298 -55.62265 -55.46795 -55.56837 -55.61892 -55.66882 -55.71026 -55.95063 -56.12626 -56.10532 -56.21432 -56.25302 -56.32563 -56.43760 -56.54062 -56.59700 -56.63075 -56.80692 -56.82566 -56.82478 -56.80002 -56.77480 -56.71452 -56.69040 -56.72668 -56.78700 -56.82434 -56.85063 -56.86122 -56.82734 -56.79958 -56.75729 -56.68762 -56.64485 -56.56157 -56.53118 -56.49612 -56.47029 -56.46665 -56.45642 -56.21414 -56.17737 -56.03422 -55.98035 -56.00811 -56.02906 -56.10157 -56.13789 -56.08975 -56.00429 -55.95978 -55.92051 -55.74912 -55.70466 -55.67306 -55.62351 -55.57132 -55.12522 -54.85558 -54.63891 -54.58589 -54.43162 -54.36411 -54.27992 -54.24660 -54.18075 -54.07095 -53.95769 -53.90855 -53.89020 -53.70043 -53.63074 -53.55042 -53.50535 -53.56408 -53.60726 -53.70129 -53.78631 -53.74252 -53.36238 -53.33122 -53.29783 -53.20471 -53.14146 -52.91198 -52.84722 -52.78888 -52.73698 -52.48503 -52.30940 -52.26729 -52.20852 -52.14575 -52.07946 -52.03374 -51.79702 -51.70555 -51.63634 -51.52391 -51.42263 -51.19851 -51.17717 -51.15255 -51.09529 -51.06355 -50.98269 -50.83632 -50.83163 -50.90638 -50.95640 -51.01371 -51.20428 -51.24574 -51.31174 -51.25215 -51.17735 -51.11408 -51.03078 -50.70383 -50.57692 -50.48697 -50.44658 -50.40000 -50.20254 -50.17391 -50.18362 -50.16368 -50.12735 -50.08291 -50.03249 -49.99062 -49.85342 -49.58898 -49.55129 -49.51880 -49.39657 -49.34234 -49.27695 -49.21026 -49.12222 -49.06412 -48.91902 -48.97135 -49.03120 -49.07160 -49.12751 -49.09357 -48.98588 -48.83760 -48.75428 -48.71755 -48.67268 -48.54231 -48.48680 -48.34723 -48.27565 -48.26226 -48.17095 -47.99678 -47.96088 -47.75169 -47.68834 -47.79148 -47.83762 -47.88246 -47.91977 -47.86325 -47.83035 -47.78162 -47.62906 -47.49482 -47.35814 -47.36497 -47.39628 -47.71871 -47.78162 -47.82949 -47.87392 -47.99402 -48.03034 -48.16495 -48.21322 -48.28492 -48.37522 -48.40531 -48.50643 -48.49660 -48.45662 -48.39658 -48.33975 -48.30172 -47.98311 -47.96762 -47.95086 -47.83203 -47.77222 -47.61283 -47.62178 -47.62628 -47.61282 -47.60320 -47.58374 -47.49868 -47.45555 -47.40855 -47.35577 -47.33977 -47.32972 -47.34192 -47.36991 -47.41240 -47.92566 -47.96283 -47.99315 -48.02606 -48.09702 -48.15600 -48.37158 -48.56582 -48.60083 -48.81451 -49.17097 -49.39360 -49.44960 -49.35855 -49.28335 -49.35514 -49.60020 -49.64703 -49.70152 -49.78886 -49.99337 -50.18672 -50.21752 -50.57775 -50.62568 -50.87245 -50.94102 -51.27478 -51.34272 -51.59958 -51.66025 -51.80940 -51.88505 -51.91623 -52.29891 -52.54189 -52.73762 -52.77780 -52.92482 -53.20694 -53.12063 -52.99974 -52.86898 -52.81066 -52.79700 -52.83651 -52.88842 -53.00297 -53.17308 -53.32629 -53.38195 -53.46797 -53.55643 -53.65662 -53.67311 -53.65938 -53.51698 -53.45572 -53.32054 -53.06671 -53.27518 -53.30686 -53.36797 -53.45591 -53.52591 -53.61195 -53.50257 -53.35045 -53.28678 -53.36371 -53.31371 -53.68849 -53.84789 -53.91282 -53.95663 -54.02969 -54.22651 -54.25729 -54.32180 -54.50728 -54.71755 -54.80638 -54.88782 -54.92543 -54.99146 -55.00945 -55.00448 -54.95254 -54.93032 -54.89360 -54.82051 -55.00943 -55.52722 -55.44489 -55.39800 -55.28292 -55.15662 -55.11838 -55.47775 -55.51922 -55.59574 -55.61775 -55.61185 -55.68823 -55.64743 -55.56431 -55.48966 -55.52185 -55.36366 -55.32648 -55.28805 -55.22125 -55.10149 -55.06625 -55.02235 -55.06592 -55.12352 -55.20686 -55.26258 -55.22695 -55.19014 -55.16431 -55.13568 -55.10298 -55.01882 -54.98586 -54.92648 -54.79314 -54.83731 -54.82308 -54.77015 -54.66465 -54.60552 -54.49191 -54.44108 -54.40991 -54.37734 -54.40962 -54.44083 -54.46705 -54.31923 -54.26285 -54.28880 -54.15023 -54.08337 -53.96240 -53.87269 -53.80318 -53.74663 -53.54957 -53.48080 -53.41438 -53.37265 -53.45726 -53.48206 -53.62026 -53.78208 -53.83398 -53.93795 -54.00792 -54.08614 -54.29617 -54.41057 -54.22305 -54.15417 -54.09917 -54.03757 -54.05942 -53.99015 -53.99357 -54.03171 -54.08331 -54.02029 -53.95814 -53.88817 -53.84037 -53.85575 -53.79315 -53.57243 -53.62948 -53.76497 -53.92422 -53.99574 -54.04078 -54.08634 -54.13365 -54.07738 -54.04123 -53.95962 -53.89020 -53.83503 -53.80403 -53.75662 -53.68420 -53.28763 -53.25191 -53.20843 -53.22605 -53.17198 -53.14785 -52.98120 -52.92095 -52.58803 -52.55258 -52.46386 -52.43032 -52.37863 -52.25068 -52.20108 -52.14234 -51.91025 -51.80469 -51.62328 -51.76071 -51.79786 -51.83889 -51.87266 -51.91455 -51.95282 -52.01623 -52.09348 -52.13668 -52.07091 -51.93228 -51.75108 -51.56500 -51.40385 -51.42638 -51.47457 -51.59958 -51.68331 -51.76969 -51.80835 -51.91582 -51.97974 -52.04968 -52.05234 -52.02929 -52.00906 -52.10040 -52.23291 -52.27735 -52.36668 -52.47540 -52.49891 -52.54191 -52.63632 -52.69625 -52.81048 -52.91135 -52.94211 -52.98066 -52.90086 -52.80086 -52.74269 -52.69089 -52.72451 -52.96923 -53.28420 -53.31669 -53.37297 -53.35960 -53.29788 -53.32203 -53.40022 -53.44783 -53.47994 -53.61323 -53.70000 -53.82435 -53.86371 -54.25471 -54.41517 -54.49606 -54.43931 -54.40940 -54.26072 -54.22862 -54.16472 -54.13142 -54.07608 -53.99443 -53.94742 -53.90812 -53.86072 -53.81485 -53.80189 -53.89086 -53.99382 -54.05908 -53.90086 -53.85683 -53.76625 -53.57178 -53.50003 -53.45258 -53.35088 -53.30303 -53.32446 -53.30172 -53.06322 -52.95000 -52.84146 -52.69958 -52.63677 -52.59874 -52.45266 -52.49785 -52.56538 -52.61197 -52.63725 -52.61537 -52.57588 -52.55000 -52.52031 -52.46131 -52.40812 -52.31755 -52.22520 -52.06622 -51.93118 -51.78378 -51.43077 -51.32948 -51.29105 -51.03591 -50.98422 -50.92394 -50.72435 -50.39832 -50.12178 -50.06498 -50.01645 -49.98672 -49.96282 -49.92051 -49.92948 -49.99402 -50.08418 -50.09789 -50.10686 -50.07906 -49.94446 -49.87522 -49.79957 -49.66112 -49.63332 -49.41749 -49.08805 -49.04526 -49.15897 -49.19677 -49.27180 -49.31305 -49.36026 -49.40083 -49.57220 -49.58122 -49.71069 -49.82182 -49.79935 -49.77692 -49.73822 -49.64532 -49.59102 -49.54017 -49.47086 -49.47482 -49.53843 -49.59400 -49.59465 -49.53805 -49.37734 -49.31326 -49.19483 -49.12395 -49.05855 -48.89278 -48.78408 -48.85149 -48.95814 -49.16280 -49.27097 -49.22157 -49.16194 -49.10345 -49.06414 -49.03097 -49.00640 -49.05722 -49.00429 -48.95685 -48.86392 -48.81837 -48.76902 -48.70174 -48.65232 -48.56677 -48.63974 -48.79529 -48.85902 -48.91198 -48.91498 -48.91048 -48.85091 -48.79335 -48.74680 -48.70131 -48.76794 -49.00597 -49.05062 -49.09406 -49.13495 -49.15746 -49.22263 -49.29703 -49.48611 -49.42349 -49.35138 -48.95302 -48.78546 -48.66492 -48.34871 -48.22655 -48.24788 -48.27831 -48.26835 -48.24123 -48.13420 -48.07823 -47.99574 -47.88674 -47.77397 -47.73718 -47.69446 -47.66249 -47.53334 -47.49378 -47.44446 -47.35089 -47.20426 -46.90042 -46.76134 -46.65043 -46.56795 -46.55215 -46.61294 -46.64425 -46.54658 -46.50295 -46.39188 -46.13523 -46.09145 -46.02202 -45.93115 -45.86517 -45.83591 -45.77308 -45.74402 -45.57063 -45.54274 -45.33505 -45.27648 -45.17095 -45.14698 -44.87351 -44.80509 -44.71217 -44.66371 -44.59655 -44.45772 -44.36663 -44.33589 -44.30128 -44.17060 -44.21131 -44.24128 -44.47265 -44.47906 -44.44232 -44.40895 -44.36860 -44.32098 -44.34125 -44.37905 -44.43278 -44.43506 -44.39208 -44.35192 -44.30278 -44.27523 -44.26562 -44.29658 -44.34038 -44.22275 -44.19851 -44.20538 -44.14788 -44.05602 -44.02475 -43.84185 -43.89531 -43.87611 -43.92006 -43.90557 -43.84098 -43.79478 -43.76712 -43.63832 -43.51717 -43.48525 -43.45295 -43.31326 -43.27605 -43.24698 -43.21840 -43.19122 -43.06578 -43.10791 -43.16195 -43.19080 -43.22135 -43.27883 -43.34680 -43.64103 -43.82788 -43.83415 -43.86071 -43.88728 -43.94360 -43.93728 -43.89166 -43.84574 -43.75726 -43.69232 -43.64955 -43.60917 -43.56665 -43.53291 -43.43054 -43.37071 -43.31495 -43.26580 -43.21923 -43.16111 -43.06562 -42.77178 -42.58166 -42.11238 -41.96882 -41.93292 -41.88120 -41.83609 -41.71066 -41.65428 -41.35437 -41.34738 -41.35769 -41.33128 -41.28718 -41.23888 -41.20280 -41.31580 -41.37994 -41.45515 -41.50063 -41.64871 -41.64998 -41.88462 -42.25958 -42.28951 -42.38675 -42.39978 -42.40897 -42.37415 -42.19920 -42.07591 -41.85898 -41.78282 -41.75237 -41.79040 -41.82362 -42.02971 -42.14948 -42.37522 -42.41023 -42.44145 -42.47903 -42.49742 -42.50766 -42.52225 -42.53292 -42.57563 -42.59978 -42.62606 -42.62180 -42.59423 -42.50766 -42.42300 -42.26112 -42.21048 -42.22189 -42.14298 -42.15065 -42.32009 -42.39231 -42.43332 -42.52520 -42.56540 -42.58797 -42.67949 -42.74658 -42.99229 -43.17820 -43.22051 -43.25425 -43.28294 -43.32138 -43.38162 -43.47608 -43.51582 -43.62563 -43.66968 -43.69529 -43.72863 -43.76883 -44.02391 -44.05471 -44.07823 -44.12737 -44.15298 -44.13709 -44.10235 -44.07288 -44.06006 -44.32525 -44.57822 -44.66923 -44.87225 -44.97774 -45.02097 -45.06711 -45.22866 -45.26585 -45.35338 -45.40345 -45.46068 -45.50342 -45.71580 -45.90342 -45.94271 -45.98228 -46.03335 -46.06838 -46.11794 -46.23303 -46.32052 -46.45300 -46.68762 -46.72606 -46.75771 -46.80429 -46.81837 -46.85105 -47.03695 -46.96626 -46.89100 -46.85852 -46.67138 -46.52252 -46.53858 -46.59574 -46.87328 -46.88769 -46.88065 -46.93163 -47.01068 -47.13591 -47.17309 -47.23228 -47.30085 -47.33634 -47.36946 -47.31649 -47.27946 -47.23675 -47.17255 -47.19935 -47.39529 -47.45812 -47.49357 -47.60169 -47.72597 -47.71412 -47.79742 -48.06791 -48.25448 -48.29491 -48.88718 -48.93482 -48.98588 -49.25983 -49.36794 -49.59312 -49.63163 -49.88465 -49.97011 -50.07051 -50.01177 -49.98629 -50.07525 -50.11903 -50.19526 -50.44786 -50.59465 -50.59477 -50.67734 -50.71708 -50.75918 -50.88717 -50.95300 -51.04831 -51.13543 -51.24165 -51.27115 -51.20343 -51.16714 -51.19752 -51.28408 -51.35918 -51.31215 -51.27777 -51.13418 -50.85089 -50.85578 -50.88418 -50.98765 -51.04657 -51.08674 -51.10597 -51.13611 -51.04531 -50.94869 -50.79726 -50.72946 -50.73140 -50.70809 -50.64149 -50.57520 -50.55425 -50.43549 -50.39015 -50.35297 -50.23208 -50.10300 -50.14700 -50.29358 -50.33012 -50.32934 -50.26177 -50.20982 -50.10534 -50.00728 -49.96708 -49.98245 -50.02469 -50.03538 -49.99594 -49.95022 -49.91545 -49.64746 -49.61365 -49.56514 -49.53280 -49.56472 -49.48717 -49.38160 -49.40894 -49.43922 -49.41792 -49.36582 -49.32371 -49.19272 -49.16760 -49.16838 -49.18162 -49.25002 -49.29722 -49.26369 -49.23208 -49.16066 -49.11869 -48.95682 -48.77455 -48.79198 -48.63351 -48.55769 -48.47440 -48.43758 -48.37049 -48.31520 -47.91580 -47.95855 -48.13252 -48.17457 -48.20640 -48.24932 -48.31200 -48.43649 -48.47677 -48.07522 -47.81451 -47.73166 -47.68803 -47.65245 -47.61131 -47.58208 -47.53760 -47.50126 -47.47051 -47.43718 -47.44583 -47.43994 -47.40042 -47.36925 -47.32737 -47.22906 -47.18323 -47.16508 -47.19369 -47.32208 -47.12777 -47.06549 -46.98560 -46.93505 -46.88812 -46.83035 -46.80086 -46.63035 -46.58551 -46.37568 -46.25385 -46.19574 -46.20128 -46.24080 -46.20942 -46.11625 -45.91174 -45.76623 -45.71088 -45.60706 -45.57543 -45.65683 -45.75595 -45.73974 -45.72309 -45.69228 -45.64191 -45.58458 -45.47822 -45.45835 -45.39040 -45.40086 -45.33931 -45.17146 -44.82778 -44.72989 -44.64829 -44.52266 -44.46965 -44.41366 -44.38438 -44.26752 -44.21932 -44.20106 -44.23478 -44.11592 -44.06818 -44.07011 -44.08888 -44.08592 -44.00171 -43.90643 -43.84551 -43.82188 -43.90428 -44.00063 -43.97694 -43.86498 -43.85428 -43.84662 -43.82991 -43.84531 -43.69168 -43.62648 -43.39637 -43.27146 -43.35857 -43.39232 -43.45342 -43.50298 -43.59025 -43.59060 -43.50726 -43.46671 -43.40831 -43.58846 -43.76582 -43.82469 -43.86831 -43.90320 -43.93846 -43.91137 -44.05757 -44.07780 -44.01494 -43.95198 -43.91120 -43.87508 -43.76238 -43.73612 -43.59446 -43.55171 -43.51280 -43.47374 -43.38332 -43.28643 -43.27809 -43.32426 -43.29468 -43.25383 -43.04786 -42.89635 -42.82595 -42.83620 -42.90685 -42.96200 -42.99338 -43.03845 -43.10774 -43.17608 -43.26520 -43.25489 -43.15515 -43.03171 -42.98954 -42.94712 -42.79402 -42.74958 -42.69623 -42.63225 -42.58438 -42.31006 -42.26172 -42.23834 -42.27646 -42.31100 -42.39211 -42.43589 -42.23822 -42.19682 -42.16006 -42.09678 -42.06280 -42.01711 -41.98825 -41.87795 -41.85642 -41.82338 -41.67308 -41.51451 -41.44743 -41.37075 -41.31023 -41.16842 -41.04638 -40.84968 -40.69660 -40.56323 -40.52563 -40.51537 -40.54709 -40.61971 -40.65002 -40.77095 -40.75383 -40.31729 -40.28183 -40.19057 -40.15083 -40.10217 -40.04715 -40.05938 -39.94614 -39.75428 -39.71645 -39.69125 -39.62182 -39.59145 -39.54872 -39.42114 -39.39528 -39.35895 -39.31862 -39.17566 -39.06091 -38.94018 -38.91538 -38.85685 -38.59060 -38.56326 -38.53592 -38.51292 -38.40854 -38.29962 -38.19275 -38.12734 -38.05509 -37.90322 -37.84274 -37.80074 -37.68889 -37.60471 -37.51422 -37.42565 -37.28565 -37.09945 -37.16069 -37.20822 -37.24614 -37.36197 -37.44272 -37.46806 -37.41966 -37.24037 -37.19998 -37.15185 -37.10594 -37.01474 -36.93092 -36.97694 -37.03035 -37.08108 -37.02905 -36.92175 -36.86089 -36.80929 -36.77738 -36.55986 -36.44574 -36.32094 -36.07352 -35.78645 -35.89445 -36.03612 -36.13545 -36.17888 -36.21242 -36.25386 -36.30532 -36.35789 -36.42011 -36.47948 -36.80255 -36.95046 -36.98548 -37.02052 -37.05832 -37.10257 -37.14914 -37.20052 -37.31840 -37.12518 -37.09038 -37.02608 -36.91815 -37.02649 -37.04529 -37.07689 -37.10682 -37.14405 -37.09355 -37.05040 -36.83288 -36.61155 -36.52822 -36.49337 -36.56155 -36.32712 -36.29657 -36.10766 -36.06266 -36.03163 -35.91792 -35.89229 -35.95085 -36.00452 -35.92051 -35.88078 -35.73246 -35.69955 -35.62692 -35.45023 -35.38551 -35.38762 -35.46711 -35.70789 -35.74677 -35.77629 -35.81165 -35.73205 -35.42951 -35.37028 -35.29980 -35.18802 -35.11709 -34.94815 -34.79186 -34.74998 -34.73428 -34.76323 -34.90085 -35.02863 -35.08802 -35.12225 -35.17649 -35.22311 -35.27431 -35.28751 -35.33245 -35.39337 -35.46540 -35.50940 -35.54243 -35.50598 -35.42865 -35.39489 -35.33505 -35.29658 -35.24958 -35.20515 -35.10554 -34.96668 -34.81582 -34.69102 -34.49506 -34.36326 -34.30949 -34.35938 -34.36815 -34.35042 -34.19238 -34.10300 -34.00725 -33.93418 -33.93032 -33.90600 -33.73418 -33.61277 -33.56069 -33.49703 -33.43045 -33.39957 -33.43122 -33.49403 -33.52054 -33.54572 -33.53866 -33.44740 -33.20557 -33.12054 -33.05385 -32.99338 -32.78075 -32.61228 -32.55577 -32.51968 -32.43375 -32.41285 -32.34831 -32.30943 -32.19883 -32.14192 -32.11111 -31.92175 -31.88929 -31.73288 -31.60834 -31.54785 -31.50380 -31.46666 -31.38332 -31.31962 -31.27691 -31.19915 -31.01925 -30.97994 -30.92948 -30.87905 -30.76089 -30.71289 -30.69022 -30.63312 -30.58802 -30.41455 -30.28846 -30.20746 -30.16451 -29.88122 -29.61854 -29.97817 -30.04552 -30.18118 -30.31837 -30.45302 -30.49274 -30.76182 -30.86463 -30.68203 -30.53845 -30.50683 -30.46665 -30.33846 -30.29531 -30.17817 -29.84795 -29.55383 -29.51243 -29.46711 -29.37906 -29.30160 -29.27652 -29.31154 -29.37166 -29.41538 -29.46068 -29.49315 -29.58163 -29.79189 -29.88934 -30.09446 -30.35683 -30.41114 -30.48505 -30.51752 -30.54569 -30.58289 -30.62180 -30.83889 -31.00812 -31.10683 -31.19617 -31.23120 -31.26540 -31.28814 -31.33972 -31.39105 -31.44446 -31.79917 -32.08886 -32.38118 -32.44357 -32.52569 -32.69317 -32.93345 -32.94851 -32.89617 -32.88034 -32.81995 -32.78122 -32.73580 -32.73463 -32.75234 -32.77328 -32.92992 -32.96520 -33.00514 -33.06066 -33.08978 -33.18289 -33.30212 -33.33677 -33.42265 -33.66088 -33.65894 -33.63715 -33.59378 -33.50902 -33.47266 -33.43012 -33.27392 -33.19246 -33.02957 -32.97672 -32.61535 -32.47862 -32.39028 -32.33506 -32.30445 -32.64015 -32.72697 -32.84848 -32.97703 -32.99774 -33.00472 -33.05468 -33.21708 -33.28806 -33.32778 -33.35857 -33.59742 -33.63418 -33.69105 -33.82008 -33.80962 -33.69320 -33.45552 -33.42051 -33.24188 -33.19409 -33.16026 -33.05088 -32.95278 -32.91966 -32.85766 -32.71842 -32.57991 -32.54488 -32.49335 -32.45828 -32.58591 -32.52652 -32.37074 -32.30252 -32.23291 -32.16538 -32.13203 -32.14232 -32.11280 -31.92651 -31.90248 -31.88078 -31.81198 -31.69702 -31.66952 -31.70255 -31.73631 -31.71838 -31.60260 -31.53962 -31.59957 -31.59749 -31.51803 -31.31918 -31.28249 -31.23075 -31.19872 -31.15817 -31.11488 -31.21751 -31.32263 -31.35295 -31.35642 -31.29955 -31.22611 -31.15363 -30.79020 -30.70685 -30.66923 -30.64348 -30.72988 -30.82275 -30.81198 -30.64595 -30.59788 -30.47128 -30.44062 -30.38588 -30.37843 -30.40729 -30.39834 -30.36045 -30.29518 -30.23934 -30.22395 -30.22329 -30.25128 -30.25674 -30.13334 -30.07735 -30.03643 -30.07865 -30.14317 -30.19700 -30.09766 -30.04637 -29.90565 -29.89829 -29.87654 -29.80231 -29.68548 -29.68632 -29.67811 -29.65431 -29.63723 -29.58888 -29.55425 -29.54103 -29.45748 -29.39655 -29.34997 -29.29755 -29.33865 -29.40388 -29.33932 -29.26155 -29.06583 -28.86369 -28.70257 -28.36697 -28.30940 -28.27006 -28.25395 -28.19126 -28.13798 -28.13535 -28.08375 -28.01711 -27.96668 -27.93483 -27.89723 -27.84443 -27.86675 -27.99997 -28.07114 -28.11295 -28.15126 -28.21028 -28.34860 -28.25551 -28.16966 -28.05626 -27.94960 -27.91071 -27.86580 -27.75814 -27.69851 -27.61520 -27.59669 -27.62908 -27.82382 -27.90128 -27.98077 -28.05428 -28.09405 -28.13203 -28.21195 -28.38194 -28.45685 -28.53758 -28.58120 -28.72780 -28.74948 -28.73911 -28.68808 -28.62908 -28.47568 -28.43246 -28.35512 -28.30685 -28.19742 -28.00705 -28.07945 -28.08063 -28.04572 -28.29872 -28.37231 -28.45498 -28.57918 -28.59103 -28.70811 -28.76945 -28.72394 -28.69018 -28.66325 -28.59400 -28.50669 -28.39891 -28.56455 -28.61129 -28.67694 -28.72606 -28.75748 -28.61732 -28.41280 -28.36114 -28.31026 -28.26686 -28.22242 -28.16005 -27.95789 -27.94455 -27.99914 -28.06538 -28.09852 -28.19294 -28.23758 -28.26875 -28.30215 -28.33506 -28.37274 -28.31411 -28.28075 -28.11628 -28.07348 -27.98162 -27.90674 -27.87697 -27.80232 -27.75418 -27.71475 -27.68557 -27.62949 -27.32225 -27.28885 -27.25491 -27.31966 -27.57563 -27.76966 -27.63020 -27.56078 -27.52695 -27.47757 -27.36497 -27.30680 -27.18162 -27.08372 -27.10251 -27.03591 -27.00148 -26.95258 -26.93891 -26.96326 -26.98720 -26.98000 -26.71837 -26.54454 -26.47522 -26.29532 -26.22823 -26.12338 -26.13568 -26.18902 -26.10640 -26.06774 -25.96923 -25.93437 -25.91752 -25.82435 -25.54058 -25.50662 -25.25042 -25.07203 -25.03506 -24.99080 -25.06926 -25.11068 -25.27011 -25.55562 -25.60003 -25.77758 -25.73846 -25.67800 -25.46026 -25.41369 -25.35045 -25.31535 -25.28117 -25.22031 -25.22094 -25.17434 -25.09272 -25.04277 -25.01820 -24.97669 -24.84318 -24.80809 -25.00728 -25.27523 -25.33215 -25.39406 -25.42738 -25.54360 -25.67554 -25.60618 -25.37434 -25.31963 -25.27137 -24.88562 -24.83288 -24.70875 -24.67394 -24.64135 -24.77523 -24.82343 -24.85392 -25.01786 -24.99102 -24.94662 -24.61408 -24.44275 -24.40909 -24.35469 -24.18118 -24.13528 -24.09008 -24.03903 -24.21454 -24.25749 -24.39914 -24.24917 -24.18954 -24.11583 -24.08251 -23.91457 -23.84037 -23.81580 -23.65511 -23.61451 -23.52071 -23.45965 -23.43098 -23.22614 -23.01537 -22.85723 -22.69832 -22.62863 -22.59657 -22.55855 -22.47906 -22.48268 -22.69789 -22.82009 -22.94574 -22.97158 -22.95429 -22.92738 -22.88120 -22.81711 -22.75555 -22.62071 -22.54680 -22.52638 -22.49315 -22.42178 -22.22414 -22.12034 -22.06262 -21.92865 -21.77691 -21.58592 -21.54900 -21.48546 -21.43465 -21.38551 -21.33628 -21.28505 -21.21049 -21.13758 -21.03332 -20.63506 -20.49315 -20.42052 -20.33183 -20.28718 -20.25258 -20.20297 -20.07051 -20.00902 -19.87051 -19.82223 -19.72605 -19.64360 -19.56495 -19.46923 -19.28722 -18.69957 -18.42905 -18.35472 -18.30600 -18.27603 -18.22392 -18.04763 -17.90897 -17.86235 -17.57822 -17.53935 -17.50906 -17.56742 -17.62425 -17.65195 -17.55945 -17.51515 -17.35685 -17.32394 -17.31840 -17.32332 -17.34371 -17.46877 -17.53208 -17.50252 -17.24742 -16.98848 -16.94275 -16.81965 -16.73503 -16.67523 -16.32732 -16.08591 -16.00515 -15.96875 -15.86238 -15.78378 -15.74018 -15.60857 -15.51837 -15.38329 -15.26023 -15.04318 -14.89531 -14.74740 -14.67951 -14.61540 -14.45857 -14.42948 -14.40009 -14.26585 -14.15768 -14.11398 -14.04103 -13.90982 -13.82606 -13.69189 -13.75000 -13.79338 -13.82029 -13.85368 -13.92074 -14.07315 -14.12802 -14.18186 -14.26275 -14.27357 -14.24575 -14.19143 -14.25012 -14.29232 -14.35306 -14.32677 -14.33377 -14.40123 -14.51665 -14.54998 -14.58654 -14.79251 -14.78440 -14.73228 -14.65257 -14.66285 -14.75426 -14.82309 -14.97011 -14.93929 -14.63642 -14.51666 -14.35938 -14.42412 -14.47683 -14.52303 -14.46912 -14.36154 -14.29358 -14.23889 -14.20042 -14.09318 -14.14765 -14.09532 -13.97051 -13.84442 -13.81326 -13.77051 -13.52694 -13.47694 -13.30943 -13.26834 -13.11242 -13.01580 -12.98342 -13.07434 -13.15942 -13.23005 -13.19185 -13.14615 -13.10043 -13.03205 -12.90643 -12.61583 -12.58418 -12.37309 -12.34106 -12.25385 -12.22415 -12.19446 -12.18131 -12.19617 -12.17008 -12.10949 -12.05214 -11.95835 -11.92177 -11.83762 -11.80854 -11.69702 -11.52475 -11.47865 -11.44998 -11.59231 -11.65340 -11.67006 -11.57949 -11.36371 -11.17695 -10.99703 -10.85672 -10.79745 -10.75449 -10.69228 -10.55640 -10.51495 -10.31537 -10.28825 -10.24448 -10.18503 -10.15157 -10.11197 -10.09294 -10.15511 -10.19912 -10.22735 -10.12691 -10.04915 -9.99380 -9.79592 -9.77606 -9.82223 -9.86514 -9.91646 -9.96968 -9.97006 -10.05632 -9.96835 -9.69571 -9.64914 -9.65894 -9.62225 -9.35831 -9.30900 -9.27437 -9.29917 -9.35514 -9.41923 -9.52180 -9.62395 -9.67245 -9.73675 -9.81023 -9.93929 -9.97669 -10.02960 -9.98203 -9.94486 -9.75832 -9.81323 -9.98466 -10.12648 -10.20886 -10.12949 -10.10362 -10.07414 -10.00762 -10.05854 -10.09020 -10.12008 -10.36151 -10.62777 -10.74863 -10.81328 -10.83975 -10.95168 -10.94465 -10.83185 -10.77931 -10.73457 -10.84742 -10.86815 -10.82865 -10.59040 -10.41072 -10.28292 -10.23934 -10.12437 -9.95234 -9.59463 -9.48785 -9.43055 -9.39017 -9.37606 -9.39735 -9.45214 -9.48323 -9.45108 -9.38546 -9.36531 -9.33711 -9.30129 -9.16325 -9.11929 -8.97394 -8.92885 -8.87068 -9.00212 -9.14634 -9.33183 -9.12308 -9.05988 -9.03331 -8.97928 -8.99635 -9.05771 -9.09286 -8.85428 -8.63031 -8.47628 -8.41677 -8.31948 -8.31186 -8.25894 -8.22177 -8.18654 -8.11518 -7.93377 -7.82391 -7.77040 -7.76837 -7.80429 -7.83334 -7.94532 -7.97009 -7.97735 -7.95343 -7.98162 -8.06866 -8.17308 -8.19402 -8.29254 -8.30208 -8.37798 -8.53335 -8.44355 -8.41323 -8.33163 -8.29897 -8.28358 -8.25532 -8.15906 -8.22137 -8.24655 -8.35174 -8.39957 -8.30577 -8.22745 -8.19292 -8.20792 -8.22700 -8.24009 -8.24560 -8.17692 -8.12822 -8.05088 -7.89415 -7.91606 -7.78418 -7.73451 -7.72095 -7.69278 -7.61709 -7.58568 -7.57137 -7.65386 -7.61131 -7.34383 -7.34017 -7.31946 -7.13932 -7.03848 -6.98420 -6.95151 -6.90662 -6.74406 -6.52274 -6.43163 -6.38345 -6.30651 -6.22135 -6.11185 -6.03802 -5.97092 -5.93760 -5.80620 -5.83654 -5.87309 -5.93591 -5.96918 -6.00428 -6.04383 -6.16763 -6.14657 -6.23374 -6.28623 -6.26071 -6.24572 -6.17309 -6.11625 -6.02052 -5.96903 -5.89123 -5.85811 -5.76763 -5.66185 -5.68806 -5.78560 -5.86620 -5.85257 -5.69325 -5.62909 -5.58889 -5.56995 -5.60086 -5.52471 -5.47329 -5.42438 -5.30085 -4.89745 -4.81708 -5.02183 -5.27543 -5.45283 -5.46837 -5.45312 -5.41198 -5.16752 -5.10814 -4.92478 -4.89318 -4.82051 -4.62526 -4.67958 -4.74743 -4.80268 -4.87222 -5.47863 -5.60086 -5.62986 -5.53749 -5.46025 -5.39152 -5.35626 -5.30460 -5.16535 -5.10440 -5.12703 -5.24957 -5.28540 -5.32442 -5.39512 -5.29434 -5.24231 -5.15540 -4.96898 -4.79017 -4.71686 -4.74445 -4.98846 -5.06028 -5.10462 -5.29869 -5.33546 -5.38152 -5.39748 -5.36706 -5.28868 -5.23291 -5.21174 -5.13931 -5.09957 -5.05192 -5.00898 -4.87423 -4.80580 -4.83422 -4.81106 -4.46966 -4.38086 -4.31408 -4.25420 -4.27640 -4.37372 -4.39402 -4.25983 -4.13546 -4.06625 -3.96025 -3.90000 -3.84446 -3.78292 -3.72712 -3.67031 -3.63842 -3.71666 -3.79272 -3.85517 -3.88377 -3.92478 -3.88291 -3.83671 -3.75175 -3.70662 -3.63606 -3.56266 -3.59689 -3.61700 -3.60255 -3.36328 -3.17862 -3.13398 -3.06622 -3.02820 -3.01497 -2.97434 -2.95257 -2.92437 -2.80815 -2.72268 -3.01045 -3.02560 -3.01792 -2.98591 -2.99614 -3.03994 -3.10962 -3.16102 -3.18674 -3.15129 -3.23803 -3.34069 -3.45426 -3.36451 -3.33548 -3.29703 -3.25040 -3.17352 -3.11495 -3.01922 -3.00768 -2.95940 -2.82606 -2.79574 -2.70632 -2.80086 -2.85022 -2.88437 -2.92397 -2.89443 -2.77329 -2.70194 -2.66560 -2.37906 -2.27478 -2.16006 -2.10789 -2.04105 -1.85725 -1.80215 -1.75751 -1.65297 -1.55814 -1.62438 -1.68434 -1.75600 -1.79112 -1.79917 -1.71345 -1.57822 -1.40385 -1.36369 -1.33929 -1.33329 -1.33695 -1.34188 -1.34568 -1.34142 -1.32502 -1.10311 -1.05468 -1.01380 -0.94786 -0.98805 -1.22177 -1.35442 -1.43312 -1.61537 -1.64069 -1.62886 -1.55394 -1.48417 -1.41605 -1.37588 -1.34378 -1.25023 -1.11968 -0.92220 -0.90000 -0.86925 -0.84575 -0.77609 -0.72946 -0.85111 -1.08122 -1.23182 -1.28526 -1.48418 -1.51109 -1.55045 -1.51535 -1.43783 -1.42865 -1.43460 -1.44188 -1.43226 -1.40085 -1.37522 -1.33672 -1.28888 -1.24382 -1.15532 -1.13586 -1.15386 -1.14255 -1.08675 -1.10502 -1.09117 -0.89143 -0.76623 -0.56303 -0.42649 -0.37265 -0.33846 -0.25343 -0.20854 -0.15682 -0.11922 0.00977 -0.07311 -0.22137 -0.26837 -0.20832 -0.15960 -0.04125 -0.02320 -0.02212 -0.02226 -0.08292 -0.13631 -0.35255 -0.56195 -0.68848 -0.71069 -0.74571 -0.81966 -0.86265 -0.96492 -1.10852 -1.16286 -1.19145 -1.30343 -1.41540 -1.63503 -1.73205 -1.76072 -1.79189 -1.86663 -1.98463 -2.02225 -2.38248 -2.42906 -2.47865 -2.80674 -2.85851 -2.86420 -3.23546 -3.21837 -3.17223 -3.13335 -3.11922 -3.41708 -3.57575 -3.47909 -3.42563 -3.62178 -3.65297 -3.77094 -3.80295 -3.84337 -4.02991 -4.25054 -4.28718 -4.30149 -4.33215 -4.42668 -4.51262 -4.56111 -4.60769 -4.67478 -4.70085 -4.72434 -4.75575 -4.78214 -4.82609 -4.90749 -4.94062 -4.97478 -5.08634 -5.17095 -5.27737 -5.24446 -5.21215 -5.27691 -5.47523 -5.74738 -5.85900 -5.88760 -6.28845 -6.52049 -6.65768 -6.65471 -6.74274 -6.87191 -6.97266 -7.02525 -7.15515 -7.18997 -7.21240 -7.29062 -7.61835 -7.83335 -7.81494 -7.78974 -7.73560 -7.71969 -7.71542 -7.71457 -7.84189 -7.88694 -7.92949 -7.96537 -8.20942 -8.42094 -8.47097 -8.95898 -9.15255 -9.34058 -9.41665 -9.47692 -9.55042 -9.70854 -9.76172 -9.68975 -9.59872 -9.59060 -9.68695 -9.80254 -9.94405 -9.94489 -9.94229 -9.94252 -9.97928 -10.08977 -10.12906 -10.17137 -10.33805 -10.47523 -10.59743 -10.67994 -10.72265 -10.82012 -11.15643 -11.22478 -11.25258 -11.29062 -11.37352 -11.42137 -11.45386 -11.49508 -11.53482 -11.54817 -11.53418 -11.51343 -11.53714 -11.60814 -11.64015 -11.67817 -12.16966 -12.48888 -12.77480 -13.06322 -13.13631 -13.25509 -13.30922 -13.33385 -13.34618 -13.36966 -13.80295 -13.91968 -14.02522 -14.09448 -14.13294 -14.08503 -14.04532 -13.97265 -13.94905 -14.64534 -14.88717 -15.03334 -15.17906 -15.25086 -15.35297 -15.39320 -16.07822 -16.11066 -16.15000 -16.18677 -16.84058 -16.91623 -16.92397 -16.92482 -16.92355 -16.92565 -16.92354 -16.92523 -16.92608 -16.92354 -16.92355 -16.92608 -16.92354 -16.92354 -16.92608 -16.92608 -16.92566 -16.92440 -16.92398 -16.92566 -16.92651 -16.92397 -16.92309 -16.92608 -16.92608 -16.92608 -16.92566 -16.92440 -16.92397 -16.92438 -16.92769 -16.92769" yc="141.83531 141.92374 141.96183 141.96977 141.96720 141.93649 141.91506 141.81266 141.80629 141.80951 141.81823 141.82774 141.87457 141.91900 141.99677 142.05314 142.08091 142.19917 142.21583 142.24680 142.27294 142.27137 142.34320 142.39363 142.42140 142.43209 142.43803 142.42711 142.42140 142.54363 142.62614 142.75317 142.90314 143.07260 143.10077 143.17217 143.17851 143.06506 143.13411 143.13489 143.10631 143.09563 143.10949 143.13291 143.09920 143.08331 143.01543 142.98011 142.97137 142.96823 142.96980 142.88849 142.82537 142.80709 142.79360 142.78409 142.77854 142.77774 142.80871 142.76663 142.79280 142.81029 142.82020 142.86269 142.97454 143.09046 143.16580 143.22294 143.28649 143.28726 143.28251 143.28211 143.29200 143.29877 143.32614 143.35234 143.36980 143.40471 143.41266 143.37617 143.32694 143.32297 143.32497 143.33526 143.40946 143.42774 143.44203 143.44920 143.45471 143.46980 143.50154 143.62217 143.79997 143.84840 143.87100 143.88329 143.85649 143.80354 143.76269 143.74480 143.77534 143.83783 143.90431 143.98726 144.03089 144.03923 144.04597 144.03649 144.03089 144.03171 144.12214 144.18331 144.25946 144.28326 144.25591 144.23014 144.28489 144.31903 144.32857 144.30634 144.24994 144.10589 144.07534 144.08763 144.21591 144.30077 144.30394 144.29203 144.17377 144.12274 144.06403 143.98569 143.92691 143.92274 143.98411 144.04283 144.05789 144.06900 144.09917 144.11263 144.12929 144.13089 144.12929 144.11817 144.11503 144.13049 144.18646 144.23649 144.26663 144.28011 144.45311 144.48491 144.47891 144.44557 144.43486 144.42534 144.43646 144.41346 144.41029 144.45254 144.52537 144.53571 144.53489 144.51820 144.50157 144.48174 144.50969 144.54480 144.55789 144.56269 144.56186 144.55711 144.58846 144.60629 144.63489 144.70314 144.82177 144.99360 145.18011 145.23886 145.25871 145.31900 145.34280 145.35709 145.36583 145.37297 145.38649 145.38889 145.37694 145.23966 145.43489 145.50629 145.51103 145.51026 145.50631 145.49040 145.46506 145.42974 145.41506 145.39203 145.39363 145.39997 145.41186 145.40871 145.40711 145.39760 145.37017 145.30074 145.25551 145.11266 145.08649 145.07577 145.12734 145.20831 145.22937 145.23489 145.23646 145.21429 145.21266 145.22177 145.38329 145.47217 145.71980 145.77537 145.98569 146.03011 146.04877 146.00360 145.77734 145.74363 145.77697 145.84914 146.06117 146.13966 146.14323 146.05234 145.96123 145.90529 145.82931 145.76503 145.69757 145.67811 145.70551 145.76480 145.71943 145.51800 145.26983 145.27060 145.22580 145.20751 145.16423 145.11026 145.05871 145.01900 145.01666 145.21723 145.27914 145.43011 145.48566 145.48686 145.46823 145.47931 145.62257 145.63569 145.63726 145.63566 145.65709 145.71429 145.95911 146.03286 146.19520 146.24160 146.29206 146.29994 146.29443 146.28169 146.26420 146.30869 146.40909 146.42774 146.45237 146.47540 146.47974 146.46980 146.46389 146.58643 146.71840 146.68091 146.63491 146.60391 146.53806 146.31663 146.28009 146.23449 146.16186 146.08486 145.96900 145.90989 145.85391 145.64597 145.57540 145.38569 145.36737 145.30386 145.24997 145.22654 145.21429 145.21346 145.22534 145.24206 145.23489 145.17297 145.11980 145.10791 145.10114 145.12060 145.13249 145.10629 145.02857 144.86983 144.93011 145.04443 145.08051 145.15629 145.17060 145.17771 145.18171 145.20831 145.28371 145.29400 145.27297 145.26026 145.27457 145.30391 145.32057 145.33566 145.34123 145.36423 145.32614 145.22300 145.16103 145.13169 144.91423 144.83643 144.81820 144.75077 144.66106 144.60669 144.65706 144.67220 144.67537 144.66783 144.64360 144.54680 144.46006 144.27931 144.26663 144.29594 144.35551 144.37337 144.29997 144.26189 144.20457 144.18969 144.21066 144.24120 144.10749 143.98451 143.62377 143.90949 144.05709 144.20549 144.18174 144.17854 144.20034 144.22771 144.23489 144.32937 144.37097 144.53409 144.54203 144.39363 144.37300 144.35154 144.21343 143.93563 143.91580 143.85074 143.83249 143.81663 143.65551 143.63406 143.59440 143.58489 143.57540 143.58809 143.57300 143.51586 143.41677 143.37249 143.31823 143.29800 143.35749 143.39200 143.40311 143.39954 143.36303 143.35549 143.36420 143.45549 143.59209 143.76586 143.76860 143.73486 143.71383 143.66783 143.62417 143.55589 143.51026 143.47540 143.33011 143.27854 143.23889 143.17257 142.89500 142.81306 142.77377 142.68011 142.56029 142.45631 142.37697 142.22934 142.15080 142.08763 142.07217 142.06623 142.04920 141.98309 141.92531 141.92891 141.60514 141.45434 141.09920 141.00629 140.85997 141.20234 141.20194 141.15711 141.08486 140.97497 140.87774 140.84600 140.80234 140.76743 140.63329 140.54914 140.51103 140.47454 140.41446 140.35789 140.30551 140.24440 140.04840 139.97614 139.90397 139.87217 139.82691 139.81580 139.80154 139.79517 139.78723 139.77454 139.74123 139.72931 139.71583 139.68014 139.62057 139.60074 139.59203 139.60869 139.62851 139.66343 139.66823 139.66703 139.63526 139.55869 139.46340 139.39897 139.29840 139.13326 138.77857 138.72531 138.56743 138.38314 138.33363 138.15194 138.14363 138.14597 138.15949 138.17691 138.30069 138.33731 138.18877 138.13923 138.12614 138.12137 138.12217 138.11743 138.10629 138.05157 138.03009 138.01103 137.98131 137.95157 137.91349 137.82771 137.79837 137.76743 137.71266 137.65471 137.61506 137.57537 137.51660 137.49040 137.47180 137.45151 137.44440 137.43169 137.42140 137.39917 137.38889 137.37223 137.33809 137.27931 137.25471 137.23809 137.17460 137.14600 137.10391 136.98011 136.64840 136.63263 136.65354 136.44446 136.36506 136.19520 136.14520 136.06820 136.02851 135.99203 135.90231 135.84837 135.77614 135.69920 135.31700 135.14517 135.05474 134.94080 134.87574 134.78606 134.71349 134.64477 134.60629 134.58963 134.57374 134.51509 134.45946 134.45391 134.42774 134.37931 134.37297 134.37220 134.41663 134.43726 134.44163 134.43409 134.37206 134.31663 134.31546 134.46394 134.60789 134.70177 134.74043 134.75354 134.73337 134.63091 134.48037 134.42966 134.37394 134.28043 134.34126 134.43166 134.43329 134.42060 134.35629 134.34440 134.26500 134.24080 134.17274 134.14560 134.14760 134.15391 134.16583 134.18214 134.14477 133.99920 133.71426 133.50949 133.44163 133.35711 133.22374 132.95234 132.95074 132.95551 132.97137 133.01094 133.09103 133.22217 133.25431 133.27854 133.32534 133.33014 133.32217 133.31029 133.28883 133.23449 133.17971 133.15234 133.13726 133.10589 133.13051 133.19160 133.28174 133.28569 133.27854 133.26900 132.91823 132.64874 132.56586 132.55314 132.49600 132.47217 132.49320 132.49437 132.48806 132.48883 132.50549 132.63406 132.75077 132.80234 132.96740 132.96663 132.94917 132.89603 132.86269 132.80789 132.74083 132.70631 132.70626 132.73171 132.87934 132.90554 132.96583 133.02854 133.32434 133.43703 133.71457 134.13009 134.15929 134.05311 134.03014 133.99263 133.90231 133.54320 133.52771 133.51903 133.49997 133.49120 133.47454 133.45869 133.40786 133.00351 132.94323 132.88171 132.81900 132.72617 132.65671 132.56823 132.50429 132.43766 132.38726 132.21900 132.20789 132.24163 132.31820 132.48883 132.58171 132.57934 132.57771 132.56823 132.47691 132.41900 132.39280 132.19203 132.13329 132.02023 131.95391 131.82257 131.77854 131.76583 131.75946 131.78126 131.80037 131.91580 132.09737 132.12534 132.11583 132.09043 132.06583 132.06186 132.07574 132.09797 132.17517 132.20074 132.20074 132.19600 132.14760 132.07694 131.99437 131.86506 131.82300 131.74360 131.67537 131.45274 131.35711 131.36506 131.44920 131.53089 131.57297 131.62497 131.62777 131.60151 131.57694 131.54200 131.53011 131.52380 131.52100 131.56426 131.66980 131.71186 131.71583 131.65794 131.61860 131.61583 131.62934 131.64683 131.67774 131.67537 131.65711 131.63094 131.63011 131.65391 131.66666 131.71980 131.75906 131.88726 131.98643 131.97614 131.96980 131.97337 132.04123 132.06106 132.06660 132.08926 132.21783 132.31029 132.37694 132.54997 132.67294 132.71026 132.74483 132.80949 132.90154 133.01860 133.04203 133.05074 133.05354 133.05869 133.08014 133.11423 133.10869 133.05074 133.04777 133.08651 133.09997 133.11266 133.14203 133.15631 133.16743 133.14994 133.13726 133.12537 133.10791 132.97383 132.92617 132.63966 132.68169 132.69674 132.69754 132.64517 132.57220 132.45946 132.34637 132.29440 132.23886 132.20314 132.16586 132.10431 132.06126 132.04440 132.04680 132.04203 132.02694 131.99000 131.87751 131.72931 131.72057 131.72297 131.77457 131.78406 131.85254 131.86506 131.90709 131.92694 131.94597 131.94837 131.94320 131.92457 131.71109 131.69443 131.62537 131.41026 131.34300 131.31029 131.25091 131.17694 131.07451 131.03011 131.01940 131.02771 131.04637 131.11426 131.01343 130.95869 130.94126 130.83903 130.78669 130.76860 130.67871 130.63886 130.51103 130.40631 130.38809 130.38846 130.42694 130.50394 130.55111 130.57774 130.59834 130.61583 130.67140 130.74760 130.73014 130.71029 130.60791 130.57734 130.53329 130.48566 130.46557 130.42477 130.28251 130.23969 130.21309 130.20317 130.19680 130.17691 130.14283 130.04683 129.93529 129.86743 129.77177 129.75077 129.72454 129.72137 129.68886 129.68171 129.64517 129.61503 129.58011 129.56583 129.56106 129.55394 129.58526 129.58091 129.58569 129.64677 129.65074 129.64594 129.61186 129.45469 129.44043 129.42377 129.41029 129.28577 129.24677 129.26226 129.29086 129.30471 129.34400 129.23683 129.11740 128.95474 128.93166 128.91743 128.90471 128.90394 128.91106 128.92060 128.99797 129.08649 129.15034 129.21900 129.25231 129.30471 129.36286 129.37614 129.32340 129.26817 129.20471 129.08546 128.99126 128.94674 128.89360 128.82300 128.79840 128.77297 128.75869 128.72969 128.68249 128.62460 128.55969 128.41580 128.42614 128.34040 128.25274 128.09997 128.04597 128.01134 127.81880 127.71740 127.58846 127.54046 127.51186 127.41743 127.39597 127.38406 127.36983 127.35629 127.27457 127.23014 127.19523 127.18571 127.14840 127.13091 127.10869 127.09917 127.07934 127.03729 127.00000 126.98566 126.98246 126.99123 127.00234 127.02694 127.05314 127.04840 127.02971 127.01743 127.13886 127.23606 127.22060 127.20869 127.19734 127.20314 127.23646 127.34837 127.37340 127.38406 127.38251 127.34523 127.32020 127.32654 127.35077 127.37697 127.39200 127.39760 127.36346 127.34920 127.33251 127.29363 127.24043 127.09837 127.04917 126.99163 126.91106 126.88706 126.89340 127.11820 127.19520 127.20034 127.18054 127.18609 127.29363 127.31900 127.40194 127.48091 127.54123 127.58546 127.58646 127.28803 127.16666 126.89046 126.67457 126.69600 126.82143 126.99080 127.06286 127.13529 127.19086 127.23331 127.27294 127.30034 127.37774 127.57614 127.63091 127.66343 127.76069 127.75274 127.72480 127.72220 127.73094 127.74560 127.87140 127.86029 127.82574 127.78923 127.77494 127.83643 127.91106 127.98806 127.99600 127.96503 127.94366 127.89840 127.88491 127.91666 127.96109 128.01680 128.18171 128.38009 128.39437 128.40389 128.39557 128.31980 128.32377 128.34520 128.34040 128.26666 128.23169 128.19043 128.09757 127.98249 127.76903 127.59600 127.50434 127.17277 127.15314 127.14683 127.14443 127.15237 127.15951 127.19840 127.21506 127.24697 127.19523 127.16983 126.91106 126.82497 126.88486 126.93566 126.94200 126.93803 126.89757 126.78603 126.70471 126.57297 126.52137 126.28406 126.22137 126.13091 125.99920 125.91743 125.85711 125.66666 125.57380 125.48489 125.35594 125.28174 125.12340 125.04523 124.96189 124.90397 124.32143 124.29286 124.27617 124.26189 124.23649 124.21983 124.16506 124.14523 124.15157 124.17774 124.14443 124.09126 124.07220 124.14760 124.23569 124.30474 124.40197 124.40714 124.40177 124.13331 123.83014 123.59840 123.56506 123.26506 123.22537 123.02537 123.00554 122.95317 123.01900 123.22380 123.25711 123.33011 123.47060 123.48091 123.57974 123.59880 123.55157 123.54046 123.47140 123.24026 123.09957 123.08063 123.05077 122.98174 122.88471 122.88134 122.91586 122.94443 122.95077 122.93569 122.91209 122.80711 122.65037 122.39440 122.23251 122.10157 121.86386 121.88046 121.92697 122.13351 121.83569 121.80354 121.75474 121.70934 121.68314 121.62666 121.40077 121.32857 121.19283 121.08649 121.22854 121.51823 121.53571 121.53769 121.52220 121.46349 121.27457 121.24206 121.15314 120.87774 120.56903 120.47060 120.39243 120.33131 120.13211 120.04363 119.96029 119.82297 119.77577 119.73489 119.56269 119.54680 119.47417 119.30554 119.23371 119.15394 119.11109 119.08926 118.96823 118.96109 118.95634 119.01783 119.18220 118.82934 118.70237 118.54877 118.56249 118.62894 118.71583 118.72774 118.73014 118.72774 118.66943 118.62774 118.52974 118.41523 118.40711 118.37140 118.28966 118.17223 118.09323 118.05157 118.02657 118.02180 118.02457 118.01983 118.00077 117.93291 117.83986 117.61823 117.47003 117.38034 117.35791 117.34443 117.33886 117.35017 117.60671 117.63571 117.65594 117.72129 117.88014 118.03411 118.07420 118.30434 118.38091 118.37774 118.57143 118.62683 118.64254 118.81266 118.93411 118.92954 118.85791 118.70871 118.67460 118.55254 118.50909 118.48934 118.33383 118.32469 118.32260 117.86111 117.71943 117.58769 117.61680 117.63166 117.79283 117.87617 117.79283 117.71029 117.56323 117.50440 117.37300 117.33171 117.32126 117.35237 117.42369 117.47380 117.43729 117.34920 117.19760 117.18443 117.17460 117.15911 117.12774 117.06109 116.93729 116.91109 116.87914 116.89440 116.94480 116.98409 117.00791 117.00751 116.93966 116.92577 116.86426 116.78866 116.72023 116.71586 116.75157 116.75951 116.76666 116.76586 116.75237 116.73809 116.73411 116.76569 116.84257 116.90951 117.12063 117.11626 116.84889 116.76983 116.75871 116.75317 116.75714 116.77497 116.81011 116.81109 116.77157 116.72663 116.70554 116.70114 116.64246 116.57180 116.44917 116.29343 116.21466 116.10791 116.04286 115.97854 115.96069 115.93729 115.93629 116.06483 116.25909 116.31149 116.39114 116.49760 116.51586 116.50237 116.45157 116.29154 116.19283 116.16069 116.12806 116.12211 116.02003 115.87814 115.86506 115.88329 116.03371 116.16506 116.25997 116.28377 116.52260 116.57617 116.62300 116.62854 116.68091 116.75237 116.84691 116.89046 116.88291 116.86903 116.85474 116.76743 116.62777 116.35451 116.27854 115.98649 115.94563 115.86329 115.76346 115.74206 115.71189 115.70634 115.70911 115.72103 115.76269 115.81426 115.83569 115.84603 115.84997 115.82974 115.75631 115.61614 115.58649 115.54560 115.31426 115.27460 115.22223 115.14363 115.11823 115.11766 115.13094 115.09680 115.04840 114.98571 114.72774 114.53689 114.46346 114.41189 114.37537 114.35074 114.22220 114.19600 114.19006 114.17697 114.14303 114.04440 113.93609 113.88491 113.85037 113.80831 113.78334 113.76191 113.74206 113.71349 113.70397 113.70000 113.75314 113.77063 113.77934 113.84760 113.86506 113.89363 114.00234 114.16426 114.23729 114.25157 114.28809 114.35234 114.42897 114.77060 114.83031 114.89640 114.94600 115.01111 115.18966 115.24206 115.33729 115.41031 115.63331 115.99760 116.04680 116.26029 116.30871 116.29203 116.13886 116.12063 116.12420 116.12814 116.11746 116.09126 115.94763 115.80951 115.54917 115.23571 114.76980 114.70237 114.67140 114.75474 114.89046 114.97060 114.98549 114.91426 114.71743 114.55077 114.46743 114.31466 113.97697 113.86903 113.66983 113.52300 113.38409 113.03014 112.84840 112.76980 112.71029 112.51626 112.08886 111.84880 111.74917 111.66229 111.61983 111.60471 111.60234 111.68997 111.75474 111.75911 111.74086 111.74283 111.75237 111.78331 111.82023 111.73331 111.63451 111.52617 111.49283 111.47774 111.14603 111.04720 110.90874 110.92220 110.91863 110.86543 110.75237 110.48171 110.44443 110.42300 110.42180 110.48131 110.51586 110.50474 110.44323 110.38094 110.34243 110.36269 110.32380 110.28331 110.42140 110.47377 110.46663 110.48351 110.60314 110.65237 110.77380 110.83014 110.84203 110.87934 110.95474 110.98014 111.01903 111.05671 111.10157 111.09503 111.05474 111.12220 111.25951 111.50951 111.60000 111.59523 111.45237 111.39503 111.35534 111.29443 111.19760 111.17060 111.11983 110.97420 110.88014 110.77260 110.81426 110.87337 110.99760 111.21666 111.24046 111.26883 111.13889 110.87060 110.80791 110.66506 110.62694 110.12460 109.96031 109.79603 109.76743 109.73886 109.70154 109.72140 109.73329 109.75949 109.97934 109.99323 110.01191 110.64123 110.76306 110.86189 110.88926 110.90154 110.86249 110.79283 110.77697 110.75157 110.67617 110.64483 110.65671 110.71626 110.78251 111.13809 111.29046 111.33849 111.40514 111.20000 111.10283 111.09363 111.17377 111.20317 111.55420 111.62491 111.74760 111.83569 111.92497 111.82460 111.75420 111.71063 111.62103 111.57363 111.56554 111.56483 111.52697 111.50951 111.47774 111.44603 111.41149 111.15711 111.06606 111.13411 111.19620 111.32537 111.41209 111.45237 111.49760 111.43074 111.17577 111.05631 110.99780 110.96983 110.88054 110.83571 110.81389 110.78886 110.75594 110.71903 110.64540 110.41666 110.39203 110.32537 110.30514 110.31349 110.32934 110.34680 110.37300 110.42340 110.58886 110.69046 110.91029 110.96031 110.96823 110.98174 110.99997 111.06980 111.11426 111.46546 111.52497 111.59503 111.72100 111.78014 111.83174 111.86069 111.42854 111.34760 111.21914 111.19317 110.75474 110.68409 110.40314 109.99563 109.94800 109.67934 109.61031 109.44880 109.33211 109.21194 109.24331 109.17143 109.12637 109.04126 109.05969 109.11326 109.16706 109.14471 109.04957 108.99760 108.93729 108.81149 108.50951 108.32377 108.21189 108.15000 107.95474 107.87937 107.61429 107.53529 107.46983 107.45634 107.22063 107.13491 107.20077 107.27220 107.31306 107.12220 107.06583 107.06583 107.07060 107.09680 107.22380 107.32403 107.32060 107.28531 107.11069 106.87060 106.79837 106.73729 106.74603 106.74123 106.71823 106.66903 106.64049 106.51426 106.46189 106.42934 106.38569 106.32934 105.95554 105.90474 105.86029 105.75037 105.65711 105.34660 105.27340 105.23291 105.03689 105.08729 105.09363 105.15711 105.02937 104.93726 104.85871 104.81266 104.69443 104.67140 104.63491 104.63171 104.62697 104.61666 104.51983 104.40237 104.36743 104.32854 104.25554 104.20474 104.15631 104.06786 104.03011 103.92457 103.67300 103.61666 103.55554 103.44443 103.38729 103.32617 102.83926 102.67300 102.61583 102.59126 102.48411 102.41189 102.20434 102.20077 102.27180 102.33111 102.39660 102.47971 102.46746 102.44443 102.43809 102.44680 102.48966 102.50951 102.50731 102.21386 102.20871 102.17617 102.09897 101.98806 102.07774 102.15237 102.19520 102.34126 102.53529 102.60791 102.67140 102.69283 102.71626 102.74123 102.55197 102.52497 102.47774 102.23729 102.17063 101.96186 101.92300 101.56903 101.44603 101.30077 101.26883 101.06506 100.97854 100.97140 101.01269 100.86111 100.76426 100.69680 100.50711 100.46900 100.51386 100.53649 100.52617 100.49443 100.43966 100.37180 100.33449 99.97817 99.92377 99.83700 99.64223 99.59600 99.45631 99.45197 99.53411 99.80760 99.89720 99.92577 99.98489 100.00891 100.03809 100.09523 100.27477 100.39880 100.35871 100.23311 100.09123 100.00711 99.94600 99.85871 99.80277 99.79920 99.81229 99.82974 99.86149 100.00197 99.87994 100.35394 100.55234 100.60037 100.68926 100.82023 100.84960 100.84126 100.60711 100.47774 100.33846 100.32280 100.26209 100.17734 100.12617 100.10409 100.04443 100.05314 100.07974 100.14006 100.28857 100.43031 100.45471 100.36823 100.32557 100.27894 100.22537 100.20771 100.28331 100.31943 100.35951 100.37577 100.53014 100.65749 100.67460 100.67537 100.66266 100.64223 100.84286 101.15037 101.44780 101.74283 101.77934 101.80314 101.80951 101.81429 101.79997 101.51506 101.47580 101.51586 101.53729 101.57380 101.63214 101.58489 101.38131 101.05254 100.99403 101.16426 101.22063 101.27297 101.35671 101.43649 101.46506 101.48251 101.48886 101.48649 101.45971 101.40077 101.32774 101.29046 101.27737 101.27934 101.30077 101.33371 101.42974 101.47794 101.52517 101.61903 101.59700 101.37160 101.36586 101.40711 101.63094 101.79997 101.81823 101.81983 101.88649 101.99046 102.06146 102.11843 102.17897 102.25631 102.33014 102.42934 102.42457 102.40909 102.35794 102.32020 101.95711 101.73889 101.60871 101.60949 101.61983 101.64920 101.68409 101.83174 101.88489 102.17854 102.26109 102.35077 102.49817 102.61186 102.63171 102.62934 102.65474 102.74123 102.85354 102.88926 102.88331 102.86426 102.78449 102.73617 102.72637 102.84283 102.91871 103.10711 103.17063 103.39440 103.40949 103.41149 103.37080 103.28726 103.14560 102.97869 102.83411 102.82537 102.86823 102.98014 103.13411 103.35751 103.27300 103.37854 103.52914 103.51426 103.47180 103.41583 103.38569 103.35474 103.50791 103.54600 103.57180 103.64929 103.77223 103.82934 103.78486 103.75403 103.70557 103.62854 103.57734 103.59640 103.65354 103.73451 103.80840 103.83840 103.86220 104.05711 104.11466 104.21863 104.20751 104.18726 104.15949 104.14840 104.17734 104.24949 104.27637 104.32103 104.31823 104.25197 104.19283 104.31429 104.43211 104.48014 104.49763 104.48809 104.46309 104.42183 104.38889 104.36843 104.45880 104.50554 104.59263 104.65157 104.70137 104.77777 104.79523 104.78589 104.65691 104.59563 104.60926 104.62934 104.68014 104.76983 104.77449 104.79680 104.87814 105.27100 105.30711 105.31666 105.28609 105.25154 105.19523 105.13966 105.06426 105.05871 105.06743 105.21031 105.45314 105.60714 105.59086 105.49126 105.68966 105.70317 105.65394 105.95237 106.12617 106.20237 106.52697 106.59720 106.59126 106.58014 106.53489 106.66031 107.07497 107.07457 107.00177 106.95514 106.94917 106.97617 107.16826 107.24683 107.32697 107.31149 107.25951 107.27380 107.28969 107.54760 107.93729 107.96943 107.98411 107.97817 107.85714 107.76366 107.81269 107.85454 108.08331 108.23131 108.26229 108.45000 108.61317 108.65551 108.65434 108.62934 108.57777 108.62617 108.66466 108.63806 108.64223 108.83649 108.98411 108.88669 108.87457 108.94483 109.37260 109.46254 109.47774 109.41863 109.33571 109.31349 109.36666 109.44760 109.57854 109.58969 109.58117 109.57220 109.59126 109.66289 109.72617 109.77220 109.94303 109.97694 109.97380 109.97140 110.03291 110.23729 110.31426 110.33569 110.38491 110.61269 111.02737 111.22617 111.37377 111.42634 111.39800 111.38926 111.39680 111.42460 111.47200 111.58171 111.63014 111.62303 111.65157 111.65554 111.64086 111.60871 111.54483 111.50274 111.51269 111.80789 112.24840 112.30197 112.34997 112.43966 112.41583 112.41666 112.42697 112.45714 112.50314 112.49600 112.49840 112.56980 112.64600 112.67774 112.77854 112.91583 113.00434 113.01346 113.30871 113.48349 113.61746 113.53251 113.50017 113.43806 113.29206 113.22457 113.22854 113.26823 113.27777 113.32774 113.45554 113.68889 113.76940 113.81029 113.79600 113.78214 113.76109 113.76843 113.90037 113.96506 113.96089 113.93729 113.93211 113.94680 114.04740 114.33569 114.41823 114.49503 114.55554 114.69840 114.82674 114.85077 114.85751 114.88409 114.91980 114.97846 115.08949 115.11586 115.12617 115.11349 115.08331 115.08103 115.13769 115.16666 115.17537 115.17457 115.17220 115.16583 115.13269 115.04286 114.98251 114.94123 115.00794 115.12360 115.32617 115.45989 115.53231 115.62060 115.69006 115.87814 115.92460 116.00711 116.13569 116.15154 116.19917 116.33806 116.40157 116.38331 116.34403 116.33529 116.37674 116.45474 116.53729 116.59163 116.66823 116.72854 116.87060 117.07697 117.13726 117.17540 117.19126 117.22934 117.26309 117.29563 117.34046 117.53094 117.57974 117.64920 117.67297 117.72757 117.72774 117.73966 117.82540 117.84520 117.96111 117.95794 117.87500 117.85551 117.84997 117.84680 117.84917 117.85991 117.87300 117.87380 117.86983 117.85634 117.84283 117.88263 117.91274 117.99774 118.12280 118.22894 118.39680 118.49957 118.53529 118.54523 118.59523 118.54997 118.37697 118.34957 118.30474 118.23886 118.10077 118.05871 117.76091 117.59363 117.45711 117.38094 117.35077 117.29917 117.20554 117.17620 117.11506 117.01934 116.99363 116.99520 116.97694 116.89957 116.80434 116.71903 116.72000 116.76906 116.78729 116.80551 116.81586 116.83411 116.88157 116.90203 116.96663 117.04760 117.05791 117.06980 117.06743 117.04443 117.00949 116.98649 116.88886 116.92774 116.95357 117.02737 117.07377 117.14046 117.22797 117.24917 117.24800 117.22934 117.03966 116.79363 116.54046 116.52777 116.52300 116.50114 116.36603 116.31109 116.19126 116.16663 115.96309 115.90871 115.83729 115.74363 115.56823 115.39523 114.97220 114.88886 114.82854 114.76269 114.73091 114.64203 114.51663 114.47063 114.32777 113.66426 113.60000 113.54126 113.48411 113.40711 113.38251 113.35674 113.29997 113.27503 113.24780 113.30514 113.55474 113.64203 113.69226 113.69286 113.65951 113.12774 113.08331 113.02457 112.95829 112.88191 112.76426 112.77534 112.79523 112.80077 112.80234 112.79126 112.66269 112.63889 112.59440 112.29263 112.21666 112.05631 111.89283 111.88806 111.90634 111.92289 112.00474 112.09123 112.16466 112.16706 112.11903 112.05711 112.02854 112.02300 112.03371 112.08680 112.23251 112.25871 112.27377 112.21189 112.10951 112.12377 112.15591 112.26666 112.36426 112.51983 112.55737 112.63277 112.62646 112.66346 112.81434 112.90951 112.95634 113.01266 113.11903 113.11783 112.99283 112.90957 112.75394 113.11266 113.19523 113.32140 113.38889 113.44840 113.47280 113.16029 112.95157 112.84440 112.76963 112.76149 112.79997 112.84283 113.22140 113.32857 113.40077 113.46603 113.56189 113.63786 113.70377 113.64006 113.57777 113.38489 113.33131 113.31186 113.47377 113.65711 113.81663 114.15623 114.15634 114.04760 113.97857 113.91903 113.80791 113.74997 113.54123 113.48609 113.50511 113.58729 113.68331 113.77697 114.01309 114.07417 114.43271 114.54997 114.61783 114.61783 114.29840 114.20869 113.92874 113.90711 113.92023 114.00831 114.15077 114.25654 114.39997 114.43171 114.44680 114.41686 114.34820 114.23906 114.17620 114.16506 114.14283 114.17717 114.15117 114.13846 114.24757 114.46029 114.63986 114.75197 114.72983 114.64186 114.61983 114.64523 114.67657 114.70591 114.76109 114.87420 114.93806 115.01111 114.98080 114.95806 114.90997 114.86029 114.80294 114.99206 115.03649 115.14497 115.28251 115.36903 115.43014 115.42814 115.46069 115.51903 115.57537 115.74366 116.00037 115.94520 115.86980 115.74920 115.66586 115.68649 115.73251 115.82974 115.79840 115.74366 115.70394 115.56269 115.57597 115.63649 115.70711 115.77063 115.90394 115.93749 115.93897 115.87140 115.81963 116.04997 116.29380 116.40523 116.47380 116.50791 116.48537 116.46657 116.38091 116.31466 116.20357 116.21109 116.32697 116.39443 116.42934 116.48371 116.52083 116.56426 116.59286 116.57737 116.53969 116.52620 116.53749 116.64840 116.68489 116.67657 116.63449 116.59560 116.60711 116.70829 117.19203 117.30577 117.33809 117.32060 117.30157 117.21566 117.16269 117.13171 117.10317 117.09443 117.10989 117.29837 117.32697 117.39800 117.40789 117.41346 117.36917 117.29774 117.19363 117.24823 117.29214 117.36109 117.47537 117.88806 117.92694 117.92974 117.66980 117.34571 116.99246 116.90103 116.82826 116.70394 116.66111 116.63331 116.67857 116.72300 116.84483 117.02854 117.54243 117.58054 117.57557 117.40871 117.23809 117.07934 116.90677 116.82220 116.95531 117.10554 117.17697 117.17063 117.14483 117.08271 117.01783 116.97140 116.98489 117.06109 117.10274 117.15554 117.26426 117.50117 117.51940 117.53094 117.51229 117.47694 117.39600 117.38331 117.38331 117.38569 117.37260 117.34443 117.00711 116.90911 116.79580 116.63251 116.62003 116.62143 116.62777 116.65474 116.68489 116.61506 116.63014 116.67220 116.72537 116.77260 116.82994 116.74483 116.70114 116.60077 116.49917 116.49817 116.50077 116.49283 116.46109 116.40971 116.26880 116.25234 116.26349 116.27614 116.40589 116.45814 116.53054 116.55911 116.41526 116.32711 116.30143 116.28283 116.15551 116.10277 116.09243 116.09997 116.21589 116.07094 116.06743 116.12857 116.15394 116.19817 116.19143 115.87697 115.82617 115.69046 115.62300 115.63451 115.63094 115.62140 115.54283 115.48746 115.41486 115.30514 115.29206 115.28769 115.30711 115.32974 115.53449 115.83969 116.05314 116.22300 116.27697 116.29600 116.30871 116.33014 116.22994 116.07854 115.76346 115.36823 115.13531 115.11269 115.10077 115.14283 115.14443 115.14206 115.08211 114.97280 114.89571 114.85077 114.81663 114.77894 114.81603 114.85554 114.83091 114.63489 114.46346 114.40871 114.30911 114.27617 114.26031 114.26386 114.28886 114.33529 114.36269 114.38809 114.44283 114.45711 114.46189 114.45911 114.45871 114.46346 114.47220 114.49680 114.51426 114.55394 114.56506 114.58649 114.60157 114.59997 114.58174 114.53966 114.40634 114.36109 114.34443 114.32777 114.31426 114.28211 114.15237 114.16983 114.18251 114.31746 114.33809 114.37774 114.47023 114.51209 114.60720 114.67857 114.67974 114.49680 114.33966 114.27420 114.20989 114.12694 114.03886 114.02537 113.90394 113.80791 113.69683 113.67697 113.60871 113.55951 113.54123 113.46823 113.43171 113.42297 113.42377 113.42934 113.44600 113.46029 113.54920 113.59760 113.65949 113.71349 113.88094 114.09046 114.29523 114.37300 114.38014 114.27220 114.23251 114.15871 113.98489 113.92211 113.91094 113.90760 113.87934 113.83729 113.72954 113.72854 113.74206 113.77500 113.82060 113.84363 113.82797 113.82083 113.80560 113.71663 113.55151 113.38649 113.18886 113.06566 113.06506 113.14343 113.47266 113.91426 114.03886 114.21029 114.23889 114.24303 113.98171 113.87220 113.68571 113.54403 113.36029 113.18251 113.08809 112.98969 112.84523 112.67077 112.64220 112.55266 112.50397 112.53126 112.54743 112.50980 112.45317 112.45514 112.50791 112.51149 112.35671 112.33849 112.29603 112.24523 112.21109 112.19840 112.18014 112.02220 111.98886 111.88806 111.90554 111.95871 111.97934 111.95611 111.77060 111.78489 111.78063 111.74283 111.73094 111.72934 111.74483 111.72577 111.51349 111.48411 111.27220 111.24243 111.15631 111.10554 111.03251 110.95374 110.87380 110.81426 110.75434 110.70871 110.62854 110.59443 110.50594 110.44997 110.42457 110.51229 110.48649 110.43726 110.35789 110.32143 110.26743 110.19363 110.01826 109.87457 109.75949 109.70177 109.72140 109.72100 109.70314 109.65671 109.59026 109.25154 109.21943 109.19006 109.19046 109.20334 109.25711 109.31943 109.43986 109.47340 109.52714 109.57460 109.52497 109.45314 109.42437 109.53569 109.57254 109.61363 109.62369 109.59840 109.53746 109.59720 109.75949 109.66109 109.59203 109.50623 109.45077 109.54363 109.60277 109.67223 109.79283 110.03334 110.18411 110.32817 110.42854 110.46226 110.40554 110.34283 110.27060 110.26546 110.31506 110.31349 110.32774 110.51526 110.62574 110.70617 110.76903 110.89800 110.88091 110.83986 110.77717 110.82514 110.92300 110.94920 110.96983 111.05157 111.11111 111.10823 111.06823 111.03174 110.92203 110.99086 111.16009 111.23226 111.39680 111.52914 111.60534 111.62260 111.40434 111.26189 111.17774 111.33211 111.18806 110.94166 110.71923 110.72777 110.79483 110.94443 111.03569 111.22666 111.47300 111.50691 111.51943 111.46109 111.38477 111.27046 111.11746 111.11266 111.14814 111.17220 111.16863 111.13131 111.07617 111.03157 110.90949 110.44600 110.32143 110.29126 110.10911 109.90831 109.86029 109.66031 109.70154 109.77220 109.92914 109.91843 109.66346 109.56206 109.40634 109.32857 109.28489 109.23926 109.16349 109.23729 109.44166 109.54443 109.70634 109.81900 110.12500 110.17340 110.34997 110.41666 110.46426 110.63251 110.99523 111.04760 111.31903 111.63057 111.79600 112.07237 112.06823 112.05394 111.99720 111.94323 111.87934 111.79109 111.69383 111.96863 112.02697 112.16269 112.25949 112.48023 112.75474 112.72300 112.55666 112.47680 112.37251 112.17577 112.06189 112.00991 111.79523 111.08977 110.98034 110.72180 110.69183 110.79403 110.87300 110.90037 110.79243 110.53649 110.41666 110.37697 109.88729 109.81663 109.66277 109.58886 109.57777 109.59760 109.58769 109.56149 109.39126 109.16763 109.13449 109.14423 109.25791 109.69489 109.99383 110.03489 110.06109 110.06189 110.04283 110.01746 110.00911 110.02697 110.02697 110.01626 109.97537 109.68551 109.54363 109.29523 109.11149 108.86029 108.79680 108.68729 108.61111 108.51466 108.54726 108.59631 108.70714 108.95117 108.98846 108.86666 108.65697 108.49411 108.27774 107.97577 107.95594 107.99046 108.07160 108.20237 108.31729 108.35314 108.35317 108.33886 108.26109 108.15237 108.21586 108.30571 108.30900 108.07060 107.91109 107.84523 107.64920 107.60394 107.48649 107.47697 107.38966 107.18271 107.15277 107.19520 107.26883 107.35197 107.73966 107.70394 107.50760 107.35574 107.33094 107.34586 107.35989 107.37894 107.40551 107.40017 107.35971 107.30443 107.29954 107.25966 107.09797 106.72974 106.68011 106.65331 106.61109 106.65237 106.70511 106.63411 106.50077 106.50491 106.51751 106.52140 106.51586 106.44346 106.26746 106.18886 106.11546 106.10237 106.08291 106.03014 106.00554 105.99780 106.04640 106.17991 106.14700 106.04760 105.94286 105.80871 105.88629 105.95374 105.66209 105.59663 105.61746 105.51823 105.26823 105.16586 105.11111 105.04523 105.01666 105.00197 105.09203 105.17517 105.20674 105.19183 105.06349 104.98729 104.93171 104.89920 104.67914 104.62417 104.60317 104.58357 104.59669 104.64386 104.66677 104.56589 104.40929 104.35234 104.06506 103.93809 103.92417 103.87934 103.78789 103.70434 103.59363 103.54283 103.50551 103.46666 103.41983 103.32834 103.08966 103.01486 102.88709 102.75571 102.73091 102.73291 102.69380 102.46506 102.34920 102.30157 102.28511 102.06823 101.73211 101.66983 101.62143 101.58569 101.55237 101.50791 101.42460 101.43174 101.52697 101.81666 101.89520 102.32597 102.37300 102.38291 102.39560 102.44363 102.46746 102.51943 102.51346 102.53134 102.71980 102.78649 102.84166 102.74680 102.75514 102.88974 102.94854 103.00234 103.12614 103.16149 103.01823 102.92029 102.86457 102.81469 102.69046 102.57537 102.38489 102.11743 102.02260 101.72697 101.65157 101.56309 101.45634 101.18014 100.96269 100.88589 100.87931 100.96626 100.98529 100.84086 100.82063 100.81903 100.82620 100.81326 100.58571 100.53271 100.36426 100.25134 100.24283 100.25434 100.27737 100.33054 100.40514 100.36109 100.61189 100.65591 100.76426 100.80631 100.90234 100.93123 100.63846 100.33411 100.30474 100.29680 100.18014 100.14600 100.00057 99.96980 99.88094 99.80791 99.63409 99.58731 99.49086 99.40554 99.37300 99.34840 99.33509 99.34720 99.48854 99.57777 99.63531 99.87169 99.55631 99.42446 99.33680 99.41746 99.51823 99.72694 99.95317 100.07457 100.15394 100.36109 100.48966 100.58729 100.64480 100.80297 101.08569 101.54680 102.16349 102.31069 102.34683 102.55711 102.59766 102.59943 102.92817 103.07300 103.19443 103.11506 103.21109 103.44680 103.52934 103.54123 103.56109 103.57143 103.59603 103.78729 103.86586 103.90314 103.92697 103.94997 104.00237 104.06903 104.09917 104.12934 104.19760 104.28729 104.31429 104.56983 104.58094 104.57777 104.56686 104.91109 105.13094 105.33331 105.41031 105.59920 105.75157 105.81826 105.90871 105.96903 106.19680 106.29917 106.72697 106.78609 106.95791 107.00314 107.05831 107.38094 107.77180 107.86269 107.91823 107.99443 108.16983 108.31269 108.38091 108.43331 108.52260 108.56309 108.60631 108.68729 108.81643 108.95951 109.08609 109.13251 109.17537 109.30634 109.37300 109.59997 109.71506 109.74874 109.88331 110.08011 110.41346 110.59997 110.64600 110.88091 111.01269 111.21566 111.34600 111.58171 111.79740 111.80631 111.80157 111.95871 112.02140 112.12377 112.14366 112.22854 112.64840 112.69917 112.73726 112.76943 112.85394 112.97300 113.05000 113.20391 113.20631 113.22060 113.24840 113.50471 113.71980 113.69683 113.44443 113.34046 113.30711 113.29046 113.27617 113.25554 113.17854 113.14760 113.09603 113.03251 112.93091 112.78171 112.72140 112.77060 112.61186 112.49203 112.27420 112.15951 111.96109 111.89520 111.89917 111.90077 111.90077 111.80551 111.74126 111.70949 111.64997 111.44603 111.39997 111.37457 111.33014 111.22380 111.17934 111.16426 111.16189 111.18411 111.25117 111.32617 111.40077 111.54680 111.83729 111.96269 112.11029 112.59440 112.90474 113.18017 113.45237 113.52060 113.64046 113.74323 113.82400 113.90551 114.01983 114.22457 114.27854 114.40394 114.48651 114.55871 114.72854 114.86029 115.10714 115.27060 115.27060 115.25869 115.12143 114.98411 114.91666 114.82220 114.83966 115.17063 115.09680 115.00354 114.92063 115.13651 115.16346 115.33331 115.42697 116.95157 117.04680 122.09443 123.14286 125.23649 125.61826 126.28489 128.95071 129.04597 129.23646 130.56977 131.71266 132.85549 133.33251 133.90311 134.47534 135.14043 135.80711 136.37931 136.75946 137.33089 137.80789 138.66503 139.90154 141.23566 141.52060 141.83531 141.83531"/>
<line xp1="76.03791" yp1="14.13491" xp2="76.35343" yp2="14.70317" sp="0.15000" color="gray" opacity="100"/>
<line xp1="76.35343" yp1="14.70317" xp2="76.36282" yp2="14.74443" sp="0.15000" color="gray" opacity="100"/>
<line xp1="76.36282" yp1="14.74443" xp2="76.51111" yp2="15.22380" sp="0.15000" color="gray" opacity="100"/>
<line xp1="76.51111" yp1="15.22380" xp2="76.52798" yp2="15.24363" sp="0.15000" color="gray" opacity="100"/>
<line xp1="76.52798" yp1="15.24363" xp2="76.52157" yp2="15.28014" sp="0.15000" color="gray" opacity="100"/>
<line xp1="76.52157" yp1="15.28014" xp2="76.50171" yp2="15.28214" sp="0.15000" color="gray" opacity="100"/>
<line xp1="76.50171" yp1="15.28214" xp2="76.48185" yp2="15.26229" sp="0.15000" color="gray" opacity="100"/>
<line xp1="76.48185" yp1="15.26229" xp2="76.41325" yp2="15.11746" sp="0.15000" color="gray" opacity="100"/>
<line xp1="76.41325" yp1="15.11746" xp2="76.39743" yp2="15.02143" sp="0.15000" color="gray" opacity="100"/>
<line xp1="76.39743" yp1="15.02143" xp2="76.37094" yp2="14.91109" sp="0.15000" color="gray" opacity="100"/>
<line xp1="76.37094" yp1="14.91109" xp2="76.32685" yp2="14.80511" sp="0.15000" color="gray" opacity="100"/>
<line xp1="76.32685" yp1="14.80511" xp2="76.29188" yp2="14.71666" sp="0.15000" color="gray" opacity="100"/>
<line xp1="76.29188" yp1="14.71666" xp2="76.22220" yp2="14.54680" sp="0.15000" color="gray" opacity="100"/>
<line xp1="76.22220" yp1="14.54680" xp2="76.04358" yp2="14.19046" sp="0.15000" color="gray" opacity="100"/>
<line xp1="76.04358" yp1="14.19046" xp2="75.99868" yp2="14.14517" sp="0.15000" color="gray" opacity="100"/>
<line xp1="75.99868" yp1="14.14517" xp2="76.00746" yp2="14.13254" sp="0.15000" color="gray" opacity="100"/>
<line xp1="76.00746" yp1="14.13254" xp2="76.03791" yp2="14.13491" sp="0.15000" color="gray" opacity="100"/>
<line xp1="76.03791" yp1="14.13491" xp2="76.03791" yp2="14.13491" sp="0.15000" color="gray" opacity="100"/>
<line xp1="50.50598" yp1="17.43411" xp2="50.50426" yp2="17.47934" sp="0.15000" color="gray" opacity="100"/>
<line xp1="50.50426" yp1="17.47934" xp2="50.49275" yp2="17.61506" sp="0.15000" color="gray" opacity="100"/>
<line xp1="50.49275" yp1="17.61506" xp2="50.46285" yp2="17.96509" sp="0.15000" color="gray" opacity="100"/>
<line xp1="50.46285" yp1="17.96509" xp2="50.45171" yp2="18.08094" sp="0.15000" color="gray" opacity="100"/>
<line xp1="50.45171" yp1="18.08094" xp2="50.41880" yp2="18.31666" sp="0.15000" color="gray" opacity="100"/>
<line xp1="50.41880" yp1="18.31666" xp2="50.38717" yp2="18.51823" sp="0.15000" color="gray" opacity="100"/>
<line xp1="50.38717" yp1="18.51823" xp2="50.36708" yp2="18.63571" sp="0.15000" color="gray" opacity="100"/>
<line xp1="50.36708" yp1="18.63571" xp2="50.32392" yp2="18.84760" sp="0.15000" color="gray" opacity="100"/>
<line xp1="50.32392" yp1="18.84760" xp2="50.26878" yp2="19.13174" sp="0.15000" color="gray" opacity="100"/>
<line xp1="50.26878" yp1="19.13174" xp2="50.24178" yp2="19.35603" sp="0.15000" color="gray" opacity="100"/>
<line xp1="50.24178" yp1="19.35603" xp2="50.22192" yp2="19.49434" sp="0.15000" color="gray" opacity="100"/>
<line xp1="50.22192" yp1="19.49434" xp2="50.21742" yp2="19.54080" sp="0.15000" color="gray" opacity="100"/>
<line xp1="50.21742" yp1="19.54080" xp2="50.17863" yp2="19.98889" sp="0.15000" color="gray" opacity="100"/>
<line xp1="50.17863" yp1="19.98889" xp2="50.17565" yp2="20.03017" sp="0.15000" color="gray" opacity="100"/>
<line xp1="50.17565" yp1="20.03017" xp2="50.17435" yp2="20.14683" sp="0.15000" color="gray" opacity="100"/>
<line xp1="50.17435" yp1="20.14683" xp2="50.17949" yp2="20.38649" sp="0.15000" color="gray" opacity="100"/>
<line xp1="50.17949" yp1="20.38649" xp2="50.18506" yp2="20.51031" sp="0.15000" color="gray" opacity="100"/>
<line xp1="50.18506" yp1="20.51031" xp2="50.17971" yp2="20.57866" sp="0.15000" color="gray" opacity="100"/>
<line xp1="50.17971" yp1="20.57866" xp2="50.15769" yp2="20.42697" sp="0.15000" color="gray" opacity="100"/>
<line xp1="50.15769" yp1="20.42697" xp2="50.15471" yp2="20.38571" sp="0.15000" color="gray" opacity="100"/>
<line xp1="50.15471" yp1="20.38571" xp2="50.15385" yp2="20.34363" sp="0.15000" color="gray" opacity="100"/>
<line xp1="50.15385" yp1="20.34363" xp2="50.15214" yp2="20.15000" sp="0.15000" color="gray" opacity="100"/>
<line xp1="50.15214" yp1="20.15000" xp2="50.15298" yp2="20.05951" sp="0.15000" color="gray" opacity="100"/>
<line xp1="50.15298" yp1="20.05951" xp2="50.17575" yp2="19.53777" sp="0.15000" color="gray" opacity="100"/>
<line xp1="50.17575" yp1="19.53777" xp2="50.20575" yp2="19.43303" sp="0.15000" color="gray" opacity="100"/>
<line xp1="50.20575" yp1="19.43303" xp2="50.21808" yp2="19.16274" sp="0.15000" color="gray" opacity="100"/>
<line xp1="50.21808" yp1="19.16274" xp2="50.23674" yp2="19.09760" sp="0.15000" color="gray" opacity="100"/>
<line xp1="50.23674" yp1="19.09760" xp2="50.30086" yp2="18.78969" sp="0.15000" color="gray" opacity="100"/>
<line xp1="50.30086" yp1="18.78969" xp2="50.34186" yp2="18.58331" sp="0.15000" color="gray" opacity="100"/>
<line xp1="50.34186" yp1="18.58331" xp2="50.42351" yp2="18.12380" sp="0.15000" color="gray" opacity="100"/>
<line xp1="50.42351" yp1="18.12380" xp2="50.45171" yp2="17.80317" sp="0.15000" color="gray" opacity="100"/>
<line xp1="50.45171" yp1="17.80317" xp2="50.46242" yp2="17.54286" sp="0.15000" color="gray" opacity="100"/>
<line xp1="50.46242" yp1="17.54286" xp2="50.46840" yp2="17.48729" sp="0.15000" color="gray" opacity="100"/>
<line xp1="50.46840" yp1="17.48729" xp2="50.47908" yp2="17.41903" sp="0.15000" color="gray" opacity="100"/>
<line xp1="50.47908" yp1="17.41903" xp2="50.49754" yp2="17.39366" sp="0.15000" color="gray" opacity="100"/>
<line xp1="50.49754" yp1="17.39366" xp2="50.50598" yp2="17.43411" sp="0.15000" color="gray" opacity="100"/>
<line xp1="50.50598" yp1="17.43411" xp2="50.50598" yp2="17.43411" sp="0.15000" color="gray" opacity="100"/>
<line xp1="50.19254" yp1="20.64443" xp2="50.20298" yp2="20.68331" sp="0.15000" color="gray" opacity="100"/>
<line xp1="50.20298" yp1="20.68331" xp2="50.22137" yp2="20.78174" sp="0.15000" color="gray" opacity="100"/>
<line xp1="50.22137" yp1="20.78174" xp2="50.23888" yp2="20.93254" sp="0.15000" color="gray" opacity="100"/>
<line xp1="50.23888" yp1="20.93254" xp2="50.24957" yp2="21.00157" sp="0.15000" color="gray" opacity="100"/>
<line xp1="50.24957" yp1="21.00157" xp2="50.26238" yp2="21.06429" sp="0.15000" color="gray" opacity="100"/>
<line xp1="50.26238" yp1="21.06429" xp2="50.29445" yp2="21.21269" sp="0.15000" color="gray" opacity="100"/>
<line xp1="50.29445" yp1="21.21269" xp2="50.31623" yp2="21.30634" sp="0.15000" color="gray" opacity="100"/>
<line xp1="50.31623" yp1="21.30634" xp2="50.35854" yp2="21.45634" sp="0.15000" color="gray" opacity="100"/>
<line xp1="50.35854" yp1="21.45634" xp2="50.39018" yp2="21.55554" sp="0.15000" color="gray" opacity="100"/>
<line xp1="50.39018" yp1="21.55554" xp2="50.39231" yp2="21.56586" sp="0.15000" color="gray" opacity="100"/>
<line xp1="50.39231" yp1="21.56586" xp2="50.50129" yp2="21.90951" sp="0.15000" color="gray" opacity="100"/>
<line xp1="50.50129" yp1="21.90951" xp2="50.51283" yp2="21.94443" sp="0.15000" color="gray" opacity="100"/>
<line xp1="50.51283" yp1="21.94443" xp2="50.58848" yp2="22.13251" sp="0.15000" color="gray" opacity="100"/>
<line xp1="50.58848" yp1="22.13251" xp2="50.61197" yp2="22.18649" sp="0.15000" color="gray" opacity="100"/>
<line xp1="50.61197" yp1="22.18649" xp2="50.65255" yp2="22.26349" sp="0.15000" color="gray" opacity="100"/>
<line xp1="50.65255" yp1="22.26349" xp2="50.69062" yp2="22.34206" sp="0.15000" color="gray" opacity="100"/>
<line xp1="50.69062" yp1="22.34206" xp2="50.70297" yp2="22.36903" sp="0.15000" color="gray" opacity="100"/>
<line xp1="50.70297" yp1="22.36903" xp2="50.70278" yp2="22.39960" sp="0.15000" color="gray" opacity="100"/>
<line xp1="50.70278" yp1="22.39960" xp2="50.67223" yp2="22.40554" sp="0.15000" color="gray" opacity="100"/>
<line xp1="50.67223" yp1="22.40554" xp2="50.65554" yp2="22.38691" sp="0.15000" color="gray" opacity="100"/>
<line xp1="50.65554" yp1="22.38691" xp2="50.53334" yp2="22.10791" sp="0.15000" color="gray" opacity="100"/>
<line xp1="50.53334" yp1="22.10791" xp2="50.51880" yp2="22.07300" sp="0.15000" color="gray" opacity="100"/>
<line xp1="50.51880" yp1="22.07300" xp2="50.33634" yp2="21.57460" sp="0.15000" color="gray" opacity="100"/>
<line xp1="50.33634" yp1="21.57460" xp2="50.29745" yp2="21.46549" sp="0.15000" color="gray" opacity="100"/>
<line xp1="50.29745" yp1="21.46549" xp2="50.28117" yp2="21.41666" sp="0.15000" color="gray" opacity="100"/>
<line xp1="50.28117" yp1="21.41666" xp2="50.25811" yp2="21.31897" sp="0.15000" color="gray" opacity="100"/>
<line xp1="50.25811" yp1="21.31897" xp2="50.25085" yp2="21.28809" sp="0.15000" color="gray" opacity="100"/>
<line xp1="50.25085" yp1="21.28809" xp2="50.19958" yp2="21.03571" sp="0.15000" color="gray" opacity="100"/>
<line xp1="50.19958" yp1="21.03571" xp2="50.19275" yp2="20.98014" sp="0.15000" color="gray" opacity="100"/>
<line xp1="50.19275" yp1="20.98014" xp2="50.17498" yp2="20.79286" sp="0.15000" color="gray" opacity="100"/>
<line xp1="50.17498" yp1="20.79286" xp2="50.17232" yp2="20.63551" sp="0.15000" color="gray" opacity="100"/>
<line xp1="50.17232" yp1="20.63551" xp2="50.19254" yp2="20.64443" sp="0.15000" color="gray" opacity="100"/>
<line xp1="50.19254" yp1="20.64443" xp2="50.19254" yp2="20.64443" sp="0.15000" color="gray" opacity="100"/>
<line xp1="76.66538" yp1="20.56983" xp2="76.55726" yp2="21.03966" sp="0.15000" color="gray" opacity="100"/>
<line xp1="76.55726" yp1="21.03966" xp2="76.49017" yp2="21.26349" sp="0.15000" color="gray" opacity="100"/>
<line xp1="76.49017" yp1="21.26349" xp2="76.47308" yp2="21.33966" sp="0.15000" color="gray" opacity="100"/>
<line xp1="76.47308" yp1="21.33966" xp2="76.41752" yp2="21.69443" sp="0.15000" color="gray" opacity="100"/>
<line xp1="76.41752" yp1="21.69443" xp2="76.35129" yp2="22.04206" sp="0.15000" color="gray" opacity="100"/>
<line xp1="76.35129" yp1="22.04206" xp2="76.32008" yp2="22.14206" sp="0.15000" color="gray" opacity="100"/>
<line xp1="76.32008" yp1="22.14206" xp2="76.30642" yp2="22.19286" sp="0.15000" color="gray" opacity="100"/>
<line xp1="76.30642" yp1="22.19286" xp2="76.30000" yp2="22.21983" sp="0.15000" color="gray" opacity="100"/>
<line xp1="76.30000" yp1="22.21983" xp2="76.25812" yp2="22.40951" sp="0.15000" color="gray" opacity="100"/>
<line xp1="76.25812" yp1="22.40951" xp2="76.23857" yp2="22.42974" sp="0.15000" color="gray" opacity="100"/>
<line xp1="76.23857" yp1="22.42974" xp2="76.32308" yp2="21.99760" sp="0.15000" color="gray" opacity="100"/>
<line xp1="76.32308" yp1="21.99760" xp2="76.47863" yp2="21.18094" sp="0.15000" color="gray" opacity="100"/>
<line xp1="76.47863" yp1="21.18094" xp2="76.60555" yp2="20.69760" sp="0.15000" color="gray" opacity="100"/>
<line xp1="76.60555" yp1="20.69760" xp2="76.63506" yp2="20.59166" sp="0.15000" color="gray" opacity="100"/>
<line xp1="76.63506" yp1="20.59166" xp2="76.66902" yp2="20.53214" sp="0.15000" color="gray" opacity="100"/>
<line xp1="76.66902" yp1="20.53214" xp2="76.66538" yp2="20.56983" sp="0.15000" color="gray" opacity="100"/>
<line xp1="76.66538" yp1="20.56983" xp2="76.66538" yp2="20.56983" sp="0.15000" color="gray" opacity="100"/>
<line xp1="50.94186" yp1="22.94443" xp2="51.00212" yp2="23.09683" sp="0.15000" color="gray" opacity="100"/>
<line xp1="51.00212" yp1="23.09683" xp2="51.01666" yp2="23.16111" sp="0.15000" color="gray" opacity="100"/>
<line xp1="51.01666" yp1="23.16111" xp2="51.02094" yp2="23.16826" sp="0.15000" color="gray" opacity="100"/>
<line xp1="51.02094" yp1="23.16826" xp2="51.01111" yp2="23.19523" sp="0.15000" color="gray" opacity="100"/>
<line xp1="51.01111" yp1="23.19523" xp2="50.96860" yp2="23.24206" sp="0.15000" color="gray" opacity="100"/>
<line xp1="50.96860" yp1="23.24206" xp2="50.88934" yp2="23.11349" sp="0.15000" color="gray" opacity="100"/>
<line xp1="50.88934" yp1="23.11349" xp2="50.73246" yp2="22.60474" sp="0.15000" color="gray" opacity="100"/>
<line xp1="50.73246" yp1="22.60474" xp2="50.71411" yp2="22.50080" sp="0.15000" color="gray" opacity="100"/>
<line xp1="50.71411" yp1="22.50080" xp2="50.73034" yp2="22.48411" sp="0.15000" color="gray" opacity="100"/>
<line xp1="50.73034" yp1="22.48411" xp2="50.94186" yp2="22.94443" sp="0.15000" color="gray" opacity="100"/>
<line xp1="50.94186" yp1="22.94443" xp2="50.94186" yp2="22.94443" sp="0.15000" color="gray" opacity="100"/>
<line xp1="51.45855" yp1="23.61906" xp2="51.49488" yp2="23.65634" sp="0.15000" color="gray" opacity="100"/>
<line xp1="51.49488" yp1="23.65634" xp2="51.55940" yp2="23.70794" sp="0.15000" color="gray" opacity="100"/>
<line xp1="51.55940" yp1="23.70794" xp2="51.58462" yp2="23.72380" sp="0.15000" color="gray" opacity="100"/>
<line xp1="51.58462" yp1="23.72380" xp2="51.61626" yp2="23.74523" sp="0.15000" color="gray" opacity="100"/>
<line xp1="51.61626" yp1="23.74523" xp2="51.66238" yp2="23.78571" sp="0.15000" color="gray" opacity="100"/>
<line xp1="51.66238" yp1="23.78571" xp2="51.68140" yp2="23.81746" sp="0.15000" color="gray" opacity="100"/>
<line xp1="51.68140" yp1="23.81746" xp2="51.69271" yp2="23.85871" sp="0.15000" color="gray" opacity="100"/>
<line xp1="51.69271" yp1="23.85871" xp2="51.69145" yp2="23.90634" sp="0.15000" color="gray" opacity="100"/>
<line xp1="51.69145" yp1="23.90634" xp2="51.67703" yp2="23.98631" sp="0.15000" color="gray" opacity="100"/>
<line xp1="51.67703" yp1="23.98631" xp2="51.65362" yp2="23.97180" sp="0.15000" color="gray" opacity="100"/>
<line xp1="51.65362" yp1="23.97180" xp2="51.64508" yp2="23.93371" sp="0.15000" color="gray" opacity="100"/>
<line xp1="51.64508" yp1="23.93371" xp2="51.52734" yp2="23.81426" sp="0.15000" color="gray" opacity="100"/>
<line xp1="51.52734" yp1="23.81426" xp2="51.31603" yp2="23.60197" sp="0.15000" color="gray" opacity="100"/>
<line xp1="51.31603" yp1="23.60197" xp2="51.30000" yp2="23.56349" sp="0.15000" color="gray" opacity="100"/>
<line xp1="51.30000" yp1="23.56349" xp2="51.28675" yp2="23.53571" sp="0.15000" color="gray" opacity="100"/>
<line xp1="51.28675" yp1="23.53571" xp2="51.21389" yp2="23.44126" sp="0.15000" color="gray" opacity="100"/>
<line xp1="51.21389" yp1="23.44126" xp2="51.14402" yp2="23.41269" sp="0.15000" color="gray" opacity="100"/>
<line xp1="51.14402" yp1="23.41269" xp2="51.11666" yp2="23.40394" sp="0.15000" color="gray" opacity="100"/>
<line xp1="51.11666" yp1="23.40394" xp2="51.11286" yp2="23.40586" sp="0.15000" color="gray" opacity="100"/>
<line xp1="51.11286" yp1="23.40586" xp2="51.10342" yp2="23.40711" sp="0.15000" color="gray" opacity="100"/>
<line xp1="51.10342" yp1="23.40711" xp2="51.08546" yp2="23.39840" sp="0.15000" color="gray" opacity="100"/>
<line xp1="51.08546" yp1="23.39840" xp2="51.07095" yp2="23.36746" sp="0.15000" color="gray" opacity="100"/>
<line xp1="51.07095" yp1="23.36746" xp2="51.06026" yp2="23.32934" sp="0.15000" color="gray" opacity="100"/>
<line xp1="51.06026" yp1="23.32934" xp2="51.05000" yp2="23.17143" sp="0.15000" color="gray" opacity="100"/>
<line xp1="51.05000" yp1="23.17143" xp2="51.05598" yp2="23.12140" sp="0.15000" color="gray" opacity="100"/>
<line xp1="51.05598" yp1="23.12140" xp2="51.06837" yp2="23.14286" sp="0.15000" color="gray" opacity="100"/>
<line xp1="51.06837" yp1="23.14286" xp2="51.14828" yp2="23.26031" sp="0.15000" color="gray" opacity="100"/>
<line xp1="51.14828" yp1="23.26031" xp2="51.17395" yp2="23.29680" sp="0.15000" color="gray" opacity="100"/>
<line xp1="51.17395" yp1="23.29680" xp2="51.22051" yp2="23.35317" sp="0.15000" color="gray" opacity="100"/>
<line xp1="51.22051" yp1="23.35317" xp2="51.24232" yp2="23.37934" sp="0.15000" color="gray" opacity="100"/>
<line xp1="51.24232" yp1="23.37934" xp2="51.45855" yp2="23.61906" sp="0.15000" color="gray" opacity="100"/>
<line xp1="51.45855" yp1="23.61906" xp2="51.45855" yp2="23.61906" sp="0.15000" color="gray" opacity="100"/>
<line xp1="75.89894" yp1="23.60714" xp2="75.89285" yp2="23.65911" sp="0.15000" color="gray" opacity="100"/>
<line xp1="75.89285" yp1="23.65911" xp2="75.90685" yp2="23.76826" sp="0.15000" color="gray" opacity="100"/>
<line xp1="75.90685" yp1="23.76826" xp2="75.89382" yp2="23.92460" sp="0.15000" color="gray" opacity="100"/>
<line xp1="75.89382" yp1="23.92460" xp2="75.91666" yp2="24.13489" sp="0.15000" color="gray" opacity="100"/>
<line xp1="75.91666" yp1="24.13489" xp2="75.92905" yp2="24.20951" sp="0.15000" color="gray" opacity="100"/>
<line xp1="75.92905" yp1="24.20951" xp2="75.93846" yp2="24.24840" sp="0.15000" color="gray" opacity="100"/>
<line xp1="75.93846" yp1="24.24840" xp2="75.94828" yp2="24.28729" sp="0.15000" color="gray" opacity="100"/>
<line xp1="75.94828" yp1="24.28729" xp2="75.95855" yp2="24.32143" sp="0.15000" color="gray" opacity="100"/>
<line xp1="75.95855" yp1="24.32143" xp2="75.97608" yp2="24.38254" sp="0.15000" color="gray" opacity="100"/>
<line xp1="75.97608" yp1="24.38254" xp2="75.98377" yp2="24.42380" sp="0.15000" color="gray" opacity="100"/>
<line xp1="75.98377" yp1="24.42380" xp2="75.98418" yp2="24.45791" sp="0.15000" color="gray" opacity="100"/>
<line xp1="75.98418" yp1="24.45791" xp2="75.97863" yp2="24.50000" sp="0.15000" color="gray" opacity="100"/>
<line xp1="75.97863" yp1="24.50000" xp2="75.96166" yp2="24.54246" sp="0.15000" color="gray" opacity="100"/>
<line xp1="75.96166" yp1="24.54246" xp2="75.93375" yp2="24.56469" sp="0.15000" color="gray" opacity="100"/>
<line xp1="75.93375" yp1="24.56469" xp2="75.85302" yp2="24.50000" sp="0.15000" color="gray" opacity="100"/>
<line xp1="75.85302" yp1="24.50000" xp2="75.79745" yp2="24.39760" sp="0.15000" color="gray" opacity="100"/>
<line xp1="75.79745" yp1="24.39760" xp2="75.78974" yp2="24.35714" sp="0.15000" color="gray" opacity="100"/>
<line xp1="75.78974" yp1="24.35714" xp2="75.78418" yp2="24.22380" sp="0.15000" color="gray" opacity="100"/>
<line xp1="75.78418" yp1="24.22380" xp2="75.80982" yp2="23.94046" sp="0.15000" color="gray" opacity="100"/>
<line xp1="75.80982" yp1="23.94046" xp2="75.90812" yp2="23.55197" sp="0.15000" color="gray" opacity="100"/>
<line xp1="75.90812" yp1="23.55197" xp2="75.89894" yp2="23.60714" sp="0.15000" color="gray" opacity="100"/>
<line xp1="75.89894" yp1="23.60714" xp2="75.89894" yp2="23.60714" sp="0.15000" color="gray" opacity="100"/>
<line xp1="54.03205" yp1="26.40077" xp2="54.04617" yp2="26.41746" sp="0.15000" color="gray" opacity="100"/>
<line xp1="54.04617" yp1="26.41746" xp2="54.06582" yp2="26.44286" sp="0.15000" color="gray" opacity="100"/>
<line xp1="54.06582" yp1="26.44286" xp2="54.08932" yp2="26.48014" sp="0.15000" color="gray" opacity="100"/>
<line xp1="54.08932" yp1="26.48014" xp2="54.08931" yp2="26.48411" sp="0.15000" color="gray" opacity="100"/>
<line xp1="54.08931" yp1="26.48411" xp2="54.17735" yp2="26.59443" sp="0.15000" color="gray" opacity="100"/>
<line xp1="54.17735" yp1="26.59443" xp2="54.18229" yp2="26.62391" sp="0.15000" color="gray" opacity="100"/>
<line xp1="54.18229" yp1="26.62391" xp2="54.12092" yp2="26.68174" sp="0.15000" color="gray" opacity="100"/>
<line xp1="54.12092" yp1="26.68174" xp2="53.91368" yp2="26.39363" sp="0.15000" color="gray" opacity="100"/>
<line xp1="53.91368" yp1="26.39363" xp2="53.70557" yp2="26.08411" sp="0.15000" color="gray" opacity="100"/>
<line xp1="53.70557" yp1="26.08411" xp2="53.69188" yp2="26.05791" sp="0.15000" color="gray" opacity="100"/>
<line xp1="53.69188" yp1="26.05791" xp2="53.67335" yp2="26.00446" sp="0.15000" color="gray" opacity="100"/>
<line xp1="53.67335" yp1="26.00446" xp2="54.03205" yp2="26.40077" sp="0.15000" color="gray" opacity="100"/>
<line xp1="54.03205" yp1="26.40077" xp2="54.03205" yp2="26.40077" sp="0.15000" color="gray" opacity="100"/>
<line xp1="58.79551" yp1="27.10754" xp2="58.88589" yp2="27.31031" sp="0.15000" color="gray" opacity="100"/>
<line xp1="58.88589" yp1="27.31031" xp2="58.86411" yp2="27.36269" sp="0.15000" color="gray" opacity="100"/>
<line xp1="58.86411" yp1="27.36269" xp2="58.68249" yp2="27.52854" sp="0.15000" color="gray" opacity="100"/>
<line xp1="58.68249" yp1="27.52854" xp2="58.66452" yp2="27.53651" sp="0.15000" color="gray" opacity="100"/>
<line xp1="58.66452" yp1="27.53651" xp2="58.59915" yp2="27.55791" sp="0.15000" color="gray" opacity="100"/>
<line xp1="58.59915" yp1="27.55791" xp2="58.58012" yp2="27.55554" sp="0.15000" color="gray" opacity="100"/>
<line xp1="58.58012" yp1="27.55554" xp2="58.45235" yp2="27.47994" sp="0.15000" color="gray" opacity="100"/>
<line xp1="58.45235" yp1="27.47994" xp2="58.42606" yp2="27.43966" sp="0.15000" color="gray" opacity="100"/>
<line xp1="58.42606" yp1="27.43966" xp2="58.40855" yp2="27.40474" sp="0.15000" color="gray" opacity="100"/>
<line xp1="58.40855" yp1="27.40474" xp2="58.40492" yp2="27.37540" sp="0.15000" color="gray" opacity="100"/>
<line xp1="58.40492" yp1="27.37540" xp2="58.41923" yp2="27.34603" sp="0.15000" color="gray" opacity="100"/>
<line xp1="58.41923" yp1="27.34603" xp2="58.48034" yp2="27.28809" sp="0.15000" color="gray" opacity="100"/>
<line xp1="58.48034" yp1="27.28809" xp2="58.70448" yp2="27.09283" sp="0.15000" color="gray" opacity="100"/>
<line xp1="58.70448" yp1="27.09283" xp2="58.79551" yp2="27.10754" sp="0.15000" color="gray" opacity="100"/>
<line xp1="58.79551" yp1="27.10754" xp2="58.79551" yp2="27.10754" sp="0.15000" color="gray" opacity="100"/>
<line xp1="66.79166" yp1="29.74403" xp2="66.72138" yp2="29.74603" sp="0.15000" color="gray" opacity="100"/>
<line xp1="66.72138" yp1="29.74603" xp2="66.61323" yp2="29.73889" sp="0.15000" color="gray" opacity="100"/>
<line xp1="66.61323" yp1="29.73889" xp2="66.56242" yp2="29.73491" sp="0.15000" color="gray" opacity="100"/>
<line xp1="66.56242" yp1="29.73491" xp2="66.51837" yp2="29.72854" sp="0.15000" color="gray" opacity="100"/>
<line xp1="66.51837" yp1="29.72854" xp2="66.49702" yp2="29.72380" sp="0.15000" color="gray" opacity="100"/>
<line xp1="66.49702" yp1="29.72380" xp2="66.32222" yp2="29.68174" sp="0.15000" color="gray" opacity="100"/>
<line xp1="66.32222" yp1="29.68174" xp2="66.12051" yp2="29.63094" sp="0.15000" color="gray" opacity="100"/>
<line xp1="66.12051" yp1="29.63094" xp2="65.93077" yp2="29.56031" sp="0.15000" color="gray" opacity="100"/>
<line xp1="65.93077" yp1="29.56031" xp2="65.70717" yp2="29.52737" sp="0.15000" color="gray" opacity="100"/>
<line xp1="65.70717" yp1="29.52737" xp2="65.71752" yp2="29.50317" sp="0.15000" color="gray" opacity="100"/>
<line xp1="65.71752" yp1="29.50317" xp2="65.73846" yp2="29.48729" sp="0.15000" color="gray" opacity="100"/>
<line xp1="65.73846" yp1="29.48729" xp2="65.76752" yp2="29.47837" sp="0.15000" color="gray" opacity="100"/>
<line xp1="65.76752" yp1="29.47837" xp2="65.83118" yp2="29.49286" sp="0.15000" color="gray" opacity="100"/>
<line xp1="65.83118" yp1="29.49286" xp2="65.88418" yp2="29.50711" sp="0.15000" color="gray" opacity="100"/>
<line xp1="65.88418" yp1="29.50711" xp2="66.01666" yp2="29.54286" sp="0.15000" color="gray" opacity="100"/>
<line xp1="66.01666" yp1="29.54286" xp2="66.05128" yp2="29.55951" sp="0.15000" color="gray" opacity="100"/>
<line xp1="66.05128" yp1="29.55951" xp2="66.16540" yp2="29.59603" sp="0.15000" color="gray" opacity="100"/>
<line xp1="66.16540" yp1="29.59603" xp2="66.29188" yp2="29.63491" sp="0.15000" color="gray" opacity="100"/>
<line xp1="66.29188" yp1="29.63491" xp2="66.53760" yp2="29.70871" sp="0.15000" color="gray" opacity="100"/>
<line xp1="66.53760" yp1="29.70871" xp2="66.73015" yp2="29.71349" sp="0.15000" color="gray" opacity="100"/>
<line xp1="66.73015" yp1="29.71349" xp2="66.83249" yp2="29.70474" sp="0.15000" color="gray" opacity="100"/>
<line xp1="66.83249" yp1="29.70474" xp2="66.88055" yp2="29.70586" sp="0.15000" color="gray" opacity="100"/>
<line xp1="66.88055" yp1="29.70586" xp2="66.79166" yp2="29.74403" sp="0.15000" color="gray" opacity="100"/>
<line xp1="66.79166" yp1="29.74403" xp2="66.79166" yp2="29.74403" sp="0.15000" color="gray" opacity="100"/>
<line xp1="17.89315" yp1="36.66506" xp2="17.89360" yp2="36.72774" sp="0.15000" color="gray" opacity="100"/>
<line xp1="17.89360" yp1="36.72774" xp2="17.82566" yp2="36.81586" sp="0.15000" color="gray" opacity="100"/>
<line xp1="17.82566" yp1="36.81586" xp2="17.71966" yp2="36.96583" sp="0.15000" color="gray" opacity="100"/>
<line xp1="17.71966" yp1="36.96583" xp2="17.68463" yp2="37.02777" sp="0.15000" color="gray" opacity="100"/>
<line xp1="17.68463" yp1="37.02777" xp2="17.66111" yp2="37.07140" sp="0.15000" color="gray" opacity="100"/>
<line xp1="17.66111" yp1="37.07140" xp2="17.65215" yp2="37.09603" sp="0.15000" color="gray" opacity="100"/>
<line xp1="17.65215" yp1="37.09603" xp2="17.64571" yp2="37.12380" sp="0.15000" color="gray" opacity="100"/>
<line xp1="17.64571" yp1="37.12380" xp2="17.60857" yp2="37.26586" sp="0.15000" color="gray" opacity="100"/>
<line xp1="17.60857" yp1="37.26586" xp2="17.54786" yp2="37.27023" sp="0.15000" color="gray" opacity="100"/>
<line xp1="17.54786" yp1="37.27023" xp2="17.54635" yp2="37.23729" sp="0.15000" color="gray" opacity="100"/>
<line xp1="17.54635" yp1="37.23729" xp2="17.58375" yp2="37.09760" sp="0.15000" color="gray" opacity="100"/>
<line xp1="17.58375" yp1="37.09760" xp2="17.64017" yp2="36.93491" sp="0.15000" color="gray" opacity="100"/>
<line xp1="17.64017" yp1="36.93491" xp2="17.70172" yp2="36.76189" sp="0.15000" color="gray" opacity="100"/>
<line xp1="17.70172" yp1="36.76189" xp2="17.71240" yp2="36.73969" sp="0.15000" color="gray" opacity="100"/>
<line xp1="17.71240" yp1="36.73969" xp2="17.72649" yp2="36.72220" sp="0.15000" color="gray" opacity="100"/>
<line xp1="17.72649" yp1="36.72220" xp2="17.83291" yp2="36.62023" sp="0.15000" color="gray" opacity="100"/>
<line xp1="17.83291" yp1="36.62023" xp2="17.89315" yp2="36.66506" sp="0.15000" color="gray" opacity="100"/>
<line xp1="17.89315" yp1="36.66506" xp2="17.89315" yp2="36.66506" sp="0.15000" color="gray" opacity="100"/>
<line xp1="18.01058" yp1="38.08194" xp2="18.00426" yp2="38.13171" sp="0.15000" color="gray" opacity="100"/>
<line xp1="18.00426" yp1="38.13171" xp2="17.92349" yp2="38.28094" sp="0.15000" color="gray" opacity="100"/>
<line xp1="17.92349" yp1="38.28094" xp2="17.84102" yp2="38.36586" sp="0.15000" color="gray" opacity="100"/>
<line xp1="17.84102" yp1="38.36586" xp2="17.77651" yp2="38.40789" sp="0.15000" color="gray" opacity="100"/>
<line xp1="17.77651" yp1="38.40789" xp2="17.66668" yp2="38.50791" sp="0.15000" color="gray" opacity="100"/>
<line xp1="17.66668" yp1="38.50791" xp2="17.64786" yp2="38.53214" sp="0.15000" color="gray" opacity="100"/>
<line xp1="17.64786" yp1="38.53214" xp2="17.62798" yp2="38.54126" sp="0.15000" color="gray" opacity="100"/>
<line xp1="17.62798" yp1="38.54126" xp2="17.56751" yp2="38.54523" sp="0.15000" color="gray" opacity="100"/>
<line xp1="17.56751" yp1="38.54523" xp2="17.55397" yp2="38.52517" sp="0.15000" color="gray" opacity="100"/>
<line xp1="17.55397" yp1="38.52517" xp2="17.76978" yp2="38.08174" sp="0.15000" color="gray" opacity="100"/>
<line xp1="17.76978" yp1="38.08174" xp2="17.99423" yp2="38.02814" sp="0.15000" color="gray" opacity="100"/>
<line xp1="17.99423" yp1="38.02814" xp2="18.01058" yp2="38.08194" sp="0.15000" color="gray" opacity="100"/>
<line xp1="18.01058" yp1="38.08194" xp2="18.01058" yp2="38.08194" sp="0.15000" color="gray" opacity="100"/>
<line xp1="15.33034" yp1="40.06823" xp2="15.30471" yp2="40.10317" sp="0.15000" color="gray" opacity="100"/>
<line xp1="15.30471" yp1="40.10317" xp2="15.17691" yp2="40.07457" sp="0.15000" color="gray" opacity="100"/>
<line xp1="15.17691" yp1="40.07457" xp2="15.10043" yp2="40.04523" sp="0.15000" color="gray" opacity="100"/>
<line xp1="15.10043" yp1="40.04523" xp2="15.03677" yp2="40.01743" sp="0.15000" color="gray" opacity="100"/>
<line xp1="15.03677" yp1="40.01743" xp2="15.08892" yp2="39.88411" sp="0.15000" color="gray" opacity="100"/>
<line xp1="15.08892" yp1="39.88411" xp2="15.11963" yp2="39.81349" sp="0.15000" color="gray" opacity="100"/>
<line xp1="15.11963" yp1="39.81349" xp2="15.13163" yp2="39.79363" sp="0.15000" color="gray" opacity="100"/>
<line xp1="15.13163" yp1="39.79363" xp2="15.16111" yp2="39.76189" sp="0.15000" color="gray" opacity="100"/>
<line xp1="15.16111" yp1="39.76189" xp2="15.19745" yp2="39.73726" sp="0.15000" color="gray" opacity="100"/>
<line xp1="15.19745" yp1="39.73726" xp2="15.21923" yp2="39.73014" sp="0.15000" color="gray" opacity="100"/>
<line xp1="15.21923" yp1="39.73014" xp2="15.32842" yp2="39.76903" sp="0.15000" color="gray" opacity="100"/>
<line xp1="15.32842" yp1="39.76903" xp2="15.43632" yp2="39.89283" sp="0.15000" color="gray" opacity="100"/>
<line xp1="15.43632" yp1="39.89283" xp2="15.43163" yp2="39.97817" sp="0.15000" color="gray" opacity="100"/>
<line xp1="15.43163" yp1="39.97817" xp2="15.38462" yp2="39.97037" sp="0.15000" color="gray" opacity="100"/>
<line xp1="15.38462" yp1="39.97037" xp2="15.33034" yp2="40.06823" sp="0.15000" color="gray" opacity="100"/>
<line xp1="15.33034" yp1="40.06823" xp2="15.33034" yp2="40.06823" sp="0.15000" color="gray" opacity="100"/>
<line xp1="15.58760" yp1="40.24046" xp2="15.51657" yp2="40.23609" sp="0.15000" color="gray" opacity="100"/>
<line xp1="15.51657" yp1="40.23609" xp2="15.51112" yp2="40.18649" sp="0.15000" color="gray" opacity="100"/>
<line xp1="15.51112" yp1="40.18649" xp2="15.58312" yp2="39.97577" sp="0.15000" color="gray" opacity="100"/>
<line xp1="15.58312" yp1="39.97577" xp2="15.63549" yp2="39.92617" sp="0.15000" color="gray" opacity="100"/>
<line xp1="15.63549" yp1="39.92617" xp2="15.71026" yp2="39.90631" sp="0.15000" color="gray" opacity="100"/>
<line xp1="15.71026" yp1="39.90631" xp2="15.73418" yp2="39.90631" sp="0.15000" color="gray" opacity="100"/>
<line xp1="15.73418" yp1="39.90631" xp2="15.82563" yp2="39.91663" sp="0.15000" color="gray" opacity="100"/>
<line xp1="15.82563" yp1="39.91663" xp2="16.01538" yp2="39.99206" sp="0.15000" color="gray" opacity="100"/>
<line xp1="16.01538" yp1="39.99206" xp2="16.10309" yp2="40.04323" sp="0.15000" color="gray" opacity="100"/>
<line xp1="16.10309" yp1="40.04323" xp2="16.12991" yp2="40.12737" sp="0.15000" color="gray" opacity="100"/>
<line xp1="16.12991" yp1="40.12737" xp2="16.07265" yp2="40.18809" sp="0.15000" color="gray" opacity="100"/>
<line xp1="16.07265" yp1="40.18809" xp2="16.05663" yp2="40.18809" sp="0.15000" color="gray" opacity="100"/>
<line xp1="16.05663" yp1="40.18809" xp2="16.00983" yp2="40.15394" sp="0.15000" color="gray" opacity="100"/>
<line xp1="16.00983" yp1="40.15394" xp2="15.84871" yp2="40.12934" sp="0.15000" color="gray" opacity="100"/>
<line xp1="15.84871" yp1="40.12934" xp2="15.58760" yp2="40.24046" sp="0.15000" color="gray" opacity="100"/>
<line xp1="15.58760" yp1="40.24046" xp2="15.58760" yp2="40.24046" sp="0.15000" color="gray" opacity="100"/>
<line xp1="83.80428" yp1="43.53014" xp2="83.82178" yp2="43.56109" sp="0.15000" color="gray" opacity="100"/>
<line xp1="83.82178" yp1="43.56109" xp2="83.86325" yp2="43.78649" sp="0.15000" color="gray" opacity="100"/>
<line xp1="83.86325" yp1="43.78649" xp2="83.87222" yp2="43.84520" sp="0.15000" color="gray" opacity="100"/>
<line xp1="83.87222" yp1="43.84520" xp2="83.92692" yp2="44.52143" sp="0.15000" color="gray" opacity="100"/>
<line xp1="83.92692" yp1="44.52143" xp2="83.92651" yp2="44.58014" sp="0.15000" color="gray" opacity="100"/>
<line xp1="83.92651" yp1="44.58014" xp2="83.92051" yp2="44.62300" sp="0.15000" color="gray" opacity="100"/>
<line xp1="83.92051" yp1="44.62300" xp2="83.88163" yp2="44.89917" sp="0.15000" color="gray" opacity="100"/>
<line xp1="83.88163" yp1="44.89917" xp2="83.87266" yp2="44.94520" sp="0.15000" color="gray" opacity="100"/>
<line xp1="83.87266" yp1="44.94520" xp2="83.85385" yp2="45.00871" sp="0.15000" color="gray" opacity="100"/>
<line xp1="83.85385" yp1="45.00871" xp2="83.82338" yp2="45.07417" sp="0.15000" color="gray" opacity="100"/>
<line xp1="83.82338" yp1="45.07417" xp2="83.80514" yp2="45.05257" sp="0.15000" color="gray" opacity="100"/>
<line xp1="83.80514" yp1="45.05257" xp2="83.82949" yp2="44.97220" sp="0.15000" color="gray" opacity="100"/>
<line xp1="83.82949" yp1="44.97220" xp2="83.83972" yp2="44.93566" sp="0.15000" color="gray" opacity="100"/>
<line xp1="83.83972" yp1="44.93566" xp2="83.87266" yp2="44.77063" sp="0.15000" color="gray" opacity="100"/>
<line xp1="83.87266" yp1="44.77063" xp2="83.88591" yp2="44.67063" sp="0.15000" color="gray" opacity="100"/>
<line xp1="83.88591" yp1="44.67063" xp2="83.90043" yp2="44.54600" sp="0.15000" color="gray" opacity="100"/>
<line xp1="83.90043" yp1="44.54600" xp2="83.89998" yp2="44.51429" sp="0.15000" color="gray" opacity="100"/>
<line xp1="83.89998" yp1="44.51429" xp2="83.85855" yp2="44.05157" sp="0.15000" color="gray" opacity="100"/>
<line xp1="83.85855" yp1="44.05157" xp2="83.82691" yp2="43.73649" sp="0.15000" color="gray" opacity="100"/>
<line xp1="83.82691" yp1="43.73649" xp2="83.81965" yp2="43.68491" sp="0.15000" color="gray" opacity="100"/>
<line xp1="83.81965" yp1="43.68491" xp2="83.81240" yp2="43.65157" sp="0.15000" color="gray" opacity="100"/>
<line xp1="83.81240" yp1="43.65157" xp2="83.79380" yp2="43.62737" sp="0.15000" color="gray" opacity="100"/>
<line xp1="83.79380" yp1="43.62737" xp2="83.60983" yp2="43.50157" sp="0.15000" color="gray" opacity="100"/>
<line xp1="83.60983" yp1="43.50157" xp2="83.67692" yp2="43.49203" sp="0.15000" color="gray" opacity="100"/>
<line xp1="83.67692" yp1="43.49203" xp2="83.80428" yp2="43.53014" sp="0.15000" color="gray" opacity="100"/>
<line xp1="83.80428" yp1="43.53014" xp2="83.80428" yp2="43.53014" sp="0.15000" color="gray" opacity="100"/>
<line xp1="85.93077" yp1="58.68254" xp2="85.96412" yp2="58.71349" sp="0.15000" color="gray" opacity="100"/>
<line xp1="85.96412" yp1="58.71349" xp2="85.98675" yp2="58.74206" sp="0.15000" color="gray" opacity="100"/>
<line xp1="85.98675" yp1="58.74206" xp2="86.06838" yp2="58.86309" sp="0.15000" color="gray" opacity="100"/>
<line xp1="86.06838" yp1="58.86309" xp2="86.06860" yp2="58.91386" sp="0.15000" color="gray" opacity="100"/>
<line xp1="86.06860" yp1="58.91386" xp2="86.05726" yp2="58.96983" sp="0.15000" color="gray" opacity="100"/>
<line xp1="86.05726" yp1="58.96983" xp2="86.04786" yp2="58.98809" sp="0.15000" color="gray" opacity="100"/>
<line xp1="86.04786" yp1="58.98809" xp2="86.03332" yp2="59.00077" sp="0.15000" color="gray" opacity="100"/>
<line xp1="86.03332" yp1="59.00077" xp2="85.88632" yp2="58.97814" sp="0.15000" color="gray" opacity="100"/>
<line xp1="85.88632" yp1="58.97814" xp2="85.87180" yp2="58.95594" sp="0.15000" color="gray" opacity="100"/>
<line xp1="85.87180" yp1="58.95594" xp2="85.79615" yp2="58.68254" sp="0.15000" color="gray" opacity="100"/>
<line xp1="85.79615" yp1="58.68254" xp2="85.79198" yp2="58.61349" sp="0.15000" color="gray" opacity="100"/>
<line xp1="85.79198" yp1="58.61349" xp2="85.81538" yp2="58.60477" sp="0.15000" color="gray" opacity="100"/>
<line xp1="85.81538" yp1="58.60477" xp2="85.93077" yp2="58.68254" sp="0.15000" color="gray" opacity="100"/>
<line xp1="85.93077" yp1="58.68254" xp2="85.93077" yp2="58.68254" sp="0.15000" color="gray" opacity="100"/>
<line xp1="88.63332" yp1="60.24283" xp2="88.79155" yp2="60.34123" sp="0.15000" color="gray" opacity="100"/>
<line xp1="88.79155" yp1="60.34123" xp2="88.83438" yp2="60.36903" sp="0.15000" color="gray" opacity="100"/>
<line xp1="88.83438" yp1="60.36903" xp2="88.85898" yp2="60.44877" sp="0.15000" color="gray" opacity="100"/>
<line xp1="88.85898" yp1="60.44877" xp2="88.79188" yp2="60.46266" sp="0.15000" color="gray" opacity="100"/>
<line xp1="88.79188" yp1="60.46266" xp2="88.69103" yp2="60.40237" sp="0.15000" color="gray" opacity="100"/>
<line xp1="88.69103" yp1="60.40237" xp2="88.53375" yp2="60.25394" sp="0.15000" color="gray" opacity="100"/>
<line xp1="88.53375" yp1="60.25394" xp2="88.41854" yp2="60.12920" sp="0.15000" color="gray" opacity="100"/>
<line xp1="88.41854" yp1="60.12920" xp2="88.34231" yp2="60.04443" sp="0.15000" color="gray" opacity="100"/>
<line xp1="88.34231" yp1="60.04443" xp2="88.28675" yp2="59.97180" sp="0.15000" color="gray" opacity="100"/>
<line xp1="88.28675" yp1="59.97180" xp2="88.24978" yp2="59.94760" sp="0.15000" color="gray" opacity="100"/>
<line xp1="88.24978" yp1="59.94760" xp2="88.06409" yp2="59.89640" sp="0.15000" color="gray" opacity="100"/>
<line xp1="88.06409" yp1="59.89640" xp2="88.02863" yp2="59.90157" sp="0.15000" color="gray" opacity="100"/>
<line xp1="88.02863" yp1="59.90157" xp2="87.85597" yp2="59.91426" sp="0.15000" color="gray" opacity="100"/>
<line xp1="87.85597" yp1="59.91426" xp2="87.63505" yp2="59.91029" sp="0.15000" color="gray" opacity="100"/>
<line xp1="87.63505" yp1="59.91029" xp2="87.46089" yp2="59.83726" sp="0.15000" color="gray" opacity="100"/>
<line xp1="87.46089" yp1="59.83726" xp2="87.38634" yp2="59.76426" sp="0.15000" color="gray" opacity="100"/>
<line xp1="87.38634" yp1="59.76426" xp2="87.34358" yp2="59.74443" sp="0.15000" color="gray" opacity="100"/>
<line xp1="87.34358" yp1="59.74443" xp2="87.14743" yp2="59.78809" sp="0.15000" color="gray" opacity="100"/>
<line xp1="87.14743" yp1="59.78809" xp2="86.93762" yp2="59.81189" sp="0.15000" color="gray" opacity="100"/>
<line xp1="86.93762" yp1="59.81189" xp2="86.78546" yp2="59.77300" sp="0.15000" color="gray" opacity="100"/>
<line xp1="86.78546" yp1="59.77300" xp2="86.74211" yp2="59.74006" sp="0.15000" color="gray" opacity="100"/>
<line xp1="86.74211" yp1="59.74006" xp2="86.56665" yp2="59.57617" sp="0.15000" color="gray" opacity="100"/>
<line xp1="86.56665" yp1="59.57617" xp2="86.40685" yp2="59.44283" sp="0.15000" color="gray" opacity="100"/>
<line xp1="86.40685" yp1="59.44283" xp2="86.28162" yp2="59.40674" sp="0.15000" color="gray" opacity="100"/>
<line xp1="86.28162" yp1="59.40674" xp2="86.24617" yp2="59.35157" sp="0.15000" color="gray" opacity="100"/>
<line xp1="86.24617" yp1="59.35157" xp2="86.15000" yp2="59.12694" sp="0.15000" color="gray" opacity="100"/>
<line xp1="86.15000" yp1="59.12694" xp2="86.14615" yp2="59.08569" sp="0.15000" color="gray" opacity="100"/>
<line xp1="86.14615" yp1="59.08569" xp2="86.10608" yp2="58.99700" sp="0.15000" color="gray" opacity="100"/>
<line xp1="86.10608" yp1="58.99700" xp2="86.10385" yp2="58.93091" sp="0.15000" color="gray" opacity="100"/>
<line xp1="86.10385" yp1="58.93091" xp2="86.14700" yp2="58.80117" sp="0.15000" color="gray" opacity="100"/>
<line xp1="86.14700" yp1="58.80117" xp2="86.24105" yp2="58.81506" sp="0.15000" color="gray" opacity="100"/>
<line xp1="86.24105" yp1="58.81506" xp2="86.33654" yp2="58.88411" sp="0.15000" color="gray" opacity="100"/>
<line xp1="86.33654" yp1="58.88411" xp2="86.30811" yp2="58.95951" sp="0.15000" color="gray" opacity="100"/>
<line xp1="86.30811" yp1="58.95951" xp2="86.36966" yp2="59.01940" sp="0.15000" color="gray" opacity="100"/>
<line xp1="86.36966" yp1="59.01940" xp2="86.40555" yp2="59.02697" sp="0.15000" color="gray" opacity="100"/>
<line xp1="86.40555" yp1="59.02697" xp2="86.44189" yp2="59.01900" sp="0.15000" color="gray" opacity="100"/>
<line xp1="86.44189" yp1="59.01900" xp2="86.50598" yp2="58.95840" sp="0.15000" color="gray" opacity="100"/>
<line xp1="86.50598" yp1="58.95840" xp2="86.49649" yp2="58.89969" sp="0.15000" color="gray" opacity="100"/>
<line xp1="86.49649" yp1="58.89969" xp2="86.46580" yp2="58.83491" sp="0.15000" color="gray" opacity="100"/>
<line xp1="86.46580" yp1="58.83491" xp2="86.68675" yp2="58.83966" sp="0.15000" color="gray" opacity="100"/>
<line xp1="86.68675" yp1="58.83966" xp2="86.74145" yp2="58.84126" sp="0.15000" color="gray" opacity="100"/>
<line xp1="86.74145" yp1="58.84126" xp2="86.78877" yp2="58.86746" sp="0.15000" color="gray" opacity="100"/>
<line xp1="86.78877" yp1="58.86746" xp2="86.68802" yp2="58.91426" sp="0.15000" color="gray" opacity="100"/>
<line xp1="86.68802" yp1="58.91426" xp2="86.82906" yp2="58.98649" sp="0.15000" color="gray" opacity="100"/>
<line xp1="86.82906" yp1="58.98649" xp2="87.01754" yp2="59.04520" sp="0.15000" color="gray" opacity="100"/>
<line xp1="87.01754" yp1="59.04520" xp2="87.47648" yp2="59.19680" sp="0.15000" color="gray" opacity="100"/>
<line xp1="87.47648" yp1="59.19680" xp2="87.54572" yp2="59.23011" sp="0.15000" color="gray" opacity="100"/>
<line xp1="87.54572" yp1="59.23011" xp2="87.67552" yp2="59.29403" sp="0.15000" color="gray" opacity="100"/>
<line xp1="87.67552" yp1="59.29403" xp2="87.86069" yp2="59.35354" sp="0.15000" color="gray" opacity="100"/>
<line xp1="87.86069" yp1="59.35354" xp2="87.89574" yp2="59.30314" sp="0.15000" color="gray" opacity="100"/>
<line xp1="87.89574" yp1="59.30314" xp2="87.97006" yp2="59.34283" sp="0.15000" color="gray" opacity="100"/>
<line xp1="87.97006" yp1="59.34283" xp2="88.15598" yp2="59.39920" sp="0.15000" color="gray" opacity="100"/>
<line xp1="88.15598" yp1="59.39920" xp2="88.20642" yp2="59.41269" sp="0.15000" color="gray" opacity="100"/>
<line xp1="88.20642" yp1="59.41269" xp2="88.39574" yp2="59.50157" sp="0.15000" color="gray" opacity="100"/>
<line xp1="88.39574" yp1="59.50157" xp2="88.54362" yp2="59.58729" sp="0.15000" color="gray" opacity="100"/>
<line xp1="88.54362" yp1="59.58729" xp2="88.68803" yp2="59.67774" sp="0.15000" color="gray" opacity="100"/>
<line xp1="88.68803" yp1="59.67774" xp2="89.10128" yp2="59.94760" sp="0.15000" color="gray" opacity="100"/>
<line xp1="89.10128" yp1="59.94760" xp2="89.43569" yp2="60.21369" sp="0.15000" color="gray" opacity="100"/>
<line xp1="89.43569" yp1="60.21369" xp2="89.35385" yp2="60.23451" sp="0.15000" color="gray" opacity="100"/>
<line xp1="89.35385" yp1="60.23451" xp2="89.22969" yp2="60.14560" sp="0.15000" color="gray" opacity="100"/>
<line xp1="89.22969" yp1="60.14560" xp2="89.19795" yp2="60.09523" sp="0.15000" color="gray" opacity="100"/>
<line xp1="89.19795" yp1="60.09523" xp2="89.14872" yp2="60.04603" sp="0.15000" color="gray" opacity="100"/>
<line xp1="89.14872" yp1="60.04603" xp2="89.06165" yp2="60.01566" sp="0.15000" color="gray" opacity="100"/>
<line xp1="89.06165" yp1="60.01566" xp2="89.02306" yp2="60.10077" sp="0.15000" color="gray" opacity="100"/>
<line xp1="89.02306" yp1="60.10077" xp2="88.82520" yp2="60.05554" sp="0.15000" color="gray" opacity="100"/>
<line xp1="88.82520" yp1="60.05554" xp2="88.69871" yp2="59.99920" sp="0.15000" color="gray" opacity="100"/>
<line xp1="88.69871" yp1="59.99920" xp2="88.61240" yp2="59.89917" sp="0.15000" color="gray" opacity="100"/>
<line xp1="88.61240" yp1="59.89917" xp2="88.55963" yp2="59.77814" sp="0.15000" color="gray" opacity="100"/>
<line xp1="88.55963" yp1="59.77814" xp2="88.47502" yp2="59.72734" sp="0.15000" color="gray" opacity="100"/>
<line xp1="88.47502" yp1="59.72734" xp2="88.33118" yp2="59.73171" sp="0.15000" color="gray" opacity="100"/>
<line xp1="88.33118" yp1="59.73171" xp2="88.28137" yp2="59.76457" sp="0.15000" color="gray" opacity="100"/>
<line xp1="88.28137" yp1="59.76457" xp2="88.63332" yp2="60.24283" sp="0.15000" color="gray" opacity="100"/>
<line xp1="88.63332" yp1="60.24283" xp2="88.63332" yp2="60.24283" sp="0.15000" color="gray" opacity="100"/>
<line xp1="92.28672" yp1="60.70791" xp2="92.31711" yp2="60.71506" sp="0.15000" color="gray" opacity="100"/>
<line xp1="92.31711" yp1="60.71506" xp2="92.33931" yp2="60.72934" sp="0.15000" color="gray" opacity="100"/>
<line xp1="92.33931" yp1="60.72934" xp2="92.36528" yp2="60.75991" sp="0.15000" color="gray" opacity="100"/>
<line xp1="92.36528" yp1="60.75991" xp2="92.36945" yp2="60.80631" sp="0.15000" color="gray" opacity="100"/>
<line xp1="92.36945" yp1="60.80631" xp2="92.31538" yp2="60.93729" sp="0.15000" color="gray" opacity="100"/>
<line xp1="92.31538" yp1="60.93729" xp2="92.27777" yp2="61.09680" sp="0.15000" color="gray" opacity="100"/>
<line xp1="92.27777" yp1="61.09680" xp2="92.25343" yp2="61.02617" sp="0.15000" color="gray" opacity="100"/>
<line xp1="92.25343" yp1="61.02617" xp2="92.13909" yp2="60.84640" sp="0.15000" color="gray" opacity="100"/>
<line xp1="92.13909" yp1="60.84640" xp2="92.03463" yp2="60.84523" sp="0.15000" color="gray" opacity="100"/>
<line xp1="92.03463" yp1="60.84523" xp2="92.00343" yp2="60.84046" sp="0.15000" color="gray" opacity="100"/>
<line xp1="92.00343" yp1="60.84046" xp2="91.95043" yp2="60.80474" sp="0.15000" color="gray" opacity="100"/>
<line xp1="91.95043" yp1="60.80474" xp2="92.09102" yp2="60.73331" sp="0.15000" color="gray" opacity="100"/>
<line xp1="92.09102" yp1="60.73331" xp2="92.14189" yp2="60.70951" sp="0.15000" color="gray" opacity="100"/>
<line xp1="92.14189" yp1="60.70951" xp2="92.16368" yp2="60.70871" sp="0.15000" color="gray" opacity="100"/>
<line xp1="92.16368" yp1="60.70871" xp2="92.25426" yp2="60.70554" sp="0.15000" color="gray" opacity="100"/>
<line xp1="92.25426" yp1="60.70554" xp2="92.28672" yp2="60.70791" sp="0.15000" color="gray" opacity="100"/>
<line xp1="92.28672" yp1="60.70791" xp2="92.28672" yp2="60.70791" sp="0.15000" color="gray" opacity="100"/>
<line xp1="91.52263" yp1="61.16583" xp2="91.47351" yp2="61.28331" sp="0.15000" color="gray" opacity="100"/>
<line xp1="91.47351" yp1="61.28331" xp2="91.46283" yp2="61.30714" sp="0.15000" color="gray" opacity="100"/>
<line xp1="91.46283" yp1="61.30714" xp2="91.45085" yp2="61.32934" sp="0.15000" color="gray" opacity="100"/>
<line xp1="91.45085" yp1="61.32934" xp2="91.44146" yp2="61.33966" sp="0.15000" color="gray" opacity="100"/>
<line xp1="91.44146" yp1="61.33966" xp2="91.35812" yp2="61.35394" sp="0.15000" color="gray" opacity="100"/>
<line xp1="91.35812" yp1="61.35394" xp2="91.29786" yp2="61.31109" sp="0.15000" color="gray" opacity="100"/>
<line xp1="91.29786" yp1="61.31109" xp2="91.02308" yp2="61.03194" sp="0.15000" color="gray" opacity="100"/>
<line xp1="91.02308" yp1="61.03194" xp2="91.05857" yp2="60.96346" sp="0.15000" color="gray" opacity="100"/>
<line xp1="91.05857" yp1="60.96346" xp2="91.07309" yp2="60.94366" sp="0.15000" color="gray" opacity="100"/>
<line xp1="91.07309" yp1="60.94366" xp2="91.10598" yp2="60.90314" sp="0.15000" color="gray" opacity="100"/>
<line xp1="91.10598" yp1="60.90314" xp2="91.13012" yp2="60.88211" sp="0.15000" color="gray" opacity="100"/>
<line xp1="91.13012" yp1="60.88211" xp2="91.14722" yp2="60.89443" sp="0.15000" color="gray" opacity="100"/>
<line xp1="91.14722" yp1="60.89443" xp2="91.14912" yp2="60.93014" sp="0.15000" color="gray" opacity="100"/>
<line xp1="91.14912" yp1="60.93014" xp2="91.16540" yp2="60.95911" sp="0.15000" color="gray" opacity="100"/>
<line xp1="91.16540" yp1="60.95911" xp2="91.18760" yp2="60.97694" sp="0.15000" color="gray" opacity="100"/>
<line xp1="91.18760" yp1="60.97694" xp2="91.23591" yp2="60.99680" sp="0.15000" color="gray" opacity="100"/>
<line xp1="91.23591" yp1="60.99680" xp2="91.26709" yp2="61.00474" sp="0.15000" color="gray" opacity="100"/>
<line xp1="91.26709" yp1="61.00474" xp2="91.33848" yp2="61.01666" sp="0.15000" color="gray" opacity="100"/>
<line xp1="91.33848" yp1="61.01666" xp2="91.38291" yp2="61.01983" sp="0.15000" color="gray" opacity="100"/>
<line xp1="91.38291" yp1="61.01983" xp2="91.41580" yp2="61.01826" sp="0.15000" color="gray" opacity="100"/>
<line xp1="91.41580" yp1="61.01826" xp2="91.46454" yp2="61.01109" sp="0.15000" color="gray" opacity="100"/>
<line xp1="91.46454" yp1="61.01109" xp2="91.50898" yp2="61.00794" sp="0.15000" color="gray" opacity="100"/>
<line xp1="91.50898" yp1="61.00794" xp2="91.52435" yp2="61.01546" sp="0.15000" color="gray" opacity="100"/>
<line xp1="91.52435" yp1="61.01546" xp2="91.52263" yp2="61.16583" sp="0.15000" color="gray" opacity="100"/>
<line xp1="91.52263" yp1="61.16583" xp2="91.52263" yp2="61.16583" sp="0.15000" color="gray" opacity="100"/>
<line xp1="90.31154" yp1="61.31029" xp2="90.41111" yp2="61.41349" sp="0.15000" color="gray" opacity="100"/>
<line xp1="90.41111" yp1="61.41349" xp2="90.41923" yp2="61.54126" sp="0.15000" color="gray" opacity="100"/>
<line xp1="90.41923" yp1="61.54126" xp2="90.42992" yp2="61.80951" sp="0.15000" color="gray" opacity="100"/>
<line xp1="90.42992" yp1="61.80951" xp2="90.42926" yp2="61.86269" sp="0.15000" color="gray" opacity="100"/>
<line xp1="90.42926" yp1="61.86269" xp2="90.36432" yp2="61.80137" sp="0.15000" color="gray" opacity="100"/>
<line xp1="90.36432" yp1="61.80137" xp2="90.29274" yp2="61.60317" sp="0.15000" color="gray" opacity="100"/>
<line xp1="90.29274" yp1="61.60317" xp2="90.22212" yp2="61.30751" sp="0.15000" color="gray" opacity="100"/>
<line xp1="90.22212" yp1="61.30751" xp2="90.31154" yp2="61.31029" sp="0.15000" color="gray" opacity="100"/>
<line xp1="90.31154" yp1="61.31029" xp2="90.31154" yp2="61.31029" sp="0.15000" color="gray" opacity="100"/>
<line xp1="94.38803" yp1="69.05674" xp2="94.43825" yp2="69.10911" sp="0.15000" color="gray" opacity="100"/>
<line xp1="94.43825" yp1="69.10911" xp2="94.45428" yp2="69.21426" sp="0.15000" color="gray" opacity="100"/>
<line xp1="94.45428" yp1="69.21426" xp2="94.45492" yp2="69.28926" sp="0.15000" color="gray" opacity="100"/>
<line xp1="94.45492" yp1="69.28926" xp2="94.43718" yp2="69.33174" sp="0.15000" color="gray" opacity="100"/>
<line xp1="94.43718" yp1="69.33174" xp2="94.42138" yp2="69.35234" sp="0.15000" color="gray" opacity="100"/>
<line xp1="94.42138" yp1="69.35234" xp2="94.41114" yp2="69.36189" sp="0.15000" color="gray" opacity="100"/>
<line xp1="94.41114" yp1="69.36189" xp2="94.36965" yp2="69.38251" sp="0.15000" color="gray" opacity="100"/>
<line xp1="94.36965" yp1="69.38251" xp2="94.35214" yp2="69.38371" sp="0.15000" color="gray" opacity="100"/>
<line xp1="94.35214" yp1="69.38371" xp2="94.27543" yp2="69.23329" sp="0.15000" color="gray" opacity="100"/>
<line xp1="94.27543" yp1="69.23329" xp2="94.29145" yp2="69.07934" sp="0.15000" color="gray" opacity="100"/>
<line xp1="94.29145" yp1="69.07934" xp2="94.36197" yp2="69.05000" sp="0.15000" color="gray" opacity="100"/>
<line xp1="94.36197" yp1="69.05000" xp2="94.38803" yp2="69.05674" sp="0.15000" color="gray" opacity="100"/>
<line xp1="94.38803" yp1="69.05674" xp2="94.38803" yp2="69.05674" sp="0.15000" color="gray" opacity="100"/>
<line xp1="95.08805" yp1="69.50077" xp2="95.10386" yp2="69.52220" sp="0.15000" color="gray" opacity="100"/>
<line xp1="95.10386" yp1="69.52220" xp2="95.12480" yp2="69.56963" sp="0.15000" color="gray" opacity="100"/>
<line xp1="95.12480" yp1="69.56963" xp2="95.11625" yp2="69.61349" sp="0.15000" color="gray" opacity="100"/>
<line xp1="95.11625" yp1="69.61349" xp2="95.09915" yp2="69.66426" sp="0.15000" color="gray" opacity="100"/>
<line xp1="95.09915" yp1="69.66426" xp2="95.08848" yp2="69.68889" sp="0.15000" color="gray" opacity="100"/>
<line xp1="95.08848" yp1="69.68889" xp2="95.01326" yp2="69.82537" sp="0.15000" color="gray" opacity="100"/>
<line xp1="95.01326" yp1="69.82537" xp2="95.00685" yp2="69.84720" sp="0.15000" color="gray" opacity="100"/>
<line xp1="95.00685" yp1="69.84720" xp2="94.98589" yp2="69.86309" sp="0.15000" color="gray" opacity="100"/>
<line xp1="94.98589" yp1="69.86309" xp2="94.92522" yp2="69.85474" sp="0.15000" color="gray" opacity="100"/>
<line xp1="94.92522" yp1="69.85474" xp2="94.84572" yp2="69.82934" sp="0.15000" color="gray" opacity="100"/>
<line xp1="94.84572" yp1="69.82934" xp2="94.82266" yp2="69.79600" sp="0.15000" color="gray" opacity="100"/>
<line xp1="94.82266" yp1="69.79600" xp2="94.75983" yp2="69.62697" sp="0.15000" color="gray" opacity="100"/>
<line xp1="94.75983" yp1="69.62697" xp2="94.72692" yp2="69.49046" sp="0.15000" color="gray" opacity="100"/>
<line xp1="94.72692" yp1="69.49046" xp2="94.74658" yp2="69.37697" sp="0.15000" color="gray" opacity="100"/>
<line xp1="94.74658" yp1="69.37697" xp2="94.75960" yp2="69.34680" sp="0.15000" color="gray" opacity="100"/>
<line xp1="94.75960" yp1="69.34680" xp2="94.86837" yp2="69.25237" sp="0.15000" color="gray" opacity="100"/>
<line xp1="94.86837" yp1="69.25237" xp2="94.88652" yp2="69.24720" sp="0.15000" color="gray" opacity="100"/>
<line xp1="94.88652" yp1="69.24720" xp2="95.08805" yp2="69.50077" sp="0.15000" color="gray" opacity="100"/>
<line xp1="95.08805" yp1="69.50077" xp2="95.08805" yp2="69.50077" sp="0.15000" color="gray" opacity="100"/>
<line xp1="11.56325" yp1="78.13531" xp2="11.67606" yp2="78.24917" sp="0.15000" color="gray" opacity="100"/>
<line xp1="11.67606" yp1="78.24917" xp2="11.72138" yp2="78.27063" sp="0.15000" color="gray" opacity="100"/>
<line xp1="11.72138" yp1="78.27063" xp2="11.66880" yp2="78.35157" sp="0.15000" color="gray" opacity="100"/>
<line xp1="11.66880" yp1="78.35157" xp2="11.65854" yp2="78.37774" sp="0.15000" color="gray" opacity="100"/>
<line xp1="11.65854" yp1="78.37774" xp2="11.62694" yp2="78.54600" sp="0.15000" color="gray" opacity="100"/>
<line xp1="11.62694" yp1="78.54600" xp2="11.61625" yp2="78.61803" sp="0.15000" color="gray" opacity="100"/>
<line xp1="11.61625" yp1="78.61803" xp2="11.54445" yp2="78.46031" sp="0.15000" color="gray" opacity="100"/>
<line xp1="11.54445" yp1="78.46031" xp2="11.52134" yp2="78.31109" sp="0.15000" color="gray" opacity="100"/>
<line xp1="11.52134" yp1="78.31109" xp2="11.50992" yp2="78.20434" sp="0.15000" color="gray" opacity="100"/>
<line xp1="11.50992" yp1="78.20434" xp2="11.53202" yp2="78.15157" sp="0.15000" color="gray" opacity="100"/>
<line xp1="11.53202" yp1="78.15157" xp2="11.54700" yp2="78.13094" sp="0.15000" color="gray" opacity="100"/>
<line xp1="11.54700" yp1="78.13094" xp2="11.56325" yp2="78.13531" sp="0.15000" color="gray" opacity="100"/>
<line xp1="11.56325" yp1="78.13531" xp2="11.56325" yp2="78.13531" sp="0.15000" color="gray" opacity="100"/>
<line xp1="11.52948" yp1="80.87854" xp2="11.50726" yp2="80.93491" sp="0.15000" color="gray" opacity="100"/>
<line xp1="11.50726" yp1="80.93491" xp2="11.40257" yp2="81.12063" sp="0.15000" color="gray" opacity="100"/>
<line xp1="11.40257" yp1="81.12063" xp2="11.39017" yp2="81.16069" sp="0.15000" color="gray" opacity="100"/>
<line xp1="11.39017" yp1="81.16069" xp2="11.29058" yp2="81.07854" sp="0.15000" color="gray" opacity="100"/>
<line xp1="11.29058" yp1="81.07854" xp2="11.14806" yp2="80.71029" sp="0.15000" color="gray" opacity="100"/>
<line xp1="11.14806" yp1="80.71029" xp2="11.14337" yp2="80.66029" sp="0.15000" color="gray" opacity="100"/>
<line xp1="11.14337" yp1="80.66029" xp2="11.15340" yp2="80.62614" sp="0.15000" color="gray" opacity="100"/>
<line xp1="11.15340" yp1="80.62614" xp2="11.16712" yp2="80.60157" sp="0.15000" color="gray" opacity="100"/>
<line xp1="11.16712" yp1="80.60157" xp2="11.37437" yp2="80.24997" sp="0.15000" color="gray" opacity="100"/>
<line xp1="11.37437" yp1="80.24997" xp2="11.44402" yp2="80.06349" sp="0.15000" color="gray" opacity="100"/>
<line xp1="11.44402" yp1="80.06349" xp2="11.48974" yp2="79.94600" sp="0.15000" color="gray" opacity="100"/>
<line xp1="11.48974" yp1="79.94600" xp2="11.65643" yp2="79.78809" sp="0.15000" color="gray" opacity="100"/>
<line xp1="11.65643" yp1="79.78809" xp2="11.73846" yp2="79.77537" sp="0.15000" color="gray" opacity="100"/>
<line xp1="11.73846" yp1="79.77537" xp2="11.78122" yp2="79.87060" sp="0.15000" color="gray" opacity="100"/>
<line xp1="11.78122" yp1="79.87060" xp2="11.79209" yp2="79.90711" sp="0.15000" color="gray" opacity="100"/>
<line xp1="11.79209" yp1="79.90711" xp2="11.78760" yp2="79.94760" sp="0.15000" color="gray" opacity="100"/>
<line xp1="11.78760" yp1="79.94760" xp2="11.74572" yp2="80.10714" sp="0.15000" color="gray" opacity="100"/>
<line xp1="11.74572" yp1="80.10714" xp2="11.55940" yp2="80.28889" sp="0.15000" color="gray" opacity="100"/>
<line xp1="11.55940" yp1="80.28889" xp2="11.41025" yp2="80.55074" sp="0.15000" color="gray" opacity="100"/>
<line xp1="11.41025" yp1="80.55074" xp2="11.39660" yp2="80.57300" sp="0.15000" color="gray" opacity="100"/>
<line xp1="11.39660" yp1="80.57300" xp2="11.37351" yp2="80.60317" sp="0.15000" color="gray" opacity="100"/>
<line xp1="11.37351" yp1="80.60317" xp2="11.34745" yp2="80.62774" sp="0.15000" color="gray" opacity="100"/>
<line xp1="11.34745" yp1="80.62774" xp2="11.30875" yp2="80.64917" sp="0.15000" color="gray" opacity="100"/>
<line xp1="11.30875" yp1="80.64917" xp2="11.28632" yp2="80.69917" sp="0.15000" color="gray" opacity="100"/>
<line xp1="11.28632" yp1="80.69917" xp2="11.36197" yp2="80.85931" sp="0.15000" color="gray" opacity="100"/>
<line xp1="11.36197" yp1="80.85931" xp2="11.40769" yp2="80.86149" sp="0.15000" color="gray" opacity="100"/>
<line xp1="11.40769" yp1="80.86149" xp2="11.42691" yp2="80.84603" sp="0.15000" color="gray" opacity="100"/>
<line xp1="11.42691" yp1="80.84603" xp2="11.44189" yp2="80.81506" sp="0.15000" color="gray" opacity="100"/>
<line xp1="11.44189" yp1="80.81506" xp2="11.45982" yp2="80.80951" sp="0.15000" color="gray" opacity="100"/>
<line xp1="11.45982" yp1="80.80951" xp2="11.49700" yp2="80.83094" sp="0.15000" color="gray" opacity="100"/>
<line xp1="11.49700" yp1="80.83094" xp2="11.51623" yp2="80.84600" sp="0.15000" color="gray" opacity="100"/>
<line xp1="11.51623" yp1="80.84600" xp2="11.52948" yp2="80.87854" sp="0.15000" color="gray" opacity="100"/>
<line xp1="11.52948" yp1="80.87854" xp2="11.52948" yp2="80.87854" sp="0.15000" color="gray" opacity="100"/>
<line xp1="11.05472" yp1="81.19403" xp2="11.06497" yp2="81.22140" sp="0.15000" color="gray" opacity="100"/>
<line xp1="11.06497" yp1="81.22140" xp2="11.06538" yp2="81.26426" sp="0.15000" color="gray" opacity="100"/>
<line xp1="11.06538" yp1="81.26426" xp2="11.06325" yp2="81.29840" sp="0.15000" color="gray" opacity="100"/>
<line xp1="11.06325" yp1="81.29840" xp2="11.05428" yp2="81.33491" sp="0.15000" color="gray" opacity="100"/>
<line xp1="11.05428" yp1="81.33491" xp2="10.99145" yp2="81.49760" sp="0.15000" color="gray" opacity="100"/>
<line xp1="10.99145" yp1="81.49760" xp2="10.97223" yp2="81.57854" sp="0.15000" color="gray" opacity="100"/>
<line xp1="10.97223" yp1="81.57854" xp2="10.96849" yp2="81.60174" sp="0.15000" color="gray" opacity="100"/>
<line xp1="10.96849" yp1="81.60174" xp2="10.89829" yp2="81.53331" sp="0.15000" color="gray" opacity="100"/>
<line xp1="10.89829" yp1="81.53331" xp2="10.86752" yp2="81.40474" sp="0.15000" color="gray" opacity="100"/>
<line xp1="10.86752" yp1="81.40474" xp2="10.86668" yp2="81.35711" sp="0.15000" color="gray" opacity="100"/>
<line xp1="10.86668" yp1="81.35711" xp2="10.86946" yp2="81.30077" sp="0.15000" color="gray" opacity="100"/>
<line xp1="10.86946" yp1="81.30077" xp2="10.98377" yp2="81.20394" sp="0.15000" color="gray" opacity="100"/>
<line xp1="10.98377" yp1="81.20394" xp2="11.01666" yp2="81.19363" sp="0.15000" color="gray" opacity="100"/>
<line xp1="11.01666" yp1="81.19363" xp2="11.03525" yp2="81.18966" sp="0.15000" color="gray" opacity="100"/>
<line xp1="11.03525" yp1="81.18966" xp2="11.05472" yp2="81.19403" sp="0.15000" color="gray" opacity="100"/>
<line xp1="11.05472" yp1="81.19403" xp2="11.05472" yp2="81.19403" sp="0.15000" color="gray" opacity="100"/>
<line xp1="10.82671" yp1="81.29323" xp2="10.77691" yp2="81.51349" sp="0.15000" color="gray" opacity="100"/>
<line xp1="10.77691" yp1="81.51349" xp2="10.71026" yp2="81.60394" sp="0.15000" color="gray" opacity="100"/>
<line xp1="10.71026" yp1="81.60394" xp2="10.61582" yp2="81.72537" sp="0.15000" color="gray" opacity="100"/>
<line xp1="10.61582" yp1="81.72537" xp2="10.60629" yp2="81.74703" sp="0.15000" color="gray" opacity="100"/>
<line xp1="10.60629" yp1="81.74703" xp2="10.55172" yp2="81.76823" sp="0.15000" color="gray" opacity="100"/>
<line xp1="10.55172" yp1="81.76823" xp2="10.53463" yp2="81.76151" sp="0.15000" color="gray" opacity="100"/>
<line xp1="10.53463" yp1="81.76151" xp2="10.49649" yp2="81.69063" sp="0.15000" color="gray" opacity="100"/>
<line xp1="10.49649" yp1="81.69063" xp2="10.49723" yp2="81.57617" sp="0.15000" color="gray" opacity="100"/>
<line xp1="10.49723" yp1="81.57617" xp2="10.52989" yp2="81.46031" sp="0.15000" color="gray" opacity="100"/>
<line xp1="10.52989" yp1="81.46031" xp2="10.54058" yp2="81.43331" sp="0.15000" color="gray" opacity="100"/>
<line xp1="10.54058" yp1="81.43331" xp2="10.55468" yp2="81.41189" sp="0.15000" color="gray" opacity="100"/>
<line xp1="10.55468" yp1="81.41189" xp2="10.58166" yp2="81.38491" sp="0.15000" color="gray" opacity="100"/>
<line xp1="10.58166" yp1="81.38491" xp2="10.62265" yp2="81.35711" sp="0.15000" color="gray" opacity="100"/>
<line xp1="10.62265" yp1="81.35711" xp2="10.76282" yp2="81.27337" sp="0.15000" color="gray" opacity="100"/>
<line xp1="10.76282" yp1="81.27337" xp2="10.82671" yp2="81.29323" sp="0.15000" color="gray" opacity="100"/>
<line xp1="10.82671" yp1="81.29323" xp2="10.82671" yp2="81.29323" sp="0.15000" color="gray" opacity="100"/>
<line xp1="10.95643" yp1="81.67974" xp2="11.06517" yp2="81.72974" sp="0.15000" color="gray" opacity="100"/>
<line xp1="11.06517" yp1="81.72974" xp2="11.15214" yp2="81.85434" sp="0.15000" color="gray" opacity="100"/>
<line xp1="11.15214" yp1="81.85434" xp2="11.15642" yp2="81.88571" sp="0.15000" color="gray" opacity="100"/>
<line xp1="11.15642" yp1="81.88571" xp2="11.10640" yp2="81.93411" sp="0.15000" color="gray" opacity="100"/>
<line xp1="11.10640" yp1="81.93411" xp2="11.00812" yp2="82.00314" sp="0.15000" color="gray" opacity="100"/>
<line xp1="11.00812" yp1="82.00314" xp2="10.98675" yp2="82.01743" sp="0.15000" color="gray" opacity="100"/>
<line xp1="10.98675" yp1="82.01743" xp2="10.94915" yp2="82.03171" sp="0.15000" color="gray" opacity="100"/>
<line xp1="10.94915" yp1="82.03171" xp2="10.92992" yp2="82.03171" sp="0.15000" color="gray" opacity="100"/>
<line xp1="10.92992" yp1="82.03171" xp2="10.88269" yp2="82.03094" sp="0.15000" color="gray" opacity="100"/>
<line xp1="10.88269" yp1="82.03094" xp2="10.86111" yp2="82.01269" sp="0.15000" color="gray" opacity="100"/>
<line xp1="10.86111" yp1="82.01269" xp2="10.73803" yp2="81.81586" sp="0.15000" color="gray" opacity="100"/>
<line xp1="10.73803" yp1="81.81586" xp2="10.73332" yp2="81.78371" sp="0.15000" color="gray" opacity="100"/>
<line xp1="10.73332" yp1="81.78371" xp2="10.75002" yp2="81.73094" sp="0.15000" color="gray" opacity="100"/>
<line xp1="10.75002" yp1="81.73094" xp2="10.76858" yp2="81.71306" sp="0.15000" color="gray" opacity="100"/>
<line xp1="10.76858" yp1="81.71306" xp2="10.89231" yp2="81.67854" sp="0.15000" color="gray" opacity="100"/>
<line xp1="10.89231" yp1="81.67854" xp2="10.92394" yp2="81.67460" sp="0.15000" color="gray" opacity="100"/>
<line xp1="10.92394" yp1="81.67460" xp2="10.95643" yp2="81.67974" sp="0.15000" color="gray" opacity="100"/>
<line xp1="10.95643" yp1="81.67974" xp2="10.95643" yp2="81.67974" sp="0.15000" color="gray" opacity="100"/>
<line xp1="10.62498" yp1="82.85554" xp2="10.63611" yp2="82.77734" sp="0.15000" color="gray" opacity="100"/>
<line xp1="10.63611" yp1="82.77734" xp2="10.69866" yp2="82.79283" sp="0.15000" color="gray" opacity="100"/>
<line xp1="10.69866" yp1="82.79283" xp2="10.71643" yp2="82.85554" sp="0.15000" color="gray" opacity="100"/>
<line xp1="10.71643" yp1="82.85554" xp2="10.62498" yp2="82.85554" sp="0.15000" color="gray" opacity="100"/>
<line xp1="10.62498" yp1="82.85554" xp2="10.62498" yp2="82.85554" sp="0.15000" color="gray" opacity="100"/>
<line xp1="96.60532" yp1="71.95154" xp2="96.55983" yp2="71.98251" sp="0.15000" color="gray" opacity="100"/>
<line xp1="96.55983" yp1="71.98251" xp2="96.51655" yp2="71.99997" sp="0.15000" color="gray" opacity="100"/>
<line xp1="96.51655" yp1="71.99997" xp2="96.47682" yp2="71.94320" sp="0.15000" color="gray" opacity="100"/>
<line xp1="96.47682" yp1="71.94320" xp2="96.45257" yp2="71.87120" sp="0.15000" color="gray" opacity="100"/>
<line xp1="96.45257" yp1="71.87120" xp2="96.40202" yp2="71.85791" sp="0.15000" color="gray" opacity="100"/>
<line xp1="96.40202" yp1="71.85791" xp2="96.29851" yp2="71.98966" sp="0.15000" color="gray" opacity="100"/>
<line xp1="96.29851" yp1="71.98966" xp2="96.27308" yp2="72.04286" sp="0.15000" color="gray" opacity="100"/>
<line xp1="96.27308" yp1="72.04286" xp2="96.22266" yp2="72.18014" sp="0.15000" color="gray" opacity="100"/>
<line xp1="96.22266" yp1="72.18014" xp2="96.20875" yp2="72.23966" sp="0.15000" color="gray" opacity="100"/>
<line xp1="96.20875" yp1="72.23966" xp2="96.22991" yp2="72.38014" sp="0.15000" color="gray" opacity="100"/>
<line xp1="96.22991" yp1="72.38014" xp2="96.18180" yp2="72.84520" sp="0.15000" color="gray" opacity="100"/>
<line xp1="96.18180" yp1="72.84520" xp2="96.27502" yp2="72.92854" sp="0.15000" color="gray" opacity="100"/>
<line xp1="96.27502" yp1="72.92854" xp2="96.28749" yp2="73.10137" sp="0.15000" color="gray" opacity="100"/>
<line xp1="96.28749" yp1="73.10137" xp2="96.21837" yp2="73.18174" sp="0.15000" color="gray" opacity="100"/>
<line xp1="96.21837" yp1="73.18174" xp2="96.18803" yp2="73.16666" sp="0.15000" color="gray" opacity="100"/>
<line xp1="96.18803" yp1="73.16666" xp2="96.14229" yp2="73.14683" sp="0.15000" color="gray" opacity="100"/>
<line xp1="96.14229" yp1="73.14683" xp2="96.04015" yp2="73.17617" sp="0.15000" color="gray" opacity="100"/>
<line xp1="96.04015" yp1="73.17617" xp2="95.90685" yp2="73.23451" sp="0.15000" color="gray" opacity="100"/>
<line xp1="95.90685" yp1="73.23451" xp2="95.70075" yp2="73.41663" sp="0.15000" color="gray" opacity="100"/>
<line xp1="95.70075" yp1="73.41663" xp2="95.68546" yp2="73.51823" sp="0.15000" color="gray" opacity="100"/>
<line xp1="95.68546" yp1="73.51823" xp2="95.68249" yp2="73.67063" sp="0.15000" color="gray" opacity="100"/>
<line xp1="95.68249" yp1="73.67063" xp2="95.71282" yp2="73.96666" sp="0.15000" color="gray" opacity="100"/>
<line xp1="95.71282" yp1="73.96666" xp2="95.73460" yp2="74.16429" sp="0.15000" color="gray" opacity="100"/>
<line xp1="95.73460" yp1="74.16429" xp2="95.72435" yp2="75.09523" sp="0.15000" color="gray" opacity="100"/>
<line xp1="95.72435" yp1="75.09523" xp2="95.70940" yp2="76.53649" sp="0.15000" color="gray" opacity="100"/>
<line xp1="95.70940" yp1="76.53649" xp2="95.70512" yp2="76.91823" sp="0.15000" color="gray" opacity="100"/>
<line xp1="95.70512" yp1="76.91823" xp2="95.70000" yp2="77.34283" sp="0.15000" color="gray" opacity="100"/>
<line xp1="95.70000" yp1="77.34283" xp2="95.58932" yp2="77.43014" sp="0.15000" color="gray" opacity="100"/>
<line xp1="95.58932" yp1="77.43014" xp2="95.55043" yp2="77.46983" sp="0.15000" color="gray" opacity="100"/>
<line xp1="95.55043" yp1="77.46983" xp2="95.46154" yp2="77.62457" sp="0.15000" color="gray" opacity="100"/>
<line xp1="95.46154" yp1="77.62457" xp2="95.44466" yp2="77.68706" sp="0.15000" color="gray" opacity="100"/>
<line xp1="95.44466" yp1="77.68706" xp2="95.09874" yp2="78.09363" sp="0.15000" color="gray" opacity="100"/>
<line xp1="95.09874" yp1="78.09363" xp2="95.06366" yp2="78.11903" sp="0.15000" color="gray" opacity="100"/>
<line xp1="95.06366" yp1="78.11903" xp2="95.00771" yp2="78.14840" sp="0.15000" color="gray" opacity="100"/>
<line xp1="95.00771" yp1="78.14840" xp2="94.90022" yp2="78.18609" sp="0.15000" color="gray" opacity="100"/>
<line xp1="94.90022" yp1="78.18609" xp2="94.85685" yp2="78.17657" sp="0.15000" color="gray" opacity="100"/>
<line xp1="94.85685" yp1="78.17657" xp2="94.81475" yp2="78.14046" sp="0.15000" color="gray" opacity="100"/>
<line xp1="94.81475" yp1="78.14046" xp2="94.51582" yp2="77.97063" sp="0.15000" color="gray" opacity="100"/>
<line xp1="94.51582" yp1="77.97063" xp2="94.21238" yp2="77.80789" sp="0.15000" color="gray" opacity="100"/>
<line xp1="94.21238" yp1="77.80789" xp2="94.17306" yp2="77.78489" sp="0.15000" color="gray" opacity="100"/>
<line xp1="94.17306" yp1="77.78489" xp2="94.10511" yp2="77.73969" sp="0.15000" color="gray" opacity="100"/>
<line xp1="94.10511" yp1="77.73969" xp2="94.01303" yp2="77.68289" sp="0.15000" color="gray" opacity="100"/>
<line xp1="94.01303" yp1="77.68289" xp2="93.90469" yp2="77.76820" sp="0.15000" color="gray" opacity="100"/>
<line xp1="93.90469" yp1="77.76820" xp2="93.79658" yp2="77.87300" sp="0.15000" color="gray" opacity="100"/>
<line xp1="93.79658" yp1="77.87300" xp2="93.76752" yp2="77.94840" sp="0.15000" color="gray" opacity="100"/>
<line xp1="93.76752" yp1="77.94840" xp2="93.76371" yp2="77.98223" sp="0.15000" color="gray" opacity="100"/>
<line xp1="93.76371" yp1="77.98223" xp2="93.76134" yp2="78.00591" sp="0.15000" color="gray" opacity="100"/>
<line xp1="93.76134" yp1="78.00591" xp2="93.76026" yp2="78.12020" sp="0.15000" color="gray" opacity="100"/>
<line xp1="93.76026" yp1="78.12020" xp2="93.76540" yp2="78.23014" sp="0.15000" color="gray" opacity="100"/>
<line xp1="93.76540" yp1="78.23014" xp2="93.77757" yp2="78.29463" sp="0.15000" color="gray" opacity="100"/>
<line xp1="93.77757" yp1="78.29463" xp2="93.77597" yp2="78.37437" sp="0.15000" color="gray" opacity="100"/>
<line xp1="93.77597" yp1="78.37437" xp2="93.64874" yp2="78.45474" sp="0.15000" color="gray" opacity="100"/>
<line xp1="93.64874" yp1="78.45474" xp2="93.48298" yp2="78.47969" sp="0.15000" color="gray" opacity="100"/>
<line xp1="93.48298" yp1="78.47969" xp2="93.37651" yp2="78.28649" sp="0.15000" color="gray" opacity="100"/>
<line xp1="93.37651" yp1="78.28649" xp2="93.19443" yp2="77.95237" sp="0.15000" color="gray" opacity="100"/>
<line xp1="93.19443" yp1="77.95237" xp2="92.84018" yp2="77.30077" sp="0.15000" color="gray" opacity="100"/>
<line xp1="92.84018" yp1="77.30077" xp2="92.74998" yp2="77.13411" sp="0.15000" color="gray" opacity="100"/>
<line xp1="92.74998" yp1="77.13411" xp2="92.54272" yp2="76.74917" sp="0.15000" color="gray" opacity="100"/>
<line xp1="92.54272" yp1="76.74917" xp2="92.31882" yp2="76.33094" sp="0.15000" color="gray" opacity="100"/>
<line xp1="92.31882" yp1="76.33094" xp2="92.29358" yp2="76.28011" sp="0.15000" color="gray" opacity="100"/>
<line xp1="92.29358" yp1="76.28011" xp2="92.26623" yp2="75.96426" sp="0.15000" color="gray" opacity="100"/>
<line xp1="92.26623" yp1="75.96426" xp2="92.24831" yp2="75.74283" sp="0.15000" color="gray" opacity="100"/>
<line xp1="92.24831" yp1="75.74283" xp2="92.23975" yp2="75.64283" sp="0.15000" color="gray" opacity="100"/>
<line xp1="92.23975" yp1="75.64283" xp2="92.23418" yp2="75.58251" sp="0.15000" color="gray" opacity="100"/>
<line xp1="92.23418" yp1="75.58251" xp2="92.21988" yp2="75.51823" sp="0.15000" color="gray" opacity="100"/>
<line xp1="92.21988" yp1="75.51823" xp2="92.18706" yp2="75.47874" sp="0.15000" color="gray" opacity="100"/>
<line xp1="92.18706" yp1="75.47874" xp2="92.12437" yp2="75.41031" sp="0.15000" color="gray" opacity="100"/>
<line xp1="92.12437" yp1="75.41031" xp2="91.99955" yp2="75.24680" sp="0.15000" color="gray" opacity="100"/>
<line xp1="91.99955" yp1="75.24680" xp2="91.93463" yp2="75.08331" sp="0.15000" color="gray" opacity="100"/>
<line xp1="91.93463" yp1="75.08331" xp2="91.86495" yp2="74.86586" sp="0.15000" color="gray" opacity="100"/>
<line xp1="91.86495" yp1="74.86586" xp2="91.83762" yp2="74.51109" sp="0.15000" color="gray" opacity="100"/>
<line xp1="91.83762" yp1="74.51109" xp2="91.83869" yp2="74.22851" sp="0.15000" color="gray" opacity="100"/>
<line xp1="91.83869" yp1="74.22851" xp2="91.89315" yp2="74.20949" sp="0.15000" color="gray" opacity="100"/>
<line xp1="91.89315" yp1="74.20949" xp2="91.93089" yp2="74.17260" sp="0.15000" color="gray" opacity="100"/>
<line xp1="91.93089" yp1="74.17260" xp2="91.91068" yp2="74.02597" sp="0.15000" color="gray" opacity="100"/>
<line xp1="91.91068" yp1="74.02597" xp2="91.70171" yp2="73.65157" sp="0.15000" color="gray" opacity="100"/>
<line xp1="91.70171" yp1="73.65157" xp2="91.58975" yp2="73.46266" sp="0.15000" color="gray" opacity="100"/>
<line xp1="91.58975" yp1="73.46266" xp2="91.45343" yp2="73.35077" sp="0.15000" color="gray" opacity="100"/>
<line xp1="91.45343" yp1="73.35077" xp2="91.42008" yp2="73.31663" sp="0.15000" color="gray" opacity="100"/>
<line xp1="91.42008" yp1="73.31663" xp2="91.33548" yp2="73.22220" sp="0.15000" color="gray" opacity="100"/>
<line xp1="91.33548" yp1="73.22220" xp2="91.24145" yp2="73.06269" sp="0.15000" color="gray" opacity="100"/>
<line xp1="91.24145" yp1="73.06269" xp2="91.19958" yp2="72.93809" sp="0.15000" color="gray" opacity="100"/>
<line xp1="91.19958" yp1="72.93809" xp2="91.19231" yp2="72.84920" sp="0.15000" color="gray" opacity="100"/>
<line xp1="91.19231" yp1="72.84920" xp2="91.21111" yp2="72.79363" sp="0.15000" color="gray" opacity="100"/>
<line xp1="91.21111" yp1="72.79363" xp2="91.23525" yp2="72.75314" sp="0.15000" color="gray" opacity="100"/>
<line xp1="91.23525" yp1="72.75314" xp2="90.95908" yp2="72.11723" sp="0.15000" color="gray" opacity="100"/>
<line xp1="90.95908" yp1="72.11723" xp2="90.73674" yp2="72.36189" sp="0.15000" color="gray" opacity="100"/>
<line xp1="90.73674" yp1="72.36189" xp2="90.63826" yp2="72.30774" sp="0.15000" color="gray" opacity="100"/>
<line xp1="90.63826" yp1="72.30774" xp2="90.54892" yp2="72.15077" sp="0.15000" color="gray" opacity="100"/>
<line xp1="90.54892" yp1="72.15077" xp2="90.49274" yp2="72.15951" sp="0.15000" color="gray" opacity="100"/>
<line xp1="90.49274" yp1="72.15951" xp2="90.44358" yp2="72.18889" sp="0.15000" color="gray" opacity="100"/>
<line xp1="90.44358" yp1="72.18889" xp2="90.40555" yp2="72.21863" sp="0.15000" color="gray" opacity="100"/>
<line xp1="90.40555" yp1="72.21863" xp2="90.34998" yp2="72.27537" sp="0.15000" color="gray" opacity="100"/>
<line xp1="90.34998" yp1="72.27537" xp2="90.31432" yp2="72.29640" sp="0.15000" color="gray" opacity="100"/>
<line xp1="90.31432" yp1="72.29640" xp2="90.27523" yp2="72.27697" sp="0.15000" color="gray" opacity="100"/>
<line xp1="90.27523" yp1="72.27697" xp2="90.11625" yp2="72.14286" sp="0.15000" color="gray" opacity="100"/>
<line xp1="90.11625" yp1="72.14286" xp2="90.15171" yp2="72.04114" sp="0.15000" color="gray" opacity="100"/>
<line xp1="90.15171" yp1="72.04114" xp2="90.10108" yp2="71.79363" sp="0.15000" color="gray" opacity="100"/>
<line xp1="90.10108" yp1="71.79363" xp2="90.06283" yp2="71.72223" sp="0.15000" color="gray" opacity="100"/>
<line xp1="90.06283" yp1="71.72223" xp2="90.01731" yp2="71.65137" sp="0.15000" color="gray" opacity="100"/>
<line xp1="90.01731" yp1="71.65137" xp2="90.00298" yp2="71.56983" sp="0.15000" color="gray" opacity="100"/>
<line xp1="90.00298" yp1="71.56983" xp2="90.00898" yp2="71.48729" sp="0.15000" color="gray" opacity="100"/>
<line xp1="90.00898" yp1="71.48729" xp2="89.91582" yp2="71.48569" sp="0.15000" color="gray" opacity="100"/>
<line xp1="89.91582" yp1="71.48569" xp2="89.39572" yp2="71.48331" sp="0.15000" color="gray" opacity="100"/>
<line xp1="89.39572" yp1="71.48331" xp2="89.15386" yp2="71.48411" sp="0.15000" color="gray" opacity="100"/>
<line xp1="89.15386" yp1="71.48411" xp2="88.81283" yp2="71.48220" sp="0.15000" color="gray" opacity="100"/>
<line xp1="88.81283" yp1="71.48220" xp2="88.52437" yp2="71.47854" sp="0.15000" color="gray" opacity="100"/>
<line xp1="88.52437" yp1="71.47854" xp2="88.44571" yp2="71.47774" sp="0.15000" color="gray" opacity="100"/>
<line xp1="88.44571" yp1="71.47774" xp2="88.03249" yp2="71.48809" sp="0.15000" color="gray" opacity="100"/>
<line xp1="88.03249" yp1="71.48809" xp2="87.75940" yp2="71.48094" sp="0.15000" color="gray" opacity="100"/>
<line xp1="87.75940" yp1="71.48094" xp2="87.16671" yp2="71.46177" sp="0.15000" color="gray" opacity="100"/>
<line xp1="87.16671" yp1="71.46177" xp2="87.14923" yp2="71.45549" sp="0.15000" color="gray" opacity="100"/>
<line xp1="87.14923" yp1="71.45549" xp2="87.12622" yp2="71.45880" sp="0.15000" color="gray" opacity="100"/>
<line xp1="87.12622" yp1="71.45880" xp2="86.73420" yp2="71.44760" sp="0.15000" color="gray" opacity="100"/>
<line xp1="86.73420" yp1="71.44760" xp2="86.28978" yp2="71.42857" sp="0.15000" color="gray" opacity="100"/>
<line xp1="86.28978" yp1="71.42857" xp2="85.77052" yp2="71.40634" sp="0.15000" color="gray" opacity="100"/>
<line xp1="85.77052" yp1="71.40634" xp2="85.10458" yp2="71.44777" sp="0.15000" color="gray" opacity="100"/>
<line xp1="85.10458" yp1="71.44777" xp2="84.99829" yp2="71.43491" sp="0.15000" color="gray" opacity="100"/>
<line xp1="84.99829" yp1="71.43491" xp2="84.95726" yp2="71.45394" sp="0.15000" color="gray" opacity="100"/>
<line xp1="84.95726" yp1="71.45394" xp2="84.89146" yp2="71.48131" sp="0.15000" color="gray" opacity="100"/>
<line xp1="84.89146" yp1="71.48131" xp2="84.84572" yp2="71.47617" sp="0.15000" color="gray" opacity="100"/>
<line xp1="84.84572" yp1="71.47617" xp2="84.62135" yp2="71.38171" sp="0.15000" color="gray" opacity="100"/>
<line xp1="84.62135" yp1="71.38171" xp2="84.35300" yp2="71.13889" sp="0.15000" color="gray" opacity="100"/>
<line xp1="84.35300" yp1="71.13889" xp2="84.18760" yp2="71.02063" sp="0.15000" color="gray" opacity="100"/>
<line xp1="84.18760" yp1="71.02063" xp2="84.13889" yp2="70.97694" sp="0.15000" color="gray" opacity="100"/>
<line xp1="84.13889" yp1="70.97694" xp2="84.00640" yp2="70.81666" sp="0.15000" color="gray" opacity="100"/>
<line xp1="84.00640" yp1="70.81666" xp2="83.78891" yp2="70.54680" sp="0.15000" color="gray" opacity="100"/>
<line xp1="83.78891" yp1="70.54680" xp2="83.75000" yp2="70.49680" sp="0.15000" color="gray" opacity="100"/>
<line xp1="83.75000" yp1="70.49680" xp2="83.65683" yp2="70.37537" sp="0.15000" color="gray" opacity="100"/>
<line xp1="83.65683" yp1="70.37537" xp2="83.56540" yp2="70.25154" sp="0.15000" color="gray" opacity="100"/>
<line xp1="83.56540" yp1="70.25154" xp2="83.48291" yp2="70.13254" sp="0.15000" color="gray" opacity="100"/>
<line xp1="83.48291" yp1="70.13254" xp2="83.39057" yp2="69.98837" sp="0.15000" color="gray" opacity="100"/>
<line xp1="83.39057" yp1="69.98837" xp2="83.37437" yp2="69.96306" sp="0.15000" color="gray" opacity="100"/>
<line xp1="83.37437" yp1="69.96306" xp2="83.34978" yp2="69.92140" sp="0.15000" color="gray" opacity="100"/>
<line xp1="83.34978" yp1="69.92140" xp2="83.33654" yp2="69.83011" sp="0.15000" color="gray" opacity="100"/>
<line xp1="83.33654" yp1="69.83011" xp2="83.31497" yp2="69.76823" sp="0.15000" color="gray" opacity="100"/>
<line xp1="83.31497" yp1="69.76823" xp2="83.27372" yp2="69.70871" sp="0.15000" color="gray" opacity="100"/>
<line xp1="83.27372" yp1="69.70871" xp2="83.22392" yp2="69.67143" sp="0.15000" color="gray" opacity="100"/>
<line xp1="83.22392" yp1="69.67143" xp2="83.12906" yp2="69.61189" sp="0.15000" color="gray" opacity="100"/>
<line xp1="83.12906" yp1="69.61189" xp2="83.09234" yp2="69.59163" sp="0.15000" color="gray" opacity="100"/>
<line xp1="83.09234" yp1="69.59163" xp2="83.04698" yp2="69.58094" sp="0.15000" color="gray" opacity="100"/>
<line xp1="83.04698" yp1="69.58094" xp2="83.01409" yp2="69.57537" sp="0.15000" color="gray" opacity="100"/>
<line xp1="83.01409" yp1="69.57537" xp2="82.98292" yp2="69.55194" sp="0.15000" color="gray" opacity="100"/>
<line xp1="82.98292" yp1="69.55194" xp2="82.51789" yp2="69.00283" sp="0.15000" color="gray" opacity="100"/>
<line xp1="82.51789" yp1="69.00283" xp2="82.44572" yp2="68.91743" sp="0.15000" color="gray" opacity="100"/>
<line xp1="82.44572" yp1="68.91743" xp2="82.40406" yp2="68.86306" sp="0.15000" color="gray" opacity="100"/>
<line xp1="82.40406" yp1="68.86306" xp2="82.25940" yp2="68.52300" sp="0.15000" color="gray" opacity="100"/>
<line xp1="82.25940" yp1="68.52300" xp2="82.20083" yp2="68.38331" sp="0.15000" color="gray" opacity="100"/>
<line xp1="82.20083" yp1="68.38331" xp2="82.17905" yp2="68.33091" sp="0.15000" color="gray" opacity="100"/>
<line xp1="82.17905" yp1="68.33091" xp2="82.00386" yp2="67.91029" sp="0.15000" color="gray" opacity="100"/>
<line xp1="82.00386" yp1="67.91029" xp2="81.83162" yp2="67.52380" sp="0.15000" color="gray" opacity="100"/>
<line xp1="81.83162" yp1="67.52380" xp2="81.57820" yp2="67.52697" sp="0.15000" color="gray" opacity="100"/>
<line xp1="81.57820" yp1="67.52697" xp2="81.09488" yp2="67.53331" sp="0.15000" color="gray" opacity="100"/>
<line xp1="81.09488" yp1="67.53331" xp2="80.64188" yp2="67.53886" sp="0.15000" color="gray" opacity="100"/>
<line xp1="80.64188" yp1="67.53886" xp2="80.41538" yp2="67.54046" sp="0.15000" color="gray" opacity="100"/>
<line xp1="80.41538" yp1="67.54046" xp2="80.21882" yp2="67.54123" sp="0.15000" color="gray" opacity="100"/>
<line xp1="80.21882" yp1="67.54123" xp2="80.17351" yp2="67.54123" sp="0.15000" color="gray" opacity="100"/>
<line xp1="80.17351" yp1="67.54123" xp2="79.40298" yp2="67.53809" sp="0.15000" color="gray" opacity="100"/>
<line xp1="79.40298" yp1="67.53809" xp2="78.97991" yp2="67.53571" sp="0.15000" color="gray" opacity="100"/>
<line xp1="78.97991" yp1="67.53571" xp2="78.88506" yp2="67.51266" sp="0.15000" color="gray" opacity="100"/>
<line xp1="78.88506" yp1="67.51266" xp2="78.55643" yp2="67.29680" sp="0.15000" color="gray" opacity="100"/>
<line xp1="78.55643" yp1="67.29680" xp2="78.41837" yp2="67.20551" sp="0.15000" color="gray" opacity="100"/>
<line xp1="78.41837" yp1="67.20551" xp2="78.31497" yp2="67.13649" sp="0.15000" color="gray" opacity="100"/>
<line xp1="78.31497" yp1="67.13649" xp2="78.17735" yp2="67.04440" sp="0.15000" color="gray" opacity="100"/>
<line xp1="78.17735" yp1="67.04440" xp2="78.25812" yp2="66.80711" sp="0.15000" color="gray" opacity="100"/>
<line xp1="78.25812" yp1="66.80711" xp2="78.35878" yp2="66.51257" sp="0.15000" color="gray" opacity="100"/>
<line xp1="78.35878" yp1="66.51257" xp2="78.36594" yp2="66.49240" sp="0.15000" color="gray" opacity="100"/>
<line xp1="78.36594" yp1="66.49240" xp2="78.37885" yp2="66.45594" sp="0.15000" color="gray" opacity="100"/>
<line xp1="78.37885" yp1="66.45594" xp2="78.39252" yp2="66.18011" sp="0.15000" color="gray" opacity="100"/>
<line xp1="78.39252" yp1="66.18011" xp2="78.37746" yp2="66.11583" sp="0.15000" color="gray" opacity="100"/>
<line xp1="78.37746" yp1="66.11583" xp2="78.33675" yp2="65.95871" sp="0.15000" color="gray" opacity="100"/>
<line xp1="78.33675" yp1="65.95871" xp2="78.39680" yp2="65.74206" sp="0.15000" color="gray" opacity="100"/>
<line xp1="78.39680" yp1="65.74206" xp2="78.44037" yp2="65.66346" sp="0.15000" color="gray" opacity="100"/>
<line xp1="78.44037" yp1="65.66346" xp2="78.49958" yp2="65.59917" sp="0.15000" color="gray" opacity="100"/>
<line xp1="78.49958" yp1="65.59917" xp2="78.54585" yp2="65.58291" sp="0.15000" color="gray" opacity="100"/>
<line xp1="78.54585" yp1="65.58291" xp2="78.58409" yp2="65.53211" sp="0.15000" color="gray" opacity="100"/>
<line xp1="78.58409" yp1="65.53211" xp2="78.58694" yp2="65.46129" sp="0.15000" color="gray" opacity="100"/>
<line xp1="78.58694" yp1="65.46129" xp2="78.58803" yp2="65.43409" sp="0.15000" color="gray" opacity="100"/>
<line xp1="78.58803" yp1="65.43409" xp2="78.56283" yp2="65.33131" sp="0.15000" color="gray" opacity="100"/>
<line xp1="78.56283" yp1="65.33131" xp2="78.51409" yp2="65.23886" sp="0.15000" color="gray" opacity="100"/>
<line xp1="78.51409" yp1="65.23886" xp2="78.48163" yp2="65.19997" sp="0.15000" color="gray" opacity="100"/>
<line xp1="78.48163" yp1="65.19997" xp2="78.27522" yp2="65.05474" sp="0.15000" color="gray" opacity="100"/>
<line xp1="78.27522" yp1="65.05474" xp2="78.22392" yp2="65.02063" sp="0.15000" color="gray" opacity="100"/>
<line xp1="78.22392" yp1="65.02063" xp2="78.00086" yp2="64.86426" sp="0.15000" color="gray" opacity="100"/>
<line xp1="78.00086" yp1="64.86426" xp2="77.59008" yp2="64.57346" sp="0.15000" color="gray" opacity="100"/>
<line xp1="77.59008" yp1="64.57346" xp2="77.28703" yp2="64.35629" sp="0.15000" color="gray" opacity="100"/>
<line xp1="77.28703" yp1="64.35629" xp2="77.26666" yp2="64.34363" sp="0.15000" color="gray" opacity="100"/>
<line xp1="77.26666" yp1="64.34363" xp2="76.78226" yp2="63.99483" sp="0.15000" color="gray" opacity="100"/>
<line xp1="76.78226" yp1="63.99483" xp2="76.13803" yp2="63.79760" sp="0.15000" color="gray" opacity="100"/>
<line xp1="76.13803" yp1="63.79760" xp2="76.10992" yp2="63.79034" sp="0.15000" color="gray" opacity="100"/>
<line xp1="76.10992" yp1="63.79034" xp2="75.58591" yp2="63.65474" sp="0.15000" color="gray" opacity="100"/>
<line xp1="75.58591" yp1="63.65474" xp2="75.00129" yp2="63.49997" sp="0.15000" color="gray" opacity="100"/>
<line xp1="75.00129" yp1="63.49997" xp2="74.73163" yp2="63.27140" sp="0.15000" color="gray" opacity="100"/>
<line xp1="74.73163" yp1="63.27140" xp2="74.42522" yp2="63.00791" sp="0.15000" color="gray" opacity="100"/>
<line xp1="74.42522" yp1="63.00791" xp2="74.11963" yp2="62.74363" sp="0.15000" color="gray" opacity="100"/>
<line xp1="74.11963" yp1="62.74363" xp2="73.51068" yp2="62.21269" sp="0.15000" color="gray" opacity="100"/>
<line xp1="73.51068" yp1="62.21269" xp2="73.47863" yp2="62.18251" sp="0.15000" color="gray" opacity="100"/>
<line xp1="73.47863" yp1="62.18251" xp2="73.19188" yp2="61.93014" sp="0.15000" color="gray" opacity="100"/>
<line xp1="73.19188" yp1="61.93014" xp2="73.13417" yp2="61.93171" sp="0.15000" color="gray" opacity="100"/>
<line xp1="73.13417" yp1="61.93171" xp2="72.84617" yp2="61.94840" sp="0.15000" color="gray" opacity="100"/>
<line xp1="72.84617" yp1="61.94840" xp2="72.77437" yp2="61.95394" sp="0.15000" color="gray" opacity="100"/>
<line xp1="72.77437" yp1="61.95394" xp2="72.19017" yp2="62.47814" sp="0.15000" color="gray" opacity="100"/>
<line xp1="72.19017" yp1="62.47814" xp2="72.12706" yp2="62.70343" sp="0.15000" color="gray" opacity="100"/>
<line xp1="72.12706" yp1="62.70343" xp2="72.10642" yp2="62.77297" sp="0.15000" color="gray" opacity="100"/>
<line xp1="72.10642" yp1="62.77297" xp2="72.07649" yp2="62.88094" sp="0.15000" color="gray" opacity="100"/>
<line xp1="72.07649" yp1="62.88094" xp2="72.04829" yp2="62.98886" sp="0.15000" color="gray" opacity="100"/>
<line xp1="72.04829" yp1="62.98886" xp2="72.09658" yp2="63.43251" sp="0.15000" color="gray" opacity="100"/>
<line xp1="72.09658" yp1="63.43251" xp2="72.10386" yp2="63.48809" sp="0.15000" color="gray" opacity="100"/>
<line xp1="72.10386" yp1="63.48809" xp2="72.11797" yp2="63.55951" sp="0.15000" color="gray" opacity="100"/>
<line xp1="72.11797" yp1="63.55951" xp2="72.13397" yp2="63.61506" sp="0.15000" color="gray" opacity="100"/>
<line xp1="72.13397" yp1="63.61506" xp2="72.17763" yp2="63.71246" sp="0.15000" color="gray" opacity="100"/>
<line xp1="72.17763" yp1="63.71246" xp2="72.22195" yp2="63.77009" sp="0.15000" color="gray" opacity="100"/>
<line xp1="72.22195" yp1="63.77009" xp2="72.22206" yp2="63.77023" sp="0.15000" color="gray" opacity="100"/>
<line xp1="72.22206" yp1="63.77023" xp2="72.26582" yp2="63.80554" sp="0.15000" color="gray" opacity="100"/>
<line xp1="72.26582" yp1="63.80554" xp2="72.30426" yp2="63.82614" sp="0.15000" color="gray" opacity="100"/>
<line xp1="72.30426" yp1="63.82614" xp2="72.34488" yp2="63.84203" sp="0.15000" color="gray" opacity="100"/>
<line xp1="72.34488" yp1="63.84203" xp2="72.39915" yp2="63.87857" sp="0.15000" color="gray" opacity="100"/>
<line xp1="72.39915" yp1="63.87857" xp2="72.55171" yp2="63.99126" sp="0.15000" color="gray" opacity="100"/>
<line xp1="72.55171" yp1="63.99126" xp2="72.61348" yp2="64.05154" sp="0.15000" color="gray" opacity="100"/>
<line xp1="72.61348" yp1="64.05154" xp2="72.66282" yp2="64.12260" sp="0.15000" color="gray" opacity="100"/>
<line xp1="72.66282" yp1="64.12260" xp2="72.72308" yp2="64.23809" sp="0.15000" color="gray" opacity="100"/>
<line xp1="72.72308" yp1="64.23809" xp2="72.76238" yp2="64.30951" sp="0.15000" color="gray" opacity="100"/>
<line xp1="72.76238" yp1="64.30951" xp2="72.82669" yp2="64.41514" sp="0.15000" color="gray" opacity="100"/>
<line xp1="72.82669" yp1="64.41514" xp2="72.84822" yp2="64.42454" sp="0.15000" color="gray" opacity="100"/>
<line xp1="72.84822" yp1="64.42454" xp2="72.89509" yp2="64.44500" sp="0.15000" color="gray" opacity="100"/>
<line xp1="72.89509" yp1="64.44500" xp2="72.95534" yp2="64.46783" sp="0.15000" color="gray" opacity="100"/>
<line xp1="72.95534" yp1="64.46783" xp2="73.02180" yp2="64.56980" sp="0.15000" color="gray" opacity="100"/>
<line xp1="73.02180" yp1="64.56980" xp2="73.05020" yp2="64.65037" sp="0.15000" color="gray" opacity="100"/>
<line xp1="73.05020" yp1="64.65037" xp2="73.10043" yp2="64.91186" sp="0.15000" color="gray" opacity="100"/>
<line xp1="73.10043" yp1="64.91186" xp2="73.11858" yp2="65.03094" sp="0.15000" color="gray" opacity="100"/>
<line xp1="73.11858" yp1="65.03094" xp2="73.11678" yp2="65.13251" sp="0.15000" color="gray" opacity="100"/>
<line xp1="73.11678" yp1="65.13251" xp2="73.10534" yp2="65.21823" sp="0.15000" color="gray" opacity="100"/>
<line xp1="73.10534" yp1="65.21823" xp2="73.13311" yp2="65.43251" sp="0.15000" color="gray" opacity="100"/>
<line xp1="73.13311" yp1="65.43251" xp2="73.20188" yp2="65.76754" sp="0.15000" color="gray" opacity="100"/>
<line xp1="73.20188" yp1="65.76754" xp2="73.22434" yp2="65.85474" sp="0.15000" color="gray" opacity="100"/>
<line xp1="73.22434" yp1="65.85474" xp2="73.35042" yp2="66.31586" sp="0.15000" color="gray" opacity="100"/>
<line xp1="73.35042" yp1="66.31586" xp2="73.45725" yp2="66.70394" sp="0.15000" color="gray" opacity="100"/>
<line xp1="73.45725" yp1="66.70394" xp2="73.49403" yp2="66.83251" sp="0.15000" color="gray" opacity="100"/>
<line xp1="73.49403" yp1="66.83251" xp2="73.62135" yp2="67.29443" sp="0.15000" color="gray" opacity="100"/>
<line xp1="73.62135" yp1="67.29443" xp2="73.64572" yp2="67.38649" sp="0.15000" color="gray" opacity="100"/>
<line xp1="73.64572" yp1="67.38649" xp2="73.51623" yp2="68.43491" sp="0.15000" color="gray" opacity="100"/>
<line xp1="73.51623" yp1="68.43491" xp2="73.33588" yp2="69.88806" sp="0.15000" color="gray" opacity="100"/>
<line xp1="73.33588" yp1="69.88806" xp2="73.18375" yp2="71.09363" sp="0.15000" color="gray" opacity="100"/>
<line xp1="73.18375" yp1="71.09363" xp2="73.01068" yp2="72.44523" sp="0.15000" color="gray" opacity="100"/>
<line xp1="73.01068" yp1="72.44523" xp2="72.87694" yp2="72.56029" sp="0.15000" color="gray" opacity="100"/>
<line xp1="72.87694" yp1="72.56029" xp2="72.82306" yp2="72.60551" sp="0.15000" color="gray" opacity="100"/>
<line xp1="72.82306" yp1="72.60551" xp2="72.37818" yp2="72.97697" sp="0.15000" color="gray" opacity="100"/>
<line xp1="72.37818" yp1="72.97697" xp2="72.22949" yp2="73.10077" sp="0.15000" color="gray" opacity="100"/>
<line xp1="72.22949" yp1="73.10077" xp2="72.13506" yp2="73.17934" sp="0.15000" color="gray" opacity="100"/>
<line xp1="72.13506" yp1="73.17934" xp2="71.89100" yp2="73.38094" sp="0.15000" color="gray" opacity="100"/>
<line xp1="71.89100" yp1="73.38094" xp2="71.53802" yp2="73.67143" sp="0.15000" color="gray" opacity="100"/>
<line xp1="71.53802" yp1="73.67143" xp2="71.38803" yp2="73.79206" sp="0.15000" color="gray" opacity="100"/>
<line xp1="71.38803" yp1="73.79206" xp2="71.50169" yp2="74.05157" sp="0.15000" color="gray" opacity="100"/>
<line xp1="71.50169" yp1="74.05157" xp2="71.55726" yp2="74.17617" sp="0.15000" color="gray" opacity="100"/>
<line xp1="71.55726" yp1="74.17617" xp2="71.61882" yp2="74.31983" sp="0.15000" color="gray" opacity="100"/>
<line xp1="71.61882" yp1="74.31983" xp2="71.57074" yp2="74.40040" sp="0.15000" color="gray" opacity="100"/>
<line xp1="71.57074" yp1="74.40040" xp2="71.42757" yp2="74.57697" sp="0.15000" color="gray" opacity="100"/>
<line xp1="71.42757" yp1="74.57697" xp2="71.39060" yp2="74.61189" sp="0.15000" color="gray" opacity="100"/>
<line xp1="71.39060" yp1="74.61189" xp2="71.35514" yp2="74.63171" sp="0.15000" color="gray" opacity="100"/>
<line xp1="71.35514" yp1="74.63171" xp2="71.28760" yp2="74.64600" sp="0.15000" color="gray" opacity="100"/>
<line xp1="71.28760" yp1="74.64600" xp2="71.01794" yp2="74.64443" sp="0.15000" color="gray" opacity="100"/>
<line xp1="71.01794" yp1="74.64443" xp2="70.93762" yp2="74.55606" sp="0.15000" color="gray" opacity="100"/>
<line xp1="70.93762" yp1="74.55606" xp2="70.88654" yp2="74.48731" sp="0.15000" color="gray" opacity="100"/>
<line xp1="70.88654" yp1="74.48731" xp2="70.83949" yp2="74.48709" sp="0.15000" color="gray" opacity="100"/>
<line xp1="70.83949" yp1="74.48709" xp2="70.65126" yp2="74.86586" sp="0.15000" color="gray" opacity="100"/>
<line xp1="70.65126" yp1="74.86586" xp2="70.63120" yp2="74.91506" sp="0.15000" color="gray" opacity="100"/>
<line xp1="70.63120" yp1="74.91506" xp2="70.61154" yp2="74.97220" sp="0.15000" color="gray" opacity="100"/>
<line xp1="70.61154" yp1="74.97220" xp2="70.52669" yp2="75.41189" sp="0.15000" color="gray" opacity="100"/>
<line xp1="70.52669" yp1="75.41189" xp2="70.52265" yp2="75.49997" sp="0.15000" color="gray" opacity="100"/>
<line xp1="70.52265" yp1="75.49997" xp2="70.53162" yp2="75.55791" sp="0.15000" color="gray" opacity="100"/>
<line xp1="70.53162" yp1="75.55791" xp2="70.54680" yp2="75.61626" sp="0.15000" color="gray" opacity="100"/>
<line xp1="70.54680" yp1="75.61626" xp2="70.58452" yp2="75.73451" sp="0.15000" color="gray" opacity="100"/>
<line xp1="70.58452" yp1="75.73451" xp2="70.57640" yp2="75.79840" sp="0.15000" color="gray" opacity="100"/>
<line xp1="70.57640" yp1="75.79840" xp2="70.47266" yp2="75.84760" sp="0.15000" color="gray" opacity="100"/>
<line xp1="70.47266" yp1="75.84760" xp2="70.14060" yp2="75.73889" sp="0.15000" color="gray" opacity="100"/>
<line xp1="70.14060" yp1="75.73889" xp2="70.10557" yp2="75.71903" sp="0.15000" color="gray" opacity="100"/>
<line xp1="70.10557" yp1="75.71903" xp2="70.06452" yp2="75.66783" sp="0.15000" color="gray" opacity="100"/>
<line xp1="70.06452" yp1="75.66783" xp2="70.02468" yp2="75.60057" sp="0.15000" color="gray" opacity="100"/>
<line xp1="70.02468" yp1="75.60057" xp2="70.02062" yp2="75.60060" sp="0.15000" color="gray" opacity="100"/>
<line xp1="70.02062" yp1="75.60060" xp2="69.96731" yp2="75.60077" sp="0.15000" color="gray" opacity="100"/>
<line xp1="69.96731" yp1="75.60077" xp2="69.90000" yp2="75.61826" sp="0.15000" color="gray" opacity="100"/>
<line xp1="69.90000" yp1="75.61826" xp2="69.57691" yp2="76.15157" sp="0.15000" color="gray" opacity="100"/>
<line xp1="69.57691" yp1="76.15157" xp2="69.55726" yp2="76.25631" sp="0.15000" color="gray" opacity="100"/>
<line xp1="69.55726" yp1="76.25631" xp2="69.52777" yp2="76.42380" sp="0.15000" color="gray" opacity="100"/>
<line xp1="69.52777" yp1="76.42380" xp2="69.49914" yp2="76.59126" sp="0.15000" color="gray" opacity="100"/>
<line xp1="69.49914" yp1="76.59126" xp2="69.48803" yp2="76.65474" sp="0.15000" color="gray" opacity="100"/>
<line xp1="69.48803" yp1="76.65474" xp2="69.43911" yp2="76.87377" sp="0.15000" color="gray" opacity="100"/>
<line xp1="69.43911" yp1="76.87377" xp2="69.35769" yp2="76.93886" sp="0.15000" color="gray" opacity="100"/>
<line xp1="69.35769" yp1="76.93886" xp2="68.68546" yp2="77.46189" sp="0.15000" color="gray" opacity="100"/>
<line xp1="68.68546" yp1="77.46189" xp2="68.51665" yp2="77.59203" sp="0.15000" color="gray" opacity="100"/>
<line xp1="68.51665" yp1="77.59203" xp2="68.09402" yp2="77.91666" sp="0.15000" color="gray" opacity="100"/>
<line xp1="68.09402" yp1="77.91666" xp2="67.93888" yp2="78.03489" sp="0.15000" color="gray" opacity="100"/>
<line xp1="67.93888" yp1="78.03489" xp2="67.66966" yp2="78.23966" sp="0.15000" color="gray" opacity="100"/>
<line xp1="67.66966" yp1="78.23966" xp2="67.61325" yp2="78.28251" sp="0.15000" color="gray" opacity="100"/>
<line xp1="67.61325" yp1="78.28251" xp2="66.97437" yp2="78.76349" sp="0.15000" color="gray" opacity="100"/>
<line xp1="66.97437" yp1="78.76349" xp2="66.81709" yp2="78.88094" sp="0.15000" color="gray" opacity="100"/>
<line xp1="66.81709" yp1="78.88094" xp2="66.33163" yp2="79.24206" sp="0.15000" color="gray" opacity="100"/>
<line xp1="66.33163" yp1="79.24206" xp2="65.84400" yp2="79.60077" sp="0.15000" color="gray" opacity="100"/>
<line xp1="65.84400" yp1="79.60077" xp2="65.62818" yp2="79.75869" sp="0.15000" color="gray" opacity="100"/>
<line xp1="65.62818" yp1="79.75869" xp2="65.46966" yp2="79.87380" sp="0.15000" color="gray" opacity="100"/>
<line xp1="65.46966" yp1="79.87380" xp2="64.32566" yp2="80.69760" sp="0.15000" color="gray" opacity="100"/>
<line xp1="64.32566" yp1="80.69760" xp2="64.04914" yp2="80.89203" sp="0.15000" color="gray" opacity="100"/>
<line xp1="64.04914" yp1="80.89203" xp2="63.62223" yp2="80.75474" sp="0.15000" color="gray" opacity="100"/>
<line xp1="63.62223" yp1="80.75474" xp2="63.55129" yp2="80.73017" sp="0.15000" color="gray" opacity="100"/>
<line xp1="63.55129" yp1="80.73017" xp2="63.11668" yp2="80.39760" sp="0.15000" color="gray" opacity="100"/>
<line xp1="63.11668" yp1="80.39760" xp2="62.57948" yp2="79.98014" sp="0.15000" color="gray" opacity="100"/>
<line xp1="62.57948" yp1="79.98014" xp2="62.52822" yp2="79.94206" sp="0.15000" color="gray" opacity="100"/>
<line xp1="62.52822" yp1="79.94206" xp2="62.38805" yp2="80.00951" sp="0.15000" color="gray" opacity="100"/>
<line xp1="62.38805" yp1="80.00951" xp2="62.31828" yp2="80.00906" sp="0.15000" color="gray" opacity="100"/>
<line xp1="62.31828" yp1="80.00906" xp2="62.19552" yp2="80.00643" sp="0.15000" color="gray" opacity="100"/>
<line xp1="62.19552" yp1="80.00643" xp2="62.18922" yp2="80.00980" sp="0.15000" color="gray" opacity="100"/>
<line xp1="62.18922" yp1="80.00980" xp2="62.14402" yp2="80.03391" sp="0.15000" color="gray" opacity="100"/>
<line xp1="62.14402" yp1="80.03391" xp2="61.91452" yp2="80.08451" sp="0.15000" color="gray" opacity="100"/>
<line xp1="61.91452" yp1="80.08451" xp2="61.78631" yp2="80.03334" sp="0.15000" color="gray" opacity="100"/>
<line xp1="61.78631" yp1="80.03334" xp2="61.75000" yp2="80.00237" sp="0.15000" color="gray" opacity="100"/>
<line xp1="61.75000" yp1="80.00237" xp2="61.69263" yp2="79.97320" sp="0.15000" color="gray" opacity="100"/>
<line xp1="61.69263" yp1="79.97320" xp2="61.54732" yp2="80.07220" sp="0.15000" color="gray" opacity="100"/>
<line xp1="61.54732" yp1="80.07220" xp2="61.48805" yp2="80.19920" sp="0.15000" color="gray" opacity="100"/>
<line xp1="61.48805" yp1="80.19920" xp2="61.43762" yp2="80.30414" sp="0.15000" color="gray" opacity="100"/>
<line xp1="61.43762" yp1="80.30414" xp2="61.31305" yp2="80.34700" sp="0.15000" color="gray" opacity="100"/>
<line xp1="61.31305" yp1="80.34700" xp2="61.10769" yp2="80.32300" sp="0.15000" color="gray" opacity="100"/>
<line xp1="61.10769" yp1="80.32300" xp2="60.38483" yp2="80.26506" sp="0.15000" color="gray" opacity="100"/>
<line xp1="60.38483" yp1="80.26506" xp2="60.34785" yp2="80.29643" sp="0.15000" color="gray" opacity="100"/>
<line xp1="60.34785" yp1="80.29643" xp2="60.25262" yp2="80.58417" sp="0.15000" color="gray" opacity="100"/>
<line xp1="60.25262" yp1="80.58417" xp2="60.25351" yp2="80.64877" sp="0.15000" color="gray" opacity="100"/>
<line xp1="60.25351" yp1="80.64877" xp2="60.20214" yp2="80.67857" sp="0.15000" color="gray" opacity="100"/>
<line xp1="60.20214" yp1="80.67857" xp2="60.15685" yp2="80.67617" sp="0.15000" color="gray" opacity="100"/>
<line xp1="60.15685" yp1="80.67617" xp2="60.11026" yp2="80.65314" sp="0.15000" color="gray" opacity="100"/>
<line xp1="60.11026" yp1="80.65314" xp2="60.04745" yp2="80.61346" sp="0.15000" color="gray" opacity="100"/>
<line xp1="60.04745" yp1="80.61346" xp2="59.80600" yp2="80.44283" sp="0.15000" color="gray" opacity="100"/>
<line xp1="59.80600" yp1="80.44283" xp2="59.77051" yp2="80.41189" sp="0.15000" color="gray" opacity="100"/>
<line xp1="59.77051" yp1="80.41189" xp2="59.70386" yp2="80.32857" sp="0.15000" color="gray" opacity="100"/>
<line xp1="59.70386" yp1="80.32857" xp2="59.62991" yp2="80.23886" sp="0.15000" color="gray" opacity="100"/>
<line xp1="59.62991" yp1="80.23886" xp2="59.57478" yp2="80.20751" sp="0.15000" color="gray" opacity="100"/>
<line xp1="59.57478" yp1="80.20751" xp2="59.50983" yp2="80.19840" sp="0.15000" color="gray" opacity="100"/>
<line xp1="59.50983" yp1="80.19840" xp2="59.46580" yp2="80.19443" sp="0.15000" color="gray" opacity="100"/>
<line xp1="59.46580" yp1="80.19443" xp2="59.40492" yp2="80.16823" sp="0.15000" color="gray" opacity="100"/>
<line xp1="59.40492" yp1="80.16823" xp2="59.35642" yp2="80.11746" sp="0.15000" color="gray" opacity="100"/>
<line xp1="59.35642" yp1="80.11746" xp2="59.28803" yp2="80.16506" sp="0.15000" color="gray" opacity="100"/>
<line xp1="59.28803" yp1="80.16506" xp2="59.11751" yp2="80.26586" sp="0.15000" color="gray" opacity="100"/>
<line xp1="59.11751" yp1="80.26586" xp2="59.00748" yp2="80.28097" sp="0.15000" color="gray" opacity="100"/>
<line xp1="59.00748" yp1="80.28097" xp2="58.94231" yp2="80.41346" sp="0.15000" color="gray" opacity="100"/>
<line xp1="58.94231" yp1="80.41346" xp2="58.86132" yp2="80.54680" sp="0.15000" color="gray" opacity="100"/>
<line xp1="58.86132" yp1="80.54680" xp2="58.79402" yp2="80.55631" sp="0.15000" color="gray" opacity="100"/>
<line xp1="58.79402" yp1="80.55631" xp2="58.69146" yp2="80.58251" sp="0.15000" color="gray" opacity="100"/>
<line xp1="58.69146" yp1="80.58251" xp2="58.55342" yp2="80.65869" sp="0.15000" color="gray" opacity="100"/>
<line xp1="58.55342" yp1="80.65869" xp2="58.51735" yp2="80.68723" sp="0.15000" color="gray" opacity="100"/>
<line xp1="58.51735" yp1="80.68723" xp2="58.47415" yp2="80.74643" sp="0.15000" color="gray" opacity="100"/>
<line xp1="58.47415" yp1="80.74643" xp2="58.44914" yp2="80.80277" sp="0.15000" color="gray" opacity="100"/>
<line xp1="58.44914" yp1="80.80277" xp2="58.43974" yp2="80.86980" sp="0.15000" color="gray" opacity="100"/>
<line xp1="58.43974" yp1="80.86980" xp2="58.40095" yp2="80.98669" sp="0.15000" color="gray" opacity="100"/>
<line xp1="58.40095" yp1="80.98669" xp2="58.24357" yp2="81.02063" sp="0.15000" color="gray" opacity="100"/>
<line xp1="58.24357" yp1="81.02063" xp2="58.21197" yp2="81.01903" sp="0.15000" color="gray" opacity="100"/>
<line xp1="58.21197" yp1="81.01903" xp2="58.06578" yp2="80.99126" sp="0.15000" color="gray" opacity="100"/>
<line xp1="58.06578" yp1="80.99126" xp2="58.03568" yp2="80.95711" sp="0.15000" color="gray" opacity="100"/>
<line xp1="58.03568" yp1="80.95711" xp2="58.00032" yp2="80.85534" sp="0.15000" color="gray" opacity="100"/>
<line xp1="58.00032" yp1="80.85534" xp2="58.02137" yp2="80.77140" sp="0.15000" color="gray" opacity="100"/>
<line xp1="58.02137" yp1="80.77140" xp2="58.01323" yp2="80.71103" sp="0.15000" color="gray" opacity="100"/>
<line xp1="58.01323" yp1="80.71103" xp2="57.95126" yp2="80.66903" sp="0.15000" color="gray" opacity="100"/>
<line xp1="57.95126" yp1="80.66903" xp2="57.90791" yp2="80.66209" sp="0.15000" color="gray" opacity="100"/>
<line xp1="57.90791" yp1="80.66209" xp2="57.80555" yp2="80.89046" sp="0.15000" color="gray" opacity="100"/>
<line xp1="57.80555" yp1="80.89046" xp2="57.76111" yp2="81.12617" sp="0.15000" color="gray" opacity="100"/>
<line xp1="57.76111" yp1="81.12617" xp2="57.56580" yp2="81.26106" sp="0.15000" color="gray" opacity="100"/>
<line xp1="57.56580" yp1="81.26106" xp2="57.38805" yp2="81.38649" sp="0.15000" color="gray" opacity="100"/>
<line xp1="57.38805" yp1="81.38649" xp2="57.36111" yp2="81.54680" sp="0.15000" color="gray" opacity="100"/>
<line xp1="57.36111" yp1="81.54680" xp2="56.99797" yp2="81.77894" sp="0.15000" color="gray" opacity="100"/>
<line xp1="56.99797" yp1="81.77894" xp2="56.54615" yp2="81.83014" sp="0.15000" color="gray" opacity="100"/>
<line xp1="56.54615" yp1="81.83014" xp2="56.43738" yp2="81.79760" sp="0.15000" color="gray" opacity="100"/>
<line xp1="56.43738" yp1="81.79760" xp2="56.29486" yp2="81.73886" sp="0.15000" color="gray" opacity="100"/>
<line xp1="56.29486" yp1="81.73886" xp2="56.22451" yp2="81.66951" sp="0.15000" color="gray" opacity="100"/>
<line xp1="56.22451" yp1="81.66951" xp2="56.20886" yp2="81.57637" sp="0.15000" color="gray" opacity="100"/>
<line xp1="56.20886" yp1="81.57637" xp2="56.15962" yp2="81.53889" sp="0.15000" color="gray" opacity="100"/>
<line xp1="56.15962" yp1="81.53889" xp2="55.90662" yp2="81.47183" sp="0.15000" color="gray" opacity="100"/>
<line xp1="55.90662" yp1="81.47183" xp2="55.80897" yp2="81.46826" sp="0.15000" color="gray" opacity="100"/>
<line xp1="55.80897" yp1="81.46826" xp2="55.71411" yp2="81.47737" sp="0.15000" color="gray" opacity="100"/>
<line xp1="55.71411" yp1="81.47737" xp2="55.68494" yp2="81.51960" sp="0.15000" color="gray" opacity="100"/>
<line xp1="55.68494" yp1="81.51960" xp2="55.66323" yp2="81.67497" sp="0.15000" color="gray" opacity="100"/>
<line xp1="55.66323" yp1="81.67497" xp2="55.64006" yp2="81.76109" sp="0.15000" color="gray" opacity="100"/>
<line xp1="55.64006" yp1="81.76109" xp2="55.60192" yp2="81.79603" sp="0.15000" color="gray" opacity="100"/>
<line xp1="55.60192" yp1="81.79603" xp2="55.56474" yp2="81.80077" sp="0.15000" color="gray" opacity="100"/>
<line xp1="55.56474" yp1="81.80077" xp2="55.28632" yp2="81.82300" sp="0.15000" color="gray" opacity="100"/>
<line xp1="55.28632" yp1="81.82300" xp2="55.21240" yp2="81.83174" sp="0.15000" color="gray" opacity="100"/>
<line xp1="55.21240" yp1="81.83174" xp2="55.17820" yp2="81.83649" sp="0.15000" color="gray" opacity="100"/>
<line xp1="55.17820" yp1="81.83649" xp2="55.00325" yp2="81.88857" sp="0.15000" color="gray" opacity="100"/>
<line xp1="55.00325" yp1="81.88857" xp2="54.97329" yp2="81.98826" sp="0.15000" color="gray" opacity="100"/>
<line xp1="54.97329" yp1="81.98826" xp2="54.92543" yp2="82.02060" sp="0.15000" color="gray" opacity="100"/>
<line xp1="54.92543" yp1="82.02060" xp2="54.76869" yp2="82.03094" sp="0.15000" color="gray" opacity="100"/>
<line xp1="54.76869" yp1="82.03094" xp2="54.71797" yp2="82.00551" sp="0.15000" color="gray" opacity="100"/>
<line xp1="54.71797" yp1="82.00551" xp2="54.67532" yp2="81.98569" sp="0.15000" color="gray" opacity="100"/>
<line xp1="54.67532" yp1="81.98569" xp2="54.61409" yp2="81.99126" sp="0.15000" color="gray" opacity="100"/>
<line xp1="54.61409" yp1="81.99126" xp2="54.57863" yp2="82.00551" sp="0.15000" color="gray" opacity="100"/>
<line xp1="54.57863" yp1="82.00551" xp2="54.45257" yp2="82.06980" sp="0.15000" color="gray" opacity="100"/>
<line xp1="54.45257" yp1="82.06980" xp2="54.39935" yp2="82.11743" sp="0.15000" color="gray" opacity="100"/>
<line xp1="54.39935" yp1="82.11743" xp2="54.31540" yp2="82.22497" sp="0.15000" color="gray" opacity="100"/>
<line xp1="54.31540" yp1="82.22497" xp2="54.29531" yp2="82.27657" sp="0.15000" color="gray" opacity="100"/>
<line xp1="54.29531" yp1="82.27657" xp2="54.29686" yp2="82.45143" sp="0.15000" color="gray" opacity="100"/>
<line xp1="54.29686" yp1="82.45143" xp2="54.30618" yp2="82.57854" sp="0.15000" color="gray" opacity="100"/>
<line xp1="54.30618" yp1="82.57854" xp2="54.29871" yp2="82.66626" sp="0.15000" color="gray" opacity="100"/>
<line xp1="54.29871" yp1="82.66626" xp2="54.27906" yp2="82.78489" sp="0.15000" color="gray" opacity="100"/>
<line xp1="54.27906" yp1="82.78489" xp2="54.26154" yp2="82.84840" sp="0.15000" color="gray" opacity="100"/>
<line xp1="54.26154" yp1="82.84840" xp2="54.23805" yp2="82.93886" sp="0.15000" color="gray" opacity="100"/>
<line xp1="54.23805" yp1="82.93886" xp2="54.20469" yp2="83.07300" sp="0.15000" color="gray" opacity="100"/>
<line xp1="54.20469" yp1="83.07300" xp2="54.15642" yp2="83.30711" sp="0.15000" color="gray" opacity="100"/>
<line xp1="54.15642" yp1="83.30711" xp2="54.14509" yp2="83.39046" sp="0.15000" color="gray" opacity="100"/>
<line xp1="54.14509" yp1="83.39046" xp2="54.12649" yp2="83.73014" sp="0.15000" color="gray" opacity="100"/>
<line xp1="54.12649" yp1="83.73014" xp2="53.95083" yp2="83.88154" sp="0.15000" color="gray" opacity="100"/>
<line xp1="53.95083" yp1="83.88154" xp2="53.90448" yp2="83.88849" sp="0.15000" color="gray" opacity="100"/>
<line xp1="53.90448" yp1="83.88849" xp2="53.84828" yp2="83.87857" sp="0.15000" color="gray" opacity="100"/>
<line xp1="53.84828" yp1="83.87857" xp2="53.80642" yp2="83.87857" sp="0.15000" color="gray" opacity="100"/>
<line xp1="53.80642" yp1="83.87857" xp2="53.72022" yp2="83.88454" sp="0.15000" color="gray" opacity="100"/>
<line xp1="53.72022" yp1="83.88454" xp2="53.66026" yp2="83.90000" sp="0.15000" color="gray" opacity="100"/>
<line xp1="53.66026" yp1="83.90000" xp2="53.62692" yp2="83.91903" sp="0.15000" color="gray" opacity="100"/>
<line xp1="53.62692" yp1="83.91903" xp2="53.61109" yp2="83.93331" sp="0.15000" color="gray" opacity="100"/>
<line xp1="53.61109" yp1="83.93331" xp2="53.60897" yp2="83.90394" sp="0.15000" color="gray" opacity="100"/>
<line xp1="53.60897" yp1="83.90394" xp2="53.60854" yp2="83.80951" sp="0.15000" color="gray" opacity="100"/>
<line xp1="53.60854" yp1="83.80951" xp2="53.60929" yp2="83.35237" sp="0.15000" color="gray" opacity="100"/>
<line xp1="53.60929" yp1="83.35237" xp2="53.60897" yp2="82.85554" sp="0.15000" color="gray" opacity="100"/>
<line xp1="53.60897" yp1="82.85554" xp2="53.43606" yp2="82.85709" sp="0.15000" color="gray" opacity="100"/>
<line xp1="53.43606" yp1="82.85709" xp2="50.43086" yp2="82.85634" sp="0.15000" color="gray" opacity="100"/>
<line xp1="50.43086" yp1="82.85634" xp2="49.99571" yp2="82.85554" sp="0.15000" color="gray" opacity="100"/>
<line xp1="49.99571" yp1="82.85554" xp2="49.79103" yp2="82.85554" sp="0.15000" color="gray" opacity="100"/>
<line xp1="49.79103" yp1="82.85554" xp2="49.53548" yp2="82.85714" sp="0.15000" color="gray" opacity="100"/>
<line xp1="49.53548" yp1="82.85714" xp2="49.27822" yp2="82.85794" sp="0.15000" color="gray" opacity="100"/>
<line xp1="49.27822" yp1="82.85794" xp2="48.81668" yp2="82.85794" sp="0.15000" color="gray" opacity="100"/>
<line xp1="48.81668" yp1="82.85794" xp2="48.45811" yp2="82.85554" sp="0.15000" color="gray" opacity="100"/>
<line xp1="48.45811" yp1="82.85554" xp2="47.89445" yp2="82.85714" sp="0.15000" color="gray" opacity="100"/>
<line xp1="47.89445" yp1="82.85714" xp2="47.17608" yp2="82.85554" sp="0.15000" color="gray" opacity="100"/>
<line xp1="47.17608" yp1="82.85554" xp2="46.40683" yp2="82.85714" sp="0.15000" color="gray" opacity="100"/>
<line xp1="46.40683" yp1="82.85714" xp2="46.15042" yp2="82.85714" sp="0.15000" color="gray" opacity="100"/>
<line xp1="46.15042" yp1="82.85714" xp2="45.38162" yp2="82.85634" sp="0.15000" color="gray" opacity="100"/>
<line xp1="45.38162" yp1="82.85634" xp2="44.50897" yp2="82.85714" sp="0.15000" color="gray" opacity="100"/>
<line xp1="44.50897" yp1="82.85714" xp2="44.15043" yp2="82.85794" sp="0.15000" color="gray" opacity="100"/>
<line xp1="44.15043" yp1="82.85794" xp2="44.05040" yp2="82.85369" sp="0.15000" color="gray" opacity="100"/>
<line xp1="44.05040" yp1="82.85369" xp2="43.89402" yp2="82.85554" sp="0.15000" color="gray" opacity="100"/>
<line xp1="43.89402" yp1="82.85554" xp2="42.81711" yp2="82.85714" sp="0.15000" color="gray" opacity="100"/>
<line xp1="42.81711" yp1="82.85714" xp2="42.56066" yp2="82.85554" sp="0.15000" color="gray" opacity="100"/>
<line xp1="42.56066" yp1="82.85554" xp2="42.25298" yp2="82.85794" sp="0.15000" color="gray" opacity="100"/>
<line xp1="42.25298" yp1="82.85794" xp2="41.89486" yp2="82.85554" sp="0.15000" color="gray" opacity="100"/>
<line xp1="41.89486" yp1="82.85554" xp2="41.48418" yp2="82.85554" sp="0.15000" color="gray" opacity="100"/>
<line xp1="41.48418" yp1="82.85554" xp2="41.27951" yp2="82.85554" sp="0.15000" color="gray" opacity="100"/>
<line xp1="41.27951" yp1="82.85554" xp2="41.12478" yp2="82.85714" sp="0.15000" color="gray" opacity="100"/>
<line xp1="41.12478" yp1="82.85714" xp2="40.86838" yp2="82.85794" sp="0.15000" color="gray" opacity="100"/>
<line xp1="40.86838" yp1="82.85794" xp2="40.71495" yp2="82.85554" sp="0.15000" color="gray" opacity="100"/>
<line xp1="40.71495" yp1="82.85554" xp2="40.40726" yp2="82.85554" sp="0.15000" color="gray" opacity="100"/>
<line xp1="40.40726" yp1="82.85554" xp2="39.94908" yp2="82.85786" sp="0.15000" color="gray" opacity="100"/>
<line xp1="39.94908" yp1="82.85786" xp2="39.79189" yp2="82.85634" sp="0.15000" color="gray" opacity="100"/>
<line xp1="39.79189" yp1="82.85634" xp2="39.48460" yp2="82.85554" sp="0.15000" color="gray" opacity="100"/>
<line xp1="39.48460" yp1="82.85554" xp2="38.71537" yp2="82.85554" sp="0.15000" color="gray" opacity="100"/>
<line xp1="38.71537" yp1="82.85554" xp2="38.45938" yp2="82.85554" sp="0.15000" color="gray" opacity="100"/>
<line xp1="38.45938" yp1="82.85554" xp2="38.04871" yp2="82.85714" sp="0.15000" color="gray" opacity="100"/>
<line xp1="38.04871" yp1="82.85714" xp2="37.38120" yp2="82.85554" sp="0.15000" color="gray" opacity="100"/>
<line xp1="37.38120" yp1="82.85554" xp2="37.02223" yp2="82.85554" sp="0.15000" color="gray" opacity="100"/>
<line xp1="37.02223" yp1="82.85554" xp2="36.86965" yp2="82.85554" sp="0.15000" color="gray" opacity="100"/>
<line xp1="36.86965" yp1="82.85554" xp2="36.71497" yp2="82.85554" sp="0.15000" color="gray" opacity="100"/>
<line xp1="36.71497" yp1="82.85554" xp2="36.50982" yp2="82.85554" sp="0.15000" color="gray" opacity="100"/>
<line xp1="36.50982" yp1="82.85554" xp2="36.20297" yp2="82.85554" sp="0.15000" color="gray" opacity="100"/>
<line xp1="36.20297" yp1="82.85554" xp2="35.79146" yp2="82.85554" sp="0.15000" color="gray" opacity="100"/>
<line xp1="35.79146" yp1="82.85554" xp2="34.86880" yp2="82.85714" sp="0.15000" color="gray" opacity="100"/>
<line xp1="34.86880" yp1="82.85714" xp2="34.71538" yp2="82.85714" sp="0.15000" color="gray" opacity="100"/>
<line xp1="34.71538" yp1="82.85714" xp2="34.40809" yp2="82.85554" sp="0.15000" color="gray" opacity="100"/>
<line xp1="34.40809" yp1="82.85554" xp2="34.25300" yp2="82.85554" sp="0.15000" color="gray" opacity="100"/>
<line xp1="34.25300" yp1="82.85554" xp2="34.15215" yp2="82.85554" sp="0.15000" color="gray" opacity="100"/>
<line xp1="34.15215" yp1="82.85554" xp2="33.58635" yp2="82.85554" sp="0.15000" color="gray" opacity="100"/>
<line xp1="33.58635" yp1="82.85554" xp2="33.33075" yp2="82.85554" sp="0.15000" color="gray" opacity="100"/>
<line xp1="33.33075" yp1="82.85554" xp2="33.02349" yp2="82.85554" sp="0.15000" color="gray" opacity="100"/>
<line xp1="33.02349" yp1="82.85554" xp2="32.81882" yp2="82.85554" sp="0.15000" color="gray" opacity="100"/>
<line xp1="32.81882" yp1="82.85554" xp2="32.56194" yp2="82.85554" sp="0.15000" color="gray" opacity="100"/>
<line xp1="32.56194" yp1="82.85554" xp2="31.79272" yp2="82.85554" sp="0.15000" color="gray" opacity="100"/>
<line xp1="31.79272" yp1="82.85554" xp2="31.33115" yp2="82.85554" sp="0.15000" color="gray" opacity="100"/>
<line xp1="31.33115" yp1="82.85554" xp2="31.07394" yp2="82.85554" sp="0.15000" color="gray" opacity="100"/>
<line xp1="31.07394" yp1="82.85554" xp2="30.81880" yp2="82.85634" sp="0.15000" color="gray" opacity="100"/>
<line xp1="30.81880" yp1="82.85634" xp2="30.76975" yp2="82.85886" sp="0.15000" color="gray" opacity="100"/>
<line xp1="30.76975" yp1="82.85886" xp2="30.61326" yp2="82.85554" sp="0.15000" color="gray" opacity="100"/>
<line xp1="30.61326" yp1="82.85554" xp2="30.45983" yp2="82.85554" sp="0.15000" color="gray" opacity="100"/>
<line xp1="30.45983" yp1="82.85554" xp2="30.30512" yp2="82.85714" sp="0.15000" color="gray" opacity="100"/>
<line xp1="30.30512" yp1="82.85714" xp2="30.20343" yp2="82.85714" sp="0.15000" color="gray" opacity="100"/>
<line xp1="30.20343" yp1="82.85714" xp2="29.99829" yp2="82.85714" sp="0.15000" color="gray" opacity="100"/>
<line xp1="29.99829" yp1="82.85714" xp2="29.74189" yp2="82.85714" sp="0.15000" color="gray" opacity="100"/>
<line xp1="29.74189" yp1="82.85714" xp2="29.58672" yp2="82.85554" sp="0.15000" color="gray" opacity="100"/>
<line xp1="29.58672" yp1="82.85554" xp2="28.66411" yp2="82.85554" sp="0.15000" color="gray" opacity="100"/>
<line xp1="28.66411" yp1="82.85554" xp2="27.99831" yp2="82.85554" sp="0.15000" color="gray" opacity="100"/>
<line xp1="27.99831" yp1="82.85554" xp2="27.63888" yp2="82.85554" sp="0.15000" color="gray" opacity="100"/>
<line xp1="27.63888" yp1="82.85554" xp2="27.43334" yp2="82.85554" sp="0.15000" color="gray" opacity="100"/>
<line xp1="27.43334" yp1="82.85554" xp2="27.33117" yp2="82.85714" sp="0.15000" color="gray" opacity="100"/>
<line xp1="27.33117" yp1="82.85714" xp2="27.17692" yp2="82.85714" sp="0.15000" color="gray" opacity="100"/>
<line xp1="27.17692" yp1="82.85714" xp2="27.02308" yp2="82.85714" sp="0.15000" color="gray" opacity="100"/>
<line xp1="27.02308" yp1="82.85714" xp2="26.86923" yp2="82.85714" sp="0.15000" color="gray" opacity="100"/>
<line xp1="26.86923" yp1="82.85714" xp2="26.76666" yp2="82.85714" sp="0.15000" color="gray" opacity="100"/>
<line xp1="26.76666" yp1="82.85714" xp2="26.25426" yp2="82.85714" sp="0.15000" color="gray" opacity="100"/>
<line xp1="26.25426" yp1="82.85714" xp2="26.10086" yp2="82.85714" sp="0.15000" color="gray" opacity="100"/>
<line xp1="26.10086" yp1="82.85714" xp2="25.79358" yp2="82.85554" sp="0.15000" color="gray" opacity="100"/>
<line xp1="25.79358" yp1="82.85554" xp2="25.58717" yp2="82.85554" sp="0.15000" color="gray" opacity="100"/>
<line xp1="25.58717" yp1="82.85554" xp2="25.28077" yp2="82.85554" sp="0.15000" color="gray" opacity="100"/>
<line xp1="25.28077" yp1="82.85554" xp2="24.56242" yp2="82.85554" sp="0.15000" color="gray" opacity="100"/>
<line xp1="24.56242" yp1="82.85554" xp2="24.52331" yp2="82.85886" sp="0.15000" color="gray" opacity="100"/>
<line xp1="24.52331" yp1="82.85886" xp2="24.09998" yp2="82.85554" sp="0.15000" color="gray" opacity="100"/>
<line xp1="24.09998" yp1="82.85554" xp2="23.89615" yp2="82.85554" sp="0.15000" color="gray" opacity="100"/>
<line xp1="23.89615" yp1="82.85554" xp2="23.79272" yp2="82.85714" sp="0.15000" color="gray" opacity="100"/>
<line xp1="23.79272" yp1="82.85714" xp2="23.64015" yp2="82.85714" sp="0.15000" color="gray" opacity="100"/>
<line xp1="23.64015" yp1="82.85714" xp2="23.22906" yp2="82.85554" sp="0.15000" color="gray" opacity="100"/>
<line xp1="23.22906" yp1="82.85554" xp2="23.02438" yp2="82.85554" sp="0.15000" color="gray" opacity="100"/>
<line xp1="23.02438" yp1="82.85554" xp2="22.81923" yp2="82.85554" sp="0.15000" color="gray" opacity="100"/>
<line xp1="22.81923" yp1="82.85554" xp2="22.51069" yp2="82.85714" sp="0.15000" color="gray" opacity="100"/>
<line xp1="22.51069" yp1="82.85714" xp2="22.35682" yp2="82.85714" sp="0.15000" color="gray" opacity="100"/>
<line xp1="22.35682" yp1="82.85714" xp2="22.20426" yp2="82.85714" sp="0.15000" color="gray" opacity="100"/>
<line xp1="22.20426" yp1="82.85714" xp2="22.15171" yp2="82.85554" sp="0.15000" color="gray" opacity="100"/>
<line xp1="22.15171" yp1="82.85554" xp2="21.94700" yp2="82.85554" sp="0.15000" color="gray" opacity="100"/>
<line xp1="21.94700" yp1="82.85554" xp2="21.46409" yp2="82.85634" sp="0.15000" color="gray" opacity="100"/>
<line xp1="21.46409" yp1="82.85634" xp2="19.99783" yp2="82.85634" sp="0.15000" color="gray" opacity="100"/>
<line xp1="19.99783" yp1="82.85634" xp2="19.94366" yp2="82.86609" sp="0.15000" color="gray" opacity="100"/>
<line xp1="19.94366" yp1="82.86609" xp2="19.89657" yp2="82.85634" sp="0.15000" color="gray" opacity="100"/>
<line xp1="19.89657" yp1="82.85634" xp2="19.69100" yp2="82.85554" sp="0.15000" color="gray" opacity="100"/>
<line xp1="19.69100" yp1="82.85554" xp2="19.63888" yp2="82.85714" sp="0.15000" color="gray" opacity="100"/>
<line xp1="19.63888" yp1="82.85714" xp2="19.53760" yp2="82.85714" sp="0.15000" color="gray" opacity="100"/>
<line xp1="19.53760" yp1="82.85714" xp2="19.12692" yp2="82.85714" sp="0.15000" color="gray" opacity="100"/>
<line xp1="19.12692" yp1="82.85714" xp2="18.71623" yp2="82.85714" sp="0.15000" color="gray" opacity="100"/>
<line xp1="18.71623" yp1="82.85714" xp2="18.66540" yp2="82.85554" sp="0.15000" color="gray" opacity="100"/>
<line xp1="18.66540" yp1="82.85554" xp2="18.46025" yp2="82.85554" sp="0.15000" color="gray" opacity="100"/>
<line xp1="18.46025" yp1="82.85554" xp2="18.25512" yp2="82.85554" sp="0.15000" color="gray" opacity="100"/>
<line xp1="18.25512" yp1="82.85554" xp2="17.89529" yp2="82.85554" sp="0.15000" color="gray" opacity="100"/>
<line xp1="17.89529" yp1="82.85554" xp2="17.28034" yp2="82.85554" sp="0.15000" color="gray" opacity="100"/>
<line xp1="17.28034" yp1="82.85554" xp2="16.97308" yp2="82.85554" sp="0.15000" color="gray" opacity="100"/>
<line xp1="16.97308" yp1="82.85554" xp2="16.71666" yp2="82.85554" sp="0.15000" color="gray" opacity="100"/>
<line xp1="16.71666" yp1="82.85554" xp2="16.51195" yp2="82.85554" sp="0.15000" color="gray" opacity="100"/>
<line xp1="16.51195" yp1="82.85554" xp2="16.20343" yp2="82.85554" sp="0.15000" color="gray" opacity="100"/>
<line xp1="16.20343" yp1="82.85554" xp2="15.58846" yp2="82.85554" sp="0.15000" color="gray" opacity="100"/>
<line xp1="15.58846" yp1="82.85554" xp2="15.48591" yp2="82.85554" sp="0.15000" color="gray" opacity="100"/>
<line xp1="15.48591" yp1="82.85554" xp2="15.33206" yp2="82.85554" sp="0.15000" color="gray" opacity="100"/>
<line xp1="15.33206" yp1="82.85554" xp2="14.56195" yp2="82.85554" sp="0.15000" color="gray" opacity="100"/>
<line xp1="14.56195" yp1="82.85554" xp2="13.71543" yp2="82.85634" sp="0.15000" color="gray" opacity="100"/>
<line xp1="13.71543" yp1="82.85634" xp2="12.15298" yp2="82.85714" sp="0.15000" color="gray" opacity="100"/>
<line xp1="12.15298" yp1="82.85714" xp2="11.79402" yp2="82.85714" sp="0.15000" color="gray" opacity="100"/>
<line xp1="11.79402" yp1="82.85714" xp2="11.64060" yp2="82.85714" sp="0.15000" color="gray" opacity="100"/>
<line xp1="11.64060" yp1="82.85714" xp2="11.43589" yp2="82.85714" sp="0.15000" color="gray" opacity="100"/>
<line xp1="11.43589" yp1="82.85714" xp2="11.23077" yp2="82.85714" sp="0.15000" color="gray" opacity="100"/>
<line xp1="11.23077" yp1="82.85714" xp2="11.13800" yp2="82.85554" sp="0.15000" color="gray" opacity="100"/>
<line xp1="11.13800" yp1="82.85554" xp2="11.14829" yp2="82.83966" sp="0.15000" color="gray" opacity="100"/>
<line xp1="11.14829" yp1="82.83966" xp2="11.17828" yp2="82.74957" sp="0.15000" color="gray" opacity="100"/>
<line xp1="11.17828" yp1="82.74957" xp2="11.12255" yp2="82.75434" sp="0.15000" color="gray" opacity="100"/>
<line xp1="11.12255" yp1="82.75434" xp2="11.06197" yp2="82.69403" sp="0.15000" color="gray" opacity="100"/>
<line xp1="11.06197" yp1="82.69403" xp2="11.25983" yp2="82.27300" sp="0.15000" color="gray" opacity="100"/>
<line xp1="11.25983" yp1="82.27300" xp2="11.30855" yp2="82.18411" sp="0.15000" color="gray" opacity="100"/>
<line xp1="11.30855" yp1="82.18411" xp2="11.37072" yp2="82.15077" sp="0.15000" color="gray" opacity="100"/>
<line xp1="11.37072" yp1="82.15077" xp2="11.40363" yp2="82.20594" sp="0.15000" color="gray" opacity="100"/>
<line xp1="11.40363" yp1="82.20594" xp2="11.43718" yp2="82.21466" sp="0.15000" color="gray" opacity="100"/>
<line xp1="11.43718" yp1="82.21466" xp2="11.50469" yp2="82.17577" sp="0.15000" color="gray" opacity="100"/>
<line xp1="11.50469" yp1="82.17577" xp2="11.53846" yp2="82.12814" sp="0.15000" color="gray" opacity="100"/>
<line xp1="11.53846" yp1="82.12814" xp2="11.63591" yp2="81.68689" sp="0.15000" color="gray" opacity="100"/>
<line xp1="11.63591" yp1="81.68689" xp2="11.55962" yp2="81.29343" sp="0.15000" color="gray" opacity="100"/>
<line xp1="11.55962" yp1="81.29343" xp2="11.51217" yp2="81.29443" sp="0.15000" color="gray" opacity="100"/>
<line xp1="11.51217" yp1="81.29443" xp2="11.48291" yp2="81.33529" sp="0.15000" color="gray" opacity="100"/>
<line xp1="11.48291" yp1="81.33529" xp2="11.46091" yp2="81.38529" sp="0.15000" color="gray" opacity="100"/>
<line xp1="11.46091" yp1="81.38529" xp2="11.35428" yp2="81.46071" sp="0.15000" color="gray" opacity="100"/>
<line xp1="11.35428" yp1="81.46071" xp2="11.23271" yp2="81.41369" sp="0.15000" color="gray" opacity="100"/>
<line xp1="11.23271" yp1="81.41369" xp2="11.26218" yp2="81.19520" sp="0.15000" color="gray" opacity="100"/>
<line xp1="11.26218" yp1="81.19520" xp2="11.29488" yp2="81.15631" sp="0.15000" color="gray" opacity="100"/>
<line xp1="11.29488" yp1="81.15631" xp2="11.34488" yp2="81.15194" sp="0.15000" color="gray" opacity="100"/>
<line xp1="11.34488" yp1="81.15194" xp2="11.37372" yp2="81.17497" sp="0.15000" color="gray" opacity="100"/>
<line xp1="11.37372" yp1="81.17497" xp2="11.39855" yp2="81.21654" sp="0.15000" color="gray" opacity="100"/>
<line xp1="11.39855" yp1="81.21654" xp2="11.70332" yp2="80.88411" sp="0.15000" color="gray" opacity="100"/>
<line xp1="11.70332" yp1="80.88411" xp2="11.72586" yp2="80.81349" sp="0.15000" color="gray" opacity="100"/>
<line xp1="11.72586" yp1="80.81349" xp2="11.69615" yp2="80.68051" sp="0.15000" color="gray" opacity="100"/>
<line xp1="11.69615" yp1="80.68051" xp2="11.66815" yp2="80.70594" sp="0.15000" color="gray" opacity="100"/>
<line xp1="11.66815" yp1="80.70594" xp2="11.63997" yp2="80.72894" sp="0.15000" color="gray" opacity="100"/>
<line xp1="11.63997" yp1="80.72894" xp2="11.60662" yp2="80.72857" sp="0.15000" color="gray" opacity="100"/>
<line xp1="11.60662" yp1="80.72857" xp2="11.54102" yp2="80.71546" sp="0.15000" color="gray" opacity="100"/>
<line xp1="11.54102" yp1="80.71546" xp2="11.50663" yp2="80.67437" sp="0.15000" color="gray" opacity="100"/>
<line xp1="11.50663" yp1="80.67437" xp2="11.49058" yp2="80.58609" sp="0.15000" color="gray" opacity="100"/>
<line xp1="11.49058" yp1="80.58609" xp2="11.49466" yp2="80.52257" sp="0.15000" color="gray" opacity="100"/>
<line xp1="11.49466" yp1="80.52257" xp2="11.53782" yp2="80.36883" sp="0.15000" color="gray" opacity="100"/>
<line xp1="11.53782" yp1="80.36883" xp2="11.61323" yp2="80.32857" sp="0.15000" color="gray" opacity="100"/>
<line xp1="11.61323" yp1="80.32857" xp2="11.64617" yp2="80.34203" sp="0.15000" color="gray" opacity="100"/>
<line xp1="11.64617" yp1="80.34203" xp2="11.62031" yp2="80.38171" sp="0.15000" color="gray" opacity="100"/>
<line xp1="11.62031" yp1="80.38171" xp2="11.58460" yp2="80.48549" sp="0.15000" color="gray" opacity="100"/>
<line xp1="11.58460" yp1="80.48549" xp2="11.62674" yp2="80.64440" sp="0.15000" color="gray" opacity="100"/>
<line xp1="11.62674" yp1="80.64440" xp2="11.73169" yp2="80.60980" sp="0.15000" color="gray" opacity="100"/>
<line xp1="11.73169" yp1="80.60980" xp2="11.81452" yp2="80.21191" sp="0.15000" color="gray" opacity="100"/>
<line xp1="11.81452" yp1="80.21191" xp2="11.85985" yp2="79.88054" sp="0.15000" color="gray" opacity="100"/>
<line xp1="11.85985" yp1="79.88054" xp2="11.73292" yp2="79.52100" sp="0.15000" color="gray" opacity="100"/>
<line xp1="11.73292" yp1="79.52100" xp2="11.66412" yp2="79.06349" sp="0.15000" color="gray" opacity="100"/>
<line xp1="11.66412" yp1="79.06349" xp2="11.69443" yp2="78.81823" sp="0.15000" color="gray" opacity="100"/>
<line xp1="11.69443" yp1="78.81823" xp2="11.71517" yp2="78.70474" sp="0.15000" color="gray" opacity="100"/>
<line xp1="11.71517" yp1="78.70474" xp2="11.76711" yp2="78.52934" sp="0.15000" color="gray" opacity="100"/>
<line xp1="11.76711" yp1="78.52934" xp2="11.83143" yp2="78.29877" sp="0.15000" color="gray" opacity="100"/>
<line xp1="11.83143" yp1="78.29877" xp2="11.82532" yp2="78.20511" sp="0.15000" color="gray" opacity="100"/>
<line xp1="11.82532" yp1="78.20511" xp2="11.66708" yp2="78.04203" sp="0.15000" color="gray" opacity="100"/>
<line xp1="11.66708" yp1="78.04203" xp2="11.60128" yp2="77.99366" sp="0.15000" color="gray" opacity="100"/>
<line xp1="11.60128" yp1="77.99366" xp2="11.49678" yp2="77.93091" sp="0.15000" color="gray" opacity="100"/>
<line xp1="11.49678" yp1="77.93091" xp2="11.43803" yp2="77.78409" sp="0.15000" color="gray" opacity="100"/>
<line xp1="11.43803" yp1="77.78409" xp2="11.39788" yp2="77.69680" sp="0.15000" color="gray" opacity="100"/>
<line xp1="11.39788" yp1="77.69680" xp2="11.36922" yp2="77.63649" sp="0.15000" color="gray" opacity="100"/>
<line xp1="11.36922" yp1="77.63649" xp2="11.32351" yp2="77.57694" sp="0.15000" color="gray" opacity="100"/>
<line xp1="11.32351" yp1="77.57694" xp2="11.20468" yp2="77.48649" sp="0.15000" color="gray" opacity="100"/>
<line xp1="11.20468" yp1="77.48649" xp2="11.08805" yp2="77.66426" sp="0.15000" color="gray" opacity="100"/>
<line xp1="11.08805" yp1="77.66426" xp2="11.00748" yp2="77.64283" sp="0.15000" color="gray" opacity="100"/>
<line xp1="11.00748" yp1="77.64283" xp2="10.94552" yp2="77.58986" sp="0.15000" color="gray" opacity="100"/>
<line xp1="10.94552" yp1="77.58986" xp2="10.95600" yp2="77.32617" sp="0.15000" color="gray" opacity="100"/>
<line xp1="10.95600" yp1="77.32617" xp2="10.92158" yp2="77.33254" sp="0.15000" color="gray" opacity="100"/>
<line xp1="10.92158" yp1="77.33254" xp2="10.84400" yp2="77.52854" sp="0.15000" color="gray" opacity="100"/>
<line xp1="10.84400" yp1="77.52854" xp2="10.72992" yp2="77.49760" sp="0.15000" color="gray" opacity="100"/>
<line xp1="10.72992" yp1="77.49760" xp2="10.66945" yp2="77.46823" sp="0.15000" color="gray" opacity="100"/>
<line xp1="10.66945" yp1="77.46823" xp2="10.67297" yp2="77.58846" sp="0.15000" color="gray" opacity="100"/>
<line xp1="10.67297" yp1="77.58846" xp2="10.73032" yp2="77.62774" sp="0.15000" color="gray" opacity="100"/>
<line xp1="10.73032" yp1="77.62774" xp2="10.79989" yp2="77.65851" sp="0.15000" color="gray" opacity="100"/>
<line xp1="10.79989" yp1="77.65851" xp2="10.86218" yp2="77.73054" sp="0.15000" color="gray" opacity="100"/>
<line xp1="10.86218" yp1="77.73054" xp2="10.88174" yp2="77.85906" sp="0.15000" color="gray" opacity="100"/>
<line xp1="10.88174" yp1="77.85906" xp2="10.89691" yp2="77.95571" sp="0.15000" color="gray" opacity="100"/>
<line xp1="10.89691" yp1="77.95571" xp2="10.91858" yp2="78.00000" sp="0.15000" color="gray" opacity="100"/>
<line xp1="10.91858" yp1="78.00000" xp2="11.00538" yp2="78.03760" sp="0.15000" color="gray" opacity="100"/>
<line xp1="11.00538" yp1="78.03760" xp2="11.05769" yp2="78.19363" sp="0.15000" color="gray" opacity="100"/>
<line xp1="11.05769" yp1="78.19363" xp2="11.08077" yp2="78.27220" sp="0.15000" color="gray" opacity="100"/>
<line xp1="11.08077" yp1="78.27220" xp2="11.12275" yp2="78.20591" sp="0.15000" color="gray" opacity="100"/>
<line xp1="11.12275" yp1="78.20591" xp2="11.12680" yp2="78.05851" sp="0.15000" color="gray" opacity="100"/>
<line xp1="11.12680" yp1="78.05851" xp2="11.08394" yp2="77.97783" sp="0.15000" color="gray" opacity="100"/>
<line xp1="11.08394" yp1="77.97783" xp2="11.05963" yp2="77.91586" sp="0.15000" color="gray" opacity="100"/>
<line xp1="11.05963" yp1="77.91586" xp2="11.09165" yp2="77.77894" sp="0.15000" color="gray" opacity="100"/>
<line xp1="11.09165" yp1="77.77894" xp2="11.12135" yp2="77.71903" sp="0.15000" color="gray" opacity="100"/>
<line xp1="11.12135" yp1="77.71903" xp2="11.15545" yp2="77.68371" sp="0.15000" color="gray" opacity="100"/>
<line xp1="11.15545" yp1="77.68371" xp2="11.18675" yp2="77.74837" sp="0.15000" color="gray" opacity="100"/>
<line xp1="11.18675" yp1="77.74837" xp2="11.20903" yp2="77.86466" sp="0.15000" color="gray" opacity="100"/>
<line xp1="11.20903" yp1="77.86466" xp2="11.16454" yp2="77.97360" sp="0.15000" color="gray" opacity="100"/>
<line xp1="11.16454" yp1="77.97360" xp2="11.21603" yp2="78.15871" sp="0.15000" color="gray" opacity="100"/>
<line xp1="11.21603" yp1="78.15871" xp2="11.35514" yp2="78.34443" sp="0.15000" color="gray" opacity="100"/>
<line xp1="11.35514" yp1="78.34443" xp2="11.36357" yp2="78.26980" sp="0.15000" color="gray" opacity="100"/>
<line xp1="11.36357" yp1="78.26980" xp2="11.31562" yp2="78.13966" sp="0.15000" color="gray" opacity="100"/>
<line xp1="11.31562" yp1="78.13966" xp2="11.27245" yp2="78.06217" sp="0.15000" color="gray" opacity="100"/>
<line xp1="11.27245" yp1="78.06217" xp2="11.42906" yp2="77.93926" sp="0.15000" color="gray" opacity="100"/>
<line xp1="11.42906" yp1="77.93926" xp2="11.46497" yp2="77.96586" sp="0.15000" color="gray" opacity="100"/>
<line xp1="11.46497" yp1="77.96586" xp2="11.52520" yp2="78.57300" sp="0.15000" color="gray" opacity="100"/>
<line xp1="11.52520" yp1="78.57300" xp2="11.48228" yp2="78.83766" sp="0.15000" color="gray" opacity="100"/>
<line xp1="11.48228" yp1="78.83766" xp2="11.42292" yp2="78.79609" sp="0.15000" color="gray" opacity="100"/>
<line xp1="11.42292" yp1="78.79609" xp2="11.38034" yp2="78.74760" sp="0.15000" color="gray" opacity="100"/>
<line xp1="11.38034" yp1="78.74760" xp2="11.28718" yp2="78.70197" sp="0.15000" color="gray" opacity="100"/>
<line xp1="11.28718" yp1="78.70197" xp2="11.26025" yp2="78.96923" sp="0.15000" color="gray" opacity="100"/>
<line xp1="11.26025" yp1="78.96923" xp2="11.27523" yp2="79.02457" sp="0.15000" color="gray" opacity="100"/>
<line xp1="11.27523" yp1="79.02457" xp2="11.29937" yp2="78.96703" sp="0.15000" color="gray" opacity="100"/>
<line xp1="11.29937" yp1="78.96703" xp2="11.32543" yp2="78.91306" sp="0.15000" color="gray" opacity="100"/>
<line xp1="11.32543" yp1="78.91306" xp2="11.38755" yp2="78.88126" sp="0.15000" color="gray" opacity="100"/>
<line xp1="11.38755" yp1="78.88126" xp2="11.39477" yp2="78.97254" sp="0.15000" color="gray" opacity="100"/>
<line xp1="11.39477" yp1="78.97254" xp2="11.38698" yp2="79.16189" sp="0.15000" color="gray" opacity="100"/>
<line xp1="11.38698" yp1="79.16189" xp2="11.47435" yp2="79.26349" sp="0.15000" color="gray" opacity="100"/>
<line xp1="11.47435" yp1="79.26349" xp2="11.59995" yp2="79.32497" sp="0.15000" color="gray" opacity="100"/>
<line xp1="11.59995" yp1="79.32497" xp2="11.51677" yp2="79.77734" sp="0.15000" color="gray" opacity="100"/>
<line xp1="11.51677" yp1="79.77734" xp2="11.43762" yp2="79.82297" sp="0.15000" color="gray" opacity="100"/>
<line xp1="11.43762" yp1="79.82297" xp2="11.18654" yp2="79.27934" sp="0.15000" color="gray" opacity="100"/>
<line xp1="11.18654" yp1="79.27934" xp2="11.17523" yp2="79.20474" sp="0.15000" color="gray" opacity="100"/>
<line xp1="11.17523" yp1="79.20474" xp2="11.02135" yp2="79.01900" sp="0.15000" color="gray" opacity="100"/>
<line xp1="11.02135" yp1="79.01900" xp2="10.91795" yp2="78.95514" sp="0.15000" color="gray" opacity="100"/>
<line xp1="10.91795" yp1="78.95514" xp2="10.85771" yp2="78.87974" sp="0.15000" color="gray" opacity="100"/>
<line xp1="10.85771" yp1="78.87974" xp2="10.76963" yp2="78.70077" sp="0.15000" color="gray" opacity="100"/>
<line xp1="10.76963" yp1="78.70077" xp2="10.63974" yp2="78.40871" sp="0.15000" color="gray" opacity="100"/>
<line xp1="10.63974" yp1="78.40871" xp2="10.61923" yp2="78.28809" sp="0.15000" color="gray" opacity="100"/>
<line xp1="10.61923" yp1="78.28809" xp2="10.73078" yp2="78.22854" sp="0.15000" color="gray" opacity="100"/>
<line xp1="10.73078" yp1="78.22854" xp2="10.77540" yp2="78.25791" sp="0.15000" color="gray" opacity="100"/>
<line xp1="10.77540" yp1="78.25791" xp2="10.83888" yp2="78.31426" sp="0.15000" color="gray" opacity="100"/>
<line xp1="10.83888" yp1="78.31426" xp2="10.89529" yp2="78.36029" sp="0.15000" color="gray" opacity="100"/>
<line xp1="10.89529" yp1="78.36029" xp2="10.97523" yp2="78.41506" sp="0.15000" color="gray" opacity="100"/>
<line xp1="10.97523" yp1="78.41506" xp2="11.01442" yp2="78.42089" sp="0.15000" color="gray" opacity="100"/>
<line xp1="11.01442" yp1="78.42089" xp2="10.95983" yp2="78.32854" sp="0.15000" color="gray" opacity="100"/>
<line xp1="10.95983" yp1="78.32854" xp2="10.91583" yp2="78.29677" sp="0.15000" color="gray" opacity="100"/>
<line xp1="10.91583" yp1="78.29677" xp2="10.75898" yp2="78.19563" sp="0.15000" color="gray" opacity="100"/>
<line xp1="10.75898" yp1="78.19563" xp2="10.60942" yp2="78.16109" sp="0.15000" color="gray" opacity="100"/>
<line xp1="10.60942" yp1="78.16109" xp2="10.56966" yp2="78.16983" sp="0.15000" color="gray" opacity="100"/>
<line xp1="10.56966" yp1="78.16983" xp2="10.54166" yp2="78.20471" sp="0.15000" color="gray" opacity="100"/>
<line xp1="10.54166" yp1="78.20471" xp2="10.60855" yp2="78.48411" sp="0.15000" color="gray" opacity="100"/>
<line xp1="10.60855" yp1="78.48411" xp2="10.74272" yp2="78.77063" sp="0.15000" color="gray" opacity="100"/>
<line xp1="10.74272" yp1="78.77063" xp2="10.79402" yp2="78.86586" sp="0.15000" color="gray" opacity="100"/>
<line xp1="10.79402" yp1="78.86586" xp2="10.82092" yp2="78.91029" sp="0.15000" color="gray" opacity="100"/>
<line xp1="10.82092" yp1="78.91029" xp2="10.90043" yp2="79.02457" sp="0.15000" color="gray" opacity="100"/>
<line xp1="10.90043" yp1="79.02457" xp2="10.93248" yp2="79.07854" sp="0.15000" color="gray" opacity="100"/>
<line xp1="10.93248" yp1="79.07854" xp2="10.96091" yp2="79.15354" sp="0.15000" color="gray" opacity="100"/>
<line xp1="10.96091" yp1="79.15354" xp2="10.99831" yp2="79.28969" sp="0.15000" color="gray" opacity="100"/>
<line xp1="10.99831" yp1="79.28969" xp2="11.01238" yp2="79.38014" sp="0.15000" color="gray" opacity="100"/>
<line xp1="11.01238" yp1="79.38014" xp2="11.00086" yp2="79.44600" sp="0.15000" color="gray" opacity="100"/>
<line xp1="11.00086" yp1="79.44600" xp2="11.00109" yp2="79.51823" sp="0.15000" color="gray" opacity="100"/>
<line xp1="11.00109" yp1="79.51823" xp2="11.08462" yp2="79.60077" sp="0.15000" color="gray" opacity="100"/>
<line xp1="11.08462" yp1="79.60077" xp2="11.10042" yp2="79.52143" sp="0.15000" color="gray" opacity="100"/>
<line xp1="11.10042" yp1="79.52143" xp2="11.10791" yp2="79.46346" sp="0.15000" color="gray" opacity="100"/>
<line xp1="11.10791" yp1="79.46346" xp2="11.09529" yp2="79.33014" sp="0.15000" color="gray" opacity="100"/>
<line xp1="11.09529" yp1="79.33014" xp2="11.15728" yp2="79.32300" sp="0.15000" color="gray" opacity="100"/>
<line xp1="11.15728" yp1="79.32300" xp2="11.27435" yp2="79.59126" sp="0.15000" color="gray" opacity="100"/>
<line xp1="11.27435" yp1="79.59126" xp2="11.33803" yp2="79.75951" sp="0.15000" color="gray" opacity="100"/>
<line xp1="11.33803" yp1="79.75951" xp2="11.26357" yp2="79.96366" sp="0.15000" color="gray" opacity="100"/>
<line xp1="11.26357" yp1="79.96366" xp2="11.20938" yp2="80.02937" sp="0.15000" color="gray" opacity="100"/>
<line xp1="11.20938" yp1="80.02937" xp2="11.11068" yp2="80.25791" sp="0.15000" color="gray" opacity="100"/>
<line xp1="11.11068" yp1="80.25791" xp2="11.11154" yp2="80.31566" sp="0.15000" color="gray" opacity="100"/>
<line xp1="11.11154" yp1="80.31566" xp2="11.15846" yp2="80.36526" sp="0.15000" color="gray" opacity="100"/>
<line xp1="11.15846" yp1="80.36526" xp2="11.15472" yp2="80.43986" sp="0.15000" color="gray" opacity="100"/>
<line xp1="11.15472" yp1="80.43986" xp2="11.10511" yp2="80.45154" sp="0.15000" color="gray" opacity="100"/>
<line xp1="11.10511" yp1="80.45154" xp2="11.03803" yp2="80.41706" sp="0.15000" color="gray" opacity="100"/>
<line xp1="11.03803" yp1="80.41706" xp2="11.00534" yp2="80.38849" sp="0.15000" color="gray" opacity="100"/>
<line xp1="11.00534" yp1="80.38849" xp2="10.97225" yp2="80.32083" sp="0.15000" color="gray" opacity="100"/>
<line xp1="10.97225" yp1="80.32083" xp2="10.81538" yp2="80.32380" sp="0.15000" color="gray" opacity="100"/>
<line xp1="10.81538" yp1="80.32380" xp2="10.59497" yp2="80.54560" sp="0.15000" color="gray" opacity="100"/>
<line xp1="10.59497" yp1="80.54560" xp2="10.54360" yp2="80.51269" sp="0.15000" color="gray" opacity="100"/>
<line xp1="10.54360" yp1="80.51269" xp2="10.48037" yp2="80.45474" sp="0.15000" color="gray" opacity="100"/>
<line xp1="10.48037" yp1="80.45474" xp2="10.44743" yp2="80.40671" sp="0.15000" color="gray" opacity="100"/>
<line xp1="10.44743" yp1="80.40671" xp2="10.39583" yp2="80.36980" sp="0.15000" color="gray" opacity="100"/>
<line xp1="10.39583" yp1="80.36980" xp2="10.22434" yp2="80.36743" sp="0.15000" color="gray" opacity="100"/>
<line xp1="10.22434" yp1="80.36743" xp2="10.15171" yp2="80.37697" sp="0.15000" color="gray" opacity="100"/>
<line xp1="10.15171" yp1="80.37697" xp2="9.98629" yp2="80.42380" sp="0.15000" color="gray" opacity="100"/>
<line xp1="9.98629" yp1="80.42380" xp2="9.73248" yp2="80.48809" sp="0.15000" color="gray" opacity="100"/>
<line xp1="9.73248" yp1="80.48809" xp2="9.60254" yp2="80.47620" sp="0.15000" color="gray" opacity="100"/>
<line xp1="9.60254" yp1="80.47620" xp2="9.55898" yp2="80.47297" sp="0.15000" color="gray" opacity="100"/>
<line xp1="9.55898" yp1="80.47297" xp2="9.52777" yp2="80.47377" sp="0.15000" color="gray" opacity="100"/>
<line xp1="9.52777" yp1="80.47377" xp2="9.38888" yp2="80.49126" sp="0.15000" color="gray" opacity="100"/>
<line xp1="9.38888" yp1="80.49126" xp2="9.33120" yp2="80.50237" sp="0.15000" color="gray" opacity="100"/>
<line xp1="9.33120" yp1="80.50237" xp2="9.20469" yp2="80.53966" sp="0.15000" color="gray" opacity="100"/>
<line xp1="9.20469" yp1="80.53966" xp2="9.16878" yp2="80.55157" sp="0.15000" color="gray" opacity="100"/>
<line xp1="9.16878" yp1="80.55157" xp2="9.09968" yp2="80.60494" sp="0.15000" color="gray" opacity="100"/>
<line xp1="9.09968" yp1="80.60494" xp2="9.07802" yp2="80.66306" sp="0.15000" color="gray" opacity="100"/>
<line xp1="9.07802" yp1="80.66306" xp2="9.00771" yp2="80.71826" sp="0.15000" color="gray" opacity="100"/>
<line xp1="9.00771" yp1="80.71826" xp2="8.87351" yp2="80.78809" sp="0.15000" color="gray" opacity="100"/>
<line xp1="8.87351" yp1="80.78809" xp2="8.75471" yp2="80.81109" sp="0.15000" color="gray" opacity="100"/>
<line xp1="8.75471" yp1="80.81109" xp2="8.59103" yp2="80.90394" sp="0.15000" color="gray" opacity="100"/>
<line xp1="8.59103" yp1="80.90394" xp2="8.49402" yp2="80.97777" sp="0.15000" color="gray" opacity="100"/>
<line xp1="8.49402" yp1="80.97777" xp2="8.38974" yp2="81.06346" sp="0.15000" color="gray" opacity="100"/>
<line xp1="8.38974" yp1="81.06346" xp2="8.35985" yp2="81.08489" sp="0.15000" color="gray" opacity="100"/>
<line xp1="8.35985" yp1="81.08489" xp2="8.25042" yp2="81.14283" sp="0.15000" color="gray" opacity="100"/>
<line xp1="8.25042" yp1="81.14283" xp2="8.13183" yp2="81.13449" sp="0.15000" color="gray" opacity="100"/>
<line xp1="8.13183" yp1="81.13449" xp2="8.14508" yp2="81.06069" sp="0.15000" color="gray" opacity="100"/>
<line xp1="8.14508" yp1="81.06069" xp2="8.18160" yp2="80.72063" sp="0.15000" color="gray" opacity="100"/>
<line xp1="8.18160" yp1="80.72063" xp2="8.17352" yp2="80.52694" sp="0.15000" color="gray" opacity="100"/>
<line xp1="8.17352" yp1="80.52694" xp2="8.18249" yp2="80.36109" sp="0.15000" color="gray" opacity="100"/>
<line xp1="8.18249" yp1="80.36109" xp2="8.19615" yp2="80.18329" sp="0.15000" color="gray" opacity="100"/>
<line xp1="8.19615" yp1="80.18329" xp2="8.20278" yp2="80.11386" sp="0.15000" color="gray" opacity="100"/>
<line xp1="8.20278" yp1="80.11386" xp2="8.22203" yp2="79.99126" sp="0.15000" color="gray" opacity="100"/>
<line xp1="8.22203" yp1="79.99126" xp2="8.23888" yp2="79.92377" sp="0.15000" color="gray" opacity="100"/>
<line xp1="8.23888" yp1="79.92377" xp2="8.27971" yp2="79.78571" sp="0.15000" color="gray" opacity="100"/>
<line xp1="8.27971" yp1="79.78571" xp2="8.33995" yp2="79.67180" sp="0.15000" color="gray" opacity="100"/>
<line xp1="8.33995" yp1="79.67180" xp2="8.38655" yp2="79.66586" sp="0.15000" color="gray" opacity="100"/>
<line xp1="8.38655" yp1="79.66586" xp2="8.42222" yp2="79.63211" sp="0.15000" color="gray" opacity="100"/>
<line xp1="8.42222" yp1="79.63211" xp2="8.46325" yp2="79.57777" sp="0.15000" color="gray" opacity="100"/>
<line xp1="8.46325" yp1="79.57777" xp2="8.51815" yp2="79.49800" sp="0.15000" color="gray" opacity="100"/>
<line xp1="8.51815" yp1="79.49800" xp2="8.62308" yp2="79.22694" sp="0.15000" color="gray" opacity="100"/>
<line xp1="8.62308" yp1="79.22694" xp2="8.67802" yp2="79.04920" sp="0.15000" color="gray" opacity="100"/>
<line xp1="8.67802" yp1="79.04920" xp2="8.72735" yp2="78.67380" sp="0.15000" color="gray" opacity="100"/>
<line xp1="8.72735" yp1="78.67380" xp2="8.75811" yp2="78.38014" sp="0.15000" color="gray" opacity="100"/>
<line xp1="8.75811" yp1="78.38014" xp2="8.76817" yp2="78.20891" sp="0.15000" color="gray" opacity="100"/>
<line xp1="8.76817" yp1="78.20891" xp2="8.81965" yp2="78.11980" sp="0.15000" color="gray" opacity="100"/>
<line xp1="8.81965" yp1="78.11980" xp2="8.88015" yp2="78.03986" sp="0.15000" color="gray" opacity="100"/>
<line xp1="8.88015" yp1="78.03986" xp2="8.90940" yp2="77.94123" sp="0.15000" color="gray" opacity="100"/>
<line xp1="8.90940" yp1="77.94123" xp2="8.94872" yp2="77.77537" sp="0.15000" color="gray" opacity="100"/>
<line xp1="8.94872" yp1="77.77537" xp2="8.99528" yp2="77.40314" sp="0.15000" color="gray" opacity="100"/>
<line xp1="8.99528" yp1="77.40314" xp2="9.00212" yp2="77.31663" sp="0.15000" color="gray" opacity="100"/>
<line xp1="9.00212" yp1="77.31663" xp2="9.00169" yp2="77.23729" sp="0.15000" color="gray" opacity="100"/>
<line xp1="9.00169" yp1="77.23729" xp2="8.99658" yp2="77.16509" sp="0.15000" color="gray" opacity="100"/>
<line xp1="8.99658" yp1="77.16509" xp2="8.98846" yp2="77.07614" sp="0.15000" color="gray" opacity="100"/>
<line xp1="8.98846" yp1="77.07614" xp2="8.97822" yp2="76.98966" sp="0.15000" color="gray" opacity="100"/>
<line xp1="8.97822" yp1="76.98966" xp2="8.99606" yp2="76.97617" sp="0.15000" color="gray" opacity="100"/>
<line xp1="8.99606" yp1="76.97617" xp2="9.06058" yp2="77.07317" sp="0.15000" color="gray" opacity="100"/>
<line xp1="9.06058" yp1="77.07317" xp2="9.04232" yp2="77.14683" sp="0.15000" color="gray" opacity="100"/>
<line xp1="9.04232" yp1="77.14683" xp2="9.02478" yp2="77.26306" sp="0.15000" color="gray" opacity="100"/>
<line xp1="9.02478" yp1="77.26306" xp2="9.05908" yp2="77.31289" sp="0.15000" color="gray" opacity="100"/>
<line xp1="9.05908" yp1="77.31289" xp2="9.11538" yp2="77.33214" sp="0.15000" color="gray" opacity="100"/>
<line xp1="9.11538" yp1="77.33214" xp2="9.15258" yp2="77.32020" sp="0.15000" color="gray" opacity="100"/>
<line xp1="9.15258" yp1="77.32020" xp2="9.19702" yp2="77.27774" sp="0.15000" color="gray" opacity="100"/>
<line xp1="9.19702" yp1="77.27774" xp2="9.23012" yp2="77.21109" sp="0.15000" color="gray" opacity="100"/>
<line xp1="9.23012" yp1="77.21109" xp2="9.24732" yp2="77.14543" sp="0.15000" color="gray" opacity="100"/>
<line xp1="9.24732" yp1="77.14543" xp2="9.28931" yp2="77.11029" sp="0.15000" color="gray" opacity="100"/>
<line xp1="9.28931" yp1="77.11029" xp2="9.37052" yp2="77.11666" sp="0.15000" color="gray" opacity="100"/>
<line xp1="9.37052" yp1="77.11666" xp2="9.53654" yp2="77.07654" sp="0.15000" color="gray" opacity="100"/>
<line xp1="9.53654" yp1="77.07654" xp2="9.42780" yp2="77.00949" sp="0.15000" color="gray" opacity="100"/>
<line xp1="9.42780" yp1="77.00949" xp2="9.32478" yp2="76.96426" sp="0.15000" color="gray" opacity="100"/>
<line xp1="9.32478" yp1="76.96426" xp2="9.27394" yp2="76.95077" sp="0.15000" color="gray" opacity="100"/>
<line xp1="9.27394" yp1="76.95077" xp2="9.10426" yp2="76.81746" sp="0.15000" color="gray" opacity="100"/>
<line xp1="9.10426" yp1="76.81746" xp2="9.08075" yp2="76.74680" sp="0.15000" color="gray" opacity="100"/>
<line xp1="9.08075" yp1="76.74680" xp2="9.11058" yp2="76.42637" sp="0.15000" color="gray" opacity="100"/>
<line xp1="9.11058" yp1="76.42637" xp2="9.14831" yp2="76.38729" sp="0.15000" color="gray" opacity="100"/>
<line xp1="9.14831" yp1="76.38729" xp2="9.29337" yp2="76.35154" sp="0.15000" color="gray" opacity="100"/>
<line xp1="9.29337" yp1="76.35154" xp2="9.38012" yp2="76.40057" sp="0.15000" color="gray" opacity="100"/>
<line xp1="9.38012" yp1="76.40057" xp2="9.42072" yp2="76.44246" sp="0.15000" color="gray" opacity="100"/>
<line xp1="9.42072" yp1="76.44246" xp2="9.46668" yp2="76.41903" sp="0.15000" color="gray" opacity="100"/>
<line xp1="9.46668" yp1="76.41903" xp2="9.60083" yp2="76.24463" sp="0.15000" color="gray" opacity="100"/>
<line xp1="9.60083" yp1="76.24463" xp2="9.55429" yp2="76.22220" sp="0.15000" color="gray" opacity="100"/>
<line xp1="9.55429" yp1="76.22220" xp2="9.52265" yp2="76.27854" sp="0.15000" color="gray" opacity="100"/>
<line xp1="9.52265" yp1="76.27854" xp2="9.49102" yp2="76.32637" sp="0.15000" color="gray" opacity="100"/>
<line xp1="9.49102" yp1="76.32637" xp2="9.39195" yp2="76.24960" sp="0.15000" color="gray" opacity="100"/>
<line xp1="9.39195" yp1="76.24960" xp2="9.32180" yp2="76.10474" sp="0.15000" color="gray" opacity="100"/>
<line xp1="9.32180" yp1="76.10474" xp2="9.35108" yp2="76.05514" sp="0.15000" color="gray" opacity="100"/>
<line xp1="9.35108" yp1="76.05514" xp2="9.37457" yp2="76.01666" sp="0.15000" color="gray" opacity="100"/>
<line xp1="9.37457" yp1="76.01666" xp2="9.41231" yp2="75.89760" sp="0.15000" color="gray" opacity="100"/>
<line xp1="9.41231" yp1="75.89760" xp2="9.41666" yp2="75.80711" sp="0.15000" color="gray" opacity="100"/>
<line xp1="9.41666" yp1="75.80711" xp2="9.38548" yp2="75.55157" sp="0.15000" color="gray" opacity="100"/>
<line xp1="9.38548" yp1="75.55157" xp2="9.32117" yp2="75.40851" sp="0.15000" color="gray" opacity="100"/>
<line xp1="9.32117" yp1="75.40851" xp2="9.25620" yp2="75.41089" sp="0.15000" color="gray" opacity="100"/>
<line xp1="9.25620" yp1="75.41089" xp2="9.20994" yp2="75.71089" sp="0.15000" color="gray" opacity="100"/>
<line xp1="9.20994" yp1="75.71089" xp2="9.20978" yp2="75.83491" sp="0.15000" color="gray" opacity="100"/>
<line xp1="9.20978" yp1="75.83491" xp2="9.22275" yp2="75.92677" sp="0.15000" color="gray" opacity="100"/>
<line xp1="9.22275" yp1="75.92677" xp2="9.20254" yp2="76.16069" sp="0.15000" color="gray" opacity="100"/>
<line xp1="9.20254" yp1="76.16069" xp2="9.17115" yp2="76.16189" sp="0.15000" color="gray" opacity="100"/>
<line xp1="9.17115" yp1="76.16189" xp2="9.15386" yp2="76.07180" sp="0.15000" color="gray" opacity="100"/>
<line xp1="9.15386" yp1="76.07180" xp2="9.17178" yp2="75.45631" sp="0.15000" color="gray" opacity="100"/>
<line xp1="9.17178" yp1="75.45631" xp2="9.23077" yp2="75.21031" sp="0.15000" color="gray" opacity="100"/>
<line xp1="9.23077" yp1="75.21031" xp2="9.39617" yp2="75.04483" sp="0.15000" color="gray" opacity="100"/>
<line xp1="9.39617" yp1="75.04483" xp2="9.44926" yp2="75.03014" sp="0.15000" color="gray" opacity="100"/>
<line xp1="9.44926" yp1="75.03014" xp2="9.50425" yp2="75.06506" sp="0.15000" color="gray" opacity="100"/>
<line xp1="9.50425" yp1="75.06506" xp2="9.63506" yp2="75.12537" sp="0.15000" color="gray" opacity="100"/>
<line xp1="9.63506" yp1="75.12537" xp2="9.70214" yp2="75.14440" sp="0.15000" color="gray" opacity="100"/>
<line xp1="9.70214" yp1="75.14440" xp2="9.76046" yp2="75.12063" sp="0.15000" color="gray" opacity="100"/>
<line xp1="9.76046" yp1="75.12063" xp2="9.81518" yp2="75.07537" sp="0.15000" color="gray" opacity="100"/>
<line xp1="9.81518" yp1="75.07537" xp2="9.86217" yp2="75.06466" sp="0.15000" color="gray" opacity="100"/>
<line xp1="9.86217" yp1="75.06466" xp2="9.92586" yp2="75.07100" sp="0.15000" color="gray" opacity="100"/>
<line xp1="9.92586" yp1="75.07100" xp2="9.97178" yp2="75.08966" sp="0.15000" color="gray" opacity="100"/>
<line xp1="9.97178" yp1="75.08966" xp2="10.01923" yp2="75.10631" sp="0.15000" color="gray" opacity="100"/>
<line xp1="10.01923" yp1="75.10631" xp2="10.05938" yp2="75.11269" sp="0.15000" color="gray" opacity="100"/>
<line xp1="10.05938" yp1="75.11269" xp2="10.10706" yp2="75.10554" sp="0.15000" color="gray" opacity="100"/>
<line xp1="10.10706" yp1="75.10554" xp2="10.13963" yp2="75.06486" sp="0.15000" color="gray" opacity="100"/>
<line xp1="10.13963" yp1="75.06486" xp2="10.16451" yp2="74.97617" sp="0.15000" color="gray" opacity="100"/>
<line xp1="10.16451" yp1="74.97617" xp2="10.19788" yp2="74.92220" sp="0.15000" color="gray" opacity="100"/>
<line xp1="10.19788" yp1="74.92220" xp2="10.31497" yp2="74.79243" sp="0.15000" color="gray" opacity="100"/>
<line xp1="10.31497" yp1="74.79243" xp2="10.37180" yp2="74.77577" sp="0.15000" color="gray" opacity="100"/>
<line xp1="10.37180" yp1="74.77577" xp2="10.51757" yp2="74.84340" sp="0.15000" color="gray" opacity="100"/>
<line xp1="10.51757" yp1="74.84340" xp2="10.45555" yp2="74.74520" sp="0.15000" color="gray" opacity="100"/>
<line xp1="10.45555" yp1="74.74520" xp2="10.39723" yp2="74.70237" sp="0.15000" color="gray" opacity="100"/>
<line xp1="10.39723" yp1="74.70237" xp2="10.36389" yp2="74.69957" sp="0.15000" color="gray" opacity="100"/>
<line xp1="10.36389" yp1="74.69957" xp2="10.20408" yp2="74.75114" sp="0.15000" color="gray" opacity="100"/>
<line xp1="10.20408" yp1="74.75114" xp2="10.15597" yp2="74.78571" sp="0.15000" color="gray" opacity="100"/>
<line xp1="10.15597" yp1="74.78571" xp2="10.12843" yp2="74.81863" sp="0.15000" color="gray" opacity="100"/>
<line xp1="10.12843" yp1="74.81863" xp2="10.10802" yp2="74.88191" sp="0.15000" color="gray" opacity="100"/>
<line xp1="10.10802" yp1="74.88191" xp2="10.03942" yp2="74.98986" sp="0.15000" color="gray" opacity="100"/>
<line xp1="10.03942" yp1="74.98986" xp2="9.99038" yp2="75.00037" sp="0.15000" color="gray" opacity="100"/>
<line xp1="9.99038" yp1="75.00037" xp2="9.94528" yp2="74.97100" sp="0.15000" color="gray" opacity="100"/>
<line xp1="9.94528" yp1="74.97100" xp2="9.91688" yp2="74.92814" sp="0.15000" color="gray" opacity="100"/>
<line xp1="9.91688" yp1="74.92814" xp2="9.85234" yp2="74.86426" sp="0.15000" color="gray" opacity="100"/>
<line xp1="9.85234" yp1="74.86426" xp2="9.68891" yp2="74.82297" sp="0.15000" color="gray" opacity="100"/>
<line xp1="9.68891" yp1="74.82297" xp2="9.49403" yp2="74.82934" sp="0.15000" color="gray" opacity="100"/>
<line xp1="9.49403" yp1="74.82934" xp2="9.34317" yp2="74.89840" sp="0.15000" color="gray" opacity="100"/>
<line xp1="9.34317" yp1="74.89840" xp2="9.30471" yp2="74.80314" sp="0.15000" color="gray" opacity="100"/>
<line xp1="9.30471" yp1="74.80314" xp2="9.34254" yp2="74.66663" sp="0.15000" color="gray" opacity="100"/>
<line xp1="9.34254" yp1="74.66663" xp2="9.35854" yp2="74.55869" sp="0.15000" color="gray" opacity="100"/>
<line xp1="9.35854" yp1="74.55869" xp2="9.36688" yp2="74.47340" sp="0.15000" color="gray" opacity="100"/>
<line xp1="9.36688" yp1="74.47340" xp2="9.37052" yp2="74.37260" sp="0.15000" color="gray" opacity="100"/>
<line xp1="9.37052" yp1="74.37260" xp2="9.35909" yp2="74.27874" sp="0.15000" color="gray" opacity="100"/>
<line xp1="9.35909" yp1="74.27874" xp2="9.32778" yp2="73.98491" sp="0.15000" color="gray" opacity="100"/>
<line xp1="9.32778" yp1="73.98491" xp2="9.30769" yp2="73.73171" sp="0.15000" color="gray" opacity="100"/>
<line xp1="9.30769" yp1="73.73171" xp2="9.30511" yp2="73.61666" sp="0.15000" color="gray" opacity="100"/>
<line xp1="9.30511" yp1="73.61666" xp2="9.33889" yp2="73.51980" sp="0.15000" color="gray" opacity="100"/>
<line xp1="9.33889" yp1="73.51980" xp2="9.37735" yp2="73.45474" sp="0.15000" color="gray" opacity="100"/>
<line xp1="9.37735" yp1="73.45474" xp2="9.38417" yp2="73.35631" sp="0.15000" color="gray" opacity="100"/>
<line xp1="9.38417" yp1="73.35631" xp2="9.33675" yp2="73.11983" sp="0.15000" color="gray" opacity="100"/>
<line xp1="9.33675" yp1="73.11983" xp2="9.39628" yp2="73.06457" sp="0.15000" color="gray" opacity="100"/>
<line xp1="9.39628" yp1="73.06457" xp2="9.42829" yp2="72.93994" sp="0.15000" color="gray" opacity="100"/>
<line xp1="9.42829" yp1="72.93994" xp2="9.31677" yp2="72.91597" sp="0.15000" color="gray" opacity="100"/>
<line xp1="9.31677" yp1="72.91597" xp2="9.31582" yp2="72.74600" sp="0.15000" color="gray" opacity="100"/>
<line xp1="9.31582" yp1="72.74600" xp2="9.29849" yp2="72.04440" sp="0.15000" color="gray" opacity="100"/>
<line xp1="9.29849" yp1="72.04440" xp2="9.31572" yp2="71.94243" sp="0.15000" color="gray" opacity="100"/>
<line xp1="9.31572" yp1="71.94243" xp2="9.23846" yp2="71.36506" sp="0.15000" color="gray" opacity="100"/>
<line xp1="9.23846" yp1="71.36506" xp2="9.22605" yp2="71.28331" sp="0.15000" color="gray" opacity="100"/>
<line xp1="9.22605" yp1="71.28331" xp2="9.19614" yp2="71.10554" sp="0.15000" color="gray" opacity="100"/>
<line xp1="9.19614" yp1="71.10554" xp2="9.14638" yp2="70.96266" sp="0.15000" color="gray" opacity="100"/>
<line xp1="9.14638" yp1="70.96266" xp2="9.13934" yp2="70.82857" sp="0.15000" color="gray" opacity="100"/>
<line xp1="9.13934" yp1="70.82857" xp2="9.15386" yp2="70.76983" sp="0.15000" color="gray" opacity="100"/>
<line xp1="9.15386" yp1="70.76983" xp2="9.16774" yp2="70.68331" sp="0.15000" color="gray" opacity="100"/>
<line xp1="9.16774" yp1="70.68331" xp2="9.15728" yp2="70.35831" sp="0.15000" color="gray" opacity="100"/>
<line xp1="9.15728" yp1="70.35831" xp2="9.14169" yp2="70.27814" sp="0.15000" color="gray" opacity="100"/>
<line xp1="9.14169" yp1="70.27814" xp2="9.12606" yp2="70.06466" sp="0.15000" color="gray" opacity="100"/>
<line xp1="9.12606" yp1="70.06466" xp2="9.06111" yp2="69.00474" sp="0.15000" color="gray" opacity="100"/>
<line xp1="9.06111" yp1="69.00474" xp2="9.02865" yp2="68.34523" sp="0.15000" color="gray" opacity="100"/>
<line xp1="9.02865" yp1="68.34523" xp2="8.99403" yp2="67.98251" sp="0.15000" color="gray" opacity="100"/>
<line xp1="8.99403" yp1="67.98251" xp2="9.02391" yp2="67.87063" sp="0.15000" color="gray" opacity="100"/>
<line xp1="9.02391" yp1="67.87063" xp2="9.05257" yp2="67.78649" sp="0.15000" color="gray" opacity="100"/>
<line xp1="9.05257" yp1="67.78649" xp2="8.94272" yp2="67.64123" sp="0.15000" color="gray" opacity="100"/>
<line xp1="8.94272" yp1="67.64123" xp2="8.91732" yp2="67.53251" sp="0.15000" color="gray" opacity="100"/>
<line xp1="8.91732" yp1="67.53251" xp2="8.90428" yp2="67.41903" sp="0.15000" color="gray" opacity="100"/>
<line xp1="8.90428" yp1="67.41903" xp2="8.88888" yp2="67.32220" sp="0.15000" color="gray" opacity="100"/>
<line xp1="8.88888" yp1="67.32220" xp2="8.80385" yp2="66.96980" sp="0.15000" color="gray" opacity="100"/>
<line xp1="8.80385" yp1="66.96980" xp2="8.77734" yp2="66.88409" sp="0.15000" color="gray" opacity="100"/>
<line xp1="8.77734" yp1="66.88409" xp2="8.76540" yp2="66.85869" sp="0.15000" color="gray" opacity="100"/>
<line xp1="8.76540" yp1="66.85869" xp2="8.79215" yp2="66.86623" sp="0.15000" color="gray" opacity="100"/>
<line xp1="8.79215" yp1="66.86623" xp2="8.82503" yp2="66.90189" sp="0.15000" color="gray" opacity="100"/>
<line xp1="8.82503" yp1="66.90189" xp2="8.86451" yp2="66.96711" sp="0.15000" color="gray" opacity="100"/>
<line xp1="8.86451" yp1="66.96711" xp2="8.92777" yp2="67.01743" sp="0.15000" color="gray" opacity="100"/>
<line xp1="8.92777" yp1="67.01743" xp2="9.01109" yp2="66.77626" sp="0.15000" color="gray" opacity="100"/>
<line xp1="9.01109" yp1="66.77626" xp2="8.94082" yp2="66.79480" sp="0.15000" color="gray" opacity="100"/>
<line xp1="8.94082" yp1="66.79480" xp2="8.91283" yp2="66.83529" sp="0.15000" color="gray" opacity="100"/>
<line xp1="8.91283" yp1="66.83529" xp2="8.84912" yp2="66.84523" sp="0.15000" color="gray" opacity="100"/>
<line xp1="8.84912" yp1="66.84523" xp2="8.71668" yp2="66.72886" sp="0.15000" color="gray" opacity="100"/>
<line xp1="8.71668" yp1="66.72886" xp2="8.64842" yp2="66.62577" sp="0.15000" color="gray" opacity="100"/>
<line xp1="8.64842" yp1="66.62577" xp2="8.65643" yp2="66.54046" sp="0.15000" color="gray" opacity="100"/>
<line xp1="8.65643" yp1="66.54046" xp2="8.66154" yp2="66.46983" sp="0.15000" color="gray" opacity="100"/>
<line xp1="8.66154" yp1="66.46983" xp2="8.63460" yp2="66.25394" sp="0.15000" color="gray" opacity="100"/>
<line xp1="8.63460" yp1="66.25394" xp2="8.57437" yp2="65.83054" sp="0.15000" color="gray" opacity="100"/>
<line xp1="8.57437" yp1="65.83054" xp2="8.50300" yp2="65.61346" sp="0.15000" color="gray" opacity="100"/>
<line xp1="8.50300" yp1="65.61346" xp2="8.47949" yp2="65.54760" sp="0.15000" color="gray" opacity="100"/>
<line xp1="8.47949" yp1="65.54760" xp2="8.45555" yp2="65.49997" sp="0.15000" color="gray" opacity="100"/>
<line xp1="8.45555" yp1="65.49997" xp2="8.43868" yp2="65.44483" sp="0.15000" color="gray" opacity="100"/>
<line xp1="8.43868" yp1="65.44483" xp2="8.42394" yp2="65.33171" sp="0.15000" color="gray" opacity="100"/>
<line xp1="8.42394" yp1="65.33171" xp2="8.42778" yp2="65.22460" sp="0.15000" color="gray" opacity="100"/>
<line xp1="8.42778" yp1="65.22460" xp2="8.49018" yp2="64.99443" sp="0.15000" color="gray" opacity="100"/>
<line xp1="8.49018" yp1="64.99443" xp2="8.56454" yp2="64.84243" sp="0.15000" color="gray" opacity="100"/>
<line xp1="8.56454" yp1="64.84243" xp2="8.59660" yp2="64.80751" sp="0.15000" color="gray" opacity="100"/>
<line xp1="8.59660" yp1="64.80751" xp2="8.62671" yp2="64.76029" sp="0.15000" color="gray" opacity="100"/>
<line xp1="8.62671" yp1="64.76029" xp2="8.64274" yp2="64.65391" sp="0.15000" color="gray" opacity="100"/>
<line xp1="8.64274" yp1="64.65391" xp2="8.63891" yp2="64.44063" sp="0.15000" color="gray" opacity="100"/>
<line xp1="8.63891" yp1="64.44063" xp2="8.61366" yp2="64.33431" sp="0.15000" color="gray" opacity="100"/>
<line xp1="8.61366" yp1="64.33431" xp2="8.58483" yp2="64.23966" sp="0.15000" color="gray" opacity="100"/>
<line xp1="8.58483" yp1="64.23966" xp2="8.60212" yp2="63.92774" sp="0.15000" color="gray" opacity="100"/>
<line xp1="8.60212" yp1="63.92774" xp2="8.62006" yp2="63.76029" sp="0.15000" color="gray" opacity="100"/>
<line xp1="8.62006" yp1="63.76029" xp2="8.64445" yp2="63.55157" sp="0.15000" color="gray" opacity="100"/>
<line xp1="8.64445" yp1="63.55157" xp2="8.68375" yp2="63.33729" sp="0.15000" color="gray" opacity="100"/>
<line xp1="8.68375" yp1="63.33729" xp2="8.70855" yp2="63.21426" sp="0.15000" color="gray" opacity="100"/>
<line xp1="8.70855" yp1="63.21426" xp2="8.72691" yp2="63.15991" sp="0.15000" color="gray" opacity="100"/>
<line xp1="8.72691" yp1="63.15991" xp2="8.78506" yp2="63.06586" sp="0.15000" color="gray" opacity="100"/>
<line xp1="8.78506" yp1="63.06586" xp2="8.84186" yp2="63.01666" sp="0.15000" color="gray" opacity="100"/>
<line xp1="8.84186" yp1="63.01666" xp2="8.91751" yp2="62.91109" sp="0.15000" color="gray" opacity="100"/>
<line xp1="8.91751" yp1="62.91109" xp2="8.94485" yp2="62.85560" sp="0.15000" color="gray" opacity="100"/>
<line xp1="8.94485" yp1="62.85560" xp2="8.94745" yp2="62.84046" sp="0.15000" color="gray" opacity="100"/>
<line xp1="8.94745" yp1="62.84046" xp2="8.96111" yp2="62.71346" sp="0.15000" color="gray" opacity="100"/>
<line xp1="8.96111" yp1="62.71346" xp2="8.93805" yp2="62.48411" sp="0.15000" color="gray" opacity="100"/>
<line xp1="8.93805" yp1="62.48411" xp2="8.92714" yp2="62.42300" sp="0.15000" color="gray" opacity="100"/>
<line xp1="8.92714" yp1="62.42300" xp2="8.89914" yp2="62.34283" sp="0.15000" color="gray" opacity="100"/>
<line xp1="8.89914" yp1="62.34283" xp2="8.95172" yp2="62.15474" sp="0.15000" color="gray" opacity="100"/>
<line xp1="8.95172" yp1="62.15474" xp2="9.04829" yp2="61.95157" sp="0.15000" color="gray" opacity="100"/>
<line xp1="9.04829" yp1="61.95157" xp2="9.13292" yp2="61.47220" sp="0.15000" color="gray" opacity="100"/>
<line xp1="9.13292" yp1="61.47220" xp2="9.15877" yp2="61.32337" sp="0.15000" color="gray" opacity="100"/>
<line xp1="9.15877" yp1="61.32337" xp2="9.16925" yp2="61.22220" sp="0.15000" color="gray" opacity="100"/>
<line xp1="9.16925" yp1="61.22220" xp2="9.16025" yp2="61.12697" sp="0.15000" color="gray" opacity="100"/>
<line xp1="9.16025" yp1="61.12697" xp2="9.13632" yp2="60.98329" sp="0.15000" color="gray" opacity="100"/>
<line xp1="9.13632" yp1="60.98329" xp2="9.09082" yp2="60.71386" sp="0.15000" color="gray" opacity="100"/>
<line xp1="9.09082" yp1="60.71386" xp2="9.04274" yp2="60.44997" sp="0.15000" color="gray" opacity="100"/>
<line xp1="9.04274" yp1="60.44997" xp2="9.05769" yp2="60.16429" sp="0.15000" color="gray" opacity="100"/>
<line xp1="9.05769" yp1="60.16429" xp2="9.07800" yp2="60.11011" sp="0.15000" color="gray" opacity="100"/>
<line xp1="9.07800" yp1="60.11011" xp2="9.07862" yp2="59.97697" sp="0.15000" color="gray" opacity="100"/>
<line xp1="9.07862" yp1="59.97697" xp2="9.01066" yp2="59.46269" sp="0.15000" color="gray" opacity="100"/>
<line xp1="9.01066" yp1="59.46269" xp2="8.92394" yp2="59.27297" sp="0.15000" color="gray" opacity="100"/>
<line xp1="8.92394" yp1="59.27297" xp2="8.87777" yp2="59.27537" sp="0.15000" color="gray" opacity="100"/>
<line xp1="8.87777" yp1="59.27537" xp2="8.84166" yp2="59.21249" sp="0.15000" color="gray" opacity="100"/>
<line xp1="8.84166" yp1="59.21249" xp2="8.80766" yp2="59.12777" sp="0.15000" color="gray" opacity="100"/>
<line xp1="8.80766" yp1="59.12777" xp2="8.72008" yp2="58.80477" sp="0.15000" color="gray" opacity="100"/>
<line xp1="8.72008" yp1="58.80477" xp2="8.68869" yp2="58.66349" sp="0.15000" color="gray" opacity="100"/>
<line xp1="8.68869" yp1="58.66349" xp2="8.65258" yp2="58.42200" sp="0.15000" color="gray" opacity="100"/>
<line xp1="8.65258" yp1="58.42200" xp2="8.68569" yp2="58.32934" sp="0.15000" color="gray" opacity="100"/>
<line xp1="8.68569" yp1="58.32934" xp2="8.73332" yp2="58.10354" sp="0.15000" color="gray" opacity="100"/>
<line xp1="8.73332" yp1="58.10354" xp2="8.73226" yp2="58.03409" sp="0.15000" color="gray" opacity="100"/>
<line xp1="8.73226" yp1="58.03409" xp2="8.72126" yp2="57.92131" sp="0.15000" color="gray" opacity="100"/>
<line xp1="8.72126" yp1="57.92131" xp2="8.77349" yp2="57.82300" sp="0.15000" color="gray" opacity="100"/>
<line xp1="8.77349" yp1="57.82300" xp2="8.91966" yp2="57.64046" sp="0.15000" color="gray" opacity="100"/>
<line xp1="8.91966" yp1="57.64046" xp2="8.99603" yp2="57.56546" sp="0.15000" color="gray" opacity="100"/>
<line xp1="8.99603" yp1="57.56546" xp2="9.08803" yp2="57.47517" sp="0.15000" color="gray" opacity="100"/>
<line xp1="9.08803" yp1="57.47517" xp2="9.13485" yp2="57.40474" sp="0.15000" color="gray" opacity="100"/>
<line xp1="9.13485" yp1="57.40474" xp2="9.33675" yp2="56.99917" sp="0.15000" color="gray" opacity="100"/>
<line xp1="9.33675" yp1="56.99917" xp2="9.43463" yp2="56.76900" sp="0.15000" color="gray" opacity="100"/>
<line xp1="9.43463" yp1="56.76900" xp2="9.50725" yp2="56.54760" sp="0.15000" color="gray" opacity="100"/>
<line xp1="9.50725" yp1="56.54760" xp2="9.58097" yp2="56.31346" sp="0.15000" color="gray" opacity="100"/>
<line xp1="9.58097" yp1="56.31346" xp2="9.63558" yp2="55.87140" sp="0.15000" color="gray" opacity="100"/>
<line xp1="9.63558" yp1="55.87140" xp2="9.59529" yp2="55.76903" sp="0.15000" color="gray" opacity="100"/>
<line xp1="9.59529" yp1="55.76903" xp2="9.57820" yp2="55.70434" sp="0.15000" color="gray" opacity="100"/>
<line xp1="9.57820" yp1="55.70434" xp2="9.54509" yp2="55.38806" sp="0.15000" color="gray" opacity="100"/>
<line xp1="9.54509" yp1="55.38806" xp2="9.54508" yp2="55.29523" sp="0.15000" color="gray" opacity="100"/>
<line xp1="9.54508" yp1="55.29523" xp2="9.60895" yp2="55.02697" sp="0.15000" color="gray" opacity="100"/>
<line xp1="9.60895" yp1="55.02697" xp2="9.67285" yp2="54.79443" sp="0.15000" color="gray" opacity="100"/>
<line xp1="9.67285" yp1="54.79443" xp2="9.71369" yp2="54.63411" sp="0.15000" color="gray" opacity="100"/>
<line xp1="9.71369" yp1="54.63411" xp2="9.74317" yp2="54.35871" sp="0.15000" color="gray" opacity="100"/>
<line xp1="9.74317" yp1="54.35871" xp2="9.73142" yp2="54.29880" sp="0.15000" color="gray" opacity="100"/>
<line xp1="9.73142" yp1="54.29880" xp2="9.68114" yp2="54.20314" sp="0.15000" color="gray" opacity="100"/>
<line xp1="9.68114" yp1="54.20314" xp2="9.68995" yp2="54.08689" sp="0.15000" color="gray" opacity="100"/>
<line xp1="9.68995" yp1="54.08689" xp2="9.81537" yp2="53.88809" sp="0.15000" color="gray" opacity="100"/>
<line xp1="9.81537" yp1="53.88809" xp2="9.94443" yp2="53.70314" sp="0.15000" color="gray" opacity="100"/>
<line xp1="9.94443" yp1="53.70314" xp2="10.08077" yp2="53.52577" sp="0.15000" color="gray" opacity="100"/>
<line xp1="10.08077" yp1="53.52577" xp2="10.22606" yp2="53.21269" sp="0.15000" color="gray" opacity="100"/>
<line xp1="10.22606" yp1="53.21269" xp2="10.28758" yp2="53.06823" sp="0.15000" color="gray" opacity="100"/>
<line xp1="10.28758" yp1="53.06823" xp2="10.35898" yp2="52.97380" sp="0.15000" color="gray" opacity="100"/>
<line xp1="10.35898" yp1="52.97380" xp2="10.40428" yp2="52.92217" sp="0.15000" color="gray" opacity="100"/>
<line xp1="10.40428" yp1="52.92217" xp2="10.50514" yp2="52.83411" sp="0.15000" color="gray" opacity="100"/>
<line xp1="10.50514" yp1="52.83411" xp2="10.57074" yp2="52.77974" sp="0.15000" color="gray" opacity="100"/>
<line xp1="10.57074" yp1="52.77974" xp2="10.60428" yp2="52.75077" sp="0.15000" color="gray" opacity="100"/>
<line xp1="10.60428" yp1="52.75077" xp2="10.83291" yp2="52.24363" sp="0.15000" color="gray" opacity="100"/>
<line xp1="10.83291" yp1="52.24363" xp2="11.02991" yp2="51.79283" sp="0.15000" color="gray" opacity="100"/>
<line xp1="11.02991" yp1="51.79283" xp2="11.06497" yp2="51.69997" sp="0.15000" color="gray" opacity="100"/>
<line xp1="11.06497" yp1="51.69997" xp2="11.07225" yp2="51.66269" sp="0.15000" color="gray" opacity="100"/>
<line xp1="11.07225" yp1="51.66269" xp2="11.01538" yp2="51.73649" sp="0.15000" color="gray" opacity="100"/>
<line xp1="11.01538" yp1="51.73649" xp2="10.88163" yp2="51.89283" sp="0.15000" color="gray" opacity="100"/>
<line xp1="10.88163" yp1="51.89283" xp2="10.83632" yp2="51.59440" sp="0.15000" color="gray" opacity="100"/>
<line xp1="10.83632" yp1="51.59440" xp2="10.87949" yp2="51.58171" sp="0.15000" color="gray" opacity="100"/>
<line xp1="10.87949" yp1="51.58171" xp2="10.92820" yp2="51.58411" sp="0.15000" color="gray" opacity="100"/>
<line xp1="10.92820" yp1="51.58411" xp2="11.05083" yp2="51.48649" sp="0.15000" color="gray" opacity="100"/>
<line xp1="11.05083" yp1="51.48649" xp2="11.10418" yp2="51.43234" sp="0.15000" color="gray" opacity="100"/>
<line xp1="11.10418" yp1="51.43234" xp2="11.29743" yp2="51.17300" sp="0.15000" color="gray" opacity="100"/>
<line xp1="11.29743" yp1="51.17300" xp2="11.53002" yp2="50.94583" sp="0.15000" color="gray" opacity="100"/>
<line xp1="11.53002" yp1="50.94583" xp2="11.60512" yp2="50.95277" sp="0.15000" color="gray" opacity="100"/>
<line xp1="11.60512" yp1="50.95277" xp2="11.66134" yp2="51.09483" sp="0.15000" color="gray" opacity="100"/>
<line xp1="11.66134" yp1="51.09483" xp2="11.62565" yp2="51.16269" sp="0.15000" color="gray" opacity="100"/>
<line xp1="11.62565" yp1="51.16269" xp2="11.56945" yp2="51.24760" sp="0.15000" color="gray" opacity="100"/>
<line xp1="11.56945" yp1="51.24760" xp2="11.57182" yp2="51.77020" sp="0.15000" color="gray" opacity="100"/>
<line xp1="11.57182" yp1="51.77020" xp2="11.70640" yp2="51.84997" sp="0.15000" color="gray" opacity="100"/>
<line xp1="11.70640" yp1="51.84997" xp2="11.74572" yp2="51.87300" sp="0.15000" color="gray" opacity="100"/>
<line xp1="11.74572" yp1="51.87300" xp2="11.82863" yp2="51.81746" sp="0.15000" color="gray" opacity="100"/>
<line xp1="11.82863" yp1="51.81746" xp2="11.85832" yp2="51.79123" sp="0.15000" color="gray" opacity="100"/>
<line xp1="11.85832" yp1="51.79123" xp2="11.90126" yp2="51.74283" sp="0.15000" color="gray" opacity="100"/>
<line xp1="11.90126" yp1="51.74283" xp2="12.13886" yp2="51.60394" sp="0.15000" color="gray" opacity="100"/>
<line xp1="12.13886" yp1="51.60394" xp2="12.23077" yp2="51.73937" sp="0.15000" color="gray" opacity="100"/>
<line xp1="12.23077" yp1="51.73937" xp2="12.27903" yp2="51.85174" sp="0.15000" color="gray" opacity="100"/>
<line xp1="12.27903" yp1="51.85174" xp2="12.34188" yp2="51.70631" sp="0.15000" color="gray" opacity="100"/>
<line xp1="12.34188" yp1="51.70631" xp2="12.45342" yp2="51.61743" sp="0.15000" color="gray" opacity="100"/>
<line xp1="12.45342" yp1="51.61743" xp2="12.58665" yp2="51.66043" sp="0.15000" color="gray" opacity="100"/>
<line xp1="12.58665" yp1="51.66043" xp2="12.73397" yp2="51.56420" sp="0.15000" color="gray" opacity="100"/>
<line xp1="12.73397" yp1="51.56420" xp2="12.79197" yp2="51.61849" sp="0.15000" color="gray" opacity="100"/>
<line xp1="12.79197" yp1="51.61849" xp2="12.82735" yp2="51.70454" sp="0.15000" color="gray" opacity="100"/>
<line xp1="12.82735" yp1="51.70454" xp2="12.94614" yp2="51.75911" sp="0.15000" color="gray" opacity="100"/>
<line xp1="12.94614" yp1="51.75911" xp2="12.99508" yp2="51.74403" sp="0.15000" color="gray" opacity="100"/>
<line xp1="12.99508" yp1="51.74403" xp2="13.12223" yp2="51.58569" sp="0.15000" color="gray" opacity="100"/>
<line xp1="13.12223" yp1="51.58569" xp2="13.18889" yp2="51.46546" sp="0.15000" color="gray" opacity="100"/>
<line xp1="13.18889" yp1="51.46546" xp2="13.07992" yp2="51.56823" sp="0.15000" color="gray" opacity="100"/>
<line xp1="13.07992" yp1="51.56823" xp2="12.93675" yp2="51.72757" sp="0.15000" color="gray" opacity="100"/>
<line xp1="12.93675" yp1="51.72757" xp2="12.85617" yp2="51.65426" sp="0.15000" color="gray" opacity="100"/>
<line xp1="12.85617" yp1="51.65426" xp2="12.83969" yp2="51.56749" sp="0.15000" color="gray" opacity="100"/>
<line xp1="12.83969" yp1="51.56749" xp2="12.79254" yp2="51.48031" sp="0.15000" color="gray" opacity="100"/>
<line xp1="12.79254" yp1="51.48031" xp2="12.56346" yp2="51.53331" sp="0.15000" color="gray" opacity="100"/>
<line xp1="12.56346" yp1="51.53331" xp2="12.52734" yp2="51.55157" sp="0.15000" color="gray" opacity="100"/>
<line xp1="12.52734" yp1="51.55157" xp2="12.43760" yp2="51.58331" sp="0.15000" color="gray" opacity="100"/>
<line xp1="12.43760" yp1="51.58331" xp2="12.32394" yp2="51.61583" sp="0.15000" color="gray" opacity="100"/>
<line xp1="12.32394" yp1="51.61583" xp2="12.28332" yp2="51.61743" sp="0.15000" color="gray" opacity="100"/>
<line xp1="12.28332" yp1="51.61743" xp2="12.11118" yp2="51.52931" sp="0.15000" color="gray" opacity="100"/>
<line xp1="12.11118" yp1="51.52931" xp2="12.05643" yp2="51.56409" sp="0.15000" color="gray" opacity="100"/>
<line xp1="12.05643" yp1="51.56409" xp2="11.96112" yp2="51.61189" sp="0.15000" color="gray" opacity="100"/>
<line xp1="11.96112" yp1="51.61189" xp2="11.76495" yp2="51.40237" sp="0.15000" color="gray" opacity="100"/>
<line xp1="11.76495" yp1="51.40237" xp2="11.70245" yp2="51.31189" sp="0.15000" color="gray" opacity="100"/>
<line xp1="11.70245" yp1="51.31189" xp2="11.84617" yp2="50.93251" sp="0.15000" color="gray" opacity="100"/>
<line xp1="11.84617" yp1="50.93251" xp2="11.93420" yp2="50.76189" sp="0.15000" color="gray" opacity="100"/>
<line xp1="11.93420" yp1="50.76189" xp2="12.03891" yp2="50.61346" sp="0.15000" color="gray" opacity="100"/>
<line xp1="12.03891" yp1="50.61346" xp2="12.06580" yp2="50.55631" sp="0.15000" color="gray" opacity="100"/>
<line xp1="12.06580" yp1="50.55631" xp2="12.09465" yp2="50.46349" sp="0.15000" color="gray" opacity="100"/>
<line xp1="12.09465" yp1="50.46349" xp2="12.10642" yp2="50.37774" sp="0.15000" color="gray" opacity="100"/>
<line xp1="12.10642" yp1="50.37774" xp2="12.11389" yp2="50.29363" sp="0.15000" color="gray" opacity="100"/>
<line xp1="12.11389" yp1="50.29363" xp2="12.18334" yp2="50.02934" sp="0.15000" color="gray" opacity="100"/>
<line xp1="12.18334" yp1="50.02934" xp2="12.26197" yp2="49.94123" sp="0.15000" color="gray" opacity="100"/>
<line xp1="12.26197" yp1="49.94123" xp2="12.29872" yp2="49.91820" sp="0.15000" color="gray" opacity="100"/>
<line xp1="12.29872" yp1="49.91820" xp2="12.27202" yp2="49.87974" sp="0.15000" color="gray" opacity="100"/>
<line xp1="12.27202" yp1="49.87974" xp2="12.20877" yp2="49.88371" sp="0.15000" color="gray" opacity="100"/>
<line xp1="12.20877" yp1="49.88371" xp2="11.75728" yp2="50.33094" sp="0.15000" color="gray" opacity="100"/>
<line xp1="11.75728" yp1="50.33094" xp2="11.74254" yp2="50.44123" sp="0.15000" color="gray" opacity="100"/>
<line xp1="11.74254" yp1="50.44123" xp2="11.75857" yp2="50.53609" sp="0.15000" color="gray" opacity="100"/>
<line xp1="11.75857" yp1="50.53609" xp2="11.76709" yp2="50.66189" sp="0.15000" color="gray" opacity="100"/>
<line xp1="11.76709" yp1="50.66189" xp2="11.75386" yp2="50.81983" sp="0.15000" color="gray" opacity="100"/>
<line xp1="11.75386" yp1="50.81983" xp2="11.72363" yp2="50.89660" sp="0.15000" color="gray" opacity="100"/>
<line xp1="11.72363" yp1="50.89660" xp2="11.61828" yp2="50.88589" sp="0.15000" color="gray" opacity="100"/>
<line xp1="11.61828" yp1="50.88589" xp2="11.56260" yp2="50.82837" sp="0.15000" color="gray" opacity="100"/>
<line xp1="11.56260" yp1="50.82837" xp2="11.55302" yp2="50.72063" sp="0.15000" color="gray" opacity="100"/>
<line xp1="11.55302" yp1="50.72063" xp2="11.53931" yp2="50.25711" sp="0.15000" color="gray" opacity="100"/>
<line xp1="11.53931" yp1="50.25711" xp2="11.54488" yp2="50.18886" sp="0.15000" color="gray" opacity="100"/>
<line xp1="11.54488" yp1="50.18886" xp2="11.55340" yp2="50.08569" sp="0.15000" color="gray" opacity="100"/>
<line xp1="11.55340" yp1="50.08569" xp2="11.56829" yp2="50.03491" sp="0.15000" color="gray" opacity="100"/>
<line xp1="11.56829" yp1="50.03491" xp2="11.62565" yp2="50.01249" sp="0.15000" color="gray" opacity="100"/>
<line xp1="11.62565" yp1="50.01249" xp2="11.65235" yp2="49.95514" sp="0.15000" color="gray" opacity="100"/>
<line xp1="11.65235" yp1="49.95514" xp2="11.72608" yp2="49.64126" sp="0.15000" color="gray" opacity="100"/>
<line xp1="11.72608" yp1="49.64126" xp2="11.73355" yp2="49.51189" sp="0.15000" color="gray" opacity="100"/>
<line xp1="11.73355" yp1="49.51189" xp2="11.71623" yp2="49.39920" sp="0.15000" color="gray" opacity="100"/>
<line xp1="11.71623" yp1="49.39920" xp2="11.70203" yp2="49.29103" sp="0.15000" color="gray" opacity="100"/>
<line xp1="11.70203" yp1="49.29103" xp2="11.71025" yp2="49.20077" sp="0.15000" color="gray" opacity="100"/>
<line xp1="11.71025" yp1="49.20077" xp2="11.72458" yp2="49.14283" sp="0.15000" color="gray" opacity="100"/>
<line xp1="11.72458" yp1="49.14283" xp2="12.03142" yp2="48.62180" sp="0.15000" color="gray" opacity="100"/>
<line xp1="12.03142" yp1="48.62180" xp2="12.08118" yp2="48.55951" sp="0.15000" color="gray" opacity="100"/>
<line xp1="12.08118" yp1="48.55951" xp2="12.19849" yp2="48.46386" sp="0.15000" color="gray" opacity="100"/>
<line xp1="12.19849" yp1="48.46386" xp2="12.24382" yp2="48.44046" sp="0.15000" color="gray" opacity="100"/>
<line xp1="12.24382" yp1="48.44046" xp2="12.27648" yp2="48.44243" sp="0.15000" color="gray" opacity="100"/>
<line xp1="12.27648" yp1="48.44243" xp2="12.34103" yp2="48.48329" sp="0.15000" color="gray" opacity="100"/>
<line xp1="12.34103" yp1="48.48329" xp2="12.44062" yp2="48.51526" sp="0.15000" color="gray" opacity="100"/>
<line xp1="12.44062" yp1="48.51526" xp2="12.49360" yp2="48.49283" sp="0.15000" color="gray" opacity="100"/>
<line xp1="12.49360" yp1="48.49283" xp2="12.53675" yp2="48.43054" sp="0.15000" color="gray" opacity="100"/>
<line xp1="12.53675" yp1="48.43054" xp2="12.61666" yp2="48.24006" sp="0.15000" color="gray" opacity="100"/>
<line xp1="12.61666" yp1="48.24006" xp2="12.67092" yp2="48.03569" sp="0.15000" color="gray" opacity="100"/>
<line xp1="12.67092" yp1="48.03569" xp2="12.65428" yp2="47.88331" sp="0.15000" color="gray" opacity="100"/>
<line xp1="12.65428" yp1="47.88331" xp2="12.61645" yp2="47.62260" sp="0.15000" color="gray" opacity="100"/>
<line xp1="12.61645" yp1="47.62260" xp2="12.60131" yp2="47.56706" sp="0.15000" color="gray" opacity="100"/>
<line xp1="12.60131" yp1="47.56706" xp2="12.57606" yp2="47.50594" sp="0.15000" color="gray" opacity="100"/>
<line xp1="12.57606" yp1="47.50594" xp2="12.54615" yp2="47.47180" sp="0.15000" color="gray" opacity="100"/>
<line xp1="12.54615" yp1="47.47180" xp2="12.51445" yp2="47.48529" sp="0.15000" color="gray" opacity="100"/>
<line xp1="12.51445" yp1="47.48529" xp2="12.46185" yp2="47.54640" sp="0.15000" color="gray" opacity="100"/>
<line xp1="12.46185" yp1="47.54640" xp2="12.39498" yp2="47.41306" sp="0.15000" color="gray" opacity="100"/>
<line xp1="12.39498" yp1="47.41306" xp2="12.42822" yp2="47.19443" sp="0.15000" color="gray" opacity="100"/>
<line xp1="12.42822" yp1="47.19443" xp2="12.46517" yp2="47.04957" sp="0.15000" color="gray" opacity="100"/>
<line xp1="12.46517" yp1="47.04957" xp2="12.48502" yp2="46.95391" sp="0.15000" color="gray" opacity="100"/>
<line xp1="12.48502" yp1="46.95391" xp2="12.50237" yp2="46.83969" sp="0.15000" color="gray" opacity="100"/>
<line xp1="12.50237" yp1="46.83969" xp2="12.51666" yp2="46.69403" sp="0.15000" color="gray" opacity="100"/>
<line xp1="12.51666" yp1="46.69403" xp2="12.51134" yp2="46.61526" sp="0.15000" color="gray" opacity="100"/>
<line xp1="12.51134" yp1="46.61526" xp2="12.62138" yp2="46.40314" sp="0.15000" color="gray" opacity="100"/>
<line xp1="12.62138" yp1="46.40314" xp2="12.67989" yp2="46.36983" sp="0.15000" color="gray" opacity="100"/>
<line xp1="12.67989" yp1="46.36983" xp2="12.82243" yp2="46.23729" sp="0.15000" color="gray" opacity="100"/>
<line xp1="12.82243" yp1="46.23729" xp2="13.11988" yp2="45.70791" sp="0.15000" color="gray" opacity="100"/>
<line xp1="13.11988" yp1="45.70791" xp2="13.13697" yp2="45.65551" sp="0.15000" color="gray" opacity="100"/>
<line xp1="13.13697" yp1="45.65551" xp2="13.16646" yp2="45.50871" sp="0.15000" color="gray" opacity="100"/>
<line xp1="13.16646" yp1="45.50871" xp2="13.17694" yp2="45.41229" sp="0.15000" color="gray" opacity="100"/>
<line xp1="13.17694" yp1="45.41229" xp2="13.27991" yp2="45.22617" sp="0.15000" color="gray" opacity="100"/>
<line xp1="13.27991" yp1="45.22617" xp2="13.35148" yp2="45.12580" sp="0.15000" color="gray" opacity="100"/>
<line xp1="13.35148" yp1="45.12580" xp2="13.39017" yp2="45.04603" sp="0.15000" color="gray" opacity="100"/>
<line xp1="13.39017" yp1="45.04603" xp2="13.43269" yp2="44.85751" sp="0.15000" color="gray" opacity="100"/>
<line xp1="13.43269" yp1="44.85751" xp2="13.58975" yp2="44.71189" sp="0.15000" color="gray" opacity="100"/>
<line xp1="13.58975" yp1="44.71189" xp2="13.77265" yp2="44.35711" sp="0.15000" color="gray" opacity="100"/>
<line xp1="13.77265" yp1="44.35711" xp2="13.84700" yp2="44.22617" sp="0.15000" color="gray" opacity="100"/>
<line xp1="13.84700" yp1="44.22617" xp2="13.88142" yp2="44.18846" sp="0.15000" color="gray" opacity="100"/>
<line xp1="13.88142" yp1="44.18846" xp2="13.96925" yp2="44.13963" sp="0.15000" color="gray" opacity="100"/>
<line xp1="13.96925" yp1="44.13963" xp2="14.09058" yp2="43.87220" sp="0.15000" color="gray" opacity="100"/>
<line xp1="14.09058" yp1="43.87220" xp2="14.06283" yp2="43.73569" sp="0.15000" color="gray" opacity="100"/>
<line xp1="14.06283" yp1="43.73569" xp2="14.04894" yp2="43.65711" sp="0.15000" color="gray" opacity="100"/>
<line xp1="14.04894" yp1="43.65711" xp2="14.04658" yp2="43.59206" sp="0.15000" color="gray" opacity="100"/>
<line xp1="14.04658" yp1="43.59206" xp2="14.06646" yp2="43.51089" sp="0.15000" color="gray" opacity="100"/>
<line xp1="14.06646" yp1="43.51089" xp2="14.10555" yp2="43.45711" sp="0.15000" color="gray" opacity="100"/>
<line xp1="14.10555" yp1="43.45711" xp2="14.24840" yp2="43.32754" sp="0.15000" color="gray" opacity="100"/>
<line xp1="14.24840" yp1="43.32754" xp2="14.27895" yp2="43.37300" sp="0.15000" color="gray" opacity="100"/>
<line xp1="14.27895" yp1="43.37300" xp2="14.33760" yp2="43.34600" sp="0.15000" color="gray" opacity="100"/>
<line xp1="14.33760" yp1="43.34600" xp2="14.43355" yp2="43.25554" sp="0.15000" color="gray" opacity="100"/>
<line xp1="14.43355" yp1="43.25554" xp2="14.46143" yp2="43.14303" sp="0.15000" color="gray" opacity="100"/>
<line xp1="14.46143" yp1="43.14303" xp2="14.44038" yp2="42.91029" sp="0.15000" color="gray" opacity="100"/>
<line xp1="14.44038" yp1="42.91029" xp2="14.42352" yp2="42.55714" sp="0.15000" color="gray" opacity="100"/>
<line xp1="14.42352" yp1="42.55714" xp2="14.46452" yp2="42.45951" sp="0.15000" color="gray" opacity="100"/>
<line xp1="14.46452" yp1="42.45951" xp2="14.47482" yp2="42.03091" sp="0.15000" color="gray" opacity="100"/>
<line xp1="14.47482" yp1="42.03091" xp2="14.47051" yp2="41.97220" sp="0.15000" color="gray" opacity="100"/>
<line xp1="14.47051" yp1="41.97220" xp2="14.45642" yp2="41.91269" sp="0.15000" color="gray" opacity="100"/>
<line xp1="14.45642" yp1="41.91269" xp2="14.42478" yp2="41.83174" sp="0.15000" color="gray" opacity="100"/>
<line xp1="14.42478" yp1="41.83174" xp2="14.41795" yp2="41.78171" sp="0.15000" color="gray" opacity="100"/>
<line xp1="14.41795" yp1="41.78171" xp2="14.42160" yp2="41.66983" sp="0.15000" color="gray" opacity="100"/>
<line xp1="14.42160" yp1="41.66983" xp2="14.45257" yp2="41.59600" sp="0.15000" color="gray" opacity="100"/>
<line xp1="14.45257" yp1="41.59600" xp2="14.48740" yp2="41.60631" sp="0.15000" color="gray" opacity="100"/>
<line xp1="14.48740" yp1="41.60631" xp2="14.52565" yp2="41.60554" sp="0.15000" color="gray" opacity="100"/>
<line xp1="14.52565" yp1="41.60554" xp2="14.62254" yp2="41.51566" sp="0.15000" color="gray" opacity="100"/>
<line xp1="14.62254" yp1="41.51566" xp2="14.64317" yp2="41.45591" sp="0.15000" color="gray" opacity="100"/>
<line xp1="14.64317" yp1="41.45591" xp2="14.69380" yp2="41.30197" sp="0.15000" color="gray" opacity="100"/>
<line xp1="14.69380" yp1="41.30197" xp2="14.73206" yp2="41.30314" sp="0.15000" color="gray" opacity="100"/>
<line xp1="14.73206" yp1="41.30314" xp2="14.83846" yp2="41.33094" sp="0.15000" color="gray" opacity="100"/>
<line xp1="14.83846" yp1="41.33094" xp2="15.00768" yp2="41.35314" sp="0.15000" color="gray" opacity="100"/>
<line xp1="15.00768" yp1="41.35314" xp2="15.18335" yp2="41.36783" sp="0.15000" color="gray" opacity="100"/>
<line xp1="15.18335" yp1="41.36783" xp2="15.37886" yp2="41.33689" sp="0.15000" color="gray" opacity="100"/>
<line xp1="15.37886" yp1="41.33689" xp2="15.69446" yp2="41.21826" sp="0.15000" color="gray" opacity="100"/>
<line xp1="15.69446" yp1="41.21826" xp2="15.96198" yp2="41.21346" sp="0.15000" color="gray" opacity="100"/>
<line xp1="15.96198" yp1="41.21346" xp2="16.00042" yp2="41.21031" sp="0.15000" color="gray" opacity="100"/>
<line xp1="16.00042" yp1="41.21031" xp2="16.03506" yp2="41.20157" sp="0.15000" color="gray" opacity="100"/>
<line xp1="16.03506" yp1="41.20157" xp2="16.08974" yp2="41.18329" sp="0.15000" color="gray" opacity="100"/>
<line xp1="16.08974" yp1="41.18329" xp2="16.23591" yp2="41.06663" sp="0.15000" color="gray" opacity="100"/>
<line xp1="16.23591" yp1="41.06663" xp2="16.28291" yp2="41.02143" sp="0.15000" color="gray" opacity="100"/>
<line xp1="16.28291" yp1="41.02143" xp2="16.44235" yp2="40.81003" sp="0.15000" color="gray" opacity="100"/>
<line xp1="16.44235" yp1="40.81003" xp2="16.52948" yp2="40.63846" sp="0.15000" color="gray" opacity="100"/>
<line xp1="16.52948" yp1="40.63846" xp2="16.58515" yp2="40.47120" sp="0.15000" color="gray" opacity="100"/>
<line xp1="16.58515" yp1="40.47120" xp2="16.65492" yp2="40.38889" sp="0.15000" color="gray" opacity="100"/>
<line xp1="16.65492" yp1="40.38889" xp2="16.72435" yp2="40.32537" sp="0.15000" color="gray" opacity="100"/>
<line xp1="16.72435" yp1="40.32537" xp2="16.95215" yp2="40.19286" sp="0.15000" color="gray" opacity="100"/>
<line xp1="16.95215" yp1="40.19286" xp2="16.98246" yp2="40.17774" sp="0.15000" color="gray" opacity="100"/>
<line xp1="16.98246" yp1="40.17774" xp2="17.02137" yp2="40.15871" sp="0.15000" color="gray" opacity="100"/>
<line xp1="17.02137" yp1="40.15871" xp2="17.17477" yp2="40.08729" sp="0.15000" color="gray" opacity="100"/>
<line xp1="17.17477" yp1="40.08729" xp2="17.25983" yp2="40.09483" sp="0.15000" color="gray" opacity="100"/>
<line xp1="17.25983" yp1="40.09483" xp2="17.30385" yp2="40.11349" sp="0.15000" color="gray" opacity="100"/>
<line xp1="17.30385" yp1="40.11349" xp2="17.38805" yp2="40.13171" sp="0.15000" color="gray" opacity="100"/>
<line xp1="17.38805" yp1="40.13171" xp2="17.45385" yp2="40.14126" sp="0.15000" color="gray" opacity="100"/>
<line xp1="17.45385" yp1="40.14126" xp2="17.60855" yp2="40.15911" sp="0.15000" color="gray" opacity="100"/>
<line xp1="17.60855" yp1="40.15911" xp2="17.64614" yp2="40.13689" sp="0.15000" color="gray" opacity="100"/>
<line xp1="17.64614" yp1="40.13689" xp2="17.67860" yp2="40.08886" sp="0.15000" color="gray" opacity="100"/>
<line xp1="17.67860" yp1="40.08886" xp2="17.73674" yp2="39.96506" sp="0.15000" color="gray" opacity="100"/>
<line xp1="17.73674" yp1="39.96506" xp2="17.76238" yp2="39.90791" sp="0.15000" color="gray" opacity="100"/>
<line xp1="17.76238" yp1="39.90791" xp2="17.79615" yp2="39.82617" sp="0.15000" color="gray" opacity="100"/>
<line xp1="17.79615" yp1="39.82617" xp2="17.81368" yp2="39.77500" sp="0.15000" color="gray" opacity="100"/>
<line xp1="17.81368" yp1="39.77500" xp2="17.86742" yp2="39.54563" sp="0.15000" color="gray" opacity="100"/>
<line xp1="17.86742" yp1="39.54563" xp2="17.84828" yp2="39.45157" sp="0.15000" color="gray" opacity="100"/>
<line xp1="17.84828" yp1="39.45157" xp2="17.81928" yp2="39.37657" sp="0.15000" color="gray" opacity="100"/>
<line xp1="17.81928" yp1="39.37657" xp2="17.84612" yp2="39.28529" sp="0.15000" color="gray" opacity="100"/>
<line xp1="17.84612" yp1="39.28529" xp2="17.97220" yp2="39.20234" sp="0.15000" color="gray" opacity="100"/>
<line xp1="17.97220" yp1="39.20234" xp2="18.00342" yp2="39.18886" sp="0.15000" color="gray" opacity="100"/>
<line xp1="18.00342" yp1="39.18886" xp2="18.04294" yp2="39.20949" sp="0.15000" color="gray" opacity="100"/>
<line xp1="18.04294" yp1="39.20949" xp2="18.05057" yp2="39.30791" sp="0.15000" color="gray" opacity="100"/>
<line xp1="18.05057" yp1="39.30791" xp2="18.11966" yp2="39.38334" sp="0.15000" color="gray" opacity="100"/>
<line xp1="18.11966" yp1="39.38334" xp2="18.25423" yp2="39.33331" sp="0.15000" color="gray" opacity="100"/>
<line xp1="18.25423" yp1="39.33331" xp2="18.29509" yp2="39.30554" sp="0.15000" color="gray" opacity="100"/>
<line xp1="18.29509" yp1="39.30554" xp2="18.33375" yp2="39.25634" sp="0.15000" color="gray" opacity="100"/>
<line xp1="18.33375" yp1="39.25634" xp2="18.39189" yp2="39.16983" sp="0.15000" color="gray" opacity="100"/>
<line xp1="18.39189" yp1="39.16983" xp2="18.41988" yp2="39.12577" sp="0.15000" color="gray" opacity="100"/>
<line xp1="18.41988" yp1="39.12577" xp2="18.46925" yp2="39.03569" sp="0.15000" color="gray" opacity="100"/>
<line xp1="18.46925" yp1="39.03569" xp2="18.50212" yp2="38.98726" sp="0.15000" color="gray" opacity="100"/>
<line xp1="18.50212" yp1="38.98726" xp2="18.53075" yp2="38.95077" sp="0.15000" color="gray" opacity="100"/>
<line xp1="18.53075" yp1="38.95077" xp2="18.55983" yp2="38.91583" sp="0.15000" color="gray" opacity="100"/>
<line xp1="18.55983" yp1="38.91583" xp2="18.59874" yp2="38.87617" sp="0.15000" color="gray" opacity="100"/>
<line xp1="18.59874" yp1="38.87617" xp2="18.63997" yp2="38.85871" sp="0.15000" color="gray" opacity="100"/>
<line xp1="18.63997" yp1="38.85871" xp2="18.67094" yp2="38.84483" sp="0.15000" color="gray" opacity="100"/>
<line xp1="18.67094" yp1="38.84483" xp2="18.80855" yp2="38.68411" sp="0.15000" color="gray" opacity="100"/>
<line xp1="18.80855" yp1="38.68411" xp2="18.96538" yp2="38.48726" sp="0.15000" color="gray" opacity="100"/>
<line xp1="18.96538" yp1="38.48726" xp2="19.02778" yp2="38.40789" sp="0.15000" color="gray" opacity="100"/>
<line xp1="19.02778" yp1="38.40789" xp2="19.23845" yp2="38.12063" sp="0.15000" color="gray" opacity="100"/>
<line xp1="19.23845" yp1="38.12063" xp2="19.26028" yp2="38.07854" sp="0.15000" color="gray" opacity="100"/>
<line xp1="19.26028" yp1="38.07854" xp2="19.37009" yp2="37.84046" sp="0.15000" color="gray" opacity="100"/>
<line xp1="19.37009" yp1="37.84046" xp2="19.47649" yp2="37.54760" sp="0.15000" color="gray" opacity="100"/>
<line xp1="19.47649" yp1="37.54760" xp2="19.49315" yp2="37.49840" sp="0.15000" color="gray" opacity="100"/>
<line xp1="19.49315" yp1="37.49840" xp2="19.50809" yp2="37.44363" sp="0.15000" color="gray" opacity="100"/>
<line xp1="19.50809" yp1="37.44363" xp2="19.58483" yp2="37.07734" sp="0.15000" color="gray" opacity="100"/>
<line xp1="19.58483" yp1="37.07734" xp2="19.61538" yp2="36.82777" sp="0.15000" color="gray" opacity="100"/>
<line xp1="19.61538" yp1="36.82777" xp2="19.61682" yp2="36.77511" sp="0.15000" color="gray" opacity="100"/>
<line xp1="19.61682" yp1="36.77511" xp2="19.61089" yp2="36.74520" sp="0.15000" color="gray" opacity="100"/>
<line xp1="19.61089" yp1="36.74520" xp2="19.56871" yp2="36.65489" sp="0.15000" color="gray" opacity="100"/>
<line xp1="19.56871" yp1="36.65489" xp2="19.60189" yp2="36.48691" sp="0.15000" color="gray" opacity="100"/>
<line xp1="19.60189" yp1="36.48691" xp2="19.59060" yp2="36.31029" sp="0.15000" color="gray" opacity="100"/>
<line xp1="19.59060" yp1="36.31029" xp2="19.58695" yp2="36.25263" sp="0.15000" color="gray" opacity="100"/>
<line xp1="19.58695" yp1="36.25263" xp2="19.60771" yp2="36.16326" sp="0.15000" color="gray" opacity="100"/>
<line xp1="19.60771" yp1="36.16326" xp2="19.62762" yp2="36.17866" sp="0.15000" color="gray" opacity="100"/>
<line xp1="19.62762" yp1="36.17866" xp2="19.62992" yp2="36.24183" sp="0.15000" color="gray" opacity="100"/>
<line xp1="19.62992" yp1="36.24183" xp2="19.64798" yp2="36.33031" sp="0.15000" color="gray" opacity="100"/>
<line xp1="19.64798" yp1="36.33031" xp2="19.68898" yp2="36.36486" sp="0.15000" color="gray" opacity="100"/>
<line xp1="19.68898" yp1="36.36486" xp2="19.78248" yp2="36.23031" sp="0.15000" color="gray" opacity="100"/>
<line xp1="19.78248" yp1="36.23031" xp2="19.82052" yp2="36.12140" sp="0.15000" color="gray" opacity="100"/>
<line xp1="19.82052" yp1="36.12140" xp2="19.82211" yp2="36.06089" sp="0.15000" color="gray" opacity="100"/>
<line xp1="19.82211" yp1="36.06089" xp2="19.77351" yp2="36.05314" sp="0.15000" color="gray" opacity="100"/>
<line xp1="19.77351" yp1="36.05314" xp2="19.73217" yp2="36.21411" sp="0.15000" color="gray" opacity="100"/>
<line xp1="19.73217" yp1="36.21411" xp2="19.69152" yp2="36.27883" sp="0.15000" color="gray" opacity="100"/>
<line xp1="19.69152" yp1="36.27883" xp2="19.67326" yp2="36.27731" sp="0.15000" color="gray" opacity="100"/>
<line xp1="19.67326" yp1="36.27731" xp2="19.67245" yp2="36.23723" sp="0.15000" color="gray" opacity="100"/>
<line xp1="19.67245" yp1="36.23723" xp2="19.71891" yp2="36.16940" sp="0.15000" color="gray" opacity="100"/>
<line xp1="19.71891" yp1="36.16940" xp2="19.79486" yp2="35.90237" sp="0.15000" color="gray" opacity="100"/>
<line xp1="19.79486" yp1="35.90237" xp2="19.81172" yp2="35.81523" sp="0.15000" color="gray" opacity="100"/>
<line xp1="19.81172" yp1="35.81523" xp2="19.85340" yp2="35.81903" sp="0.15000" color="gray" opacity="100"/>
<line xp1="19.85340" yp1="35.81903" xp2="20.13205" yp2="35.86346" sp="0.15000" color="gray" opacity="100"/>
<line xp1="20.13205" yp1="35.86346" xp2="20.44145" yp2="35.91029" sp="0.15000" color="gray" opacity="100"/>
<line xp1="20.44145" yp1="35.91029" xp2="20.75669" yp2="35.95714" sp="0.15000" color="gray" opacity="100"/>
<line xp1="20.75669" yp1="35.95714" xp2="21.16518" yp2="36.01649" sp="0.15000" color="gray" opacity="100"/>
<line xp1="21.16518" yp1="36.01649" xp2="21.68034" yp2="36.09126" sp="0.15000" color="gray" opacity="100"/>
<line xp1="21.68034" yp1="36.09126" xp2="22.14529" yp2="36.15634" sp="0.15000" color="gray" opacity="100"/>
<line xp1="22.14529" yp1="36.15634" xp2="22.45512" yp2="36.19920" sp="0.15000" color="gray" opacity="100"/>
<line xp1="22.45512" yp1="36.19920" xp2="22.76540" yp2="36.24126" sp="0.15000" color="gray" opacity="100"/>
<line xp1="22.76540" yp1="36.24126" xp2="23.03708" yp2="36.27711" sp="0.15000" color="gray" opacity="100"/>
<line xp1="23.03708" yp1="36.27711" xp2="23.27485" yp2="36.30814" sp="0.15000" color="gray" opacity="100"/>
<line xp1="23.27485" yp1="36.30814" xp2="23.49262" yp2="36.33631" sp="0.15000" color="gray" opacity="100"/>
<line xp1="23.49262" yp1="36.33631" xp2="23.50909" yp2="36.33846" sp="0.15000" color="gray" opacity="100"/>
<line xp1="23.50909" yp1="36.33846" xp2="23.50555" yp2="36.31743" sp="0.15000" color="gray" opacity="100"/>
<line xp1="23.50555" yp1="36.31743" xp2="23.49017" yp2="36.24366" sp="0.15000" color="gray" opacity="100"/>
<line xp1="23.49017" yp1="36.24366" xp2="23.39743" yp2="35.87937" sp="0.15000" color="gray" opacity="100"/>
<line xp1="23.39743" yp1="35.87937" xp2="23.36949" yp2="35.73426" sp="0.15000" color="gray" opacity="100"/>
<line xp1="23.36949" yp1="35.73426" xp2="23.39195" yp2="35.71571" sp="0.15000" color="gray" opacity="100"/>
<line xp1="23.39195" yp1="35.71571" xp2="23.71455" yp2="35.53454" sp="0.15000" color="gray" opacity="100"/>
<line xp1="23.71455" yp1="35.53454" xp2="24.08631" yp2="35.32843" sp="0.15000" color="gray" opacity="100"/>
<line xp1="24.08631" yp1="35.32843" xp2="24.52105" yp2="35.08494" sp="0.15000" color="gray" opacity="100"/>
<line xp1="24.52105" yp1="35.08494" xp2="24.83340" yp2="34.90943" sp="0.15000" color="gray" opacity="100"/>
<line xp1="24.83340" yp1="34.90943" xp2="25.08922" yp2="34.76449" sp="0.15000" color="gray" opacity="100"/>
<line xp1="25.08922" yp1="34.76449" xp2="25.62383" yp2="34.46023" sp="0.15000" color="gray" opacity="100"/>
<line xp1="25.62383" yp1="34.46023" xp2="26.07249" yp2="34.20306" sp="0.15000" color="gray" opacity="100"/>
<line xp1="26.07249" yp1="34.20306" xp2="26.35805" yp2="34.03831" sp="0.15000" color="gray" opacity="100"/>
<line xp1="26.35805" yp1="34.03831" xp2="26.92308" yp2="33.70963" sp="0.15000" color="gray" opacity="100"/>
<line xp1="26.92308" yp1="33.70963" xp2="27.23163" yp2="33.53014" sp="0.15000" color="gray" opacity="100"/>
<line xp1="27.23163" yp1="33.53014" xp2="27.77480" yp2="33.21031" sp="0.15000" color="gray" opacity="100"/>
<line xp1="27.77480" yp1="33.21031" xp2="28.58843" yp2="32.72620" sp="0.15000" color="gray" opacity="100"/>
<line xp1="28.58843" yp1="32.72620" xp2="29.16025" yp2="32.38014" sp="0.15000" color="gray" opacity="100"/>
<line xp1="29.16025" yp1="32.38014" xp2="30.28931" yp2="32.37934" sp="0.15000" color="gray" opacity="100"/>
<line xp1="30.28931" yp1="32.37934" xp2="30.39145" yp2="32.37934" sp="0.15000" color="gray" opacity="100"/>
<line xp1="30.39145" yp1="32.37934" xp2="30.95511" yp2="32.37934" sp="0.15000" color="gray" opacity="100"/>
<line xp1="30.95511" yp1="32.37934" xp2="31.51965" yp2="32.38094" sp="0.15000" color="gray" opacity="100"/>
<line xp1="31.51965" yp1="32.38094" xp2="32.21703" yp2="32.37963" sp="0.15000" color="gray" opacity="100"/>
<line xp1="32.21703" yp1="32.37963" xp2="32.23483" yp2="32.37886" sp="0.15000" color="gray" opacity="100"/>
<line xp1="32.23483" yp1="32.37886" xp2="32.56498" yp2="32.37886" sp="0.15000" color="gray" opacity="100"/>
<line xp1="32.56498" yp1="32.37886" xp2="32.56625" yp2="32.37894" sp="0.15000" color="gray" opacity="100"/>
<line xp1="32.56625" yp1="32.37894" xp2="32.58977" yp2="32.38049" sp="0.15000" color="gray" opacity="100"/>
<line xp1="32.58977" yp1="32.38049" xp2="32.64826" yp2="32.37934" sp="0.15000" color="gray" opacity="100"/>
<line xp1="32.64826" yp1="32.37934" xp2="33.52563" yp2="32.38014" sp="0.15000" color="gray" opacity="100"/>
<line xp1="33.52563" yp1="32.38014" xp2="33.52649" yp2="32.47540" sp="0.15000" color="gray" opacity="100"/>
<line xp1="33.52649" yp1="32.47540" xp2="33.52522" yp2="32.66666" sp="0.15000" color="gray" opacity="100"/>
<line xp1="33.52522" yp1="32.66666" xp2="33.52649" yp2="32.95080" sp="0.15000" color="gray" opacity="100"/>
<line xp1="33.52649" yp1="32.95080" xp2="33.52520" yp2="33.14126" sp="0.15000" color="gray" opacity="100"/>
<line xp1="33.52520" yp1="33.14126" xp2="33.52649" yp2="33.42697" sp="0.15000" color="gray" opacity="100"/>
<line xp1="33.52649" yp1="33.42697" xp2="33.52520" yp2="33.66666" sp="0.15000" color="gray" opacity="100"/>
<line xp1="33.52520" yp1="33.66666" xp2="33.57691" yp2="33.66823" sp="0.15000" color="gray" opacity="100"/>
<line xp1="33.57691" yp1="33.66823" xp2="33.98717" yp2="33.66586" sp="0.15000" color="gray" opacity="100"/>
<line xp1="33.98717" yp1="33.66586" xp2="34.29529" yp2="33.66823" sp="0.15000" color="gray" opacity="100"/>
<line xp1="34.29529" yp1="33.66823" xp2="34.44912" yp2="33.66666" sp="0.15000" color="gray" opacity="100"/>
<line xp1="34.44912" yp1="33.66666" xp2="34.49998" yp2="33.66823" sp="0.15000" color="gray" opacity="100"/>
<line xp1="34.49998" yp1="33.66823" xp2="34.60342" yp2="33.66666" sp="0.15000" color="gray" opacity="100"/>
<line xp1="34.60342" yp1="33.66666" xp2="34.70555" yp2="33.66823" sp="0.15000" color="gray" opacity="100"/>
<line xp1="34.70555" yp1="33.66823" xp2="34.80769" yp2="33.66666" sp="0.15000" color="gray" opacity="100"/>
<line xp1="34.80769" yp1="33.66666" xp2="34.85980" yp2="33.66823" sp="0.15000" color="gray" opacity="100"/>
<line xp1="34.85980" yp1="33.66823" xp2="34.96195" yp2="33.66666" sp="0.15000" color="gray" opacity="100"/>
<line xp1="34.96195" yp1="33.66666" xp2="35.01238" yp2="33.66823" sp="0.15000" color="gray" opacity="100"/>
<line xp1="35.01238" yp1="33.66823" xp2="35.11580" yp2="33.66666" sp="0.15000" color="gray" opacity="100"/>
<line xp1="35.11580" yp1="33.66666" xp2="35.16665" yp2="33.66823" sp="0.15000" color="gray" opacity="100"/>
<line xp1="35.16665" yp1="33.66823" xp2="35.26880" yp2="33.66666" sp="0.15000" color="gray" opacity="100"/>
<line xp1="35.26880" yp1="33.66666" xp2="35.98718" yp2="33.66746" sp="0.15000" color="gray" opacity="100"/>
<line xp1="35.98718" yp1="33.66746" xp2="36.09297" yp2="33.66300" sp="0.15000" color="gray" opacity="100"/>
<line xp1="36.09297" yp1="33.66300" xp2="36.11865" yp2="33.65929" sp="0.15000" color="gray" opacity="100"/>
<line xp1="36.11865" yp1="33.65929" xp2="36.15938" yp2="33.59166" sp="0.15000" color="gray" opacity="100"/>
<line xp1="36.15938" yp1="33.59166" xp2="36.21538" yp2="33.57220" sp="0.15000" color="gray" opacity="100"/>
<line xp1="36.21538" yp1="33.57220" xp2="36.24742" yp2="33.57617" sp="0.15000" color="gray" opacity="100"/>
<line xp1="36.24742" yp1="33.57617" xp2="36.28226" yp2="33.58294" sp="0.15000" color="gray" opacity="100"/>
<line xp1="36.28226" yp1="33.58294" xp2="36.31408" yp2="33.56429" sp="0.15000" color="gray" opacity="100"/>
<line xp1="36.31408" yp1="33.56429" xp2="36.40875" yp2="33.39246" sp="0.15000" color="gray" opacity="100"/>
<line xp1="36.40875" yp1="33.39246" xp2="36.45640" yp2="33.25000" sp="0.15000" color="gray" opacity="100"/>
<line xp1="36.45640" yp1="33.25000" xp2="36.47820" yp2="33.13571" sp="0.15000" color="gray" opacity="100"/>
<line xp1="36.47820" yp1="33.13571" xp2="36.50426" yp2="33.02657" sp="0.15000" color="gray" opacity="100"/>
<line xp1="36.50426" yp1="33.02657" xp2="36.60020" yp2="32.77777" sp="0.15000" color="gray" opacity="100"/>
<line xp1="36.60020" yp1="32.77777" xp2="36.70212" yp2="32.66269" sp="0.15000" color="gray" opacity="100"/>
<line xp1="36.70212" yp1="32.66269" xp2="36.82626" yp2="32.57857" sp="0.15000" color="gray" opacity="100"/>
<line xp1="36.82626" yp1="32.57857" xp2="36.90512" yp2="32.55794" sp="0.15000" color="gray" opacity="100"/>
<line xp1="36.90512" yp1="32.55794" xp2="36.96495" yp2="32.48491" sp="0.15000" color="gray" opacity="100"/>
<line xp1="36.96495" yp1="32.48491" xp2="37.14143" yp2="32.23571" sp="0.15000" color="gray" opacity="100"/>
<line xp1="37.14143" yp1="32.23571" xp2="37.16623" yp2="32.19760" sp="0.15000" color="gray" opacity="100"/>
<line xp1="37.16623" yp1="32.19760" xp2="37.18843" yp2="32.15554" sp="0.15000" color="gray" opacity="100"/>
<line xp1="37.18843" yp1="32.15554" xp2="37.25085" yp2="32.02340" sp="0.15000" color="gray" opacity="100"/>
<line xp1="37.25085" yp1="32.02340" xp2="37.27435" yp2="31.93789" sp="0.15000" color="gray" opacity="100"/>
<line xp1="37.27435" yp1="31.93789" xp2="37.36922" yp2="31.84046" sp="0.15000" color="gray" opacity="100"/>
<line xp1="37.36922" yp1="31.84046" xp2="37.53846" yp2="31.66151" sp="0.15000" color="gray" opacity="100"/>
<line xp1="37.53846" yp1="31.66151" xp2="37.56815" yp2="31.59403" sp="0.15000" color="gray" opacity="100"/>
<line xp1="37.56815" yp1="31.59403" xp2="37.62863" yp2="31.41826" sp="0.15000" color="gray" opacity="100"/>
<line xp1="37.62863" yp1="31.41826" xp2="37.70662" yp2="31.27540" sp="0.15000" color="gray" opacity="100"/>
<line xp1="37.70662" yp1="31.27540" xp2="37.85682" yp2="31.04523" sp="0.15000" color="gray" opacity="100"/>
<line xp1="37.85682" yp1="31.04523" xp2="38.07222" yp2="30.84920" sp="0.15000" color="gray" opacity="100"/>
<line xp1="38.07222" yp1="30.84920" xp2="38.11912" yp2="30.87063" sp="0.15000" color="gray" opacity="100"/>
<line xp1="38.11912" yp1="30.87063" xp2="38.20085" yp2="30.79603" sp="0.15000" color="gray" opacity="100"/>
<line xp1="38.20085" yp1="30.79603" xp2="38.26925" yp2="30.71349" sp="0.15000" color="gray" opacity="100"/>
<line xp1="38.26925" yp1="30.71349" xp2="38.36623" yp2="30.55477" sp="0.15000" color="gray" opacity="100"/>
<line xp1="38.36623" yp1="30.55477" xp2="38.47562" yp2="30.37777" sp="0.15000" color="gray" opacity="100"/>
<line xp1="38.47562" yp1="30.37777" xp2="38.56195" yp2="30.30754" sp="0.15000" color="gray" opacity="100"/>
<line xp1="38.56195" yp1="30.30754" xp2="38.62072" yp2="30.18929" sp="0.15000" color="gray" opacity="100"/>
<line xp1="38.62072" yp1="30.18929" xp2="38.64657" yp2="30.07143" sp="0.15000" color="gray" opacity="100"/>
<line xp1="38.64657" yp1="30.07143" xp2="38.66922" yp2="29.90397" sp="0.15000" color="gray" opacity="100"/>
<line xp1="38.66922" yp1="29.90397" xp2="38.73503" yp2="29.67460" sp="0.15000" color="gray" opacity="100"/>
<line xp1="38.73503" yp1="29.67460" xp2="38.80469" yp2="29.48014" sp="0.15000" color="gray" opacity="100"/>
<line xp1="38.80469" yp1="29.48014" xp2="38.91452" yp2="29.23809" sp="0.15000" color="gray" opacity="100"/>
<line xp1="38.91452" yp1="29.23809" xp2="38.95040" yp2="29.10714" sp="0.15000" color="gray" opacity="100"/>
<line xp1="38.95040" yp1="29.10714" xp2="38.96154" yp2="29.05077" sp="0.15000" color="gray" opacity="100"/>
<line xp1="38.96154" yp1="29.05077" xp2="38.95491" yp2="28.87263" sp="0.15000" color="gray" opacity="100"/>
<line xp1="38.95491" yp1="28.87263" xp2="38.92105" yp2="28.73969" sp="0.15000" color="gray" opacity="100"/>
<line xp1="38.92105" yp1="28.73969" xp2="38.93077" yp2="28.58571" sp="0.15000" color="gray" opacity="100"/>
<line xp1="38.93077" yp1="28.58571" xp2="38.95683" yp2="28.40277" sp="0.15000" color="gray" opacity="100"/>
<line xp1="38.95683" yp1="28.40277" xp2="39.16645" yp2="27.63689" sp="0.15000" color="gray" opacity="100"/>
<line xp1="39.16645" yp1="27.63689" xp2="39.30255" yp2="27.41666" sp="0.15000" color="gray" opacity="100"/>
<line xp1="39.30255" yp1="27.41666" xp2="39.35512" yp2="27.34126" sp="0.15000" color="gray" opacity="100"/>
<line xp1="39.35512" yp1="27.34126" xp2="39.47991" yp2="27.21429" sp="0.15000" color="gray" opacity="100"/>
<line xp1="39.47991" yp1="27.21429" xp2="39.51269" yp2="27.23114" sp="0.15000" color="gray" opacity="100"/>
<line xp1="39.51269" yp1="27.23114" xp2="39.56132" yp2="27.21706" sp="0.15000" color="gray" opacity="100"/>
<line xp1="39.56132" yp1="27.21706" xp2="39.61109" yp2="27.16666" sp="0.15000" color="gray" opacity="100"/>
<line xp1="39.61109" yp1="27.16666" xp2="39.64869" yp2="27.12697" sp="0.15000" color="gray" opacity="100"/>
<line xp1="39.64869" yp1="27.12697" xp2="39.68855" yp2="27.03134" sp="0.15000" color="gray" opacity="100"/>
<line xp1="39.68855" yp1="27.03134" xp2="39.73889" yp2="26.92223" sp="0.15000" color="gray" opacity="100"/>
<line xp1="39.73889" yp1="26.92223" xp2="39.87562" yp2="26.72934" sp="0.15000" color="gray" opacity="100"/>
<line xp1="39.87562" yp1="26.72934" xp2="39.90214" yp2="26.69286" sp="0.15000" color="gray" opacity="100"/>
<line xp1="39.90214" yp1="26.69286" xp2="39.93032" yp2="26.65951" sp="0.15000" color="gray" opacity="100"/>
<line xp1="39.93032" yp1="26.65951" xp2="39.96366" yp2="26.63174" sp="0.15000" color="gray" opacity="100"/>
<line xp1="39.96366" yp1="26.63174" xp2="40.03845" yp2="26.58809" sp="0.15000" color="gray" opacity="100"/>
<line xp1="40.03845" yp1="26.58809" xp2="40.17049" yp2="26.53094" sp="0.15000" color="gray" opacity="100"/>
<line xp1="40.17049" yp1="26.53094" xp2="40.40642" yp2="26.28331" sp="0.15000" color="gray" opacity="100"/>
<line xp1="40.40642" yp1="26.28331" xp2="40.72092" yp2="26.07460" sp="0.15000" color="gray" opacity="100"/>
<line xp1="40.72092" yp1="26.07460" xp2="40.79231" yp2="25.96826" sp="0.15000" color="gray" opacity="100"/>
<line xp1="40.79231" yp1="25.96826" xp2="40.82777" yp2="25.92300" sp="0.15000" color="gray" opacity="100"/>
<line xp1="40.82777" yp1="25.92300" xp2="40.92135" yp2="25.81826" sp="0.15000" color="gray" opacity="100"/>
<line xp1="40.92135" yp1="25.81826" xp2="40.96155" yp2="25.78174" sp="0.15000" color="gray" opacity="100"/>
<line xp1="40.96155" yp1="25.78174" xp2="41.08268" yp2="25.70674" sp="0.15000" color="gray" opacity="100"/>
<line xp1="41.08268" yp1="25.70674" xp2="41.09097" yp2="25.70434" sp="0.15000" color="gray" opacity="100"/>
<line xp1="41.09097" yp1="25.70434" xp2="41.28663" yp2="25.66863" sp="0.15000" color="gray" opacity="100"/>
<line xp1="41.28663" yp1="25.66863" xp2="41.45852" yp2="25.98334" sp="0.15000" color="gray" opacity="100"/>
<line xp1="41.45852" yp1="25.98334" xp2="41.60769" yp2="26.23729" sp="0.15000" color="gray" opacity="100"/>
<line xp1="41.60769" yp1="26.23729" xp2="41.69869" yp2="26.44049" sp="0.15000" color="gray" opacity="100"/>
<line xp1="41.69869" yp1="26.44049" xp2="41.76751" yp2="26.72063" sp="0.15000" color="gray" opacity="100"/>
<line xp1="41.76751" yp1="26.72063" xp2="41.83882" yp2="27.06880" sp="0.15000" color="gray" opacity="100"/>
<line xp1="41.83882" yp1="27.06880" xp2="42.04571" yp2="27.83649" sp="0.15000" color="gray" opacity="100"/>
<line xp1="42.04571" yp1="27.83649" xp2="42.21409" yp2="27.90794" sp="0.15000" color="gray" opacity="100"/>
<line xp1="42.21409" yp1="27.90794" xp2="42.31346" yp2="27.94763" sp="0.15000" color="gray" opacity="100"/>
<line xp1="42.31346" yp1="27.94763" xp2="42.52991" yp2="28.14446" sp="0.15000" color="gray" opacity="100"/>
<line xp1="42.52991" yp1="28.14446" xp2="42.61260" yp2="28.25137" sp="0.15000" color="gray" opacity="100"/>
<line xp1="42.61260" yp1="28.25137" xp2="42.67500" yp2="28.19403" sp="0.15000" color="gray" opacity="100"/>
<line xp1="42.67500" yp1="28.19403" xp2="42.72649" yp2="28.13491" sp="0.15000" color="gray" opacity="100"/>
<line xp1="42.72649" yp1="28.13491" xp2="42.88932" yp2="28.03014" sp="0.15000" color="gray" opacity="100"/>
<line xp1="42.88932" yp1="28.03014" xp2="42.92691" yp2="28.00794" sp="0.15000" color="gray" opacity="100"/>
<line xp1="42.92691" yp1="28.00794" xp2="42.96495" yp2="27.99483" sp="0.15000" color="gray" opacity="100"/>
<line xp1="42.96495" yp1="27.99483" xp2="43.00275" yp2="27.99563" sp="0.15000" color="gray" opacity="100"/>
<line xp1="43.00275" yp1="27.99563" xp2="43.09102" yp2="28.01666" sp="0.15000" color="gray" opacity="100"/>
<line xp1="43.09102" yp1="28.01666" xp2="43.24274" yp2="28.01746" sp="0.15000" color="gray" opacity="100"/>
<line xp1="43.24274" yp1="28.01746" xp2="43.34488" yp2="28.01349" sp="0.15000" color="gray" opacity="100"/>
<line xp1="43.34488" yp1="28.01349" xp2="43.42349" yp2="27.99049" sp="0.15000" color="gray" opacity="100"/>
<line xp1="43.42349" yp1="27.99049" xp2="43.46922" yp2="27.96826" sp="0.15000" color="gray" opacity="100"/>
<line xp1="43.46922" yp1="27.96826" xp2="43.52817" yp2="27.93729" sp="0.15000" color="gray" opacity="100"/>
<line xp1="43.52817" yp1="27.93729" xp2="43.64806" yp2="27.90397" sp="0.15000" color="gray" opacity="100"/>
<line xp1="43.64806" yp1="27.90397" xp2="43.78589" yp2="27.91746" sp="0.15000" color="gray" opacity="100"/>
<line xp1="43.78589" yp1="27.91746" xp2="43.91280" yp2="27.92063" sp="0.15000" color="gray" opacity="100"/>
<line xp1="43.91280" yp1="27.92063" xp2="43.99228" yp2="27.92223" sp="0.15000" color="gray" opacity="100"/>
<line xp1="43.99228" yp1="27.92223" xp2="44.04714" yp2="27.69277" sp="0.15000" color="gray" opacity="100"/>
<line xp1="44.04714" yp1="27.69277" xp2="44.06794" yp2="27.60157" sp="0.15000" color="gray" opacity="100"/>
<line xp1="44.06794" yp1="27.60157" xp2="44.13717" yp2="27.47223" sp="0.15000" color="gray" opacity="100"/>
<line xp1="44.13717" yp1="27.47223" xp2="44.27906" yp2="27.25794" sp="0.15000" color="gray" opacity="100"/>
<line xp1="44.27906" yp1="27.25794" xp2="44.40148" yp2="27.11626" sp="0.15000" color="gray" opacity="100"/>
<line xp1="44.40148" yp1="27.11626" xp2="44.45126" yp2="27.09166" sp="0.15000" color="gray" opacity="100"/>
<line xp1="44.45126" yp1="27.09166" xp2="44.54923" yp2="27.03286" sp="0.15000" color="gray" opacity="100"/>
<line xp1="44.54923" yp1="27.03286" xp2="44.57649" yp2="26.96506" sp="0.15000" color="gray" opacity="100"/>
<line xp1="44.57649" yp1="26.96506" xp2="44.71238" yp2="26.71429" sp="0.15000" color="gray" opacity="100"/>
<line xp1="44.71238" yp1="26.71429" xp2="44.92968" yp2="26.45357" sp="0.15000" color="gray" opacity="100"/>
<line xp1="44.92968" yp1="26.45357" xp2="45.12948" yp2="26.02580" sp="0.15000" color="gray" opacity="100"/>
<line xp1="45.12948" yp1="26.02580" xp2="45.18737" yp2="25.70237" sp="0.15000" color="gray" opacity="100"/>
<line xp1="45.18737" yp1="25.70237" xp2="45.17777" yp2="25.59603" sp="0.15000" color="gray" opacity="100"/>
<line xp1="45.17777" yp1="25.59603" xp2="45.19702" yp2="25.52380" sp="0.15000" color="gray" opacity="100"/>
<line xp1="45.19702" yp1="25.52380" xp2="45.24529" yp2="25.41349" sp="0.15000" color="gray" opacity="100"/>
<line xp1="45.24529" yp1="25.41349" xp2="45.28545" yp2="25.32460" sp="0.15000" color="gray" opacity="100"/>
<line xp1="45.28545" yp1="25.32460" xp2="45.34251" yp2="25.20794" sp="0.15000" color="gray" opacity="100"/>
<line xp1="45.34251" yp1="25.20794" xp2="45.39718" yp2="24.93060" sp="0.15000" color="gray" opacity="100"/>
<line xp1="45.39718" yp1="24.93060" xp2="45.39634" yp2="24.86906" sp="0.15000" color="gray" opacity="100"/>
<line xp1="45.39634" yp1="24.86906" xp2="45.41560" yp2="24.78809" sp="0.15000" color="gray" opacity="100"/>
<line xp1="45.41560" yp1="24.78809" xp2="45.47094" yp2="24.64683" sp="0.15000" color="gray" opacity="100"/>
<line xp1="45.47094" yp1="24.64683" xp2="45.53931" yp2="24.48889" sp="0.15000" color="gray" opacity="100"/>
<line xp1="45.53931" yp1="24.48889" xp2="45.60126" yp2="24.33809" sp="0.15000" color="gray" opacity="100"/>
<line xp1="45.60126" yp1="24.33809" xp2="45.61408" yp2="24.27063" sp="0.15000" color="gray" opacity="100"/>
<line xp1="45.61408" yp1="24.27063" xp2="45.64678" yp2="24.07260" sp="0.15000" color="gray" opacity="100"/>
<line xp1="45.64678" yp1="24.07260" xp2="45.64422" yp2="24.00117" sp="0.15000" color="gray" opacity="100"/>
<line xp1="45.64422" yp1="24.00117" xp2="45.72082" yp2="23.65871" sp="0.15000" color="gray" opacity="100"/>
<line xp1="45.72082" yp1="23.65871" xp2="45.78418" yp2="23.55080" sp="0.15000" color="gray" opacity="100"/>
<line xp1="45.78418" yp1="23.55080" xp2="45.86708" yp2="23.42143" sp="0.15000" color="gray" opacity="100"/>
<line xp1="45.86708" yp1="23.42143" xp2="45.98697" yp2="23.33054" sp="0.15000" color="gray" opacity="100"/>
<line xp1="45.98697" yp1="23.33054" xp2="46.03332" yp2="23.30177" sp="0.15000" color="gray" opacity="100"/>
<line xp1="46.03332" yp1="23.30177" xp2="46.07563" yp2="23.18969" sp="0.15000" color="gray" opacity="100"/>
<line xp1="46.07563" yp1="23.18969" xp2="46.21195" yp2="22.81349" sp="0.15000" color="gray" opacity="100"/>
<line xp1="46.21195" yp1="22.81349" xp2="46.25382" yp2="22.74763" sp="0.15000" color="gray" opacity="100"/>
<line xp1="46.25382" yp1="22.74763" xp2="46.33717" yp2="22.58254" sp="0.15000" color="gray" opacity="100"/>
<line xp1="46.33717" yp1="22.58254" xp2="46.35086" yp2="22.44443" sp="0.15000" color="gray" opacity="100"/>
<line xp1="46.35086" yp1="22.44443" xp2="46.36783" yp2="22.30040" sp="0.15000" color="gray" opacity="100"/>
<line xp1="46.36783" yp1="22.30040" xp2="46.41089" yp2="22.21231" sp="0.15000" color="gray" opacity="100"/>
<line xp1="46.41089" yp1="22.21231" xp2="46.45123" yp2="22.20500" sp="0.15000" color="gray" opacity="100"/>
<line xp1="46.45123" yp1="22.20500" xp2="46.46431" yp2="22.19046" sp="0.15000" color="gray" opacity="100"/>
<line xp1="46.46431" yp1="22.19046" xp2="46.48875" yp2="22.10754" sp="0.15000" color="gray" opacity="100"/>
<line xp1="46.48875" yp1="22.10754" xp2="46.52478" yp2="22.07757" sp="0.15000" color="gray" opacity="100"/>
<line xp1="46.52478" yp1="22.07757" xp2="46.55169" yp2="22.04206" sp="0.15000" color="gray" opacity="100"/>
<line xp1="46.55169" yp1="22.04206" xp2="46.57317" yp2="21.96903" sp="0.15000" color="gray" opacity="100"/>
<line xp1="46.57317" yp1="21.96903" xp2="46.59400" yp2="21.91126" sp="0.15000" color="gray" opacity="100"/>
<line xp1="46.59400" yp1="21.91126" xp2="46.62092" yp2="21.87697" sp="0.15000" color="gray" opacity="100"/>
<line xp1="46.62092" yp1="21.87697" xp2="46.68674" yp2="21.83254" sp="0.15000" color="gray" opacity="100"/>
<line xp1="46.68674" yp1="21.83254" xp2="46.75972" yp2="21.83214" sp="0.15000" color="gray" opacity="100"/>
<line xp1="46.75972" yp1="21.83214" xp2="46.87563" yp2="21.71449" sp="0.15000" color="gray" opacity="100"/>
<line xp1="46.87563" yp1="21.71449" xp2="46.91708" yp2="21.62300" sp="0.15000" color="gray" opacity="100"/>
<line xp1="46.91708" yp1="21.62300" xp2="46.96431" yp2="21.36191" sp="0.15000" color="gray" opacity="100"/>
<line xp1="46.96431" yp1="21.36191" xp2="47.01025" yp2="20.73729" sp="0.15000" color="gray" opacity="100"/>
<line xp1="47.01025" yp1="20.73729" xp2="46.98674" yp2="20.13411" sp="0.15000" color="gray" opacity="100"/>
<line xp1="46.98674" yp1="20.13411" xp2="47.20117" yp2="19.62817" sp="0.15000" color="gray" opacity="100"/>
<line xp1="47.20117" yp1="19.62817" xp2="47.27518" yp2="19.59980" sp="0.15000" color="gray" opacity="100"/>
<line xp1="47.27518" yp1="19.59980" xp2="47.30255" yp2="19.51666" sp="0.15000" color="gray" opacity="100"/>
<line xp1="47.30255" yp1="19.51666" xp2="47.32349" yp2="19.43889" sp="0.15000" color="gray" opacity="100"/>
<line xp1="47.32349" yp1="19.43889" xp2="47.38375" yp2="19.18411" sp="0.15000" color="gray" opacity="100"/>
<line xp1="47.38375" yp1="19.18411" xp2="47.48846" yp2="18.64840" sp="0.15000" color="gray" opacity="100"/>
<line xp1="47.48846" yp1="18.64840" xp2="47.53118" yp2="18.38571" sp="0.15000" color="gray" opacity="100"/>
<line xp1="47.53118" yp1="18.38571" xp2="47.72989" yp2="18.30237" sp="0.15000" color="gray" opacity="100"/>
<line xp1="47.72989" yp1="18.30237" xp2="47.80725" yp2="18.26111" sp="0.15000" color="gray" opacity="100"/>
<line xp1="47.80725" yp1="18.26111" xp2="48.02434" yp2="18.13969" sp="0.15000" color="gray" opacity="100"/>
<line xp1="48.02434" yp1="18.13969" xp2="48.10768" yp2="18.04126" sp="0.15000" color="gray" opacity="100"/>
<line xp1="48.10768" yp1="18.04126" xp2="48.16068" yp2="17.97063" sp="0.15000" color="gray" opacity="100"/>
<line xp1="48.16068" yp1="17.97063" xp2="48.30040" yp2="17.87617" sp="0.15000" color="gray" opacity="100"/>
<line xp1="48.30040" yp1="17.87617" xp2="48.34102" yp2="17.87460" sp="0.15000" color="gray" opacity="100"/>
<line xp1="48.34102" yp1="17.87460" xp2="48.55403" yp2="17.78094" sp="0.15000" color="gray" opacity="100"/>
<line xp1="48.55403" yp1="17.78094" xp2="48.63375" yp2="17.69049" sp="0.15000" color="gray" opacity="100"/>
<line xp1="48.63375" yp1="17.69049" xp2="48.67478" yp2="17.58174" sp="0.15000" color="gray" opacity="100"/>
<line xp1="48.67478" yp1="17.58174" xp2="48.76111" yp2="17.45477" sp="0.15000" color="gray" opacity="100"/>
<line xp1="48.76111" yp1="17.45477" xp2="48.79060" yp2="17.42220" sp="0.15000" color="gray" opacity="100"/>
<line xp1="48.79060" yp1="17.42220" xp2="48.92306" yp2="17.32143" sp="0.15000" color="gray" opacity="100"/>
<line xp1="48.92306" yp1="17.32143" xp2="49.13825" yp2="17.25397" sp="0.15000" color="gray" opacity="100"/>
<line xp1="49.13825" yp1="17.25397" xp2="49.17948" yp2="17.27937" sp="0.15000" color="gray" opacity="100"/>
<line xp1="49.17948" yp1="17.27937" xp2="49.26194" yp2="17.31031" sp="0.15000" color="gray" opacity="100"/>
<line xp1="49.26194" yp1="17.31031" xp2="49.46537" yp2="17.32460" sp="0.15000" color="gray" opacity="100"/>
<line xp1="49.46537" yp1="17.32460" xp2="49.53331" yp2="17.30871" sp="0.15000" color="gray" opacity="100"/>
<line xp1="49.53331" yp1="17.30871" xp2="49.72477" yp2="17.25157" sp="0.15000" color="gray" opacity="100"/>
<line xp1="49.72477" yp1="17.25157" xp2="49.77223" yp2="17.22697" sp="0.15000" color="gray" opacity="100"/>
<line xp1="49.77223" yp1="17.22697" xp2="49.82392" yp2="17.15714" sp="0.15000" color="gray" opacity="100"/>
<line xp1="49.82392" yp1="17.15714" xp2="49.90854" yp2="17.00317" sp="0.15000" color="gray" opacity="100"/>
<line xp1="49.90854" yp1="17.00317" xp2="49.97777" yp2="16.85237" sp="0.15000" color="gray" opacity="100"/>
<line xp1="49.97777" yp1="16.85237" xp2="50.12734" yp2="16.69523" sp="0.15000" color="gray" opacity="100"/>
<line xp1="50.12734" yp1="16.69523" xp2="50.20812" yp2="16.68531" sp="0.15000" color="gray" opacity="100"/>
<line xp1="50.20812" yp1="16.68531" xp2="50.23886" yp2="16.74186" sp="0.15000" color="gray" opacity="100"/>
<line xp1="50.23886" yp1="16.74186" xp2="50.23588" yp2="16.83729" sp="0.15000" color="gray" opacity="100"/>
<line xp1="50.23588" yp1="16.83729" xp2="50.28415" yp2="16.91429" sp="0.15000" color="gray" opacity="100"/>
<line xp1="50.28415" yp1="16.91429" xp2="50.36109" yp2="16.97460" sp="0.15000" color="gray" opacity="100"/>
<line xp1="50.36109" yp1="16.97460" xp2="50.52178" yp2="17.04920" sp="0.15000" color="gray" opacity="100"/>
<line xp1="50.52178" yp1="17.04920" xp2="50.55271" yp2="17.04694" sp="0.15000" color="gray" opacity="100"/>
<line xp1="50.55271" yp1="17.04694" xp2="50.55225" yp2="17.08491" sp="0.15000" color="gray" opacity="100"/>
<line xp1="50.55225" yp1="17.08491" xp2="50.54443" yp2="17.19206" sp="0.15000" color="gray" opacity="100"/>
<line xp1="50.54443" yp1="17.19206" xp2="50.53760" yp2="17.25794" sp="0.15000" color="gray" opacity="100"/>
<line xp1="50.53760" yp1="17.25794" xp2="50.51095" yp2="17.34326" sp="0.15000" color="gray" opacity="100"/>
<line xp1="50.51095" yp1="17.34326" xp2="50.49129" yp2="17.22203" sp="0.15000" color="gray" opacity="100"/>
<line xp1="50.49129" yp1="17.22203" xp2="50.44722" yp2="17.12140" sp="0.15000" color="gray" opacity="100"/>
<line xp1="50.44722" yp1="17.12140" xp2="50.39882" yp2="17.09126" sp="0.15000" color="gray" opacity="100"/>
<line xp1="50.39882" yp1="17.09126" xp2="50.29658" yp2="17.49363" sp="0.15000" color="gray" opacity="100"/>
<line xp1="50.29658" yp1="17.49363" xp2="50.28077" yp2="17.60394" sp="0.15000" color="gray" opacity="100"/>
<line xp1="50.28077" yp1="17.60394" xp2="50.27775" yp2="17.75237" sp="0.15000" color="gray" opacity="100"/>
<line xp1="50.27775" yp1="17.75237" xp2="50.27906" yp2="17.84603" sp="0.15000" color="gray" opacity="100"/>
<line xp1="50.27906" yp1="17.84603" xp2="50.20086" yp2="18.18611" sp="0.15000" color="gray" opacity="100"/>
<line xp1="50.20086" yp1="18.18611" xp2="50.15085" yp2="18.19840" sp="0.15000" color="gray" opacity="100"/>
<line xp1="50.15085" yp1="18.19840" xp2="50.13418" yp2="18.31983" sp="0.15000" color="gray" opacity="100"/>
<line xp1="50.13418" yp1="18.31983" xp2="50.11838" yp2="18.70157" sp="0.15000" color="gray" opacity="100"/>
<line xp1="50.11838" yp1="18.70157" xp2="50.03463" yp2="19.25554" sp="0.15000" color="gray" opacity="100"/>
<line xp1="50.03463" yp1="19.25554" xp2="50.01240" yp2="19.40080" sp="0.15000" color="gray" opacity="100"/>
<line xp1="50.01240" yp1="19.40080" xp2="49.99382" yp2="19.44860" sp="0.15000" color="gray" opacity="100"/>
<line xp1="49.99382" yp1="19.44860" xp2="49.93869" yp2="19.47677" sp="0.15000" color="gray" opacity="100"/>
<line xp1="49.93869" yp1="19.47677" xp2="49.90708" yp2="19.54880" sp="0.15000" color="gray" opacity="100"/>
<line xp1="49.90708" yp1="19.54880" xp2="49.89915" yp2="19.94800" sp="0.15000" color="gray" opacity="100"/>
<line xp1="49.89915" yp1="19.94800" xp2="49.91168" yp2="20.01566" sp="0.15000" color="gray" opacity="100"/>
<line xp1="49.91168" yp1="20.01566" xp2="50.03845" yp2="20.08809" sp="0.15000" color="gray" opacity="100"/>
<line xp1="50.03845" yp1="20.08809" xp2="50.08548" yp2="20.36586" sp="0.15000" color="gray" opacity="100"/>
<line xp1="50.08548" yp1="20.36586" xp2="50.10866" yp2="20.74940" sp="0.15000" color="gray" opacity="100"/>
<line xp1="50.10866" yp1="20.74940" xp2="50.03546" yp2="20.73649" sp="0.15000" color="gray" opacity="100"/>
<line xp1="50.03546" yp1="20.73649" xp2="49.94786" yp2="20.67220" sp="0.15000" color="gray" opacity="100"/>
<line xp1="49.94786" yp1="20.67220" xp2="49.79402" yp2="20.72143" sp="0.15000" color="gray" opacity="100"/>
<line xp1="49.79402" yp1="20.72143" xp2="49.75258" yp2="20.79049" sp="0.15000" color="gray" opacity="100"/>
<line xp1="49.75258" yp1="20.79049" xp2="49.72815" yp2="20.90566" sp="0.15000" color="gray" opacity="100"/>
<line xp1="49.72815" yp1="20.90566" xp2="49.65642" yp2="21.13014" sp="0.15000" color="gray" opacity="100"/>
<line xp1="49.65642" yp1="21.13014" xp2="49.58565" yp2="21.28491" sp="0.15000" color="gray" opacity="100"/>
<line xp1="49.58565" yp1="21.28491" xp2="49.65643" yp2="21.23491" sp="0.15000" color="gray" opacity="100"/>
<line xp1="49.65643" yp1="21.23491" xp2="49.72778" yp2="21.10157" sp="0.15000" color="gray" opacity="100"/>
<line xp1="49.72778" yp1="21.10157" xp2="49.78728" yp2="21.05966" sp="0.15000" color="gray" opacity="100"/>
<line xp1="49.78728" yp1="21.05966" xp2="49.80817" yp2="20.98514" sp="0.15000" color="gray" opacity="100"/>
<line xp1="49.80817" yp1="20.98514" xp2="49.96111" yp2="21.07777" sp="0.15000" color="gray" opacity="100"/>
<line xp1="49.96111" yp1="21.07777" xp2="50.01538" yp2="20.87500" sp="0.15000" color="gray" opacity="100"/>
<line xp1="50.01538" yp1="20.87500" xp2="50.13388" yp2="20.93511" sp="0.15000" color="gray" opacity="100"/>
<line xp1="50.13388" yp1="20.93511" xp2="50.17392" yp2="21.12934" sp="0.15000" color="gray" opacity="100"/>
<line xp1="50.17392" yp1="21.12934" xp2="50.33889" yp2="21.87457" sp="0.15000" color="gray" opacity="100"/>
<line xp1="50.33889" yp1="21.87457" xp2="50.28377" yp2="22.04443" sp="0.15000" color="gray" opacity="100"/>
<line xp1="50.28377" yp1="22.04443" xp2="50.16495" yp2="22.23809" sp="0.15000" color="gray" opacity="100"/>
<line xp1="50.16495" yp1="22.23809" xp2="50.02351" yp2="22.35951" sp="0.15000" color="gray" opacity="100"/>
<line xp1="50.02351" yp1="22.35951" xp2="49.97371" yp2="22.46803" sp="0.15000" color="gray" opacity="100"/>
<line xp1="49.97371" yp1="22.46803" xp2="50.01155" yp2="22.50871" sp="0.15000" color="gray" opacity="100"/>
<line xp1="50.01155" yp1="22.50871" xp2="50.23803" yp2="22.43571" sp="0.15000" color="gray" opacity="100"/>
<line xp1="50.23803" yp1="22.43571" xp2="50.42083" yp2="22.34543" sp="0.15000" color="gray" opacity="100"/>
<line xp1="50.42083" yp1="22.34543" xp2="50.46997" yp2="22.34800" sp="0.15000" color="gray" opacity="100"/>
<line xp1="50.46997" yp1="22.34800" xp2="50.73462" yp2="22.94763" sp="0.15000" color="gray" opacity="100"/>
<line xp1="50.73462" yp1="22.94763" xp2="50.72948" yp2="23.08174" sp="0.15000" color="gray" opacity="100"/>
<line xp1="50.72948" yp1="23.08174" xp2="50.69829" yp2="23.11903" sp="0.15000" color="gray" opacity="100"/>
<line xp1="50.69829" yp1="23.11903" xp2="50.61837" yp2="23.05634" sp="0.15000" color="gray" opacity="100"/>
<line xp1="50.61837" yp1="23.05634" xp2="50.54743" yp2="22.93729" sp="0.15000" color="gray" opacity="100"/>
<line xp1="50.54743" yp1="22.93729" xp2="50.54358" yp2="22.97143" sp="0.15000" color="gray" opacity="100"/>
<line xp1="50.54358" yp1="22.97143" xp2="50.48783" yp2="23.02934" sp="0.15000" color="gray" opacity="100"/>
<line xp1="50.48783" yp1="23.02934" xp2="50.44082" yp2="23.05297" sp="0.15000" color="gray" opacity="100"/>
<line xp1="50.44082" yp1="23.05297" xp2="50.50866" yp2="23.31943" sp="0.15000" color="gray" opacity="100"/>
<line xp1="50.50866" yp1="23.31943" xp2="50.72606" yp2="23.38966" sp="0.15000" color="gray" opacity="100"/>
<line xp1="50.72606" yp1="23.38966" xp2="50.74443" yp2="23.24523" sp="0.15000" color="gray" opacity="100"/>
<line xp1="50.74443" yp1="23.24523" xp2="50.79486" yp2="23.20317" sp="0.15000" color="gray" opacity="100"/>
<line xp1="50.79486" yp1="23.20317" xp2="50.87543" yp2="23.22023" sp="0.15000" color="gray" opacity="100"/>
<line xp1="50.87543" yp1="23.22023" xp2="50.94958" yp2="23.25791" sp="0.15000" color="gray" opacity="100"/>
<line xp1="50.94958" yp1="23.25791" xp2="51.10640" yp2="23.54680" sp="0.15000" color="gray" opacity="100"/>
<line xp1="51.10640" yp1="23.54680" xp2="51.10182" yp2="23.85417" sp="0.15000" color="gray" opacity="100"/>
<line xp1="51.10182" yp1="23.85417" xp2="51.02798" yp2="23.96586" sp="0.15000" color="gray" opacity="100"/>
<line xp1="51.02798" yp1="23.96586" xp2="51.00735" yp2="24.02817" sp="0.15000" color="gray" opacity="100"/>
<line xp1="51.00735" yp1="24.02817" xp2="51.07640" yp2="24.20434" sp="0.15000" color="gray" opacity="100"/>
<line xp1="51.07640" yp1="24.20434" xp2="51.15854" yp2="24.10794" sp="0.15000" color="gray" opacity="100"/>
<line xp1="51.15854" yp1="24.10794" xp2="51.21988" yp2="23.99343" sp="0.15000" color="gray" opacity="100"/>
<line xp1="51.21988" yp1="23.99343" xp2="51.22735" yp2="23.91426" sp="0.15000" color="gray" opacity="100"/>
<line xp1="51.22735" yp1="23.91426" xp2="51.23538" yp2="23.81169" sp="0.15000" color="gray" opacity="100"/>
<line xp1="51.23538" yp1="23.81169" xp2="51.29337" yp2="23.75774" sp="0.15000" color="gray" opacity="100"/>
<line xp1="51.29337" yp1="23.75774" xp2="51.34660" yp2="23.78334" sp="0.15000" color="gray" opacity="100"/>
<line xp1="51.34660" yp1="23.78334" xp2="51.69234" yp2="24.11923" sp="0.15000" color="gray" opacity="100"/>
<line xp1="51.69234" yp1="24.11923" xp2="51.55386" yp2="24.31269" sp="0.15000" color="gray" opacity="100"/>
<line xp1="51.55386" yp1="24.31269" xp2="51.40940" yp2="24.47697" sp="0.15000" color="gray" opacity="100"/>
<line xp1="51.40940" yp1="24.47697" xp2="51.30566" yp2="24.81586" sp="0.15000" color="gray" opacity="100"/>
<line xp1="51.30566" yp1="24.81586" xp2="51.31580" yp2="24.89126" sp="0.15000" color="gray" opacity="100"/>
<line xp1="51.31580" yp1="24.89126" xp2="51.39275" yp2="24.91209" sp="0.15000" color="gray" opacity="100"/>
<line xp1="51.39275" yp1="24.91209" xp2="51.44220" yp2="24.85017" sp="0.15000" color="gray" opacity="100"/>
<line xp1="51.44220" yp1="24.85017" xp2="51.44211" yp2="24.78331" sp="0.15000" color="gray" opacity="100"/>
<line xp1="51.44211" yp1="24.78331" xp2="51.45355" yp2="24.70791" sp="0.15000" color="gray" opacity="100"/>
<line xp1="51.45355" yp1="24.70791" xp2="51.54532" yp2="24.62697" sp="0.15000" color="gray" opacity="100"/>
<line xp1="51.54532" yp1="24.62697" xp2="51.64318" yp2="24.56943" sp="0.15000" color="gray" opacity="100"/>
<line xp1="51.64318" yp1="24.56943" xp2="51.67457" yp2="24.57537" sp="0.15000" color="gray" opacity="100"/>
<line xp1="51.67457" yp1="24.57537" xp2="51.72992" yp2="24.63431" sp="0.15000" color="gray" opacity="100"/>
<line xp1="51.72992" yp1="24.63431" xp2="51.67897" yp2="24.67280" sp="0.15000" color="gray" opacity="100"/>
<line xp1="51.67897" yp1="24.67280" xp2="51.63438" yp2="24.93111" sp="0.15000" color="gray" opacity="100"/>
<line xp1="51.63438" yp1="24.93111" xp2="51.62629" yp2="25.02937" sp="0.15000" color="gray" opacity="100"/>
<line xp1="51.62629" yp1="25.02937" xp2="51.70137" yp2="24.96054" sp="0.15000" color="gray" opacity="100"/>
<line xp1="51.70137" yp1="24.96054" xp2="51.89637" yp2="24.81469" sp="0.15000" color="gray" opacity="100"/>
<line xp1="51.89637" yp1="24.81469" xp2="52.01218" yp2="24.84423" sp="0.15000" color="gray" opacity="100"/>
<line xp1="52.01218" yp1="24.84423" xp2="52.09108" yp2="24.64940" sp="0.15000" color="gray" opacity="100"/>
<line xp1="52.09108" yp1="24.64940" xp2="52.02586" yp2="24.57934" sp="0.15000" color="gray" opacity="100"/>
<line xp1="52.02586" yp1="24.57934" xp2="51.98889" yp2="24.58074" sp="0.15000" color="gray" opacity="100"/>
<line xp1="51.98889" yp1="24.58074" xp2="51.97318" yp2="24.51983" sp="0.15000" color="gray" opacity="100"/>
<line xp1="51.97318" yp1="24.51983" xp2="52.10214" yp2="24.57737" sp="0.15000" color="gray" opacity="100"/>
<line xp1="52.10214" yp1="24.57737" xp2="52.14315" yp2="24.60634" sp="0.15000" color="gray" opacity="100"/>
<line xp1="52.14315" yp1="24.60634" xp2="52.18248" yp2="24.63649" sp="0.15000" color="gray" opacity="100"/>
<line xp1="52.18248" yp1="24.63649" xp2="52.21668" yp2="24.66983" sp="0.15000" color="gray" opacity="100"/>
<line xp1="52.21668" yp1="24.66983" xp2="52.26197" yp2="24.70000" sp="0.15000" color="gray" opacity="100"/>
<line xp1="52.26197" yp1="24.70000" xp2="52.32203" yp2="24.71726" sp="0.15000" color="gray" opacity="100"/>
<line xp1="52.32203" yp1="24.71726" xp2="52.33589" yp2="24.66389" sp="0.15000" color="gray" opacity="100"/>
<line xp1="52.33589" yp1="24.66389" xp2="52.31305" yp2="24.58254" sp="0.15000" color="gray" opacity="100"/>
<line xp1="52.31305" yp1="24.58254" xp2="52.26880" yp2="24.54840" sp="0.15000" color="gray" opacity="100"/>
<line xp1="52.26880" yp1="24.54840" xp2="52.23717" yp2="24.52697" sp="0.15000" color="gray" opacity="100"/>
<line xp1="52.23717" yp1="24.52697" xp2="52.19637" yp2="24.49680" sp="0.15000" color="gray" opacity="100"/>
<line xp1="52.19637" yp1="24.49680" xp2="52.08205" yp2="24.39523" sp="0.15000" color="gray" opacity="100"/>
<line xp1="52.08205" yp1="24.39523" xp2="52.00674" yp2="24.31369" sp="0.15000" color="gray" opacity="100"/>
<line xp1="52.00674" yp1="24.31369" xp2="51.98152" yp2="24.25177" sp="0.15000" color="gray" opacity="100"/>
<line xp1="51.98152" yp1="24.25177" xp2="52.06709" yp2="24.31589" sp="0.15000" color="gray" opacity="100"/>
<line xp1="52.06709" yp1="24.31589" xp2="52.10600" yp2="24.34840" sp="0.15000" color="gray" opacity="100"/>
<line xp1="52.10600" yp1="24.34840" xp2="52.20898" yp2="24.45000" sp="0.15000" color="gray" opacity="100"/>
<line xp1="52.20898" yp1="24.45000" xp2="52.21626" yp2="24.45951" sp="0.15000" color="gray" opacity="100"/>
<line xp1="52.21626" yp1="24.45951" xp2="52.25212" yp2="24.49603" sp="0.15000" color="gray" opacity="100"/>
<line xp1="52.25212" yp1="24.49603" xp2="52.30682" yp2="24.54363" sp="0.15000" color="gray" opacity="100"/>
<line xp1="52.30682" yp1="24.54363" xp2="52.33995" yp2="24.56706" sp="0.15000" color="gray" opacity="100"/>
<line xp1="52.33995" yp1="24.56706" xp2="52.38203" yp2="24.58174" sp="0.15000" color="gray" opacity="100"/>
<line xp1="52.38203" yp1="24.58174" xp2="52.41625" yp2="24.60077" sp="0.15000" color="gray" opacity="100"/>
<line xp1="52.41625" yp1="24.60077" xp2="52.46838" yp2="24.63251" sp="0.15000" color="gray" opacity="100"/>
<line xp1="52.46838" yp1="24.63251" xp2="52.52608" yp2="24.67220" sp="0.15000" color="gray" opacity="100"/>
<line xp1="52.52608" yp1="24.67220" xp2="52.57351" yp2="24.70951" sp="0.15000" color="gray" opacity="100"/>
<line xp1="52.57351" yp1="24.70951" xp2="52.66845" yp2="24.83569" sp="0.15000" color="gray" opacity="100"/>
<line xp1="52.66845" yp1="24.83569" xp2="52.58926" yp2="24.80237" sp="0.15000" color="gray" opacity="100"/>
<line xp1="52.58926" yp1="24.80237" xp2="52.54189" yp2="24.76626" sp="0.15000" color="gray" opacity="100"/>
<line xp1="52.54189" yp1="24.76626" xp2="52.49831" yp2="24.71506" sp="0.15000" color="gray" opacity="100"/>
<line xp1="52.49831" yp1="24.71506" xp2="52.46752" yp2="24.68571" sp="0.15000" color="gray" opacity="100"/>
<line xp1="52.46752" yp1="24.68571" xp2="52.39766" yp2="24.64663" sp="0.15000" color="gray" opacity="100"/>
<line xp1="52.39766" yp1="24.64663" xp2="52.39829" yp2="24.81834" sp="0.15000" color="gray" opacity="100"/>
<line xp1="52.39829" yp1="24.81834" xp2="52.61965" yp2="24.96269" sp="0.15000" color="gray" opacity="100"/>
<line xp1="52.61965" yp1="24.96269" xp2="52.69897" yp2="24.96371" sp="0.15000" color="gray" opacity="100"/>
<line xp1="52.69897" yp1="24.96371" xp2="52.78478" yp2="24.96609" sp="0.15000" color="gray" opacity="100"/>
<line xp1="52.78478" yp1="24.96609" xp2="52.89488" yp2="25.01586" sp="0.15000" color="gray" opacity="100"/>
<line xp1="52.89488" yp1="25.01586" xp2="53.29274" yp2="25.41746" sp="0.15000" color="gray" opacity="100"/>
<line xp1="53.29274" yp1="25.41746" xp2="53.33546" yp2="25.46506" sp="0.15000" color="gray" opacity="100"/>
<line xp1="53.33546" yp1="25.46506" xp2="53.37971" yp2="25.51863" sp="0.15000" color="gray" opacity="100"/>
<line xp1="53.37971" yp1="25.51863" xp2="53.61751" yp2="25.86071" sp="0.15000" color="gray" opacity="100"/>
<line xp1="53.61751" yp1="25.86071" xp2="53.71240" yp2="26.23411" sp="0.15000" color="gray" opacity="100"/>
<line xp1="53.71240" yp1="26.23411" xp2="53.99571" yp2="26.61269" sp="0.15000" color="gray" opacity="100"/>
<line xp1="53.99571" yp1="26.61269" xp2="54.00938" yp2="26.67937" sp="0.15000" color="gray" opacity="100"/>
<line xp1="54.00938" yp1="26.67937" xp2="54.01923" yp2="26.81506" sp="0.15000" color="gray" opacity="100"/>
<line xp1="54.01923" yp1="26.81506" xp2="54.00309" yp2="26.91686" sp="0.15000" color="gray" opacity="100"/>
<line xp1="54.00309" yp1="26.91686" xp2="53.82178" yp2="27.33014" sp="0.15000" color="gray" opacity="100"/>
<line xp1="53.82178" yp1="27.33014" xp2="53.75374" yp2="27.75731" sp="0.15000" color="gray" opacity="100"/>
<line xp1="53.75374" yp1="27.75731" xp2="53.83525" yp2="27.76149" sp="0.15000" color="gray" opacity="100"/>
<line xp1="53.83525" yp1="27.76149" xp2="53.91454" yp2="27.70237" sp="0.15000" color="gray" opacity="100"/>
<line xp1="53.91454" yp1="27.70237" xp2="54.09145" yp2="27.85474" sp="0.15000" color="gray" opacity="100"/>
<line xp1="54.09145" yp1="27.85474" xp2="54.11645" yp2="27.89126" sp="0.15000" color="gray" opacity="100"/>
<line xp1="54.11645" yp1="27.89126" xp2="54.21997" yp2="27.95714" sp="0.15000" color="gray" opacity="100"/>
<line xp1="54.21997" yp1="27.95714" xp2="54.29071" yp2="27.87657" sp="0.15000" color="gray" opacity="100"/>
<line xp1="54.29071" yp1="27.87657" xp2="54.29743" yp2="27.74603" sp="0.15000" color="gray" opacity="100"/>
<line xp1="54.29743" yp1="27.74603" xp2="54.28120" yp2="27.58094" sp="0.15000" color="gray" opacity="100"/>
<line xp1="54.28120" yp1="27.58094" xp2="54.27372" yp2="27.52500" sp="0.15000" color="gray" opacity="100"/>
<line xp1="54.27372" yp1="27.52500" xp2="54.26089" yp2="27.46546" sp="0.15000" color="gray" opacity="100"/>
<line xp1="54.26089" yp1="27.46546" xp2="54.20640" yp2="27.33729" sp="0.15000" color="gray" opacity="100"/>
<line xp1="54.20640" yp1="27.33729" xp2="54.34531" yp2="27.29366" sp="0.15000" color="gray" opacity="100"/>
<line xp1="54.34531" yp1="27.29366" xp2="54.50149" yp2="27.35197" sp="0.15000" color="gray" opacity="100"/>
<line xp1="54.50149" yp1="27.35197" xp2="54.65138" yp2="27.31111" sp="0.15000" color="gray" opacity="100"/>
<line xp1="54.65138" yp1="27.31111" xp2="54.59166" yp2="27.19009" sp="0.15000" color="gray" opacity="100"/>
<line xp1="54.59166" yp1="27.19009" xp2="54.44275" yp2="27.12697" sp="0.15000" color="gray" opacity="100"/>
<line xp1="54.44275" yp1="27.12697" xp2="54.31989" yp2="27.04997" sp="0.15000" color="gray" opacity="100"/>
<line xp1="54.31989" yp1="27.04997" xp2="54.18291" yp2="26.84920" sp="0.15000" color="gray" opacity="100"/>
<line xp1="54.18291" yp1="26.84920" xp2="54.17394" yp2="26.78154" sp="0.15000" color="gray" opacity="100"/>
<line xp1="54.17394" yp1="26.78154" xp2="54.22435" yp2="26.76546" sp="0.15000" color="gray" opacity="100"/>
<line xp1="54.22435" yp1="26.76546" xp2="54.25577" yp2="26.80197" sp="0.15000" color="gray" opacity="100"/>
<line xp1="54.25577" yp1="26.80197" xp2="54.29529" yp2="26.88411" sp="0.15000" color="gray" opacity="100"/>
<line xp1="54.29529" yp1="26.88411" xp2="54.33291" yp2="26.94046" sp="0.15000" color="gray" opacity="100"/>
<line xp1="54.33291" yp1="26.94046" xp2="54.37906" yp2="26.99166" sp="0.15000" color="gray" opacity="100"/>
<line xp1="54.37906" yp1="26.99166" xp2="54.43078" yp2="27.03411" sp="0.15000" color="gray" opacity="100"/>
<line xp1="54.43078" yp1="27.03411" xp2="54.67863" yp2="27.22143" sp="0.15000" color="gray" opacity="100"/>
<line xp1="54.67863" yp1="27.22143" xp2="54.89615" yp2="27.38331" sp="0.15000" color="gray" opacity="100"/>
<line xp1="54.89615" yp1="27.38331" xp2="55.17800" yp2="27.58174" sp="0.15000" color="gray" opacity="100"/>
<line xp1="55.17800" yp1="27.58174" xp2="55.27946" yp2="27.64046" sp="0.15000" color="gray" opacity="100"/>
<line xp1="55.27946" yp1="27.64046" xp2="55.32863" yp2="27.65474" sp="0.15000" color="gray" opacity="100"/>
<line xp1="55.32863" yp1="27.65474" xp2="55.50728" yp2="27.66149" sp="0.15000" color="gray" opacity="100"/>
<line xp1="55.50728" yp1="27.66149" xp2="55.55245" yp2="27.63471" sp="0.15000" color="gray" opacity="100"/>
<line xp1="55.55245" yp1="27.63471" xp2="55.60240" yp2="27.66180" sp="0.15000" color="gray" opacity="100"/>
<line xp1="55.60240" yp1="27.66180" xp2="55.55275" yp2="27.82974" sp="0.15000" color="gray" opacity="100"/>
<line xp1="55.55275" yp1="27.82974" xp2="55.51582" yp2="27.90157" sp="0.15000" color="gray" opacity="100"/>
<line xp1="55.51582" yp1="27.90157" xp2="55.46538" yp2="27.96091" sp="0.15000" color="gray" opacity="100"/>
<line xp1="55.46538" yp1="27.96091" xp2="55.44851" yp2="28.04760" sp="0.15000" color="gray" opacity="100"/>
<line xp1="55.44851" yp1="28.04760" xp2="55.61229" yp2="28.52894" sp="0.15000" color="gray" opacity="100"/>
<line xp1="55.61229" yp1="28.52894" xp2="55.69745" yp2="28.55474" sp="0.15000" color="gray" opacity="100"/>
<line xp1="55.69745" yp1="28.55474" xp2="55.70812" yp2="28.55671" sp="0.15000" color="gray" opacity="100"/>
<line xp1="55.70812" yp1="28.55671" xp2="55.74149" yp2="28.50366" sp="0.15000" color="gray" opacity="100"/>
<line xp1="55.74149" yp1="28.50366" xp2="55.73374" yp2="28.28689" sp="0.15000" color="gray" opacity="100"/>
<line xp1="55.73374" yp1="28.28689" xp2="55.67406" yp2="28.09680" sp="0.15000" color="gray" opacity="100"/>
<line xp1="55.67406" yp1="28.09680" xp2="55.59678" yp2="28.08769" sp="0.15000" color="gray" opacity="100"/>
<line xp1="55.59678" yp1="28.08769" xp2="55.55075" yp2="28.05017" sp="0.15000" color="gray" opacity="100"/>
<line xp1="55.55075" yp1="28.05017" xp2="55.53695" yp2="27.97460" sp="0.15000" color="gray" opacity="100"/>
<line xp1="55.53695" yp1="27.97460" xp2="55.56068" yp2="27.84363" sp="0.15000" color="gray" opacity="100"/>
<line xp1="55.56068" yp1="27.84363" xp2="55.61463" yp2="27.73946" sp="0.15000" color="gray" opacity="100"/>
<line xp1="55.61463" yp1="27.73946" xp2="55.65620" yp2="27.73769" sp="0.15000" color="gray" opacity="100"/>
<line xp1="55.65620" yp1="27.73769" xp2="55.70149" yp2="27.79246" sp="0.15000" color="gray" opacity="100"/>
<line xp1="55.70149" yp1="27.79246" xp2="55.76923" yp2="27.85714" sp="0.15000" color="gray" opacity="100"/>
<line xp1="55.76923" yp1="27.85714" xp2="55.81646" yp2="27.88331" sp="0.15000" color="gray" opacity="100"/>
<line xp1="55.81646" yp1="27.88331" xp2="55.89574" yp2="27.89680" sp="0.15000" color="gray" opacity="100"/>
<line xp1="55.89574" yp1="27.89680" xp2="56.46157" yp2="27.96189" sp="0.15000" color="gray" opacity="100"/>
<line xp1="56.46157" yp1="27.96189" xp2="56.50426" yp2="27.96269" sp="0.15000" color="gray" opacity="100"/>
<line xp1="56.50426" yp1="27.96269" xp2="56.55255" yp2="27.95714" sp="0.15000" color="gray" opacity="100"/>
<line xp1="56.55255" yp1="27.95714" xp2="56.70042" yp2="27.91269" sp="0.15000" color="gray" opacity="100"/>
<line xp1="56.70042" yp1="27.91269" xp2="56.74103" yp2="27.89603" sp="0.15000" color="gray" opacity="100"/>
<line xp1="56.74103" yp1="27.89603" xp2="56.86537" yp2="27.82617" sp="0.15000" color="gray" opacity="100"/>
<line xp1="56.86537" yp1="27.82617" xp2="57.06835" yp2="27.69523" sp="0.15000" color="gray" opacity="100"/>
<line xp1="57.06835" yp1="27.69523" xp2="57.14574" yp2="27.60871" sp="0.15000" color="gray" opacity="100"/>
<line xp1="57.14574" yp1="27.60871" xp2="57.20983" yp2="27.55397" sp="0.15000" color="gray" opacity="100"/>
<line xp1="57.20983" yp1="27.55397" xp2="57.30598" yp2="27.48769" sp="0.15000" color="gray" opacity="100"/>
<line xp1="57.30598" yp1="27.48769" xp2="57.40343" yp2="27.42934" sp="0.15000" color="gray" opacity="100"/>
<line xp1="57.40343" yp1="27.42934" xp2="57.58460" yp2="27.35951" sp="0.15000" color="gray" opacity="100"/>
<line xp1="57.58460" yp1="27.35951" xp2="57.94274" yp2="27.26349" sp="0.15000" color="gray" opacity="100"/>
<line xp1="57.94274" yp1="27.26349" xp2="57.98717" yp2="27.25634" sp="0.15000" color="gray" opacity="100"/>
<line xp1="57.98717" yp1="27.25634" xp2="58.04123" yp2="27.25991" sp="0.15000" color="gray" opacity="100"/>
<line xp1="58.04123" yp1="27.25991" xp2="58.25043" yp2="27.40000" sp="0.15000" color="gray" opacity="100"/>
<line xp1="58.25043" yp1="27.40000" xp2="58.30811" yp2="27.47300" sp="0.15000" color="gray" opacity="100"/>
<line xp1="58.30811" yp1="27.47300" xp2="58.19103" yp2="27.68649" sp="0.15000" color="gray" opacity="100"/>
<line xp1="58.19103" yp1="27.68649" xp2="58.23289" yp2="27.91111" sp="0.15000" color="gray" opacity="100"/>
<line xp1="58.23289" yp1="27.91111" xp2="58.61666" yp2="28.10317" sp="0.15000" color="gray" opacity="100"/>
<line xp1="58.61666" yp1="28.10317" xp2="58.70951" yp2="28.08074" sp="0.15000" color="gray" opacity="100"/>
<line xp1="58.70951" yp1="28.08074" xp2="58.73246" yp2="27.98729" sp="0.15000" color="gray" opacity="100"/>
<line xp1="58.73246" yp1="27.98729" xp2="58.97820" yp2="27.85314" sp="0.15000" color="gray" opacity="100"/>
<line xp1="58.97820" yp1="27.85314" xp2="59.02917" yp2="27.82577" sp="0.15000" color="gray" opacity="100"/>
<line xp1="59.02917" yp1="27.82577" xp2="59.14286" yp2="27.51566" sp="0.15000" color="gray" opacity="100"/>
<line xp1="59.14286" yp1="27.51566" xp2="59.15215" yp2="27.38889" sp="0.15000" color="gray" opacity="100"/>
<line xp1="59.15215" yp1="27.38889" xp2="59.16411" yp2="27.26506" sp="0.15000" color="gray" opacity="100"/>
<line xp1="59.16411" yp1="27.26506" xp2="59.19529" yp2="27.23491" sp="0.15000" color="gray" opacity="100"/>
<line xp1="59.19529" yp1="27.23491" xp2="59.36152" yp2="27.25794" sp="0.15000" color="gray" opacity="100"/>
<line xp1="59.36152" yp1="27.25794" xp2="59.58888" yp2="27.04840" sp="0.15000" color="gray" opacity="100"/>
<line xp1="59.58888" yp1="27.04840" xp2="59.80534" yp2="26.70674" sp="0.15000" color="gray" opacity="100"/>
<line xp1="59.80534" yp1="26.70674" xp2="59.82394" yp2="26.64406" sp="0.15000" color="gray" opacity="100"/>
<line xp1="59.82394" yp1="26.64406" xp2="59.81892" yp2="26.46429" sp="0.15000" color="gray" opacity="100"/>
<line xp1="59.81892" yp1="26.46429" xp2="59.77040" yp2="26.42697" sp="0.15000" color="gray" opacity="100"/>
<line xp1="59.77040" yp1="26.42697" xp2="59.73312" yp2="26.49603" sp="0.15000" color="gray" opacity="100"/>
<line xp1="59.73312" yp1="26.49603" xp2="59.74914" yp2="26.55197" sp="0.15000" color="gray" opacity="100"/>
<line xp1="59.74914" yp1="26.55197" xp2="59.75054" yp2="26.65654" sp="0.15000" color="gray" opacity="100"/>
<line xp1="59.75054" yp1="26.65654" xp2="59.65642" yp2="26.74443" sp="0.15000" color="gray" opacity="100"/>
<line xp1="59.65642" yp1="26.74443" xp2="59.47798" yp2="26.64206" sp="0.15000" color="gray" opacity="100"/>
<line xp1="59.47798" yp1="26.64206" xp2="59.50425" yp2="26.55794" sp="0.15000" color="gray" opacity="100"/>
<line xp1="59.50425" yp1="26.55794" xp2="59.53932" yp2="26.48969" sp="0.15000" color="gray" opacity="100"/>
<line xp1="59.53932" yp1="26.48969" xp2="59.57243" yp2="26.44523" sp="0.15000" color="gray" opacity="100"/>
<line xp1="59.57243" yp1="26.44523" xp2="59.60789" yp2="26.41229" sp="0.15000" color="gray" opacity="100"/>
<line xp1="59.60789" yp1="26.41229" xp2="59.66238" yp2="26.37617" sp="0.15000" color="gray" opacity="100"/>
<line xp1="59.66238" yp1="26.37617" xp2="59.70043" yp2="26.36269" sp="0.15000" color="gray" opacity="100"/>
<line xp1="59.70043" yp1="26.36269" xp2="59.85083" yp2="26.29206" sp="0.15000" color="gray" opacity="100"/>
<line xp1="59.85083" yp1="26.29206" xp2="59.88055" yp2="26.27100" sp="0.15000" color="gray" opacity="100"/>
<line xp1="59.88055" yp1="26.27100" xp2="59.92566" yp2="26.26903" sp="0.15000" color="gray" opacity="100"/>
<line xp1="59.92566" yp1="26.26903" xp2="59.94562" yp2="26.32320" sp="0.15000" color="gray" opacity="100"/>
<line xp1="59.94562" yp1="26.32320" xp2="60.00169" yp2="26.34066" sp="0.15000" color="gray" opacity="100"/>
<line xp1="60.00169" yp1="26.34066" xp2="60.10769" yp2="26.18371" sp="0.15000" color="gray" opacity="100"/>
<line xp1="60.10769" yp1="26.18371" xp2="60.13506" yp2="26.14523" sp="0.15000" color="gray" opacity="100"/>
<line xp1="60.13506" yp1="26.14523" xp2="60.18720" yp2="26.08214" sp="0.15000" color="gray" opacity="100"/>
<line xp1="60.18720" yp1="26.08214" xp2="60.36152" yp2="26.02697" sp="0.15000" color="gray" opacity="100"/>
<line xp1="60.36152" yp1="26.02697" xp2="60.45843" yp2="26.04523" sp="0.15000" color="gray" opacity="100"/>
<line xp1="60.45843" yp1="26.04523" xp2="60.49446" yp2="26.08491" sp="0.15000" color="gray" opacity="100"/>
<line xp1="60.49446" yp1="26.08491" xp2="60.54272" yp2="26.16586" sp="0.15000" color="gray" opacity="100"/>
<line xp1="60.54272" yp1="26.16586" xp2="60.63120" yp2="26.38094" sp="0.15000" color="gray" opacity="100"/>
<line xp1="60.63120" yp1="26.38094" xp2="60.73163" yp2="26.54206" sp="0.15000" color="gray" opacity="100"/>
<line xp1="60.73163" yp1="26.54206" xp2="60.85471" yp2="26.64603" sp="0.15000" color="gray" opacity="100"/>
<line xp1="60.85471" yp1="26.64603" xp2="60.93289" yp2="26.62143" sp="0.15000" color="gray" opacity="100"/>
<line xp1="60.93289" yp1="26.62143" xp2="61.00769" yp2="26.59760" sp="0.15000" color="gray" opacity="100"/>
<line xp1="61.00769" yp1="26.59760" xp2="61.11880" yp2="26.45634" sp="0.15000" color="gray" opacity="100"/>
<line xp1="61.11880" yp1="26.45634" xp2="61.14528" yp2="26.27777" sp="0.15000" color="gray" opacity="100"/>
<line xp1="61.14528" yp1="26.27777" xp2="61.17586" yp2="26.05277" sp="0.15000" color="gray" opacity="100"/>
<line xp1="61.17586" yp1="26.05277" xp2="61.17543" yp2="25.97777" sp="0.15000" color="gray" opacity="100"/>
<line xp1="61.17543" yp1="25.97777" xp2="61.15728" yp2="25.95000" sp="0.15000" color="gray" opacity="100"/>
<line xp1="61.15728" yp1="25.95000" xp2="61.17308" yp2="25.95317" sp="0.15000" color="gray" opacity="100"/>
<line xp1="61.17308" yp1="25.95317" xp2="61.21625" yp2="25.97460" sp="0.15000" color="gray" opacity="100"/>
<line xp1="61.21625" yp1="25.97460" xp2="61.32949" yp2="26.07537" sp="0.15000" color="gray" opacity="100"/>
<line xp1="61.32949" yp1="26.07537" xp2="61.36005" yp2="26.11151" sp="0.15000" color="gray" opacity="100"/>
<line xp1="61.36005" yp1="26.11151" xp2="61.43718" yp2="26.23809" sp="0.15000" color="gray" opacity="100"/>
<line xp1="61.43718" yp1="26.23809" xp2="61.45909" yp2="26.34720" sp="0.15000" color="gray" opacity="100"/>
<line xp1="61.45909" yp1="26.34720" xp2="61.45085" yp2="26.60554" sp="0.15000" color="gray" opacity="100"/>
<line xp1="61.45085" yp1="26.60554" xp2="61.49765" yp2="26.92897" sp="0.15000" color="gray" opacity="100"/>
<line xp1="61.49765" yp1="26.92897" xp2="61.44808" yp2="27.02737" sp="0.15000" color="gray" opacity="100"/>
<line xp1="61.44808" yp1="27.02737" xp2="61.38974" yp2="27.03251" sp="0.15000" color="gray" opacity="100"/>
<line xp1="61.38974" yp1="27.03251" xp2="61.34637" yp2="27.04523" sp="0.15000" color="gray" opacity="100"/>
<line xp1="61.34637" yp1="27.04523" xp2="61.27372" yp2="27.10871" sp="0.15000" color="gray" opacity="100"/>
<line xp1="61.27372" yp1="27.10871" xp2="61.24446" yp2="27.17380" sp="0.15000" color="gray" opacity="100"/>
<line xp1="61.24446" yp1="27.17380" xp2="61.22574" yp2="27.27063" sp="0.15000" color="gray" opacity="100"/>
<line xp1="61.22574" yp1="27.27063" xp2="61.25771" yp2="27.34246" sp="0.15000" color="gray" opacity="100"/>
<line xp1="61.25771" yp1="27.34246" xp2="61.35515" yp2="27.28969" sp="0.15000" color="gray" opacity="100"/>
<line xp1="61.35515" yp1="27.28969" xp2="61.56112" yp2="27.10394" sp="0.15000" color="gray" opacity="100"/>
<line xp1="61.56112" yp1="27.10394" xp2="61.79742" yp2="26.98254" sp="0.15000" color="gray" opacity="100"/>
<line xp1="61.79742" yp1="26.98254" xp2="61.88717" yp2="26.89960" sp="0.15000" color="gray" opacity="100"/>
<line xp1="61.88717" yp1="26.89960" xp2="61.92180" yp2="26.74443" sp="0.15000" color="gray" opacity="100"/>
<line xp1="61.92180" yp1="26.74443" xp2="61.89145" yp2="26.68331" sp="0.15000" color="gray" opacity="100"/>
<line xp1="61.89145" yp1="26.68331" xp2="61.98717" yp2="26.57380" sp="0.15000" color="gray" opacity="100"/>
<line xp1="61.98717" yp1="26.57380" xp2="62.14092" yp2="26.43174" sp="0.15000" color="gray" opacity="100"/>
<line xp1="62.14092" yp1="26.43174" xp2="62.34060" yp2="26.38174" sp="0.15000" color="gray" opacity="100"/>
<line xp1="62.34060" yp1="26.38174" xp2="62.47757" yp2="25.97737" sp="0.15000" color="gray" opacity="100"/>
<line xp1="62.47757" yp1="25.97737" xp2="62.53012" yp2="25.96189" sp="0.15000" color="gray" opacity="100"/>
<line xp1="62.53012" yp1="25.96189" xp2="62.56709" yp2="26.00474" sp="0.15000" color="gray" opacity="100"/>
<line xp1="62.56709" yp1="26.00474" xp2="62.57885" yp2="26.06229" sp="0.15000" color="gray" opacity="100"/>
<line xp1="62.57885" yp1="26.06229" xp2="62.56975" yp2="26.15177" sp="0.15000" color="gray" opacity="100"/>
<line xp1="62.56975" yp1="26.15177" xp2="62.57798" yp2="26.22300" sp="0.15000" color="gray" opacity="100"/>
<line xp1="62.57798" yp1="26.22300" xp2="62.65843" yp2="26.14186" sp="0.15000" color="gray" opacity="100"/>
<line xp1="62.65843" yp1="26.14186" xp2="62.61240" yp2="25.95000" sp="0.15000" color="gray" opacity="100"/>
<line xp1="62.61240" yp1="25.95000" xp2="62.51411" yp2="25.72460" sp="0.15000" color="gray" opacity="100"/>
<line xp1="62.51411" yp1="25.72460" xp2="62.49038" yp2="25.68371" sp="0.15000" color="gray" opacity="100"/>
<line xp1="62.49038" yp1="25.68371" xp2="62.46538" yp2="25.64166" sp="0.15000" color="gray" opacity="100"/>
<line xp1="62.46538" yp1="25.64166" xp2="62.44146" yp2="25.51746" sp="0.15000" color="gray" opacity="100"/>
<line xp1="62.44146" yp1="25.51746" xp2="62.45385" yp2="25.50474" sp="0.15000" color="gray" opacity="100"/>
<line xp1="62.45385" yp1="25.50474" xp2="62.47595" yp2="25.52023" sp="0.15000" color="gray" opacity="100"/>
<line xp1="62.47595" yp1="25.52023" xp2="62.51838" yp2="25.58174" sp="0.15000" color="gray" opacity="100"/>
<line xp1="62.51838" yp1="25.58174" xp2="62.55642" yp2="25.67657" sp="0.15000" color="gray" opacity="100"/>
<line xp1="62.55642" yp1="25.67657" xp2="62.57563" yp2="25.76666" sp="0.15000" color="gray" opacity="100"/>
<line xp1="62.57563" yp1="25.76666" xp2="62.60469" yp2="25.83491" sp="0.15000" color="gray" opacity="100"/>
<line xp1="62.60469" yp1="25.83491" xp2="62.69317" yp2="25.98889" sp="0.15000" color="gray" opacity="100"/>
<line xp1="62.69317" yp1="25.98889" xp2="62.84018" yp2="25.82857" sp="0.15000" color="gray" opacity="100"/>
<line xp1="62.84018" yp1="25.82857" xp2="63.01175" yp2="26.02974" sp="0.15000" color="gray" opacity="100"/>
<line xp1="63.01175" yp1="26.02974" xp2="63.04358" yp2="26.11506" sp="0.15000" color="gray" opacity="100"/>
<line xp1="63.04358" yp1="26.11506" xp2="63.06345" yp2="26.21189" sp="0.15000" color="gray" opacity="100"/>
<line xp1="63.06345" yp1="26.21189" xp2="63.06258" yp2="26.27537" sp="0.15000" color="gray" opacity="100"/>
<line xp1="63.06258" yp1="26.27537" xp2="63.03203" yp2="26.33094" sp="0.15000" color="gray" opacity="100"/>
<line xp1="63.03203" yp1="26.33094" xp2="62.78891" yp2="26.68491" sp="0.15000" color="gray" opacity="100"/>
<line xp1="62.78891" yp1="26.68491" xp2="62.68331" yp2="26.67063" sp="0.15000" color="gray" opacity="100"/>
<line xp1="62.68331" yp1="26.67063" xp2="62.58846" yp2="26.71586" sp="0.15000" color="gray" opacity="100"/>
<line xp1="62.58846" yp1="26.71586" xp2="62.36282" yp2="26.86586" sp="0.15000" color="gray" opacity="100"/>
<line xp1="62.36282" yp1="26.86586" xp2="62.27822" yp2="27.03569" sp="0.15000" color="gray" opacity="100"/>
<line xp1="62.27822" yp1="27.03569" xp2="62.03418" yp2="27.21626" sp="0.15000" color="gray" opacity="100"/>
<line xp1="62.03418" yp1="27.21626" xp2="61.91889" yp2="27.52280" sp="0.15000" color="gray" opacity="100"/>
<line xp1="61.91889" yp1="27.52280" xp2="62.05768" yp2="27.61826" sp="0.15000" color="gray" opacity="100"/>
<line xp1="62.05768" yp1="27.61826" xp2="62.16837" yp2="27.82537" sp="0.15000" color="gray" opacity="100"/>
<line xp1="62.16837" yp1="27.82537" xp2="62.34402" yp2="28.09226" sp="0.15000" color="gray" opacity="100"/>
<line xp1="62.34402" yp1="28.09226" xp2="62.38763" yp2="28.06109" sp="0.15000" color="gray" opacity="100"/>
<line xp1="62.38763" yp1="28.06109" xp2="62.41582" yp2="28.02380" sp="0.15000" color="gray" opacity="100"/>
<line xp1="62.41582" yp1="28.02380" xp2="62.44274" yp2="27.97223" sp="0.15000" color="gray" opacity="100"/>
<line xp1="62.44274" yp1="27.97223" xp2="62.45511" yp2="27.89286" sp="0.15000" color="gray" opacity="100"/>
<line xp1="62.45511" yp1="27.89286" xp2="62.56346" yp2="28.22340" sp="0.15000" color="gray" opacity="100"/>
<line xp1="62.56346" yp1="28.22340" xp2="62.46240" yp2="28.71666" sp="0.15000" color="gray" opacity="100"/>
<line xp1="62.46240" yp1="28.71666" xp2="62.34412" yp2="28.78460" sp="0.15000" color="gray" opacity="100"/>
<line xp1="62.34412" yp1="28.78460" xp2="62.20642" yp2="28.46031" sp="0.15000" color="gray" opacity="100"/>
<line xp1="62.20642" yp1="28.46031" xp2="62.17031" yp2="28.28451" sp="0.15000" color="gray" opacity="100"/>
<line xp1="62.17031" yp1="28.28451" xp2="62.11432" yp2="28.20971" sp="0.15000" color="gray" opacity="100"/>
<line xp1="62.11432" yp1="28.20971" xp2="62.06454" yp2="28.21111" sp="0.15000" color="gray" opacity="100"/>
<line xp1="62.06454" yp1="28.21111" xp2="62.02522" yp2="28.22577" sp="0.15000" color="gray" opacity="100"/>
<line xp1="62.02522" yp1="28.22577" xp2="61.81869" yp2="28.41566" sp="0.15000" color="gray" opacity="100"/>
<line xp1="61.81869" yp1="28.41566" xp2="61.79146" yp2="28.51743" sp="0.15000" color="gray" opacity="100"/>
<line xp1="61.79146" yp1="28.51743" xp2="61.77885" yp2="28.59166" sp="0.15000" color="gray" opacity="100"/>
<line xp1="61.77885" yp1="28.59166" xp2="61.80340" yp2="28.66546" sp="0.15000" color="gray" opacity="100"/>
<line xp1="61.80340" yp1="28.66546" xp2="61.83740" yp2="28.69800" sp="0.15000" color="gray" opacity="100"/>
<line xp1="61.83740" yp1="28.69800" xp2="61.89306" yp2="28.69800" sp="0.15000" color="gray" opacity="100"/>
<line xp1="61.89306" yp1="28.69800" xp2="61.97052" yp2="28.73729" sp="0.15000" color="gray" opacity="100"/>
<line xp1="61.97052" yp1="28.73729" xp2="62.08825" yp2="28.95197" sp="0.15000" color="gray" opacity="100"/>
<line xp1="62.08825" yp1="28.95197" xp2="62.04071" yp2="29.04900" sp="0.15000" color="gray" opacity="100"/>
<line xp1="62.04071" yp1="29.04900" xp2="61.96568" yp2="28.97923" sp="0.15000" color="gray" opacity="100"/>
<line xp1="61.96568" yp1="28.97923" xp2="61.82778" yp2="28.85474" sp="0.15000" color="gray" opacity="100"/>
<line xp1="61.82778" yp1="28.85474" xp2="61.48611" yp2="28.67620" sp="0.15000" color="gray" opacity="100"/>
<line xp1="61.48611" yp1="28.67620" xp2="61.33589" yp2="28.63491" sp="0.15000" color="gray" opacity="100"/>
<line xp1="61.33589" yp1="28.63491" xp2="61.27671" yp2="28.63849" sp="0.15000" color="gray" opacity="100"/>
<line xp1="61.27671" yp1="28.63849" xp2="61.00042" yp2="28.74760" sp="0.15000" color="gray" opacity="100"/>
<line xp1="61.00042" yp1="28.74760" xp2="60.90365" yp2="28.85117" sp="0.15000" color="gray" opacity="100"/>
<line xp1="60.90365" yp1="28.85117" xp2="60.88440" yp2="28.92420" sp="0.15000" color="gray" opacity="100"/>
<line xp1="60.88440" yp1="28.92420" xp2="60.87608" yp2="29.00514" sp="0.15000" color="gray" opacity="100"/>
<line xp1="60.87608" yp1="29.00514" xp2="60.88014" yp2="29.08174" sp="0.15000" color="gray" opacity="100"/>
<line xp1="60.88014" yp1="29.08174" xp2="60.90000" yp2="29.15277" sp="0.15000" color="gray" opacity="100"/>
<line xp1="60.90000" yp1="29.15277" xp2="61.17500" yp2="29.64720" sp="0.15000" color="gray" opacity="100"/>
<line xp1="61.17500" yp1="29.64720" xp2="61.20962" yp2="29.67697" sp="0.15000" color="gray" opacity="100"/>
<line xp1="61.20962" yp1="29.67697" xp2="61.24980" yp2="29.67934" sp="0.15000" color="gray" opacity="100"/>
<line xp1="61.24980" yp1="29.67934" xp2="61.40086" yp2="29.61586" sp="0.15000" color="gray" opacity="100"/>
<line xp1="61.40086" yp1="29.61586" xp2="61.44017" yp2="29.59680" sp="0.15000" color="gray" opacity="100"/>
<line xp1="61.44017" yp1="29.59680" xp2="61.53718" yp2="29.48331" sp="0.15000" color="gray" opacity="100"/>
<line xp1="61.53718" yp1="29.48331" xp2="61.55706" yp2="29.43174" sp="0.15000" color="gray" opacity="100"/>
<line xp1="61.55706" yp1="29.43174" xp2="61.56986" yp2="29.33254" sp="0.15000" color="gray" opacity="100"/>
<line xp1="61.56986" yp1="29.33254" xp2="61.81580" yp2="29.20951" sp="0.15000" color="gray" opacity="100"/>
<line xp1="61.81580" yp1="29.20951" xp2="62.00769" yp2="29.09649" sp="0.15000" color="gray" opacity="100"/>
<line xp1="62.00769" yp1="29.09649" xp2="62.16442" yp2="29.00931" sp="0.15000" color="gray" opacity="100"/>
<line xp1="62.16442" yp1="29.00931" xp2="62.27374" yp2="29.10529" sp="0.15000" color="gray" opacity="100"/>
<line xp1="62.27374" yp1="29.10529" xp2="62.30983" yp2="29.09680" sp="0.15000" color="gray" opacity="100"/>
<line xp1="62.30983" yp1="29.09680" xp2="62.38729" yp2="29.09800" sp="0.15000" color="gray" opacity="100"/>
<line xp1="62.38729" yp1="29.09800" xp2="62.59723" yp2="29.45871" sp="0.15000" color="gray" opacity="100"/>
<line xp1="62.59723" yp1="29.45871" xp2="62.67008" yp2="29.48074" sp="0.15000" color="gray" opacity="100"/>
<line xp1="62.67008" yp1="29.48074" xp2="62.76562" yp2="29.50594" sp="0.15000" color="gray" opacity="100"/>
<line xp1="62.76562" yp1="29.50594" xp2="63.10000" yp2="29.67537" sp="0.15000" color="gray" opacity="100"/>
<line xp1="63.10000" yp1="29.67537" xp2="63.10640" yp2="29.76666" sp="0.15000" color="gray" opacity="100"/>
<line xp1="63.10640" yp1="29.76666" xp2="63.33460" yp2="29.75157" sp="0.15000" color="gray" opacity="100"/>
<line xp1="63.33460" yp1="29.75157" xp2="63.40278" yp2="29.65037" sp="0.15000" color="gray" opacity="100"/>
<line xp1="63.40278" yp1="29.65037" xp2="63.46966" yp2="29.58331" sp="0.15000" color="gray" opacity="100"/>
<line xp1="63.46966" yp1="29.58331" xp2="63.50385" yp2="29.56111" sp="0.15000" color="gray" opacity="100"/>
<line xp1="63.50385" yp1="29.56111" xp2="63.54445" yp2="29.55911" sp="0.15000" color="gray" opacity="100"/>
<line xp1="63.54445" yp1="29.55911" xp2="63.67009" yp2="29.61031" sp="0.15000" color="gray" opacity="100"/>
<line xp1="63.67009" yp1="29.61031" xp2="63.75406" yp2="29.56666" sp="0.15000" color="gray" opacity="100"/>
<line xp1="63.75406" yp1="29.56666" xp2="63.87009" yp2="29.49443" sp="0.15000" color="gray" opacity="100"/>
<line xp1="63.87009" yp1="29.49443" xp2="63.91089" yp2="29.47857" sp="0.15000" color="gray" opacity="100"/>
<line xp1="63.91089" yp1="29.47857" xp2="63.99080" yp2="29.58969" sp="0.15000" color="gray" opacity="100"/>
<line xp1="63.99080" yp1="29.58969" xp2="63.99663" yp2="29.67903" sp="0.15000" color="gray" opacity="100"/>
<line xp1="63.99663" yp1="29.67903" xp2="64.07169" yp2="29.72637" sp="0.15000" color="gray" opacity="100"/>
<line xp1="64.07169" yp1="29.72637" xp2="64.31952" yp2="29.59980" sp="0.15000" color="gray" opacity="100"/>
<line xp1="64.31952" yp1="29.59980" xp2="64.31689" yp2="29.51863" sp="0.15000" color="gray" opacity="100"/>
<line xp1="64.31689" yp1="29.51863" xp2="64.41315" yp2="29.48274" sp="0.15000" color="gray" opacity="100"/>
<line xp1="64.41315" yp1="29.48274" xp2="64.44445" yp2="29.62023" sp="0.15000" color="gray" opacity="100"/>
<line xp1="64.44445" yp1="29.62023" xp2="64.45043" yp2="29.70711" sp="0.15000" color="gray" opacity="100"/>
<line xp1="64.45043" yp1="29.70711" xp2="64.45812" yp2="29.91506" sp="0.15000" color="gray" opacity="100"/>
<line xp1="64.45812" yp1="29.91506" xp2="64.46005" yp2="30.03611" sp="0.15000" color="gray" opacity="100"/>
<line xp1="64.46005" yp1="30.03611" xp2="64.48846" yp2="30.21349" sp="0.15000" color="gray" opacity="100"/>
<line xp1="64.48846" yp1="30.21349" xp2="64.58418" yp2="30.57460" sp="0.15000" color="gray" opacity="100"/>
<line xp1="64.58418" yp1="30.57460" xp2="64.69380" yp2="30.48669" sp="0.15000" color="gray" opacity="100"/>
<line xp1="64.69380" yp1="30.48669" xp2="64.72223" yp2="30.40314" sp="0.15000" color="gray" opacity="100"/>
<line xp1="64.72223" yp1="30.40314" xp2="64.74915" yp2="30.26826" sp="0.15000" color="gray" opacity="100"/>
<line xp1="64.74915" yp1="30.26826" xp2="64.75469" yp2="30.19840" sp="0.15000" color="gray" opacity="100"/>
<line xp1="64.75469" yp1="30.19840" xp2="64.74188" yp2="30.09683" sp="0.15000" color="gray" opacity="100"/>
<line xp1="64.74188" yp1="30.09683" xp2="64.71668" yp2="29.98649" sp="0.15000" color="gray" opacity="100"/>
<line xp1="64.71668" yp1="29.98649" xp2="64.75629" yp2="29.74206" sp="0.15000" color="gray" opacity="100"/>
<line xp1="64.75629" yp1="29.74206" xp2="64.81263" yp2="29.66943" sp="0.15000" color="gray" opacity="100"/>
<line xp1="64.81263" yp1="29.66943" xp2="64.87434" yp2="29.60237" sp="0.15000" color="gray" opacity="100"/>
<line xp1="64.87434" yp1="29.60237" xp2="64.97938" yp2="29.43729" sp="0.15000" color="gray" opacity="100"/>
<line xp1="64.97938" yp1="29.43729" xp2="64.98814" yp2="29.37837" sp="0.15000" color="gray" opacity="100"/>
<line xp1="64.98814" yp1="29.37837" xp2="64.95663" yp2="29.32260" sp="0.15000" color="gray" opacity="100"/>
<line xp1="64.95663" yp1="29.32260" xp2="64.80963" yp2="29.25017" sp="0.15000" color="gray" opacity="100"/>
<line xp1="64.80963" yp1="29.25017" xp2="64.74572" yp2="29.27140" sp="0.15000" color="gray" opacity="100"/>
<line xp1="64.74572" yp1="29.27140" xp2="64.68846" yp2="29.28094" sp="0.15000" color="gray" opacity="100"/>
<line xp1="64.68846" yp1="29.28094" xp2="64.58254" yp2="29.21566" sp="0.15000" color="gray" opacity="100"/>
<line xp1="64.58254" yp1="29.21566" xp2="64.95812" yp2="29.23331" sp="0.15000" color="gray" opacity="100"/>
<line xp1="64.95812" yp1="29.23331" xp2="65.02522" yp2="29.24283" sp="0.15000" color="gray" opacity="100"/>
<line xp1="65.02522" yp1="29.24283" xp2="65.14466" yp2="29.29126" sp="0.15000" color="gray" opacity="100"/>
<line xp1="65.14466" yp1="29.29126" xp2="65.27905" yp2="29.36983" sp="0.15000" color="gray" opacity="100"/>
<line xp1="65.27905" yp1="29.36983" xp2="65.44102" yp2="29.59920" sp="0.15000" color="gray" opacity="100"/>
<line xp1="65.44102" yp1="29.59920" xp2="65.50342" yp2="29.77300" sp="0.15000" color="gray" opacity="100"/>
<line xp1="65.50342" yp1="29.77300" xp2="65.52478" yp2="29.86506" sp="0.15000" color="gray" opacity="100"/>
<line xp1="65.52478" yp1="29.86506" xp2="65.50708" yp2="29.94557" sp="0.15000" color="gray" opacity="100"/>
<line xp1="65.50708" yp1="29.94557" xp2="65.60758" yp2="29.87520" sp="0.15000" color="gray" opacity="100"/>
<line xp1="65.60758" yp1="29.87520" xp2="65.62949" yp2="29.81309" sp="0.15000" color="gray" opacity="100"/>
<line xp1="65.62949" yp1="29.81309" xp2="65.51069" yp2="29.53809" sp="0.15000" color="gray" opacity="100"/>
<line xp1="65.51069" yp1="29.53809" xp2="65.44800" yp2="29.44820" sp="0.15000" color="gray" opacity="100"/>
<line xp1="65.44800" yp1="29.44820" xp2="65.38686" yp2="29.43809" sp="0.15000" color="gray" opacity="100"/>
<line xp1="65.38686" yp1="29.43809" xp2="65.34991" yp2="29.36940" sp="0.15000" color="gray" opacity="100"/>
<line xp1="65.34991" yp1="29.36940" xp2="65.45683" yp2="29.40157" sp="0.15000" color="gray" opacity="100"/>
<line xp1="65.45683" yp1="29.40157" xp2="65.63975" yp2="29.47063" sp="0.15000" color="gray" opacity="100"/>
<line xp1="65.63975" yp1="29.47063" xp2="65.68206" yp2="29.48966" sp="0.15000" color="gray" opacity="100"/>
<line xp1="65.68206" yp1="29.48966" xp2="65.68906" yp2="29.55843" sp="0.15000" color="gray" opacity="100"/>
<line xp1="65.68906" yp1="29.55843" xp2="65.74443" yp2="29.57460" sp="0.15000" color="gray" opacity="100"/>
<line xp1="65.74443" yp1="29.57460" xp2="65.87735" yp2="29.80474" sp="0.15000" color="gray" opacity="100"/>
<line xp1="65.87735" yp1="29.80474" xp2="65.91282" yp2="29.92043" sp="0.15000" color="gray" opacity="100"/>
<line xp1="65.91282" yp1="29.92043" xp2="65.91815" yp2="29.99603" sp="0.15000" color="gray" opacity="100"/>
<line xp1="65.91815" yp1="29.99603" xp2="65.90640" yp2="30.05077" sp="0.15000" color="gray" opacity="100"/>
<line xp1="65.90640" yp1="30.05077" xp2="65.99700" yp2="30.07617" sp="0.15000" color="gray" opacity="100"/>
<line xp1="65.99700" yp1="30.07617" xp2="66.13460" yp2="30.05714" sp="0.15000" color="gray" opacity="100"/>
<line xp1="66.13460" yp1="30.05714" xp2="66.22522" yp2="29.91666" sp="0.15000" color="gray" opacity="100"/>
<line xp1="66.22522" yp1="29.91666" xp2="66.25171" yp2="29.85714" sp="0.15000" color="gray" opacity="100"/>
<line xp1="66.25171" yp1="29.85714" xp2="66.17500" yp2="29.76349" sp="0.15000" color="gray" opacity="100"/>
<line xp1="66.17500" yp1="29.76349" xp2="66.13931" yp2="29.73571" sp="0.15000" color="gray" opacity="100"/>
<line xp1="66.13931" yp1="29.73571" xp2="66.02329" yp2="29.71666" sp="0.15000" color="gray" opacity="100"/>
<line xp1="66.02329" yp1="29.71666" xp2="65.97565" yp2="29.69840" sp="0.15000" color="gray" opacity="100"/>
<line xp1="65.97565" yp1="29.69840" xp2="65.88378" yp2="29.62806" sp="0.15000" color="gray" opacity="100"/>
<line xp1="65.88378" yp1="29.62806" xp2="65.95985" yp2="29.61109" sp="0.15000" color="gray" opacity="100"/>
<line xp1="65.95985" yp1="29.61109" xp2="66.00255" yp2="29.63729" sp="0.15000" color="gray" opacity="100"/>
<line xp1="66.00255" yp1="29.63729" xp2="66.04272" yp2="29.65317" sp="0.15000" color="gray" opacity="100"/>
<line xp1="66.04272" yp1="29.65317" xp2="66.19871" yp2="29.69523" sp="0.15000" color="gray" opacity="100"/>
<line xp1="66.19871" yp1="29.69523" xp2="66.26668" yp2="29.71189" sp="0.15000" color="gray" opacity="100"/>
<line xp1="66.26668" yp1="29.71189" xp2="66.49186" yp2="29.76189" sp="0.15000" color="gray" opacity="100"/>
<line xp1="66.49186" yp1="29.76189" xp2="66.60212" yp2="29.76903" sp="0.15000" color="gray" opacity="100"/>
<line xp1="66.60212" yp1="29.76903" xp2="66.67009" yp2="29.76349" sp="0.15000" color="gray" opacity="100"/>
<line xp1="66.67009" yp1="29.76349" xp2="66.74103" yp2="29.75714" sp="0.15000" color="gray" opacity="100"/>
<line xp1="66.74103" yp1="29.75714" xp2="66.77222" yp2="29.75714" sp="0.15000" color="gray" opacity="100"/>
<line xp1="66.77222" yp1="29.75714" xp2="66.93398" yp2="29.91426" sp="0.15000" color="gray" opacity="100"/>
<line xp1="66.93398" yp1="29.91426" xp2="67.01838" yp2="29.98889" sp="0.15000" color="gray" opacity="100"/>
<line xp1="67.01838" yp1="29.98889" xp2="67.29231" yp2="29.98809" sp="0.15000" color="gray" opacity="100"/>
<line xp1="67.29231" yp1="29.98809" xp2="67.38846" yp2="29.92300" sp="0.15000" color="gray" opacity="100"/>
<line xp1="67.38846" yp1="29.92300" xp2="67.50343" yp2="29.78886" sp="0.15000" color="gray" opacity="100"/>
<line xp1="67.50343" yp1="29.78886" xp2="67.53195" yp2="29.65454" sp="0.15000" color="gray" opacity="100"/>
<line xp1="67.53195" yp1="29.65454" xp2="67.44231" yp2="29.68809" sp="0.15000" color="gray" opacity="100"/>
<line xp1="67.44231" yp1="29.68809" xp2="67.17329" yp2="29.66983" sp="0.15000" color="gray" opacity="100"/>
<line xp1="67.17329" yp1="29.66983" xp2="67.21154" yp2="29.63571" sp="0.15000" color="gray" opacity="100"/>
<line xp1="67.21154" yp1="29.63571" xp2="67.29915" yp2="29.59523" sp="0.15000" color="gray" opacity="100"/>
<line xp1="67.29915" yp1="29.59523" xp2="67.43889" yp2="29.51269" sp="0.15000" color="gray" opacity="100"/>
<line xp1="67.43889" yp1="29.51269" xp2="67.56026" yp2="29.43889" sp="0.15000" color="gray" opacity="100"/>
<line xp1="67.56026" yp1="29.43889" xp2="67.64486" yp2="29.38251" sp="0.15000" color="gray" opacity="100"/>
<line xp1="67.64486" yp1="29.38251" xp2="67.80002" yp2="29.27063" sp="0.15000" color="gray" opacity="100"/>
<line xp1="67.80002" yp1="29.27063" xp2="67.84231" yp2="29.23489" sp="0.15000" color="gray" opacity="100"/>
<line xp1="67.84231" yp1="29.23489" xp2="67.88889" yp2="29.19126" sp="0.15000" color="gray" opacity="100"/>
<line xp1="67.88889" yp1="29.19126" xp2="67.95340" yp2="29.13014" sp="0.15000" color="gray" opacity="100"/>
<line xp1="67.95340" yp1="29.13014" xp2="68.03077" yp2="29.03649" sp="0.15000" color="gray" opacity="100"/>
<line xp1="68.03077" yp1="29.03649" xp2="68.11452" yp2="28.93094" sp="0.15000" color="gray" opacity="100"/>
<line xp1="68.11452" yp1="28.93094" xp2="68.11911" yp2="29.03474" sp="0.15000" color="gray" opacity="100"/>
<line xp1="68.11911" yp1="29.03474" xp2="68.09385" yp2="29.13951" sp="0.15000" color="gray" opacity="100"/>
<line xp1="68.09385" yp1="29.13951" xp2="68.05534" yp2="29.25791" sp="0.15000" color="gray" opacity="100"/>
<line xp1="68.05534" yp1="29.25791" xp2="67.99455" yp2="29.26129" sp="0.15000" color="gray" opacity="100"/>
<line xp1="67.99455" yp1="29.26129" xp2="67.95426" yp2="29.22180" sp="0.15000" color="gray" opacity="100"/>
<line xp1="67.95426" yp1="29.22180" xp2="67.92992" yp2="29.27737" sp="0.15000" color="gray" opacity="100"/>
<line xp1="67.92992" yp1="29.27737" xp2="67.94049" yp2="29.39266" sp="0.15000" color="gray" opacity="100"/>
<line xp1="67.94049" yp1="29.39266" xp2="68.08162" yp2="29.42063" sp="0.15000" color="gray" opacity="100"/>
<line xp1="68.08162" yp1="29.42063" xp2="68.20982" yp2="29.27460" sp="0.15000" color="gray" opacity="100"/>
<line xp1="68.20982" yp1="29.27460" xp2="68.17192" yp2="29.11620" sp="0.15000" color="gray" opacity="100"/>
<line xp1="68.17192" yp1="29.11620" xp2="68.23480" yp2="28.98854" sp="0.15000" color="gray" opacity="100"/>
<line xp1="68.23480" yp1="28.98854" xp2="68.55002" yp2="28.72617" sp="0.15000" color="gray" opacity="100"/>
<line xp1="68.55002" yp1="28.72617" xp2="68.59509" yp2="28.72974" sp="0.15000" color="gray" opacity="100"/>
<line xp1="68.59509" yp1="28.72974" xp2="68.62478" yp2="28.69009" sp="0.15000" color="gray" opacity="100"/>
<line xp1="68.62478" yp1="28.69009" xp2="68.55472" yp2="28.62191" sp="0.15000" color="gray" opacity="100"/>
<line xp1="68.55472" yp1="28.62191" xp2="68.49700" yp2="28.64523" sp="0.15000" color="gray" opacity="100"/>
<line xp1="68.49700" yp1="28.64523" xp2="68.42840" yp2="28.74443" sp="0.15000" color="gray" opacity="100"/>
<line xp1="68.42840" yp1="28.74443" xp2="68.38412" yp2="28.78446" sp="0.15000" color="gray" opacity="100"/>
<line xp1="68.38412" yp1="28.78446" xp2="68.30971" yp2="28.86389" sp="0.15000" color="gray" opacity="100"/>
<line xp1="68.30971" yp1="28.86389" xp2="68.26248" yp2="28.87037" sp="0.15000" color="gray" opacity="100"/>
<line xp1="68.26248" yp1="28.87037" xp2="68.28677" yp2="28.77143" sp="0.15000" color="gray" opacity="100"/>
<line xp1="68.28677" yp1="28.77143" xp2="68.39018" yp2="28.66823" sp="0.15000" color="gray" opacity="100"/>
<line xp1="68.39018" yp1="28.66823" xp2="68.60642" yp2="28.38174" sp="0.15000" color="gray" opacity="100"/>
<line xp1="68.60642" yp1="28.38174" xp2="68.67246" yp2="28.27974" sp="0.15000" color="gray" opacity="100"/>
<line xp1="68.67246" yp1="28.27974" xp2="68.75814" yp2="28.04563" sp="0.15000" color="gray" opacity="100"/>
<line xp1="68.75814" yp1="28.04563" xp2="68.76583" yp2="27.84046" sp="0.15000" color="gray" opacity="100"/>
<line xp1="68.76583" yp1="27.84046" xp2="68.75908" yp2="27.71426" sp="0.15000" color="gray" opacity="100"/>
<line xp1="68.75908" yp1="27.71426" xp2="68.69674" yp2="27.67706" sp="0.15000" color="gray" opacity="100"/>
<line xp1="68.69674" yp1="27.67706" xp2="68.65812" yp2="27.75394" sp="0.15000" color="gray" opacity="100"/>
<line xp1="68.65812" yp1="27.75394" xp2="68.63737" yp2="27.83171" sp="0.15000" color="gray" opacity="100"/>
<line xp1="68.63737" yp1="27.83171" xp2="68.62051" yp2="27.97617" sp="0.15000" color="gray" opacity="100"/>
<line xp1="68.62051" yp1="27.97617" xp2="68.61689" yp2="28.06031" sp="0.15000" color="gray" opacity="100"/>
<line xp1="68.61689" yp1="28.06031" xp2="68.61662" yp2="28.18480" sp="0.15000" color="gray" opacity="100"/>
<line xp1="68.61662" yp1="28.18480" xp2="68.59488" yp2="28.03966" sp="0.15000" color="gray" opacity="100"/>
<line xp1="68.59488" yp1="28.03966" xp2="68.59658" yp2="27.98214" sp="0.15000" color="gray" opacity="100"/>
<line xp1="68.59658" yp1="27.98214" xp2="68.61452" yp2="27.86189" sp="0.15000" color="gray" opacity="100"/>
<line xp1="68.61452" yp1="27.86189" xp2="68.63588" yp2="27.74563" sp="0.15000" color="gray" opacity="100"/>
<line xp1="68.63588" yp1="27.74563" xp2="68.65491" yp2="27.68889" sp="0.15000" color="gray" opacity="100"/>
<line xp1="68.65491" yp1="27.68889" xp2="68.68140" yp2="27.65077" sp="0.15000" color="gray" opacity="100"/>
<line xp1="68.68140" yp1="27.65077" xp2="68.70512" yp2="27.64680" sp="0.15000" color="gray" opacity="100"/>
<line xp1="68.70512" yp1="27.64680" xp2="68.77651" yp2="27.68254" sp="0.15000" color="gray" opacity="100"/>
<line xp1="68.77651" yp1="27.68254" xp2="68.90938" yp2="27.71269" sp="0.15000" color="gray" opacity="100"/>
<line xp1="68.90938" yp1="27.71269" xp2="69.13846" yp2="27.77140" sp="0.15000" color="gray" opacity="100"/>
<line xp1="69.13846" yp1="27.77140" xp2="69.26495" yp2="27.81029" sp="0.15000" color="gray" opacity="100"/>
<line xp1="69.26495" yp1="27.81029" xp2="69.36152" yp2="27.94206" sp="0.15000" color="gray" opacity="100"/>
<line xp1="69.36152" yp1="27.94206" xp2="69.43975" yp2="27.98740" sp="0.15000" color="gray" opacity="100"/>
<line xp1="69.43975" yp1="27.98740" xp2="69.40725" yp2="27.84920" sp="0.15000" color="gray" opacity="100"/>
<line xp1="69.40725" yp1="27.84920" xp2="69.43762" yp2="27.82143" sp="0.15000" color="gray" opacity="100"/>
<line xp1="69.43762" yp1="27.82143" xp2="69.49231" yp2="27.86031" sp="0.15000" color="gray" opacity="100"/>
<line xp1="69.49231" yp1="27.86031" xp2="69.61195" yp2="27.94643" sp="0.15000" color="gray" opacity="100"/>
<line xp1="69.61195" yp1="27.94643" xp2="69.65726" yp2="28.00237" sp="0.15000" color="gray" opacity="100"/>
<line xp1="69.65726" yp1="28.00237" xp2="69.76625" yp2="28.13094" sp="0.15000" color="gray" opacity="100"/>
<line xp1="69.76625" yp1="28.13094" xp2="69.88505" yp2="28.24840" sp="0.15000" color="gray" opacity="100"/>
<line xp1="69.88505" yp1="28.24840" xp2="69.92182" yp2="28.28411" sp="0.15000" color="gray" opacity="100"/>
<line xp1="69.92182" yp1="28.28411" xp2="69.97563" yp2="28.32777" sp="0.15000" color="gray" opacity="100"/>
<line xp1="69.97563" yp1="28.32777" xp2="70.07798" yp2="28.34563" sp="0.15000" color="gray" opacity="100"/>
<line xp1="70.07798" yp1="28.34563" xp2="70.13888" yp2="28.33411" sp="0.15000" color="gray" opacity="100"/>
<line xp1="70.13888" yp1="28.33411" xp2="70.18991" yp2="28.29943" sp="0.15000" color="gray" opacity="100"/>
<line xp1="70.18991" yp1="28.29943" xp2="70.23494" yp2="28.26963" sp="0.15000" color="gray" opacity="100"/>
<line xp1="70.23494" yp1="28.26963" xp2="70.25385" yp2="28.34286" sp="0.15000" color="gray" opacity="100"/>
<line xp1="70.25385" yp1="28.34286" xp2="70.25117" yp2="28.40414" sp="0.15000" color="gray" opacity="100"/>
<line xp1="70.25117" yp1="28.40414" xp2="70.17520" yp2="28.45157" sp="0.15000" color="gray" opacity="100"/>
<line xp1="70.17520" yp1="28.45157" xp2="70.13483" yp2="28.44443" sp="0.15000" color="gray" opacity="100"/>
<line xp1="70.13483" yp1="28.44443" xp2="70.09617" yp2="28.45157" sp="0.15000" color="gray" opacity="100"/>
<line xp1="70.09617" yp1="28.45157" xp2="70.06303" yp2="28.56309" sp="0.15000" color="gray" opacity="100"/>
<line xp1="70.06303" yp1="28.56309" xp2="70.26280" yp2="28.77380" sp="0.15000" color="gray" opacity="100"/>
<line xp1="70.26280" yp1="28.77380" xp2="70.36260" yp2="28.84683" sp="0.15000" color="gray" opacity="100"/>
<line xp1="70.36260" yp1="28.84683" xp2="70.45298" yp2="28.87340" sp="0.15000" color="gray" opacity="100"/>
<line xp1="70.45298" yp1="28.87340" xp2="70.72049" yp2="28.86111" sp="0.15000" color="gray" opacity="100"/>
<line xp1="70.72049" yp1="28.86111" xp2="70.75234" yp2="28.85040" sp="0.15000" color="gray" opacity="100"/>
<line xp1="70.75234" yp1="28.85040" xp2="70.86538" yp2="28.71586" sp="0.15000" color="gray" opacity="100"/>
<line xp1="70.86538" yp1="28.71586" xp2="70.93952" yp2="28.62183" sp="0.15000" color="gray" opacity="100"/>
<line xp1="70.93952" yp1="28.62183" xp2="71.03931" yp2="28.52697" sp="0.15000" color="gray" opacity="100"/>
<line xp1="71.03931" yp1="28.52697" xp2="71.09509" yp2="28.49740" sp="0.15000" color="gray" opacity="100"/>
<line xp1="71.09509" yp1="28.49740" xp2="71.17265" yp2="28.43571" sp="0.15000" color="gray" opacity="100"/>
<line xp1="71.17265" yp1="28.43571" xp2="71.27777" yp2="28.30314" sp="0.15000" color="gray" opacity="100"/>
<line xp1="71.27777" yp1="28.30314" xp2="71.33548" yp2="28.21626" sp="0.15000" color="gray" opacity="100"/>
<line xp1="71.33548" yp1="28.21626" xp2="71.41035" yp2="28.01549" sp="0.15000" color="gray" opacity="100"/>
<line xp1="71.41035" yp1="28.01549" xp2="71.41805" yp2="27.90437" sp="0.15000" color="gray" opacity="100"/>
<line xp1="71.41805" yp1="27.90437" xp2="71.48205" yp2="27.77894" sp="0.15000" color="gray" opacity="100"/>
<line xp1="71.48205" yp1="27.77894" xp2="71.58931" yp2="27.65871" sp="0.15000" color="gray" opacity="100"/>
<line xp1="71.58931" yp1="27.65871" xp2="71.64915" yp2="27.62380" sp="0.15000" color="gray" opacity="100"/>
<line xp1="71.64915" yp1="27.62380" xp2="71.68077" yp2="27.35951" sp="0.15000" color="gray" opacity="100"/>
<line xp1="71.68077" yp1="27.35951" xp2="71.69529" yp2="27.21546" sp="0.15000" color="gray" opacity="100"/>
<line xp1="71.69529" yp1="27.21546" xp2="71.73163" yp2="27.18331" sp="0.15000" color="gray" opacity="100"/>
<line xp1="71.73163" yp1="27.18331" xp2="71.76582" yp2="27.15794" sp="0.15000" color="gray" opacity="100"/>
<line xp1="71.76582" yp1="27.15794" xp2="71.96537" yp2="26.92220" sp="0.15000" color="gray" opacity="100"/>
<line xp1="71.96537" yp1="26.92220" xp2="72.15342" yp2="26.49840" sp="0.15000" color="gray" opacity="100"/>
<line xp1="72.15342" yp1="26.49840" xp2="72.19743" yp2="26.35554" sp="0.15000" color="gray" opacity="100"/>
<line xp1="72.19743" yp1="26.35554" xp2="72.33269" yp2="26.22777" sp="0.15000" color="gray" opacity="100"/>
<line xp1="72.33269" yp1="26.22777" xp2="72.36517" yp2="26.24643" sp="0.15000" color="gray" opacity="100"/>
<line xp1="72.36517" yp1="26.24643" xp2="72.41068" yp2="26.23651" sp="0.15000" color="gray" opacity="100"/>
<line xp1="72.41068" yp1="26.23651" xp2="72.56622" yp2="26.18251" sp="0.15000" color="gray" opacity="100"/>
<line xp1="72.56622" yp1="26.18251" xp2="72.61111" yp2="26.15711" sp="0.15000" color="gray" opacity="100"/>
<line xp1="72.61111" yp1="26.15711" xp2="72.66238" yp2="25.91586" sp="0.15000" color="gray" opacity="100"/>
<line xp1="72.66238" yp1="25.91586" xp2="72.69102" yp2="25.73571" sp="0.15000" color="gray" opacity="100"/>
<line xp1="72.69102" yp1="25.73571" xp2="72.85449" yp2="25.41426" sp="0.15000" color="gray" opacity="100"/>
<line xp1="72.85449" yp1="25.41426" xp2="72.87735" yp2="25.37183" sp="0.15000" color="gray" opacity="100"/>
<line xp1="72.87735" yp1="25.37183" xp2="72.87865" yp2="25.28451" sp="0.15000" color="gray" opacity="100"/>
<line xp1="72.87865" yp1="25.28451" xp2="72.85983" yp2="25.21666" sp="0.15000" color="gray" opacity="100"/>
<line xp1="72.85983" yp1="25.21666" xp2="72.80674" yp2="25.15446" sp="0.15000" color="gray" opacity="100"/>
<line xp1="72.80674" yp1="25.15446" xp2="72.83972" yp2="25.05080" sp="0.15000" color="gray" opacity="100"/>
<line xp1="72.83972" yp1="25.05080" xp2="72.86645" yp2="25.00674" sp="0.15000" color="gray" opacity="100"/>
<line xp1="72.86645" yp1="25.00674" xp2="72.87908" yp2="24.84680" sp="0.15000" color="gray" opacity="100"/>
<line xp1="72.87908" yp1="24.84680" xp2="72.85895" yp2="24.39840" sp="0.15000" color="gray" opacity="100"/>
<line xp1="72.85895" yp1="24.39840" xp2="72.82457" yp2="24.10554" sp="0.15000" color="gray" opacity="100"/>
<line xp1="72.82457" yp1="24.10554" xp2="72.74445" yp2="23.73014" sp="0.15000" color="gray" opacity="100"/>
<line xp1="72.74445" yp1="23.73014" xp2="72.69272" yp2="23.51586" sp="0.15000" color="gray" opacity="100"/>
<line xp1="72.69272" yp1="23.51586" xp2="72.65554" yp2="23.05794" sp="0.15000" color="gray" opacity="100"/>
<line xp1="72.65554" yp1="23.05794" xp2="72.61923" yp2="22.77060" sp="0.15000" color="gray" opacity="100"/>
<line xp1="72.61923" yp1="22.77060" xp2="72.60088" yp2="22.67617" sp="0.15000" color="gray" opacity="100"/>
<line xp1="72.60088" yp1="22.67617" xp2="72.56042" yp2="22.56337" sp="0.15000" color="gray" opacity="100"/>
<line xp1="72.56042" yp1="22.56337" xp2="72.57265" yp2="22.69066" sp="0.15000" color="gray" opacity="100"/>
<line xp1="72.57265" yp1="22.69066" xp2="72.53492" yp2="22.55674" sp="0.15000" color="gray" opacity="100"/>
<line xp1="72.53492" yp1="22.55674" xp2="72.53205" yp2="22.45317" sp="0.15000" color="gray" opacity="100"/>
<line xp1="72.53205" yp1="22.45317" xp2="72.54788" yp2="22.37934" sp="0.15000" color="gray" opacity="100"/>
<line xp1="72.54788" yp1="22.37934" xp2="72.56154" yp2="22.32697" sp="0.15000" color="gray" opacity="100"/>
<line xp1="72.56154" yp1="22.32697" xp2="72.70086" yp2="21.94126" sp="0.15000" color="gray" opacity="100"/>
<line xp1="72.70086" yp1="21.94126" xp2="72.73120" yp2="21.88014" sp="0.15000" color="gray" opacity="100"/>
<line xp1="72.73120" yp1="21.88014" xp2="72.86689" yp2="21.98886" sp="0.15000" color="gray" opacity="100"/>
<line xp1="72.86689" yp1="21.98886" xp2="72.88805" yp2="22.06429" sp="0.15000" color="gray" opacity="100"/>
<line xp1="72.88805" yp1="22.06429" xp2="72.93066" yp2="22.34820" sp="0.15000" color="gray" opacity="100"/>
<line xp1="72.93066" yp1="22.34820" xp2="72.91754" yp2="22.49443" sp="0.15000" color="gray" opacity="100"/>
<line xp1="72.91754" yp1="22.49443" xp2="72.86537" yp2="22.52457" sp="0.15000" color="gray" opacity="100"/>
<line xp1="72.86537" yp1="22.52457" xp2="72.74626" yp2="22.64463" sp="0.15000" color="gray" opacity="100"/>
<line xp1="72.74626" yp1="22.64463" xp2="72.78269" yp2="22.94246" sp="0.15000" color="gray" opacity="100"/>
<line xp1="72.78269" yp1="22.94246" xp2="73.16411" yp2="22.65951" sp="0.15000" color="gray" opacity="100"/>
<line xp1="73.16411" yp1="22.65951" xp2="73.19358" yp2="22.62697" sp="0.15000" color="gray" opacity="100"/>
<line xp1="73.19358" yp1="22.62697" xp2="73.21923" yp2="22.51586" sp="0.15000" color="gray" opacity="100"/>
<line xp1="73.21923" yp1="22.51586" xp2="73.24838" yp2="22.34603" sp="0.15000" color="gray" opacity="100"/>
<line xp1="73.24838" yp1="22.34603" xp2="73.22306" yp2="22.23054" sp="0.15000" color="gray" opacity="100"/>
<line xp1="73.22306" yp1="22.23054" xp2="73.16582" yp2="22.12857" sp="0.15000" color="gray" opacity="100"/>
<line xp1="73.16582" yp1="22.12857" xp2="73.12948" yp2="22.09403" sp="0.15000" color="gray" opacity="100"/>
<line xp1="73.12948" yp1="22.09403" xp2="73.02349" yp2="21.87617" sp="0.15000" color="gray" opacity="100"/>
<line xp1="73.02349" yp1="21.87617" xp2="73.00385" yp2="21.83014" sp="0.15000" color="gray" opacity="100"/>
<line xp1="73.00385" yp1="21.83014" xp2="72.89831" yp2="21.58174" sp="0.15000" color="gray" opacity="100"/>
<line xp1="72.89831" yp1="21.58174" xp2="72.94806" yp2="21.57223" sp="0.15000" color="gray" opacity="100"/>
<line xp1="72.94806" yp1="21.57223" xp2="72.93718" yp2="21.41983" sp="0.15000" color="gray" opacity="100"/>
<line xp1="72.93718" yp1="21.41983" xp2="72.85212" yp2="21.32934" sp="0.15000" color="gray" opacity="100"/>
<line xp1="72.85212" yp1="21.32934" xp2="72.83805" yp2="21.31903" sp="0.15000" color="gray" opacity="100"/>
<line xp1="72.83805" yp1="21.31903" xp2="72.94274" yp2="21.17063" sp="0.15000" color="gray" opacity="100"/>
<line xp1="72.94274" yp1="21.17063" xp2="72.96688" yp2="21.11786" sp="0.15000" color="gray" opacity="100"/>
<line xp1="72.96688" yp1="21.11786" xp2="73.00769" yp2="20.91349" sp="0.15000" color="gray" opacity="100"/>
<line xp1="73.00769" yp1="20.91349" xp2="73.01785" yp2="20.82440" sp="0.15000" color="gray" opacity="100"/>
<line xp1="73.01785" yp1="20.82440" xp2="73.14445" yp2="20.25951" sp="0.15000" color="gray" opacity="100"/>
<line xp1="73.14445" yp1="20.25951" xp2="73.19317" yp2="20.06269" sp="0.15000" color="gray" opacity="100"/>
<line xp1="73.19317" yp1="20.06269" xp2="73.23632" yp2="19.89246" sp="0.15000" color="gray" opacity="100"/>
<line xp1="73.23632" yp1="19.89246" xp2="73.26326" yp2="19.81546" sp="0.15000" color="gray" opacity="100"/>
<line xp1="73.26326" yp1="19.81546" xp2="73.37009" yp2="19.55554" sp="0.15000" color="gray" opacity="100"/>
<line xp1="73.37009" yp1="19.55554" xp2="73.39829" yp2="19.51309" sp="0.15000" color="gray" opacity="100"/>
<line xp1="73.39829" yp1="19.51309" xp2="73.60171" yp2="19.37966" sp="0.15000" color="gray" opacity="100"/>
<line xp1="73.60171" yp1="19.37966" xp2="73.61409" yp2="19.48254" sp="0.15000" color="gray" opacity="100"/>
<line xp1="73.61409" yp1="19.48254" xp2="73.59358" yp2="19.64046" sp="0.15000" color="gray" opacity="100"/>
<line xp1="73.59358" yp1="19.64046" xp2="73.55086" yp2="19.82300" sp="0.15000" color="gray" opacity="100"/>
<line xp1="73.55086" yp1="19.82300" xp2="73.69188" yp2="19.86426" sp="0.15000" color="gray" opacity="100"/>
<line xp1="73.69188" yp1="19.86426" xp2="73.81965" yp2="19.89920" sp="0.15000" color="gray" opacity="100"/>
<line xp1="73.81965" yp1="19.89920" xp2="73.77009" yp2="19.56506" sp="0.15000" color="gray" opacity="100"/>
<line xp1="73.77009" yp1="19.56506" xp2="73.72349" yp2="19.16506" sp="0.15000" color="gray" opacity="100"/>
<line xp1="73.72349" yp1="19.16506" xp2="73.72308" yp2="19.09680" sp="0.15000" color="gray" opacity="100"/>
<line xp1="73.72308" yp1="19.09680" xp2="73.74315" yp2="18.72677" sp="0.15000" color="gray" opacity="100"/>
<line xp1="73.74315" yp1="18.72677" xp2="73.81018" yp2="18.65491" sp="0.15000" color="gray" opacity="100"/>
<line xp1="73.81018" yp1="18.65491" xp2="73.92502" yp2="18.68809" sp="0.15000" color="gray" opacity="100"/>
<line xp1="73.92502" yp1="18.68809" xp2="73.96912" yp2="18.85514" sp="0.15000" color="gray" opacity="100"/>
<line xp1="73.96912" yp1="18.85514" xp2="73.97597" yp2="18.93729" sp="0.15000" color="gray" opacity="100"/>
<line xp1="73.97597" yp1="18.93729" xp2="74.01366" yp2="19.02934" sp="0.15000" color="gray" opacity="100"/>
<line xp1="74.01366" yp1="19.02934" xp2="74.17549" yp2="19.16257" sp="0.15000" color="gray" opacity="100"/>
<line xp1="74.17549" yp1="19.16257" xp2="73.96495" yp2="18.66746" sp="0.15000" color="gray" opacity="100"/>
<line xp1="73.96495" yp1="18.66746" xp2="73.97120" yp2="18.60666" sp="0.15000" color="gray" opacity="100"/>
<line xp1="73.97120" yp1="18.60666" xp2="73.91500" yp2="18.57486" sp="0.15000" color="gray" opacity="100"/>
<line xp1="73.91500" yp1="18.57486" xp2="73.89338" yp2="18.51951" sp="0.15000" color="gray" opacity="100"/>
<line xp1="73.89338" yp1="18.51951" xp2="74.02828" yp2="18.41626" sp="0.15000" color="gray" opacity="100"/>
<line xp1="74.02828" yp1="18.41626" xp2="74.09060" yp2="18.14286" sp="0.15000" color="gray" opacity="100"/>
<line xp1="74.09060" yp1="18.14286" xp2="74.12777" yp2="17.61586" sp="0.15000" color="gray" opacity="100"/>
<line xp1="74.12777" yp1="17.61586" xp2="74.13675" yp2="17.53969" sp="0.15000" color="gray" opacity="100"/>
<line xp1="74.13675" yp1="17.53969" xp2="74.15322" yp2="17.42857" sp="0.15000" color="gray" opacity="100"/>
<line xp1="74.15322" yp1="17.42857" xp2="74.18375" yp2="17.39126" sp="0.15000" color="gray" opacity="100"/>
<line xp1="74.18375" yp1="17.39126" xp2="74.25140" yp2="17.02697" sp="0.15000" color="gray" opacity="100"/>
<line xp1="74.25140" yp1="17.02697" xp2="74.34660" yp2="16.89840" sp="0.15000" color="gray" opacity="100"/>
<line xp1="74.34660" yp1="16.89840" xp2="74.43334" yp2="16.94443" sp="0.15000" color="gray" opacity="100"/>
<line xp1="74.43334" yp1="16.94443" xp2="74.52522" yp2="16.91349" sp="0.15000" color="gray" opacity="100"/>
<line xp1="74.52522" yp1="16.91349" xp2="74.76582" yp2="16.71111" sp="0.15000" color="gray" opacity="100"/>
<line xp1="74.76582" yp1="16.71111" xp2="74.80492" yp2="16.67340" sp="0.15000" color="gray" opacity="100"/>
<line xp1="74.80492" yp1="16.67340" xp2="74.86014" yp2="16.59920" sp="0.15000" color="gray" opacity="100"/>
<line xp1="74.86014" yp1="16.59920" xp2="74.88054" yp2="16.53729" sp="0.15000" color="gray" opacity="100"/>
<line xp1="74.88054" yp1="16.53729" xp2="75.11965" yp2="15.63174" sp="0.15000" color="gray" opacity="100"/>
<line xp1="75.11965" yp1="15.63174" xp2="75.16174" yp2="15.45237" sp="0.15000" color="gray" opacity="100"/>
<line xp1="75.16174" yp1="15.45237" xp2="75.19017" yp2="15.37009" sp="0.15000" color="gray" opacity="100"/>
<line xp1="75.19017" yp1="15.37009" xp2="75.21889" yp2="15.32971" sp="0.15000" color="gray" opacity="100"/>
<line xp1="75.21889" yp1="15.32971" xp2="75.31923" yp2="15.22737" sp="0.15000" color="gray" opacity="100"/>
<line xp1="75.31923" yp1="15.22737" xp2="75.39871" yp2="15.20694" sp="0.15000" color="gray" opacity="100"/>
<line xp1="75.39871" yp1="15.20694" xp2="75.45469" yp2="15.14046" sp="0.15000" color="gray" opacity="100"/>
<line xp1="75.45469" yp1="15.14046" xp2="75.51100" yp2="14.99106" sp="0.15000" color="gray" opacity="100"/>
<line xp1="75.51100" yp1="14.99106" xp2="75.49402" yp2="14.91386" sp="0.15000" color="gray" opacity="100"/>
<line xp1="75.49402" yp1="14.91386" xp2="75.41968" yp2="14.85971" sp="0.15000" color="gray" opacity="100"/>
<line xp1="75.41968" yp1="14.85971" xp2="75.37948" yp2="14.88886" sp="0.15000" color="gray" opacity="100"/>
<line xp1="75.37948" yp1="14.88886" xp2="75.24358" yp2="15.08651" sp="0.15000" color="gray" opacity="100"/>
<line xp1="75.24358" yp1="15.08651" xp2="75.21743" yp2="15.13920" sp="0.15000" color="gray" opacity="100"/>
<line xp1="75.21743" yp1="15.13920" xp2="75.17598" yp2="15.20154" sp="0.15000" color="gray" opacity="100"/>
<line xp1="75.17598" yp1="15.20154" xp2="75.11154" yp2="14.97280" sp="0.15000" color="gray" opacity="100"/>
<line xp1="75.11154" yp1="14.97280" xp2="75.15895" yp2="14.74403" sp="0.15000" color="gray" opacity="100"/>
<line xp1="75.15895" yp1="14.74403" xp2="75.22565" yp2="14.64680" sp="0.15000" color="gray" opacity="100"/>
<line xp1="75.22565" yp1="14.64680" xp2="75.24914" yp2="14.61586" sp="0.15000" color="gray" opacity="100"/>
<line xp1="75.24914" yp1="14.61586" xp2="75.31283" yp2="14.65077" sp="0.15000" color="gray" opacity="100"/>
<line xp1="75.31283" yp1="14.65077" xp2="75.64955" yp2="14.74920" sp="0.15000" color="gray" opacity="100"/>
<line xp1="75.64955" yp1="14.74920" xp2="75.87351" yp2="14.75317" sp="0.15000" color="gray" opacity="100"/>
<line xp1="75.87351" yp1="14.75317" xp2="75.91966" yp2="14.81983" sp="0.15000" color="gray" opacity="100"/>
<line xp1="75.91966" yp1="14.81983" xp2="76.04005" yp2="14.97300" sp="0.15000" color="gray" opacity="100"/>
<line xp1="76.04005" yp1="14.97300" xp2="76.09232" yp2="14.98729" sp="0.15000" color="gray" opacity="100"/>
<line xp1="76.09232" yp1="14.98729" xp2="76.13706" yp2="14.95423" sp="0.15000" color="gray" opacity="100"/>
<line xp1="76.13706" yp1="14.95423" xp2="76.14900" yp2="14.85357" sp="0.15000" color="gray" opacity="100"/>
<line xp1="76.14900" yp1="14.85357" xp2="76.17097" yp2="14.90380" sp="0.15000" color="gray" opacity="100"/>
<line xp1="76.17097" yp1="14.90380" xp2="76.22532" yp2="14.97697" sp="0.15000" color="gray" opacity="100"/>
<line xp1="76.22532" yp1="14.97697" xp2="76.28415" yp2="14.83203" sp="0.15000" color="gray" opacity="100"/>
<line xp1="76.28415" yp1="14.83203" xp2="76.31154" yp2="14.81903" sp="0.15000" color="gray" opacity="100"/>
<line xp1="76.31154" yp1="14.81903" xp2="76.27778" yp2="14.87974" sp="0.15000" color="gray" opacity="100"/>
<line xp1="76.27778" yp1="14.87974" xp2="76.27522" yp2="14.99960" sp="0.15000" color="gray" opacity="100"/>
<line xp1="76.27522" yp1="14.99960" xp2="76.34446" yp2="15.19920" sp="0.15000" color="gray" opacity="100"/>
<line xp1="76.34446" yp1="15.19920" xp2="76.40085" yp2="15.72123" sp="0.15000" color="gray" opacity="100"/>
<line xp1="76.40085" yp1="15.72123" xp2="76.44317" yp2="15.82300" sp="0.15000" color="gray" opacity="100"/>
<line xp1="76.44317" yp1="15.82300" xp2="76.44105" yp2="15.83571" sp="0.15000" color="gray" opacity="100"/>
<line xp1="76.44105" yp1="15.83571" xp2="76.44168" yp2="15.99820" sp="0.15000" color="gray" opacity="100"/>
<line xp1="76.44168" yp1="15.99820" xp2="76.52946" yp2="16.24046" sp="0.15000" color="gray" opacity="100"/>
<line xp1="76.52946" yp1="16.24046" xp2="76.62886" yp2="16.40911" sp="0.15000" color="gray" opacity="100"/>
<line xp1="76.62886" yp1="16.40911" xp2="76.71366" yp2="16.87300" sp="0.15000" color="gray" opacity="100"/>
<line xp1="76.71366" yp1="16.87300" xp2="76.77734" yp2="17.71586" sp="0.15000" color="gray" opacity="100"/>
<line xp1="76.77734" yp1="17.71586" xp2="76.81923" yp2="18.23889" sp="0.15000" color="gray" opacity="100"/>
<line xp1="76.81923" yp1="18.23889" xp2="76.84488" yp2="18.54997" sp="0.15000" color="gray" opacity="100"/>
<line xp1="76.84488" yp1="18.54997" xp2="76.85171" yp2="18.61429" sp="0.15000" color="gray" opacity="100"/>
<line xp1="76.85171" yp1="18.61429" xp2="76.86891" yp2="18.72283" sp="0.15000" color="gray" opacity="100"/>
<line xp1="76.86891" yp1="18.72283" xp2="76.87885" yp2="18.94960" sp="0.15000" color="gray" opacity="100"/>
<line xp1="76.87885" yp1="18.94960" xp2="76.86871" yp2="19.41626" sp="0.15000" color="gray" opacity="100"/>
<line xp1="76.86871" yp1="19.41626" xp2="76.84358" yp2="19.61269" sp="0.15000" color="gray" opacity="100"/>
<line xp1="76.84358" yp1="19.61269" xp2="76.79614" yp2="19.95911" sp="0.15000" color="gray" opacity="100"/>
<line xp1="76.79614" yp1="19.95911" xp2="76.76112" yp2="20.14760" sp="0.15000" color="gray" opacity="100"/>
<line xp1="76.76112" yp1="20.14760" xp2="76.69082" yp2="20.39483" sp="0.15000" color="gray" opacity="100"/>
<line xp1="76.69082" yp1="20.39483" xp2="76.59229" yp2="20.55317" sp="0.15000" color="gray" opacity="100"/>
<line xp1="76.59229" yp1="20.55317" xp2="76.44297" yp2="21.22857" sp="0.15000" color="gray" opacity="100"/>
<line xp1="76.44297" yp1="21.22857" xp2="76.38537" yp2="21.53769" sp="0.15000" color="gray" opacity="100"/>
<line xp1="76.38537" yp1="21.53769" xp2="76.37534" yp2="21.66666" sp="0.15000" color="gray" opacity="100"/>
<line xp1="76.37534" yp1="21.66666" xp2="76.35088" yp2="21.80634" sp="0.15000" color="gray" opacity="100"/>
<line xp1="76.35088" yp1="21.80634" xp2="76.32991" yp2="21.91031" sp="0.15000" color="gray" opacity="100"/>
<line xp1="76.32991" yp1="21.91031" xp2="76.31195" yp2="21.98729" sp="0.15000" color="gray" opacity="100"/>
<line xp1="76.31195" yp1="21.98729" xp2="76.25769" yp2="22.19760" sp="0.15000" color="gray" opacity="100"/>
<line xp1="76.25769" yp1="22.19760" xp2="76.24317" yp2="22.24920" sp="0.15000" color="gray" opacity="100"/>
<line xp1="76.24317" yp1="22.24920" xp2="76.21400" yp2="22.32160" sp="0.15000" color="gray" opacity="100"/>
<line xp1="76.21400" yp1="22.32160" xp2="76.17394" yp2="22.44046" sp="0.15000" color="gray" opacity="100"/>
<line xp1="76.17394" yp1="22.44046" xp2="76.03588" yp2="22.95554" sp="0.15000" color="gray" opacity="100"/>
<line xp1="76.03588" yp1="22.95554" xp2="75.81709" yp2="23.82143" sp="0.15000" color="gray" opacity="100"/>
<line xp1="75.81709" yp1="23.82143" xp2="75.75811" yp2="24.05911" sp="0.15000" color="gray" opacity="100"/>
<line xp1="75.75811" yp1="24.05911" xp2="75.65683" yp2="24.71903" sp="0.15000" color="gray" opacity="100"/>
<line xp1="75.65683" yp1="24.71903" xp2="75.62522" yp2="25.08849" sp="0.15000" color="gray" opacity="100"/>
<line xp1="75.62522" yp1="25.08849" xp2="75.67223" yp2="25.06189" sp="0.15000" color="gray" opacity="100"/>
<line xp1="75.67223" yp1="25.06189" xp2="75.76698" yp2="24.94780" sp="0.15000" color="gray" opacity="100"/>
<line xp1="75.76698" yp1="24.94780" xp2="75.77683" yp2="24.88034" sp="0.15000" color="gray" opacity="100"/>
<line xp1="75.77683" yp1="24.88034" xp2="75.73792" yp2="24.82051" sp="0.15000" color="gray" opacity="100"/>
<line xp1="75.73792" yp1="24.82051" xp2="75.71925" yp2="24.67340" sp="0.15000" color="gray" opacity="100"/>
<line xp1="75.71925" yp1="24.67340" xp2="75.76100" yp2="24.58391" sp="0.15000" color="gray" opacity="100"/>
<line xp1="75.76100" yp1="24.58391" xp2="75.88526" yp2="24.53986" sp="0.15000" color="gray" opacity="100"/>
<line xp1="75.88526" yp1="24.53986" xp2="75.90877" yp2="24.59523" sp="0.15000" color="gray" opacity="100"/>
<line xp1="75.90877" yp1="24.59523" xp2="75.99509" yp2="24.59603" sp="0.15000" color="gray" opacity="100"/>
<line xp1="75.99509" yp1="24.59603" xp2="76.02360" yp2="24.42540" sp="0.15000" color="gray" opacity="100"/>
<line xp1="76.02360" yp1="24.42540" xp2="76.02415" yp2="24.29046" sp="0.15000" color="gray" opacity="100"/>
<line xp1="76.02415" yp1="24.29046" xp2="76.01280" yp2="24.19680" sp="0.15000" color="gray" opacity="100"/>
<line xp1="76.01280" yp1="24.19680" xp2="75.99189" yp2="24.07103" sp="0.15000" color="gray" opacity="100"/>
<line xp1="75.99189" yp1="24.07103" xp2="75.97394" yp2="24.00791" sp="0.15000" color="gray" opacity="100"/>
<line xp1="75.97394" yp1="24.00791" xp2="75.96668" yp2="23.79443" sp="0.15000" color="gray" opacity="100"/>
<line xp1="75.96668" yp1="23.79443" xp2="75.96880" yp2="23.47974" sp="0.15000" color="gray" opacity="100"/>
<line xp1="75.96880" yp1="23.47974" xp2="75.98889" yp2="23.31746" sp="0.15000" color="gray" opacity="100"/>
<line xp1="75.98889" yp1="23.31746" xp2="75.99872" yp2="23.25000" sp="0.15000" color="gray" opacity="100"/>
<line xp1="75.99872" yp1="23.25000" xp2="76.01068" yp2="23.18531" sp="0.15000" color="gray" opacity="100"/>
<line xp1="76.01068" yp1="23.18531" xp2="76.05940" yp2="22.98451" sp="0.15000" color="gray" opacity="100"/>
<line xp1="76.05940" yp1="22.98451" xp2="76.14188" yp2="22.72777" sp="0.15000" color="gray" opacity="100"/>
<line xp1="76.14188" yp1="22.72777" xp2="76.23591" yp2="22.46983" sp="0.15000" color="gray" opacity="100"/>
<line xp1="76.23591" yp1="22.46983" xp2="76.23671" yp2="22.49851" sp="0.15000" color="gray" opacity="100"/>
<line xp1="76.23671" yp1="22.49851" xp2="76.20895" yp2="22.62380" sp="0.15000" color="gray" opacity="100"/>
<line xp1="76.20895" yp1="22.62380" xp2="76.19229" yp2="22.67380" sp="0.15000" color="gray" opacity="100"/>
<line xp1="76.19229" yp1="22.67380" xp2="76.15898" yp2="22.76823" sp="0.15000" color="gray" opacity="100"/>
<line xp1="76.15898" yp1="22.76823" xp2="76.09702" yp2="22.95357" sp="0.15000" color="gray" opacity="100"/>
<line xp1="76.09702" yp1="22.95357" xp2="76.05940" yp2="23.08411" sp="0.15000" color="gray" opacity="100"/>
<line xp1="76.05940" yp1="23.08411" xp2="76.04145" yp2="23.17460" sp="0.15000" color="gray" opacity="100"/>
<line xp1="76.04145" yp1="23.17460" xp2="76.02948" yp2="23.26349" sp="0.15000" color="gray" opacity="100"/>
<line xp1="76.02948" yp1="23.26349" xp2="76.02009" yp2="23.35317" sp="0.15000" color="gray" opacity="100"/>
<line xp1="76.02009" yp1="23.35317" xp2="76.01409" yp2="23.41349" sp="0.15000" color="gray" opacity="100"/>
<line xp1="76.01409" yp1="23.41349" xp2="76.00685" yp2="23.50314" sp="0.15000" color="gray" opacity="100"/>
<line xp1="76.00685" yp1="23.50314" xp2="76.00342" yp2="23.56189" sp="0.15000" color="gray" opacity="100"/>
<line xp1="76.00342" yp1="23.56189" xp2="76.00342" yp2="23.64046" sp="0.15000" color="gray" opacity="100"/>
<line xp1="76.00342" yp1="23.64046" xp2="76.00342" yp2="23.82617" sp="0.15000" color="gray" opacity="100"/>
<line xp1="76.00342" yp1="23.82617" xp2="76.00468" yp2="24.00634" sp="0.15000" color="gray" opacity="100"/>
<line xp1="76.00468" yp1="24.00634" xp2="76.06175" yp2="24.09283" sp="0.15000" color="gray" opacity="100"/>
<line xp1="76.06175" yp1="24.09283" xp2="76.09974" yp2="24.14094" sp="0.15000" color="gray" opacity="100"/>
<line xp1="76.09974" yp1="24.14094" xp2="76.07309" yp2="24.35714" sp="0.15000" color="gray" opacity="100"/>
<line xp1="76.07309" yp1="24.35714" xp2="76.05234" yp2="24.44166" sp="0.15000" color="gray" opacity="100"/>
<line xp1="76.05234" yp1="24.44166" xp2="76.01966" yp2="24.54446" sp="0.15000" color="gray" opacity="100"/>
<line xp1="76.01966" yp1="24.54446" xp2="75.94082" yp2="24.76903" sp="0.15000" color="gray" opacity="100"/>
<line xp1="75.94082" yp1="24.76903" xp2="75.87511" yp2="24.90277" sp="0.15000" color="gray" opacity="100"/>
<line xp1="75.87511" yp1="24.90277" xp2="75.84231" yp2="24.99203" sp="0.15000" color="gray" opacity="100"/>
<line xp1="75.84231" yp1="24.99203" xp2="75.64657" yp2="25.54206" sp="0.15000" color="gray" opacity="100"/>
<line xp1="75.64657" yp1="25.54206" xp2="75.43675" yp2="26.15157" sp="0.15000" color="gray" opacity="100"/>
<line xp1="75.43675" yp1="26.15157" xp2="75.36323" yp2="26.40871" sp="0.15000" color="gray" opacity="100"/>
<line xp1="75.36323" yp1="26.40871" xp2="75.13975" yp2="27.30951" sp="0.15000" color="gray" opacity="100"/>
<line xp1="75.13975" yp1="27.30951" xp2="75.09958" yp2="27.48491" sp="0.15000" color="gray" opacity="100"/>
<line xp1="75.09958" yp1="27.48491" xp2="75.00300" yp2="27.93331" sp="0.15000" color="gray" opacity="100"/>
<line xp1="75.00300" yp1="27.93331" xp2="74.99188" yp2="27.99049" sp="0.15000" color="gray" opacity="100"/>
<line xp1="74.99188" yp1="27.99049" xp2="74.94274" yp2="28.29683" sp="0.15000" color="gray" opacity="100"/>
<line xp1="74.94274" yp1="28.29683" xp2="74.91666" yp2="28.49683" sp="0.15000" color="gray" opacity="100"/>
<line xp1="74.91666" yp1="28.49683" xp2="74.87734" yp2="28.78411" sp="0.15000" color="gray" opacity="100"/>
<line xp1="74.87734" yp1="28.78411" xp2="74.82905" yp2="29.11506" sp="0.15000" color="gray" opacity="100"/>
<line xp1="74.82905" yp1="29.11506" xp2="74.79058" yp2="29.31746" sp="0.15000" color="gray" opacity="100"/>
<line xp1="74.79058" yp1="29.31746" xp2="74.78332" yp2="29.38054" sp="0.15000" color="gray" opacity="100"/>
<line xp1="74.78332" yp1="29.38054" xp2="74.78034" yp2="29.59443" sp="0.15000" color="gray" opacity="100"/>
<line xp1="74.78034" yp1="29.59443" xp2="74.78354" yp2="29.67143" sp="0.15000" color="gray" opacity="100"/>
<line xp1="74.78354" yp1="29.67143" xp2="74.74998" yp2="29.90594" sp="0.15000" color="gray" opacity="100"/>
<line xp1="74.74998" yp1="29.90594" xp2="74.68760" yp2="30.02380" sp="0.15000" color="gray" opacity="100"/>
<line xp1="74.68760" yp1="30.02380" xp2="74.70131" yp2="30.20871" sp="0.15000" color="gray" opacity="100"/>
<line xp1="74.70131" yp1="30.20871" xp2="74.71497" yp2="30.39840" sp="0.15000" color="gray" opacity="100"/>
<line xp1="74.71497" yp1="30.39840" xp2="74.65726" yp2="30.54840" sp="0.15000" color="gray" opacity="100"/>
<line xp1="74.65726" yp1="30.54840" xp2="74.60409" yp2="30.60989" sp="0.15000" color="gray" opacity="100"/>
<line xp1="74.60409" yp1="30.60989" xp2="74.62266" yp2="30.66349" sp="0.15000" color="gray" opacity="100"/>
<line xp1="74.62266" yp1="30.66349" xp2="74.63494" yp2="30.72003" sp="0.15000" color="gray" opacity="100"/>
<line xp1="74.63494" yp1="30.72003" xp2="74.62629" yp2="30.79406" sp="0.15000" color="gray" opacity="100"/>
<line xp1="74.62629" yp1="30.79406" xp2="74.59977" yp2="30.85794" sp="0.15000" color="gray" opacity="100"/>
<line xp1="74.59977" yp1="30.85794" xp2="74.56346" yp2="30.99840" sp="0.15000" color="gray" opacity="100"/>
<line xp1="74.56346" yp1="30.99840" xp2="74.61325" yp2="31.14483" sp="0.15000" color="gray" opacity="100"/>
<line xp1="74.61325" yp1="31.14483" xp2="74.65598" yp2="31.22063" sp="0.15000" color="gray" opacity="100"/>
<line xp1="74.65598" yp1="31.22063" xp2="74.67754" yp2="31.26349" sp="0.15000" color="gray" opacity="100"/>
<line xp1="74.67754" yp1="31.26349" xp2="74.73932" yp2="31.51151" sp="0.15000" color="gray" opacity="100"/>
<line xp1="74.73932" yp1="31.51151" xp2="74.75403" yp2="31.68494" sp="0.15000" color="gray" opacity="100"/>
<line xp1="74.75403" yp1="31.68494" xp2="74.71440" yp2="31.67054" sp="0.15000" color="gray" opacity="100"/>
<line xp1="74.71440" yp1="31.67054" xp2="74.63318" yp2="31.75277" sp="0.15000" color="gray" opacity="100"/>
<line xp1="74.63318" yp1="31.75277" xp2="74.70138" yp2="32.02063" sp="0.15000" color="gray" opacity="100"/>
<line xp1="74.70138" yp1="32.02063" xp2="74.75609" yp2="32.01446" sp="0.15000" color="gray" opacity="100"/>
<line xp1="74.75609" yp1="32.01446" xp2="74.76294" yp2="31.93606" sp="0.15000" color="gray" opacity="100"/>
<line xp1="74.76294" yp1="31.93606" xp2="74.79071" yp2="31.89266" sp="0.15000" color="gray" opacity="100"/>
<line xp1="74.79071" yp1="31.89266" xp2="74.94734" yp2="32.06071" sp="0.15000" color="gray" opacity="100"/>
<line xp1="74.94734" yp1="32.06071" xp2="74.97083" yp2="32.19197" sp="0.15000" color="gray" opacity="100"/>
<line xp1="74.97083" yp1="32.19197" xp2="74.93249" yp2="32.35157" sp="0.15000" color="gray" opacity="100"/>
<line xp1="74.93249" yp1="32.35157" xp2="74.95769" yp2="32.44920" sp="0.15000" color="gray" opacity="100"/>
<line xp1="74.95769" yp1="32.44920" xp2="75.06965" yp2="32.78491" sp="0.15000" color="gray" opacity="100"/>
<line xp1="75.06965" yp1="32.78491" xp2="74.99683" yp2="32.86229" sp="0.15000" color="gray" opacity="100"/>
<line xp1="74.99683" yp1="32.86229" xp2="74.94754" yp2="32.83174" sp="0.15000" color="gray" opacity="100"/>
<line xp1="74.94754" yp1="32.83174" xp2="74.87842" yp2="33.01369" sp="0.15000" color="gray" opacity="100"/>
<line xp1="74.87842" yp1="33.01369" xp2="74.91923" yp2="33.05080" sp="0.15000" color="gray" opacity="100"/>
<line xp1="74.91923" yp1="33.05080" xp2="74.95534" yp2="33.04366" sp="0.15000" color="gray" opacity="100"/>
<line xp1="74.95534" yp1="33.04366" xp2="75.01269" yp2="33.02889" sp="0.15000" color="gray" opacity="100"/>
<line xp1="75.01269" yp1="33.02889" xp2="75.12938" yp2="33.04246" sp="0.15000" color="gray" opacity="100"/>
<line xp1="75.12938" yp1="33.04246" xp2="75.17394" yp2="33.18094" sp="0.15000" color="gray" opacity="100"/>
<line xp1="75.17394" yp1="33.18094" xp2="75.18932" yp2="33.40751" sp="0.15000" color="gray" opacity="100"/>
<line xp1="75.18932" yp1="33.40751" xp2="75.19703" yp2="33.51031" sp="0.15000" color="gray" opacity="100"/>
<line xp1="75.19703" yp1="33.51031" xp2="75.29914" yp2="33.69206" sp="0.15000" color="gray" opacity="100"/>
<line xp1="75.29914" yp1="33.69206" xp2="75.41891" yp2="33.89126" sp="0.15000" color="gray" opacity="100"/>
<line xp1="75.41891" yp1="33.89126" xp2="75.48526" yp2="33.98451" sp="0.15000" color="gray" opacity="100"/>
<line xp1="75.48526" yp1="33.98451" xp2="75.60812" yp2="34.20554" sp="0.15000" color="gray" opacity="100"/>
<line xp1="75.60812" yp1="34.20554" xp2="75.63782" yp2="34.30366" sp="0.15000" color="gray" opacity="100"/>
<line xp1="75.63782" yp1="34.30366" xp2="75.54929" yp2="34.36529" sp="0.15000" color="gray" opacity="100"/>
<line xp1="75.54929" yp1="34.36529" xp2="75.54432" yp2="34.40514" sp="0.15000" color="gray" opacity="100"/>
<line xp1="75.54432" yp1="34.40514" xp2="75.57052" yp2="34.51269" sp="0.15000" color="gray" opacity="100"/>
<line xp1="75.57052" yp1="34.51269" xp2="75.65298" yp2="34.73329" sp="0.15000" color="gray" opacity="100"/>
<line xp1="75.65298" yp1="34.73329" xp2="75.69062" yp2="34.72140" sp="0.15000" color="gray" opacity="100"/>
<line xp1="75.69062" yp1="34.72140" xp2="75.66195" yp2="34.59880" sp="0.15000" color="gray" opacity="100"/>
<line xp1="75.66195" yp1="34.59880" xp2="75.81431" yp2="34.73331" sp="0.15000" color="gray" opacity="100"/>
<line xp1="75.81431" yp1="34.73331" xp2="75.88878" yp2="34.90594" sp="0.15000" color="gray" opacity="100"/>
<line xp1="75.88878" yp1="34.90594" xp2="75.83023" yp2="35.02537" sp="0.15000" color="gray" opacity="100"/>
<line xp1="75.83023" yp1="35.02537" xp2="75.78409" yp2="35.02874" sp="0.15000" color="gray" opacity="100"/>
<line xp1="75.78409" yp1="35.02874" xp2="75.74400" yp2="35.09920" sp="0.15000" color="gray" opacity="100"/>
<line xp1="75.74400" yp1="35.09920" xp2="75.71795" yp2="35.17300" sp="0.15000" color="gray" opacity="100"/>
<line xp1="75.71795" yp1="35.17300" xp2="75.66731" yp2="35.48331" sp="0.15000" color="gray" opacity="100"/>
<line xp1="75.66731" yp1="35.48331" xp2="75.65000" yp2="35.60711" sp="0.15000" color="gray" opacity="100"/>
<line xp1="75.65000" yp1="35.60711" xp2="75.64251" yp2="35.77140" sp="0.15000" color="gray" opacity="100"/>
<line xp1="75.64251" yp1="35.77140" xp2="75.68163" yp2="35.71506" sp="0.15000" color="gray" opacity="100"/>
<line xp1="75.68163" yp1="35.71506" xp2="75.69531" yp2="35.60394" sp="0.15000" color="gray" opacity="100"/>
<line xp1="75.69531" yp1="35.60394" xp2="75.74689" yp2="35.35057" sp="0.15000" color="gray" opacity="100"/>
<line xp1="75.74689" yp1="35.35057" xp2="75.82905" yp2="35.19920" sp="0.15000" color="gray" opacity="100"/>
<line xp1="75.82905" yp1="35.19920" xp2="75.87291" yp2="35.22331" sp="0.15000" color="gray" opacity="100"/>
<line xp1="75.87291" yp1="35.22331" xp2="75.88506" yp2="35.42063" sp="0.15000" color="gray" opacity="100"/>
<line xp1="75.88506" yp1="35.42063" xp2="75.88548" yp2="35.57220" sp="0.15000" color="gray" opacity="100"/>
<line xp1="75.88548" yp1="35.57220" xp2="75.91752" yp2="35.49363" sp="0.15000" color="gray" opacity="100"/>
<line xp1="75.91752" yp1="35.49363" xp2="75.93591" yp2="35.26569" sp="0.15000" color="gray" opacity="100"/>
<line xp1="75.93591" yp1="35.26569" xp2="75.93374" yp2="35.12509" sp="0.15000" color="gray" opacity="100"/>
<line xp1="75.93374" yp1="35.12509" xp2="75.95172" yp2="35.01823" sp="0.15000" color="gray" opacity="100"/>
<line xp1="75.95172" yp1="35.01823" xp2="76.03931" yp2="35.05157" sp="0.15000" color="gray" opacity="100"/>
<line xp1="76.03931" yp1="35.05157" xp2="76.10257" yp2="35.10317" sp="0.15000" color="gray" opacity="100"/>
<line xp1="76.10257" yp1="35.10317" xp2="76.20769" yp2="35.19283" sp="0.15000" color="gray" opacity="100"/>
<line xp1="76.20769" yp1="35.19283" xp2="76.24232" yp2="35.29126" sp="0.15000" color="gray" opacity="100"/>
<line xp1="76.24232" yp1="35.29126" xp2="76.26229" yp2="35.42300" sp="0.15000" color="gray" opacity="100"/>
<line xp1="76.26229" yp1="35.42300" xp2="76.18142" yp2="35.64323" sp="0.15000" color="gray" opacity="100"/>
<line xp1="76.18142" yp1="35.64323" xp2="76.10685" yp2="35.68906" sp="0.15000" color="gray" opacity="100"/>
<line xp1="76.10685" yp1="35.68906" xp2="76.06923" yp2="35.67357" sp="0.15000" color="gray" opacity="100"/>
<line xp1="76.06923" yp1="35.67357" xp2="75.87691" yp2="35.71477" sp="0.15000" color="gray" opacity="100"/>
<line xp1="75.87691" yp1="35.71477" xp2="75.89338" yp2="35.77974" sp="0.15000" color="gray" opacity="100"/>
<line xp1="75.89338" yp1="35.77974" xp2="75.98248" yp2="35.77220" sp="0.15000" color="gray" opacity="100"/>
<line xp1="75.98248" yp1="35.77220" xp2="76.09702" yp2="35.75714" sp="0.15000" color="gray" opacity="100"/>
<line xp1="76.09702" yp1="35.75714" xp2="76.25862" yp2="35.70960" sp="0.15000" color="gray" opacity="100"/>
<line xp1="76.25862" yp1="35.70960" xp2="76.29360" yp2="35.63331" sp="0.15000" color="gray" opacity="100"/>
<line xp1="76.29360" yp1="35.63331" xp2="76.41889" yp2="35.65831" sp="0.15000" color="gray" opacity="100"/>
<line xp1="76.41889" yp1="35.65831" xp2="76.58034" yp2="35.83094" sp="0.15000" color="gray" opacity="100"/>
<line xp1="76.58034" yp1="35.83094" xp2="76.85085" yp2="36.01743" sp="0.15000" color="gray" opacity="100"/>
<line xp1="76.85085" yp1="36.01743" xp2="76.94188" yp2="36.05234" sp="0.15000" color="gray" opacity="100"/>
<line xp1="76.94188" yp1="36.05234" xp2="77.05043" yp2="36.17854" sp="0.15000" color="gray" opacity="100"/>
<line xp1="77.05043" yp1="36.17854" xp2="77.07649" yp2="36.21109" sp="0.15000" color="gray" opacity="100"/>
<line xp1="77.07649" yp1="36.21109" xp2="77.11078" yp2="36.27100" sp="0.15000" color="gray" opacity="100"/>
<line xp1="77.11078" yp1="36.27100" xp2="77.10402" yp2="36.36494" sp="0.15000" color="gray" opacity="100"/>
<line xp1="77.10402" yp1="36.36494" xp2="77.06125" yp2="36.41471" sp="0.15000" color="gray" opacity="100"/>
<line xp1="77.06125" yp1="36.41471" xp2="76.99980" yp2="36.46666" sp="0.15000" color="gray" opacity="100"/>
<line xp1="76.99980" yp1="36.46666" xp2="76.97051" yp2="36.53689" sp="0.15000" color="gray" opacity="100"/>
<line xp1="76.97051" yp1="36.53689" xp2="77.01134" yp2="36.72417" sp="0.15000" color="gray" opacity="100"/>
<line xp1="77.01134" yp1="36.72417" xp2="77.08397" yp2="36.72003" sp="0.15000" color="gray" opacity="100"/>
<line xp1="77.08397" yp1="36.72003" xp2="77.11017" yp2="36.68231" sp="0.15000" color="gray" opacity="100"/>
<line xp1="77.11017" yp1="36.68231" xp2="77.08665" yp2="36.62340" sp="0.15000" color="gray" opacity="100"/>
<line xp1="77.08665" yp1="36.62340" xp2="77.10158" yp2="36.54537" sp="0.15000" color="gray" opacity="100"/>
<line xp1="77.10158" yp1="36.54537" xp2="77.14255" yp2="36.48777" sp="0.15000" color="gray" opacity="100"/>
<line xp1="77.14255" yp1="36.48777" xp2="77.20643" yp2="36.47774" sp="0.15000" color="gray" opacity="100"/>
<line xp1="77.20643" yp1="36.47774" xp2="77.23889" yp2="36.50077" sp="0.15000" color="gray" opacity="100"/>
<line xp1="77.23889" yp1="36.50077" xp2="77.33440" yp2="36.58331" sp="0.15000" color="gray" opacity="100"/>
<line xp1="77.33440" yp1="36.58331" xp2="77.51966" yp2="36.90714" sp="0.15000" color="gray" opacity="100"/>
<line xp1="77.51966" yp1="36.90714" xp2="77.49552" yp2="36.96943" sp="0.15000" color="gray" opacity="100"/>
<line xp1="77.49552" yp1="36.96943" xp2="77.53462" yp2="37.10434" sp="0.15000" color="gray" opacity="100"/>
<line xp1="77.53462" yp1="37.10434" xp2="77.58248" yp2="37.18729" sp="0.15000" color="gray" opacity="100"/>
<line xp1="77.58248" yp1="37.18729" xp2="77.65663" yp2="37.23829" sp="0.15000" color="gray" opacity="100"/>
<line xp1="77.65663" yp1="37.23829" xp2="77.70086" yp2="37.16903" sp="0.15000" color="gray" opacity="100"/>
<line xp1="77.70086" yp1="37.16903" xp2="77.77651" yp2="37.15631" sp="0.15000" color="gray" opacity="100"/>
<line xp1="77.77651" yp1="37.15631" xp2="77.86409" yp2="37.16626" sp="0.15000" color="gray" opacity="100"/>
<line xp1="77.86409" yp1="37.16626" xp2="77.88966" yp2="37.31129" sp="0.15000" color="gray" opacity="100"/>
<line xp1="77.88966" yp1="37.31129" xp2="77.93175" yp2="37.37074" sp="0.15000" color="gray" opacity="100"/>
<line xp1="77.93175" yp1="37.37074" xp2="78.00449" yp2="37.42631" sp="0.15000" color="gray" opacity="100"/>
<line xp1="78.00449" yp1="37.42631" xp2="78.10298" yp2="37.54603" sp="0.15000" color="gray" opacity="100"/>
<line xp1="78.10298" yp1="37.54603" xp2="78.14486" yp2="37.61583" sp="0.15000" color="gray" opacity="100"/>
<line xp1="78.14486" yp1="37.61583" xp2="78.14657" yp2="37.67300" sp="0.15000" color="gray" opacity="100"/>
<line xp1="78.14657" yp1="37.67300" xp2="78.11572" yp2="37.80729" sp="0.15000" color="gray" opacity="100"/>
<line xp1="78.11572" yp1="37.80729" xp2="78.06829" yp2="37.84014" sp="0.15000" color="gray" opacity="100"/>
<line xp1="78.06829" yp1="37.84014" xp2="78.02692" yp2="37.90397" sp="0.15000" color="gray" opacity="100"/>
<line xp1="78.02692" yp1="37.90397" xp2="78.00834" yp2="37.95474" sp="0.15000" color="gray" opacity="100"/>
<line xp1="78.00834" yp1="37.95474" xp2="78.00663" yp2="38.01466" sp="0.15000" color="gray" opacity="100"/>
<line xp1="78.00663" yp1="38.01466" xp2="78.01603" yp2="38.08411" sp="0.15000" color="gray" opacity="100"/>
<line xp1="78.01603" yp1="38.08411" xp2="78.04402" yp2="38.20949" sp="0.15000" color="gray" opacity="100"/>
<line xp1="78.04402" yp1="38.20949" xp2="78.11368" yp2="38.32377" sp="0.15000" color="gray" opacity="100"/>
<line xp1="78.11368" yp1="38.32377" xp2="78.15434" yp2="38.37220" sp="0.15000" color="gray" opacity="100"/>
<line xp1="78.15434" yp1="38.37220" xp2="78.09648" yp2="38.22060" sp="0.15000" color="gray" opacity="100"/>
<line xp1="78.09648" yp1="38.22060" xp2="78.05618" yp2="38.10554" sp="0.15000" color="gray" opacity="100"/>
<line xp1="78.05618" yp1="38.10554" xp2="78.04752" yp2="38.04046" sp="0.15000" color="gray" opacity="100"/>
<line xp1="78.04752" yp1="38.04046" xp2="78.15932" yp2="37.93983" sp="0.15000" color="gray" opacity="100"/>
<line xp1="78.15932" yp1="37.93983" xp2="78.20897" yp2="38.04126" sp="0.15000" color="gray" opacity="100"/>
<line xp1="78.20897" yp1="38.04126" xp2="78.23289" yp2="38.25554" sp="0.15000" color="gray" opacity="100"/>
<line xp1="78.23289" yp1="38.25554" xp2="78.24978" yp2="38.33051" sp="0.15000" color="gray" opacity="100"/>
<line xp1="78.24978" yp1="38.33051" xp2="78.49103" yp2="38.83331" sp="0.15000" color="gray" opacity="100"/>
<line xp1="78.49103" yp1="38.83331" xp2="78.55769" yp2="38.96586" sp="0.15000" color="gray" opacity="100"/>
<line xp1="78.55769" yp1="38.96586" xp2="78.58805" yp2="39.02140" sp="0.15000" color="gray" opacity="100"/>
<line xp1="78.58805" yp1="39.02140" xp2="78.64403" yp2="39.11980" sp="0.15000" color="gray" opacity="100"/>
<line xp1="78.64403" yp1="39.11980" xp2="78.67500" yp2="39.16346" sp="0.15000" color="gray" opacity="100"/>
<line xp1="78.67500" yp1="39.16346" xp2="78.72692" yp2="39.22934" sp="0.15000" color="gray" opacity="100"/>
<line xp1="78.72692" yp1="39.22934" xp2="79.07608" yp2="39.63094" sp="0.15000" color="gray" opacity="100"/>
<line xp1="79.07608" yp1="39.63094" xp2="79.10448" yp2="39.65514" sp="0.15000" color="gray" opacity="100"/>
<line xp1="79.10448" yp1="39.65514" xp2="79.11966" yp2="39.66191" sp="0.15000" color="gray" opacity="100"/>
<line xp1="79.11966" yp1="39.66191" xp2="79.20298" yp2="39.65711" sp="0.15000" color="gray" opacity="100"/>
<line xp1="79.20298" yp1="39.65711" xp2="79.32737" yp2="39.70871" sp="0.15000" color="gray" opacity="100"/>
<line xp1="79.32737" yp1="39.70871" xp2="79.63483" yp2="39.77100" sp="0.15000" color="gray" opacity="100"/>
<line xp1="79.63483" yp1="39.77100" xp2="79.76325" yp2="39.75631" sp="0.15000" color="gray" opacity="100"/>
<line xp1="79.76325" yp1="39.75631" xp2="79.84400" yp2="39.72774" sp="0.15000" color="gray" opacity="100"/>
<line xp1="79.84400" yp1="39.72774" xp2="79.89272" yp2="39.70000" sp="0.15000" color="gray" opacity="100"/>
<line xp1="79.89272" yp1="39.70000" xp2="79.96005" yp2="39.68391" sp="0.15000" color="gray" opacity="100"/>
<line xp1="79.96005" yp1="39.68391" xp2="80.03675" yp2="39.83649" sp="0.15000" color="gray" opacity="100"/>
<line xp1="80.03675" yp1="39.83649" xp2="80.07232" yp2="39.97834" sp="0.15000" color="gray" opacity="100"/>
<line xp1="80.07232" yp1="39.97834" xp2="80.08271" yp2="40.08211" sp="0.15000" color="gray" opacity="100"/>
<line xp1="80.08271" yp1="40.08211" xp2="80.08463" yp2="40.18571" sp="0.15000" color="gray" opacity="100"/>
<line xp1="80.08463" yp1="40.18571" xp2="80.08035" yp2="40.26109" sp="0.15000" color="gray" opacity="100"/>
<line xp1="80.08035" yp1="40.26109" xp2="80.07563" yp2="40.34126" sp="0.15000" color="gray" opacity="100"/>
<line xp1="80.07563" yp1="40.34126" xp2="80.06826" yp2="40.42577" sp="0.15000" color="gray" opacity="100"/>
<line xp1="80.06826" yp1="40.42577" xp2="80.11188" yp2="40.33589" sp="0.15000" color="gray" opacity="100"/>
<line xp1="80.11188" yp1="40.33589" xp2="80.12202" yp2="40.05514" sp="0.15000" color="gray" opacity="100"/>
<line xp1="80.12202" yp1="40.05514" xp2="80.11923" yp2="39.97697" sp="0.15000" color="gray" opacity="100"/>
<line xp1="80.11923" yp1="39.97697" xp2="80.10086" yp2="39.79126" sp="0.15000" color="gray" opacity="100"/>
<line xp1="80.10086" yp1="39.79126" xp2="80.11902" yp2="39.82043" sp="0.15000" color="gray" opacity="100"/>
<line xp1="80.11902" yp1="39.82043" xp2="80.17820" yp2="40.09363" sp="0.15000" color="gray" opacity="100"/>
<line xp1="80.17820" yp1="40.09363" xp2="80.18131" yp2="40.17617" sp="0.15000" color="gray" opacity="100"/>
<line xp1="80.18131" yp1="40.17617" xp2="80.20043" yp2="40.37377" sp="0.15000" color="gray" opacity="100"/>
<line xp1="80.20043" yp1="40.37377" xp2="80.21197" yp2="40.43094" sp="0.15000" color="gray" opacity="100"/>
<line xp1="80.21197" yp1="40.43094" xp2="80.25383" yp2="40.54837" sp="0.15000" color="gray" opacity="100"/>
<line xp1="80.25383" yp1="40.54837" xp2="80.37349" yp2="40.81506" sp="0.15000" color="gray" opacity="100"/>
<line xp1="80.37349" yp1="40.81506" xp2="80.45343" yp2="40.97694" sp="0.15000" color="gray" opacity="100"/>
<line xp1="80.45343" yp1="40.97694" xp2="80.48889" yp2="41.04443" sp="0.15000" color="gray" opacity="100"/>
<line xp1="80.48889" yp1="41.04443" xp2="80.51623" yp2="41.08409" sp="0.15000" color="gray" opacity="100"/>
<line xp1="80.51623" yp1="41.08409" xp2="80.55897" yp2="41.13729" sp="0.15000" color="gray" opacity="100"/>
<line xp1="80.55897" yp1="41.13729" xp2="80.59295" yp2="41.17777" sp="0.15000" color="gray" opacity="100"/>
<line xp1="80.59295" yp1="41.17777" xp2="80.65597" yp2="41.24840" sp="0.15000" color="gray" opacity="100"/>
<line xp1="80.65597" yp1="41.24840" xp2="80.83803" yp2="41.44009" sp="0.15000" color="gray" opacity="100"/>
<line xp1="80.83803" yp1="41.44009" xp2="80.89038" yp2="41.46983" sp="0.15000" color="gray" opacity="100"/>
<line xp1="80.89038" yp1="41.46983" xp2="80.95118" yp2="41.47557" sp="0.15000" color="gray" opacity="100"/>
<line xp1="80.95118" yp1="41.47557" xp2="80.95532" yp2="41.60837" sp="0.15000" color="gray" opacity="100"/>
<line xp1="80.95532" yp1="41.60837" xp2="80.94505" yp2="41.75029" sp="0.15000" color="gray" opacity="100"/>
<line xp1="80.94505" yp1="41.75029" xp2="80.90855" yp2="41.96903" sp="0.15000" color="gray" opacity="100"/>
<line xp1="80.90855" yp1="41.96903" xp2="80.88548" yp2="42.03729" sp="0.15000" color="gray" opacity="100"/>
<line xp1="80.88548" yp1="42.03729" xp2="80.87865" yp2="42.11980" sp="0.15000" color="gray" opacity="100"/>
<line xp1="80.87865" yp1="42.11980" xp2="80.94082" yp2="42.09443" sp="0.15000" color="gray" opacity="100"/>
<line xp1="80.94082" yp1="42.09443" xp2="81.02928" yp2="41.82834" sp="0.15000" color="gray" opacity="100"/>
<line xp1="81.02928" yp1="41.82834" xp2="80.99965" yp2="41.71711" sp="0.15000" color="gray" opacity="100"/>
<line xp1="80.99965" yp1="41.71711" xp2="81.02477" yp2="41.64569" sp="0.15000" color="gray" opacity="100"/>
<line xp1="81.02477" yp1="41.64569" xp2="81.06218" yp2="41.59920" sp="0.15000" color="gray" opacity="100"/>
<line xp1="81.06218" yp1="41.59920" xp2="81.11837" yp2="41.66980" sp="0.15000" color="gray" opacity="100"/>
<line xp1="81.11837" yp1="41.66980" xp2="81.26838" yp2="41.87060" sp="0.15000" color="gray" opacity="100"/>
<line xp1="81.26838" yp1="41.87060" xp2="81.34874" yp2="41.98091" sp="0.15000" color="gray" opacity="100"/>
<line xp1="81.34874" yp1="41.98091" xp2="81.39348" yp2="41.93549" sp="0.15000" color="gray" opacity="100"/>
<line xp1="81.39348" yp1="41.93549" xp2="81.90778" yp2="42.19026" sp="0.15000" color="gray" opacity="100"/>
<line xp1="81.90778" yp1="42.19026" xp2="82.02575" yp2="42.27854" sp="0.15000" color="gray" opacity="100"/>
<line xp1="82.02575" yp1="42.27854" xp2="82.06005" yp2="42.16517" sp="0.15000" color="gray" opacity="100"/>
<line xp1="82.06005" yp1="42.16517" xp2="82.07137" yp2="42.04937" sp="0.15000" color="gray" opacity="100"/>
<line xp1="82.07137" yp1="42.04937" xp2="82.11368" yp2="42.02894" sp="0.15000" color="gray" opacity="100"/>
<line xp1="82.11368" yp1="42.02894" xp2="82.30672" yp2="42.10334" sp="0.15000" color="gray" opacity="100"/>
<line xp1="82.30672" yp1="42.10334" xp2="82.33634" yp2="42.21823" sp="0.15000" color="gray" opacity="100"/>
<line xp1="82.33634" yp1="42.21823" xp2="82.44402" yp2="42.42220" sp="0.15000" color="gray" opacity="100"/>
<line xp1="82.44402" yp1="42.42220" xp2="82.48762" yp2="42.46923" sp="0.15000" color="gray" opacity="100"/>
<line xp1="82.48762" yp1="42.46923" xp2="82.54883" yp2="42.51983" sp="0.15000" color="gray" opacity="100"/>
<line xp1="82.54883" yp1="42.51983" xp2="82.62694" yp2="42.67697" sp="0.15000" color="gray" opacity="100"/>
<line xp1="82.62694" yp1="42.67697" xp2="82.65875" yp2="42.75037" sp="0.15000" color="gray" opacity="100"/>
<line xp1="82.65875" yp1="42.75037" xp2="82.59594" yp2="42.89323" sp="0.15000" color="gray" opacity="100"/>
<line xp1="82.59594" yp1="42.89323" xp2="82.53654" yp2="42.92060" sp="0.15000" color="gray" opacity="100"/>
<line xp1="82.53654" yp1="42.92060" xp2="82.56346" yp2="42.84643" sp="0.15000" color="gray" opacity="100"/>
<line xp1="82.56346" yp1="42.84643" xp2="82.57915" yp2="42.78369" sp="0.15000" color="gray" opacity="100"/>
<line xp1="82.57915" yp1="42.78369" xp2="82.43795" yp2="42.68900" sp="0.15000" color="gray" opacity="100"/>
<line xp1="82.43795" yp1="42.68900" xp2="82.37969" yp2="42.67209" sp="0.15000" color="gray" opacity="100"/>
<line xp1="82.37969" yp1="42.67209" xp2="82.36569" yp2="42.75137" sp="0.15000" color="gray" opacity="100"/>
<line xp1="82.36569" yp1="42.75137" xp2="82.40931" yp2="42.82234" sp="0.15000" color="gray" opacity="100"/>
<line xp1="82.40931" yp1="42.82234" xp2="82.41174" yp2="42.97934" sp="0.15000" color="gray" opacity="100"/>
<line xp1="82.41174" yp1="42.97934" xp2="82.37912" yp2="43.04789" sp="0.15000" color="gray" opacity="100"/>
<line xp1="82.37912" yp1="43.04789" xp2="82.32394" yp2="42.88331" sp="0.15000" color="gray" opacity="100"/>
<line xp1="82.32394" yp1="42.88331" xp2="82.26282" yp2="42.86983" sp="0.15000" color="gray" opacity="100"/>
<line xp1="82.26282" yp1="42.86983" xp2="82.10182" yp2="42.80691" sp="0.15000" color="gray" opacity="100"/>
<line xp1="82.10182" yp1="42.80691" xp2="82.00428" yp2="42.71109" sp="0.15000" color="gray" opacity="100"/>
<line xp1="82.00428" yp1="42.71109" xp2="81.94038" yp2="42.62457" sp="0.15000" color="gray" opacity="100"/>
<line xp1="81.94038" yp1="42.62457" xp2="81.91835" yp2="42.58649" sp="0.15000" color="gray" opacity="100"/>
<line xp1="81.91835" yp1="42.58649" xp2="81.87863" yp2="42.64760" sp="0.15000" color="gray" opacity="100"/>
<line xp1="81.87863" yp1="42.64760" xp2="81.82100" yp2="42.68409" sp="0.15000" color="gray" opacity="100"/>
<line xp1="81.82100" yp1="42.68409" xp2="81.78355" yp2="42.69574" sp="0.15000" color="gray" opacity="100"/>
<line xp1="81.78355" yp1="42.69574" xp2="81.70769" yp2="42.72537" sp="0.15000" color="gray" opacity="100"/>
<line xp1="81.70769" yp1="42.72537" xp2="81.64338" yp2="42.77020" sp="0.15000" color="gray" opacity="100"/>
<line xp1="81.64338" yp1="42.77020" xp2="81.59229" yp2="42.85077" sp="0.15000" color="gray" opacity="100"/>
<line xp1="81.59229" yp1="42.85077" xp2="81.43360" yp2="43.28509" sp="0.15000" color="gray" opacity="100"/>
<line xp1="81.43360" yp1="43.28509" xp2="81.57478" yp2="43.05157" sp="0.15000" color="gray" opacity="100"/>
<line xp1="81.57478" yp1="43.05157" xp2="81.74274" yp2="42.85714" sp="0.15000" color="gray" opacity="100"/>
<line xp1="81.74274" yp1="42.85714" xp2="81.79068" yp2="42.83586" sp="0.15000" color="gray" opacity="100"/>
<line xp1="81.79068" yp1="42.83586" xp2="81.83800" yp2="42.81597" sp="0.15000" color="gray" opacity="100"/>
<line xp1="81.83800" yp1="42.81597" xp2="81.90554" yp2="42.82220" sp="0.15000" color="gray" opacity="100"/>
<line xp1="81.90554" yp1="42.82220" xp2="81.95834" yp2="42.86149" sp="0.15000" color="gray" opacity="100"/>
<line xp1="81.95834" yp1="42.86149" xp2="82.07051" yp2="42.98094" sp="0.15000" color="gray" opacity="100"/>
<line xp1="82.07051" yp1="42.98094" xp2="82.14766" yp2="43.06903" sp="0.15000" color="gray" opacity="100"/>
<line xp1="82.14766" yp1="43.06903" xp2="82.20685" yp2="43.18529" sp="0.15000" color="gray" opacity="100"/>
<line xp1="82.20685" yp1="43.18529" xp2="82.22628" yp2="43.25117" sp="0.15000" color="gray" opacity="100"/>
<line xp1="82.22628" yp1="43.25117" xp2="82.19531" yp2="43.31466" sp="0.15000" color="gray" opacity="100"/>
<line xp1="82.19531" yp1="43.31466" xp2="82.05400" yp2="43.33409" sp="0.15000" color="gray" opacity="100"/>
<line xp1="82.05400" yp1="43.33409" xp2="82.20983" yp2="43.52457" sp="0.15000" color="gray" opacity="100"/>
<line xp1="82.20983" yp1="43.52457" xp2="82.32692" yp2="43.50234" sp="0.15000" color="gray" opacity="100"/>
<line xp1="82.32692" yp1="43.50234" xp2="82.35555" yp2="43.63331" sp="0.15000" color="gray" opacity="100"/>
<line xp1="82.35555" yp1="43.63331" xp2="82.30311" yp2="43.73689" sp="0.15000" color="gray" opacity="100"/>
<line xp1="82.30311" yp1="43.73689" xp2="81.79614" yp2="43.97777" sp="0.15000" color="gray" opacity="100"/>
<line xp1="81.79614" yp1="43.97777" xp2="81.50298" yp2="44.24837" sp="0.15000" color="gray" opacity="100"/>
<line xp1="81.50298" yp1="44.24837" xp2="81.46217" yp2="44.36269" sp="0.15000" color="gray" opacity="100"/>
<line xp1="81.46217" yp1="44.36269" xp2="81.62672" yp2="44.22080" sp="0.15000" color="gray" opacity="100"/>
<line xp1="81.62672" yp1="44.22080" xp2="81.67243" yp2="44.17617" sp="0.15000" color="gray" opacity="100"/>
<line xp1="81.67243" yp1="44.17617" xp2="82.07309" yp2="44.04283" sp="0.15000" color="gray" opacity="100"/>
<line xp1="82.07309" yp1="44.04283" xp2="82.15171" yp2="44.08966" sp="0.15000" color="gray" opacity="100"/>
<line xp1="82.15171" yp1="44.08966" xp2="82.12906" yp2="44.16826" sp="0.15000" color="gray" opacity="100"/>
<line xp1="82.12906" yp1="44.16826" xp2="82.10471" yp2="44.34997" sp="0.15000" color="gray" opacity="100"/>
<line xp1="82.10471" yp1="44.34997" xp2="82.13098" yp2="44.38809" sp="0.15000" color="gray" opacity="100"/>
<line xp1="82.13098" yp1="44.38809" xp2="82.17202" yp2="44.43151" sp="0.15000" color="gray" opacity="100"/>
<line xp1="82.17202" yp1="44.43151" xp2="82.28375" yp2="44.37697" sp="0.15000" color="gray" opacity="100"/>
<line xp1="82.28375" yp1="44.37697" xp2="82.20962" yp2="44.31089" sp="0.15000" color="gray" opacity="100"/>
<line xp1="82.20962" yp1="44.31089" xp2="82.20445" yp2="44.24269" sp="0.15000" color="gray" opacity="100"/>
<line xp1="82.20445" yp1="44.24269" xp2="82.27306" yp2="44.01189" sp="0.15000" color="gray" opacity="100"/>
<line xp1="82.27306" yp1="44.01189" xp2="82.31368" yp2="43.95634" sp="0.15000" color="gray" opacity="100"/>
<line xp1="82.31368" yp1="43.95634" xp2="82.36625" yp2="43.92060" sp="0.15000" color="gray" opacity="100"/>
<line xp1="82.36625" yp1="43.92060" xp2="82.84743" yp2="43.81983" sp="0.15000" color="gray" opacity="100"/>
<line xp1="82.84743" yp1="43.81983" xp2="82.87200" yp2="43.88531" sp="0.15000" color="gray" opacity="100"/>
<line xp1="82.87200" yp1="43.88531" xp2="83.01368" yp2="44.06903" sp="0.15000" color="gray" opacity="100"/>
<line xp1="83.01368" yp1="44.06903" xp2="83.07351" yp2="44.18886" sp="0.15000" color="gray" opacity="100"/>
<line xp1="83.07351" yp1="44.18886" xp2="83.10832" yp2="44.33331" sp="0.15000" color="gray" opacity="100"/>
<line xp1="83.10832" yp1="44.33331" xp2="83.24058" yp2="44.50157" sp="0.15000" color="gray" opacity="100"/>
<line xp1="83.24058" yp1="44.50157" xp2="83.29231" yp2="44.52777" sp="0.15000" color="gray" opacity="100"/>
<line xp1="83.29231" yp1="44.52777" xp2="83.32565" yp2="44.47697" sp="0.15000" color="gray" opacity="100"/>
<line xp1="83.32565" yp1="44.47697" xp2="83.35854" yp2="44.47457" sp="0.15000" color="gray" opacity="100"/>
<line xp1="83.35854" yp1="44.47457" xp2="83.40086" yp2="44.48969" sp="0.15000" color="gray" opacity="100"/>
<line xp1="83.40086" yp1="44.48969" xp2="83.47575" yp2="44.62420" sp="0.15000" color="gray" opacity="100"/>
<line xp1="83.47575" yp1="44.62420" xp2="83.50642" yp2="44.83609" sp="0.15000" color="gray" opacity="100"/>
<line xp1="83.50642" yp1="44.83609" xp2="83.50642" yp2="45.18431" sp="0.15000" color="gray" opacity="100"/>
<line xp1="83.50642" yp1="45.18431" xp2="83.46282" yp2="45.36546" sp="0.15000" color="gray" opacity="100"/>
<line xp1="83.46282" yp1="45.36546" xp2="83.41026" yp2="45.48491" sp="0.15000" color="gray" opacity="100"/>
<line xp1="83.41026" yp1="45.48491" xp2="83.34657" yp2="45.61426" sp="0.15000" color="gray" opacity="100"/>
<line xp1="83.34657" yp1="45.61426" xp2="83.30642" yp2="45.64363" sp="0.15000" color="gray" opacity="100"/>
<line xp1="83.30642" yp1="45.64363" xp2="83.16411" yp2="45.47934" sp="0.15000" color="gray" opacity="100"/>
<line xp1="83.16411" yp1="45.47934" xp2="83.12200" yp2="45.42220" sp="0.15000" color="gray" opacity="100"/>
<line xp1="83.12200" yp1="45.42220" xp2="83.09317" yp2="45.37300" sp="0.15000" color="gray" opacity="100"/>
<line xp1="83.09317" yp1="45.37300" xp2="83.08377" yp2="45.18091" sp="0.15000" color="gray" opacity="100"/>
<line xp1="83.08377" yp1="45.18091" xp2="83.09455" yp2="45.11743" sp="0.15000" color="gray" opacity="100"/>
<line xp1="83.09455" yp1="45.11743" xp2="83.08634" yp2="44.88649" sp="0.15000" color="gray" opacity="100"/>
<line xp1="83.08634" yp1="44.88649" xp2="83.03269" yp2="44.72597" sp="0.15000" color="gray" opacity="100"/>
<line xp1="83.03269" yp1="44.72597" xp2="82.91815" yp2="44.74403" sp="0.15000" color="gray" opacity="100"/>
<line xp1="82.91815" yp1="44.74403" xp2="82.86826" yp2="44.83540" sp="0.15000" color="gray" opacity="100"/>
<line xp1="82.86826" yp1="44.83540" xp2="82.90834" yp2="44.83231" sp="0.15000" color="gray" opacity="100"/>
<line xp1="82.90834" yp1="44.83231" xp2="83.00808" yp2="44.81246" sp="0.15000" color="gray" opacity="100"/>
<line xp1="83.00808" yp1="44.81246" xp2="83.01282" yp2="44.99760" sp="0.15000" color="gray" opacity="100"/>
<line xp1="83.01282" yp1="44.99760" xp2="82.99531" yp2="45.12460" sp="0.15000" color="gray" opacity="100"/>
<line xp1="82.99531" yp1="45.12460" xp2="82.98420" yp2="45.27697" sp="0.15000" color="gray" opacity="100"/>
<line xp1="82.98420" yp1="45.27697" xp2="82.99531" yp2="45.35354" sp="0.15000" color="gray" opacity="100"/>
<line xp1="82.99531" yp1="45.35354" xp2="83.04337" yp2="45.49363" sp="0.15000" color="gray" opacity="100"/>
<line xp1="83.04337" yp1="45.49363" xp2="83.03611" yp2="45.60631" sp="0.15000" color="gray" opacity="100"/>
<line xp1="83.03611" yp1="45.60631" xp2="82.99829" yp2="45.66346" sp="0.15000" color="gray" opacity="100"/>
<line xp1="82.99829" yp1="45.66346" xp2="82.95768" yp2="45.69483" sp="0.15000" color="gray" opacity="100"/>
<line xp1="82.95768" yp1="45.69483" xp2="82.80812" yp2="45.70274" sp="0.15000" color="gray" opacity="100"/>
<line xp1="82.80812" yp1="45.70274" xp2="82.61272" yp2="45.58300" sp="0.15000" color="gray" opacity="100"/>
<line xp1="82.61272" yp1="45.58300" xp2="82.66538" yp2="45.48251" sp="0.15000" color="gray" opacity="100"/>
<line xp1="82.66538" yp1="45.48251" xp2="82.64742" yp2="45.48331" sp="0.15000" color="gray" opacity="100"/>
<line xp1="82.64742" yp1="45.48331" xp2="82.49254" yp2="45.59323" sp="0.15000" color="gray" opacity="100"/>
<line xp1="82.49254" yp1="45.59323" xp2="82.47265" yp2="45.64363" sp="0.15000" color="gray" opacity="100"/>
<line xp1="82.47265" yp1="45.64363" xp2="82.43055" yp2="45.65351" sp="0.15000" color="gray" opacity="100"/>
<line xp1="82.43055" yp1="45.65351" xp2="82.35343" yp2="45.61426" sp="0.15000" color="gray" opacity="100"/>
<line xp1="82.35343" yp1="45.61426" xp2="82.26195" yp2="45.56029" sp="0.15000" color="gray" opacity="100"/>
<line xp1="82.26195" yp1="45.56029" xp2="82.22500" yp2="45.54203" sp="0.15000" color="gray" opacity="100"/>
<line xp1="82.22500" yp1="45.54203" xp2="82.05814" yp2="45.52300" sp="0.15000" color="gray" opacity="100"/>
<line xp1="82.05814" yp1="45.52300" xp2="81.95460" yp2="45.54243" sp="0.15000" color="gray" opacity="100"/>
<line xp1="81.95460" yp1="45.54243" xp2="81.94782" yp2="45.85029" sp="0.15000" color="gray" opacity="100"/>
<line xp1="81.94782" yp1="45.85029" xp2="81.91717" yp2="45.98506" sp="0.15000" color="gray" opacity="100"/>
<line xp1="81.91717" yp1="45.98506" xp2="81.90725" yp2="46.12894" sp="0.15000" color="gray" opacity="100"/>
<line xp1="81.90725" yp1="46.12894" xp2="81.91152" yp2="46.29760" sp="0.15000" color="gray" opacity="100"/>
<line xp1="81.91152" yp1="46.29760" xp2="81.92908" yp2="46.36623" sp="0.15000" color="gray" opacity="100"/>
<line xp1="81.92908" yp1="46.36623" xp2="81.99295" yp2="46.41923" sp="0.15000" color="gray" opacity="100"/>
<line xp1="81.99295" yp1="46.41923" xp2="81.97094" yp2="46.31266" sp="0.15000" color="gray" opacity="100"/>
<line xp1="81.97094" yp1="46.31266" xp2="81.95748" yp2="46.19246" sp="0.15000" color="gray" opacity="100"/>
<line xp1="81.95748" yp1="46.19246" xp2="81.98429" yp2="46.05006" sp="0.15000" color="gray" opacity="100"/>
<line xp1="81.98429" yp1="46.05006" xp2="82.01358" yp2="45.91897" sp="0.15000" color="gray" opacity="100"/>
<line xp1="82.01358" yp1="45.91897" xp2="82.06186" yp2="45.80891" sp="0.15000" color="gray" opacity="100"/>
<line xp1="82.06186" yp1="45.80891" xp2="82.27905" yp2="45.73411" sp="0.15000" color="gray" opacity="100"/>
<line xp1="82.27905" yp1="45.73411" xp2="82.31497" yp2="45.74166" sp="0.15000" color="gray" opacity="100"/>
<line xp1="82.31497" yp1="45.74166" xp2="82.50557" yp2="45.93411" sp="0.15000" color="gray" opacity="100"/>
<line xp1="82.50557" yp1="45.93411" xp2="82.51112" yp2="46.05237" sp="0.15000" color="gray" opacity="100"/>
<line xp1="82.51112" yp1="46.05237" xp2="82.50642" yp2="46.14283" sp="0.15000" color="gray" opacity="100"/>
<line xp1="82.50642" yp1="46.14283" xp2="82.56282" yp2="46.09920" sp="0.15000" color="gray" opacity="100"/>
<line xp1="82.56282" yp1="46.09920" xp2="82.71412" yp2="45.98571" sp="0.15000" color="gray" opacity="100"/>
<line xp1="82.71412" yp1="45.98571" xp2="82.74743" yp2="45.98489" sp="0.15000" color="gray" opacity="100"/>
<line xp1="82.74743" yp1="45.98489" xp2="82.96774" yp2="46.14083" sp="0.15000" color="gray" opacity="100"/>
<line xp1="82.96774" yp1="46.14083" xp2="82.96014" yp2="46.22600" sp="0.15000" color="gray" opacity="100"/>
<line xp1="82.96014" yp1="46.22600" xp2="82.93514" yp2="46.27886" sp="0.15000" color="gray" opacity="100"/>
<line xp1="82.93514" yp1="46.27886" xp2="82.84497" yp2="46.45334" sp="0.15000" color="gray" opacity="100"/>
<line xp1="82.84497" yp1="46.45334" xp2="82.79445" yp2="46.48331" sp="0.15000" color="gray" opacity="100"/>
<line xp1="82.79445" yp1="46.48331" xp2="82.73440" yp2="46.55000" sp="0.15000" color="gray" opacity="100"/>
<line xp1="82.73440" yp1="46.55000" xp2="82.76977" yp2="46.62111" sp="0.15000" color="gray" opacity="100"/>
<line xp1="82.76977" yp1="46.62111" xp2="82.86175" yp2="46.53729" sp="0.15000" color="gray" opacity="100"/>
<line xp1="82.86175" yp1="46.53729" xp2="83.01115" yp2="46.34211" sp="0.15000" color="gray" opacity="100"/>
<line xp1="83.01115" yp1="46.34211" xp2="83.02705" yp2="46.29203" sp="0.15000" color="gray" opacity="100"/>
<line xp1="83.02705" yp1="46.29203" xp2="83.06975" yp2="46.23171" sp="0.15000" color="gray" opacity="100"/>
<line xp1="83.06975" yp1="46.23171" xp2="83.15472" yp2="46.19600" sp="0.15000" color="gray" opacity="100"/>
<line xp1="83.15472" yp1="46.19600" xp2="83.18994" yp2="46.20254" sp="0.15000" color="gray" opacity="100"/>
<line xp1="83.18994" yp1="46.20254" xp2="83.14942" yp2="46.26403" sp="0.15000" color="gray" opacity="100"/>
<line xp1="83.14942" yp1="46.26403" xp2="83.08100" yp2="46.60237" sp="0.15000" color="gray" opacity="100"/>
<line xp1="83.08100" yp1="46.60237" xp2="83.11378" yp2="46.60394" sp="0.15000" color="gray" opacity="100"/>
<line xp1="83.11378" yp1="46.60394" xp2="83.17085" yp2="46.52517" sp="0.15000" color="gray" opacity="100"/>
<line xp1="83.17085" yp1="46.52517" xp2="83.30352" yp2="46.03054" sp="0.15000" color="gray" opacity="100"/>
<line xp1="83.30352" yp1="46.03054" xp2="83.39515" yp2="45.92529" sp="0.15000" color="gray" opacity="100"/>
<line xp1="83.39515" yp1="45.92529" xp2="83.39017" yp2="46.05157" sp="0.15000" color="gray" opacity="100"/>
<line xp1="83.39017" yp1="46.05157" xp2="83.25642" yp2="46.55871" sp="0.15000" color="gray" opacity="100"/>
<line xp1="83.25642" yp1="46.55871" xp2="83.20554" yp2="46.71826" sp="0.15000" color="gray" opacity="100"/>
<line xp1="83.20554" yp1="46.71826" xp2="83.15900" yp2="46.77694" sp="0.15000" color="gray" opacity="100"/>
<line xp1="83.15900" yp1="46.77694" xp2="83.09702" yp2="46.89046" sp="0.15000" color="gray" opacity="100"/>
<line xp1="83.09702" yp1="46.89046" xp2="83.02349" yp2="47.13331" sp="0.15000" color="gray" opacity="100"/>
<line xp1="83.02349" yp1="47.13331" xp2="83.01709" yp2="47.19483" sp="0.15000" color="gray" opacity="100"/>
<line xp1="83.01709" yp1="47.19483" xp2="83.03232" yp2="47.28571" sp="0.15000" color="gray" opacity="100"/>
<line xp1="83.03232" yp1="47.28571" xp2="83.01175" yp2="47.35611" sp="0.15000" color="gray" opacity="100"/>
<line xp1="83.01175" yp1="47.35611" xp2="83.04680" yp2="47.33351" sp="0.15000" color="gray" opacity="100"/>
<line xp1="83.04680" yp1="47.33351" xp2="83.05723" yp2="47.28526" sp="0.15000" color="gray" opacity="100"/>
<line xp1="83.05723" yp1="47.28526" xp2="83.12318" yp2="47.11980" sp="0.15000" color="gray" opacity="100"/>
<line xp1="83.12318" yp1="47.11980" xp2="83.18932" yp2="47.09997" sp="0.15000" color="gray" opacity="100"/>
<line xp1="83.18932" yp1="47.09997" xp2="83.23142" yp2="47.12220" sp="0.15000" color="gray" opacity="100"/>
<line xp1="83.23142" yp1="47.12220" xp2="83.21655" yp2="47.28571" sp="0.15000" color="gray" opacity="100"/>
<line xp1="83.21655" yp1="47.28571" xp2="83.21132" yp2="47.35197" sp="0.15000" color="gray" opacity="100"/>
<line xp1="83.21132" yp1="47.35197" xp2="83.17192" yp2="47.32477" sp="0.15000" color="gray" opacity="100"/>
<line xp1="83.17192" yp1="47.32477" xp2="83.16415" yp2="47.28491" sp="0.15000" color="gray" opacity="100"/>
<line xp1="83.16415" yp1="47.28491" xp2="83.15534" yp2="47.26437" sp="0.15000" color="gray" opacity="100"/>
<line xp1="83.15534" yp1="47.26437" xp2="83.12486" yp2="47.28491" sp="0.15000" color="gray" opacity="100"/>
<line xp1="83.12486" yp1="47.28491" xp2="83.11411" yp2="47.33091" sp="0.15000" color="gray" opacity="100"/>
<line xp1="83.11411" yp1="47.33091" xp2="83.11452" yp2="47.48809" sp="0.15000" color="gray" opacity="100"/>
<line xp1="83.11452" yp1="47.48809" xp2="83.12822" yp2="47.65949" sp="0.15000" color="gray" opacity="100"/>
<line xp1="83.12822" yp1="47.65949" xp2="83.16106" yp2="47.74977" sp="0.15000" color="gray" opacity="100"/>
<line xp1="83.16106" yp1="47.74977" xp2="83.21325" yp2="47.61506" sp="0.15000" color="gray" opacity="100"/>
<line xp1="83.21325" yp1="47.61506" xp2="83.25855" yp2="47.37697" sp="0.15000" color="gray" opacity="100"/>
<line xp1="83.25855" yp1="47.37697" xp2="83.25737" yp2="47.28554" sp="0.15000" color="gray" opacity="100"/>
<line xp1="83.25737" yp1="47.28554" xp2="83.26283" yp2="47.23649" sp="0.15000" color="gray" opacity="100"/>
<line xp1="83.26283" yp1="47.23649" xp2="83.27694" yp2="47.13886" sp="0.15000" color="gray" opacity="100"/>
<line xp1="83.27694" yp1="47.13886" xp2="83.28632" yp2="47.07537" sp="0.15000" color="gray" opacity="100"/>
<line xp1="83.28632" yp1="47.07537" xp2="83.36668" yp2="46.62697" sp="0.15000" color="gray" opacity="100"/>
<line xp1="83.36668" yp1="46.62697" xp2="83.43332" yp2="46.34997" sp="0.15000" color="gray" opacity="100"/>
<line xp1="83.43332" yp1="46.34997" xp2="83.44892" yp2="46.29203" sp="0.15000" color="gray" opacity="100"/>
<line xp1="83.44892" yp1="46.29203" xp2="83.45962" yp2="46.23649" sp="0.15000" color="gray" opacity="100"/>
<line xp1="83.45962" yp1="46.23649" xp2="83.47906" yp2="46.06751" sp="0.15000" color="gray" opacity="100"/>
<line xp1="83.47906" yp1="46.06751" xp2="83.49445" yp2="45.88886" sp="0.15000" color="gray" opacity="100"/>
<line xp1="83.49445" yp1="45.88886" xp2="83.53717" yp2="45.73729" sp="0.15000" color="gray" opacity="100"/>
<line xp1="83.53717" yp1="45.73729" xp2="83.56412" yp2="45.69046" sp="0.15000" color="gray" opacity="100"/>
<line xp1="83.56412" yp1="45.69046" xp2="83.59872" yp2="45.64123" sp="0.15000" color="gray" opacity="100"/>
<line xp1="83.59872" yp1="45.64123" xp2="83.63546" yp2="45.57974" sp="0.15000" color="gray" opacity="100"/>
<line xp1="83.63546" yp1="45.57974" xp2="83.70802" yp2="45.42140" sp="0.15000" color="gray" opacity="100"/>
<line xp1="83.70802" yp1="45.42140" xp2="83.70918" yp2="45.30414" sp="0.15000" color="gray" opacity="100"/>
<line xp1="83.70918" yp1="45.30414" xp2="83.75854" yp2="45.16586" sp="0.15000" color="gray" opacity="100"/>
<line xp1="83.75854" yp1="45.16586" xp2="83.79594" yp2="45.14720" sp="0.15000" color="gray" opacity="100"/>
<line xp1="83.79594" yp1="45.14720" xp2="83.76411" yp2="45.31111" sp="0.15000" color="gray" opacity="100"/>
<line xp1="83.76411" yp1="45.31111" xp2="83.72991" yp2="45.45394" sp="0.15000" color="gray" opacity="100"/>
<line xp1="83.72991" yp1="45.45394" xp2="83.63718" yp2="45.73651" sp="0.15000" color="gray" opacity="100"/>
<line xp1="83.63718" yp1="45.73651" xp2="83.60128" yp2="45.83889" sp="0.15000" color="gray" opacity="100"/>
<line xp1="83.60128" yp1="45.83889" xp2="83.53846" yp2="45.99046" sp="0.15000" color="gray" opacity="100"/>
<line xp1="83.53846" yp1="45.99046" xp2="83.51988" yp2="46.04720" sp="0.15000" color="gray" opacity="100"/>
<line xp1="83.51988" yp1="46.04720" xp2="83.40726" yp2="46.52460" sp="0.15000" color="gray" opacity="100"/>
<line xp1="83.40726" yp1="46.52460" xp2="83.37052" yp2="46.77380" sp="0.15000" color="gray" opacity="100"/>
<line xp1="83.37052" yp1="46.77380" xp2="83.34186" yp2="46.97380" sp="0.15000" color="gray" opacity="100"/>
<line xp1="83.34186" yp1="46.97380" xp2="83.31668" yp2="47.16189" sp="0.15000" color="gray" opacity="100"/>
<line xp1="83.31668" yp1="47.16189" xp2="83.30855" yp2="47.23331" sp="0.15000" color="gray" opacity="100"/>
<line xp1="83.30855" yp1="47.23331" xp2="83.30511" yp2="47.28306" sp="0.15000" color="gray" opacity="100"/>
<line xp1="83.30511" yp1="47.28306" xp2="83.25169" yp2="47.54443" sp="0.15000" color="gray" opacity="100"/>
<line xp1="83.25169" yp1="47.54443" xp2="83.13397" yp2="48.15514" sp="0.15000" color="gray" opacity="100"/>
<line xp1="83.13397" yp1="48.15514" xp2="83.09648" yp2="48.31209" sp="0.15000" color="gray" opacity="100"/>
<line xp1="83.09648" yp1="48.31209" xp2="83.05555" yp2="48.34303" sp="0.15000" color="gray" opacity="100"/>
<line xp1="83.05555" yp1="48.34303" xp2="82.98889" yp2="48.30451" sp="0.15000" color="gray" opacity="100"/>
<line xp1="82.98889" yp1="48.30451" xp2="82.82948" yp2="48.33966" sp="0.15000" color="gray" opacity="100"/>
<line xp1="82.82948" yp1="48.33966" xp2="82.77651" yp2="48.36983" sp="0.15000" color="gray" opacity="100"/>
<line xp1="82.77651" yp1="48.36983" xp2="82.71454" yp2="48.43094" sp="0.15000" color="gray" opacity="100"/>
<line xp1="82.71454" yp1="48.43094" xp2="82.68440" yp2="48.45117" sp="0.15000" color="gray" opacity="100"/>
<line xp1="82.68440" yp1="48.45117" xp2="82.59328" yp2="48.41406" sp="0.15000" color="gray" opacity="100"/>
<line xp1="82.59328" yp1="48.41406" xp2="82.58760" yp2="48.23171" sp="0.15000" color="gray" opacity="100"/>
<line xp1="82.58760" yp1="48.23171" xp2="82.62522" yp2="48.12377" sp="0.15000" color="gray" opacity="100"/>
<line xp1="82.62522" yp1="48.12377" xp2="82.56665" yp2="48.18174" sp="0.15000" color="gray" opacity="100"/>
<line xp1="82.56665" yp1="48.18174" xp2="82.34231" yp2="48.30077" sp="0.15000" color="gray" opacity="100"/>
<line xp1="82.34231" yp1="48.30077" xp2="82.33898" yp2="48.45077" sp="0.15000" color="gray" opacity="100"/>
<line xp1="82.33898" yp1="48.45077" xp2="82.19145" yp2="48.61666" sp="0.15000" color="gray" opacity="100"/>
<line xp1="82.19145" yp1="48.61666" xp2="82.08482" yp2="48.70514" sp="0.15000" color="gray" opacity="100"/>
<line xp1="82.08482" yp1="48.70514" xp2="81.97437" yp2="48.99283" sp="0.15000" color="gray" opacity="100"/>
<line xp1="81.97437" yp1="48.99283" xp2="81.74625" yp2="49.18109" sp="0.15000" color="gray" opacity="100"/>
<line xp1="81.74625" yp1="49.18109" xp2="81.49658" yp2="49.38174" sp="0.15000" color="gray" opacity="100"/>
<line xp1="81.49658" yp1="49.38174" xp2="81.31366" yp2="49.40554" sp="0.15000" color="gray" opacity="100"/>
<line xp1="81.31366" yp1="49.40554" xp2="81.18120" yp2="49.41826" sp="0.15000" color="gray" opacity="100"/>
<line xp1="81.18120" yp1="49.41826" xp2="81.17138" yp2="49.53171" sp="0.15000" color="gray" opacity="100"/>
<line xp1="81.17138" yp1="49.53171" xp2="81.55342" yp2="49.46546" sp="0.15000" color="gray" opacity="100"/>
<line xp1="81.55342" yp1="49.46546" xp2="81.57820" yp2="49.42537" sp="0.15000" color="gray" opacity="100"/>
<line xp1="81.57820" yp1="49.42537" xp2="81.68665" yp2="49.33169" sp="0.15000" color="gray" opacity="100"/>
<line xp1="81.68665" yp1="49.33169" xp2="81.71158" yp2="49.27966" sp="0.15000" color="gray" opacity="100"/>
<line xp1="81.71158" yp1="49.27966" xp2="81.86888" yp2="49.24300" sp="0.15000" color="gray" opacity="100"/>
<line xp1="81.86888" yp1="49.24300" xp2="82.03334" yp2="49.21743" sp="0.15000" color="gray" opacity="100"/>
<line xp1="82.03334" yp1="49.21743" xp2="82.07095" yp2="49.21983" sp="0.15000" color="gray" opacity="100"/>
<line xp1="82.07095" yp1="49.21983" xp2="82.10554" yp2="49.18926" sp="0.15000" color="gray" opacity="100"/>
<line xp1="82.10554" yp1="49.18926" xp2="82.13291" yp2="49.09600" sp="0.15000" color="gray" opacity="100"/>
<line xp1="82.13291" yp1="49.09600" xp2="82.13248" yp2="49.01743" sp="0.15000" color="gray" opacity="100"/>
<line xp1="82.13248" yp1="49.01743" xp2="82.13366" yp2="48.95414" sp="0.15000" color="gray" opacity="100"/>
<line xp1="82.13366" yp1="48.95414" xp2="82.21923" yp2="48.81266" sp="0.15000" color="gray" opacity="100"/>
<line xp1="82.21923" yp1="48.81266" xp2="82.40555" yp2="48.56349" sp="0.15000" color="gray" opacity="100"/>
<line xp1="82.40555" yp1="48.56349" xp2="82.47734" yp2="48.49520" sp="0.15000" color="gray" opacity="100"/>
<line xp1="82.47734" yp1="48.49520" xp2="82.62852" yp2="48.58669" sp="0.15000" color="gray" opacity="100"/>
<line xp1="82.62852" yp1="48.58669" xp2="82.66505" yp2="48.81803" sp="0.15000" color="gray" opacity="100"/>
<line xp1="82.66505" yp1="48.81803" xp2="82.63077" yp2="48.95871" sp="0.15000" color="gray" opacity="100"/>
<line xp1="82.63077" yp1="48.95871" xp2="82.49660" yp2="49.18331" sp="0.15000" color="gray" opacity="100"/>
<line xp1="82.49660" yp1="49.18331" xp2="82.39595" yp2="49.20869" sp="0.15000" color="gray" opacity="100"/>
<line xp1="82.39595" yp1="49.20869" xp2="82.36068" yp2="49.22774" sp="0.15000" color="gray" opacity="100"/>
<line xp1="82.36068" yp1="49.22774" xp2="82.24145" yp2="49.33966" sp="0.15000" color="gray" opacity="100"/>
<line xp1="82.24145" yp1="49.33966" xp2="82.17606" yp2="49.40554" sp="0.15000" color="gray" opacity="100"/>
<line xp1="82.17606" yp1="49.40554" xp2="82.14445" yp2="49.44520" sp="0.15000" color="gray" opacity="100"/>
<line xp1="82.14445" yp1="49.44520" xp2="82.04531" yp2="49.67617" sp="0.15000" color="gray" opacity="100"/>
<line xp1="82.04531" yp1="49.67617" xp2="82.02651" yp2="49.79920" sp="0.15000" color="gray" opacity="100"/>
<line xp1="82.02651" yp1="49.79920" xp2="82.18632" yp2="49.49603" sp="0.15000" color="gray" opacity="100"/>
<line xp1="82.18632" yp1="49.49603" xp2="82.33922" yp2="49.33946" sp="0.15000" color="gray" opacity="100"/>
<line xp1="82.33922" yp1="49.33946" xp2="82.37734" yp2="49.31983" sp="0.15000" color="gray" opacity="100"/>
<line xp1="82.37734" yp1="49.31983" xp2="82.38718" yp2="49.32220" sp="0.15000" color="gray" opacity="100"/>
<line xp1="82.38718" yp1="49.32220" xp2="82.49771" yp2="49.37289" sp="0.15000" color="gray" opacity="100"/>
<line xp1="82.49771" yp1="49.37289" xp2="82.45620" yp2="49.55949" sp="0.15000" color="gray" opacity="100"/>
<line xp1="82.45620" yp1="49.55949" xp2="82.51495" yp2="49.66823" sp="0.15000" color="gray" opacity="100"/>
<line xp1="82.51495" yp1="49.66823" xp2="82.63163" yp2="49.53014" sp="0.15000" color="gray" opacity="100"/>
<line xp1="82.63163" yp1="49.53014" xp2="82.67518" yp2="49.52617" sp="0.15000" color="gray" opacity="100"/>
<line xp1="82.67518" yp1="49.52617" xp2="82.70855" yp2="49.63846" sp="0.15000" color="gray" opacity="100"/>
<line xp1="82.70855" yp1="49.63846" xp2="82.71283" yp2="49.79620" sp="0.15000" color="gray" opacity="100"/>
<line xp1="82.71283" yp1="49.79620" xp2="82.69958" yp2="49.98649" sp="0.15000" color="gray" opacity="100"/>
<line xp1="82.69958" yp1="49.98649" xp2="82.62969" yp2="50.19603" sp="0.15000" color="gray" opacity="100"/>
<line xp1="82.62969" yp1="50.19603" xp2="82.42863" yp2="50.29520" sp="0.15000" color="gray" opacity="100"/>
<line xp1="82.42863" yp1="50.29520" xp2="82.27905" yp2="50.34363" sp="0.15000" color="gray" opacity="100"/>
<line xp1="82.27905" yp1="50.34363" xp2="82.24788" yp2="50.37220" sp="0.15000" color="gray" opacity="100"/>
<line xp1="82.24788" yp1="50.37220" xp2="82.20898" yp2="50.45831" sp="0.15000" color="gray" opacity="100"/>
<line xp1="82.20898" yp1="50.45831" xp2="82.18974" yp2="50.55077" sp="0.15000" color="gray" opacity="100"/>
<line xp1="82.18974" yp1="50.55077" xp2="82.16966" yp2="50.64997" sp="0.15000" color="gray" opacity="100"/>
<line xp1="82.16966" yp1="50.64997" xp2="82.13075" yp2="50.72223" sp="0.15000" color="gray" opacity="100"/>
<line xp1="82.13075" yp1="50.72223" xp2="82.09829" yp2="50.74603" sp="0.15000" color="gray" opacity="100"/>
<line xp1="82.09829" yp1="50.74603" xp2="82.05577" yp2="50.75317" sp="0.15000" color="gray" opacity="100"/>
<line xp1="82.05577" yp1="50.75317" xp2="81.96880" yp2="50.84286" sp="0.15000" color="gray" opacity="100"/>
<line xp1="81.96880" yp1="50.84286" xp2="81.77158" yp2="51.22220" sp="0.15000" color="gray" opacity="100"/>
<line xp1="81.77158" yp1="51.22220" xp2="81.68782" yp2="51.44617" sp="0.15000" color="gray" opacity="100"/>
<line xp1="81.68782" yp1="51.44617" xp2="81.65642" yp2="51.58171" sp="0.15000" color="gray" opacity="100"/>
<line xp1="81.65642" yp1="51.58171" xp2="81.61860" yp2="51.64840" sp="0.15000" color="gray" opacity="100"/>
<line xp1="81.61860" yp1="51.64840" xp2="81.56005" yp2="51.69523" sp="0.15000" color="gray" opacity="100"/>
<line xp1="81.56005" yp1="51.69523" xp2="81.50640" yp2="51.70394" sp="0.15000" color="gray" opacity="100"/>
<line xp1="81.50640" yp1="51.70394" xp2="81.36817" yp2="51.83411" sp="0.15000" color="gray" opacity="100"/>
<line xp1="81.36817" yp1="51.83411" xp2="81.33863" yp2="51.91177" sp="0.15000" color="gray" opacity="100"/>
<line xp1="81.33863" yp1="51.91177" xp2="81.45460" yp2="51.88766" sp="0.15000" color="gray" opacity="100"/>
<line xp1="81.45460" yp1="51.88766" xp2="81.64317" yp2="51.68489" sp="0.15000" color="gray" opacity="100"/>
<line xp1="81.64317" yp1="51.68489" xp2="81.67543" yp2="51.62180" sp="0.15000" color="gray" opacity="100"/>
<line xp1="81.67543" yp1="51.62180" xp2="81.71386" yp2="51.50054" sp="0.15000" color="gray" opacity="100"/>
<line xp1="81.71386" yp1="51.50054" xp2="81.79317" yp2="51.29443" sp="0.15000" color="gray" opacity="100"/>
<line xp1="81.79317" yp1="51.29443" xp2="81.99615" yp2="50.95157" sp="0.15000" color="gray" opacity="100"/>
<line xp1="81.99615" yp1="50.95157" xp2="82.34017" yp2="50.50951" sp="0.15000" color="gray" opacity="100"/>
<line xp1="82.34017" yp1="50.50951" xp2="82.50814" yp2="50.38174" sp="0.15000" color="gray" opacity="100"/>
<line xp1="82.50814" yp1="50.38174" xp2="82.53291" yp2="50.33886" sp="0.15000" color="gray" opacity="100"/>
<line xp1="82.53291" yp1="50.33886" xp2="82.55768" yp2="50.36189" sp="0.15000" color="gray" opacity="100"/>
<line xp1="82.55768" yp1="50.36189" xp2="82.63762" yp2="50.56269" sp="0.15000" color="gray" opacity="100"/>
<line xp1="82.63762" yp1="50.56269" xp2="82.72586" yp2="51.09046" sp="0.15000" color="gray" opacity="100"/>
<line xp1="82.72586" yp1="51.09046" xp2="82.70214" yp2="51.16029" sp="0.15000" color="gray" opacity="100"/>
<line xp1="82.70214" yp1="51.16029" xp2="82.64380" yp2="51.23094" sp="0.15000" color="gray" opacity="100"/>
<line xp1="82.64380" yp1="51.23094" xp2="82.53932" yp2="51.30474" sp="0.15000" color="gray" opacity="100"/>
<line xp1="82.53932" yp1="51.30474" xp2="82.45383" yp2="51.35594" sp="0.15000" color="gray" opacity="100"/>
<line xp1="82.45383" yp1="51.35594" xp2="82.30598" yp2="51.49600" sp="0.15000" color="gray" opacity="100"/>
<line xp1="82.30598" yp1="51.49600" xp2="82.16774" yp2="51.77934" sp="0.15000" color="gray" opacity="100"/>
<line xp1="82.16774" yp1="51.77934" xp2="82.01625" yp2="51.86109" sp="0.15000" color="gray" opacity="100"/>
<line xp1="82.01625" yp1="51.86109" xp2="81.77606" yp2="51.91111" sp="0.15000" color="gray" opacity="100"/>
<line xp1="81.77606" yp1="51.91111" xp2="81.72778" yp2="51.93809" sp="0.15000" color="gray" opacity="100"/>
<line xp1="81.72778" yp1="51.93809" xp2="81.64231" yp2="52.00871" sp="0.15000" color="gray" opacity="100"/>
<line xp1="81.64231" yp1="52.00871" xp2="81.50257" yp2="52.31266" sp="0.15000" color="gray" opacity="100"/>
<line xp1="81.50257" yp1="52.31266" xp2="81.43269" yp2="52.51149" sp="0.15000" color="gray" opacity="100"/>
<line xp1="81.43269" yp1="52.51149" xp2="81.28258" yp2="52.40911" sp="0.15000" color="gray" opacity="100"/>
<line xp1="81.28258" yp1="52.40911" xp2="81.19360" yp2="52.38171" sp="0.15000" color="gray" opacity="100"/>
<line xp1="81.19360" yp1="52.38171" xp2="81.15948" yp2="52.37951" sp="0.15000" color="gray" opacity="100"/>
<line xp1="81.15948" yp1="52.37951" xp2="81.04614" yp2="52.41506" sp="0.15000" color="gray" opacity="100"/>
<line xp1="81.04614" yp1="52.41506" xp2="81.03631" yp2="52.57854" sp="0.15000" color="gray" opacity="100"/>
<line xp1="81.03631" yp1="52.57854" xp2="81.07009" yp2="52.84440" sp="0.15000" color="gray" opacity="100"/>
<line xp1="81.07009" yp1="52.84440" xp2="81.15555" yp2="53.13886" sp="0.15000" color="gray" opacity="100"/>
<line xp1="81.15555" yp1="53.13886" xp2="81.33163" yp2="53.42457" sp="0.15000" color="gray" opacity="100"/>
<line xp1="81.33163" yp1="53.42457" xp2="81.39102" yp2="53.44203" sp="0.15000" color="gray" opacity="100"/>
<line xp1="81.39102" yp1="53.44203" xp2="81.47351" yp2="53.50463" sp="0.15000" color="gray" opacity="100"/>
<line xp1="81.47351" yp1="53.50463" xp2="81.48120" yp2="53.83806" sp="0.15000" color="gray" opacity="100"/>
<line xp1="81.48120" yp1="53.83806" xp2="81.46111" yp2="53.93966" sp="0.15000" color="gray" opacity="100"/>
<line xp1="81.46111" yp1="53.93966" xp2="81.44355" yp2="54.01306" sp="0.15000" color="gray" opacity="100"/>
<line xp1="81.44355" yp1="54.01306" xp2="81.45631" yp2="54.00314" sp="0.15000" color="gray" opacity="100"/>
<line xp1="81.45631" yp1="54.00314" xp2="81.51260" yp2="53.89800" sp="0.15000" color="gray" opacity="100"/>
<line xp1="81.51260" yp1="53.89800" xp2="81.50512" yp2="53.73966" sp="0.15000" color="gray" opacity="100"/>
<line xp1="81.50512" yp1="53.73966" xp2="81.50342" yp2="53.72311" sp="0.15000" color="gray" opacity="100"/>
<line xp1="81.50342" yp1="53.72311" xp2="81.50854" yp2="53.70314" sp="0.15000" color="gray" opacity="100"/>
<line xp1="81.50854" yp1="53.70314" xp2="81.52905" yp2="53.58571" sp="0.15000" color="gray" opacity="100"/>
<line xp1="81.52905" yp1="53.58571" xp2="81.49328" yp2="53.42557" sp="0.15000" color="gray" opacity="100"/>
<line xp1="81.49328" yp1="53.42557" xp2="81.43931" yp2="53.41426" sp="0.15000" color="gray" opacity="100"/>
<line xp1="81.43931" yp1="53.41426" xp2="81.40385" yp2="53.38729" sp="0.15000" color="gray" opacity="100"/>
<line xp1="81.40385" yp1="53.38729" xp2="81.26068" yp2="53.15951" sp="0.15000" color="gray" opacity="100"/>
<line xp1="81.26068" yp1="53.15951" xp2="81.17757" yp2="53.00197" sp="0.15000" color="gray" opacity="100"/>
<line xp1="81.17757" yp1="53.00197" xp2="81.15685" yp2="52.92617" sp="0.15000" color="gray" opacity="100"/>
<line xp1="81.15685" yp1="52.92617" xp2="81.13354" yp2="52.82220" sp="0.15000" color="gray" opacity="100"/>
<line xp1="81.13354" yp1="52.82220" xp2="81.16348" yp2="52.56646" sp="0.15000" color="gray" opacity="100"/>
<line xp1="81.16348" yp1="52.56646" xp2="81.23574" yp2="52.47983" sp="0.15000" color="gray" opacity="100"/>
<line xp1="81.23574" yp1="52.47983" xp2="81.42263" yp2="52.61863" sp="0.15000" color="gray" opacity="100"/>
<line xp1="81.42263" yp1="52.61863" xp2="81.47008" yp2="52.68091" sp="0.15000" color="gray" opacity="100"/>
<line xp1="81.47008" yp1="52.68091" xp2="81.58440" yp2="52.45277" sp="0.15000" color="gray" opacity="100"/>
<line xp1="81.58440" yp1="52.45277" xp2="81.66795" yp2="52.31189" sp="0.15000" color="gray" opacity="100"/>
<line xp1="81.66795" yp1="52.31189" xp2="81.73740" yp2="52.21306" sp="0.15000" color="gray" opacity="100"/>
<line xp1="81.73740" yp1="52.21306" xp2="81.93954" yp2="52.09600" sp="0.15000" color="gray" opacity="100"/>
<line xp1="81.93954" yp1="52.09600" xp2="81.99680" yp2="52.11666" sp="0.15000" color="gray" opacity="100"/>
<line xp1="81.99680" yp1="52.11666" xp2="82.03932" yp2="52.12140" sp="0.15000" color="gray" opacity="100"/>
<line xp1="82.03932" yp1="52.12140" xp2="82.07094" yp2="52.11980" sp="0.15000" color="gray" opacity="100"/>
<line xp1="82.07094" yp1="52.11980" xp2="82.10771" yp2="52.11266" sp="0.15000" color="gray" opacity="100"/>
<line xp1="82.10771" yp1="52.11266" xp2="82.14425" yp2="52.09443" sp="0.15000" color="gray" opacity="100"/>
<line xp1="82.14425" yp1="52.09443" xp2="82.18162" yp2="52.06069" sp="0.15000" color="gray" opacity="100"/>
<line xp1="82.18162" yp1="52.06069" xp2="82.21497" yp2="52.00949" sp="0.15000" color="gray" opacity="100"/>
<line xp1="82.21497" yp1="52.00949" xp2="82.23291" yp2="51.96109" sp="0.15000" color="gray" opacity="100"/>
<line xp1="82.23291" yp1="51.96109" xp2="82.55600" yp2="51.59680" sp="0.15000" color="gray" opacity="100"/>
<line xp1="82.55600" yp1="51.59680" xp2="82.59638" yp2="51.56371" sp="0.15000" color="gray" opacity="100"/>
<line xp1="82.59638" yp1="51.56371" xp2="82.58846" yp2="51.85234" sp="0.15000" color="gray" opacity="100"/>
<line xp1="82.58846" yp1="51.85234" xp2="82.56366" yp2="51.93729" sp="0.15000" color="gray" opacity="100"/>
<line xp1="82.56366" yp1="51.93729" xp2="82.54188" yp2="51.98251" sp="0.15000" color="gray" opacity="100"/>
<line xp1="82.54188" yp1="51.98251" xp2="82.49168" yp2="52.05671" sp="0.15000" color="gray" opacity="100"/>
<line xp1="82.49168" yp1="52.05671" xp2="82.47522" yp2="52.13746" sp="0.15000" color="gray" opacity="100"/>
<line xp1="82.47522" yp1="52.13746" xp2="82.50598" yp2="52.25237" sp="0.15000" color="gray" opacity="100"/>
<line xp1="82.50598" yp1="52.25237" xp2="82.38652" yp2="52.28571" sp="0.15000" color="gray" opacity="100"/>
<line xp1="82.38652" yp1="52.28571" xp2="82.33546" yp2="52.33011" sp="0.15000" color="gray" opacity="100"/>
<line xp1="82.33546" yp1="52.33011" xp2="82.16238" yp2="52.58569" sp="0.15000" color="gray" opacity="100"/>
<line xp1="82.16238" yp1="52.58569" xp2="82.07778" yp2="52.72377" sp="0.15000" color="gray" opacity="100"/>
<line xp1="82.07778" yp1="52.72377" xp2="82.05620" yp2="52.78489" sp="0.15000" color="gray" opacity="100"/>
<line xp1="82.05620" yp1="52.78489" xp2="82.03206" yp2="53.32151" sp="0.15000" color="gray" opacity="100"/>
<line xp1="82.03206" yp1="53.32151" xp2="82.05214" yp2="53.24800" sp="0.15000" color="gray" opacity="100"/>
<line xp1="82.05214" yp1="53.24800" xp2="82.05022" yp2="53.16626" sp="0.15000" color="gray" opacity="100"/>
<line xp1="82.05022" yp1="53.16626" xp2="82.05277" yp2="53.10037" sp="0.15000" color="gray" opacity="100"/>
<line xp1="82.05277" yp1="53.10037" xp2="82.09700" yp2="52.83134" sp="0.15000" color="gray" opacity="100"/>
<line xp1="82.09700" yp1="52.83134" xp2="82.18588" yp2="52.66269" sp="0.15000" color="gray" opacity="100"/>
<line xp1="82.18588" yp1="52.66269" xp2="82.39114" yp2="52.39869" sp="0.15000" color="gray" opacity="100"/>
<line xp1="82.39114" yp1="52.39869" xp2="82.45192" yp2="52.39203" sp="0.15000" color="gray" opacity="100"/>
<line xp1="82.45192" yp1="52.39203" xp2="82.49451" yp2="52.47200" sp="0.15000" color="gray" opacity="100"/>
<line xp1="82.49451" yp1="52.47200" xp2="82.45940" yp2="52.62814" sp="0.15000" color="gray" opacity="100"/>
<line xp1="82.45940" yp1="52.62814" xp2="82.39702" yp2="52.73489" sp="0.15000" color="gray" opacity="100"/>
<line xp1="82.39702" yp1="52.73489" xp2="82.34103" yp2="52.82934" sp="0.15000" color="gray" opacity="100"/>
<line xp1="82.34103" yp1="52.82934" xp2="82.32009" yp2="52.87300" sp="0.15000" color="gray" opacity="100"/>
<line xp1="82.32009" yp1="52.87300" xp2="82.29998" yp2="52.94600" sp="0.15000" color="gray" opacity="100"/>
<line xp1="82.29998" yp1="52.94600" xp2="82.29017" yp2="53.02180" sp="0.15000" color="gray" opacity="100"/>
<line xp1="82.29017" yp1="53.02180" xp2="82.25000" yp2="53.51903" sp="0.15000" color="gray" opacity="100"/>
<line xp1="82.25000" yp1="53.51903" xp2="82.27135" yp2="53.87060" sp="0.15000" color="gray" opacity="100"/>
<line xp1="82.27135" yp1="53.87060" xp2="82.37852" yp2="54.03786" sp="0.15000" color="gray" opacity="100"/>
<line xp1="82.37852" yp1="54.03786" xp2="82.47094" yp2="54.31726" sp="0.15000" color="gray" opacity="100"/>
<line xp1="82.47094" yp1="54.31726" xp2="82.42843" yp2="54.59523" sp="0.15000" color="gray" opacity="100"/>
<line xp1="82.42843" yp1="54.59523" xp2="82.39851" yp2="54.70117" sp="0.15000" color="gray" opacity="100"/>
<line xp1="82.39851" yp1="54.70117" xp2="82.34111" yp2="54.79186" sp="0.15000" color="gray" opacity="100"/>
<line xp1="82.34111" yp1="54.79186" xp2="82.27777" yp2="54.87094" sp="0.15000" color="gray" opacity="100"/>
<line xp1="82.27777" yp1="54.87094" xp2="82.18034" yp2="54.97737" sp="0.15000" color="gray" opacity="100"/>
<line xp1="82.18034" yp1="54.97737" xp2="82.13766" yp2="55.00106" sp="0.15000" color="gray" opacity="100"/>
<line xp1="82.13766" yp1="55.00106" xp2="82.18972" yp2="55.04917" sp="0.15000" color="gray" opacity="100"/>
<line xp1="82.18972" yp1="55.04917" xp2="82.23163" yp2="55.03174" sp="0.15000" color="gray" opacity="100"/>
<line xp1="82.23163" yp1="55.03174" xp2="82.29015" yp2="54.99363" sp="0.15000" color="gray" opacity="100"/>
<line xp1="82.29015" yp1="54.99363" xp2="82.32394" yp2="54.96149" sp="0.15000" color="gray" opacity="100"/>
<line xp1="82.32394" yp1="54.96149" xp2="82.34875" yp2="54.92309" sp="0.15000" color="gray" opacity="100"/>
<line xp1="82.34875" yp1="54.92309" xp2="82.40222" yp2="54.89203" sp="0.15000" color="gray" opacity="100"/>
<line xp1="82.40222" yp1="54.89203" xp2="82.43631" yp2="54.88491" sp="0.15000" color="gray" opacity="100"/>
<line xp1="82.43631" yp1="54.88491" xp2="82.47906" yp2="54.92774" sp="0.15000" color="gray" opacity="100"/>
<line xp1="82.47906" yp1="54.92774" xp2="82.48162" yp2="54.93251" sp="0.15000" color="gray" opacity="100"/>
<line xp1="82.48162" yp1="54.93251" xp2="82.46922" yp2="54.94283" sp="0.15000" color="gray" opacity="100"/>
<line xp1="82.46922" yp1="54.94283" xp2="82.44977" yp2="54.94600" sp="0.15000" color="gray" opacity="100"/>
<line xp1="82.44977" yp1="54.94600" xp2="82.41945" yp2="54.96903" sp="0.15000" color="gray" opacity="100"/>
<line xp1="82.41945" yp1="54.96903" xp2="82.38203" yp2="55.02460" sp="0.15000" color="gray" opacity="100"/>
<line xp1="82.38203" yp1="55.02460" xp2="82.33846" yp2="55.14877" sp="0.15000" color="gray" opacity="100"/>
<line xp1="82.33846" yp1="55.14877" xp2="82.41880" yp2="55.19126" sp="0.15000" color="gray" opacity="100"/>
<line xp1="82.41880" yp1="55.19126" xp2="82.53548" yp2="55.35791" sp="0.15000" color="gray" opacity="100"/>
<line xp1="82.53548" yp1="55.35791" xp2="82.52349" yp2="55.42854" sp="0.15000" color="gray" opacity="100"/>
<line xp1="82.52349" yp1="55.42854" xp2="82.68160" yp2="55.55631" sp="0.15000" color="gray" opacity="100"/>
<line xp1="82.68160" yp1="55.55631" xp2="82.73034" yp2="55.48251" sp="0.15000" color="gray" opacity="100"/>
<line xp1="82.73034" yp1="55.48251" xp2="82.72457" yp2="55.39143" sp="0.15000" color="gray" opacity="100"/>
<line xp1="82.72457" yp1="55.39143" xp2="82.74957" yp2="55.33014" sp="0.15000" color="gray" opacity="100"/>
<line xp1="82.74957" yp1="55.33014" xp2="82.78783" yp2="55.34840" sp="0.15000" color="gray" opacity="100"/>
<line xp1="82.78783" yp1="55.34840" xp2="82.93802" yp2="55.51746" sp="0.15000" color="gray" opacity="100"/>
<line xp1="82.93802" yp1="55.51746" xp2="82.97949" yp2="55.59431" sp="0.15000" color="gray" opacity="100"/>
<line xp1="82.97949" yp1="55.59431" xp2="82.90460" yp2="55.66703" sp="0.15000" color="gray" opacity="100"/>
<line xp1="82.90460" yp1="55.66703" xp2="82.94648" yp2="55.85414" sp="0.15000" color="gray" opacity="100"/>
<line xp1="82.94648" yp1="55.85414" xp2="83.16795" yp2="56.01189" sp="0.15000" color="gray" opacity="100"/>
<line xp1="83.16795" yp1="56.01189" xp2="83.33023" yp2="55.91983" sp="0.15000" color="gray" opacity="100"/>
<line xp1="83.33023" yp1="55.91983" xp2="83.30555" yp2="55.81666" sp="0.15000" color="gray" opacity="100"/>
<line xp1="83.30555" yp1="55.81666" xp2="83.11109" yp2="55.39997" sp="0.15000" color="gray" opacity="100"/>
<line xp1="83.11109" yp1="55.39997" xp2="82.92949" yp2="55.31411" sp="0.15000" color="gray" opacity="100"/>
<line xp1="82.92949" yp1="55.31411" xp2="82.81795" yp2="55.19006" sp="0.15000" color="gray" opacity="100"/>
<line xp1="82.81795" yp1="55.19006" xp2="82.67669" yp2="54.72477" sp="0.15000" color="gray" opacity="100"/>
<line xp1="82.67669" yp1="54.72477" xp2="82.73717" yp2="54.45949" sp="0.15000" color="gray" opacity="100"/>
<line xp1="82.73717" yp1="54.45949" xp2="82.85940" yp2="54.60711" sp="0.15000" color="gray" opacity="100"/>
<line xp1="82.85940" yp1="54.60711" xp2="82.96545" yp2="54.69046" sp="0.15000" color="gray" opacity="100"/>
<line xp1="82.96545" yp1="54.69046" xp2="82.83674" yp2="54.29323" sp="0.15000" color="gray" opacity="100"/>
<line xp1="82.83674" yp1="54.29323" xp2="82.78163" yp2="54.24163" sp="0.15000" color="gray" opacity="100"/>
<line xp1="82.78163" yp1="54.24163" xp2="82.73846" yp2="54.23251" sp="0.15000" color="gray" opacity="100"/>
<line xp1="82.73846" yp1="54.23251" xp2="82.70449" yp2="54.23966" sp="0.15000" color="gray" opacity="100"/>
<line xp1="82.70449" yp1="54.23966" xp2="82.66729" yp2="54.27617" sp="0.15000" color="gray" opacity="100"/>
<line xp1="82.66729" yp1="54.27617" xp2="82.62025" yp2="54.35929" sp="0.15000" color="gray" opacity="100"/>
<line xp1="82.62025" yp1="54.35929" xp2="82.55555" yp2="54.19166" sp="0.15000" color="gray" opacity="100"/>
<line xp1="82.55555" yp1="54.19166" xp2="82.54229" yp2="54.11626" sp="0.15000" color="gray" opacity="100"/>
<line xp1="82.54229" yp1="54.11626" xp2="82.52651" yp2="53.98649" sp="0.15000" color="gray" opacity="100"/>
<line xp1="82.52651" yp1="53.98649" xp2="82.52329" yp2="53.87260" sp="0.15000" color="gray" opacity="100"/>
<line xp1="82.52329" yp1="53.87260" xp2="82.52865" yp2="53.86189" sp="0.15000" color="gray" opacity="100"/>
<line xp1="82.52865" yp1="53.86189" xp2="82.58931" yp2="53.96586" sp="0.15000" color="gray" opacity="100"/>
<line xp1="82.58931" yp1="53.96586" xp2="82.62094" yp2="54.06426" sp="0.15000" color="gray" opacity="100"/>
<line xp1="82.62094" yp1="54.06426" xp2="82.73129" yp2="54.18311" sp="0.15000" color="gray" opacity="100"/>
<line xp1="82.73129" yp1="54.18311" xp2="82.85854" yp2="53.96031" sp="0.15000" color="gray" opacity="100"/>
<line xp1="82.85854" yp1="53.96031" xp2="82.91625" yp2="53.71169" sp="0.15000" color="gray" opacity="100"/>
<line xp1="82.91625" yp1="53.71169" xp2="82.87351" yp2="53.63569" sp="0.15000" color="gray" opacity="100"/>
<line xp1="82.87351" yp1="53.63569" xp2="82.83697" yp2="53.60911" sp="0.15000" color="gray" opacity="100"/>
<line xp1="82.83697" yp1="53.60911" xp2="82.79062" yp2="53.64600" sp="0.15000" color="gray" opacity="100"/>
<line xp1="82.79062" yp1="53.64600" xp2="82.75769" yp2="53.69603" sp="0.15000" color="gray" opacity="100"/>
<line xp1="82.75769" yp1="53.69603" xp2="82.74594" yp2="53.75197" sp="0.15000" color="gray" opacity="100"/>
<line xp1="82.74594" yp1="53.75197" xp2="82.68434" yp2="53.83151" sp="0.15000" color="gray" opacity="100"/>
<line xp1="82.68434" yp1="53.83151" xp2="82.61528" yp2="53.76786" sp="0.15000" color="gray" opacity="100"/>
<line xp1="82.61528" yp1="53.76786" xp2="82.56622" yp2="53.60157" sp="0.15000" color="gray" opacity="100"/>
<line xp1="82.56622" yp1="53.60157" xp2="82.55052" yp2="53.39503" sp="0.15000" color="gray" opacity="100"/>
<line xp1="82.55052" yp1="53.39503" xp2="82.58323" yp2="53.37717" sp="0.15000" color="gray" opacity="100"/>
<line xp1="82.58323" yp1="53.37717" xp2="82.76195" yp2="53.54203" sp="0.15000" color="gray" opacity="100"/>
<line xp1="82.76195" yp1="53.54203" xp2="82.78292" yp2="53.38249" sp="0.15000" color="gray" opacity="100"/>
<line xp1="82.78292" yp1="53.38249" xp2="82.97243" yp2="53.18194" sp="0.15000" color="gray" opacity="100"/>
<line xp1="82.97243" yp1="53.18194" xp2="83.02651" yp2="53.15234" sp="0.15000" color="gray" opacity="100"/>
<line xp1="83.02651" yp1="53.15234" xp2="83.07360" yp2="53.16289" sp="0.15000" color="gray" opacity="100"/>
<line xp1="83.07360" yp1="53.16289" xp2="83.10877" yp2="53.24043" sp="0.15000" color="gray" opacity="100"/>
<line xp1="83.10877" yp1="53.24043" xp2="83.13697" yp2="53.29026" sp="0.15000" color="gray" opacity="100"/>
<line xp1="83.13697" yp1="53.29026" xp2="83.13418" yp2="53.18094" sp="0.15000" color="gray" opacity="100"/>
<line xp1="83.13418" yp1="53.18094" xp2="83.11463" yp2="53.12477" sp="0.15000" color="gray" opacity="100"/>
<line xp1="83.11463" yp1="53.12477" xp2="83.07286" yp2="53.08609" sp="0.15000" color="gray" opacity="100"/>
<line xp1="83.07286" yp1="53.08609" xp2="83.03312" yp2="53.06783" sp="0.15000" color="gray" opacity="100"/>
<line xp1="83.03312" yp1="53.06783" xp2="82.99702" yp2="53.07103" sp="0.15000" color="gray" opacity="100"/>
<line xp1="82.99702" yp1="53.07103" xp2="82.91731" yp2="53.10354" sp="0.15000" color="gray" opacity="100"/>
<line xp1="82.91731" yp1="53.10354" xp2="82.87442" yp2="53.14266" sp="0.15000" color="gray" opacity="100"/>
<line xp1="82.87442" yp1="53.14266" xp2="82.80342" yp2="53.17617" sp="0.15000" color="gray" opacity="100"/>
<line xp1="82.80342" yp1="53.17617" xp2="82.66878" yp2="53.19917" sp="0.15000" color="gray" opacity="100"/>
<line xp1="82.66878" yp1="53.19917" xp2="82.63846" yp2="53.05791" sp="0.15000" color="gray" opacity="100"/>
<line xp1="82.63846" yp1="53.05791" xp2="82.66932" yp2="53.00454" sp="0.15000" color="gray" opacity="100"/>
<line xp1="82.66932" yp1="53.00454" xp2="82.73129" yp2="53.01803" sp="0.15000" color="gray" opacity="100"/>
<line xp1="82.73129" yp1="53.01803" xp2="82.74743" yp2="53.06746" sp="0.15000" color="gray" opacity="100"/>
<line xp1="82.74743" yp1="53.06746" xp2="82.78889" yp2="53.08411" sp="0.15000" color="gray" opacity="100"/>
<line xp1="82.78889" yp1="53.08411" xp2="82.82083" yp2="53.05197" sp="0.15000" color="gray" opacity="100"/>
<line xp1="82.82083" yp1="53.05197" xp2="82.79231" yp2="52.95554" sp="0.15000" color="gray" opacity="100"/>
<line xp1="82.79231" yp1="52.95554" xp2="82.75640" yp2="52.92300" sp="0.15000" color="gray" opacity="100"/>
<line xp1="82.75640" yp1="52.92300" xp2="82.69700" yp2="52.88651" sp="0.15000" color="gray" opacity="100"/>
<line xp1="82.69700" yp1="52.88651" xp2="82.61923" yp2="52.85871" sp="0.15000" color="gray" opacity="100"/>
<line xp1="82.61923" yp1="52.85871" xp2="82.58163" yp2="52.82457" sp="0.15000" color="gray" opacity="100"/>
<line xp1="82.58163" yp1="52.82457" xp2="82.70385" yp2="52.47697" sp="0.15000" color="gray" opacity="100"/>
<line xp1="82.70385" yp1="52.47697" xp2="82.73503" yp2="52.40949" sp="0.15000" color="gray" opacity="100"/>
<line xp1="82.73503" yp1="52.40949" xp2="82.73723" yp2="52.52754" sp="0.15000" color="gray" opacity="100"/>
<line xp1="82.73723" yp1="52.52754" xp2="82.82905" yp2="52.42694" sp="0.15000" color="gray" opacity="100"/>
<line xp1="82.82905" yp1="52.42694" xp2="82.94188" yp2="52.24680" sp="0.15000" color="gray" opacity="100"/>
<line xp1="82.94188" yp1="52.24680" xp2="83.01923" yp2="52.07614" sp="0.15000" color="gray" opacity="100"/>
<line xp1="83.01923" yp1="52.07614" xp2="83.04317" yp2="52.12537" sp="0.15000" color="gray" opacity="100"/>
<line xp1="83.04317" yp1="52.12537" xp2="83.31331" yp2="52.56794" sp="0.15000" color="gray" opacity="100"/>
<line xp1="83.31331" yp1="52.56794" xp2="83.23674" yp2="52.14366" sp="0.15000" color="gray" opacity="100"/>
<line xp1="83.23674" yp1="52.14366" xp2="83.21197" yp2="51.84363" sp="0.15000" color="gray" opacity="100"/>
<line xp1="83.21197" yp1="51.84363" xp2="83.30298" yp2="51.68331" sp="0.15000" color="gray" opacity="100"/>
<line xp1="83.30298" yp1="51.68331" xp2="83.25812" yp2="51.38846" sp="0.15000" color="gray" opacity="100"/>
<line xp1="83.25812" yp1="51.38846" xp2="83.26380" yp2="51.27874" sp="0.15000" color="gray" opacity="100"/>
<line xp1="83.26380" yp1="51.27874" xp2="83.30492" yp2="51.22557" sp="0.15000" color="gray" opacity="100"/>
<line xp1="83.30492" yp1="51.22557" xp2="83.35277" yp2="51.28051" sp="0.15000" color="gray" opacity="100"/>
<line xp1="83.35277" yp1="51.28051" xp2="83.38418" yp2="51.32380" sp="0.15000" color="gray" opacity="100"/>
<line xp1="83.38418" yp1="51.32380" xp2="83.42394" yp2="51.35631" sp="0.15000" color="gray" opacity="100"/>
<line xp1="83.42394" yp1="51.35631" xp2="83.45385" yp2="51.36980" sp="0.15000" color="gray" opacity="100"/>
<line xp1="83.45385" yp1="51.36980" xp2="83.54895" yp2="51.36900" sp="0.15000" color="gray" opacity="100"/>
<line xp1="83.54895" yp1="51.36900" xp2="83.58420" yp2="51.35314" sp="0.15000" color="gray" opacity="100"/>
<line xp1="83.58420" yp1="51.35314" xp2="83.62455" yp2="51.31763" sp="0.15000" color="gray" opacity="100"/>
<line xp1="83.62455" yp1="51.31763" xp2="83.62135" yp2="51.27060" sp="0.15000" color="gray" opacity="100"/>
<line xp1="83.62135" yp1="51.27060" xp2="83.59615" yp2="50.97300" sp="0.15000" color="gray" opacity="100"/>
<line xp1="83.59615" yp1="50.97300" xp2="83.54274" yp2="50.85474" sp="0.15000" color="gray" opacity="100"/>
<line xp1="83.54274" yp1="50.85474" xp2="83.41325" yp2="50.64283" sp="0.15000" color="gray" opacity="100"/>
<line xp1="83.41325" yp1="50.64283" xp2="83.26966" yp2="50.44760" sp="0.15000" color="gray" opacity="100"/>
<line xp1="83.26966" yp1="50.44760" xp2="83.20469" yp2="50.30951" sp="0.15000" color="gray" opacity="100"/>
<line xp1="83.20469" yp1="50.30951" xp2="83.18375" yp2="50.21743" sp="0.15000" color="gray" opacity="100"/>
<line xp1="83.18375" yp1="50.21743" xp2="83.14402" yp2="49.99363" sp="0.15000" color="gray" opacity="100"/>
<line xp1="83.14402" yp1="49.99363" xp2="83.06431" yp2="49.47063" sp="0.15000" color="gray" opacity="100"/>
<line xp1="83.06431" yp1="49.47063" xp2="83.05160" yp2="49.34540" sp="0.15000" color="gray" opacity="100"/>
<line xp1="83.05160" yp1="49.34540" xp2="83.07263" yp2="49.21109" sp="0.15000" color="gray" opacity="100"/>
<line xp1="83.07263" yp1="49.21109" xp2="83.13718" yp2="49.00631" sp="0.15000" color="gray" opacity="100"/>
<line xp1="83.13718" yp1="49.00631" xp2="83.27991" yp2="49.19126" sp="0.15000" color="gray" opacity="100"/>
<line xp1="83.27991" yp1="49.19126" xp2="83.30598" yp2="49.36029" sp="0.15000" color="gray" opacity="100"/>
<line xp1="83.30598" yp1="49.36029" xp2="83.31923" yp2="49.56426" sp="0.15000" color="gray" opacity="100"/>
<line xp1="83.31923" yp1="49.56426" xp2="83.32051" yp2="49.63569" sp="0.15000" color="gray" opacity="100"/>
<line xp1="83.32051" yp1="49.63569" xp2="83.37865" yp2="49.86506" sp="0.15000" color="gray" opacity="100"/>
<line xp1="83.37865" yp1="49.86506" xp2="83.50683" yp2="50.13649" sp="0.15000" color="gray" opacity="100"/>
<line xp1="83.50683" yp1="50.13649" xp2="83.53677" yp2="50.14977" sp="0.15000" color="gray" opacity="100"/>
<line xp1="83.53677" yp1="50.14977" xp2="83.55748" yp2="50.06823" sp="0.15000" color="gray" opacity="100"/>
<line xp1="83.55748" yp1="50.06823" xp2="83.59978" yp2="49.99234" sp="0.15000" color="gray" opacity="100"/>
<line xp1="83.59978" yp1="49.99234" xp2="83.69765" yp2="50.16863" sp="0.15000" color="gray" opacity="100"/>
<line xp1="83.69765" yp1="50.16863" xp2="83.67852" yp2="50.22100" sp="0.15000" color="gray" opacity="100"/>
<line xp1="83.67852" yp1="50.22100" xp2="83.73846" yp2="50.51746" sp="0.15000" color="gray" opacity="100"/>
<line xp1="83.73846" yp1="50.51746" xp2="83.84102" yp2="50.85237" sp="0.15000" color="gray" opacity="100"/>
<line xp1="83.84102" yp1="50.85237" xp2="83.86005" yp2="50.89920" sp="0.15000" color="gray" opacity="100"/>
<line xp1="83.86005" yp1="50.89920" xp2="83.98122" yp2="51.19840" sp="0.15000" color="gray" opacity="100"/>
<line xp1="83.98122" yp1="51.19840" xp2="84.00042" yp2="51.39600" sp="0.15000" color="gray" opacity="100"/>
<line xp1="84.00042" yp1="51.39600" xp2="84.04609" yp2="51.49823" sp="0.15000" color="gray" opacity="100"/>
<line xp1="84.04609" yp1="51.49823" xp2="84.04829" yp2="51.52620" sp="0.15000" color="gray" opacity="100"/>
<line xp1="84.04829" yp1="51.52620" xp2="84.06795" yp2="51.66466" sp="0.15000" color="gray" opacity="100"/>
<line xp1="84.06795" yp1="51.66466" xp2="84.10854" yp2="51.74046" sp="0.15000" color="gray" opacity="100"/>
<line xp1="84.10854" yp1="51.74046" xp2="84.33303" yp2="52.06963" sp="0.15000" color="gray" opacity="100"/>
<line xp1="84.33303" yp1="52.06963" xp2="84.37778" yp2="52.11863" sp="0.15000" color="gray" opacity="100"/>
<line xp1="84.37778" yp1="52.11863" xp2="84.46923" yp2="52.36803" sp="0.15000" color="gray" opacity="100"/>
<line xp1="84.46923" yp1="52.36803" xp2="84.49314" yp2="52.70234" sp="0.15000" color="gray" opacity="100"/>
<line xp1="84.49314" yp1="52.70234" xp2="84.48791" yp2="52.72331" sp="0.15000" color="gray" opacity="100"/>
<line xp1="84.48791" yp1="52.72331" xp2="84.49320" yp2="52.73600" sp="0.15000" color="gray" opacity="100"/>
<line xp1="84.49320" yp1="52.73600" xp2="84.51491" yp2="52.72406" sp="0.15000" color="gray" opacity="100"/>
<line xp1="84.51491" yp1="52.72406" xp2="84.52234" yp2="52.70474" sp="0.15000" color="gray" opacity="100"/>
<line xp1="84.52234" yp1="52.70474" xp2="84.52117" yp2="52.59443" sp="0.15000" color="gray" opacity="100"/>
<line xp1="84.52117" yp1="52.59443" xp2="84.50262" yp2="52.40274" sp="0.15000" color="gray" opacity="100"/>
<line xp1="84.50262" yp1="52.40274" xp2="84.52822" yp2="52.46506" sp="0.15000" color="gray" opacity="100"/>
<line xp1="84.52822" yp1="52.46506" xp2="84.54680" yp2="52.62060" sp="0.15000" color="gray" opacity="100"/>
<line xp1="84.54680" yp1="52.62060" xp2="84.55265" yp2="52.71349" sp="0.15000" color="gray" opacity="100"/>
<line xp1="84.55265" yp1="52.71349" xp2="84.54817" yp2="52.71674" sp="0.15000" color="gray" opacity="100"/>
<line xp1="84.54817" yp1="52.71674" xp2="84.55428" yp2="52.73571" sp="0.15000" color="gray" opacity="100"/>
<line xp1="84.55428" yp1="52.73571" xp2="84.55620" yp2="52.79917" sp="0.15000" color="gray" opacity="100"/>
<line xp1="84.55620" yp1="52.79917" xp2="84.51709" yp2="53.10554" sp="0.15000" color="gray" opacity="100"/>
<line xp1="84.51709" yp1="53.10554" xp2="84.39935" yp2="53.11269" sp="0.15000" color="gray" opacity="100"/>
<line xp1="84.39935" yp1="53.11269" xp2="84.35343" yp2="53.08174" sp="0.15000" color="gray" opacity="100"/>
<line xp1="84.35343" yp1="53.08174" xp2="84.30640" yp2="53.13649" sp="0.15000" color="gray" opacity="100"/>
<line xp1="84.30640" yp1="53.13649" xp2="84.40000" yp2="53.41426" sp="0.15000" color="gray" opacity="100"/>
<line xp1="84.40000" yp1="53.41426" xp2="84.32565" yp2="53.76191" sp="0.15000" color="gray" opacity="100"/>
<line xp1="84.32565" yp1="53.76191" xp2="84.15045" yp2="54.05397" sp="0.15000" color="gray" opacity="100"/>
<line xp1="84.15045" yp1="54.05397" xp2="84.01688" yp2="54.50791" sp="0.15000" color="gray" opacity="100"/>
<line xp1="84.01688" yp1="54.50791" xp2="83.99157" yp2="54.73569" sp="0.15000" color="gray" opacity="100"/>
<line xp1="83.99157" yp1="54.73569" xp2="84.01165" yp2="54.85929" sp="0.15000" color="gray" opacity="100"/>
<line xp1="84.01165" yp1="54.85929" xp2="84.00705" yp2="54.98926" sp="0.15000" color="gray" opacity="100"/>
<line xp1="84.00705" yp1="54.98926" xp2="83.94980" yp2="55.17340" sp="0.15000" color="gray" opacity="100"/>
<line xp1="83.94980" yp1="55.17340" xp2="83.80428" yp2="55.47617" sp="0.15000" color="gray" opacity="100"/>
<line xp1="83.80428" yp1="55.47617" xp2="83.73514" yp2="55.57974" sp="0.15000" color="gray" opacity="100"/>
<line xp1="83.73514" yp1="55.57974" xp2="83.68548" yp2="56.04006" sp="0.15000" color="gray" opacity="100"/>
<line xp1="83.68548" yp1="56.04006" xp2="83.70983" yp2="56.13966" sp="0.15000" color="gray" opacity="100"/>
<line xp1="83.70983" yp1="56.13966" xp2="83.90855" yp2="56.53809" sp="0.15000" color="gray" opacity="100"/>
<line xp1="83.90855" yp1="56.53809" xp2="83.96700" yp2="56.60557" sp="0.15000" color="gray" opacity="100"/>
<line xp1="83.96700" yp1="56.60557" xp2="83.98505" yp2="56.63411" sp="0.15000" color="gray" opacity="100"/>
<line xp1="83.98505" yp1="56.63411" xp2="84.05983" yp2="56.71289" sp="0.15000" color="gray" opacity="100"/>
<line xp1="84.05983" yp1="56.71289" xp2="84.13932" yp2="56.75394" sp="0.15000" color="gray" opacity="100"/>
<line xp1="84.13932" yp1="56.75394" xp2="84.27435" yp2="56.77934" sp="0.15000" color="gray" opacity="100"/>
<line xp1="84.27435" yp1="56.77934" xp2="84.34275" yp2="56.84440" sp="0.15000" color="gray" opacity="100"/>
<line xp1="84.34275" yp1="56.84440" xp2="84.40234" yp2="56.95831" sp="0.15000" color="gray" opacity="100"/>
<line xp1="84.40234" yp1="56.95831" xp2="84.42095" yp2="57.01903" sp="0.15000" color="gray" opacity="100"/>
<line xp1="84.42095" yp1="57.01903" xp2="84.44358" yp2="57.06663" sp="0.15000" color="gray" opacity="100"/>
<line xp1="84.44358" yp1="57.06663" xp2="84.52309" yp2="57.14443" sp="0.15000" color="gray" opacity="100"/>
<line xp1="84.52309" yp1="57.14443" xp2="84.55555" yp2="57.17220" sp="0.15000" color="gray" opacity="100"/>
<line xp1="84.55555" yp1="57.17220" xp2="84.57151" yp2="57.17803" sp="0.15000" color="gray" opacity="100"/>
<line xp1="84.57151" yp1="57.17803" xp2="84.51454" yp2="57.04126" sp="0.15000" color="gray" opacity="100"/>
<line xp1="84.51454" yp1="57.04126" xp2="84.45985" yp2="56.85869" sp="0.15000" color="gray" opacity="100"/>
<line xp1="84.45985" yp1="56.85869" xp2="84.40375" yp2="56.78271" sp="0.15000" color="gray" opacity="100"/>
<line xp1="84.40375" yp1="56.78271" xp2="84.31368" yp2="56.75237" sp="0.15000" color="gray" opacity="100"/>
<line xp1="84.31368" yp1="56.75237" xp2="84.17051" yp2="56.69360" sp="0.15000" color="gray" opacity="100"/>
<line xp1="84.17051" yp1="56.69360" xp2="84.08503" yp2="56.65554" sp="0.15000" color="gray" opacity="100"/>
<line xp1="84.08503" yp1="56.65554" xp2="84.04872" yp2="56.62300" sp="0.15000" color="gray" opacity="100"/>
<line xp1="84.04872" yp1="56.62300" xp2="83.99914" yp2="56.57063" sp="0.15000" color="gray" opacity="100"/>
<line xp1="83.99914" yp1="56.57063" xp2="83.96260" yp2="56.52220" sp="0.15000" color="gray" opacity="100"/>
<line xp1="83.96260" yp1="56.52220" xp2="83.91880" yp2="56.44800" sp="0.15000" color="gray" opacity="100"/>
<line xp1="83.91880" yp1="56.44800" xp2="83.75812" yp2="56.05831" sp="0.15000" color="gray" opacity="100"/>
<line xp1="83.75812" yp1="56.05831" xp2="83.78035" yp2="55.71586" sp="0.15000" color="gray" opacity="100"/>
<line xp1="83.78035" yp1="55.71586" xp2="83.80469" yp2="55.61526" sp="0.15000" color="gray" opacity="100"/>
<line xp1="83.80469" yp1="55.61526" xp2="83.97585" yp2="55.36583" sp="0.15000" color="gray" opacity="100"/>
<line xp1="83.97585" yp1="55.36583" xp2="84.03334" yp2="55.29603" sp="0.15000" color="gray" opacity="100"/>
<line xp1="84.03334" yp1="55.29603" xp2="84.13675" yp2="55.18251" sp="0.15000" color="gray" opacity="100"/>
<line xp1="84.13675" yp1="55.18251" xp2="84.36238" yp2="54.95077" sp="0.15000" color="gray" opacity="100"/>
<line xp1="84.36238" yp1="54.95077" xp2="84.48246" yp2="54.87857" sp="0.15000" color="gray" opacity="100"/>
<line xp1="84.48246" yp1="54.87857" xp2="84.55255" yp2="54.89680" sp="0.15000" color="gray" opacity="100"/>
<line xp1="84.55255" yp1="54.89680" xp2="84.73248" yp2="54.82774" sp="0.15000" color="gray" opacity="100"/>
<line xp1="84.73248" yp1="54.82774" xp2="84.77703" yp2="54.76863" sp="0.15000" color="gray" opacity="100"/>
<line xp1="84.77703" yp1="54.76863" xp2="84.79594" yp2="54.68829" sp="0.15000" color="gray" opacity="100"/>
<line xp1="84.79594" yp1="54.68829" xp2="84.78098" yp2="54.58291" sp="0.15000" color="gray" opacity="100"/>
<line xp1="84.78098" yp1="54.58291" xp2="84.75726" yp2="54.49046" sp="0.15000" color="gray" opacity="100"/>
<line xp1="84.75726" yp1="54.49046" xp2="84.72137" yp2="54.38966" sp="0.15000" color="gray" opacity="100"/>
<line xp1="84.72137" yp1="54.38966" xp2="84.69466" yp2="54.31229" sp="0.15000" color="gray" opacity="100"/>
<line xp1="84.69466" yp1="54.31229" xp2="84.68097" yp2="54.24403" sp="0.15000" color="gray" opacity="100"/>
<line xp1="84.68097" yp1="54.24403" xp2="84.67009" yp2="54.09520" sp="0.15000" color="gray" opacity="100"/>
<line xp1="84.67009" yp1="54.09520" xp2="84.69958" yp2="54.06566" sp="0.15000" color="gray" opacity="100"/>
<line xp1="84.69958" yp1="54.06566" xp2="84.75640" yp2="54.07817" sp="0.15000" color="gray" opacity="100"/>
<line xp1="84.75640" yp1="54.07817" xp2="84.80555" yp2="54.10949" sp="0.15000" color="gray" opacity="100"/>
<line xp1="84.80555" yp1="54.10949" xp2="84.85108" yp2="54.14520" sp="0.15000" color="gray" opacity="100"/>
<line xp1="84.85108" yp1="54.14520" xp2="84.89103" yp2="54.20554" sp="0.15000" color="gray" opacity="100"/>
<line xp1="84.89103" yp1="54.20554" xp2="84.98589" yp2="54.39443" sp="0.15000" color="gray" opacity="100"/>
<line xp1="84.98589" yp1="54.39443" xp2="85.05982" yp2="54.54283" sp="0.15000" color="gray" opacity="100"/>
<line xp1="85.05982" yp1="54.54283" xp2="85.15169" yp2="54.83729" sp="0.15000" color="gray" opacity="100"/>
<line xp1="85.15169" yp1="54.83729" xp2="85.23080" yp2="55.02157" sp="0.15000" color="gray" opacity="100"/>
<line xp1="85.23080" yp1="55.02157" xp2="85.21303" yp2="55.08451" sp="0.15000" color="gray" opacity="100"/>
<line xp1="85.21303" yp1="55.08451" xp2="85.15368" yp2="55.11486" sp="0.15000" color="gray" opacity="100"/>
<line xp1="85.15368" yp1="55.11486" xp2="85.30128" yp2="55.24283" sp="0.15000" color="gray" opacity="100"/>
<line xp1="85.30128" yp1="55.24283" xp2="85.36068" yp2="55.24757" sp="0.15000" color="gray" opacity="100"/>
<line xp1="85.36068" yp1="55.24757" xp2="85.35011" yp2="55.18846" sp="0.15000" color="gray" opacity="100"/>
<line xp1="85.35011" yp1="55.18846" xp2="85.50706" yp2="55.29711" sp="0.15000" color="gray" opacity="100"/>
<line xp1="85.50706" yp1="55.29711" xp2="85.49423" yp2="55.40314" sp="0.15000" color="gray" opacity="100"/>
<line xp1="85.49423" yp1="55.40314" xp2="85.46566" yp2="55.42863" sp="0.15000" color="gray" opacity="100"/>
<line xp1="85.46566" yp1="55.42863" xp2="85.44217" yp2="55.48877" sp="0.15000" color="gray" opacity="100"/>
<line xp1="85.44217" yp1="55.48877" xp2="85.47526" yp2="55.55294" sp="0.15000" color="gray" opacity="100"/>
<line xp1="85.47526" yp1="55.55294" xp2="85.50389" yp2="55.59697" sp="0.15000" color="gray" opacity="100"/>
<line xp1="85.50389" yp1="55.59697" xp2="85.54882" yp2="55.54651" sp="0.15000" color="gray" opacity="100"/>
<line xp1="85.54882" yp1="55.54651" xp2="85.57451" yp2="55.64189" sp="0.15000" color="gray" opacity="100"/>
<line xp1="85.57451" yp1="55.64189" xp2="85.52991" yp2="55.76029" sp="0.15000" color="gray" opacity="100"/>
<line xp1="85.52991" yp1="55.76029" xp2="85.66237" yp2="55.88966" sp="0.15000" color="gray" opacity="100"/>
<line xp1="85.66237" yp1="55.88966" xp2="85.82905" yp2="56.12460" sp="0.15000" color="gray" opacity="100"/>
<line xp1="85.82905" yp1="56.12460" xp2="85.87435" yp2="56.20157" sp="0.15000" color="gray" opacity="100"/>
<line xp1="85.87435" yp1="56.20157" xp2="85.92105" yp2="56.29640" sp="0.15000" color="gray" opacity="100"/>
<line xp1="85.92105" yp1="56.29640" xp2="85.91335" yp2="56.35711" sp="0.15000" color="gray" opacity="100"/>
<line xp1="85.91335" yp1="56.35711" xp2="85.87928" yp2="56.41863" sp="0.15000" color="gray" opacity="100"/>
<line xp1="85.87928" yp1="56.41863" xp2="85.89060" yp2="56.51586" sp="0.15000" color="gray" opacity="100"/>
<line xp1="85.89060" yp1="56.51586" xp2="85.99872" yp2="57.00237" sp="0.15000" color="gray" opacity="100"/>
<line xp1="85.99872" yp1="57.00237" xp2="86.04369" yp2="57.27954" sp="0.15000" color="gray" opacity="100"/>
<line xp1="86.04369" yp1="57.27954" xp2="86.08377" yp2="57.29423" sp="0.15000" color="gray" opacity="100"/>
<line xp1="86.08377" yp1="57.29423" xp2="86.08546" yp2="57.14206" sp="0.15000" color="gray" opacity="100"/>
<line xp1="86.08546" yp1="57.14206" xp2="86.07392" yp2="57.04523" sp="0.15000" color="gray" opacity="100"/>
<line xp1="86.07392" yp1="57.04523" xp2="86.05128" yp2="56.97140" sp="0.15000" color="gray" opacity="100"/>
<line xp1="86.05128" yp1="56.97140" xp2="86.02626" yp2="56.79166" sp="0.15000" color="gray" opacity="100"/>
<line xp1="86.02626" yp1="56.79166" xp2="86.01806" yp2="56.49957" sp="0.15000" color="gray" opacity="100"/>
<line xp1="86.01806" yp1="56.49957" xp2="86.12135" yp2="57.22694" sp="0.15000" color="gray" opacity="100"/>
<line xp1="86.12135" yp1="57.22694" xp2="86.22734" yp2="58.00000" sp="0.15000" color="gray" opacity="100"/>
<line xp1="86.22734" yp1="58.00000" xp2="86.22094" yp2="58.28051" sp="0.15000" color="gray" opacity="100"/>
<line xp1="86.22094" yp1="58.28051" xp2="86.16052" yp2="58.45386" sp="0.15000" color="gray" opacity="100"/>
<line xp1="86.16052" yp1="58.45386" xp2="86.02478" yp2="58.39440" sp="0.15000" color="gray" opacity="100"/>
<line xp1="86.02478" yp1="58.39440" xp2="85.84615" yp2="58.39320" sp="0.15000" color="gray" opacity="100"/>
<line xp1="85.84615" yp1="58.39320" xp2="85.77823" yp2="58.43569" sp="0.15000" color="gray" opacity="100"/>
<line xp1="85.77823" yp1="58.43569" xp2="85.74925" yp2="58.47537" sp="0.15000" color="gray" opacity="100"/>
<line xp1="85.74925" yp1="58.47537" xp2="85.75512" yp2="58.63491" sp="0.15000" color="gray" opacity="100"/>
<line xp1="85.75512" yp1="58.63491" xp2="85.76537" yp2="58.72063" sp="0.15000" color="gray" opacity="100"/>
<line xp1="85.76537" yp1="58.72063" xp2="85.84723" yp2="58.97437" sp="0.15000" color="gray" opacity="100"/>
<line xp1="85.84723" yp1="58.97437" xp2="85.94786" yp2="59.14520" sp="0.15000" color="gray" opacity="100"/>
<line xp1="85.94786" yp1="59.14520" xp2="85.98675" yp2="59.18114" sp="0.15000" color="gray" opacity="100"/>
<line xp1="85.98675" yp1="59.18114" xp2="85.98878" yp2="59.12280" sp="0.15000" color="gray" opacity="100"/>
<line xp1="85.98878" yp1="59.12280" xp2="85.96957" yp2="59.03826" sp="0.15000" color="gray" opacity="100"/>
<line xp1="85.96957" yp1="59.03826" xp2="86.02092" yp2="59.05474" sp="0.15000" color="gray" opacity="100"/>
<line xp1="86.02092" yp1="59.05474" xp2="86.12157" yp2="59.19243" sp="0.15000" color="gray" opacity="100"/>
<line xp1="86.12157" yp1="59.19243" xp2="86.26411" yp2="59.72697" sp="0.15000" color="gray" opacity="100"/>
<line xp1="86.26411" yp1="59.72697" xp2="86.30126" yp2="59.88409" sp="0.15000" color="gray" opacity="100"/>
<line xp1="86.30126" yp1="59.88409" xp2="86.30214" yp2="59.94520" sp="0.15000" color="gray" opacity="100"/>
<line xp1="86.30214" yp1="59.94520" xp2="86.30102" yp2="59.97017" sp="0.15000" color="gray" opacity="100"/>
<line xp1="86.30102" yp1="59.97017" xp2="86.28760" yp2="60.41666" sp="0.15000" color="gray" opacity="100"/>
<line xp1="86.28760" yp1="60.41666" xp2="86.27991" yp2="60.48609" sp="0.15000" color="gray" opacity="100"/>
<line xp1="86.27991" yp1="60.48609" xp2="86.25214" yp2="60.53609" sp="0.15000" color="gray" opacity="100"/>
<line xp1="86.25214" yp1="60.53609" xp2="86.21526" yp2="60.58351" sp="0.15000" color="gray" opacity="100"/>
<line xp1="86.21526" yp1="60.58351" xp2="86.17523" yp2="60.76683" sp="0.15000" color="gray" opacity="100"/>
<line xp1="86.17523" yp1="60.76683" xp2="86.22880" yp2="60.86983" sp="0.15000" color="gray" opacity="100"/>
<line xp1="86.22880" yp1="60.86983" xp2="86.34168" yp2="60.51071" sp="0.15000" color="gray" opacity="100"/>
<line xp1="86.34168" yp1="60.51071" xp2="86.34872" yp2="60.45394" sp="0.15000" color="gray" opacity="100"/>
<line xp1="86.34872" yp1="60.45394" xp2="86.35983" yp2="60.25474" sp="0.15000" color="gray" opacity="100"/>
<line xp1="86.35983" yp1="60.25474" xp2="86.35897" yp2="60.18411" sp="0.15000" color="gray" opacity="100"/>
<line xp1="86.35897" yp1="60.18411" xp2="86.34937" yp2="60.07617" sp="0.15000" color="gray" opacity="100"/>
<line xp1="86.34937" yp1="60.07617" xp2="86.33289" yp2="59.92537" sp="0.15000" color="gray" opacity="100"/>
<line xp1="86.33289" yp1="59.92537" xp2="86.32049" yp2="59.83889" sp="0.15000" color="gray" opacity="100"/>
<line xp1="86.32049" yp1="59.83889" xp2="86.30298" yp2="59.76149" sp="0.15000" color="gray" opacity="100"/>
<line xp1="86.30298" yp1="59.76149" xp2="86.27180" yp2="59.63011" sp="0.15000" color="gray" opacity="100"/>
<line xp1="86.27180" yp1="59.63011" xp2="86.25514" yp2="59.42300" sp="0.15000" color="gray" opacity="100"/>
<line xp1="86.25514" yp1="59.42300" xp2="86.42649" yp2="59.50314" sp="0.15000" color="gray" opacity="100"/>
<line xp1="86.42649" yp1="59.50314" xp2="86.48972" yp2="59.65711" sp="0.15000" color="gray" opacity="100"/>
<line xp1="86.48972" yp1="59.65711" xp2="86.54060" yp2="59.78649" sp="0.15000" color="gray" opacity="100"/>
<line xp1="86.54060" yp1="59.78649" xp2="86.60234" yp2="59.86943" sp="0.15000" color="gray" opacity="100"/>
<line xp1="86.60234" yp1="59.86943" xp2="86.65045" yp2="59.86843" sp="0.15000" color="gray" opacity="100"/>
<line xp1="86.65045" yp1="59.86843" xp2="86.69840" yp2="59.95394" sp="0.15000" color="gray" opacity="100"/>
<line xp1="86.69840" yp1="59.95394" xp2="86.69922" yp2="60.02149" sp="0.15000" color="gray" opacity="100"/>
<line xp1="86.69922" yp1="60.02149" xp2="86.83165" yp2="60.04523" sp="0.15000" color="gray" opacity="100"/>
<line xp1="86.83165" yp1="60.04523" xp2="86.96625" yp2="60.14600" sp="0.15000" color="gray" opacity="100"/>
<line xp1="86.96625" yp1="60.14600" xp2="87.02522" yp2="60.19523" sp="0.15000" color="gray" opacity="100"/>
<line xp1="87.02522" yp1="60.19523" xp2="87.10897" yp2="60.27060" sp="0.15000" color="gray" opacity="100"/>
<line xp1="87.10897" yp1="60.27060" xp2="87.19572" yp2="60.33806" sp="0.15000" color="gray" opacity="100"/>
<line xp1="87.19572" yp1="60.33806" xp2="87.26666" yp2="60.38809" sp="0.15000" color="gray" opacity="100"/>
<line xp1="87.26666" yp1="60.38809" xp2="87.41880" yp2="60.48809" sp="0.15000" color="gray" opacity="100"/>
<line xp1="87.41880" yp1="60.48809" xp2="87.46068" yp2="60.45077" sp="0.15000" color="gray" opacity="100"/>
<line xp1="87.46068" yp1="60.45077" xp2="87.53291" yp2="60.50791" sp="0.15000" color="gray" opacity="100"/>
<line xp1="87.53291" yp1="60.50791" xp2="87.62865" yp2="60.61189" sp="0.15000" color="gray" opacity="100"/>
<line xp1="87.62865" yp1="60.61189" xp2="87.79018" yp2="60.78091" sp="0.15000" color="gray" opacity="100"/>
<line xp1="87.79018" yp1="60.78091" xp2="87.83632" yp2="60.81746" sp="0.15000" color="gray" opacity="100"/>
<line xp1="87.83632" yp1="60.81746" xp2="87.86100" yp2="60.72677" sp="0.15000" color="gray" opacity="100"/>
<line xp1="87.86100" yp1="60.72677" xp2="87.97177" yp2="60.73809" sp="0.15000" color="gray" opacity="100"/>
<line xp1="87.97177" yp1="60.73809" xp2="88.25211" yp2="60.79283" sp="0.15000" color="gray" opacity="100"/>
<line xp1="88.25211" yp1="60.79283" xp2="88.29700" yp2="60.79760" sp="0.15000" color="gray" opacity="100"/>
<line xp1="88.29700" yp1="60.79760" xp2="88.35682" yp2="60.78331" sp="0.15000" color="gray" opacity="100"/>
<line xp1="88.35682" yp1="60.78331" xp2="88.41326" yp2="60.75317" sp="0.15000" color="gray" opacity="100"/>
<line xp1="88.41326" yp1="60.75317" xp2="88.63332" yp2="60.77457" sp="0.15000" color="gray" opacity="100"/>
<line xp1="88.63332" yp1="60.77457" xp2="88.83868" yp2="60.82023" sp="0.15000" color="gray" opacity="100"/>
<line xp1="88.83868" yp1="60.82023" xp2="88.86858" yp2="60.87420" sp="0.15000" color="gray" opacity="100"/>
<line xp1="88.86858" yp1="60.87420" xp2="88.94874" yp2="60.93171" sp="0.15000" color="gray" opacity="100"/>
<line xp1="88.94874" yp1="60.93171" xp2="89.29317" yp2="60.99283" sp="0.15000" color="gray" opacity="100"/>
<line xp1="89.29317" yp1="60.99283" xp2="89.41752" yp2="60.97437" sp="0.15000" color="gray" opacity="100"/>
<line xp1="89.41752" yp1="60.97437" xp2="89.46802" yp2="60.91094" sp="0.15000" color="gray" opacity="100"/>
<line xp1="89.46802" yp1="60.91094" xp2="89.52565" yp2="60.91903" sp="0.15000" color="gray" opacity="100"/>
<line xp1="89.52565" yp1="60.91903" xp2="89.56582" yp2="60.93094" sp="0.15000" color="gray" opacity="100"/>
<line xp1="89.56582" yp1="60.93094" xp2="89.64145" yp2="60.96506" sp="0.15000" color="gray" opacity="100"/>
<line xp1="89.64145" yp1="60.96506" xp2="89.73591" yp2="61.01109" sp="0.15000" color="gray" opacity="100"/>
<line xp1="89.73591" yp1="61.01109" xp2="89.86197" yp2="61.06663" sp="0.15000" color="gray" opacity="100"/>
<line xp1="89.86197" yp1="61.06663" xp2="89.90212" yp2="61.07697" sp="0.15000" color="gray" opacity="100"/>
<line xp1="89.90212" yp1="61.07697" xp2="89.94572" yp2="61.07657" sp="0.15000" color="gray" opacity="100"/>
<line xp1="89.94572" yp1="61.07657" xp2="89.98205" yp2="61.05711" sp="0.15000" color="gray" opacity="100"/>
<line xp1="89.98205" yp1="61.05711" xp2="90.03889" yp2="61.12300" sp="0.15000" color="gray" opacity="100"/>
<line xp1="90.03889" yp1="61.12300" xp2="90.11069" yp2="61.31746" sp="0.15000" color="gray" opacity="100"/>
<line xp1="90.11069" yp1="61.31746" xp2="90.12029" yp2="61.38251" sp="0.15000" color="gray" opacity="100"/>
<line xp1="90.12029" yp1="61.38251" xp2="90.13248" yp2="61.72857" sp="0.15000" color="gray" opacity="100"/>
<line xp1="90.13248" yp1="61.72857" xp2="90.17009" yp2="62.30483" sp="0.15000" color="gray" opacity="100"/>
<line xp1="90.17009" yp1="62.30483" xp2="90.29563" yp2="61.89897" sp="0.15000" color="gray" opacity="100"/>
<line xp1="90.29563" yp1="61.89897" xp2="90.35171" yp2="61.86583" sp="0.15000" color="gray" opacity="100"/>
<line xp1="90.35171" yp1="61.86583" xp2="90.40812" yp2="61.93569" sp="0.15000" color="gray" opacity="100"/>
<line xp1="90.40812" yp1="61.93569" xp2="90.40532" yp2="62.02640" sp="0.15000" color="gray" opacity="100"/>
<line xp1="90.40532" yp1="62.02640" xp2="90.43675" yp2="62.07217" sp="0.15000" color="gray" opacity="100"/>
<line xp1="90.43675" yp1="62.07217" xp2="90.59254" yp2="62.25574" sp="0.15000" color="gray" opacity="100"/>
<line xp1="90.59254" yp1="62.25574" xp2="90.56068" yp2="62.13966" sp="0.15000" color="gray" opacity="100"/>
<line xp1="90.56068" yp1="62.13966" xp2="90.52842" yp2="62.05631" sp="0.15000" color="gray" opacity="100"/>
<line xp1="90.52842" yp1="62.05631" xp2="90.46771" yp2="61.91789" sp="0.15000" color="gray" opacity="100"/>
<line xp1="90.46771" yp1="61.91789" xp2="90.46368" yp2="61.90714" sp="0.15000" color="gray" opacity="100"/>
<line xp1="90.46368" yp1="61.90714" xp2="90.45192" yp2="61.83014" sp="0.15000" color="gray" opacity="100"/>
<line xp1="90.45192" yp1="61.83014" xp2="90.44957" yp2="61.56863" sp="0.15000" color="gray" opacity="100"/>
<line xp1="90.44957" yp1="61.56863" xp2="90.45811" yp2="61.42380" sp="0.15000" color="gray" opacity="100"/>
<line xp1="90.45811" yp1="61.42380" xp2="90.47951" yp2="61.33806" sp="0.15000" color="gray" opacity="100"/>
<line xp1="90.47951" yp1="61.33806" xp2="90.55020" yp2="61.41229" sp="0.15000" color="gray" opacity="100"/>
<line xp1="90.55020" yp1="61.41229" xp2="90.57223" yp2="61.45949" sp="0.15000" color="gray" opacity="100"/>
<line xp1="90.57223" yp1="61.45949" xp2="90.66838" yp2="61.45871" sp="0.15000" color="gray" opacity="100"/>
<line xp1="90.66838" yp1="61.45871" xp2="90.88248" yp2="61.58251" sp="0.15000" color="gray" opacity="100"/>
<line xp1="90.88248" yp1="61.58251" xp2="91.05555" yp2="61.79997" sp="0.15000" color="gray" opacity="100"/>
<line xp1="91.05555" yp1="61.79997" xp2="91.19060" yp2="62.07934" sp="0.15000" color="gray" opacity="100"/>
<line xp1="91.19060" yp1="62.07934" xp2="91.33205" yp2="62.00397" sp="0.15000" color="gray" opacity="100"/>
<line xp1="91.33205" yp1="62.00397" xp2="91.30600" yp2="61.83331" sp="0.15000" color="gray" opacity="100"/>
<line xp1="91.30600" yp1="61.83331" xp2="91.29402" yp2="61.72143" sp="0.15000" color="gray" opacity="100"/>
<line xp1="91.29402" yp1="61.72143" xp2="91.30983" yp2="61.54126" sp="0.15000" color="gray" opacity="100"/>
<line xp1="91.30983" yp1="61.54126" xp2="91.56058" yp2="61.60017" sp="0.15000" color="gray" opacity="100"/>
<line xp1="91.56058" yp1="61.60017" xp2="91.63163" yp2="61.72617" sp="0.15000" color="gray" opacity="100"/>
<line xp1="91.63163" yp1="61.72617" xp2="91.66391" yp2="61.81009" sp="0.15000" color="gray" opacity="100"/>
<line xp1="91.66391" yp1="61.81009" xp2="91.75685" yp2="61.81349" sp="0.15000" color="gray" opacity="100"/>
<line xp1="91.75685" yp1="61.81349" xp2="91.95043" yp2="61.84046" sp="0.15000" color="gray" opacity="100"/>
<line xp1="91.95043" yp1="61.84046" xp2="92.02245" yp2="61.87300" sp="0.15000" color="gray" opacity="100"/>
<line xp1="92.02245" yp1="61.87300" xp2="92.17051" yp2="61.90951" sp="0.15000" color="gray" opacity="100"/>
<line xp1="92.17051" yp1="61.90951" xp2="92.23505" yp2="61.91426" sp="0.15000" color="gray" opacity="100"/>
<line xp1="92.23505" yp1="61.91426" xp2="92.28034" yp2="61.91269" sp="0.15000" color="gray" opacity="100"/>
<line xp1="92.28034" yp1="61.91269" xp2="92.32642" yp2="61.90983" sp="0.15000" color="gray" opacity="100"/>
<line xp1="92.32642" yp1="61.90983" xp2="92.40706" yp2="61.92143" sp="0.15000" color="gray" opacity="100"/>
<line xp1="92.40706" yp1="61.92143" xp2="92.41795" yp2="62.05711" sp="0.15000" color="gray" opacity="100"/>
<line xp1="92.41795" yp1="62.05711" xp2="92.41966" yp2="62.37777" sp="0.15000" color="gray" opacity="100"/>
<line xp1="92.41966" yp1="62.37777" xp2="92.40812" yp2="62.44760" sp="0.15000" color="gray" opacity="100"/>
<line xp1="92.40812" yp1="62.44760" xp2="92.36986" yp2="62.62974" sp="0.15000" color="gray" opacity="100"/>
<line xp1="92.36986" yp1="62.62974" xp2="92.34274" yp2="62.72617" sp="0.15000" color="gray" opacity="100"/>
<line xp1="92.34274" yp1="62.72617" xp2="92.31837" yp2="62.80234" sp="0.15000" color="gray" opacity="100"/>
<line xp1="92.31837" yp1="62.80234" xp2="92.29614" yp2="62.84840" sp="0.15000" color="gray" opacity="100"/>
<line xp1="92.29614" yp1="62.84840" xp2="92.25642" yp2="62.92180" sp="0.15000" color="gray" opacity="100"/>
<line xp1="92.25642" yp1="62.92180" xp2="92.19358" yp2="63.02537" sp="0.15000" color="gray" opacity="100"/>
<line xp1="92.19358" yp1="63.02537" xp2="92.13506" yp2="63.07897" sp="0.15000" color="gray" opacity="100"/>
<line xp1="92.13506" yp1="63.07897" xp2="92.08591" yp2="63.10711" sp="0.15000" color="gray" opacity="100"/>
<line xp1="92.08591" yp1="63.10711" xp2="91.95983" yp2="63.11586" sp="0.15000" color="gray" opacity="100"/>
<line xp1="91.95983" yp1="63.11586" xp2="91.93228" yp2="63.06843" sp="0.15000" color="gray" opacity="100"/>
<line xp1="91.93228" yp1="63.06843" xp2="92.01965" yp2="62.94009" sp="0.15000" color="gray" opacity="100"/>
<line xp1="92.01965" yp1="62.94009" xp2="92.04211" yp2="63.01666" sp="0.15000" color="gray" opacity="100"/>
<line xp1="92.04211" yp1="63.01666" xp2="92.10086" yp2="63.02557" sp="0.15000" color="gray" opacity="100"/>
<line xp1="92.10086" yp1="63.02557" xp2="92.14315" yp2="62.96983" sp="0.15000" color="gray" opacity="100"/>
<line xp1="92.14315" yp1="62.96983" xp2="92.32522" yp2="62.60751" sp="0.15000" color="gray" opacity="100"/>
<line xp1="92.32522" yp1="62.60751" xp2="92.32157" yp2="62.37260" sp="0.15000" color="gray" opacity="100"/>
<line xp1="92.32157" yp1="62.37260" xp2="92.27798" yp2="62.26446" sp="0.15000" color="gray" opacity="100"/>
<line xp1="92.27798" yp1="62.26446" xp2="92.17649" yp2="62.19600" sp="0.15000" color="gray" opacity="100"/>
<line xp1="92.17649" yp1="62.19600" xp2="92.13548" yp2="62.17697" sp="0.15000" color="gray" opacity="100"/>
<line xp1="92.13548" yp1="62.17697" xp2="92.08248" yp2="62.17023" sp="0.15000" color="gray" opacity="100"/>
<line xp1="92.08248" yp1="62.17023" xp2="92.04274" yp2="62.15237" sp="0.15000" color="gray" opacity="100"/>
<line xp1="92.04274" yp1="62.15237" xp2="91.99272" yp2="62.12457" sp="0.15000" color="gray" opacity="100"/>
<line xp1="91.99272" yp1="62.12457" xp2="91.85598" yp2="62.02540" sp="0.15000" color="gray" opacity="100"/>
<line xp1="91.85598" yp1="62.02540" xp2="91.79552" yp2="62.03966" sp="0.15000" color="gray" opacity="100"/>
<line xp1="91.79552" yp1="62.03966" xp2="91.61240" yp2="62.15851" sp="0.15000" color="gray" opacity="100"/>
<line xp1="91.61240" yp1="62.15851" xp2="91.49717" yp2="62.30274" sp="0.15000" color="gray" opacity="100"/>
<line xp1="91.49717" yp1="62.30274" xp2="91.49635" yp2="62.39920" sp="0.15000" color="gray" opacity="100"/>
<line xp1="91.49635" yp1="62.39920" xp2="91.50555" yp2="62.47260" sp="0.15000" color="gray" opacity="100"/>
<line xp1="91.50555" yp1="62.47260" xp2="91.48611" yp2="62.66983" sp="0.15000" color="gray" opacity="100"/>
<line xp1="91.48611" yp1="62.66983" xp2="91.42520" yp2="62.71903" sp="0.15000" color="gray" opacity="100"/>
<line xp1="91.42520" yp1="62.71903" xp2="91.39285" yp2="62.70869" sp="0.15000" color="gray" opacity="100"/>
<line xp1="91.39285" yp1="62.70869" xp2="91.31528" yp2="62.75394" sp="0.15000" color="gray" opacity="100"/>
<line xp1="91.31528" yp1="62.75394" xp2="91.25812" yp2="62.84920" sp="0.15000" color="gray" opacity="100"/>
<line xp1="91.25812" yp1="62.84920" xp2="91.30502" yp2="63.02080" sp="0.15000" color="gray" opacity="100"/>
<line xp1="91.30502" yp1="63.02080" xp2="91.20363" yp2="63.46823" sp="0.15000" color="gray" opacity="100"/>
<line xp1="91.20363" yp1="63.46823" xp2="91.14292" yp2="63.55831" sp="0.15000" color="gray" opacity="100"/>
<line xp1="91.14292" yp1="63.55831" xp2="91.00171" yp2="63.64123" sp="0.15000" color="gray" opacity="100"/>
<line xp1="91.00171" yp1="63.64123" xp2="90.97255" yp2="63.59206" sp="0.15000" color="gray" opacity="100"/>
<line xp1="90.97255" yp1="63.59206" xp2="90.83482" yp2="63.54480" sp="0.15000" color="gray" opacity="100"/>
<line xp1="90.83482" yp1="63.54480" xp2="90.70843" yp2="63.72814" sp="0.15000" color="gray" opacity="100"/>
<line xp1="90.70843" yp1="63.72814" xp2="90.70022" yp2="63.90631" sp="0.15000" color="gray" opacity="100"/>
<line xp1="90.70022" yp1="63.90631" xp2="90.94145" yp2="64.30794" sp="0.15000" color="gray" opacity="100"/>
<line xp1="90.94145" yp1="64.30794" xp2="90.97192" yp2="64.40217" sp="0.15000" color="gray" opacity="100"/>
<line xp1="90.97192" yp1="64.40217" xp2="91.10897" yp2="64.45949" sp="0.15000" color="gray" opacity="100"/>
<line xp1="91.10897" yp1="64.45949" xp2="91.34018" yp2="64.55831" sp="0.15000" color="gray" opacity="100"/>
<line xp1="91.34018" yp1="64.55831" xp2="91.41260" yp2="64.72240" sp="0.15000" color="gray" opacity="100"/>
<line xp1="91.41260" yp1="64.72240" xp2="91.35726" yp2="64.83091" sp="0.15000" color="gray" opacity="100"/>
<line xp1="91.35726" yp1="64.83091" xp2="91.31835" yp2="64.80157" sp="0.15000" color="gray" opacity="100"/>
<line xp1="91.31835" yp1="64.80157" xp2="91.28525" yp2="64.75394" sp="0.15000" color="gray" opacity="100"/>
<line xp1="91.28525" yp1="64.75394" xp2="91.28858" yp2="64.69054" sp="0.15000" color="gray" opacity="100"/>
<line xp1="91.28858" yp1="64.69054" xp2="91.15888" yp2="64.72734" sp="0.15000" color="gray" opacity="100"/>
<line xp1="91.15888" yp1="64.72734" xp2="91.06774" yp2="64.90257" sp="0.15000" color="gray" opacity="100"/>
<line xp1="91.06774" yp1="64.90257" xp2="91.06518" yp2="64.98094" sp="0.15000" color="gray" opacity="100"/>
<line xp1="91.06518" yp1="64.98094" xp2="91.05706" yp2="65.36451" sp="0.15000" color="gray" opacity="100"/>
<line xp1="91.05706" yp1="65.36451" xp2="91.06028" yp2="65.41031" sp="0.15000" color="gray" opacity="100"/>
<line xp1="91.06028" yp1="65.41031" xp2="91.09188" yp2="65.53966" sp="0.15000" color="gray" opacity="100"/>
<line xp1="91.09188" yp1="65.53966" xp2="91.13974" yp2="65.64520" sp="0.15000" color="gray" opacity="100"/>
<line xp1="91.13974" yp1="65.64520" xp2="91.20086" yp2="65.78014" sp="0.15000" color="gray" opacity="100"/>
<line xp1="91.20086" yp1="65.78014" xp2="91.22383" yp2="65.87914" sp="0.15000" color="gray" opacity="100"/>
<line xp1="91.22383" yp1="65.87914" xp2="91.17294" yp2="65.93723" sp="0.15000" color="gray" opacity="100"/>
<line xp1="91.17294" yp1="65.93723" xp2="91.19477" yp2="66.05691" sp="0.15000" color="gray" opacity="100"/>
<line xp1="91.19477" yp1="66.05691" xp2="91.24006" yp2="66.00037" sp="0.15000" color="gray" opacity="100"/>
<line xp1="91.24006" yp1="66.00037" xp2="91.27511" yp2="65.95571" sp="0.15000" color="gray" opacity="100"/>
<line xp1="91.27511" yp1="65.95571" xp2="91.38205" yp2="66.22220" sp="0.15000" color="gray" opacity="100"/>
<line xp1="91.38205" yp1="66.22220" xp2="91.42820" yp2="66.36149" sp="0.15000" color="gray" opacity="100"/>
<line xp1="91.42820" yp1="66.36149" xp2="91.40962" yp2="66.44877" sp="0.15000" color="gray" opacity="100"/>
<line xp1="91.40962" yp1="66.44877" xp2="91.43140" yp2="66.56466" sp="0.15000" color="gray" opacity="100"/>
<line xp1="91.43140" yp1="66.56466" xp2="91.46282" yp2="66.63889" sp="0.15000" color="gray" opacity="100"/>
<line xp1="91.46282" yp1="66.63889" xp2="91.51688" yp2="66.72637" sp="0.15000" color="gray" opacity="100"/>
<line xp1="91.51688" yp1="66.72637" xp2="91.56603" yp2="66.73331" sp="0.15000" color="gray" opacity="100"/>
<line xp1="91.56603" yp1="66.73331" xp2="91.61305" yp2="66.73649" sp="0.15000" color="gray" opacity="100"/>
<line xp1="91.61305" yp1="66.73649" xp2="91.70212" yp2="66.86586" sp="0.15000" color="gray" opacity="100"/>
<line xp1="91.70212" yp1="66.86586" xp2="91.76326" yp2="66.97931" sp="0.15000" color="gray" opacity="100"/>
<line xp1="91.76326" yp1="66.97931" xp2="91.77563" yp2="67.03174" sp="0.15000" color="gray" opacity="100"/>
<line xp1="91.77563" yp1="67.03174" xp2="91.86046" yp2="67.30474" sp="0.15000" color="gray" opacity="100"/>
<line xp1="91.86046" yp1="67.30474" xp2="92.01251" yp2="67.35871" sp="0.15000" color="gray" opacity="100"/>
<line xp1="92.01251" yp1="67.35871" xp2="92.00523" yp2="67.55114" sp="0.15000" color="gray" opacity="100"/>
<line xp1="92.00523" yp1="67.55114" xp2="91.97502" yp2="67.59440" sp="0.15000" color="gray" opacity="100"/>
<line xp1="91.97502" yp1="67.59440" xp2="91.91878" yp2="67.57774" sp="0.15000" color="gray" opacity="100"/>
<line xp1="91.91878" yp1="67.57774" xp2="91.95214" yp2="67.64006" sp="0.15000" color="gray" opacity="100"/>
<line xp1="91.95214" yp1="67.64006" xp2="91.98717" yp2="67.78569" sp="0.15000" color="gray" opacity="100"/>
<line xp1="91.98717" yp1="67.78569" xp2="92.04231" yp2="67.94443" sp="0.15000" color="gray" opacity="100"/>
<line xp1="92.04231" yp1="67.94443" xp2="92.10771" yp2="68.01823" sp="0.15000" color="gray" opacity="100"/>
<line xp1="92.10771" yp1="68.01823" xp2="92.16623" yp2="68.07934" sp="0.15000" color="gray" opacity="100"/>
<line xp1="92.16623" yp1="68.07934" xp2="92.32062" yp2="68.21526" sp="0.15000" color="gray" opacity="100"/>
<line xp1="92.32062" yp1="68.21526" xp2="92.42735" yp2="68.18489" sp="0.15000" color="gray" opacity="100"/>
<line xp1="92.42735" yp1="68.18489" xp2="92.52777" yp2="68.00237" sp="0.15000" color="gray" opacity="100"/>
<line xp1="92.52777" yp1="68.00237" xp2="92.53589" yp2="67.88411" sp="0.15000" color="gray" opacity="100"/>
<line xp1="92.53589" yp1="67.88411" xp2="92.56709" yp2="67.76049" sp="0.15000" color="gray" opacity="100"/>
<line xp1="92.56709" yp1="67.76049" xp2="92.61440" yp2="67.96791" sp="0.15000" color="gray" opacity="100"/>
<line xp1="92.61440" yp1="67.96791" xp2="92.59582" yp2="68.18934" sp="0.15000" color="gray" opacity="100"/>
<line xp1="92.59582" yp1="68.18934" xp2="92.58685" yp2="68.29363" sp="0.15000" color="gray" opacity="100"/>
<line xp1="92.58685" yp1="68.29363" xp2="92.56860" yp2="68.36483" sp="0.15000" color="gray" opacity="100"/>
<line xp1="92.56860" yp1="68.36483" xp2="92.51071" yp2="68.48211" sp="0.15000" color="gray" opacity="100"/>
<line xp1="92.51071" yp1="68.48211" xp2="92.50235" yp2="68.54960" sp="0.15000" color="gray" opacity="100"/>
<line xp1="92.50235" yp1="68.54960" xp2="92.65908" yp2="68.78371" sp="0.15000" color="gray" opacity="100"/>
<line xp1="92.65908" yp1="68.78371" xp2="92.64711" yp2="68.70731" sp="0.15000" color="gray" opacity="100"/>
<line xp1="92.64711" yp1="68.70731" xp2="92.64320" yp2="68.46574" sp="0.15000" color="gray" opacity="100"/>
<line xp1="92.64320" yp1="68.46574" xp2="92.68920" yp2="68.08617" sp="0.15000" color="gray" opacity="100"/>
<line xp1="92.68920" yp1="68.08617" xp2="92.73954" yp2="67.97737" sp="0.15000" color="gray" opacity="100"/>
<line xp1="92.73954" yp1="67.97737" xp2="92.76925" yp2="68.11743" sp="0.15000" color="gray" opacity="100"/>
<line xp1="92.76925" yp1="68.11743" xp2="92.78043" yp2="68.23554" sp="0.15000" color="gray" opacity="100"/>
<line xp1="92.78043" yp1="68.23554" xp2="92.74268" yp2="68.30149" sp="0.15000" color="gray" opacity="100"/>
<line xp1="92.74268" yp1="68.30149" xp2="92.80146" yp2="68.47743" sp="0.15000" color="gray" opacity="100"/>
<line xp1="92.80146" yp1="68.47743" xp2="92.82394" yp2="68.59603" sp="0.15000" color="gray" opacity="100"/>
<line xp1="92.82394" yp1="68.59603" xp2="92.85683" yp2="68.65394" sp="0.15000" color="gray" opacity="100"/>
<line xp1="92.85683" yp1="68.65394" xp2="92.89643" yp2="68.68243" sp="0.15000" color="gray" opacity="100"/>
<line xp1="92.89643" yp1="68.68243" xp2="92.88206" yp2="68.62694" sp="0.15000" color="gray" opacity="100"/>
<line xp1="92.88206" yp1="68.62694" xp2="92.85789" yp2="68.58134" sp="0.15000" color="gray" opacity="100"/>
<line xp1="92.85789" yp1="68.58134" xp2="92.84431" yp2="68.28809" sp="0.15000" color="gray" opacity="100"/>
<line xp1="92.84431" yp1="68.28809" xp2="92.94305" yp2="68.24137" sp="0.15000" color="gray" opacity="100"/>
<line xp1="92.94305" yp1="68.24137" xp2="92.93628" yp2="68.34183" sp="0.15000" color="gray" opacity="100"/>
<line xp1="92.93628" yp1="68.34183" xp2="92.94014" yp2="68.45220" sp="0.15000" color="gray" opacity="100"/>
<line xp1="92.94014" yp1="68.45220" xp2="93.03291" yp2="68.64074" sp="0.15000" color="gray" opacity="100"/>
<line xp1="93.03291" yp1="68.64074" xp2="92.99008" yp2="68.50174" sp="0.15000" color="gray" opacity="100"/>
<line xp1="92.99008" yp1="68.50174" xp2="92.99838" yp2="68.39237" sp="0.15000" color="gray" opacity="100"/>
<line xp1="92.99838" yp1="68.39237" xp2="92.99452" yp2="68.27951" sp="0.15000" color="gray" opacity="100"/>
<line xp1="92.99452" yp1="68.27951" xp2="93.01428" yp2="68.21309" sp="0.15000" color="gray" opacity="100"/>
<line xp1="93.01428" yp1="68.21309" xp2="93.07628" yp2="68.14403" sp="0.15000" color="gray" opacity="100"/>
<line xp1="93.07628" yp1="68.14403" xp2="93.09702" yp2="68.19840" sp="0.15000" color="gray" opacity="100"/>
<line xp1="93.09702" yp1="68.19840" xp2="93.14017" yp2="68.35791" sp="0.15000" color="gray" opacity="100"/>
<line xp1="93.14017" yp1="68.35791" xp2="93.27694" yp2="68.70554" sp="0.15000" color="gray" opacity="100"/>
<line xp1="93.27694" yp1="68.70554" xp2="93.38762" yp2="68.56349" sp="0.15000" color="gray" opacity="100"/>
<line xp1="93.38762" yp1="68.56349" xp2="93.46409" yp2="68.39440" sp="0.15000" color="gray" opacity="100"/>
<line xp1="93.46409" yp1="68.39440" xp2="93.53975" yp2="68.51506" sp="0.15000" color="gray" opacity="100"/>
<line xp1="93.53975" yp1="68.51506" xp2="93.74529" yp2="68.76031" sp="0.15000" color="gray" opacity="100"/>
<line xp1="93.74529" yp1="68.76031" xp2="93.76892" yp2="68.85989" sp="0.15000" color="gray" opacity="100"/>
<line xp1="93.76892" yp1="68.85989" xp2="93.72051" yp2="68.85574" sp="0.15000" color="gray" opacity="100"/>
<line xp1="93.72051" yp1="68.85574" xp2="93.71752" yp2="68.93966" sp="0.15000" color="gray" opacity="100"/>
<line xp1="93.71752" yp1="68.93966" xp2="93.81152" yp2="69.30554" sp="0.15000" color="gray" opacity="100"/>
<line xp1="93.81152" yp1="69.30554" xp2="93.87563" yp2="69.83349" sp="0.15000" color="gray" opacity="100"/>
<line xp1="93.87563" yp1="69.83349" xp2="93.99658" yp2="69.89203" sp="0.15000" color="gray" opacity="100"/>
<line xp1="93.99658" yp1="69.89203" xp2="94.07734" yp2="69.92300" sp="0.15000" color="gray" opacity="100"/>
<line xp1="94.07734" yp1="69.92300" xp2="94.13702" yp2="70.06363" sp="0.15000" color="gray" opacity="100"/>
<line xp1="94.13702" yp1="70.06363" xp2="94.15866" yp2="70.21317" sp="0.15000" color="gray" opacity="100"/>
<line xp1="94.15866" yp1="70.21317" xp2="94.25909" yp2="70.15969" sp="0.15000" color="gray" opacity="100"/>
<line xp1="94.25909" yp1="70.15969" xp2="94.22906" yp2="70.04997" sp="0.15000" color="gray" opacity="100"/>
<line xp1="94.22906" yp1="70.04997" xp2="94.16325" yp2="69.88014" sp="0.15000" color="gray" opacity="100"/>
<line xp1="94.16325" yp1="69.88014" xp2="94.13354" yp2="69.51506" sp="0.15000" color="gray" opacity="100"/>
<line xp1="94.13354" yp1="69.51506" xp2="94.43718" yp2="69.44680" sp="0.15000" color="gray" opacity="100"/>
<line xp1="94.43718" yp1="69.44680" xp2="94.53974" yp2="69.48906" sp="0.15000" color="gray" opacity="100"/>
<line xp1="94.53974" yp1="69.48906" xp2="94.52437" yp2="69.76823" sp="0.15000" color="gray" opacity="100"/>
<line xp1="94.52437" yp1="69.76823" xp2="94.60895" yp2="69.77854" sp="0.15000" color="gray" opacity="100"/>
<line xp1="94.60895" yp1="69.77854" xp2="94.67200" yp2="69.71249" sp="0.15000" color="gray" opacity="100"/>
<line xp1="94.67200" yp1="69.71249" xp2="94.80172" yp2="69.77777" sp="0.15000" color="gray" opacity="100"/>
<line xp1="94.80172" yp1="69.77777" xp2="94.82423" yp2="69.84891" sp="0.15000" color="gray" opacity="100"/>
<line xp1="94.82423" yp1="69.84891" xp2="94.89054" yp2="69.90251" sp="0.15000" color="gray" opacity="100"/>
<line xp1="94.89054" yp1="69.90251" xp2="94.96922" yp2="69.90394" sp="0.15000" color="gray" opacity="100"/>
<line xp1="94.96922" yp1="69.90394" xp2="95.21858" yp2="69.87143" sp="0.15000" color="gray" opacity="100"/>
<line xp1="95.21858" yp1="69.87143" xp2="95.23878" yp2="69.72774" sp="0.15000" color="gray" opacity="100"/>
<line xp1="95.23878" yp1="69.72774" xp2="95.29312" yp2="69.57657" sp="0.15000" color="gray" opacity="100"/>
<line xp1="95.29312" yp1="69.57657" xp2="95.37051" yp2="69.69523" sp="0.15000" color="gray" opacity="100"/>
<line xp1="95.37051" yp1="69.69523" xp2="95.42522" yp2="69.73091" sp="0.15000" color="gray" opacity="100"/>
<line xp1="95.42522" yp1="69.73091" xp2="95.48248" yp2="69.79126" sp="0.15000" color="gray" opacity="100"/>
<line xp1="95.48248" yp1="69.79126" xp2="95.59229" yp2="69.98251" sp="0.15000" color="gray" opacity="100"/>
<line xp1="95.59229" yp1="69.98251" xp2="95.73034" yp2="70.13411" sp="0.15000" color="gray" opacity="100"/>
<line xp1="95.73034" yp1="70.13411" xp2="95.79103" yp2="70.05751" sp="0.15000" color="gray" opacity="100"/>
<line xp1="95.79103" yp1="70.05751" xp2="95.82906" yp2="70.03571" sp="0.15000" color="gray" opacity="100"/>
<line xp1="95.82906" yp1="70.03571" xp2="96.05706" yp2="70.14997" sp="0.15000" color="gray" opacity="100"/>
<line xp1="96.05706" yp1="70.14997" xp2="96.05940" yp2="70.27697" sp="0.15000" color="gray" opacity="100"/>
<line xp1="96.05940" yp1="70.27697" xp2="96.05385" yp2="70.38371" sp="0.15000" color="gray" opacity="100"/>
<line xp1="96.05385" yp1="70.38371" xp2="96.08302" yp2="70.47677" sp="0.15000" color="gray" opacity="100"/>
<line xp1="96.08302" yp1="70.47677" xp2="96.14849" yp2="70.42811" sp="0.15000" color="gray" opacity="100"/>
<line xp1="96.14849" yp1="70.42811" xp2="96.28334" yp2="70.36663" sp="0.15000" color="gray" opacity="100"/>
<line xp1="96.28334" yp1="70.36663" xp2="96.51729" yp2="70.40871" sp="0.15000" color="gray" opacity="100"/>
<line xp1="96.51729" yp1="70.40871" xp2="96.63077" yp2="70.45791" sp="0.15000" color="gray" opacity="100"/>
<line xp1="96.63077" yp1="70.45791" xp2="96.92777" yp2="70.86743" sp="0.15000" color="gray" opacity="100"/>
<line xp1="96.92777" yp1="70.86743" xp2="96.96794" yp2="70.93689" sp="0.15000" color="gray" opacity="100"/>
<line xp1="96.96794" yp1="70.93689" xp2="96.94915" yp2="71.04680" sp="0.15000" color="gray" opacity="100"/>
<line xp1="96.94915" yp1="71.04680" xp2="96.83403" yp2="71.14551" sp="0.15000" color="gray" opacity="100"/>
<line xp1="96.83403" yp1="71.14551" xp2="96.80786" yp2="71.10554" sp="0.15000" color="gray" opacity="100"/>
<line xp1="96.80786" yp1="71.10554" xp2="96.78217" yp2="71.05517" sp="0.15000" color="gray" opacity="100"/>
<line xp1="96.78217" yp1="71.05517" xp2="96.73555" yp2="71.08123" sp="0.15000" color="gray" opacity="100"/>
<line xp1="96.73555" yp1="71.08123" xp2="96.64829" yp2="71.14046" sp="0.15000" color="gray" opacity="100"/>
<line xp1="96.64829" yp1="71.14046" xp2="96.62762" yp2="71.21634" sp="0.15000" color="gray" opacity="100"/>
<line xp1="96.62762" yp1="71.21634" xp2="96.72806" yp2="71.23263" sp="0.15000" color="gray" opacity="100"/>
<line xp1="96.72806" yp1="71.23263" xp2="96.80762" yp2="71.29180" sp="0.15000" color="gray" opacity="100"/>
<line xp1="96.80762" yp1="71.29180" xp2="96.87009" yp2="71.38569" sp="0.15000" color="gray" opacity="100"/>
<line xp1="96.87009" yp1="71.38569" xp2="96.76154" yp2="71.70951" sp="0.15000" color="gray" opacity="100"/>
<line xp1="96.76154" yp1="71.70951" xp2="96.67266" yp2="71.90951" sp="0.15000" color="gray" opacity="100"/>
<line xp1="96.67266" yp1="71.90951" xp2="96.60532" yp2="71.95154" sp="0.15000" color="gray" opacity="100"/>
<line xp1="96.60532" yp1="71.95154" xp2="96.60532" yp2="71.95154" sp="0.15000" color="gray" opacity="100"/>
<ellipse xp="86.144" yp="59.179" wp="0.750" hr="100" color="gray" opacity="100"/>
<ellipse xp="84.364" yp="57.008" wp="0.750" hr="100" color="gray" opacity="100"/>
<ellipse xp="67.449" yp="56.482" wp="0.750" hr="100" color="gray" opacity="100"/>
<ellipse xp="61.234" yp="53.221" wp="0.750" hr="100" color="gray" opacity="100"/>
<ellipse xp="49.967" yp="44.196" wp="0.750" hr="100" color="gray" opacity="100"/>
<ellipse xp="35.923" yp="43.098" wp="0.750" hr="100" color="gray" opacity="100"/>
<ellipse xp="22.848" yp="46.192" wp="0.750" hr="100" color="gray" opacity="100"/>
<ellipse xp="18.077" yp="40.143" wp="0.750" hr="100" color="gray" opacity="100"/>
<text align="e" xp="85.582" yp="58.729" sp="1.500" >New York</text>
<text align="e" xp="83.801" yp="56.558" sp="1.500" >Philadelphia</text>
<text align="e" xp="66.887" yp="56.032" sp="1.500" >Indianapolis</text>
<text align="e" xp="60.672" yp="52.771" sp="1.500" >St. Louis</text>
<text align="e" xp="49.405" yp="43.746" sp="1.500" >Oklahoma City</text>
<text align="e" xp="35.360" yp="42.648" sp="1.500" >Albuquerque</text>
<text align="e" xp="22.286" yp="45.742" sp="1.500" >Las Vegas</text>
<text align="e" xp="17.514" yp="39.693" sp="1.500" >Los Angeles</text>
<line xp1="63.89437" yp1="33.98244" xp2="63.89436" yp2="33.68778" sp="0.05" color="silver" opacity="100"/>
<line xp1="63.89436" yp1="33.68778" xp2="63.90211" yp2="33.42269" sp="0.05" color="silver" opacity="100"/>
<line xp1="63.90211" yp1="33.42269" xp2="63.90850" yp2="33.20472" sp="0.05" color="silver" opacity="100"/>
<line xp1="63.90850" yp1="33.20472" xp2="63.92393" yp2="32.67382" sp="0.05" color="silver" opacity="100"/>
<line xp1="63.92393" yp1="32.67382" xp2="63.92514" yp2="32.63222" sp="0.05" color="silver" opacity="100"/>
<line xp1="63.92514" yp1="32.63222" xp2="63.95076" yp2="31.75514" sp="0.05" color="silver" opacity="100"/>
<line xp1="63.95076" yp1="31.75514" xp2="63.95997" yp2="31.42366" sp="0.05" color="silver" opacity="100"/>
<line xp1="63.95997" yp1="31.42366" xp2="63.98082" yp2="30.67314" sp="0.05" color="silver" opacity="100"/>
<line xp1="63.98082" yp1="30.67314" xp2="63.98112" yp2="30.66220" sp="0.05" color="silver" opacity="100"/>
<line xp1="63.98112" yp1="30.66220" xp2="63.99395" yp2="30.12388" sp="0.05" color="silver" opacity="100"/>
<line xp1="63.99395" yp1="30.12388" xp2="64.00766" yp2="29.62693" sp="0.05" color="silver" opacity="100"/>
<line xp1="64.00766" yp1="29.62693" xp2="64.05535" yp2="29.68002" sp="0.05" color="silver" opacity="100"/>
<line xp1="64.05535" yp1="29.68002" xp2="64.13599" yp2="29.62545" sp="0.05" color="silver" opacity="100"/>
<line xp1="64.13599" yp1="29.62545" xp2="64.21882" yp2="29.48267" sp="0.05" color="silver" opacity="100"/>
<line xp1="64.21882" yp1="29.48267" xp2="64.31436" yp2="29.48926" sp="0.05" color="silver" opacity="100"/>
<line xp1="64.31436" yp1="29.48926" xp2="64.40589" yp2="29.48780" sp="0.05" color="silver" opacity="100"/>
<line xp1="64.40589" yp1="29.48780" xp2="64.45277" yp2="29.71961" sp="0.05" color="silver" opacity="100"/>
<line xp1="64.45277" yp1="29.71961" xp2="64.45574" yp2="30.00258" sp="0.05" color="silver" opacity="100"/>
<line xp1="64.45574" yp1="30.00258" xp2="64.48982" yp2="30.13233" sp="0.05" color="silver" opacity="100"/>
<line xp1="64.48982" yp1="30.13233" xp2="64.51554" yp2="30.25226" sp="0.05" color="silver" opacity="100"/>
<line xp1="64.51554" yp1="30.25226" xp2="64.52000" yp2="30.41397" sp="0.05" color="silver" opacity="100"/>
<line xp1="64.52000" yp1="30.41397" xp2="64.60247" yp2="30.52845" sp="0.05" color="silver" opacity="100"/>
<line xp1="64.60247" yp1="30.52845" xp2="64.72143" yp2="30.43627" sp="0.05" color="silver" opacity="100"/>
<line xp1="64.72143" yp1="30.43627" xp2="64.74622" yp2="30.24541" sp="0.05" color="silver" opacity="100"/>
<line xp1="64.74622" yp1="30.24541" xp2="64.76660" yp2="30.14537" sp="0.05" color="silver" opacity="100"/>
<line xp1="64.76660" yp1="30.14537" xp2="64.71792" yp2="29.96388" sp="0.05" color="silver" opacity="100"/>
<line xp1="64.71792" yp1="29.96388" xp2="64.74748" yp2="29.84613" sp="0.05" color="silver" opacity="100"/>
<line xp1="64.74748" yp1="29.84613" xp2="64.82305" yp2="29.66700" sp="0.05" color="silver" opacity="100"/>
<line xp1="64.82305" yp1="29.66700" xp2="64.92813" yp2="29.49771" sp="0.05" color="silver" opacity="100"/>
<line xp1="64.92813" yp1="29.49771" xp2="64.91313" yp2="29.37085" sp="0.05" color="silver" opacity="100"/>
<line xp1="64.91313" yp1="29.37085" xp2="64.77969" yp2="29.25496" sp="0.05" color="silver" opacity="100"/>
<line xp1="64.77969" yp1="29.25496" xp2="64.89405" yp2="29.22375" sp="0.05" color="silver" opacity="100"/>
<line xp1="64.89405" yp1="29.22375" xp2="65.14325" yp2="29.28488" sp="0.05" color="silver" opacity="100"/>
<line xp1="65.14325" yp1="29.28488" xp2="65.35642" yp2="29.37267" sp="0.05" color="silver" opacity="100"/>
<line xp1="65.35642" yp1="29.37267" xp2="65.45803" yp2="29.55456" sp="0.05" color="silver" opacity="100"/>
<line xp1="65.45803" yp1="29.55456" xp2="65.48956" yp2="29.72341" sp="0.05" color="silver" opacity="100"/>
<line xp1="65.48956" yp1="29.72341" xp2="65.58984" yp2="29.81898" sp="0.05" color="silver" opacity="100"/>
<line xp1="65.58984" yp1="29.81898" xp2="65.51587" yp2="29.87797" sp="0.05" color="silver" opacity="100"/>
<line xp1="65.51587" yp1="29.87797" xp2="65.46966" yp2="30.02138" sp="0.05" color="silver" opacity="100"/>
<line xp1="65.46966" yp1="30.02138" xp2="65.49008" yp2="30.14358" sp="0.05" color="silver" opacity="100"/>
<line xp1="65.49008" yp1="30.14358" xp2="65.53663" yp2="30.29824" sp="0.05" color="silver" opacity="100"/>
<line xp1="65.53663" yp1="30.29824" xp2="65.53817" yp2="30.44915" sp="0.05" color="silver" opacity="100"/>
<line xp1="65.53817" yp1="30.44915" xp2="65.47340" yp2="30.55046" sp="0.05" color="silver" opacity="100"/>
<line xp1="65.47340" yp1="30.55046" xp2="65.34828" yp2="30.68081" sp="0.05" color="silver" opacity="100"/>
<line xp1="65.34828" yp1="30.68081" xp2="65.31959" yp2="30.76423" sp="0.05" color="silver" opacity="100"/>
<line xp1="65.31959" yp1="30.76423" xp2="65.17701" yp2="31.04531" sp="0.05" color="silver" opacity="100"/>
<line xp1="65.17701" yp1="31.04531" xp2="65.24298" yp2="31.28989" sp="0.05" color="silver" opacity="100"/>
<line xp1="65.24298" yp1="31.28989" xp2="65.23240" yp2="31.42121" sp="0.05" color="silver" opacity="100"/>
<line xp1="65.23240" yp1="31.42121" xp2="65.23257" yp2="31.42121" sp="0.05" color="silver" opacity="100"/>
<line xp1="65.23257" yp1="31.42121" xp2="65.35456" yp2="31.42158" sp="0.05" color="silver" opacity="100"/>
<line xp1="65.35456" yp1="31.42158" xp2="65.49878" yp2="31.42302" sp="0.05" color="silver" opacity="100"/>
<line xp1="65.49878" yp1="31.42302" xp2="65.67353" yp2="31.42401" sp="0.05" color="silver" opacity="100"/>
<line xp1="65.67353" yp1="31.42401" xp2="65.90208" yp2="31.42578" sp="0.05" color="silver" opacity="100"/>
<line xp1="65.90208" yp1="31.42578" xp2="65.90362" yp2="31.42579" sp="0.05" color="silver" opacity="100"/>
<line xp1="65.90362" yp1="31.42579" xp2="66.26484" yp2="31.42194" sp="0.05" color="silver" opacity="100"/>
<line xp1="66.26484" yp1="31.42194" xp2="66.41234" yp2="31.42101" sp="0.05" color="silver" opacity="100"/>
<line xp1="66.41234" yp1="31.42101" xp2="66.48355" yp2="31.41995" sp="0.05" color="silver" opacity="100"/>
<line xp1="66.48355" yp1="31.41995" xp2="66.63348" yp2="31.41772" sp="0.05" color="silver" opacity="100"/>
<line xp1="66.63348" yp1="31.41772" xp2="66.82539" yp2="31.41486" sp="0.05" color="silver" opacity="100"/>
<line xp1="66.82539" yp1="31.41486" xp2="67.09439" yp2="31.41294" sp="0.05" color="silver" opacity="100"/>
<line xp1="67.09439" yp1="31.41294" xp2="67.13081" yp2="31.41268" sp="0.05" color="silver" opacity="100"/>
<line xp1="67.13081" yp1="31.41268" xp2="67.40423" yp2="31.41162" sp="0.05" color="silver" opacity="100"/>
<line xp1="67.40423" yp1="31.41162" xp2="67.63840" yp2="31.41071" sp="0.05" color="silver" opacity="100"/>
<line xp1="67.63840" yp1="31.41071" xp2="67.85595" yp2="31.40987" sp="0.05" color="silver" opacity="100"/>
<line xp1="67.85595" yp1="31.40987" xp2="68.07736" yp2="31.41509" sp="0.05" color="silver" opacity="100"/>
<line xp1="68.07736" yp1="31.41509" xp2="68.33923" yp2="31.42008" sp="0.05" color="silver" opacity="100"/>
<line xp1="68.33923" yp1="31.42008" xp2="68.46461" yp2="31.42247" sp="0.05" color="silver" opacity="100"/>
<line xp1="68.46461" yp1="31.42247" xp2="68.47954" yp2="31.42276" sp="0.05" color="silver" opacity="100"/>
<line xp1="68.47954" yp1="31.42276" xp2="68.71797" yp2="31.42730" sp="0.05" color="silver" opacity="100"/>
<line xp1="68.71797" yp1="31.42730" xp2="69.00622" yp2="31.43055" sp="0.05" color="silver" opacity="100"/>
<line xp1="69.00622" yp1="31.43055" xp2="69.18264" yp2="31.43042" sp="0.05" color="silver" opacity="100"/>
<line xp1="69.18264" yp1="31.43042" xp2="69.22692" yp2="31.43052" sp="0.05" color="silver" opacity="100"/>
<line xp1="69.22692" yp1="31.43052" xp2="69.21324" yp2="31.58156" sp="0.05" color="silver" opacity="100"/>
<line xp1="69.21324" yp1="31.58156" xp2="69.19830" yp2="31.64418" sp="0.05" color="silver" opacity="100"/>
<line xp1="69.19830" yp1="31.64418" xp2="69.17598" yp2="31.73769" sp="0.05" color="silver" opacity="100"/>
<line xp1="69.17598" yp1="31.73769" xp2="69.06536" yp2="31.96129" sp="0.05" color="silver" opacity="100"/>
<line xp1="69.06536" yp1="31.96129" xp2="69.06432" yp2="32.16740" sp="0.05" color="silver" opacity="100"/>
<line xp1="69.06432" yp1="32.16740" xp2="69.09266" yp2="32.27150" sp="0.05" color="silver" opacity="100"/>
<line xp1="69.09266" yp1="32.27150" xp2="69.09411" yp2="32.31042" sp="0.05" color="silver" opacity="100"/>
<line xp1="69.09411" yp1="32.31042" xp2="69.09549" yp2="32.34757" sp="0.05" color="silver" opacity="100"/>
<line xp1="69.09549" yp1="32.34757" xp2="69.08848" yp2="32.46537" sp="0.05" color="silver" opacity="100"/>
<line xp1="69.08848" yp1="32.46537" xp2="69.12922" yp2="32.66104" sp="0.05" color="silver" opacity="100"/>
<line xp1="69.12922" yp1="32.66104" xp2="69.12058" yp2="32.76681" sp="0.05" color="silver" opacity="100"/>
<line xp1="69.12058" yp1="32.76681" xp2="69.15126" yp2="32.91297" sp="0.05" color="silver" opacity="100"/>
<line xp1="69.15126" yp1="32.91297" xp2="69.16634" yp2="32.98481" sp="0.05" color="silver" opacity="100"/>
<line xp1="69.16634" yp1="32.98481" xp2="69.14160" yp2="33.05954" sp="0.05" color="silver" opacity="100"/>
<line xp1="69.14160" yp1="33.05954" xp2="69.14128" yp2="33.20065" sp="0.05" color="silver" opacity="100"/>
<line xp1="69.14128" yp1="33.20065" xp2="69.03765" yp2="33.41419" sp="0.05" color="silver" opacity="100"/>
<line xp1="69.03765" yp1="33.41419" xp2="69.04780" yp2="33.52190" sp="0.05" color="silver" opacity="100"/>
<line xp1="69.04780" yp1="33.52190" xp2="69.03778" yp2="33.60848" sp="0.05" color="silver" opacity="100"/>
<line xp1="69.03778" yp1="33.60848" xp2="69.03206" yp2="33.65794" sp="0.05" color="silver" opacity="100"/>
<line xp1="69.03206" yp1="33.65794" xp2="69.01257" yp2="33.82646" sp="0.05" color="silver" opacity="100"/>
<line xp1="69.01257" yp1="33.82646" xp2="69.05534" yp2="33.98103" sp="0.05" color="silver" opacity="100"/>
<line xp1="69.05534" yp1="33.98103" xp2="69.12642" yp2="34.19245" sp="0.05" color="silver" opacity="100"/>
<line xp1="69.12642" yp1="34.19245" xp2="69.13294" yp2="34.26245" sp="0.05" color="silver" opacity="100"/>
<line xp1="69.13294" yp1="34.26245" xp2="69.15168" yp2="34.46359" sp="0.05" color="silver" opacity="100"/>
<line xp1="69.15168" yp1="34.46359" xp2="69.15836" yp2="34.53540" sp="0.05" color="silver" opacity="100"/>
<line xp1="69.15836" yp1="34.53540" xp2="69.14039" yp2="34.67434" sp="0.05" color="silver" opacity="100"/>
<line xp1="69.14039" yp1="34.67434" xp2="69.23421" yp2="34.81556" sp="0.05" color="silver" opacity="100"/>
<line xp1="69.23421" yp1="34.81556" xp2="69.33827" yp2="34.91157" sp="0.05" color="silver" opacity="100"/>
<line xp1="69.33827" yp1="34.91157" xp2="69.35394" yp2="34.94528" sp="0.05" color="silver" opacity="100"/>
<line xp1="69.35394" yp1="34.94528" xp2="69.39717" yp2="35.03828" sp="0.05" color="silver" opacity="100"/>
<line xp1="69.39717" yp1="35.03828" xp2="69.29892" yp2="35.15974" sp="0.05" color="silver" opacity="100"/>
<line xp1="69.29892" yp1="35.15974" xp2="69.21831" yp2="35.24765" sp="0.05" color="silver" opacity="100"/>
<line xp1="69.21831" yp1="35.24765" xp2="69.25621" yp2="35.32339" sp="0.05" color="silver" opacity="100"/>
<line xp1="69.25621" yp1="35.32339" xp2="69.25977" yp2="35.36869" sp="0.05" color="silver" opacity="100"/>
<line xp1="69.25977" yp1="35.36869" xp2="69.27411" yp2="35.55098" sp="0.05" color="silver" opacity="100"/>
<line xp1="69.27411" yp1="35.55098" xp2="69.23110" yp2="35.73448" sp="0.05" color="silver" opacity="100"/>
<line xp1="69.23110" yp1="35.73448" xp2="69.22903" yp2="35.74330" sp="0.05" color="silver" opacity="100"/>
<line xp1="69.22903" yp1="35.74330" xp2="69.21985" yp2="35.78248" sp="0.05" color="silver" opacity="100"/>
<line xp1="69.21985" yp1="35.78248" xp2="69.12331" yp2="35.95185" sp="0.05" color="silver" opacity="100"/>
<line xp1="69.12331" yp1="35.95185" xp2="69.11373" yp2="36.02305" sp="0.05" color="silver" opacity="100"/>
<line xp1="69.11373" yp1="36.02305" xp2="69.09456" yp2="36.16559" sp="0.05" color="silver" opacity="100"/>
<line xp1="69.09456" yp1="36.16559" xp2="69.05500" yp2="36.37271" sp="0.05" color="silver" opacity="100"/>
<line xp1="69.05500" yp1="36.37271" xp2="69.03918" yp2="36.43323" sp="0.05" color="silver" opacity="100"/>
<line xp1="69.03918" yp1="36.43323" xp2="68.98313" yp2="36.64763" sp="0.05" color="silver" opacity="100"/>
<line xp1="68.98313" yp1="36.64763" xp2="68.94708" yp2="36.74662" sp="0.05" color="silver" opacity="100"/>
<line xp1="68.94708" yp1="36.74662" xp2="68.94443" yp2="36.77182" sp="0.05" color="silver" opacity="100"/>
<line xp1="68.94443" yp1="36.77182" xp2="68.87317" yp2="37.45164" sp="0.05" color="silver" opacity="100"/>
<line xp1="68.87317" yp1="37.45164" xp2="68.86678" yp2="37.51298" sp="0.05" color="silver" opacity="100"/>
<line xp1="68.86678" yp1="37.51298" xp2="68.77793" yp2="38.36569" sp="0.05" color="silver" opacity="100"/>
<line xp1="68.77793" yp1="38.36569" xp2="68.76162" yp2="38.52216" sp="0.05" color="silver" opacity="100"/>
<line xp1="68.76162" yp1="38.52216" xp2="68.74762" yp2="38.65659" sp="0.05" color="silver" opacity="100"/>
<line xp1="68.74762" yp1="38.65659" xp2="68.71059" yp2="39.00890" sp="0.05" color="silver" opacity="100"/>
<line xp1="68.71059" yp1="39.00890" xp2="68.67610" yp2="39.33702" sp="0.05" color="silver" opacity="100"/>
<line xp1="68.67610" yp1="39.33702" xp2="68.63589" yp2="39.71915" sp="0.05" color="silver" opacity="100"/>
<line xp1="68.63589" yp1="39.71915" xp2="68.61712" yp2="39.89751" sp="0.05" color="silver" opacity="100"/>
<line xp1="68.61712" yp1="39.89751" xp2="68.58296" yp2="40.23089" sp="0.05" color="silver" opacity="100"/>
<line xp1="68.58296" yp1="40.23089" xp2="68.57000" yp2="40.35741" sp="0.05" color="silver" opacity="100"/>
<line xp1="68.57000" yp1="40.35741" xp2="68.51824" yp2="40.81769" sp="0.05" color="silver" opacity="100"/>
<line xp1="68.51824" yp1="40.81769" xp2="68.49977" yp2="40.98196" sp="0.05" color="silver" opacity="100"/>
<line xp1="68.49977" yp1="40.98196" xp2="68.45774" yp2="41.35579" sp="0.05" color="silver" opacity="100"/>
<line xp1="68.45774" yp1="41.35579" xp2="68.44147" yp2="41.49699" sp="0.05" color="silver" opacity="100"/>
<line xp1="68.44147" yp1="41.49699" xp2="68.42016" yp2="41.68196" sp="0.05" color="silver" opacity="100"/>
<line xp1="68.42016" yp1="41.68196" xp2="68.40861" yp2="41.78226" sp="0.05" color="silver" opacity="100"/>
<line xp1="68.40861" yp1="41.78226" xp2="68.36704" yp2="42.14308" sp="0.05" color="silver" opacity="100"/>
<line xp1="68.36704" yp1="42.14308" xp2="68.33413" yp2="42.45839" sp="0.05" color="silver" opacity="100"/>
<line xp1="68.33413" yp1="42.45839" xp2="68.31513" yp2="42.64049" sp="0.05" color="silver" opacity="100"/>
<line xp1="68.31513" yp1="42.64049" xp2="68.29975" yp2="42.81337" sp="0.05" color="silver" opacity="100"/>
<line xp1="68.29975" yp1="42.81337" xp2="67.90162" yp2="42.82009" sp="0.05" color="silver" opacity="100"/>
<line xp1="67.90162" yp1="42.82009" xp2="67.21342" yp2="42.83171" sp="0.05" color="silver" opacity="100"/>
<line xp1="67.21342" yp1="42.83171" xp2="67.20191" yp2="42.83165" sp="0.05" color="silver" opacity="100"/>
<line xp1="67.20191" yp1="42.83165" xp2="66.97262" yp2="42.83055" sp="0.05" color="silver" opacity="100"/>
<line xp1="66.97262" yp1="42.83055" xp2="66.48673" yp2="42.83407" sp="0.05" color="silver" opacity="100"/>
<line xp1="66.48673" yp1="42.83407" xp2="66.48670" yp2="42.83407" sp="0.05" color="silver" opacity="100"/>
<line xp1="66.48670" yp1="42.83407" xp2="66.40571" yp2="42.83658" sp="0.05" color="silver" opacity="100"/>
<line xp1="66.40571" yp1="42.83658" xp2="65.82960" yp2="42.85443" sp="0.05" color="silver" opacity="100"/>
<line xp1="65.82960" yp1="42.85443" xp2="65.82049" yp2="42.85471" sp="0.05" color="silver" opacity="100"/>
<line xp1="65.82049" yp1="42.85471" xp2="65.80915" yp2="42.85494" sp="0.05" color="silver" opacity="100"/>
<line xp1="65.80915" yp1="42.85494" xp2="65.22139" yp2="42.86720" sp="0.05" color="silver" opacity="100"/>
<line xp1="65.22139" yp1="42.86720" xp2="65.19227" yp2="42.86781" sp="0.05" color="silver" opacity="100"/>
<line xp1="65.19227" yp1="42.86781" xp2="64.84325" yp2="42.87330" sp="0.05" color="silver" opacity="100"/>
<line xp1="64.84325" yp1="42.87330" xp2="64.63859" yp2="42.87403" sp="0.05" color="silver" opacity="100"/>
<line xp1="64.63859" yp1="42.87403" xp2="64.61534" yp2="42.87411" sp="0.05" color="silver" opacity="100"/>
<line xp1="64.61534" yp1="42.87411" xp2="64.30314" yp2="42.88008" sp="0.05" color="silver" opacity="100"/>
<line xp1="64.30314" yp1="42.88008" xp2="64.30759" yp2="42.84467" sp="0.05" color="silver" opacity="100"/>
<line xp1="64.30759" yp1="42.84467" xp2="64.37751" yp2="42.63541" sp="0.05" color="silver" opacity="100"/>
<line xp1="64.37751" yp1="42.63541" xp2="64.46479" yp2="42.54915" sp="0.05" color="silver" opacity="100"/>
<line xp1="64.46479" yp1="42.54915" xp2="64.40883" yp2="41.77903" sp="0.05" color="silver" opacity="100"/>
<line xp1="64.40883" yp1="41.77903" xp2="64.40068" yp2="41.66199" sp="0.05" color="silver" opacity="100"/>
<line xp1="64.40068" yp1="41.66199" xp2="64.37707" yp2="41.32296" sp="0.05" color="silver" opacity="100"/>
<line xp1="64.37707" yp1="41.32296" xp2="64.34883" yp2="40.91726" sp="0.05" color="silver" opacity="100"/>
<line xp1="64.34883" yp1="40.91726" xp2="64.30218" yp2="40.24722" sp="0.05" color="silver" opacity="100"/>
<line xp1="64.30218" yp1="40.24722" xp2="64.29657" yp2="40.16667" sp="0.05" color="silver" opacity="100"/>
<line xp1="64.29657" yp1="40.16667" xp2="64.23325" yp2="39.27116" sp="0.05" color="silver" opacity="100"/>
<line xp1="64.23325" yp1="39.27116" xp2="64.22393" yp2="39.13937" sp="0.05" color="silver" opacity="100"/>
<line xp1="64.22393" yp1="39.13937" xp2="64.19305" yp2="38.66858" sp="0.05" color="silver" opacity="100"/>
<line xp1="64.19305" yp1="38.66858" xp2="64.14701" yp2="37.96663" sp="0.05" color="silver" opacity="100"/>
<line xp1="64.14701" yp1="37.96663" xp2="64.12748" yp2="37.66892" sp="0.05" color="silver" opacity="100"/>
<line xp1="64.12748" yp1="37.66892" xp2="64.09218" yp2="37.11790" sp="0.05" color="silver" opacity="100"/>
<line xp1="64.09218" yp1="37.11790" xp2="64.08078" yp2="36.94010" sp="0.05" color="silver" opacity="100"/>
<line xp1="64.08078" yp1="36.94010" xp2="64.04102" yp2="36.31950" sp="0.05" color="silver" opacity="100"/>
<line xp1="64.04102" yp1="36.31950" xp2="64.01654" yp2="35.93749" sp="0.05" color="silver" opacity="100"/>
<line xp1="64.01654" yp1="35.93749" xp2="63.96721" yp2="35.16765" sp="0.05" color="silver" opacity="100"/>
<line xp1="63.96721" yp1="35.16765" xp2="63.95650" yp2="35.00041" sp="0.05" color="silver" opacity="100"/>
<line xp1="63.95650" yp1="35.00041" xp2="63.95208" yp2="34.93610" sp="0.05" color="silver" opacity="100"/>
<line xp1="63.95208" yp1="34.93610" xp2="63.91786" yp2="34.43728" sp="0.05" color="silver" opacity="100"/>
<line xp1="63.91786" yp1="34.43728" xp2="63.89437" yp2="34.09478" sp="0.05" color="silver" opacity="100"/>
<line xp1="63.89437" yp1="34.09478" xp2="63.89437" yp2="33.98244" sp="0.05" color="silver" opacity="100"/>
<line xp1="63.89437" yp1="33.98244" xp2="63.89437" yp2="33.98244" sp="0.05" color="silver" opacity="100"/>
<line xp1="23.38510" yp1="35.98177" xp2="23.36279" yp2="35.89939" sp="0.05" color="silver" opacity="100"/>
<line xp1="23.36279" yp1="35.89939" xp2="23.39133" yp2="35.85987" sp="0.05" color="silver" opacity="100"/>
<line xp1="23.39133" yp1="35.85987" xp2="23.36687" yp2="35.77953" sp="0.05" color="silver" opacity="100"/>
<line xp1="23.36687" yp1="35.77953" xp2="23.36367" yp2="35.69793" sp="0.05" color="silver" opacity="100"/>
<line xp1="23.36367" yp1="35.69793" xp2="24.99884" yp2="34.76859" sp="0.05" color="silver" opacity="100"/>
<line xp1="24.99884" yp1="34.76859" xp2="25.64036" yp2="34.40071" sp="0.05" color="silver" opacity="100"/>
<line xp1="25.64036" yp1="34.40071" xp2="27.13070" yp2="33.54609" sp="0.05" color="silver" opacity="100"/>
<line xp1="27.13070" yp1="33.54609" xp2="28.66649" yp2="32.64219" sp="0.05" color="silver" opacity="100"/>
<line xp1="28.66649" yp1="32.64219" xp2="29.11565" yp2="32.37783" sp="0.05" color="silver" opacity="100"/>
<line xp1="29.11565" yp1="32.37783" xp2="30.06192" yp2="32.38041" sp="0.05" color="silver" opacity="100"/>
<line xp1="30.06192" yp1="32.38041" xp2="31.03125" yp2="32.38305" sp="0.05" color="silver" opacity="100"/>
<line xp1="31.03125" yp1="32.38305" xp2="32.23070" yp2="32.37858" sp="0.05" color="silver" opacity="100"/>
<line xp1="32.23070" yp1="32.37858" xp2="32.23201" yp2="33.70443" sp="0.05" color="silver" opacity="100"/>
<line xp1="32.23201" yp1="33.70443" xp2="32.23339" yp2="34.52598" sp="0.05" color="silver" opacity="100"/>
<line xp1="32.23339" yp1="34.52598" xp2="32.23444" yp2="35.50393" sp="0.05" color="silver" opacity="100"/>
<line xp1="32.23444" yp1="35.50393" xp2="32.23520" yp2="36.50734" sp="0.05" color="silver" opacity="100"/>
<line xp1="32.23520" yp1="36.50734" xp2="32.23520" yp2="36.50798" sp="0.05" color="silver" opacity="100"/>
<line xp1="32.23520" yp1="36.50798" xp2="32.23502" yp2="37.73970" sp="0.05" color="silver" opacity="100"/>
<line xp1="32.23502" yp1="37.73970" xp2="32.23502" yp2="37.73990" sp="0.05" color="silver" opacity="100"/>
<line xp1="32.23502" yp1="37.73990" xp2="32.23493" yp2="38.31367" sp="0.05" color="silver" opacity="100"/>
<line xp1="32.23493" yp1="38.31367" xp2="32.23599" yp2="39.36402" sp="0.05" color="silver" opacity="100"/>
<line xp1="32.23599" yp1="39.36402" xp2="32.23627" yp2="39.64301" sp="0.05" color="silver" opacity="100"/>
<line xp1="32.23627" yp1="39.64301" xp2="32.23664" yp2="41.49255" sp="0.05" color="silver" opacity="100"/>
<line xp1="32.23664" yp1="41.49255" xp2="32.23671" yp2="41.65512" sp="0.05" color="silver" opacity="100"/>
<line xp1="32.23671" yp1="41.65512" xp2="32.23715" yp2="42.74205" sp="0.05" color="silver" opacity="100"/>
<line xp1="32.23715" yp1="42.74205" xp2="32.23715" yp2="42.74234" sp="0.05" color="silver" opacity="100"/>
<line xp1="32.23715" yp1="42.74234" xp2="32.23638" yp2="43.35859" sp="0.05" color="silver" opacity="100"/>
<line xp1="32.23638" yp1="43.35859" xp2="32.23570" yp2="43.89602" sp="0.05" color="silver" opacity="100"/>
<line xp1="32.23570" yp1="43.89602" xp2="32.23647" yp2="44.61215" sp="0.05" color="silver" opacity="100"/>
<line xp1="32.23647" yp1="44.61215" xp2="32.23689" yp2="45.37086" sp="0.05" color="silver" opacity="100"/>
<line xp1="32.23689" yp1="45.37086" xp2="32.23712" yp2="45.72200" sp="0.05" color="silver" opacity="100"/>
<line xp1="32.23712" yp1="45.72200" xp2="32.23734" yp2="46.04865" sp="0.05" color="silver" opacity="100"/>
<line xp1="32.23734" yp1="46.04865" xp2="32.23780" yp2="48.21311" sp="0.05" color="silver" opacity="100"/>
<line xp1="32.23780" yp1="48.21311" xp2="32.23812" yp2="48.56881" sp="0.05" color="silver" opacity="100"/>
<line xp1="32.23812" yp1="48.56881" xp2="31.54563" yp2="48.56887" sp="0.05" color="silver" opacity="100"/>
<line xp1="31.54563" yp1="48.56887" xp2="30.76819" yp2="48.56562" sp="0.05" color="silver" opacity="100"/>
<line xp1="30.76819" yp1="48.56562" xp2="30.04586" yp2="48.56571" sp="0.05" color="silver" opacity="100"/>
<line xp1="30.04586" yp1="48.56571" xp2="29.61432" yp2="48.58056" sp="0.05" color="silver" opacity="100"/>
<line xp1="29.61432" yp1="48.58056" xp2="29.12847" yp2="48.57825" sp="0.05" color="silver" opacity="100"/>
<line xp1="29.12847" yp1="48.57825" xp2="28.80264" yp2="48.57276" sp="0.05" color="silver" opacity="100"/>
<line xp1="28.80264" yp1="48.57276" xp2="28.60636" yp2="48.57566" sp="0.05" color="silver" opacity="100"/>
<line xp1="28.60636" yp1="48.57566" xp2="28.59572" yp2="48.57565" sp="0.05" color="silver" opacity="100"/>
<line xp1="28.59572" yp1="48.57565" xp2="27.14202" yp2="48.57436" sp="0.05" color="silver" opacity="100"/>
<line xp1="27.14202" yp1="48.57436" xp2="26.86374" yp2="48.57355" sp="0.05" color="silver" opacity="100"/>
<line xp1="26.86374" yp1="48.57355" xp2="26.85370" yp2="48.57353" sp="0.05" color="silver" opacity="100"/>
<line xp1="26.85370" yp1="48.57353" xp2="26.41615" yp2="48.57253" sp="0.05" color="silver" opacity="100"/>
<line xp1="26.41615" yp1="48.57253" xp2="26.30894" yp2="48.57229" sp="0.05" color="silver" opacity="100"/>
<line xp1="26.30894" yp1="48.57229" xp2="26.20543" yp2="48.57205" sp="0.05" color="silver" opacity="100"/>
<line xp1="26.20543" yp1="48.57205" xp2="24.66784" yp2="48.57150" sp="0.05" color="silver" opacity="100"/>
<line xp1="24.66784" yp1="48.57150" xp2="24.53754" yp2="48.57256" sp="0.05" color="silver" opacity="100"/>
<line xp1="24.53754" yp1="48.57256" xp2="24.53821" yp2="48.12326" sp="0.05" color="silver" opacity="100"/>
<line xp1="24.53821" yp1="48.12326" xp2="24.53924" yp2="47.44017" sp="0.05" color="silver" opacity="100"/>
<line xp1="24.53924" yp1="47.44017" xp2="24.54218" yp2="46.64449" sp="0.05" color="silver" opacity="100"/>
<line xp1="24.54218" yp1="46.64449" xp2="24.54119" yp2="46.48250" sp="0.05" color="silver" opacity="100"/>
<line xp1="24.54119" yp1="46.48250" xp2="24.54333" yp2="46.26877" sp="0.05" color="silver" opacity="100"/>
<line xp1="24.54333" yp1="46.26877" xp2="24.46174" yp2="46.06187" sp="0.05" color="silver" opacity="100"/>
<line xp1="24.46174" yp1="46.06187" xp2="24.40276" yp2="45.86617" sp="0.05" color="silver" opacity="100"/>
<line xp1="24.40276" yp1="45.86617" xp2="24.38196" yp2="45.78447" sp="0.05" color="silver" opacity="100"/>
<line xp1="24.38196" yp1="45.78447" xp2="24.28663" yp2="45.75889" sp="0.05" color="silver" opacity="100"/>
<line xp1="24.28663" yp1="45.75889" xp2="24.19901" yp2="45.81634" sp="0.05" color="silver" opacity="100"/>
<line xp1="24.19901" yp1="45.81634" xp2="24.12906" yp2="45.89460" sp="0.05" color="silver" opacity="100"/>
<line xp1="24.12906" yp1="45.89460" xp2="24.09650" yp2="46.02291" sp="0.05" color="silver" opacity="100"/>
<line xp1="24.09650" yp1="46.02291" xp2="24.04291" yp2="46.12318" sp="0.05" color="silver" opacity="100"/>
<line xp1="24.04291" yp1="46.12318" xp2="23.97392" yp2="46.13075" sp="0.05" color="silver" opacity="100"/>
<line xp1="23.97392" yp1="46.13075" xp2="23.92515" yp2="46.07546" sp="0.05" color="silver" opacity="100"/>
<line xp1="23.92515" yp1="46.07546" xp2="23.86610" yp2="46.08399" sp="0.05" color="silver" opacity="100"/>
<line xp1="23.86610" yp1="46.08399" xp2="23.82812" yp2="46.14559" sp="0.05" color="silver" opacity="100"/>
<line xp1="23.82812" yp1="46.14559" xp2="23.73534" yp2="46.14746" sp="0.05" color="silver" opacity="100"/>
<line xp1="23.73534" yp1="46.14746" xp2="23.64945" yp2="46.11718" sp="0.05" color="silver" opacity="100"/>
<line xp1="23.64945" yp1="46.11718" xp2="23.58994" yp2="46.04955" sp="0.05" color="silver" opacity="100"/>
<line xp1="23.58994" yp1="46.04955" xp2="23.48282" yp2="46.01248" sp="0.05" color="silver" opacity="100"/>
<line xp1="23.48282" yp1="46.01248" xp2="23.47178" yp2="45.91581" sp="0.05" color="silver" opacity="100"/>
<line xp1="23.47178" yp1="45.91581" xp2="23.47185" yp2="45.90267" sp="0.05" color="silver" opacity="100"/>
<line xp1="23.47185" yp1="45.90267" xp2="23.47265" yp2="45.74275" sp="0.05" color="silver" opacity="100"/>
<line xp1="23.47265" yp1="45.74275" xp2="23.49052" yp2="45.55405" sp="0.05" color="silver" opacity="100"/>
<line xp1="23.49052" yp1="45.55405" xp2="23.53804" yp2="45.43363" sp="0.05" color="silver" opacity="100"/>
<line xp1="23.53804" yp1="45.43363" xp2="23.58510" yp2="45.32881" sp="0.05" color="silver" opacity="100"/>
<line xp1="23.58510" yp1="45.32881" xp2="23.53275" yp2="45.18453" sp="0.05" color="silver" opacity="100"/>
<line xp1="23.53275" yp1="45.18453" xp2="23.54260" yp2="44.95339" sp="0.05" color="silver" opacity="100"/>
<line xp1="23.54260" yp1="44.95339" xp2="23.55476" yp2="44.71832" sp="0.05" color="silver" opacity="100"/>
<line xp1="23.55476" yp1="44.71832" xp2="23.61014" yp2="44.60225" sp="0.05" color="silver" opacity="100"/>
<line xp1="23.61014" yp1="44.60225" xp2="23.59522" yp2="44.35569" sp="0.05" color="silver" opacity="100"/>
<line xp1="23.59522" yp1="44.35569" xp2="23.59308" yp2="44.14142" sp="0.05" color="silver" opacity="100"/>
<line xp1="23.59308" yp1="44.14142" xp2="23.65056" yp2="44.02715" sp="0.05" color="silver" opacity="100"/>
<line xp1="23.65056" yp1="44.02715" xp2="23.71211" yp2="43.60679" sp="0.05" color="silver" opacity="100"/>
<line xp1="23.71211" yp1="43.60679" xp2="23.73424" yp2="43.25350" sp="0.05" color="silver" opacity="100"/>
<line xp1="23.73424" yp1="43.25350" xp2="23.69366" yp2="43.20300" sp="0.05" color="silver" opacity="100"/>
<line xp1="23.69366" yp1="43.20300" xp2="23.66168" yp2="43.20466" sp="0.05" color="silver" opacity="100"/>
<line xp1="23.66168" yp1="43.20466" xp2="23.65374" yp2="43.05279" sp="0.05" color="silver" opacity="100"/>
<line xp1="23.65374" yp1="43.05279" xp2="23.64079" yp2="42.86245" sp="0.05" color="silver" opacity="100"/>
<line xp1="23.64079" yp1="42.86245" xp2="23.64651" yp2="42.69440" sp="0.05" color="silver" opacity="100"/>
<line xp1="23.64651" yp1="42.69440" xp2="23.63941" yp2="42.49397" sp="0.05" color="silver" opacity="100"/>
<line xp1="23.63941" yp1="42.49397" xp2="23.72854" yp2="42.32943" sp="0.05" color="silver" opacity="100"/>
<line xp1="23.72854" yp1="42.32943" xp2="23.86004" yp2="42.07099" sp="0.05" color="silver" opacity="100"/>
<line xp1="23.86004" yp1="42.07099" xp2="23.89962" yp2="41.97486" sp="0.05" color="silver" opacity="100"/>
<line xp1="23.89962" yp1="41.97486" xp2="23.96557" yp2="41.65917" sp="0.05" color="silver" opacity="100"/>
<line xp1="23.96557" yp1="41.65917" xp2="24.03350" yp2="41.47577" sp="0.05" color="silver" opacity="100"/>
<line xp1="24.03350" yp1="41.47577" xp2="24.03254" yp2="41.28679" sp="0.05" color="silver" opacity="100"/>
<line xp1="24.03254" yp1="41.28679" xp2="24.09943" yp2="41.28582" sp="0.05" color="silver" opacity="100"/>
<line xp1="24.09943" yp1="41.28582" xp2="24.20874" yp2="41.14665" sp="0.05" color="silver" opacity="100"/>
<line xp1="24.20874" yp1="41.14665" xp2="24.34947" yp2="40.98565" sp="0.05" color="silver" opacity="100"/>
<line xp1="24.34947" yp1="40.98565" xp2="24.39857" yp2="40.87405" sp="0.05" color="silver" opacity="100"/>
<line xp1="24.39857" yp1="40.87405" xp2="24.39874" yp2="40.86608" sp="0.05" color="silver" opacity="100"/>
<line xp1="24.39874" yp1="40.86608" xp2="24.40145" yp2="40.74154" sp="0.05" color="silver" opacity="100"/>
<line xp1="24.40145" yp1="40.74154" xp2="24.34146" yp2="40.68563" sp="0.05" color="silver" opacity="100"/>
<line xp1="24.34146" yp1="40.68563" xp2="24.26198" yp2="40.53408" sp="0.05" color="silver" opacity="100"/>
<line xp1="24.26198" yp1="40.53408" xp2="24.16491" yp2="40.47636" sp="0.05" color="silver" opacity="100"/>
<line xp1="24.16491" yp1="40.47636" xp2="24.07992" yp2="40.38417" sp="0.05" color="silver" opacity="100"/>
<line xp1="24.07992" yp1="40.38417" xp2="23.99086" yp2="40.31869" sp="0.05" color="silver" opacity="100"/>
<line xp1="23.99086" yp1="40.31869" xp2="23.95688" yp2="40.26511" sp="0.05" color="silver" opacity="100"/>
<line xp1="23.95688" yp1="40.26511" xp2="23.95371" yp2="40.22552" sp="0.05" color="silver" opacity="100"/>
<line xp1="23.95371" yp1="40.22552" xp2="23.94538" yp2="40.12176" sp="0.05" color="silver" opacity="100"/>
<line xp1="23.94538" yp1="40.12176" xp2="23.91568" yp2="40.03134" sp="0.05" color="silver" opacity="100"/>
<line xp1="23.91568" yp1="40.03134" xp2="23.83143" yp2="39.87790" sp="0.05" color="silver" opacity="100"/>
<line xp1="23.83143" yp1="39.87790" xp2="23.79233" yp2="39.79571" sp="0.05" color="silver" opacity="100"/>
<line xp1="23.79233" yp1="39.79571" xp2="23.83276" yp2="39.71611" sp="0.05" color="silver" opacity="100"/>
<line xp1="23.83276" yp1="39.71611" xp2="23.83748" yp2="39.61222" sp="0.05" color="silver" opacity="100"/>
<line xp1="23.83748" yp1="39.61222" xp2="23.81467" yp2="39.50794" sp="0.05" color="silver" opacity="100"/>
<line xp1="23.81467" yp1="39.50794" xp2="23.83867" yp2="39.31561" sp="0.05" color="silver" opacity="100"/>
<line xp1="23.83867" yp1="39.31561" xp2="23.85144" yp2="39.19759" sp="0.05" color="silver" opacity="100"/>
<line xp1="23.85144" yp1="39.19759" xp2="23.83847" yp2="39.12292" sp="0.05" color="silver" opacity="100"/>
<line xp1="23.83847" yp1="39.12292" xp2="23.80738" yp2="39.03309" sp="0.05" color="silver" opacity="100"/>
<line xp1="23.80738" yp1="39.03309" xp2="23.80125" yp2="38.87614" sp="0.05" color="silver" opacity="100"/>
<line xp1="23.80125" yp1="38.87614" xp2="23.80831" yp2="38.72066" sp="0.05" color="silver" opacity="100"/>
<line xp1="23.80831" yp1="38.72066" xp2="23.69649" yp2="38.54472" sp="0.05" color="silver" opacity="100"/>
<line xp1="23.69649" yp1="38.54472" xp2="23.64747" yp2="38.38156" sp="0.05" color="silver" opacity="100"/>
<line xp1="23.64747" yp1="38.38156" xp2="23.63818" yp2="38.35065" sp="0.05" color="silver" opacity="100"/>
<line xp1="23.63818" yp1="38.35065" xp2="23.57861" yp2="38.33800" sp="0.05" color="silver" opacity="100"/>
<line xp1="23.57861" yp1="38.33800" xp2="23.49957" yp2="38.30014" sp="0.05" color="silver" opacity="100"/>
<line xp1="23.49957" yp1="38.30014" xp2="23.52716" yp2="38.21894" sp="0.05" color="silver" opacity="100"/>
<line xp1="23.52716" yp1="38.21894" xp2="23.52621" yp2="38.06692" sp="0.05" color="silver" opacity="100"/>
<line xp1="23.52621" yp1="38.06692" xp2="23.50268" yp2="37.96594" sp="0.05" color="silver" opacity="100"/>
<line xp1="23.50268" yp1="37.96594" xp2="23.57771" yp2="37.87313" sp="0.05" color="silver" opacity="100"/>
<line xp1="23.57771" yp1="37.87313" xp2="23.57216" yp2="37.80086" sp="0.05" color="silver" opacity="100"/>
<line xp1="23.57216" yp1="37.80086" xp2="23.57022" yp2="37.59863" sp="0.05" color="silver" opacity="100"/>
<line xp1="23.57022" yp1="37.59863" xp2="23.52896" yp2="37.44381" sp="0.05" color="silver" opacity="100"/>
<line xp1="23.52896" yp1="37.44381" xp2="23.58338" yp2="37.25138" sp="0.05" color="silver" opacity="100"/>
<line xp1="23.58338" yp1="37.25138" xp2="23.64878" yp2="37.23158" sp="0.05" color="silver" opacity="100"/>
<line xp1="23.64878" yp1="37.23158" xp2="23.73052" yp2="37.24726" sp="0.05" color="silver" opacity="100"/>
<line xp1="23.73052" yp1="37.24726" xp2="23.81924" yp2="37.21347" sp="0.05" color="silver" opacity="100"/>
<line xp1="23.81924" yp1="37.21347" xp2="23.82870" yp2="37.20987" sp="0.05" color="silver" opacity="100"/>
<line xp1="23.82870" yp1="37.20987" xp2="23.87490" yp2="37.06304" sp="0.05" color="silver" opacity="100"/>
<line xp1="23.87490" yp1="37.06304" xp2="23.88209" yp2="36.92465" sp="0.05" color="silver" opacity="100"/>
<line xp1="23.88209" yp1="36.92465" xp2="23.90288" yp2="36.86253" sp="0.05" color="silver" opacity="100"/>
<line xp1="23.90288" yp1="36.86253" xp2="23.89389" yp2="36.70044" sp="0.05" color="silver" opacity="100"/>
<line xp1="23.89389" yp1="36.70044" xp2="23.79731" yp2="36.52144" sp="0.05" color="silver" opacity="100"/>
<line xp1="23.79731" yp1="36.52144" xp2="23.73742" yp2="36.42119" sp="0.05" color="silver" opacity="100"/>
<line xp1="23.73742" yp1="36.42119" xp2="23.66556" yp2="36.40301" sp="0.05" color="silver" opacity="100"/>
<line xp1="23.66556" yp1="36.40301" xp2="23.58847" yp2="36.38350" sp="0.05" color="silver" opacity="100"/>
<line xp1="23.58847" yp1="36.38350" xp2="23.52967" yp2="36.40452" sp="0.05" color="silver" opacity="100"/>
<line xp1="23.52967" yp1="36.40452" xp2="23.50826" yp2="36.33932" sp="0.05" color="silver" opacity="100"/>
<line xp1="23.50826" yp1="36.33932" xp2="23.43854" yp2="36.14112" sp="0.05" color="silver" opacity="100"/>
<line xp1="23.43854" yp1="36.14112" xp2="23.37016" yp2="36.04891" sp="0.05" color="silver" opacity="100"/>
<line xp1="23.37016" yp1="36.04891" xp2="23.38510" yp2="35.98177" sp="0.05" color="silver" opacity="100"/>
<line xp1="23.38510" yp1="35.98177" xp2="23.38510" yp2="35.98177" sp="0.05" color="silver" opacity="100"/>
<line xp1="54.43397" yp1="47.14118" xp2="54.48277" yp2="46.57134" sp="0.05" color="silver" opacity="100"/>
<line xp1="54.48277" yp1="46.57134" xp2="54.51959" yp2="46.17706" sp="0.05" color="silver" opacity="100"/>
<line xp1="54.51959" yp1="46.17706" xp2="54.53556" yp2="46.00607" sp="0.05" color="silver" opacity="100"/>
<line xp1="54.53556" yp1="46.00607" xp2="54.56604" yp2="45.67958" sp="0.05" color="silver" opacity="100"/>
<line xp1="54.56604" yp1="45.67958" xp2="54.62377" yp2="45.05229" sp="0.05" color="silver" opacity="100"/>
<line xp1="54.62377" yp1="45.05229" xp2="54.62607" yp2="45.02642" sp="0.05" color="silver" opacity="100"/>
<line xp1="54.62607" yp1="45.02642" xp2="54.65674" yp2="44.68156" sp="0.05" color="silver" opacity="100"/>
<line xp1="54.65674" yp1="44.68156" xp2="54.69278" yp2="44.27634" sp="0.05" color="silver" opacity="100"/>
<line xp1="54.69278" yp1="44.27634" xp2="54.71568" yp2="43.97893" sp="0.05" color="silver" opacity="100"/>
<line xp1="54.71568" yp1="43.97893" xp2="54.71681" yp2="43.96421" sp="0.05" color="silver" opacity="100"/>
<line xp1="54.71681" yp1="43.96421" xp2="54.72075" yp2="43.91312" sp="0.05" color="silver" opacity="100"/>
<line xp1="54.72075" yp1="43.91312" xp2="54.71490" yp2="43.64541" sp="0.05" color="silver" opacity="100"/>
<line xp1="54.71490" yp1="43.64541" xp2="54.70319" yp2="43.03567" sp="0.05" color="silver" opacity="100"/>
<line xp1="54.70319" yp1="43.03567" xp2="54.69614" yp2="42.66878" sp="0.05" color="silver" opacity="100"/>
<line xp1="54.69614" yp1="42.66878" xp2="54.69376" yp2="42.54445" sp="0.05" color="silver" opacity="100"/>
<line xp1="54.69376" yp1="42.54445" xp2="54.68555" yp2="42.08270" sp="0.05" color="silver" opacity="100"/>
<line xp1="54.68555" yp1="42.08270" xp2="54.68077" yp2="41.81413" sp="0.05" color="silver" opacity="100"/>
<line xp1="54.68077" yp1="41.81413" xp2="54.67513" yp2="41.44988" sp="0.05" color="silver" opacity="100"/>
<line xp1="54.67513" yp1="41.44988" xp2="54.66858" yp2="41.02728" sp="0.05" color="silver" opacity="100"/>
<line xp1="54.66858" yp1="41.02728" xp2="54.66132" yp2="40.54336" sp="0.05" color="silver" opacity="100"/>
<line xp1="54.66132" yp1="40.54336" xp2="54.65401" yp2="40.05616" sp="0.05" color="silver" opacity="100"/>
<line xp1="54.65401" yp1="40.05616" xp2="54.65036" yp2="39.83094" sp="0.05" color="silver" opacity="100"/>
<line xp1="54.65036" yp1="39.83094" xp2="54.64332" yp2="39.39717" sp="0.05" color="silver" opacity="100"/>
<line xp1="54.64332" yp1="39.39717" xp2="54.63712" yp2="38.96533" sp="0.05" color="silver" opacity="100"/>
<line xp1="54.63712" yp1="38.96533" xp2="54.73991" yp2="38.79205" sp="0.05" color="silver" opacity="100"/>
<line xp1="54.73991" yp1="38.79205" xp2="54.78761" yp2="38.75860" sp="0.05" color="silver" opacity="100"/>
<line xp1="54.78761" yp1="38.75860" xp2="54.83975" yp2="38.73272" sp="0.05" color="silver" opacity="100"/>
<line xp1="54.83975" yp1="38.73272" xp2="54.86397" yp2="38.76309" sp="0.05" color="silver" opacity="100"/>
<line xp1="54.86397" yp1="38.76309" xp2="54.91732" yp2="38.75567" sp="0.05" color="silver" opacity="100"/>
<line xp1="54.91732" yp1="38.75567" xp2="55.01713" yp2="38.79063" sp="0.05" color="silver" opacity="100"/>
<line xp1="55.01713" yp1="38.79063" xp2="55.05599" yp2="38.77321" sp="0.05" color="silver" opacity="100"/>
<line xp1="55.05599" yp1="38.77321" xp2="55.10247" yp2="38.83489" sp="0.05" color="silver" opacity="100"/>
<line xp1="55.10247" yp1="38.83489" xp2="55.16458" yp2="38.79350" sp="0.05" color="silver" opacity="100"/>
<line xp1="55.16458" yp1="38.79350" xp2="55.27282" yp2="38.77781" sp="0.05" color="silver" opacity="100"/>
<line xp1="55.27282" yp1="38.77781" xp2="55.31780" yp2="38.71836" sp="0.05" color="silver" opacity="100"/>
<line xp1="55.31780" yp1="38.71836" xp2="55.31848" yp2="38.38807" sp="0.05" color="silver" opacity="100"/>
<line xp1="55.31848" yp1="38.38807" xp2="55.31836" yp2="38.08714" sp="0.05" color="silver" opacity="100"/>
<line xp1="55.31836" yp1="38.08714" xp2="55.31854" yp2="37.91783" sp="0.05" color="silver" opacity="100"/>
<line xp1="55.31854" yp1="37.91783" xp2="55.31889" yp2="37.60083" sp="0.05" color="silver" opacity="100"/>
<line xp1="55.31889" yp1="37.60083" xp2="55.31852" yp2="37.19777" sp="0.05" color="silver" opacity="100"/>
<line xp1="55.31852" yp1="37.19777" xp2="55.66985" yp2="37.19825" sp="0.05" color="silver" opacity="100"/>
<line xp1="55.66985" yp1="37.19825" xp2="55.68135" yp2="37.19827" sp="0.05" color="silver" opacity="100"/>
<line xp1="55.68135" yp1="37.19827" xp2="55.81035" yp2="37.19845" sp="0.05" color="silver" opacity="100"/>
<line xp1="55.81035" yp1="37.19845" xp2="56.12155" yp2="37.19641" sp="0.05" color="silver" opacity="100"/>
<line xp1="56.12155" yp1="37.19641" xp2="56.16837" yp2="37.19610" sp="0.05" color="silver" opacity="100"/>
<line xp1="56.16837" yp1="37.19610" xp2="56.34287" yp2="37.19495" sp="0.05" color="silver" opacity="100"/>
<line xp1="56.34287" yp1="37.19495" xp2="56.55593" yp2="37.19433" sp="0.05" color="silver" opacity="100"/>
<line xp1="56.55593" yp1="37.19433" xp2="56.61938" yp2="37.19415" sp="0.05" color="silver" opacity="100"/>
<line xp1="56.61938" yp1="37.19415" xp2="56.94034" yp2="37.19215" sp="0.05" color="silver" opacity="100"/>
<line xp1="56.94034" yp1="37.19215" xp2="56.96748" yp2="37.19198" sp="0.05" color="silver" opacity="100"/>
<line xp1="56.96748" yp1="37.19198" xp2="57.34655" yp2="37.18383" sp="0.05" color="silver" opacity="100"/>
<line xp1="57.34655" yp1="37.18383" xp2="57.34838" yp2="37.18379" sp="0.05" color="silver" opacity="100"/>
<line xp1="57.34838" yp1="37.18379" xp2="57.69018" yp2="37.17760" sp="0.05" color="silver" opacity="100"/>
<line xp1="57.69018" yp1="37.17760" xp2="58.11873" yp2="37.16880" sp="0.05" color="silver" opacity="100"/>
<line xp1="58.11873" yp1="37.16880" xp2="58.35536" yp2="37.16709" sp="0.05" color="silver" opacity="100"/>
<line xp1="58.35536" yp1="37.16709" xp2="58.35550" yp2="37.16709" sp="0.05" color="silver" opacity="100"/>
<line xp1="58.35550" yp1="37.16709" xp2="58.65365" yp2="37.16494" sp="0.05" color="silver" opacity="100"/>
<line xp1="58.65365" yp1="37.16494" xp2="59.24742" yp2="37.16052" sp="0.05" color="silver" opacity="100"/>
<line xp1="59.24742" yp1="37.16052" xp2="59.29173" yp2="37.15999" sp="0.05" color="silver" opacity="100"/>
<line xp1="59.29173" yp1="37.15999" xp2="59.32934" yp2="37.15954" sp="0.05" color="silver" opacity="100"/>
<line xp1="59.32934" yp1="37.15954" xp2="59.59298" yp2="37.15640" sp="0.05" color="silver" opacity="100"/>
<line xp1="59.59298" yp1="37.15640" xp2="59.74450" yp2="37.15459" sp="0.05" color="silver" opacity="100"/>
<line xp1="59.74450" yp1="37.15459" xp2="59.75445" yp2="37.17498" sp="0.05" color="silver" opacity="100"/>
<line xp1="59.75445" yp1="37.17498" xp2="59.81480" yp2="37.29866" sp="0.05" color="silver" opacity="100"/>
<line xp1="59.81480" yp1="37.29866" xp2="59.72179" yp2="37.42390" sp="0.05" color="silver" opacity="100"/>
<line xp1="59.72179" yp1="37.42390" xp2="59.76459" yp2="37.52884" sp="0.05" color="silver" opacity="100"/>
<line xp1="59.76459" yp1="37.52884" xp2="59.83951" yp2="37.51885" sp="0.05" color="silver" opacity="100"/>
<line xp1="59.83951" yp1="37.51885" xp2="59.87021" yp2="37.65959" sp="0.05" color="silver" opacity="100"/>
<line xp1="59.87021" yp1="37.65959" xp2="59.89430" yp2="37.80839" sp="0.05" color="silver" opacity="100"/>
<line xp1="59.89430" yp1="37.80839" xp2="59.86748" yp2="37.92472" sp="0.05" color="silver" opacity="100"/>
<line xp1="59.86748" yp1="37.92472" xp2="59.80686" yp2="37.94359" sp="0.05" color="silver" opacity="100"/>
<line xp1="59.80686" yp1="37.94359" xp2="59.78120" yp2="38.13997" sp="0.05" color="silver" opacity="100"/>
<line xp1="59.78120" yp1="38.13997" xp2="59.82498" yp2="38.26607" sp="0.05" color="silver" opacity="100"/>
<line xp1="59.82498" yp1="38.26607" xp2="59.77283" yp2="38.36335" sp="0.05" color="silver" opacity="100"/>
<line xp1="59.77283" yp1="38.36335" xp2="59.73569" yp2="38.46383" sp="0.05" color="silver" opacity="100"/>
<line xp1="59.73569" yp1="38.46383" xp2="59.70865" yp2="38.55144" sp="0.05" color="silver" opacity="100"/>
<line xp1="59.70865" yp1="38.55144" xp2="59.66821" yp2="38.65546" sp="0.05" color="silver" opacity="100"/>
<line xp1="59.66821" yp1="38.65546" xp2="59.66820" yp2="38.65549" sp="0.05" color="silver" opacity="100"/>
<line xp1="59.66820" yp1="38.65549" xp2="59.68244" yp2="38.70180" sp="0.05" color="silver" opacity="100"/>
<line xp1="59.68244" yp1="38.70180" xp2="59.70932" yp2="38.78921" sp="0.05" color="silver" opacity="100"/>
<line xp1="59.70932" yp1="38.78921" xp2="59.79861" yp2="38.88834" sp="0.05" color="silver" opacity="100"/>
<line xp1="59.79861" yp1="38.88834" xp2="59.72568" yp2="39.00317" sp="0.05" color="silver" opacity="100"/>
<line xp1="59.72568" yp1="39.00317" xp2="59.84465" yp2="39.03015" sp="0.05" color="silver" opacity="100"/>
<line xp1="59.84465" yp1="39.03015" xp2="59.88402" yp2="39.18401" sp="0.05" color="silver" opacity="100"/>
<line xp1="59.88402" yp1="39.18401" xp2="59.77956" yp2="39.27755" sp="0.05" color="silver" opacity="100"/>
<line xp1="59.77956" yp1="39.27755" xp2="59.82847" yp2="39.35591" sp="0.05" color="silver" opacity="100"/>
<line xp1="59.82847" yp1="39.35591" xp2="59.86845" yp2="39.36117" sp="0.05" color="silver" opacity="100"/>
<line xp1="59.86845" yp1="39.36117" xp2="59.95880" yp2="39.32469" sp="0.05" color="silver" opacity="100"/>
<line xp1="59.95880" yp1="39.32469" xp2="59.96127" yp2="39.44558" sp="0.05" color="silver" opacity="100"/>
<line xp1="59.96127" yp1="39.44558" xp2="59.91874" yp2="39.49766" sp="0.05" color="silver" opacity="100"/>
<line xp1="59.91874" yp1="39.49766" xp2="59.90577" yp2="39.65001" sp="0.05" color="silver" opacity="100"/>
<line xp1="59.90577" yp1="39.65001" xp2="59.95941" yp2="39.73709" sp="0.05" color="silver" opacity="100"/>
<line xp1="59.95941" yp1="39.73709" xp2="59.94468" yp2="39.83931" sp="0.05" color="silver" opacity="100"/>
<line xp1="59.94468" yp1="39.83931" xp2="59.86354" yp2="39.88953" sp="0.05" color="silver" opacity="100"/>
<line xp1="59.86354" yp1="39.88953" xp2="59.92559" yp2="39.95737" sp="0.05" color="silver" opacity="100"/>
<line xp1="59.92559" yp1="39.95737" xp2="59.99234" yp2="39.93432" sp="0.05" color="silver" opacity="100"/>
<line xp1="59.99234" yp1="39.93432" xp2="60.03085" yp2="40.00030" sp="0.05" color="silver" opacity="100"/>
<line xp1="60.03085" yp1="40.00030" xp2="60.08821" yp2="40.05157" sp="0.05" color="silver" opacity="100"/>
<line xp1="60.08821" yp1="40.05157" xp2="60.16551" yp2="40.07674" sp="0.05" color="silver" opacity="100"/>
<line xp1="60.16551" yp1="40.07674" xp2="60.19301" yp2="40.20583" sp="0.05" color="silver" opacity="100"/>
<line xp1="60.19301" yp1="40.20583" xp2="60.15211" yp2="40.27048" sp="0.05" color="silver" opacity="100"/>
<line xp1="60.15211" yp1="40.27048" xp2="60.08258" yp2="40.31250" sp="0.05" color="silver" opacity="100"/>
<line xp1="60.08258" yp1="40.31250" xp2="60.08485" yp2="40.33263" sp="0.05" color="silver" opacity="100"/>
<line xp1="60.08485" yp1="40.33263" xp2="60.08603" yp2="40.34304" sp="0.05" color="silver" opacity="100"/>
<line xp1="60.08603" yp1="40.34304" xp2="60.09529" yp2="40.42501" sp="0.05" color="silver" opacity="100"/>
<line xp1="60.09529" yp1="40.42501" xp2="60.16248" yp2="40.45987" sp="0.05" color="silver" opacity="100"/>
<line xp1="60.16248" yp1="40.45987" xp2="60.18046" yp2="40.52675" sp="0.05" color="silver" opacity="100"/>
<line xp1="60.18046" yp1="40.52675" xp2="60.16222" yp2="40.64109" sp="0.05" color="silver" opacity="100"/>
<line xp1="60.16222" yp1="40.64109" xp2="60.24618" yp2="40.67461" sp="0.05" color="silver" opacity="100"/>
<line xp1="60.24618" yp1="40.67461" xp2="60.28796" yp2="40.79839" sp="0.05" color="silver" opacity="100"/>
<line xp1="60.28796" yp1="40.79839" xp2="60.38049" yp2="40.82647" sp="0.05" color="silver" opacity="100"/>
<line xp1="60.38049" yp1="40.82647" xp2="60.36127" yp2="40.97948" sp="0.05" color="silver" opacity="100"/>
<line xp1="60.36127" yp1="40.97948" xp2="60.41672" yp2="41.04059" sp="0.05" color="silver" opacity="100"/>
<line xp1="60.41672" yp1="41.04059" xp2="60.52246" yp2="40.95931" sp="0.05" color="silver" opacity="100"/>
<line xp1="60.52246" yp1="40.95931" xp2="60.55170" yp2="41.09677" sp="0.05" color="silver" opacity="100"/>
<line xp1="60.55170" yp1="41.09677" xp2="60.65333" yp2="41.18615" sp="0.05" color="silver" opacity="100"/>
<line xp1="60.65333" yp1="41.18615" xp2="60.64044" yp2="41.31094" sp="0.05" color="silver" opacity="100"/>
<line xp1="60.64044" yp1="41.31094" xp2="60.66237" yp2="41.49813" sp="0.05" color="silver" opacity="100"/>
<line xp1="60.66237" yp1="41.49813" xp2="60.66254" yp2="41.49962" sp="0.05" color="silver" opacity="100"/>
<line xp1="60.66254" yp1="41.49962" xp2="60.69347" yp2="41.62315" sp="0.05" color="silver" opacity="100"/>
<line xp1="60.69347" yp1="41.62315" xp2="60.63504" yp2="41.75923" sp="0.05" color="silver" opacity="100"/>
<line xp1="60.63504" yp1="41.75923" xp2="60.65407" yp2="41.80473" sp="0.05" color="silver" opacity="100"/>
<line xp1="60.65407" yp1="41.80473" xp2="60.69206" yp2="41.89556" sp="0.05" color="silver" opacity="100"/>
<line xp1="60.69206" yp1="41.89556" xp2="60.69838" yp2="42.00593" sp="0.05" color="silver" opacity="100"/>
<line xp1="60.69838" yp1="42.00593" xp2="60.76078" yp2="42.18448" sp="0.05" color="silver" opacity="100"/>
<line xp1="60.76078" yp1="42.18448" xp2="60.80996" yp2="42.25381" sp="0.05" color="silver" opacity="100"/>
<line xp1="60.80996" yp1="42.25381" xp2="60.82493" yp2="42.38549" sp="0.05" color="silver" opacity="100"/>
<line xp1="60.82493" yp1="42.38549" xp2="60.91080" yp2="42.38647" sp="0.05" color="silver" opacity="100"/>
<line xp1="60.91080" yp1="42.38647" xp2="60.92056" yp2="42.38659" sp="0.05" color="silver" opacity="100"/>
<line xp1="60.92056" yp1="42.38659" xp2="61.05619" yp2="42.49057" sp="0.05" color="silver" opacity="100"/>
<line xp1="61.05619" yp1="42.49057" xp2="61.05931" yp2="42.49382" sp="0.05" color="silver" opacity="100"/>
<line xp1="61.05931" yp1="42.49382" xp2="61.15370" yp2="42.59234" sp="0.05" color="silver" opacity="100"/>
<line xp1="61.15370" yp1="42.59234" xp2="61.16234" yp2="42.67885" sp="0.05" color="silver" opacity="100"/>
<line xp1="61.16234" yp1="42.67885" xp2="61.06262" yp2="42.84484" sp="0.05" color="silver" opacity="100"/>
<line xp1="61.06262" yp1="42.84484" xp2="61.07585" yp2="42.93941" sp="0.05" color="silver" opacity="100"/>
<line xp1="61.07585" yp1="42.93941" xp2="61.13031" yp2="42.97227" sp="0.05" color="silver" opacity="100"/>
<line xp1="61.13031" yp1="42.97227" xp2="61.23516" yp2="43.00209" sp="0.05" color="silver" opacity="100"/>
<line xp1="61.23516" yp1="43.00209" xp2="61.25940" yp2="43.11829" sp="0.05" color="silver" opacity="100"/>
<line xp1="61.25940" yp1="43.11829" xp2="61.29222" yp2="43.22523" sp="0.05" color="silver" opacity="100"/>
<line xp1="61.29222" yp1="43.22523" xp2="61.39906" yp2="43.19511" sp="0.05" color="silver" opacity="100"/>
<line xp1="61.39906" yp1="43.19511" xp2="61.38496" yp2="43.32707" sp="0.05" color="silver" opacity="100"/>
<line xp1="61.38496" yp1="43.32707" xp2="61.39495" yp2="43.43795" sp="0.05" color="silver" opacity="100"/>
<line xp1="61.39495" yp1="43.43795" xp2="61.38777" yp2="43.57138" sp="0.05" color="silver" opacity="100"/>
<line xp1="61.38777" yp1="43.57138" xp2="61.28216" yp2="43.64168" sp="0.05" color="silver" opacity="100"/>
<line xp1="61.28216" yp1="43.64168" xp2="61.35098" yp2="43.72724" sp="0.05" color="silver" opacity="100"/>
<line xp1="61.35098" yp1="43.72724" xp2="61.40323" yp2="43.89506" sp="0.05" color="silver" opacity="100"/>
<line xp1="61.40323" yp1="43.89506" xp2="61.36538" yp2="44.02901" sp="0.05" color="silver" opacity="100"/>
<line xp1="61.36538" yp1="44.02901" xp2="61.42992" yp2="44.06655" sp="0.05" color="silver" opacity="100"/>
<line xp1="61.42992" yp1="44.06655" xp2="61.46876" yp2="44.04410" sp="0.05" color="silver" opacity="100"/>
<line xp1="61.46876" yp1="44.04410" xp2="61.50452" yp2="44.16393" sp="0.05" color="silver" opacity="100"/>
<line xp1="61.50452" yp1="44.16393" xp2="61.46799" yp2="44.27581" sp="0.05" color="silver" opacity="100"/>
<line xp1="61.46799" yp1="44.27581" xp2="61.48059" yp2="44.42951" sp="0.05" color="silver" opacity="100"/>
<line xp1="61.48059" yp1="44.42951" xp2="61.60231" yp2="44.40487" sp="0.05" color="silver" opacity="100"/>
<line xp1="61.60231" yp1="44.40487" xp2="61.62346" yp2="44.45802" sp="0.05" color="silver" opacity="100"/>
<line xp1="61.62346" yp1="44.45802" xp2="61.64231" yp2="44.59390" sp="0.05" color="silver" opacity="100"/>
<line xp1="61.64231" yp1="44.59390" xp2="61.72839" yp2="44.64758" sp="0.05" color="silver" opacity="100"/>
<line xp1="61.72839" yp1="44.64758" xp2="61.69398" yp2="44.71687" sp="0.05" color="silver" opacity="100"/>
<line xp1="61.69398" yp1="44.71687" xp2="61.60525" yp2="44.84425" sp="0.05" color="silver" opacity="100"/>
<line xp1="61.60525" yp1="44.84425" xp2="61.66848" yp2="45.01405" sp="0.05" color="silver" opacity="100"/>
<line xp1="61.66848" yp1="45.01405" xp2="61.74789" yp2="44.99312" sp="0.05" color="silver" opacity="100"/>
<line xp1="61.74789" yp1="44.99312" xp2="61.85069" yp2="45.09328" sp="0.05" color="silver" opacity="100"/>
<line xp1="61.85069" yp1="45.09328" xp2="61.96396" yp2="45.16966" sp="0.05" color="silver" opacity="100"/>
<line xp1="61.96396" yp1="45.16966" xp2="61.95459" yp2="45.27895" sp="0.05" color="silver" opacity="100"/>
<line xp1="61.95459" yp1="45.27895" xp2="61.96518" yp2="45.35348" sp="0.05" color="silver" opacity="100"/>
<line xp1="61.96518" yp1="45.35348" xp2="62.08112" yp2="45.41406" sp="0.05" color="silver" opacity="100"/>
<line xp1="62.08112" yp1="45.41406" xp2="62.07828" yp2="45.44204" sp="0.05" color="silver" opacity="100"/>
<line xp1="62.07828" yp1="45.44204" xp2="62.07342" yp2="45.48989" sp="0.05" color="silver" opacity="100"/>
<line xp1="62.07342" yp1="45.48989" xp2="62.02012" yp2="45.56490" sp="0.05" color="silver" opacity="100"/>
<line xp1="62.02012" yp1="45.56490" xp2="61.94908" yp2="45.71602" sp="0.05" color="silver" opacity="100"/>
<line xp1="61.94908" yp1="45.71602" xp2="61.69049" yp2="45.71247" sp="0.05" color="silver" opacity="100"/>
<line xp1="61.69049" yp1="45.71247" xp2="61.60096" yp2="45.71147" sp="0.05" color="silver" opacity="100"/>
<line xp1="61.60096" yp1="45.71147" xp2="61.37870" yp2="45.70898" sp="0.05" color="silver" opacity="100"/>
<line xp1="61.37870" yp1="45.70898" xp2="61.09373" yp2="45.70432" sp="0.05" color="silver" opacity="100"/>
<line xp1="61.09373" yp1="45.70432" xp2="60.97120" yp2="45.70232" sp="0.05" color="silver" opacity="100"/>
<line xp1="60.97120" yp1="45.70232" xp2="61.01640" yp2="45.84889" sp="0.05" color="silver" opacity="100"/>
<line xp1="61.01640" yp1="45.84889" xp2="61.08540" yp2="46.03700" sp="0.05" color="silver" opacity="100"/>
<line xp1="61.08540" yp1="46.03700" xp2="61.17602" yp2="46.11278" sp="0.05" color="silver" opacity="100"/>
<line xp1="61.17602" yp1="46.11278" xp2="61.19935" yp2="46.24218" sp="0.05" color="silver" opacity="100"/>
<line xp1="61.19935" yp1="46.24218" xp2="61.24754" yp2="46.28285" sp="0.05" color="silver" opacity="100"/>
<line xp1="61.24754" yp1="46.28285" xp2="61.29857" yp2="46.32593" sp="0.05" color="silver" opacity="100"/>
<line xp1="61.29857" yp1="46.32593" xp2="61.36166" yp2="46.47313" sp="0.05" color="silver" opacity="100"/>
<line xp1="61.36166" yp1="46.47313" xp2="61.44003" yp2="46.58011" sp="0.05" color="silver" opacity="100"/>
<line xp1="61.44003" yp1="46.58011" xp2="61.44073" yp2="46.73403" sp="0.05" color="silver" opacity="100"/>
<line xp1="61.44073" yp1="46.73403" xp2="61.43671" yp2="46.81792" sp="0.05" color="silver" opacity="100"/>
<line xp1="61.43671" yp1="46.81792" xp2="61.33686" yp2="46.90020" sp="0.05" color="silver" opacity="100"/>
<line xp1="61.33686" yp1="46.90020" xp2="61.32092" yp2="47.02821" sp="0.05" color="silver" opacity="100"/>
<line xp1="61.32092" yp1="47.02821" xp2="61.30174" yp2="47.12955" sp="0.05" color="silver" opacity="100"/>
<line xp1="61.30174" yp1="47.12955" xp2="61.19885" yp2="47.13125" sp="0.05" color="silver" opacity="100"/>
<line xp1="61.19885" yp1="47.13125" xp2="60.77758" yp2="47.13819" sp="0.05" color="silver" opacity="100"/>
<line xp1="60.77758" yp1="47.13819" xp2="60.65203" yp2="47.13830" sp="0.05" color="silver" opacity="100"/>
<line xp1="60.65203" yp1="47.13830" xp2="60.36050" yp2="47.13855" sp="0.05" color="silver" opacity="100"/>
<line xp1="60.36050" yp1="47.13855" xp2="60.33226" yp2="47.13846" sp="0.05" color="silver" opacity="100"/>
<line xp1="60.33226" yp1="47.13846" xp2="59.97235" yp2="47.13732" sp="0.05" color="silver" opacity="100"/>
<line xp1="59.97235" yp1="47.13732" xp2="59.80533" yp2="47.13656" sp="0.05" color="silver" opacity="100"/>
<line xp1="59.80533" yp1="47.13656" xp2="59.37705" yp2="47.13463" sp="0.05" color="silver" opacity="100"/>
<line xp1="59.37705" yp1="47.13463" xp2="59.37404" yp2="47.13468" sp="0.05" color="silver" opacity="100"/>
<line xp1="59.37404" yp1="47.13468" xp2="59.30766" yp2="47.13583" sp="0.05" color="silver" opacity="100"/>
<line xp1="59.30766" yp1="47.13583" xp2="59.01140" yp2="47.14096" sp="0.05" color="silver" opacity="100"/>
<line xp1="59.01140" yp1="47.14096" xp2="58.96564" yp2="47.14073" sp="0.05" color="silver" opacity="100"/>
<line xp1="58.96564" yp1="47.14073" xp2="58.48338" yp2="47.13837" sp="0.05" color="silver" opacity="100"/>
<line xp1="58.48338" yp1="47.13837" xp2="58.27632" yp2="47.13769" sp="0.05" color="silver" opacity="100"/>
<line xp1="58.27632" yp1="47.13769" xp2="58.23030" yp2="47.13754" sp="0.05" color="silver" opacity="100"/>
<line xp1="58.23030" yp1="47.13754" xp2="57.92265" yp2="47.13653" sp="0.05" color="silver" opacity="100"/>
<line xp1="57.92265" yp1="47.13653" xp2="57.64748" yp2="47.13762" sp="0.05" color="silver" opacity="100"/>
<line xp1="57.64748" yp1="47.13762" xp2="57.59348" yp2="47.13783" sp="0.05" color="silver" opacity="100"/>
<line xp1="57.59348" yp1="47.13783" xp2="57.27333" yp2="47.13738" sp="0.05" color="silver" opacity="100"/>
<line xp1="57.27333" yp1="47.13738" xp2="57.17096" yp2="47.13724" sp="0.05" color="silver" opacity="100"/>
<line xp1="57.17096" yp1="47.13724" xp2="57.14768" yp2="47.13721" sp="0.05" color="silver" opacity="100"/>
<line xp1="57.14768" yp1="47.13721" xp2="56.72928" yp2="47.13672" sp="0.05" color="silver" opacity="100"/>
<line xp1="56.72928" yp1="47.13672" xp2="56.47220" yp2="47.13788" sp="0.05" color="silver" opacity="100"/>
<line xp1="56.47220" yp1="47.13788" xp2="56.43796" yp2="47.13804" sp="0.05" color="silver" opacity="100"/>
<line xp1="56.43796" yp1="47.13804" xp2="56.26617" yp2="47.13881" sp="0.05" color="silver" opacity="100"/>
<line xp1="56.26617" yp1="47.13881" xp2="56.02421" yp2="47.13972" sp="0.05" color="silver" opacity="100"/>
<line xp1="56.02421" yp1="47.13972" xp2="55.84589" yp2="47.14039" sp="0.05" color="silver" opacity="100"/>
<line xp1="55.84589" yp1="47.14039" xp2="55.58971" yp2="47.13962" sp="0.05" color="silver" opacity="100"/>
<line xp1="55.58971" yp1="47.13962" xp2="55.44740" yp2="47.13919" sp="0.05" color="silver" opacity="100"/>
<line xp1="55.44740" yp1="47.13919" xp2="55.26602" yp2="47.13993" sp="0.05" color="silver" opacity="100"/>
<line xp1="55.26602" yp1="47.13993" xp2="54.82892" yp2="47.14171" sp="0.05" color="silver" opacity="100"/>
<line xp1="54.82892" yp1="47.14171" xp2="54.43397" yp2="47.14118" sp="0.05" color="silver" opacity="100"/>
<line xp1="54.43397" yp1="47.14118" xp2="54.43397" yp2="47.14118" sp="0.05" color="silver" opacity="100"/>
<line xp1="17.54774" yp1="38.47771" xp2="17.59470" yp2="38.38395" sp="0.05" color="silver" opacity="100"/>
<line xp1="17.59470" yp1="38.38395" xp2="17.71906" yp2="38.19975" sp="0.05" color="silver" opacity="100"/>
<line xp1="17.71906" yp1="38.19975" xp2="17.74559" yp2="38.07445" sp="0.05" color="silver" opacity="100"/>
<line xp1="17.74559" yp1="38.07445" xp2="17.88497" yp2="38.05733" sp="0.05" color="silver" opacity="100"/>
<line xp1="17.88497" yp1="38.05733" xp2="17.96116" yp2="37.99736" sp="0.05" color="silver" opacity="100"/>
<line xp1="17.96116" yp1="37.99736" xp2="18.02114" yp2="38.14704" sp="0.05" color="silver" opacity="100"/>
<line xp1="18.02114" yp1="38.14704" xp2="17.89181" yp2="38.31224" sp="0.05" color="silver" opacity="100"/>
<line xp1="17.89181" yp1="38.31224" xp2="17.71572" yp2="38.53567" sp="0.05" color="silver" opacity="100"/>
<line xp1="17.71572" yp1="38.53567" xp2="17.54774" yp2="38.47771" sp="0.05" color="silver" opacity="100"/>
<line xp1="17.54774" yp1="38.47771" xp2="17.54774" yp2="38.47771" sp="0.05" color="silver" opacity="100"/>
<line xp1="17.54764" yp1="37.24557" xp2="17.47450" yp2="37.19180" sp="0.05" color="silver" opacity="100"/>
<line xp1="17.47450" yp1="37.19180" xp2="17.56690" yp2="36.94763" sp="0.05" color="silver" opacity="100"/>
<line xp1="17.56690" yp1="36.94763" xp2="17.71091" yp2="36.69883" sp="0.05" color="silver" opacity="100"/>
<line xp1="17.71091" yp1="36.69883" xp2="17.80672" yp2="36.57313" sp="0.05" color="silver" opacity="100"/>
<line xp1="17.80672" yp1="36.57313" xp2="17.91769" yp2="36.63418" sp="0.05" color="silver" opacity="100"/>
<line xp1="17.91769" yp1="36.63418" xp2="17.77420" yp2="36.84407" sp="0.05" color="silver" opacity="100"/>
<line xp1="17.77420" yp1="36.84407" xp2="17.63066" yp2="37.08838" sp="0.05" color="silver" opacity="100"/>
<line xp1="17.63066" yp1="37.08838" xp2="17.54764" yp2="37.24557" sp="0.05" color="silver" opacity="100"/>
<line xp1="17.54764" yp1="37.24557" xp2="17.54764" yp2="37.24557" sp="0.05" color="silver" opacity="100"/>
<line xp1="16.03240" yp1="37.93894" xp2="16.08327" yp2="37.80973" sp="0.05" color="silver" opacity="100"/>
<line xp1="16.08327" yp1="37.80973" xp2="16.20812" yp2="37.75838" sp="0.05" color="silver" opacity="100"/>
<line xp1="16.20812" yp1="37.75838" xp2="16.26222" yp2="37.79476" sp="0.05" color="silver" opacity="100"/>
<line xp1="16.26222" yp1="37.79476" xp2="16.26589" yp2="37.90292" sp="0.05" color="silver" opacity="100"/>
<line xp1="16.26589" yp1="37.90292" xp2="16.13771" yp2="38.02077" sp="0.05" color="silver" opacity="100"/>
<line xp1="16.13771" yp1="38.02077" xp2="16.03240" yp2="37.93894" sp="0.05" color="silver" opacity="100"/>
<line xp1="16.03240" yp1="37.93894" xp2="16.03240" yp2="37.93894" sp="0.05" color="silver" opacity="100"/>
<line xp1="15.51351" yp1="40.16672" xp2="15.57398" yp2="40.06722" sp="0.05" color="silver" opacity="100"/>
<line xp1="15.57398" yp1="40.06722" xp2="15.57945" yp2="39.94393" sp="0.05" color="silver" opacity="100"/>
<line xp1="15.57945" yp1="39.94393" xp2="15.69856" yp2="39.89408" sp="0.05" color="silver" opacity="100"/>
<line xp1="15.69856" yp1="39.89408" xp2="15.81353" yp2="39.88452" sp="0.05" color="silver" opacity="100"/>
<line xp1="15.81353" yp1="39.88452" xp2="15.90335" yp2="39.95968" sp="0.05" color="silver" opacity="100"/>
<line xp1="15.90335" yp1="39.95968" xp2="16.07004" yp2="39.99377" sp="0.05" color="silver" opacity="100"/>
<line xp1="16.07004" yp1="39.99377" xp2="16.17274" yp2="39.99004" sp="0.05" color="silver" opacity="100"/>
<line xp1="16.17274" yp1="39.99004" xp2="16.32064" yp2="39.98467" sp="0.05" color="silver" opacity="100"/>
<line xp1="16.32064" yp1="39.98467" xp2="16.36452" yp2="40.00157" sp="0.05" color="silver" opacity="100"/>
<line xp1="16.36452" yp1="40.00157" xp2="16.36275" yp2="40.14513" sp="0.05" color="silver" opacity="100"/>
<line xp1="16.36275" yp1="40.14513" xp2="16.24207" yp2="40.15473" sp="0.05" color="silver" opacity="100"/>
<line xp1="16.24207" yp1="40.15473" xp2="16.19887" yp2="40.15428" sp="0.05" color="silver" opacity="100"/>
<line xp1="16.19887" yp1="40.15428" xp2="16.05123" yp2="40.15272" sp="0.05" color="silver" opacity="100"/>
<line xp1="16.05123" yp1="40.15272" xp2="15.78543" yp2="40.14085" sp="0.05" color="silver" opacity="100"/>
<line xp1="15.78543" yp1="40.14085" xp2="15.60415" yp2="40.20371" sp="0.05" color="silver" opacity="100"/>
<line xp1="15.60415" yp1="40.20371" xp2="15.51351" yp2="40.16672" sp="0.05" color="silver" opacity="100"/>
<line xp1="15.51351" yp1="40.16672" xp2="15.51351" yp2="40.16672" sp="0.05" color="silver" opacity="100"/>
<line xp1="14.81803" yp1="40.21847" xp2="14.68595" yp2="40.08023" sp="0.05" color="silver" opacity="100"/>
<line xp1="14.68595" yp1="40.08023" xp2="14.82332" yp2="39.97652" sp="0.05" color="silver" opacity="100"/>
<line xp1="14.82332" yp1="39.97652" xp2="15.07679" yp2="39.87687" sp="0.05" color="silver" opacity="100"/>
<line xp1="15.07679" yp1="39.87687" xp2="15.10916" yp2="39.79427" sp="0.05" color="silver" opacity="100"/>
<line xp1="15.10916" yp1="39.79427" xp2="15.19720" yp2="39.70203" sp="0.05" color="silver" opacity="100"/>
<line xp1="15.19720" yp1="39.70203" xp2="15.30818" yp2="39.75589" sp="0.05" color="silver" opacity="100"/>
<line xp1="15.30818" yp1="39.75589" xp2="15.42509" yp2="39.83566" sp="0.05" color="silver" opacity="100"/>
<line xp1="15.42509" yp1="39.83566" xp2="15.40874" yp2="39.95414" sp="0.05" color="silver" opacity="100"/>
<line xp1="15.40874" yp1="39.95414" xp2="15.29984" yp2="40.10780" sp="0.05" color="silver" opacity="100"/>
<line xp1="15.29984" yp1="40.10780" xp2="15.17561" yp2="40.07453" sp="0.05" color="silver" opacity="100"/>
<line xp1="15.17561" yp1="40.07453" xp2="15.01157" yp2="40.16335" sp="0.05" color="silver" opacity="100"/>
<line xp1="15.01157" yp1="40.16335" xp2="14.81803" yp2="40.21847" sp="0.05" color="silver" opacity="100"/>
<line xp1="14.81803" yp1="40.21847" xp2="14.81803" yp2="40.21847" sp="0.05" color="silver" opacity="100"/>
<line xp1="8.63535" yp1="58.58558" xp2="8.60063" yp2="58.39450" sp="0.05" color="silver" opacity="100"/>
<line xp1="8.60063" yp1="58.39450" xp2="8.66868" yp2="58.21387" sp="0.05" color="silver" opacity="100"/>
<line xp1="8.66868" yp1="58.21387" xp2="8.68750" yp2="58.08979" sp="0.05" color="silver" opacity="100"/>
<line xp1="8.68750" yp1="58.08979" xp2="8.67167" yp2="57.88850" sp="0.05" color="silver" opacity="100"/>
<line xp1="8.67167" yp1="57.88850" xp2="8.70297" yp2="57.83994" sp="0.05" color="silver" opacity="100"/>
<line xp1="8.70297" yp1="57.83994" xp2="8.83322" yp2="57.66936" sp="0.05" color="silver" opacity="100"/>
<line xp1="8.83322" yp1="57.66936" xp2="8.94173" yp2="57.51583" sp="0.05" color="silver" opacity="100"/>
<line xp1="8.94173" yp1="57.51583" xp2="9.01546" yp2="57.47529" sp="0.05" color="silver" opacity="100"/>
<line xp1="9.01546" yp1="57.47529" xp2="9.09679" yp2="57.36698" sp="0.05" color="silver" opacity="100"/>
<line xp1="9.09679" yp1="57.36698" xp2="9.12476" yp2="57.20373" sp="0.05" color="silver" opacity="100"/>
<line xp1="9.12476" yp1="57.20373" xp2="9.17553" yp2="57.18091" sp="0.05" color="silver" opacity="100"/>
<line xp1="9.17553" yp1="57.18091" xp2="9.19199" yp2="57.14657" sp="0.05" color="silver" opacity="100"/>
<line xp1="9.19199" yp1="57.14657" xp2="9.30007" yp2="56.92107" sp="0.05" color="silver" opacity="100"/>
<line xp1="9.30007" yp1="56.92107" xp2="9.37282" yp2="56.75151" sp="0.05" color="silver" opacity="100"/>
<line xp1="9.37282" yp1="56.75151" xp2="9.45890" yp2="56.66297" sp="0.05" color="silver" opacity="100"/>
<line xp1="9.45890" yp1="56.66297" xp2="9.49301" yp2="56.35163" sp="0.05" color="silver" opacity="100"/>
<line xp1="9.49301" yp1="56.35163" xp2="9.54976" yp2="56.24035" sp="0.05" color="silver" opacity="100"/>
<line xp1="9.54976" yp1="56.24035" xp2="9.56566" yp2="56.06139" sp="0.05" color="silver" opacity="100"/>
<line xp1="9.56566" yp1="56.06139" xp2="9.59004" yp2="55.86515" sp="0.05" color="silver" opacity="100"/>
<line xp1="9.59004" yp1="55.86515" xp2="9.51586" yp2="55.56154" sp="0.05" color="silver" opacity="100"/>
<line xp1="9.51586" yp1="55.56154" xp2="9.49949" yp2="55.31661" sp="0.05" color="silver" opacity="100"/>
<line xp1="9.49949" yp1="55.31661" xp2="9.54001" yp2="55.06101" sp="0.05" color="silver" opacity="100"/>
<line xp1="9.54001" yp1="55.06101" xp2="9.59094" yp2="54.83902" sp="0.05" color="silver" opacity="100"/>
<line xp1="9.59094" yp1="54.83902" xp2="9.65922" yp2="54.64379" sp="0.05" color="silver" opacity="100"/>
<line xp1="9.65922" yp1="54.64379" xp2="9.70655" yp2="54.34655" sp="0.05" color="silver" opacity="100"/>
<line xp1="9.70655" yp1="54.34655" xp2="9.64170" yp2="54.15713" sp="0.05" color="silver" opacity="100"/>
<line xp1="9.64170" yp1="54.15713" xp2="9.67609" yp2="54.03780" sp="0.05" color="silver" opacity="100"/>
<line xp1="9.67609" yp1="54.03780" xp2="9.75408" yp2="53.92151" sp="0.05" color="silver" opacity="100"/>
<line xp1="9.75408" yp1="53.92151" xp2="9.78671" yp2="53.83961" sp="0.05" color="silver" opacity="100"/>
<line xp1="9.78671" yp1="53.83961" xp2="9.88925" yp2="53.70911" sp="0.05" color="silver" opacity="100"/>
<line xp1="9.88925" yp1="53.70911" xp2="9.93704" yp2="53.62187" sp="0.05" color="silver" opacity="100"/>
<line xp1="9.93704" yp1="53.62187" xp2="9.97726" yp2="53.54847" sp="0.05" color="silver" opacity="100"/>
<line xp1="9.97726" yp1="53.54847" xp2="10.08958" yp2="53.42784" sp="0.05" color="silver" opacity="100"/>
<line xp1="10.08958" yp1="53.42784" xp2="10.23137" yp2="53.13373" sp="0.05" color="silver" opacity="100"/>
<line xp1="10.23137" yp1="53.13373" xp2="10.25862" yp2="53.04441" sp="0.05" color="silver" opacity="100"/>
<line xp1="10.25862" yp1="53.04441" xp2="10.38493" yp2="52.88870" sp="0.05" color="silver" opacity="100"/>
<line xp1="10.38493" yp1="52.88870" xp2="10.51319" yp2="52.78556" sp="0.05" color="silver" opacity="100"/>
<line xp1="10.51319" yp1="52.78556" xp2="10.63758" yp2="52.54436" sp="0.05" color="silver" opacity="100"/>
<line xp1="10.63758" yp1="52.54436" xp2="10.66394" yp2="52.38631" sp="0.05" color="silver" opacity="100"/>
<line xp1="10.66394" yp1="52.38631" xp2="10.68692" yp2="52.28396" sp="0.05" color="silver" opacity="100"/>
<line xp1="10.68692" yp1="52.28396" xp2="10.76289" yp2="52.27718" sp="0.05" color="silver" opacity="100"/>
<line xp1="10.76289" yp1="52.27718" xp2="10.76439" yp2="52.27344" sp="0.05" color="silver" opacity="100"/>
<line xp1="10.76439" yp1="52.27344" xp2="10.79028" yp2="52.20904" sp="0.05" color="silver" opacity="100"/>
<line xp1="10.79028" yp1="52.20904" xp2="10.78900" yp2="52.10725" sp="0.05" color="silver" opacity="100"/>
<line xp1="10.78900" yp1="52.10725" xp2="10.84057" yp2="51.93049" sp="0.05" color="silver" opacity="100"/>
<line xp1="10.84057" yp1="51.93049" xp2="10.82940" yp2="51.75132" sp="0.05" color="silver" opacity="100"/>
<line xp1="10.82940" yp1="51.75132" xp2="10.75149" yp2="51.43839" sp="0.05" color="silver" opacity="100"/>
<line xp1="10.75149" yp1="51.43839" xp2="10.80863" yp2="51.40694" sp="0.05" color="silver" opacity="100"/>
<line xp1="10.80863" yp1="51.40694" xp2="10.86198" yp2="51.51974" sp="0.05" color="silver" opacity="100"/>
<line xp1="10.86198" yp1="51.51974" xp2="10.98989" yp2="51.47633" sp="0.05" color="silver" opacity="100"/>
<line xp1="10.98989" yp1="51.47633" xp2="11.08092" yp2="51.36188" sp="0.05" color="silver" opacity="100"/>
<line xp1="11.08092" yp1="51.36188" xp2="11.14676" yp2="51.24436" sp="0.05" color="silver" opacity="100"/>
<line xp1="11.14676" yp1="51.24436" xp2="11.22671" yp2="51.12520" sp="0.05" color="silver" opacity="100"/>
<line xp1="11.22671" yp1="51.12520" xp2="11.26389" yp2="51.16173" sp="0.05" color="silver" opacity="100"/>
<line xp1="11.26389" yp1="51.16173" xp2="11.38263" yp2="51.07179" sp="0.05" color="silver" opacity="100"/>
<line xp1="11.38263" yp1="51.07179" xp2="11.48110" yp2="50.94379" sp="0.05" color="silver" opacity="100"/>
<line xp1="11.48110" yp1="50.94379" xp2="11.56387" yp2="50.93351" sp="0.05" color="silver" opacity="100"/>
<line xp1="11.56387" yp1="50.93351" xp2="11.66389" yp2="51.00777" sp="0.05" color="silver" opacity="100"/>
<line xp1="11.66389" yp1="51.00777" xp2="11.61783" yp2="51.12403" sp="0.05" color="silver" opacity="100"/>
<line xp1="11.61783" yp1="51.12403" xp2="11.55942" yp2="51.20537" sp="0.05" color="silver" opacity="100"/>
<line xp1="11.55942" yp1="51.20537" xp2="11.55590" yp2="51.33347" sp="0.05" color="silver" opacity="100"/>
<line xp1="11.55590" yp1="51.33347" xp2="11.61078" yp2="51.41762" sp="0.05" color="silver" opacity="100"/>
<line xp1="11.61078" yp1="51.41762" xp2="11.53928" yp2="51.52047" sp="0.05" color="silver" opacity="100"/>
<line xp1="11.53928" yp1="51.52047" xp2="11.55187" yp2="51.73739" sp="0.05" color="silver" opacity="100"/>
<line xp1="11.55187" yp1="51.73739" xp2="11.55615" yp2="51.74027" sp="0.05" color="silver" opacity="100"/>
<line xp1="11.55615" yp1="51.74027" xp2="11.69603" yp2="51.83430" sp="0.05" color="silver" opacity="100"/>
<line xp1="11.69603" yp1="51.83430" xp2="11.70217" yp2="51.83843" sp="0.05" color="silver" opacity="100"/>
<line xp1="11.70217" yp1="51.83843" xp2="11.84338" yp2="51.72898" sp="0.05" color="silver" opacity="100"/>
<line xp1="11.84338" yp1="51.72898" xp2="11.89335" yp2="51.60107" sp="0.05" color="silver" opacity="100"/>
<line xp1="11.89335" yp1="51.60107" xp2="11.90329" yp2="51.57564" sp="0.05" color="silver" opacity="100"/>
<line xp1="11.90329" yp1="51.57564" xp2="11.81276" yp2="51.45803" sp="0.05" color="silver" opacity="100"/>
<line xp1="11.81276" yp1="51.45803" xp2="11.78030" yp2="51.45501" sp="0.05" color="silver" opacity="100"/>
<line xp1="11.78030" yp1="51.45501" xp2="11.74017" yp2="51.45128" sp="0.05" color="silver" opacity="100"/>
<line xp1="11.74017" yp1="51.45128" xp2="11.74218" yp2="51.36619" sp="0.05" color="silver" opacity="100"/>
<line xp1="11.74218" yp1="51.36619" xp2="11.65345" yp2="51.30192" sp="0.05" color="silver" opacity="100"/>
<line xp1="11.65345" yp1="51.30192" xp2="11.72506" yp2="51.15769" sp="0.05" color="silver" opacity="100"/>
<line xp1="11.72506" yp1="51.15769" xp2="11.79303" yp2="51.16797" sp="0.05" color="silver" opacity="100"/>
<line xp1="11.79303" yp1="51.16797" xp2="11.80198" yp2="51.12524" sp="0.05" color="silver" opacity="100"/>
<line xp1="11.80198" yp1="51.12524" xp2="11.84011" yp2="50.94311" sp="0.05" color="silver" opacity="100"/>
<line xp1="11.84011" yp1="50.94311" xp2="11.79429" yp2="50.88513" sp="0.05" color="silver" opacity="100"/>
<line xp1="11.79429" yp1="50.88513" xp2="11.82619" yp2="50.79213" sp="0.05" color="silver" opacity="100"/>
<line xp1="11.82619" yp1="50.79213" xp2="11.91930" yp2="50.72894" sp="0.05" color="silver" opacity="100"/>
<line xp1="11.91930" yp1="50.72894" xp2="11.92337" yp2="50.64687" sp="0.05" color="silver" opacity="100"/>
<line xp1="11.92337" yp1="50.64687" xp2="11.97881" yp2="50.56770" sp="0.05" color="silver" opacity="100"/>
<line xp1="11.97881" yp1="50.56770" xp2="12.05685" yp2="50.47981" sp="0.05" color="silver" opacity="100"/>
<line xp1="12.05685" yp1="50.47981" xp2="12.05723" yp2="50.47792" sp="0.05" color="silver" opacity="100"/>
<line xp1="12.05723" yp1="50.47792" xp2="12.07245" yp2="50.40220" sp="0.05" color="silver" opacity="100"/>
<line xp1="12.07245" yp1="50.40220" xp2="12.08554" yp2="50.23390" sp="0.05" color="silver" opacity="100"/>
<line xp1="12.08554" yp1="50.23390" xp2="12.13539" yp2="50.08243" sp="0.05" color="silver" opacity="100"/>
<line xp1="12.13539" yp1="50.08243" xp2="12.10892" yp2="50.06092" sp="0.05" color="silver" opacity="100"/>
<line xp1="12.10892" yp1="50.06092" xp2="12.04854" yp2="50.01184" sp="0.05" color="silver" opacity="100"/>
<line xp1="12.04854" yp1="50.01184" xp2="11.93174" yp2="50.16611" sp="0.05" color="silver" opacity="100"/>
<line xp1="11.93174" yp1="50.16611" xp2="11.75351" yp2="50.26429" sp="0.05" color="silver" opacity="100"/>
<line xp1="11.75351" yp1="50.26429" xp2="11.70278" yp2="50.59295" sp="0.05" color="silver" opacity="100"/>
<line xp1="11.70278" yp1="50.59295" xp2="11.70796" yp2="50.59523" sp="0.05" color="silver" opacity="100"/>
<line xp1="11.70796" yp1="50.59523" xp2="11.75116" yp2="50.61431" sp="0.05" color="silver" opacity="100"/>
<line xp1="11.75116" yp1="50.61431" xp2="11.75879" yp2="50.65573" sp="0.05" color="silver" opacity="100"/>
<line xp1="11.75879" yp1="50.65573" xp2="11.72852" yp2="50.68159" sp="0.05" color="silver" opacity="100"/>
<line xp1="11.72852" yp1="50.68159" xp2="11.71489" yp2="50.83064" sp="0.05" color="silver" opacity="100"/>
<line xp1="11.71489" yp1="50.83064" xp2="11.69517" yp2="50.87323" sp="0.05" color="silver" opacity="100"/>
<line xp1="11.69517" yp1="50.87323" xp2="11.59170" yp2="50.85965" sp="0.05" color="silver" opacity="100"/>
<line xp1="11.59170" yp1="50.85965" xp2="11.52003" yp2="50.77466" sp="0.05" color="silver" opacity="100"/>
<line xp1="11.52003" yp1="50.77466" xp2="11.52984" yp2="50.67305" sp="0.05" color="silver" opacity="100"/>
<line xp1="11.52984" yp1="50.67305" xp2="11.53742" yp2="50.59466" sp="0.05" color="silver" opacity="100"/>
<line xp1="11.53742" yp1="50.59466" xp2="11.54341" yp2="50.53267" sp="0.05" color="silver" opacity="100"/>
<line xp1="11.54341" yp1="50.53267" xp2="11.54341" yp2="50.32039" sp="0.05" color="silver" opacity="100"/>
<line xp1="11.54341" yp1="50.32039" xp2="11.51063" yp2="50.21754" sp="0.05" color="silver" opacity="100"/>
<line xp1="11.51063" yp1="50.21754" xp2="11.51279" yp2="50.06097" sp="0.05" color="silver" opacity="100"/>
<line xp1="11.51279" yp1="50.06097" xp2="11.54802" yp2="49.97812" sp="0.05" color="silver" opacity="100"/>
<line xp1="11.54802" yp1="49.97812" xp2="11.62156" yp2="49.89012" sp="0.05" color="silver" opacity="100"/>
<line xp1="11.62156" yp1="49.89012" xp2="11.62510" yp2="49.81697" sp="0.05" color="silver" opacity="100"/>
<line xp1="11.62510" yp1="49.81697" xp2="11.67806" yp2="49.64230" sp="0.05" color="silver" opacity="100"/>
<line xp1="11.67806" yp1="49.64230" xp2="11.69027" yp2="49.53431" sp="0.05" color="silver" opacity="100"/>
<line xp1="11.69027" yp1="49.53431" xp2="11.68371" yp2="49.47133" sp="0.05" color="silver" opacity="100"/>
<line xp1="11.68371" yp1="49.47133" xp2="11.66392" yp2="49.28149" sp="0.05" color="silver" opacity="100"/>
<line xp1="11.66392" yp1="49.28149" xp2="11.69682" yp2="49.10643" sp="0.05" color="silver" opacity="100"/>
<line xp1="11.69682" yp1="49.10643" xp2="11.77842" yp2="48.98314" sp="0.05" color="silver" opacity="100"/>
<line xp1="11.77842" yp1="48.98314" xp2="11.81081" yp2="48.90131" sp="0.05" color="silver" opacity="100"/>
<line xp1="11.81081" yp1="48.90131" xp2="11.85491" yp2="48.87183" sp="0.05" color="silver" opacity="100"/>
<line xp1="11.85491" yp1="48.87183" xp2="11.86941" yp2="48.86213" sp="0.05" color="silver" opacity="100"/>
<line xp1="11.86941" yp1="48.86213" xp2="11.90695" yp2="48.77871" sp="0.05" color="silver" opacity="100"/>
<line xp1="11.90695" yp1="48.77871" xp2="11.99049" yp2="48.61128" sp="0.05" color="silver" opacity="100"/>
<line xp1="11.99049" yp1="48.61128" xp2="12.14465" yp2="48.44557" sp="0.05" color="silver" opacity="100"/>
<line xp1="12.14465" yp1="48.44557" xp2="12.20413" yp2="48.43884" sp="0.05" color="silver" opacity="100"/>
<line xp1="12.20413" yp1="48.43884" xp2="12.26589" yp2="48.43186" sp="0.05" color="silver" opacity="100"/>
<line xp1="12.26589" yp1="48.43186" xp2="12.38205" yp2="48.48986" sp="0.05" color="silver" opacity="100"/>
<line xp1="12.38205" yp1="48.48986" xp2="12.45159" yp2="48.48271" sp="0.05" color="silver" opacity="100"/>
<line xp1="12.45159" yp1="48.48271" xp2="12.51959" yp2="48.37586" sp="0.05" color="silver" opacity="100"/>
<line xp1="12.51959" yp1="48.37586" xp2="12.59580" yp2="48.14300" sp="0.05" color="silver" opacity="100"/>
<line xp1="12.59580" yp1="48.14300" xp2="12.62839" yp2="48.04339" sp="0.05" color="silver" opacity="100"/>
<line xp1="12.62839" yp1="48.04339" xp2="12.62027" yp2="47.93584" sp="0.05" color="silver" opacity="100"/>
<line xp1="12.62027" yp1="47.93584" xp2="12.59314" yp2="47.66531" sp="0.05" color="silver" opacity="100"/>
<line xp1="12.59314" yp1="47.66531" xp2="12.52215" yp2="47.46039" sp="0.05" color="silver" opacity="100"/>
<line xp1="12.52215" yp1="47.46039" xp2="12.42482" yp2="47.52731" sp="0.05" color="silver" opacity="100"/>
<line xp1="12.42482" yp1="47.52731" xp2="12.35319" yp2="47.37930" sp="0.05" color="silver" opacity="100"/>
<line xp1="12.35319" yp1="47.37930" xp2="12.39754" yp2="47.10172" sp="0.05" color="silver" opacity="100"/>
<line xp1="12.39754" yp1="47.10172" xp2="12.45662" yp2="46.83887" sp="0.05" color="silver" opacity="100"/>
<line xp1="12.45662" yp1="46.83887" xp2="12.47924" yp2="46.57946" sp="0.05" color="silver" opacity="100"/>
<line xp1="12.47924" yp1="46.57946" xp2="12.57473" yp2="46.40531" sp="0.05" color="silver" opacity="100"/>
<line xp1="12.57473" yp1="46.40531" xp2="12.64638" yp2="46.36402" sp="0.05" color="silver" opacity="100"/>
<line xp1="12.64638" yp1="46.36402" xp2="12.79978" yp2="46.18805" sp="0.05" color="silver" opacity="100"/>
<line xp1="12.79978" yp1="46.18805" xp2="12.88922" yp2="45.99913" sp="0.05" color="silver" opacity="100"/>
<line xp1="12.88922" yp1="45.99913" xp2="12.96215" yp2="45.78616" sp="0.05" color="silver" opacity="100"/>
<line xp1="12.96215" yp1="45.78616" xp2="13.02788" yp2="45.75534" sp="0.05" color="silver" opacity="100"/>
<line xp1="13.02788" yp1="45.75534" xp2="13.09815" yp2="45.62957" sp="0.05" color="silver" opacity="100"/>
<line xp1="13.09815" yp1="45.62957" xp2="13.13498" yp2="45.38748" sp="0.05" color="silver" opacity="100"/>
<line xp1="13.13498" yp1="45.38748" xp2="13.22027" yp2="45.27035" sp="0.05" color="silver" opacity="100"/>
<line xp1="13.22027" yp1="45.27035" xp2="13.31222" yp2="45.12910" sp="0.05" color="silver" opacity="100"/>
<line xp1="13.31222" yp1="45.12910" xp2="13.33469" yp2="45.09459" sp="0.05" color="silver" opacity="100"/>
<line xp1="13.33469" yp1="45.09459" xp2="13.36210" yp2="44.89517" sp="0.05" color="silver" opacity="100"/>
<line xp1="13.36210" yp1="44.89517" xp2="13.42720" yp2="44.76203" sp="0.05" color="silver" opacity="100"/>
<line xp1="13.42720" yp1="44.76203" xp2="13.58967" yp2="44.67257" sp="0.05" color="silver" opacity="100"/>
<line xp1="13.58967" yp1="44.67257" xp2="13.67040" yp2="44.49063" sp="0.05" color="silver" opacity="100"/>
<line xp1="13.67040" yp1="44.49063" xp2="13.84099" yp2="44.17346" sp="0.05" color="silver" opacity="100"/>
<line xp1="13.84099" yp1="44.17346" xp2="13.91406" yp2="44.15355" sp="0.05" color="silver" opacity="100"/>
<line xp1="13.91406" yp1="44.15355" xp2="14.02345" yp2="44.08627" sp="0.05" color="silver" opacity="100"/>
<line xp1="14.02345" yp1="44.08627" xp2="14.05826" yp2="43.88789" sp="0.05" color="silver" opacity="100"/>
<line xp1="14.05826" yp1="43.88789" xp2="14.03143" yp2="43.69767" sp="0.05" color="silver" opacity="100"/>
<line xp1="14.03143" yp1="43.69767" xp2="14.00494" yp2="43.56536" sp="0.05" color="silver" opacity="100"/>
<line xp1="14.00494" yp1="43.56536" xp2="14.08204" yp2="43.44123" sp="0.05" color="silver" opacity="100"/>
<line xp1="14.08204" yp1="43.44123" xp2="14.22141" yp2="43.31560" sp="0.05" color="silver" opacity="100"/>
<line xp1="14.22141" yp1="43.31560" xp2="14.28587" yp2="43.35999" sp="0.05" color="silver" opacity="100"/>
<line xp1="14.28587" yp1="43.35999" xp2="14.34604" yp2="43.29446" sp="0.05" color="silver" opacity="100"/>
<line xp1="14.34604" yp1="43.29446" xp2="14.40648" yp2="43.21087" sp="0.05" color="silver" opacity="100"/>
<line xp1="14.40648" yp1="43.21087" xp2="14.41603" yp2="43.08103" sp="0.05" color="silver" opacity="100"/>
<line xp1="14.41603" yp1="43.08103" xp2="14.40989" yp2="42.95167" sp="0.05" color="silver" opacity="100"/>
<line xp1="14.40989" yp1="42.95167" xp2="14.38415" yp2="42.78619" sp="0.05" color="silver" opacity="100"/>
<line xp1="14.38415" yp1="42.78619" xp2="14.35256" yp2="42.58319" sp="0.05" color="silver" opacity="100"/>
<line xp1="14.35256" yp1="42.58319" xp2="14.44574" yp2="42.45194" sp="0.05" color="silver" opacity="100"/>
<line xp1="14.44574" yp1="42.45194" xp2="14.42105" yp2="42.10878" sp="0.05" color="silver" opacity="100"/>
<line xp1="14.42105" yp1="42.10878" xp2="14.43869" yp2="42.08774" sp="0.05" color="silver" opacity="100"/>
<line xp1="14.43869" yp1="42.08774" xp2="14.45851" yp2="41.97741" sp="0.05" color="silver" opacity="100"/>
<line xp1="14.45851" yp1="41.97741" xp2="14.39117" yp2="41.66010" sp="0.05" color="silver" opacity="100"/>
<line xp1="14.39117" yp1="41.66010" xp2="14.42681" yp2="41.58291" sp="0.05" color="silver" opacity="100"/>
<line xp1="14.42681" yp1="41.58291" xp2="14.49032" yp2="41.59131" sp="0.05" color="silver" opacity="100"/>
<line xp1="14.49032" yp1="41.59131" xp2="14.53832" yp2="41.55084" sp="0.05" color="silver" opacity="100"/>
<line xp1="14.53832" yp1="41.55084" xp2="14.59781" yp2="41.49415" sp="0.05" color="silver" opacity="100"/>
<line xp1="14.59781" yp1="41.49415" xp2="14.69012" yp2="41.27741" sp="0.05" color="silver" opacity="100"/>
<line xp1="14.69012" yp1="41.27741" xp2="14.93069" yp2="41.34464" sp="0.05" color="silver" opacity="100"/>
<line xp1="14.93069" yp1="41.34464" xp2="15.16744" yp2="41.35259" sp="0.05" color="silver" opacity="100"/>
<line xp1="15.16744" yp1="41.35259" xp2="15.30664" yp2="41.31900" sp="0.05" color="silver" opacity="100"/>
<line xp1="15.30664" yp1="41.31900" xp2="15.42777" yp2="41.27040" sp="0.05" color="silver" opacity="100"/>
<line xp1="15.42777" yp1="41.27040" xp2="15.57851" yp2="41.16799" sp="0.05" color="silver" opacity="100"/>
<line xp1="15.57851" yp1="41.16799" xp2="15.63728" yp2="41.18799" sp="0.05" color="silver" opacity="100"/>
<line xp1="15.63728" yp1="41.18799" xp2="15.71404" yp2="41.18856" sp="0.05" color="silver" opacity="100"/>
<line xp1="15.71404" yp1="41.18856" xp2="15.83220" yp2="41.12971" sp="0.05" color="silver" opacity="100"/>
<line xp1="15.83220" yp1="41.12971" xp2="15.86974" yp2="41.16656" sp="0.05" color="silver" opacity="100"/>
<line xp1="15.86974" yp1="41.16656" xp2="15.97406" yp2="41.20284" sp="0.05" color="silver" opacity="100"/>
<line xp1="15.97406" yp1="41.20284" xp2="16.09699" yp2="41.12999" sp="0.05" color="silver" opacity="100"/>
<line xp1="16.09699" yp1="41.12999" xp2="16.18777" yp2="41.08239" sp="0.05" color="silver" opacity="100"/>
<line xp1="16.18777" yp1="41.08239" xp2="16.21379" yp2="41.06875" sp="0.05" color="silver" opacity="100"/>
<line xp1="16.21379" yp1="41.06875" xp2="16.34495" yp2="40.91748" sp="0.05" color="silver" opacity="100"/>
<line xp1="16.34495" yp1="40.91748" xp2="16.44149" yp2="40.78768" sp="0.05" color="silver" opacity="100"/>
<line xp1="16.44149" yp1="40.78768" xp2="16.49752" yp2="40.73240" sp="0.05" color="silver" opacity="100"/>
<line xp1="16.49752" yp1="40.73240" xp2="16.50747" yp2="40.72258" sp="0.05" color="silver" opacity="100"/>
<line xp1="16.50747" yp1="40.72258" xp2="16.52763" yp2="40.60944" sp="0.05" color="silver" opacity="100"/>
<line xp1="16.52763" yp1="40.60944" xp2="16.57270" yp2="40.46208" sp="0.05" color="silver" opacity="100"/>
<line xp1="16.57270" yp1="40.46208" xp2="16.75418" yp2="40.27019" sp="0.05" color="silver" opacity="100"/>
<line xp1="16.75418" yp1="40.27019" xp2="16.81545" yp2="40.25849" sp="0.05" color="silver" opacity="100"/>
<line xp1="16.81545" yp1="40.25849" xp2="16.99274" yp2="40.13762" sp="0.05" color="silver" opacity="100"/>
<line xp1="16.99274" yp1="40.13762" xp2="17.00849" yp2="40.13354" sp="0.05" color="silver" opacity="100"/>
<line xp1="17.00849" yp1="40.13354" xp2="17.14669" yp2="40.09776" sp="0.05" color="silver" opacity="100"/>
<line xp1="17.14669" yp1="40.09776" xp2="17.22290" yp2="40.00354" sp="0.05" color="silver" opacity="100"/>
<line xp1="17.22290" yp1="40.00354" xp2="17.31546" yp2="40.09172" sp="0.05" color="silver" opacity="100"/>
<line xp1="17.31546" yp1="40.09172" xp2="17.41636" yp2="40.09501" sp="0.05" color="silver" opacity="100"/>
<line xp1="17.41636" yp1="40.09501" xp2="17.53297" yp2="40.11157" sp="0.05" color="silver" opacity="100"/>
<line xp1="17.53297" yp1="40.11157" xp2="17.66229" yp2="40.07860" sp="0.05" color="silver" opacity="100"/>
<line xp1="17.66229" yp1="40.07860" xp2="17.75291" yp2="39.91175" sp="0.05" color="silver" opacity="100"/>
<line xp1="17.75291" yp1="39.91175" xp2="17.82660" yp2="39.66832" sp="0.05" color="silver" opacity="100"/>
<line xp1="17.82660" yp1="39.66832" xp2="17.85491" yp2="39.44090" sp="0.05" color="silver" opacity="100"/>
<line xp1="17.85491" yp1="39.44090" xp2="17.80245" yp2="39.35633" sp="0.05" color="silver" opacity="100"/>
<line xp1="17.80245" yp1="39.35633" xp2="17.85138" yp2="39.24548" sp="0.05" color="silver" opacity="100"/>
<line xp1="17.85138" yp1="39.24548" xp2="17.91584" yp2="39.23519" sp="0.05" color="silver" opacity="100"/>
<line xp1="17.91584" yp1="39.23519" xp2="17.94878" yp2="39.20338" sp="0.05" color="silver" opacity="100"/>
<line xp1="17.94878" yp1="39.20338" xp2="17.97353" yp2="39.17948" sp="0.05" color="silver" opacity="100"/>
<line xp1="17.97353" yp1="39.17948" xp2="18.06356" yp2="39.15355" sp="0.05" color="silver" opacity="100"/>
<line xp1="18.06356" yp1="39.15355" xp2="18.10473" yp2="39.18656" sp="0.05" color="silver" opacity="100"/>
<line xp1="18.10473" yp1="39.18656" xp2="18.17892" yp2="39.24605" sp="0.05" color="silver" opacity="100"/>
<line xp1="18.17892" yp1="39.24605" xp2="18.25739" yp2="39.29491" sp="0.05" color="silver" opacity="100"/>
<line xp1="18.25739" yp1="39.29491" xp2="18.28450" yp2="39.26801" sp="0.05" color="silver" opacity="100"/>
<line xp1="18.28450" yp1="39.26801" xp2="18.32478" yp2="39.22805" sp="0.05" color="silver" opacity="100"/>
<line xp1="18.32478" yp1="39.22805" xp2="18.46063" yp2="39.01234" sp="0.05" color="silver" opacity="100"/>
<line xp1="18.46063" yp1="39.01234" xp2="18.57371" yp2="38.87292" sp="0.05" color="silver" opacity="100"/>
<line xp1="18.57371" yp1="38.87292" xp2="18.70725" yp2="38.78149" sp="0.05" color="silver" opacity="100"/>
<line xp1="18.70725" yp1="38.78149" xp2="18.74740" yp2="38.72064" sp="0.05" color="silver" opacity="100"/>
<line xp1="18.74740" yp1="38.72064" xp2="18.87345" yp2="38.53701" sp="0.05" color="silver" opacity="100"/>
<line xp1="18.87345" yp1="38.53701" xp2="18.88233" yp2="38.52408" sp="0.05" color="silver" opacity="100"/>
<line xp1="18.88233" yp1="38.52408" xp2="18.89946" yp2="38.45873" sp="0.05" color="silver" opacity="100"/>
<line xp1="18.89946" yp1="38.45873" xp2="19.00680" yp2="38.40208" sp="0.05" color="silver" opacity="100"/>
<line xp1="19.00680" yp1="38.40208" xp2="19.08279" yp2="38.24847" sp="0.05" color="silver" opacity="100"/>
<line xp1="19.08279" yp1="38.24847" xp2="19.08326" yp2="38.24751" sp="0.05" color="silver" opacity="100"/>
<line xp1="19.08326" yp1="38.24751" xp2="19.15740" yp2="38.18712" sp="0.05" color="silver" opacity="100"/>
<line xp1="19.15740" yp1="38.18712" xp2="19.31449" yp2="37.91005" sp="0.05" color="silver" opacity="100"/>
<line xp1="19.31449" yp1="37.91005" xp2="19.44220" yp2="37.62411" sp="0.05" color="silver" opacity="100"/>
<line xp1="19.44220" yp1="37.62411" xp2="19.51496" yp2="37.41001" sp="0.05" color="silver" opacity="100"/>
<line xp1="19.51496" yp1="37.41001" xp2="19.56805" yp2="37.17812" sp="0.05" color="silver" opacity="100"/>
<line xp1="19.56805" yp1="37.17812" xp2="19.58132" yp2="37.07293" sp="0.05" color="silver" opacity="100"/>
<line xp1="19.58132" yp1="37.07293" xp2="19.60851" yp2="36.85756" sp="0.05" color="silver" opacity="100"/>
<line xp1="19.60851" yp1="36.85756" xp2="19.60591" yp2="36.74192" sp="0.05" color="silver" opacity="100"/>
<line xp1="19.60591" yp1="36.74192" xp2="19.60589" yp2="36.74128" sp="0.05" color="silver" opacity="100"/>
<line xp1="19.60589" yp1="36.74128" xp2="19.59553" yp2="36.71243" sp="0.05" color="silver" opacity="100"/>
<line xp1="19.59553" yp1="36.71243" xp2="19.57866" yp2="36.71842" sp="0.05" color="silver" opacity="100"/>
<line xp1="19.57866" yp1="36.71842" xp2="19.56589" yp2="36.68442" sp="0.05" color="silver" opacity="100"/>
<line xp1="19.56589" yp1="36.68442" xp2="19.56774" yp2="36.63499" sp="0.05" color="silver" opacity="100"/>
<line xp1="19.56774" yp1="36.63499" xp2="19.60774" yp2="36.53414" sp="0.05" color="silver" opacity="100"/>
<line xp1="19.60774" yp1="36.53414" xp2="19.60743" yp2="36.28586" sp="0.05" color="silver" opacity="100"/>
<line xp1="19.60743" yp1="36.28586" xp2="19.62143" yp2="36.19815" sp="0.05" color="silver" opacity="100"/>
<line xp1="19.62143" yp1="36.19815" xp2="19.69728" yp2="36.25386" sp="0.05" color="silver" opacity="100"/>
<line xp1="19.69728" yp1="36.25386" xp2="19.72719" yp2="36.22022" sp="0.05" color="silver" opacity="100"/>
<line xp1="19.72719" yp1="36.22022" xp2="19.74021" yp2="36.20558" sp="0.05" color="silver" opacity="100"/>
<line xp1="19.74021" yp1="36.20558" xp2="19.78975" yp2="36.05358" sp="0.05" color="silver" opacity="100"/>
<line xp1="19.78975" yp1="36.05358" xp2="19.79686" yp2="35.95886" sp="0.05" color="silver" opacity="100"/>
<line xp1="19.79686" yp1="35.95886" xp2="19.80790" yp2="35.81187" sp="0.05" color="silver" opacity="100"/>
<line xp1="19.80790" yp1="35.81187" xp2="20.21976" yp2="35.87845" sp="0.05" color="silver" opacity="100"/>
<line xp1="20.21976" yp1="35.87845" xp2="20.57377" yp2="35.93217" sp="0.05" color="silver" opacity="100"/>
<line xp1="20.57377" yp1="35.93217" xp2="20.70670" yp2="35.95356" sp="0.05" color="silver" opacity="100"/>
<line xp1="20.70670" yp1="35.95356" xp2="21.37512" yp2="36.05308" sp="0.05" color="silver" opacity="100"/>
<line xp1="21.37512" yp1="36.05308" xp2="21.46674" yp2="36.06672" sp="0.05" color="silver" opacity="100"/>
<line xp1="21.46674" yp1="36.06672" xp2="22.36129" yp2="36.19171" sp="0.05" color="silver" opacity="100"/>
<line xp1="22.36129" yp1="36.19171" xp2="23.07569" yp2="36.28479" sp="0.05" color="silver" opacity="100"/>
<line xp1="23.07569" yp1="36.28479" xp2="23.50826" yp2="36.33932" sp="0.05" color="silver" opacity="100"/>
<line xp1="23.50826" yp1="36.33932" xp2="23.52967" yp2="36.40452" sp="0.05" color="silver" opacity="100"/>
<line xp1="23.52967" yp1="36.40452" xp2="23.58847" yp2="36.38350" sp="0.05" color="silver" opacity="100"/>
<line xp1="23.58847" yp1="36.38350" xp2="23.66556" yp2="36.40301" sp="0.05" color="silver" opacity="100"/>
<line xp1="23.66556" yp1="36.40301" xp2="23.73742" yp2="36.42119" sp="0.05" color="silver" opacity="100"/>
<line xp1="23.73742" yp1="36.42119" xp2="23.79731" yp2="36.52144" sp="0.05" color="silver" opacity="100"/>
<line xp1="23.79731" yp1="36.52144" xp2="23.89389" yp2="36.70044" sp="0.05" color="silver" opacity="100"/>
<line xp1="23.89389" yp1="36.70044" xp2="23.90288" yp2="36.86253" sp="0.05" color="silver" opacity="100"/>
<line xp1="23.90288" yp1="36.86253" xp2="23.88209" yp2="36.92465" sp="0.05" color="silver" opacity="100"/>
<line xp1="23.88209" yp1="36.92465" xp2="23.87490" yp2="37.06304" sp="0.05" color="silver" opacity="100"/>
<line xp1="23.87490" yp1="37.06304" xp2="23.82870" yp2="37.20987" sp="0.05" color="silver" opacity="100"/>
<line xp1="23.82870" yp1="37.20987" xp2="23.81924" yp2="37.21347" sp="0.05" color="silver" opacity="100"/>
<line xp1="23.81924" yp1="37.21347" xp2="23.73052" yp2="37.24726" sp="0.05" color="silver" opacity="100"/>
<line xp1="23.73052" yp1="37.24726" xp2="23.64878" yp2="37.23158" sp="0.05" color="silver" opacity="100"/>
<line xp1="23.64878" yp1="37.23158" xp2="23.58338" yp2="37.25138" sp="0.05" color="silver" opacity="100"/>
<line xp1="23.58338" yp1="37.25138" xp2="23.52896" yp2="37.44381" sp="0.05" color="silver" opacity="100"/>
<line xp1="23.52896" yp1="37.44381" xp2="23.57022" yp2="37.59863" sp="0.05" color="silver" opacity="100"/>
<line xp1="23.57022" yp1="37.59863" xp2="23.57216" yp2="37.80086" sp="0.05" color="silver" opacity="100"/>
<line xp1="23.57216" yp1="37.80086" xp2="23.57771" yp2="37.87313" sp="0.05" color="silver" opacity="100"/>
<line xp1="23.57771" yp1="37.87313" xp2="23.50268" yp2="37.96594" sp="0.05" color="silver" opacity="100"/>
<line xp1="23.50268" yp1="37.96594" xp2="23.52621" yp2="38.06692" sp="0.05" color="silver" opacity="100"/>
<line xp1="23.52621" yp1="38.06692" xp2="23.52716" yp2="38.21894" sp="0.05" color="silver" opacity="100"/>
<line xp1="23.52716" yp1="38.21894" xp2="23.49957" yp2="38.30014" sp="0.05" color="silver" opacity="100"/>
<line xp1="23.49957" yp1="38.30014" xp2="23.57861" yp2="38.33800" sp="0.05" color="silver" opacity="100"/>
<line xp1="23.57861" yp1="38.33800" xp2="23.63818" yp2="38.35065" sp="0.05" color="silver" opacity="100"/>
<line xp1="23.63818" yp1="38.35065" xp2="23.64747" yp2="38.38156" sp="0.05" color="silver" opacity="100"/>
<line xp1="23.64747" yp1="38.38156" xp2="23.69649" yp2="38.54472" sp="0.05" color="silver" opacity="100"/>
<line xp1="23.69649" yp1="38.54472" xp2="23.80831" yp2="38.72066" sp="0.05" color="silver" opacity="100"/>
<line xp1="23.80831" yp1="38.72066" xp2="23.80125" yp2="38.87614" sp="0.05" color="silver" opacity="100"/>
<line xp1="23.80125" yp1="38.87614" xp2="23.80738" yp2="39.03309" sp="0.05" color="silver" opacity="100"/>
<line xp1="23.80738" yp1="39.03309" xp2="23.83847" yp2="39.12292" sp="0.05" color="silver" opacity="100"/>
<line xp1="23.83847" yp1="39.12292" xp2="23.85144" yp2="39.19759" sp="0.05" color="silver" opacity="100"/>
<line xp1="23.85144" yp1="39.19759" xp2="23.83867" yp2="39.31561" sp="0.05" color="silver" opacity="100"/>
<line xp1="23.83867" yp1="39.31561" xp2="23.81467" yp2="39.50794" sp="0.05" color="silver" opacity="100"/>
<line xp1="23.81467" yp1="39.50794" xp2="23.83748" yp2="39.61222" sp="0.05" color="silver" opacity="100"/>
<line xp1="23.83748" yp1="39.61222" xp2="23.83276" yp2="39.71611" sp="0.05" color="silver" opacity="100"/>
<line xp1="23.83276" yp1="39.71611" xp2="23.79233" yp2="39.79571" sp="0.05" color="silver" opacity="100"/>
<line xp1="23.79233" yp1="39.79571" xp2="23.83143" yp2="39.87790" sp="0.05" color="silver" opacity="100"/>
<line xp1="23.83143" yp1="39.87790" xp2="23.91568" yp2="40.03134" sp="0.05" color="silver" opacity="100"/>
<line xp1="23.91568" yp1="40.03134" xp2="23.94538" yp2="40.12176" sp="0.05" color="silver" opacity="100"/>
<line xp1="23.94538" yp1="40.12176" xp2="23.95371" yp2="40.22552" sp="0.05" color="silver" opacity="100"/>
<line xp1="23.95371" yp1="40.22552" xp2="23.95688" yp2="40.26511" sp="0.05" color="silver" opacity="100"/>
<line xp1="23.95688" yp1="40.26511" xp2="23.99086" yp2="40.31869" sp="0.05" color="silver" opacity="100"/>
<line xp1="23.99086" yp1="40.31869" xp2="24.07992" yp2="40.38417" sp="0.05" color="silver" opacity="100"/>
<line xp1="24.07992" yp1="40.38417" xp2="24.16491" yp2="40.47636" sp="0.05" color="silver" opacity="100"/>
<line xp1="24.16491" yp1="40.47636" xp2="24.26198" yp2="40.53408" sp="0.05" color="silver" opacity="100"/>
<line xp1="24.26198" yp1="40.53408" xp2="24.34146" yp2="40.68563" sp="0.05" color="silver" opacity="100"/>
<line xp1="24.34146" yp1="40.68563" xp2="24.40145" yp2="40.74154" sp="0.05" color="silver" opacity="100"/>
<line xp1="24.40145" yp1="40.74154" xp2="24.39874" yp2="40.86608" sp="0.05" color="silver" opacity="100"/>
<line xp1="24.39874" yp1="40.86608" xp2="24.39857" yp2="40.87405" sp="0.05" color="silver" opacity="100"/>
<line xp1="24.39857" yp1="40.87405" xp2="24.34947" yp2="40.98565" sp="0.05" color="silver" opacity="100"/>
<line xp1="24.34947" yp1="40.98565" xp2="24.20874" yp2="41.14665" sp="0.05" color="silver" opacity="100"/>
<line xp1="24.20874" yp1="41.14665" xp2="24.09943" yp2="41.28582" sp="0.05" color="silver" opacity="100"/>
<line xp1="24.09943" yp1="41.28582" xp2="24.03254" yp2="41.28679" sp="0.05" color="silver" opacity="100"/>
<line xp1="24.03254" yp1="41.28679" xp2="24.03350" yp2="41.47577" sp="0.05" color="silver" opacity="100"/>
<line xp1="24.03350" yp1="41.47577" xp2="23.96557" yp2="41.65917" sp="0.05" color="silver" opacity="100"/>
<line xp1="23.96557" yp1="41.65917" xp2="23.89962" yp2="41.97486" sp="0.05" color="silver" opacity="100"/>
<line xp1="23.89962" yp1="41.97486" xp2="23.86004" yp2="42.07099" sp="0.05" color="silver" opacity="100"/>
<line xp1="23.86004" yp1="42.07099" xp2="23.72854" yp2="42.32943" sp="0.05" color="silver" opacity="100"/>
<line xp1="23.72854" yp1="42.32943" xp2="23.63941" yp2="42.49397" sp="0.05" color="silver" opacity="100"/>
<line xp1="23.63941" yp1="42.49397" xp2="23.64651" yp2="42.69440" sp="0.05" color="silver" opacity="100"/>
<line xp1="23.64651" yp1="42.69440" xp2="23.64079" yp2="42.86245" sp="0.05" color="silver" opacity="100"/>
<line xp1="23.64079" yp1="42.86245" xp2="23.37808" yp2="43.25625" sp="0.05" color="silver" opacity="100"/>
<line xp1="23.37808" yp1="43.25625" xp2="23.00952" yp2="43.80575" sp="0.05" color="silver" opacity="100"/>
<line xp1="23.00952" yp1="43.80575" xp2="22.83066" yp2="44.06894" sp="0.05" color="silver" opacity="100"/>
<line xp1="22.83066" yp1="44.06894" xp2="22.60963" yp2="44.39488" sp="0.05" color="silver" opacity="100"/>
<line xp1="22.60963" yp1="44.39488" xp2="22.45456" yp2="44.62173" sp="0.05" color="silver" opacity="100"/>
<line xp1="22.45456" yp1="44.62173" xp2="22.08049" yp2="45.16959" sp="0.05" color="silver" opacity="100"/>
<line xp1="22.08049" yp1="45.16959" xp2="22.07995" yp2="45.17037" sp="0.05" color="silver" opacity="100"/>
<line xp1="22.07995" yp1="45.17037" xp2="21.77521" yp2="45.61015" sp="0.05" color="silver" opacity="100"/>
<line xp1="21.77521" yp1="45.61015" xp2="21.70312" yp2="45.71419" sp="0.05" color="silver" opacity="100"/>
<line xp1="21.70312" yp1="45.71419" xp2="21.39446" yp2="46.15944" sp="0.05" color="silver" opacity="100"/>
<line xp1="21.39446" yp1="46.15944" xp2="20.96019" yp2="46.77875" sp="0.05" color="silver" opacity="100"/>
<line xp1="20.96019" yp1="46.77875" xp2="20.78733" yp2="47.02599" sp="0.05" color="silver" opacity="100"/>
<line xp1="20.78733" yp1="47.02599" xp2="19.99862" yp2="48.13627" sp="0.05" color="silver" opacity="100"/>
<line xp1="19.99862" yp1="48.13627" xp2="19.74461" yp2="48.48916" sp="0.05" color="silver" opacity="100"/>
<line xp1="19.74461" yp1="48.48916" xp2="19.62320" yp2="48.65784" sp="0.05" color="silver" opacity="100"/>
<line xp1="19.62320" yp1="48.65784" xp2="18.95291" yp2="49.58114" sp="0.05" color="silver" opacity="100"/>
<line xp1="18.95291" yp1="49.58114" xp2="18.71769" yp2="49.89983" sp="0.05" color="silver" opacity="100"/>
<line xp1="18.71769" yp1="49.89983" xp2="18.42741" yp2="50.29309" sp="0.05" color="silver" opacity="100"/>
<line xp1="18.42741" yp1="50.29309" xp2="17.80308" yp2="51.13207" sp="0.05" color="silver" opacity="100"/>
<line xp1="17.80308" yp1="51.13207" xp2="17.69083" yp2="51.28291" sp="0.05" color="silver" opacity="100"/>
<line xp1="17.69083" yp1="51.28291" xp2="17.00050" yp2="52.19697" sp="0.05" color="silver" opacity="100"/>
<line xp1="17.00050" yp1="52.19697" xp2="16.68336" yp2="52.60972" sp="0.05" color="silver" opacity="100"/>
<line xp1="16.68336" yp1="52.60972" xp2="16.49344" yp2="52.85690" sp="0.05" color="silver" opacity="100"/>
<line xp1="16.49344" yp1="52.85690" xp2="16.41482" yp2="52.95860" sp="0.05" color="silver" opacity="100"/>
<line xp1="16.41482" yp1="52.95860" xp2="16.02245" yp2="53.46615" sp="0.05" color="silver" opacity="100"/>
<line xp1="16.02245" yp1="53.46615" xp2="16.01896" yp2="53.47067" sp="0.05" color="silver" opacity="100"/>
<line xp1="16.01896" yp1="53.47067" xp2="15.53182" yp2="54.09521" sp="0.05" color="silver" opacity="100"/>
<line xp1="15.53182" yp1="54.09521" xp2="15.38306" yp2="54.28450" sp="0.05" color="silver" opacity="100"/>
<line xp1="15.38306" yp1="54.28450" xp2="15.38158" yp2="54.47856" sp="0.05" color="silver" opacity="100"/>
<line xp1="15.38158" yp1="54.47856" xp2="15.38059" yp2="54.60768" sp="0.05" color="silver" opacity="100"/>
<line xp1="15.38059" yp1="54.60768" xp2="15.37944" yp2="54.75893" sp="0.05" color="silver" opacity="100"/>
<line xp1="15.37944" yp1="54.75893" xp2="15.37670" yp2="55.11788" sp="0.05" color="silver" opacity="100"/>
<line xp1="15.37670" yp1="55.11788" xp2="15.37724" yp2="55.18993" sp="0.05" color="silver" opacity="100"/>
<line xp1="15.37724" yp1="55.18993" xp2="15.37996" yp2="55.55727" sp="0.05" color="silver" opacity="100"/>
<line xp1="15.37996" yp1="55.55727" xp2="15.38194" yp2="55.82529" sp="0.05" color="silver" opacity="100"/>
<line xp1="15.38194" yp1="55.82529" xp2="15.38471" yp2="56.34973" sp="0.05" color="silver" opacity="100"/>
<line xp1="15.38471" yp1="56.34973" xp2="15.38826" yp2="57.01859" sp="0.05" color="silver" opacity="100"/>
<line xp1="15.38826" yp1="57.01859" xp2="15.38904" yp2="57.50389" sp="0.05" color="silver" opacity="100"/>
<line xp1="15.38904" yp1="57.50389" xp2="15.39053" yp2="58.06071" sp="0.05" color="silver" opacity="100"/>
<line xp1="15.39053" yp1="58.06071" xp2="15.38841" yp2="59.20283" sp="0.05" color="silver" opacity="100"/>
<line xp1="15.38841" yp1="59.20283" xp2="15.38580" yp2="59.61685" sp="0.05" color="silver" opacity="100"/>
<line xp1="15.38580" yp1="59.61685" xp2="15.38482" yp2="60.52564" sp="0.05" color="silver" opacity="100"/>
<line xp1="15.38482" yp1="60.52564" xp2="15.38726" yp2="61.76790" sp="0.05" color="silver" opacity="100"/>
<line xp1="15.38726" yp1="61.76790" xp2="15.38573" yp2="62.49969" sp="0.05" color="silver" opacity="100"/>
<line xp1="15.38573" yp1="62.49969" xp2="15.38590" yp2="62.84154" sp="0.05" color="silver" opacity="100"/>
<line xp1="15.38590" yp1="62.84154" xp2="15.10529" yp2="62.84168" sp="0.05" color="silver" opacity="100"/>
<line xp1="15.10529" yp1="62.84168" xp2="14.61374" yp2="62.83939" sp="0.05" color="silver" opacity="100"/>
<line xp1="14.61374" yp1="62.83939" xp2="14.31966" yp2="62.83908" sp="0.05" color="silver" opacity="100"/>
<line xp1="14.31966" yp1="62.83908" xp2="14.03088" yp2="62.83852" sp="0.05" color="silver" opacity="100"/>
<line xp1="14.03088" yp1="62.83852" xp2="13.79201" yp2="62.83807" sp="0.05" color="silver" opacity="100"/>
<line xp1="13.79201" yp1="62.83807" xp2="13.45985" yp2="62.85020" sp="0.05" color="silver" opacity="100"/>
<line xp1="13.45985" yp1="62.85020" xp2="13.16983" yp2="62.84880" sp="0.05" color="silver" opacity="100"/>
<line xp1="13.16983" yp1="62.84880" xp2="13.15763" yp2="62.84911" sp="0.05" color="silver" opacity="100"/>
<line xp1="13.15763" yp1="62.84911" xp2="12.80716" yp2="62.85815" sp="0.05" color="silver" opacity="100"/>
<line xp1="12.80716" yp1="62.85815" xp2="12.54352" yp2="62.86591" sp="0.05" color="silver" opacity="100"/>
<line xp1="12.54352" yp1="62.86591" xp2="12.15089" yp2="62.87362" sp="0.05" color="silver" opacity="100"/>
<line xp1="12.15089" yp1="62.87362" xp2="11.86227" yp2="62.87933" sp="0.05" color="silver" opacity="100"/>
<line xp1="11.86227" yp1="62.87933" xp2="11.86192" yp2="62.87933" sp="0.05" color="silver" opacity="100"/>
<line xp1="11.86192" yp1="62.87933" xp2="11.53672" yp2="62.88131" sp="0.05" color="silver" opacity="100"/>
<line xp1="11.53672" yp1="62.88131" xp2="11.07680" yp2="62.86877" sp="0.05" color="silver" opacity="100"/>
<line xp1="11.07680" yp1="62.86877" xp2="10.69961" yp2="62.86585" sp="0.05" color="silver" opacity="100"/>
<line xp1="10.69961" yp1="62.86585" xp2="10.54468" yp2="62.88356" sp="0.05" color="silver" opacity="100"/>
<line xp1="10.54468" yp1="62.88356" xp2="10.41384" yp2="62.87134" sp="0.05" color="silver" opacity="100"/>
<line xp1="10.41384" yp1="62.87134" xp2="10.23452" yp2="62.85459" sp="0.05" color="silver" opacity="100"/>
<line xp1="10.23452" yp1="62.85459" xp2="10.10035" yp2="62.86183" sp="0.05" color="silver" opacity="100"/>
<line xp1="10.10035" yp1="62.86183" xp2="9.97060" yp2="62.85478" sp="0.05" color="silver" opacity="100"/>
<line xp1="9.97060" yp1="62.85478" xp2="9.75846" yp2="62.84325" sp="0.05" color="silver" opacity="100"/>
<line xp1="9.75846" yp1="62.84325" xp2="9.50456" yp2="62.84463" sp="0.05" color="silver" opacity="100"/>
<line xp1="9.50456" yp1="62.84463" xp2="9.22894" yp2="62.84613" sp="0.05" color="silver" opacity="100"/>
<line xp1="9.22894" yp1="62.84613" xp2="8.90522" yp2="62.85274" sp="0.05" color="silver" opacity="100"/>
<line xp1="8.90522" yp1="62.85274" xp2="8.91784" yp2="62.68847" sp="0.05" color="silver" opacity="100"/>
<line xp1="8.91784" yp1="62.68847" xp2="8.89294" yp2="62.41838" sp="0.05" color="silver" opacity="100"/>
<line xp1="8.89294" yp1="62.41838" xp2="8.85380" yp2="62.26371" sp="0.05" color="silver" opacity="100"/>
<line xp1="8.85380" yp1="62.26371" xp2="8.93686" yp2="62.10308" sp="0.05" color="silver" opacity="100"/>
<line xp1="8.93686" yp1="62.10308" xp2="8.99347" yp2="62.08229" sp="0.05" color="silver" opacity="100"/>
<line xp1="8.99347" yp1="62.08229" xp2="9.01003" yp2="62.02653" sp="0.05" color="silver" opacity="100"/>
<line xp1="9.01003" yp1="62.02653" xp2="9.05225" yp2="61.79671" sp="0.05" color="silver" opacity="100"/>
<line xp1="9.05225" yp1="61.79671" xp2="9.10464" yp2="61.56503" sp="0.05" color="silver" opacity="100"/>
<line xp1="9.10464" yp1="61.56503" xp2="9.12696" yp2="61.32782" sp="0.05" color="silver" opacity="100"/>
<line xp1="9.12696" yp1="61.32782" xp2="9.13373" yp2="61.25594" sp="0.05" color="silver" opacity="100"/>
<line xp1="9.13373" yp1="61.25594" xp2="9.08879" yp2="60.82199" sp="0.05" color="silver" opacity="100"/>
<line xp1="9.08879" yp1="60.82199" xp2="9.04204" yp2="60.54207" sp="0.05" color="silver" opacity="100"/>
<line xp1="9.04204" yp1="60.54207" xp2="8.97848" yp2="60.39621" sp="0.05" color="silver" opacity="100"/>
<line xp1="8.97848" yp1="60.39621" xp2="8.99306" yp2="60.24903" sp="0.05" color="silver" opacity="100"/>
<line xp1="8.99306" yp1="60.24903" xp2="9.03777" yp2="60.13858" sp="0.05" color="silver" opacity="100"/>
<line xp1="9.03777" yp1="60.13858" xp2="9.04900" yp2="59.96932" sp="0.05" color="silver" opacity="100"/>
<line xp1="9.04900" yp1="59.96932" xp2="8.95890" yp2="59.55319" sp="0.05" color="silver" opacity="100"/>
<line xp1="8.95890" yp1="59.55319" xp2="8.76715" yp2="59.02755" sp="0.05" color="silver" opacity="100"/>
<line xp1="8.76715" yp1="59.02755" xp2="8.63535" yp2="58.58558" sp="0.05" color="silver" opacity="100"/>
<line xp1="8.63535" yp1="58.58558" xp2="8.63535" yp2="58.58558" sp="0.05" color="silver" opacity="100"/>
<line xp1="32.21544" yp1="52.85711" xp2="32.21529" yp2="52.21568" sp="0.05" color="silver" opacity="100"/>
<line xp1="32.21529" yp1="52.21568" xp2="32.24344" yp2="51.89911" sp="0.05" color="silver" opacity="100"/>
<line xp1="32.24344" yp1="51.89911" xp2="32.24339" yp2="51.86581" sp="0.05" color="silver" opacity="100"/>
<line xp1="32.24339" yp1="51.86581" xp2="32.24215" yp2="51.08881" sp="0.05" color="silver" opacity="100"/>
<line xp1="32.24215" yp1="51.08881" xp2="32.24034" yp2="49.95663" sp="0.05" color="silver" opacity="100"/>
<line xp1="32.24034" yp1="49.95663" xp2="32.23812" yp2="48.56881" sp="0.05" color="silver" opacity="100"/>
<line xp1="32.23812" yp1="48.56881" xp2="32.89183" yp2="48.56939" sp="0.05" color="silver" opacity="100"/>
<line xp1="32.89183" yp1="48.56939" xp2="33.26261" yp2="48.57018" sp="0.05" color="silver" opacity="100"/>
<line xp1="33.26261" yp1="48.57018" xp2="33.84520" yp2="48.57143" sp="0.05" color="silver" opacity="100"/>
<line xp1="33.84520" yp1="48.57143" xp2="34.64348" yp2="48.57144" sp="0.05" color="silver" opacity="100"/>
<line xp1="34.64348" yp1="48.57144" xp2="34.73706" yp2="48.57144" sp="0.05" color="silver" opacity="100"/>
<line xp1="34.73706" yp1="48.57144" xp2="35.57340" yp2="48.57183" sp="0.05" color="silver" opacity="100"/>
<line xp1="35.57340" yp1="48.57183" xp2="35.58493" yp2="48.54979" sp="0.05" color="silver" opacity="100"/>
<line xp1="35.58493" yp1="48.54979" xp2="36.19041" yp2="48.55364" sp="0.05" color="silver" opacity="100"/>
<line xp1="36.19041" yp1="48.55364" xp2="36.39517" yp2="48.55494" sp="0.05" color="silver" opacity="100"/>
<line xp1="36.39517" yp1="48.55494" xp2="36.91336" yp2="48.55825" sp="0.05" color="silver" opacity="100"/>
<line xp1="36.91336" yp1="48.55825" xp2="36.92697" yp2="48.55833" sp="0.05" color="silver" opacity="100"/>
<line xp1="36.92697" yp1="48.55833" xp2="37.35620" yp2="48.55956" sp="0.05" color="silver" opacity="100"/>
<line xp1="37.35620" yp1="48.55956" xp2="37.35928" yp2="48.55957" sp="0.05" color="silver" opacity="100"/>
<line xp1="37.35928" yp1="48.55957" xp2="37.64012" yp2="48.55964" sp="0.05" color="silver" opacity="100"/>
<line xp1="37.64012" yp1="48.55964" xp2="37.81645" yp2="48.55959" sp="0.05" color="silver" opacity="100"/>
<line xp1="37.81645" yp1="48.55959" xp2="38.07493" yp2="48.55887" sp="0.05" color="silver" opacity="100"/>
<line xp1="38.07493" yp1="48.55887" xp2="38.12230" yp2="48.55875" sp="0.05" color="silver" opacity="100"/>
<line xp1="38.12230" yp1="48.55875" xp2="38.22301" yp2="48.55850" sp="0.05" color="silver" opacity="100"/>
<line xp1="38.22301" yp1="48.55850" xp2="38.27569" yp2="48.55837" sp="0.05" color="silver" opacity="100"/>
<line xp1="38.27569" yp1="48.55837" xp2="38.87380" yp2="48.55271" sp="0.05" color="silver" opacity="100"/>
<line xp1="38.87380" yp1="48.55271" xp2="39.47872" yp2="48.55296" sp="0.05" color="silver" opacity="100"/>
<line xp1="39.47872" yp1="48.55296" xp2="39.98792" yp2="48.55995" sp="0.05" color="silver" opacity="100"/>
<line xp1="39.98792" yp1="48.55995" xp2="40.41039" yp2="48.56576" sp="0.05" color="silver" opacity="100"/>
<line xp1="40.41039" yp1="48.56576" xp2="41.40600" yp2="48.57104" sp="0.05" color="silver" opacity="100"/>
<line xp1="41.40600" yp1="48.57104" xp2="41.53508" yp2="48.57173" sp="0.05" color="silver" opacity="100"/>
<line xp1="41.53508" yp1="48.57173" xp2="41.78156" yp2="48.57028" sp="0.05" color="silver" opacity="100"/>
<line xp1="41.78156" yp1="48.57028" xp2="42.00286" yp2="48.55757" sp="0.05" color="silver" opacity="100"/>
<line xp1="42.00286" yp1="48.55757" xp2="42.53033" yp2="48.55573" sp="0.05" color="silver" opacity="100"/>
<line xp1="42.53033" yp1="48.55573" xp2="43.01194" yp2="48.55167" sp="0.05" color="silver" opacity="100"/>
<line xp1="43.01194" yp1="48.55167" xp2="43.01243" yp2="48.67167" sp="0.05" color="silver" opacity="100"/>
<line xp1="43.01243" yp1="48.67167" xp2="43.01233" yp2="48.87586" sp="0.05" color="silver" opacity="100"/>
<line xp1="43.01233" yp1="48.87586" xp2="43.01236" yp2="49.30904" sp="0.05" color="silver" opacity="100"/>
<line xp1="43.01236" yp1="49.30904" xp2="43.01240" yp2="49.68340" sp="0.05" color="silver" opacity="100"/>
<line xp1="43.01240" yp1="49.68340" xp2="43.01248" yp2="50.41222" sp="0.05" color="silver" opacity="100"/>
<line xp1="43.01248" yp1="50.41222" xp2="43.01250" yp2="50.63964" sp="0.05" color="silver" opacity="100"/>
<line xp1="43.01250" yp1="50.63964" xp2="43.01236" yp2="50.68154" sp="0.05" color="silver" opacity="100"/>
<line xp1="43.01236" yp1="50.68154" xp2="43.00884" yp2="51.75146" sp="0.05" color="silver" opacity="100"/>
<line xp1="43.00884" yp1="51.75146" xp2="43.00825" yp2="52.17832" sp="0.05" color="silver" opacity="100"/>
<line xp1="43.00825" yp1="52.17832" xp2="43.00823" yp2="52.19643" sp="0.05" color="silver" opacity="100"/>
<line xp1="43.00823" yp1="52.19643" xp2="43.00778" yp2="52.52691" sp="0.05" color="silver" opacity="100"/>
<line xp1="43.00778" yp1="52.52691" xp2="43.00691" yp2="53.18618" sp="0.05" color="silver" opacity="100"/>
<line xp1="43.00691" yp1="53.18618" xp2="43.00660" yp2="53.42162" sp="0.05" color="silver" opacity="100"/>
<line xp1="43.00660" yp1="53.42162" xp2="43.00528" yp2="54.42011" sp="0.05" color="silver" opacity="100"/>
<line xp1="43.00528" yp1="54.42011" xp2="43.00431" yp2="54.66613" sp="0.05" color="silver" opacity="100"/>
<line xp1="43.00431" yp1="54.66613" xp2="43.00160" yp2="55.35346" sp="0.05" color="silver" opacity="100"/>
<line xp1="43.00160" yp1="55.35346" xp2="43.00006" yp2="55.90908" sp="0.05" color="silver" opacity="100"/>
<line xp1="43.00006" yp1="55.90908" xp2="43.00001" yp2="55.92587" sp="0.05" color="silver" opacity="100"/>
<line xp1="43.00001" yp1="55.92587" xp2="42.99807" yp2="56.62569" sp="0.05" color="silver" opacity="100"/>
<line xp1="42.99807" yp1="56.62569" xp2="42.99732" yp2="57.15165" sp="0.05" color="silver" opacity="100"/>
<line xp1="42.99732" yp1="57.15165" xp2="42.99799" yp2="58.10966" sp="0.05" color="silver" opacity="100"/>
<line xp1="42.99799" yp1="58.10966" xp2="42.99799" yp2="58.14063" sp="0.05" color="silver" opacity="100"/>
<line xp1="42.99799" yp1="58.14063" xp2="42.99799" yp2="58.40002" sp="0.05" color="silver" opacity="100"/>
<line xp1="42.99799" yp1="58.40002" xp2="42.99801" yp2="59.13585" sp="0.05" color="silver" opacity="100"/>
<line xp1="42.99801" yp1="59.13585" xp2="42.99801" yp2="59.28455" sp="0.05" color="silver" opacity="100"/>
<line xp1="42.99801" yp1="59.28455" xp2="42.99752" yp2="60.00679" sp="0.05" color="silver" opacity="100"/>
<line xp1="42.99752" yp1="60.00679" xp2="42.99736" yp2="60.00679" sp="0.05" color="silver" opacity="100"/>
<line xp1="42.99736" yp1="60.00679" xp2="42.22032" yp2="60.00634" sp="0.05" color="silver" opacity="100"/>
<line xp1="42.22032" yp1="60.00634" xp2="42.12149" yp2="60.00635" sp="0.05" color="silver" opacity="100"/>
<line xp1="42.12149" yp1="60.00635" xp2="42.07159" yp2="60.00636" sp="0.05" color="silver" opacity="100"/>
<line xp1="42.07159" yp1="60.00636" xp2="41.42071" yp2="60.00644" sp="0.05" color="silver" opacity="100"/>
<line xp1="41.42071" yp1="60.00644" xp2="40.95001" yp2="60.00550" sp="0.05" color="silver" opacity="100"/>
<line xp1="40.95001" yp1="60.00550" xp2="40.65573" yp2="60.00492" sp="0.05" color="silver" opacity="100"/>
<line xp1="40.65573" yp1="60.00492" xp2="40.65458" yp2="60.00492" sp="0.05" color="silver" opacity="100"/>
<line xp1="40.65458" yp1="60.00492" xp2="39.91808" yp2="60.00402" sp="0.05" color="silver" opacity="100"/>
<line xp1="39.91808" yp1="60.00402" xp2="39.23530" yp2="60.00516" sp="0.05" color="silver" opacity="100"/>
<line xp1="39.23530" yp1="60.00516" xp2="38.68420" yp2="59.99442" sp="0.05" color="silver" opacity="100"/>
<line xp1="38.68420" yp1="59.99442" xp2="38.54866" yp2="59.99450" sp="0.05" color="silver" opacity="100"/>
<line xp1="38.54866" yp1="59.99450" xp2="38.03560" yp2="59.99478" sp="0.05" color="silver" opacity="100"/>
<line xp1="38.03560" yp1="59.99478" xp2="38.03517" yp2="59.99478" sp="0.05" color="silver" opacity="100"/>
<line xp1="38.03517" yp1="59.99478" xp2="36.62992" yp2="59.99356" sp="0.05" color="silver" opacity="100"/>
<line xp1="36.62992" yp1="59.99356" xp2="36.58835" yp2="59.99353" sp="0.05" color="silver" opacity="100"/>
<line xp1="36.58835" yp1="59.99353" xp2="36.42897" yp2="59.99490" sp="0.05" color="silver" opacity="100"/>
<line xp1="36.42897" yp1="59.99490" xp2="35.59942" yp2="60.00205" sp="0.05" color="silver" opacity="100"/>
<line xp1="35.59942" yp1="60.00205" xp2="34.89570" yp2="60.00812" sp="0.05" color="silver" opacity="100"/>
<line xp1="34.89570" yp1="60.00812" xp2="34.81932" yp2="60.00878" sp="0.05" color="silver" opacity="100"/>
<line xp1="34.81932" yp1="60.00878" xp2="33.97166" yp2="60.00351" sp="0.05" color="silver" opacity="100"/>
<line xp1="33.97166" yp1="60.00351" xp2="33.46054" yp2="60.00033" sp="0.05" color="silver" opacity="100"/>
<line xp1="33.46054" yp1="60.00033" xp2="32.23065" yp2="60.00188" sp="0.05" color="silver" opacity="100"/>
<line xp1="32.23065" yp1="60.00188" xp2="32.23315" yp2="59.50309" sp="0.05" color="silver" opacity="100"/>
<line xp1="32.23315" yp1="59.50309" xp2="32.23345" yp2="59.03601" sp="0.05" color="silver" opacity="100"/>
<line xp1="32.23345" yp1="59.03601" xp2="32.23346" yp2="59.01029" sp="0.05" color="silver" opacity="100"/>
<line xp1="32.23346" yp1="59.01029" xp2="32.22964" yp2="57.77902" sp="0.05" color="silver" opacity="100"/>
<line xp1="32.22964" yp1="57.77902" xp2="32.22927" yp2="57.65957" sp="0.05" color="silver" opacity="100"/>
<line xp1="32.22927" yp1="57.65957" xp2="32.22982" yp2="56.78563" sp="0.05" color="silver" opacity="100"/>
<line xp1="32.22982" yp1="56.78563" xp2="32.22943" yp2="56.17278" sp="0.05" color="silver" opacity="100"/>
<line xp1="32.22943" yp1="56.17278" xp2="32.22913" yp2="55.70783" sp="0.05" color="silver" opacity="100"/>
<line xp1="32.22913" yp1="55.70783" xp2="32.22889" yp2="55.33336" sp="0.05" color="silver" opacity="100"/>
<line xp1="32.22889" yp1="55.33336" xp2="32.22844" yp2="54.64599" sp="0.05" color="silver" opacity="100"/>
<line xp1="32.22844" yp1="54.64599" xp2="32.21544" yp2="52.85711" sp="0.05" color="silver" opacity="100"/>
<line xp1="32.21544" yp1="52.85711" xp2="32.21544" yp2="52.85711" sp="0.05" color="silver" opacity="100"/>
<line xp1="86.62164" yp1="60.32930" xp2="86.57265" yp2="60.28770" sp="0.05" color="silver" opacity="100"/>
<line xp1="86.57265" yp1="60.28770" xp2="86.67764" yp2="60.05102" sp="0.05" color="silver" opacity="100"/>
<line xp1="86.67764" yp1="60.05102" xp2="86.67790" yp2="60.01153" sp="0.05" color="silver" opacity="100"/>
<line xp1="86.67790" yp1="60.01153" xp2="86.68096" yp2="59.95864" sp="0.05" color="silver" opacity="100"/>
<line xp1="86.68096" yp1="59.95864" xp2="86.68102" yp2="59.95763" sp="0.05" color="silver" opacity="100"/>
<line xp1="86.68102" yp1="59.95763" xp2="86.77585" yp2="60.04570" sp="0.05" color="silver" opacity="100"/>
<line xp1="86.77585" yp1="60.04570" xp2="86.82774" yp2="60.04799" sp="0.05" color="silver" opacity="100"/>
<line xp1="86.82774" yp1="60.04799" xp2="86.89707" yp2="60.11068" sp="0.05" color="silver" opacity="100"/>
<line xp1="86.89707" yp1="60.11068" xp2="86.97194" yp2="60.14671" sp="0.05" color="silver" opacity="100"/>
<line xp1="86.97194" yp1="60.14671" xp2="87.04282" yp2="60.13589" sp="0.05" color="silver" opacity="100"/>
<line xp1="87.04282" yp1="60.13589" xp2="87.09657" yp2="60.16642" sp="0.05" color="silver" opacity="100"/>
<line xp1="87.09657" yp1="60.16642" xp2="87.14734" yp2="60.24468" sp="0.05" color="silver" opacity="100"/>
<line xp1="87.14734" yp1="60.24468" xp2="87.11954" yp2="60.29720" sp="0.05" color="silver" opacity="100"/>
<line xp1="87.11954" yp1="60.29720" xp2="87.18360" yp2="60.31427" sp="0.05" color="silver" opacity="100"/>
<line xp1="87.18360" yp1="60.31427" xp2="87.23505" yp2="60.32477" sp="0.05" color="silver" opacity="100"/>
<line xp1="87.23505" yp1="60.32477" xp2="87.27720" yp2="60.33336" sp="0.05" color="silver" opacity="100"/>
<line xp1="87.27720" yp1="60.33336" xp2="87.28868" yp2="60.33570" sp="0.05" color="silver" opacity="100"/>
<line xp1="87.28868" yp1="60.33570" xp2="87.38053" yp2="60.45170" sp="0.05" color="silver" opacity="100"/>
<line xp1="87.38053" yp1="60.45170" xp2="87.42641" yp2="60.43841" sp="0.05" color="silver" opacity="100"/>
<line xp1="87.42641" yp1="60.43841" xp2="87.49192" yp2="60.41942" sp="0.05" color="silver" opacity="100"/>
<line xp1="87.49192" yp1="60.41942" xp2="87.52561" yp2="60.43919" sp="0.05" color="silver" opacity="100"/>
<line xp1="87.52561" yp1="60.43919" xp2="87.53666" yp2="60.46779" sp="0.05" color="silver" opacity="100"/>
<line xp1="87.53666" yp1="60.46779" xp2="87.57008" yp2="60.55433" sp="0.05" color="silver" opacity="100"/>
<line xp1="87.57008" yp1="60.55433" xp2="87.66085" yp2="60.58971" sp="0.05" color="silver" opacity="100"/>
<line xp1="87.66085" yp1="60.58971" xp2="87.71347" yp2="60.66713" sp="0.05" color="silver" opacity="100"/>
<line xp1="87.71347" yp1="60.66713" xp2="87.71563" yp2="60.66912" sp="0.05" color="silver" opacity="100"/>
<line xp1="87.71563" yp1="60.66912" xp2="87.73768" yp2="60.68936" sp="0.05" color="silver" opacity="100"/>
<line xp1="87.73768" yp1="60.68936" xp2="87.79131" yp2="60.73856" sp="0.05" color="silver" opacity="100"/>
<line xp1="87.79131" yp1="60.73856" xp2="87.84010" yp2="60.71198" sp="0.05" color="silver" opacity="100"/>
<line xp1="87.84010" yp1="60.71198" xp2="87.87470" yp2="60.69313" sp="0.05" color="silver" opacity="100"/>
<line xp1="87.87470" yp1="60.69313" xp2="88.02132" yp2="60.75656" sp="0.05" color="silver" opacity="100"/>
<line xp1="88.02132" yp1="60.75656" xp2="88.06101" yp2="60.68924" sp="0.05" color="silver" opacity="100"/>
<line xp1="88.06101" yp1="60.68924" xp2="88.16856" yp2="60.70485" sp="0.05" color="silver" opacity="100"/>
<line xp1="88.16856" yp1="60.70485" xp2="88.22407" yp2="60.75893" sp="0.05" color="silver" opacity="100"/>
<line xp1="88.22407" yp1="60.75893" xp2="88.22486" yp2="60.75971" sp="0.05" color="silver" opacity="100"/>
<line xp1="88.22486" yp1="60.75971" xp2="88.31071" yp2="60.76771" sp="0.05" color="silver" opacity="100"/>
<line xp1="88.31071" yp1="60.76771" xp2="88.38887" yp2="60.71571" sp="0.05" color="silver" opacity="100"/>
<line xp1="88.38887" yp1="60.71571" xp2="88.40836" yp2="60.72521" sp="0.05" color="silver" opacity="100"/>
<line xp1="88.40836" yp1="60.72521" xp2="88.50379" yp2="60.77172" sp="0.05" color="silver" opacity="100"/>
<line xp1="88.50379" yp1="60.77172" xp2="88.60626" yp2="60.79542" sp="0.05" color="silver" opacity="100"/>
<line xp1="88.60626" yp1="60.79542" xp2="88.63596" yp2="60.74799" sp="0.05" color="silver" opacity="100"/>
<line xp1="88.63596" yp1="60.74799" xp2="88.69440" yp2="60.79270" sp="0.05" color="silver" opacity="100"/>
<line xp1="88.69440" yp1="60.79270" xp2="88.70767" yp2="60.79386" sp="0.05" color="silver" opacity="100"/>
<line xp1="88.70767" yp1="60.79386" xp2="88.77993" yp2="60.80013" sp="0.05" color="silver" opacity="100"/>
<line xp1="88.77993" yp1="60.80013" xp2="88.86841" yp2="60.85832" sp="0.05" color="silver" opacity="100"/>
<line xp1="88.86841" yp1="60.85832" xp2="88.92089" yp2="60.90199" sp="0.05" color="silver" opacity="100"/>
<line xp1="88.92089" yp1="60.90199" xp2="89.02428" yp2="60.85542" sp="0.05" color="silver" opacity="100"/>
<line xp1="89.02428" yp1="60.85542" xp2="89.08547" yp2="60.89761" sp="0.05" color="silver" opacity="100"/>
<line xp1="89.08547" yp1="60.89761" xp2="89.19708" yp2="60.90525" sp="0.05" color="silver" opacity="100"/>
<line xp1="89.19708" yp1="60.90525" xp2="89.29731" yp2="60.94249" sp="0.05" color="silver" opacity="100"/>
<line xp1="89.29731" yp1="60.94249" xp2="89.40569" yp2="60.96117" sp="0.05" color="silver" opacity="100"/>
<line xp1="89.40569" yp1="60.96117" xp2="89.44536" yp2="60.91499" sp="0.05" color="silver" opacity="100"/>
<line xp1="89.44536" yp1="60.91499" xp2="89.48315" yp2="61.01124" sp="0.05" color="silver" opacity="100"/>
<line xp1="89.48315" yp1="61.01124" xp2="89.47746" yp2="61.17748" sp="0.05" color="silver" opacity="100"/>
<line xp1="89.47746" yp1="61.17748" xp2="89.54203" yp2="61.19060" sp="0.05" color="silver" opacity="100"/>
<line xp1="89.54203" yp1="61.19060" xp2="89.54204" yp2="61.19117" sp="0.05" color="silver" opacity="100"/>
<line xp1="89.54204" yp1="61.19117" xp2="89.55483" yp2="61.70529" sp="0.05" color="silver" opacity="100"/>
<line xp1="89.55483" yp1="61.70529" xp2="89.55484" yp2="61.70546" sp="0.05" color="silver" opacity="100"/>
<line xp1="89.55484" yp1="61.70546" xp2="89.55467" yp2="61.82862" sp="0.05" color="silver" opacity="100"/>
<line xp1="89.55467" yp1="61.82862" xp2="89.55434" yp2="62.07067" sp="0.05" color="silver" opacity="100"/>
<line xp1="89.55434" yp1="62.07067" xp2="89.55431" yp2="62.07199" sp="0.05" color="silver" opacity="100"/>
<line xp1="89.55431" yp1="62.07199" xp2="89.54959" yp2="62.30572" sp="0.05" color="silver" opacity="100"/>
<line xp1="89.54959" yp1="62.30572" xp2="89.53963" yp2="62.88019" sp="0.05" color="silver" opacity="100"/>
<line xp1="89.53963" yp1="62.88019" xp2="89.53746" yp2="62.92448" sp="0.05" color="silver" opacity="100"/>
<line xp1="89.53746" yp1="62.92448" xp2="89.40819" yp2="62.92874" sp="0.05" color="silver" opacity="100"/>
<line xp1="89.40819" yp1="62.92874" xp2="89.25027" yp2="62.93394" sp="0.05" color="silver" opacity="100"/>
<line xp1="89.25027" yp1="62.93394" xp2="89.07360" yp2="62.93894" sp="0.05" color="silver" opacity="100"/>
<line xp1="89.07360" yp1="62.93894" xp2="89.02195" yp2="62.94041" sp="0.05" color="silver" opacity="100"/>
<line xp1="89.02195" yp1="62.94041" xp2="88.92485" yp2="62.94315" sp="0.05" color="silver" opacity="100"/>
<line xp1="88.92485" yp1="62.94315" xp2="88.74285" yp2="62.94831" sp="0.05" color="silver" opacity="100"/>
<line xp1="88.74285" yp1="62.94831" xp2="88.61927" yp2="62.95090" sp="0.05" color="silver" opacity="100"/>
<line xp1="88.61927" yp1="62.95090" xp2="88.44742" yp2="62.95452" sp="0.05" color="silver" opacity="100"/>
<line xp1="88.44742" yp1="62.95452" xp2="88.41826" yp2="62.95513" sp="0.05" color="silver" opacity="100"/>
<line xp1="88.41826" yp1="62.95513" xp2="88.29549" yp2="62.94513" sp="0.05" color="silver" opacity="100"/>
<line xp1="88.29549" yp1="62.94513" xp2="88.09924" yp2="62.96114" sp="0.05" color="silver" opacity="100"/>
<line xp1="88.09924" yp1="62.96114" xp2="88.05117" yp2="62.86570" sp="0.05" color="silver" opacity="100"/>
<line xp1="88.05117" yp1="62.86570" xp2="88.03883" yp2="62.86323" sp="0.05" color="silver" opacity="100"/>
<line xp1="88.03883" yp1="62.86323" xp2="87.98450" yp2="62.85233" sp="0.05" color="silver" opacity="100"/>
<line xp1="87.98450" yp1="62.85233" xp2="87.92747" yp2="62.96255" sp="0.05" color="silver" opacity="100"/>
<line xp1="87.92747" yp1="62.96255" xp2="87.69300" yp2="62.96758" sp="0.05" color="silver" opacity="100"/>
<line xp1="87.69300" yp1="62.96758" xp2="87.67883" yp2="62.96830" sp="0.05" color="silver" opacity="100"/>
<line xp1="87.67883" yp1="62.96830" xp2="87.61016" yp2="62.97176" sp="0.05" color="silver" opacity="100"/>
<line xp1="87.61016" yp1="62.97176" xp2="87.49657" yp2="62.97749" sp="0.05" color="silver" opacity="100"/>
<line xp1="87.49657" yp1="62.97749" xp2="87.33684" yp2="62.98556" sp="0.05" color="silver" opacity="100"/>
<line xp1="87.33684" yp1="62.98556" xp2="86.94259" yp2="62.99897" sp="0.05" color="silver" opacity="100"/>
<line xp1="86.94259" yp1="62.99897" xp2="86.91537" yp2="62.35364" sp="0.05" color="silver" opacity="100"/>
<line xp1="86.91537" yp1="62.35364" xp2="86.89551" yp2="61.90492" sp="0.05" color="silver" opacity="100"/>
<line xp1="86.89551" yp1="61.90492" xp2="86.89228" yp2="61.83199" sp="0.05" color="silver" opacity="100"/>
<line xp1="86.89228" yp1="61.83199" xp2="86.87742" yp2="61.50617" sp="0.05" color="silver" opacity="100"/>
<line xp1="86.87742" yp1="61.50617" xp2="86.86620" yp2="61.26027" sp="0.05" color="silver" opacity="100"/>
<line xp1="86.86620" yp1="61.26027" xp2="86.85670" yp2="61.07649" sp="0.05" color="silver" opacity="100"/>
<line xp1="86.85670" yp1="61.07649" xp2="86.85664" yp2="61.07542" sp="0.05" color="silver" opacity="100"/>
<line xp1="86.85664" yp1="61.07542" xp2="86.85645" yp2="61.07175" sp="0.05" color="silver" opacity="100"/>
<line xp1="86.85645" yp1="61.07175" xp2="86.85518" yp2="61.04710" sp="0.05" color="silver" opacity="100"/>
<line xp1="86.85518" yp1="61.04710" xp2="86.84468" yp2="60.84406" sp="0.05" color="silver" opacity="100"/>
<line xp1="86.84468" yp1="60.84406" xp2="86.94968" yp2="60.60789" sp="0.05" color="silver" opacity="100"/>
<line xp1="86.94968" yp1="60.60789" xp2="86.62164" yp2="60.32930" sp="0.05" color="silver" opacity="100"/>
<line xp1="86.62164" yp1="60.32930" xp2="86.62164" yp2="60.32930" sp="0.05" color="silver" opacity="100"/>
<line xp1="83.42494" yp1="56.34914" xp2="83.40216" yp2="56.34914" sp="0.05" color="silver" opacity="100"/>
<line xp1="83.40216" yp1="56.34914" xp2="83.43553" yp2="55.36472" sp="0.05" color="silver" opacity="100"/>
<line xp1="83.43553" yp1="55.36472" xp2="83.43555" yp2="55.36428" sp="0.05" color="silver" opacity="100"/>
<line xp1="83.43555" yp1="55.36428" xp2="83.44547" yp2="55.13368" sp="0.05" color="silver" opacity="100"/>
<line xp1="83.44547" yp1="55.13368" xp2="83.45164" yp2="54.99054" sp="0.05" color="silver" opacity="100"/>
<line xp1="83.45164" yp1="54.99054" xp2="83.46438" yp2="54.69466" sp="0.05" color="silver" opacity="100"/>
<line xp1="83.46438" yp1="54.69466" xp2="83.50292" yp2="53.79950" sp="0.05" color="silver" opacity="100"/>
<line xp1="83.50292" yp1="53.79950" xp2="83.52684" yp2="53.24396" sp="0.05" color="silver" opacity="100"/>
<line xp1="83.52684" yp1="53.24396" xp2="83.52684" yp2="53.24381" sp="0.05" color="silver" opacity="100"/>
<line xp1="83.52684" yp1="53.24381" xp2="83.53573" yp2="53.03076" sp="0.05" color="silver" opacity="100"/>
<line xp1="83.53573" yp1="53.03076" xp2="83.53787" yp2="52.97927" sp="0.05" color="silver" opacity="100"/>
<line xp1="83.53787" yp1="52.97927" xp2="83.54812" yp2="52.74322" sp="0.05" color="silver" opacity="100"/>
<line xp1="83.54812" yp1="52.74322" xp2="83.87803" yp2="52.72485" sp="0.05" color="silver" opacity="100"/>
<line xp1="83.87803" yp1="52.72485" xp2="84.09033" yp2="52.72125" sp="0.05" color="silver" opacity="100"/>
<line xp1="84.09033" yp1="52.72125" xp2="84.33007" yp2="52.71718" sp="0.05" color="silver" opacity="100"/>
<line xp1="84.33007" yp1="52.71718" xp2="84.54009" yp2="52.71789" sp="0.05" color="silver" opacity="100"/>
<line xp1="84.54009" yp1="52.71789" xp2="84.53235" yp2="52.96078" sp="0.05" color="silver" opacity="100"/>
<line xp1="84.53235" yp1="52.96078" xp2="84.50492" yp2="53.41856" sp="0.05" color="silver" opacity="100"/>
<line xp1="84.50492" yp1="53.41856" xp2="84.47773" yp2="53.70628" sp="0.05" color="silver" opacity="100"/>
<line xp1="84.47773" yp1="53.70628" xp2="84.44103" yp2="53.66571" sp="0.05" color="silver" opacity="100"/>
<line xp1="84.44103" yp1="53.66571" xp2="84.37074" yp2="53.68627" sp="0.05" color="silver" opacity="100"/>
<line xp1="84.37074" yp1="53.68627" xp2="84.25842" yp2="53.84073" sp="0.05" color="silver" opacity="100"/>
<line xp1="84.25842" yp1="53.84073" xp2="84.14757" yp2="54.03760" sp="0.05" color="silver" opacity="100"/>
<line xp1="84.14757" yp1="54.03760" xp2="84.14992" yp2="54.11143" sp="0.05" color="silver" opacity="100"/>
<line xp1="84.14992" yp1="54.11143" xp2="84.14361" yp2="54.13617" sp="0.05" color="silver" opacity="100"/>
<line xp1="84.14361" yp1="54.13617" xp2="84.09094" yp2="54.34274" sp="0.05" color="silver" opacity="100"/>
<line xp1="84.09094" yp1="54.34274" xp2="84.00573" yp2="54.45110" sp="0.05" color="silver" opacity="100"/>
<line xp1="84.00573" yp1="54.45110" xp2="83.98850" yp2="54.66773" sp="0.05" color="silver" opacity="100"/>
<line xp1="83.98850" yp1="54.66773" xp2="84.00802" yp2="54.82387" sp="0.05" color="silver" opacity="100"/>
<line xp1="84.00802" yp1="54.82387" xp2="83.98711" yp2="55.04199" sp="0.05" color="silver" opacity="100"/>
<line xp1="83.98711" yp1="55.04199" xp2="83.89335" yp2="55.23091" sp="0.05" color="silver" opacity="100"/>
<line xp1="83.89335" yp1="55.23091" xp2="83.83747" yp2="55.34398" sp="0.05" color="silver" opacity="100"/>
<line xp1="83.83747" yp1="55.34398" xp2="83.81280" yp2="55.39392" sp="0.05" color="silver" opacity="100"/>
<line xp1="83.81280" yp1="55.39392" xp2="83.73565" yp2="55.53971" sp="0.05" color="silver" opacity="100"/>
<line xp1="83.73565" yp1="55.53971" xp2="83.70297" yp2="55.65482" sp="0.05" color="silver" opacity="100"/>
<line xp1="83.70297" yp1="55.65482" xp2="83.80294" yp2="55.70890" sp="0.05" color="silver" opacity="100"/>
<line xp1="83.80294" yp1="55.70890" xp2="83.80358" yp2="55.81508" sp="0.05" color="silver" opacity="100"/>
<line xp1="83.80358" yp1="55.81508" xp2="83.82657" yp2="55.93714" sp="0.05" color="silver" opacity="100"/>
<line xp1="83.82657" yp1="55.93714" xp2="83.77852" yp2="55.98857" sp="0.05" color="silver" opacity="100"/>
<line xp1="83.77852" yp1="55.98857" xp2="83.75470" yp2="56.08518" sp="0.05" color="silver" opacity="100"/>
<line xp1="83.75470" yp1="56.08518" xp2="83.79209" yp2="56.13489" sp="0.05" color="silver" opacity="100"/>
<line xp1="83.79209" yp1="56.13489" xp2="83.83117" yp2="56.24604" sp="0.05" color="silver" opacity="100"/>
<line xp1="83.83117" yp1="56.24604" xp2="83.88055" yp2="56.32861" sp="0.05" color="silver" opacity="100"/>
<line xp1="83.88055" yp1="56.32861" xp2="83.90856" yp2="56.47375" sp="0.05" color="silver" opacity="100"/>
<line xp1="83.90856" yp1="56.47375" xp2="83.97683" yp2="56.57691" sp="0.05" color="silver" opacity="100"/>
<line xp1="83.97683" yp1="56.57691" xp2="83.87507" yp2="56.65483" sp="0.05" color="silver" opacity="100"/>
<line xp1="83.87507" yp1="56.65483" xp2="83.73780" yp2="56.68339" sp="0.05" color="silver" opacity="100"/>
<line xp1="83.73780" yp1="56.68339" xp2="83.72362" yp2="56.67833" sp="0.05" color="silver" opacity="100"/>
<line xp1="83.72362" yp1="56.67833" xp2="83.70375" yp2="56.67123" sp="0.05" color="silver" opacity="100"/>
<line xp1="83.70375" yp1="56.67123" xp2="83.70105" yp2="56.67027" sp="0.05" color="silver" opacity="100"/>
<line xp1="83.70105" yp1="56.67027" xp2="83.59562" yp2="56.63264" sp="0.05" color="silver" opacity="100"/>
<line xp1="83.59562" yp1="56.63264" xp2="83.51222" yp2="56.54950" sp="0.05" color="silver" opacity="100"/>
<line xp1="83.51222" yp1="56.54950" xp2="83.45657" yp2="56.45140" sp="0.05" color="silver" opacity="100"/>
<line xp1="83.45657" yp1="56.45140" xp2="83.42494" yp2="56.34914" sp="0.05" color="silver" opacity="100"/>
<line xp1="83.42494" yp1="56.34914" xp2="83.42494" yp2="56.34914" sp="0.05" color="silver" opacity="100"/>
<line xp1="81.35422" yp1="54.09812" xp2="81.39969" yp2="54.01203" sp="0.05" color="silver" opacity="100"/>
<line xp1="81.39969" yp1="54.01203" xp2="81.47831" yp2="53.90889" sp="0.05" color="silver" opacity="100"/>
<line xp1="81.47831" yp1="53.90889" xp2="81.47836" yp2="53.83221" sp="0.05" color="silver" opacity="100"/>
<line xp1="81.47836" yp1="53.83221" xp2="81.47845" yp2="53.69041" sp="0.05" color="silver" opacity="100"/>
<line xp1="81.47845" yp1="53.69041" xp2="81.57000" yp2="53.82232" sp="0.05" color="silver" opacity="100"/>
<line xp1="81.57000" yp1="53.82232" xp2="81.67786" yp2="53.97958" sp="0.05" color="silver" opacity="100"/>
<line xp1="81.67786" yp1="53.97958" xp2="81.53454" yp2="54.18723" sp="0.05" color="silver" opacity="100"/>
<line xp1="81.53454" yp1="54.18723" xp2="81.47536" yp2="54.27299" sp="0.05" color="silver" opacity="100"/>
<line xp1="81.47536" yp1="54.27299" xp2="81.35422" yp2="54.09812" sp="0.05" color="silver" opacity="100"/>
<line xp1="81.35422" yp1="54.09812" xp2="81.35422" yp2="54.09812" sp="0.05" color="silver" opacity="100"/>
<line xp1="74.13586" yp1="13.05356" xp2="74.13456" yp2="12.98705" sp="0.05" color="silver" opacity="100"/>
<line xp1="74.13456" yp1="12.98705" xp2="74.33040" yp2="13.02479" sp="0.05" color="silver" opacity="100"/>
<line xp1="74.33040" yp1="13.02479" xp2="74.46872" yp2="13.12316" sp="0.05" color="silver" opacity="100"/>
<line xp1="74.46872" yp1="13.12316" xp2="74.58861" yp2="13.20354" sp="0.05" color="silver" opacity="100"/>
<line xp1="74.58861" yp1="13.20354" xp2="74.70167" yp2="13.26479" sp="0.05" color="silver" opacity="100"/>
<line xp1="74.70167" yp1="13.26479" xp2="74.76632" yp2="13.21013" sp="0.05" color="silver" opacity="100"/>
<line xp1="74.76632" yp1="13.21013" xp2="74.85817" yp2="13.25078" sp="0.05" color="silver" opacity="100"/>
<line xp1="74.85817" yp1="13.25078" xp2="75.01041" yp2="13.35428" sp="0.05" color="silver" opacity="100"/>
<line xp1="75.01041" yp1="13.35428" xp2="74.91530" yp2="13.58624" sp="0.05" color="silver" opacity="100"/>
<line xp1="74.91530" yp1="13.58624" xp2="74.70229" yp2="13.75247" sp="0.05" color="silver" opacity="100"/>
<line xp1="74.70229" yp1="13.75247" xp2="74.50592" yp2="13.58958" sp="0.05" color="silver" opacity="100"/>
<line xp1="74.50592" yp1="13.58958" xp2="74.48523" yp2="13.53342" sp="0.05" color="silver" opacity="100"/>
<line xp1="74.48523" yp1="13.53342" xp2="74.35025" yp2="13.42718" sp="0.05" color="silver" opacity="100"/>
<line xp1="74.35025" yp1="13.42718" xp2="74.22882" yp2="13.29576" sp="0.05" color="silver" opacity="100"/>
<line xp1="74.22882" yp1="13.29576" xp2="74.13586" yp2="13.05356" sp="0.05" color="silver" opacity="100"/>
<line xp1="74.13586" yp1="13.05356" xp2="74.13586" yp2="13.05356" sp="0.05" color="silver" opacity="100"/>
<line xp1="73.82322" yp1="12.98020" xp2="73.80294" yp2="12.85347" sp="0.05" color="silver" opacity="100"/>
<line xp1="73.80294" yp1="12.85347" xp2="73.97099" yp2="12.85180" sp="0.05" color="silver" opacity="100"/>
<line xp1="73.97099" yp1="12.85180" xp2="74.04814" yp2="13.09749" sp="0.05" color="silver" opacity="100"/>
<line xp1="74.04814" yp1="13.09749" xp2="73.87091" yp2="13.08766" sp="0.05" color="silver" opacity="100"/>
<line xp1="73.87091" yp1="13.08766" xp2="73.82322" yp2="12.98020" sp="0.05" color="silver" opacity="100"/>
<line xp1="73.82322" yp1="12.98020" xp2="73.82322" yp2="12.98020" sp="0.05" color="silver" opacity="100"/>
<line xp1="73.55688" yp1="13.07057" xp2="73.57007" yp2="12.94134" sp="0.05" color="silver" opacity="100"/>
<line xp1="73.57007" yp1="12.94134" xp2="73.69114" yp2="12.95225" sp="0.05" color="silver" opacity="100"/>
<line xp1="73.69114" yp1="12.95225" xp2="73.71286" yp2="13.11449" sp="0.05" color="silver" opacity="100"/>
<line xp1="73.71286" yp1="13.11449" xp2="73.62446" yp2="13.20709" sp="0.05" color="silver" opacity="100"/>
<line xp1="73.62446" yp1="13.20709" xp2="73.55688" yp2="13.07057" sp="0.05" color="silver" opacity="100"/>
<line xp1="73.55688" yp1="13.07057" xp2="73.55688" yp2="13.07057" sp="0.05" color="silver" opacity="100"/>
<line xp1="65.24298" yp1="31.28989" xp2="65.17701" yp2="31.04531" sp="0.05" color="silver" opacity="100"/>
<line xp1="65.17701" yp1="31.04531" xp2="65.31959" yp2="30.76423" sp="0.05" color="silver" opacity="100"/>
<line xp1="65.31959" yp1="30.76423" xp2="65.34828" yp2="30.68081" sp="0.05" color="silver" opacity="100"/>
<line xp1="65.34828" yp1="30.68081" xp2="65.47340" yp2="30.55046" sp="0.05" color="silver" opacity="100"/>
<line xp1="65.47340" yp1="30.55046" xp2="65.53817" yp2="30.44915" sp="0.05" color="silver" opacity="100"/>
<line xp1="65.53817" yp1="30.44915" xp2="65.53663" yp2="30.29824" sp="0.05" color="silver" opacity="100"/>
<line xp1="65.53663" yp1="30.29824" xp2="65.49008" yp2="30.14358" sp="0.05" color="silver" opacity="100"/>
<line xp1="65.49008" yp1="30.14358" xp2="65.46966" yp2="30.02138" sp="0.05" color="silver" opacity="100"/>
<line xp1="65.46966" yp1="30.02138" xp2="65.51587" yp2="29.87797" sp="0.05" color="silver" opacity="100"/>
<line xp1="65.51587" yp1="29.87797" xp2="65.58984" yp2="29.81898" sp="0.05" color="silver" opacity="100"/>
<line xp1="65.58984" yp1="29.81898" xp2="65.48956" yp2="29.72341" sp="0.05" color="silver" opacity="100"/>
<line xp1="65.48956" yp1="29.72341" xp2="65.45803" yp2="29.55456" sp="0.05" color="silver" opacity="100"/>
<line xp1="65.45803" yp1="29.55456" xp2="65.35642" yp2="29.37267" sp="0.05" color="silver" opacity="100"/>
<line xp1="65.35642" yp1="29.37267" xp2="65.50791" yp2="29.42037" sp="0.05" color="silver" opacity="100"/>
<line xp1="65.50791" yp1="29.42037" xp2="65.66228" yp2="29.47947" sp="0.05" color="silver" opacity="100"/>
<line xp1="65.66228" yp1="29.47947" xp2="65.74180" yp2="29.47280" sp="0.05" color="silver" opacity="100"/>
<line xp1="65.74180" yp1="29.47280" xp2="65.80176" yp2="29.48495" sp="0.05" color="silver" opacity="100"/>
<line xp1="65.80176" yp1="29.48495" xp2="65.91478" yp2="29.50785" sp="0.05" color="silver" opacity="100"/>
<line xp1="65.91478" yp1="29.50785" xp2="66.27866" yp2="29.62586" sp="0.05" color="silver" opacity="100"/>
<line xp1="66.27866" yp1="29.62586" xp2="66.38365" yp2="29.65991" sp="0.05" color="silver" opacity="100"/>
<line xp1="66.38365" yp1="29.65991" xp2="66.46222" yp2="29.67018" sp="0.05" color="silver" opacity="100"/>
<line xp1="66.46222" yp1="29.67018" xp2="66.71853" yp2="29.70371" sp="0.05" color="silver" opacity="100"/>
<line xp1="66.71853" yp1="29.70371" xp2="67.05834" yp2="29.65813" sp="0.05" color="silver" opacity="100"/>
<line xp1="67.05834" yp1="29.65813" xp2="67.08095" yp2="29.64999" sp="0.05" color="silver" opacity="100"/>
<line xp1="67.08095" yp1="29.64999" xp2="67.34991" yp2="29.55310" sp="0.05" color="silver" opacity="100"/>
<line xp1="67.34991" yp1="29.55310" xp2="67.55390" yp2="29.43877" sp="0.05" color="silver" opacity="100"/>
<line xp1="67.55390" yp1="29.43877" xp2="67.69240" yp2="29.34509" sp="0.05" color="silver" opacity="100"/>
<line xp1="67.69240" yp1="29.34509" xp2="67.69855" yp2="29.33950" sp="0.05" color="silver" opacity="100"/>
<line xp1="67.69855" yp1="29.33950" xp2="67.98274" yp2="29.08091" sp="0.05" color="silver" opacity="100"/>
<line xp1="67.98274" yp1="29.08091" xp2="68.15875" yp2="28.84826" sp="0.05" color="silver" opacity="100"/>
<line xp1="68.15875" yp1="28.84826" xp2="68.30588" yp2="28.73241" sp="0.05" color="silver" opacity="100"/>
<line xp1="68.30588" yp1="28.73241" xp2="68.35091" yp2="28.64697" sp="0.05" color="silver" opacity="100"/>
<line xp1="68.35091" yp1="28.64697" xp2="68.48036" yp2="28.46065" sp="0.05" color="silver" opacity="100"/>
<line xp1="68.48036" yp1="28.46065" xp2="68.57545" yp2="28.42825" sp="0.05" color="silver" opacity="100"/>
<line xp1="68.57545" yp1="28.42825" xp2="68.63206" yp2="28.35446" sp="0.05" color="silver" opacity="100"/>
<line xp1="68.63206" yp1="28.35446" xp2="68.63888" yp2="28.34557" sp="0.05" color="silver" opacity="100"/>
<line xp1="68.63888" yp1="28.34557" xp2="68.58993" yp2="28.12179" sp="0.05" color="silver" opacity="100"/>
<line xp1="68.58993" yp1="28.12179" xp2="68.61103" yp2="27.88223" sp="0.05" color="silver" opacity="100"/>
<line xp1="68.61103" yp1="27.88223" xp2="68.68828" yp2="27.59939" sp="0.05" color="silver" opacity="100"/>
<line xp1="68.68828" yp1="27.59939" xp2="68.83120" yp2="27.66085" sp="0.05" color="silver" opacity="100"/>
<line xp1="68.83120" yp1="27.66085" xp2="68.89209" yp2="27.61844" sp="0.05" color="silver" opacity="100"/>
<line xp1="68.89209" yp1="27.61844" xp2="68.98875" yp2="27.55111" sp="0.05" color="silver" opacity="100"/>
<line xp1="68.98875" yp1="27.55111" xp2="69.16142" yp2="27.39140" sp="0.05" color="silver" opacity="100"/>
<line xp1="69.16142" yp1="27.39140" xp2="69.42041" yp2="27.58788" sp="0.05" color="silver" opacity="100"/>
<line xp1="69.42041" yp1="27.58788" xp2="69.57392" yp2="27.69197" sp="0.05" color="silver" opacity="100"/>
<line xp1="69.57392" yp1="27.69197" xp2="69.70366" yp2="27.89440" sp="0.05" color="silver" opacity="100"/>
<line xp1="69.70366" yp1="27.89440" xp2="69.84000" yp2="27.96006" sp="0.05" color="silver" opacity="100"/>
<line xp1="69.84000" yp1="27.96006" xp2="69.90004" yp2="28.02909" sp="0.05" color="silver" opacity="100"/>
<line xp1="69.90004" yp1="28.02909" xp2="69.88086" yp2="28.25094" sp="0.05" color="silver" opacity="100"/>
<line xp1="69.88086" yp1="28.25094" xp2="69.94481" yp2="28.31455" sp="0.05" color="silver" opacity="100"/>
<line xp1="69.94481" yp1="28.31455" xp2="70.04566" yp2="28.35578" sp="0.05" color="silver" opacity="100"/>
<line xp1="70.04566" yp1="28.35578" xp2="70.11718" yp2="28.29427" sp="0.05" color="silver" opacity="100"/>
<line xp1="70.11718" yp1="28.29427" xp2="70.23221" yp2="28.27661" sp="0.05" color="silver" opacity="100"/>
<line xp1="70.23221" yp1="28.27661" xp2="70.25578" yp2="28.35349" sp="0.05" color="silver" opacity="100"/>
<line xp1="70.25578" yp1="28.35349" xp2="70.24394" yp2="28.46345" sp="0.05" color="silver" opacity="100"/>
<line xp1="70.24394" yp1="28.46345" xp2="70.23777" yp2="28.48501" sp="0.05" color="silver" opacity="100"/>
<line xp1="70.23777" yp1="28.48501" xp2="70.20598" yp2="28.59618" sp="0.05" color="silver" opacity="100"/>
<line xp1="70.20598" yp1="28.59618" xp2="70.32350" yp2="28.73485" sp="0.05" color="silver" opacity="100"/>
<line xp1="70.32350" yp1="28.73485" xp2="70.44922" yp2="28.81365" sp="0.05" color="silver" opacity="100"/>
<line xp1="70.44922" yp1="28.81365" xp2="70.49362" yp2="28.78053" sp="0.05" color="silver" opacity="100"/>
<line xp1="70.49362" yp1="28.78053" xp2="70.57709" yp2="28.83029" sp="0.05" color="silver" opacity="100"/>
<line xp1="70.57709" yp1="28.83029" xp2="70.65210" yp2="28.85454" sp="0.05" color="silver" opacity="100"/>
<line xp1="70.65210" yp1="28.85454" xp2="70.67232" yp2="28.86108" sp="0.05" color="silver" opacity="100"/>
<line xp1="70.67232" yp1="28.86108" xp2="70.76813" yp2="28.84631" sp="0.05" color="silver" opacity="100"/>
<line xp1="70.76813" yp1="28.84631" xp2="70.78106" yp2="28.82648" sp="0.05" color="silver" opacity="100"/>
<line xp1="70.78106" yp1="28.82648" xp2="70.87460" yp2="28.68305" sp="0.05" color="silver" opacity="100"/>
<line xp1="70.87460" yp1="28.68305" xp2="71.09426" yp2="28.50566" sp="0.05" color="silver" opacity="100"/>
<line xp1="71.09426" yp1="28.50566" xp2="71.26274" yp2="28.33861" sp="0.05" color="silver" opacity="100"/>
<line xp1="71.26274" yp1="28.33861" xp2="71.34611" yp2="28.16255" sp="0.05" color="silver" opacity="100"/>
<line xp1="71.34611" yp1="28.16255" xp2="71.41070" yp2="27.96373" sp="0.05" color="silver" opacity="100"/>
<line xp1="71.41070" yp1="27.96373" xp2="71.48055" yp2="27.78017" sp="0.05" color="silver" opacity="100"/>
<line xp1="71.48055" yp1="27.78017" xp2="71.56374" yp2="27.71012" sp="0.05" color="silver" opacity="100"/>
<line xp1="71.56374" yp1="27.71012" xp2="71.66969" yp2="27.63010" sp="0.05" color="silver" opacity="100"/>
<line xp1="71.66969" yp1="27.63010" xp2="71.67055" yp2="27.61768" sp="0.05" color="silver" opacity="100"/>
<line xp1="71.67055" yp1="27.61768" xp2="71.68451" yp2="27.41591" sp="0.05" color="silver" opacity="100"/>
<line xp1="71.68451" yp1="27.41591" xp2="71.68992" yp2="27.20940" sp="0.05" color="silver" opacity="100"/>
<line xp1="71.68992" yp1="27.20940" xp2="71.83411" yp2="27.05389" sp="0.05" color="silver" opacity="100"/>
<line xp1="71.83411" yp1="27.05389" xp2="71.85424" yp2="26.96549" sp="0.05" color="silver" opacity="100"/>
<line xp1="71.85424" yp1="26.96549" xp2="71.93768" yp2="26.95194" sp="0.05" color="silver" opacity="100"/>
<line xp1="71.93768" yp1="26.95194" xp2="71.99624" yp2="26.84121" sp="0.05" color="silver" opacity="100"/>
<line xp1="71.99624" yp1="26.84121" xp2="72.03766" yp2="26.69911" sp="0.05" color="silver" opacity="100"/>
<line xp1="72.03766" yp1="26.69911" xp2="72.04681" yp2="26.54387" sp="0.05" color="silver" opacity="100"/>
<line xp1="72.04681" yp1="26.54387" xp2="72.05299" yp2="26.53990" sp="0.05" color="silver" opacity="100"/>
<line xp1="72.05299" yp1="26.53990" xp2="72.14234" yp2="26.48254" sp="0.05" color="silver" opacity="100"/>
<line xp1="72.14234" yp1="26.48254" xp2="72.19272" yp2="26.42279" sp="0.05" color="silver" opacity="100"/>
<line xp1="72.19272" yp1="26.42279" xp2="72.18618" yp2="26.27698" sp="0.05" color="silver" opacity="100"/>
<line xp1="72.18618" yp1="26.27698" xp2="72.22584" yp2="26.08811" sp="0.05" color="silver" opacity="100"/>
<line xp1="72.22584" yp1="26.08811" xp2="72.28270" yp2="26.07249" sp="0.05" color="silver" opacity="100"/>
<line xp1="72.28270" yp1="26.07249" xp2="72.31362" yp2="26.22307" sp="0.05" color="silver" opacity="100"/>
<line xp1="72.31362" yp1="26.22307" xp2="72.41984" yp2="26.19688" sp="0.05" color="silver" opacity="100"/>
<line xp1="72.41984" yp1="26.19688" xp2="72.57373" yp2="26.16693" sp="0.05" color="silver" opacity="100"/>
<line xp1="72.57373" yp1="26.16693" xp2="72.61711" yp2="26.04144" sp="0.05" color="silver" opacity="100"/>
<line xp1="72.61711" yp1="26.04144" xp2="72.57899" yp2="25.99686" sp="0.05" color="silver" opacity="100"/>
<line xp1="72.57899" yp1="25.99686" xp2="72.67738" yp2="25.86912" sp="0.05" color="silver" opacity="100"/>
<line xp1="72.67738" yp1="25.86912" xp2="72.67788" yp2="25.73320" sp="0.05" color="silver" opacity="100"/>
<line xp1="72.67788" yp1="25.73320" xp2="72.68373" yp2="25.71694" sp="0.05" color="silver" opacity="100"/>
<line xp1="72.68373" yp1="25.71694" xp2="72.73252" yp2="25.58145" sp="0.05" color="silver" opacity="100"/>
<line xp1="72.73252" yp1="25.58145" xp2="72.78636" yp2="25.44460" sp="0.05" color="silver" opacity="100"/>
<line xp1="72.78636" yp1="25.44460" xp2="72.72270" yp2="25.28616" sp="0.05" color="silver" opacity="100"/>
<line xp1="72.72270" yp1="25.28616" xp2="72.74904" yp2="25.14367" sp="0.05" color="silver" opacity="100"/>
<line xp1="72.74904" yp1="25.14367" xp2="72.75020" yp2="24.91692" sp="0.05" color="silver" opacity="100"/>
<line xp1="72.75020" yp1="24.91692" xp2="72.81735" yp2="24.84474" sp="0.05" color="silver" opacity="100"/>
<line xp1="72.81735" yp1="24.84474" xp2="72.81737" yp2="24.84022" sp="0.05" color="silver" opacity="100"/>
<line xp1="72.81737" yp1="24.84022" xp2="72.81823" yp2="24.63546" sp="0.05" color="silver" opacity="100"/>
<line xp1="72.81823" yp1="24.63546" xp2="72.83586" yp2="24.41375" sp="0.05" color="silver" opacity="100"/>
<line xp1="72.83586" yp1="24.41375" xp2="72.82299" yp2="24.24124" sp="0.05" color="silver" opacity="100"/>
<line xp1="72.82299" yp1="24.24124" xp2="72.78336" yp2="24.09516" sp="0.05" color="silver" opacity="100"/>
<line xp1="72.78336" yp1="24.09516" xp2="72.77318" yp2="24.05762" sp="0.05" color="silver" opacity="100"/>
<line xp1="72.77318" yp1="24.05762" xp2="72.72083" yp2="23.78593" sp="0.05" color="silver" opacity="100"/>
<line xp1="72.72083" yp1="23.78593" xp2="72.67061" yp2="23.55527" sp="0.05" color="silver" opacity="100"/>
<line xp1="72.67061" yp1="23.55527" xp2="72.52366" yp2="23.35467" sp="0.05" color="silver" opacity="100"/>
<line xp1="72.52366" yp1="23.35467" xp2="72.52402" yp2="23.34907" sp="0.05" color="silver" opacity="100"/>
<line xp1="72.52402" yp1="23.34907" xp2="72.53711" yp2="23.14986" sp="0.05" color="silver" opacity="100"/>
<line xp1="72.53711" yp1="23.14986" xp2="72.57206" yp2="22.91466" sp="0.05" color="silver" opacity="100"/>
<line xp1="72.57206" yp1="22.91466" xp2="72.57180" yp2="22.91152" sp="0.05" color="silver" opacity="100"/>
<line xp1="72.57180" yp1="22.91152" xp2="72.55249" yp2="22.67761" sp="0.05" color="silver" opacity="100"/>
<line xp1="72.55249" yp1="22.67761" xp2="72.54381" yp2="22.44086" sp="0.05" color="silver" opacity="100"/>
<line xp1="72.54381" yp1="22.44086" xp2="72.63042" yp2="22.26172" sp="0.05" color="silver" opacity="100"/>
<line xp1="72.63042" yp1="22.26172" xp2="72.69812" yp2="22.08945" sp="0.05" color="silver" opacity="100"/>
<line xp1="72.69812" yp1="22.08945" xp2="72.71005" yp2="21.93858" sp="0.05" color="silver" opacity="100"/>
<line xp1="72.71005" yp1="21.93858" xp2="72.71834" yp2="21.75135" sp="0.05" color="silver" opacity="100"/>
<line xp1="72.71834" yp1="21.75135" xp2="72.76151" yp2="21.78660" sp="0.05" color="silver" opacity="100"/>
<line xp1="72.76151" yp1="21.78660" xp2="72.84228" yp2="22.00088" sp="0.05" color="silver" opacity="100"/>
<line xp1="72.84228" yp1="22.00088" xp2="72.88458" yp2="22.09345" sp="0.05" color="silver" opacity="100"/>
<line xp1="72.88458" yp1="22.09345" xp2="72.88812" yp2="22.22819" sp="0.05" color="silver" opacity="100"/>
<line xp1="72.88812" yp1="22.22819" xp2="72.94382" yp2="22.33344" sp="0.05" color="silver" opacity="100"/>
<line xp1="72.94382" yp1="22.33344" xp2="72.97480" yp2="22.38954" sp="0.05" color="silver" opacity="100"/>
<line xp1="72.97480" yp1="22.38954" xp2="72.99393" yp2="22.42418" sp="0.05" color="silver" opacity="100"/>
<line xp1="72.99393" yp1="22.42418" xp2="73.09254" yp2="22.35031" sp="0.05" color="silver" opacity="100"/>
<line xp1="73.09254" yp1="22.35031" xp2="73.11777" yp2="22.33596" sp="0.05" color="silver" opacity="100"/>
<line xp1="73.11777" yp1="22.33596" xp2="73.15571" yp2="22.31439" sp="0.05" color="silver" opacity="100"/>
<line xp1="73.15571" yp1="22.31439" xp2="73.18157" yp2="22.19455" sp="0.05" color="silver" opacity="100"/>
<line xp1="73.18157" yp1="22.19455" xp2="73.11133" yp2="22.06573" sp="0.05" color="silver" opacity="100"/>
<line xp1="73.11133" yp1="22.06573" xp2="73.05498" yp2="22.01597" sp="0.05" color="silver" opacity="100"/>
<line xp1="73.05498" yp1="22.01597" xp2="72.99556" yp2="21.84414" sp="0.05" color="silver" opacity="100"/>
<line xp1="72.99556" yp1="21.84414" xp2="72.94672" yp2="21.70292" sp="0.05" color="silver" opacity="100"/>
<line xp1="72.94672" yp1="21.70292" xp2="72.84505" yp2="21.49461" sp="0.05" color="silver" opacity="100"/>
<line xp1="72.84505" yp1="21.49461" xp2="72.73869" yp2="21.51124" sp="0.05" color="silver" opacity="100"/>
<line xp1="72.73869" yp1="21.51124" xp2="72.70305" yp2="21.51739" sp="0.05" color="silver" opacity="100"/>
<line xp1="72.70305" yp1="21.51739" xp2="72.78181" yp2="21.24919" sp="0.05" color="silver" opacity="100"/>
<line xp1="72.78181" yp1="21.24919" xp2="72.84897" yp2="21.11349" sp="0.05" color="silver" opacity="100"/>
<line xp1="72.84897" yp1="21.11349" xp2="72.90680" yp2="20.99662" sp="0.05" color="silver" opacity="100"/>
<line xp1="72.90680" yp1="20.99662" xp2="73.01582" yp2="20.72665" sp="0.05" color="silver" opacity="100"/>
<line xp1="73.01582" yp1="20.72665" xp2="73.05141" yp2="20.59379" sp="0.05" color="silver" opacity="100"/>
<line xp1="73.05141" yp1="20.59379" xp2="73.14973" yp2="20.22674" sp="0.05" color="silver" opacity="100"/>
<line xp1="73.14973" yp1="20.22674" xp2="73.27815" yp2="19.84595" sp="0.05" color="silver" opacity="100"/>
<line xp1="73.27815" yp1="19.84595" xp2="73.36265" yp2="19.59538" sp="0.05" color="silver" opacity="100"/>
<line xp1="73.36265" yp1="19.59538" xp2="73.41455" yp2="19.39802" sp="0.05" color="silver" opacity="100"/>
<line xp1="73.41455" yp1="19.39802" xp2="73.43895" yp2="19.30525" sp="0.05" color="silver" opacity="100"/>
<line xp1="73.43895" yp1="19.30525" xp2="73.43946" yp2="19.13856" sp="0.05" color="silver" opacity="100"/>
<line xp1="73.43946" yp1="19.13856" xp2="73.46862" yp2="18.86027" sp="0.05" color="silver" opacity="100"/>
<line xp1="73.46862" yp1="18.86027" xp2="73.56813" yp2="18.50359" sp="0.05" color="silver" opacity="100"/>
<line xp1="73.56813" yp1="18.50359" xp2="73.65128" yp2="18.38937" sp="0.05" color="silver" opacity="100"/>
<line xp1="73.65128" yp1="18.38937" xp2="73.73075" yp2="18.34874" sp="0.05" color="silver" opacity="100"/>
<line xp1="73.73075" yp1="18.34874" xp2="73.82475" yp2="18.43445" sp="0.05" color="silver" opacity="100"/>
<line xp1="73.82475" yp1="18.43445" xp2="73.91291" yp2="18.43531" sp="0.05" color="silver" opacity="100"/>
<line xp1="73.91291" yp1="18.43531" xp2="73.96368" yp2="18.39045" sp="0.05" color="silver" opacity="100"/>
<line xp1="73.96368" yp1="18.39045" xp2="74.08233" yp2="18.08678" sp="0.05" color="silver" opacity="100"/>
<line xp1="74.08233" yp1="18.08678" xp2="74.08530" yp2="18.07918" sp="0.05" color="silver" opacity="100"/>
<line xp1="74.08530" yp1="18.07918" xp2="74.14026" yp2="17.57785" sp="0.05" color="silver" opacity="100"/>
<line xp1="74.14026" yp1="17.57785" xp2="74.21929" yp2="17.14393" sp="0.05" color="silver" opacity="100"/>
<line xp1="74.21929" yp1="17.14393" xp2="74.26602" yp2="16.87773" sp="0.05" color="silver" opacity="100"/>
<line xp1="74.26602" yp1="16.87773" xp2="74.34980" yp2="16.73330" sp="0.05" color="silver" opacity="100"/>
<line xp1="74.34980" yp1="16.73330" xp2="74.39964" yp2="16.79296" sp="0.05" color="silver" opacity="100"/>
<line xp1="74.39964" yp1="16.79296" xp2="74.43887" yp2="16.83993" sp="0.05" color="silver" opacity="100"/>
<line xp1="74.43887" yp1="16.83993" xp2="74.65809" yp2="16.61980" sp="0.05" color="silver" opacity="100"/>
<line xp1="74.65809" yp1="16.61980" xp2="74.70414" yp2="16.58094" sp="0.05" color="silver" opacity="100"/>
<line xp1="74.70414" yp1="16.58094" xp2="74.79414" yp2="16.50500" sp="0.05" color="silver" opacity="100"/>
<line xp1="74.79414" yp1="16.50500" xp2="74.83694" yp2="16.29579" sp="0.05" color="silver" opacity="100"/>
<line xp1="74.83694" yp1="16.29579" xp2="74.93861" yp2="16.21015" sp="0.05" color="silver" opacity="100"/>
<line xp1="74.93861" yp1="16.21015" xp2="75.01459" yp2="15.99726" sp="0.05" color="silver" opacity="100"/>
<line xp1="75.01459" yp1="15.99726" xp2="75.06431" yp2="15.72839" sp="0.05" color="silver" opacity="100"/>
<line xp1="75.06431" yp1="15.72839" xp2="75.15882" yp2="15.45022" sp="0.05" color="silver" opacity="100"/>
<line xp1="75.15882" yp1="15.45022" xp2="75.15676" yp2="15.23655" sp="0.05" color="silver" opacity="100"/>
<line xp1="75.15676" yp1="15.23655" xp2="75.12168" yp2="14.98816" sp="0.05" color="silver" opacity="100"/>
<line xp1="75.12168" yp1="14.98816" xp2="75.16573" yp2="14.80857" sp="0.05" color="silver" opacity="100"/>
<line xp1="75.16573" yp1="14.80857" xp2="75.26176" yp2="14.62513" sp="0.05" color="silver" opacity="100"/>
<line xp1="75.26176" yp1="14.62513" xp2="75.36985" yp2="14.64401" sp="0.05" color="silver" opacity="100"/>
<line xp1="75.36985" yp1="14.64401" xp2="75.51396" yp2="14.68943" sp="0.05" color="silver" opacity="100"/>
<line xp1="75.51396" yp1="14.68943" xp2="75.57622" yp2="14.78377" sp="0.05" color="silver" opacity="100"/>
<line xp1="75.57622" yp1="14.78377" xp2="75.60282" yp2="14.79292" sp="0.05" color="silver" opacity="100"/>
<line xp1="75.60282" yp1="14.79292" xp2="75.67364" yp2="14.81725" sp="0.05" color="silver" opacity="100"/>
<line xp1="75.67364" yp1="14.81725" xp2="75.77270" yp2="14.70697" sp="0.05" color="silver" opacity="100"/>
<line xp1="75.77270" yp1="14.70697" xp2="75.82984" yp2="14.72151" sp="0.05" color="silver" opacity="100"/>
<line xp1="75.82984" yp1="14.72151" xp2="75.92226" yp2="14.82599" sp="0.05" color="silver" opacity="100"/>
<line xp1="75.92226" yp1="14.82599" xp2="76.08863" yp2="14.87537" sp="0.05" color="silver" opacity="100"/>
<line xp1="76.08863" yp1="14.87537" xp2="76.16093" yp2="14.85659" sp="0.05" color="silver" opacity="100"/>
<line xp1="76.16093" yp1="14.85659" xp2="76.15306" yp2="14.73335" sp="0.05" color="silver" opacity="100"/>
<line xp1="76.15306" yp1="14.73335" xp2="76.12835" yp2="14.55845" sp="0.05" color="silver" opacity="100"/>
<line xp1="76.12835" yp1="14.55845" xp2="75.98328" yp2="14.30570" sp="0.05" color="silver" opacity="100"/>
<line xp1="75.98328" yp1="14.30570" xp2="75.61928" yp2="13.86215" sp="0.05" color="silver" opacity="100"/>
<line xp1="75.61928" yp1="13.86215" xp2="75.32476" yp2="13.63599" sp="0.05" color="silver" opacity="100"/>
<line xp1="75.32476" yp1="13.63599" xp2="75.15582" yp2="13.45851" sp="0.05" color="silver" opacity="100"/>
<line xp1="75.15582" yp1="13.45851" xp2="75.22558" yp2="13.34132" sp="0.05" color="silver" opacity="100"/>
<line xp1="75.22558" yp1="13.34132" xp2="75.43655" yp2="13.45101" sp="0.05" color="silver" opacity="100"/>
<line xp1="75.43655" yp1="13.45101" xp2="75.92125" yp2="13.90323" sp="0.05" color="silver" opacity="100"/>
<line xp1="75.92125" yp1="13.90323" xp2="76.15883" yp2="14.28378" sp="0.05" color="silver" opacity="100"/>
<line xp1="76.15883" yp1="14.28378" xp2="76.37203" yp2="14.72351" sp="0.05" color="silver" opacity="100"/>
<line xp1="76.37203" yp1="14.72351" xp2="76.55607" yp2="15.21949" sp="0.05" color="silver" opacity="100"/>
<line xp1="76.55607" yp1="15.21949" xp2="76.57022" yp2="15.26320" sp="0.05" color="silver" opacity="100"/>
<line xp1="76.57022" yp1="15.26320" xp2="76.67207" yp2="15.57767" sp="0.05" color="silver" opacity="100"/>
<line xp1="76.67207" yp1="15.57767" xp2="76.65227" yp2="15.77473" sp="0.05" color="silver" opacity="100"/>
<line xp1="76.65227" yp1="15.77473" xp2="76.56177" yp2="15.49131" sp="0.05" color="silver" opacity="100"/>
<line xp1="76.56177" yp1="15.49131" xp2="76.44560" yp2="15.39916" sp="0.05" color="silver" opacity="100"/>
<line xp1="76.44560" yp1="15.39916" xp2="76.40454" yp2="15.61606" sp="0.05" color="silver" opacity="100"/>
<line xp1="76.40454" yp1="15.61606" xp2="76.43696" yp2="15.80749" sp="0.05" color="silver" opacity="100"/>
<line xp1="76.43696" yp1="15.80749" xp2="76.44013" yp2="15.82618" sp="0.05" color="silver" opacity="100"/>
<line xp1="76.44013" yp1="15.82618" xp2="76.45929" yp2="16.03800" sp="0.05" color="silver" opacity="100"/>
<line xp1="76.45929" yp1="16.03800" xp2="76.51403" yp2="16.16678" sp="0.05" color="silver" opacity="100"/>
<line xp1="76.51403" yp1="16.16678" xp2="76.57060" yp2="16.37860" sp="0.05" color="silver" opacity="100"/>
<line xp1="76.57060" yp1="16.37860" xp2="76.65090" yp2="16.24303" sp="0.05" color="silver" opacity="100"/>
<line xp1="76.65090" yp1="16.24303" xp2="76.68466" yp2="16.18711" sp="0.05" color="silver" opacity="100"/>
<line xp1="76.68466" yp1="16.18711" xp2="76.73261" yp2="16.46505" sp="0.05" color="silver" opacity="100"/>
<line xp1="76.73261" yp1="16.46505" xp2="76.75392" yp2="16.62360" sp="0.05" color="silver" opacity="100"/>
<line xp1="76.75392" yp1="16.62360" xp2="76.74710" yp2="16.77891" sp="0.05" color="silver" opacity="100"/>
<line xp1="76.74710" yp1="16.77891" xp2="76.74690" yp2="16.78343" sp="0.05" color="silver" opacity="100"/>
<line xp1="76.74690" yp1="16.78343" xp2="76.74169" yp2="16.90221" sp="0.05" color="silver" opacity="100"/>
<line xp1="76.74169" yp1="16.90221" xp2="76.74596" yp2="17.06519" sp="0.05" color="silver" opacity="100"/>
<line xp1="76.74596" yp1="17.06519" xp2="76.74614" yp2="17.07236" sp="0.05" color="silver" opacity="100"/>
<line xp1="76.74614" yp1="17.07236" xp2="76.74926" yp2="17.19150" sp="0.05" color="silver" opacity="100"/>
<line xp1="76.74926" yp1="17.19150" xp2="76.75451" yp2="17.39190" sp="0.05" color="silver" opacity="100"/>
<line xp1="76.75451" yp1="17.39190" xp2="76.75591" yp2="17.40941" sp="0.05" color="silver" opacity="100"/>
<line xp1="76.75591" yp1="17.40941" xp2="76.79144" yp2="17.85503" sp="0.05" color="silver" opacity="100"/>
<line xp1="76.79144" yp1="17.85503" xp2="76.80635" yp2="18.05975" sp="0.05" color="silver" opacity="100"/>
<line xp1="76.80635" yp1="18.05975" xp2="76.82830" yp2="18.36115" sp="0.05" color="silver" opacity="100"/>
<line xp1="76.82830" yp1="18.36115" xp2="76.84560" yp2="18.59871" sp="0.05" color="silver" opacity="100"/>
<line xp1="76.84560" yp1="18.59871" xp2="76.86329" yp2="18.76956" sp="0.05" color="silver" opacity="100"/>
<line xp1="76.86329" yp1="18.76956" xp2="76.86867" yp2="18.89242" sp="0.05" color="silver" opacity="100"/>
<line xp1="76.86867" yp1="18.89242" xp2="76.86836" yp2="18.98544" sp="0.05" color="silver" opacity="100"/>
<line xp1="76.86836" yp1="18.98544" xp2="76.86806" yp2="19.07441" sp="0.05" color="silver" opacity="100"/>
<line xp1="76.86806" yp1="19.07441" xp2="76.87366" yp2="19.34723" sp="0.05" color="silver" opacity="100"/>
<line xp1="76.87366" yp1="19.34723" xp2="76.87110" yp2="19.37673" sp="0.05" color="silver" opacity="100"/>
<line xp1="76.87110" yp1="19.37673" xp2="76.86535" yp2="19.44295" sp="0.05" color="silver" opacity="100"/>
<line xp1="76.86535" yp1="19.44295" xp2="76.85190" yp2="19.59782" sp="0.05" color="silver" opacity="100"/>
<line xp1="76.85190" yp1="19.59782" xp2="76.79527" yp2="19.91581" sp="0.05" color="silver" opacity="100"/>
<line xp1="76.79527" yp1="19.91581" xp2="76.74343" yp2="20.20685" sp="0.05" color="silver" opacity="100"/>
<line xp1="76.74343" yp1="20.20685" xp2="76.70984" yp2="20.31862" sp="0.05" color="silver" opacity="100"/>
<line xp1="76.70984" yp1="20.31862" xp2="76.68712" yp2="20.48374" sp="0.05" color="silver" opacity="100"/>
<line xp1="76.68712" yp1="20.48374" xp2="76.61843" yp2="20.75145" sp="0.05" color="silver" opacity="100"/>
<line xp1="76.61843" yp1="20.75145" xp2="76.53282" yp2="21.08511" sp="0.05" color="silver" opacity="100"/>
<line xp1="76.53282" yp1="21.08511" xp2="76.43587" yp2="21.59240" sp="0.05" color="silver" opacity="100"/>
<line xp1="76.43587" yp1="21.59240" xp2="76.41391" yp2="21.70726" sp="0.05" color="silver" opacity="100"/>
<line xp1="76.41391" yp1="21.70726" xp2="76.33278" yp2="22.11441" sp="0.05" color="silver" opacity="100"/>
<line xp1="76.33278" yp1="22.11441" xp2="76.23434" yp2="22.45861" sp="0.05" color="silver" opacity="100"/>
<line xp1="76.23434" yp1="22.45861" xp2="76.08050" yp2="22.99656" sp="0.05" color="silver" opacity="100"/>
<line xp1="76.08050" yp1="22.99656" xp2="76.01542" yp2="23.36569" sp="0.05" color="silver" opacity="100"/>
<line xp1="76.01542" yp1="23.36569" xp2="75.99352" yp2="23.59352" sp="0.05" color="silver" opacity="100"/>
<line xp1="75.99352" yp1="23.59352" xp2="75.98942" yp2="23.81853" sp="0.05" color="silver" opacity="100"/>
<line xp1="75.98942" yp1="23.81853" xp2="76.01875" yp2="24.03102" sp="0.05" color="silver" opacity="100"/>
<line xp1="76.01875" yp1="24.03102" xp2="76.11524" yp2="24.16987" sp="0.05" color="silver" opacity="100"/>
<line xp1="76.11524" yp1="24.16987" xp2="76.02479" yp2="24.56487" sp="0.05" color="silver" opacity="100"/>
<line xp1="76.02479" yp1="24.56487" xp2="75.92725" yp2="24.79393" sp="0.05" color="silver" opacity="100"/>
<line xp1="75.92725" yp1="24.79393" xp2="75.80384" yp2="25.11769" sp="0.05" color="silver" opacity="100"/>
<line xp1="75.80384" yp1="25.11769" xp2="75.71228" yp2="25.35790" sp="0.05" color="silver" opacity="100"/>
<line xp1="75.71228" yp1="25.35790" xp2="75.52727" yp2="25.89789" sp="0.05" color="silver" opacity="100"/>
<line xp1="75.52727" yp1="25.89789" xp2="75.43665" yp2="26.13703" sp="0.05" color="silver" opacity="100"/>
<line xp1="75.43665" yp1="26.13703" xp2="75.31280" yp2="26.59387" sp="0.05" color="silver" opacity="100"/>
<line xp1="75.31280" yp1="26.59387" xp2="75.22620" yp2="26.93428" sp="0.05" color="silver" opacity="100"/>
<line xp1="75.22620" yp1="26.93428" xp2="75.13295" yp2="27.30083" sp="0.05" color="silver" opacity="100"/>
<line xp1="75.13295" yp1="27.30083" xp2="75.06091" yp2="27.63040" sp="0.05" color="silver" opacity="100"/>
<line xp1="75.06091" yp1="27.63040" xp2="74.98968" yp2="27.95627" sp="0.05" color="silver" opacity="100"/>
<line xp1="74.98968" yp1="27.95627" xp2="74.98164" yp2="28.06321" sp="0.05" color="silver" opacity="100"/>
<line xp1="74.98164" yp1="28.06321" xp2="74.96855" yp2="28.23745" sp="0.05" color="silver" opacity="100"/>
<line xp1="74.96855" yp1="28.23745" xp2="74.94007" yp2="28.32909" sp="0.05" color="silver" opacity="100"/>
<line xp1="74.94007" yp1="28.32909" xp2="74.80865" yp2="29.29409" sp="0.05" color="silver" opacity="100"/>
<line xp1="74.80865" yp1="29.29409" xp2="74.77476" yp2="29.54297" sp="0.05" color="silver" opacity="100"/>
<line xp1="74.77476" yp1="29.54297" xp2="74.75260" yp2="29.94868" sp="0.05" color="silver" opacity="100"/>
<line xp1="74.75260" yp1="29.94868" xp2="74.72922" yp2="29.99068" sp="0.05" color="silver" opacity="100"/>
<line xp1="74.72922" yp1="29.99068" xp2="74.72469" yp2="30.01767" sp="0.05" color="silver" opacity="100"/>
<line xp1="74.72469" yp1="30.01767" xp2="74.71682" yp2="30.06448" sp="0.05" color="silver" opacity="100"/>
<line xp1="74.71682" yp1="30.06448" xp2="74.70292" yp2="30.28839" sp="0.05" color="silver" opacity="100"/>
<line xp1="74.70292" yp1="30.28839" xp2="74.72705" yp2="30.56577" sp="0.05" color="silver" opacity="100"/>
<line xp1="74.72705" yp1="30.56577" xp2="74.70135" yp2="30.59918" sp="0.05" color="silver" opacity="100"/>
<line xp1="74.70135" yp1="30.59918" xp2="74.60428" yp2="30.63696" sp="0.05" color="silver" opacity="100"/>
<line xp1="74.60428" yp1="30.63696" xp2="74.57188" yp2="30.63817" sp="0.05" color="silver" opacity="100"/>
<line xp1="74.57188" yp1="30.63817" xp2="74.52045" yp2="30.61599" sp="0.05" color="silver" opacity="100"/>
<line xp1="74.52045" yp1="30.61599" xp2="74.41035" yp2="30.65601" sp="0.05" color="silver" opacity="100"/>
<line xp1="74.41035" yp1="30.65601" xp2="74.35649" yp2="30.69898" sp="0.05" color="silver" opacity="100"/>
<line xp1="74.35649" yp1="30.69898" xp2="74.25810" yp2="30.71324" sp="0.05" color="silver" opacity="100"/>
<line xp1="74.25810" yp1="30.71324" xp2="74.21018" yp2="30.78235" sp="0.05" color="silver" opacity="100"/>
<line xp1="74.21018" yp1="30.78235" xp2="74.14070" yp2="30.82862" sp="0.05" color="silver" opacity="100"/>
<line xp1="74.14070" yp1="30.82862" xp2="74.04827" yp2="30.83645" sp="0.05" color="silver" opacity="100"/>
<line xp1="74.04827" yp1="30.83645" xp2="73.99638" yp2="30.91663" sp="0.05" color="silver" opacity="100"/>
<line xp1="73.99638" yp1="30.91663" xp2="73.99080" yp2="30.91831" sp="0.05" color="silver" opacity="100"/>
<line xp1="73.99080" yp1="30.91831" xp2="73.93356" yp2="30.93553" sp="0.05" color="silver" opacity="100"/>
<line xp1="73.93356" yp1="30.93553" xp2="73.85386" yp2="30.81735" sp="0.05" color="silver" opacity="100"/>
<line xp1="73.85386" yp1="30.81735" xp2="73.79590" yp2="30.71621" sp="0.05" color="silver" opacity="100"/>
<line xp1="73.79590" yp1="30.71621" xp2="73.78179" yp2="30.54964" sp="0.05" color="silver" opacity="100"/>
<line xp1="73.78179" yp1="30.54964" xp2="73.76996" yp2="30.44441" sp="0.05" color="silver" opacity="100"/>
<line xp1="73.76996" yp1="30.44441" xp2="73.82196" yp2="30.29057" sp="0.05" color="silver" opacity="100"/>
<line xp1="73.82196" yp1="30.29057" xp2="73.81788" yp2="30.08907" sp="0.05" color="silver" opacity="100"/>
<line xp1="73.81788" yp1="30.08907" xp2="73.80272" yp2="29.84967" sp="0.05" color="silver" opacity="100"/>
<line xp1="73.80272" yp1="29.84967" xp2="73.78152" yp2="29.72358" sp="0.05" color="silver" opacity="100"/>
<line xp1="73.78152" yp1="29.72358" xp2="73.78344" yp2="29.62898" sp="0.05" color="silver" opacity="100"/>
<line xp1="73.78344" yp1="29.62898" xp2="73.76772" yp2="29.62391" sp="0.05" color="silver" opacity="100"/>
<line xp1="73.76772" yp1="29.62391" xp2="73.70045" yp2="29.60219" sp="0.05" color="silver" opacity="100"/>
<line xp1="73.70045" yp1="29.60219" xp2="73.62568" yp2="29.60965" sp="0.05" color="silver" opacity="100"/>
<line xp1="73.62568" yp1="29.60965" xp2="73.56916" yp2="29.62460" sp="0.05" color="silver" opacity="100"/>
<line xp1="73.56916" yp1="29.62460" xp2="73.52259" yp2="29.78451" sp="0.05" color="silver" opacity="100"/>
<line xp1="73.52259" yp1="29.78451" xp2="73.53698" yp2="29.92693" sp="0.05" color="silver" opacity="100"/>
<line xp1="73.53698" yp1="29.92693" xp2="73.49319" yp2="30.05947" sp="0.05" color="silver" opacity="100"/>
<line xp1="73.49319" yp1="30.05947" xp2="73.50984" yp2="30.18399" sp="0.05" color="silver" opacity="100"/>
<line xp1="73.50984" yp1="30.18399" xp2="73.20156" yp2="30.23119" sp="0.05" color="silver" opacity="100"/>
<line xp1="73.20156" yp1="30.23119" xp2="73.13911" yp2="30.24075" sp="0.05" color="silver" opacity="100"/>
<line xp1="73.13911" yp1="30.24075" xp2="73.13878" yp2="30.24079" sp="0.05" color="silver" opacity="100"/>
<line xp1="73.13878" yp1="30.24079" xp2="72.94768" yp2="30.26182" sp="0.05" color="silver" opacity="100"/>
<line xp1="72.94768" yp1="30.26182" xp2="72.78534" yp2="30.27968" sp="0.05" color="silver" opacity="100"/>
<line xp1="72.78534" yp1="30.27968" xp2="72.49644" yp2="30.31147" sp="0.05" color="silver" opacity="100"/>
<line xp1="72.49644" yp1="30.31147" xp2="72.10549" yp2="30.35307" sp="0.05" color="silver" opacity="100"/>
<line xp1="72.10549" yp1="30.35307" xp2="72.09751" yp2="30.35396" sp="0.05" color="silver" opacity="100"/>
<line xp1="72.09751" yp1="30.35396" xp2="71.83177" yp2="30.38354" sp="0.05" color="silver" opacity="100"/>
<line xp1="71.83177" yp1="30.38354" xp2="71.75736" yp2="30.39182" sp="0.05" color="silver" opacity="100"/>
<line xp1="71.75736" yp1="30.39182" xp2="71.53854" yp2="30.41618" sp="0.05" color="silver" opacity="100"/>
<line xp1="71.53854" yp1="30.41618" xp2="71.36661" yp2="30.43303" sp="0.05" color="silver" opacity="100"/>
<line xp1="71.36661" yp1="30.43303" xp2="71.16349" yp2="30.45293" sp="0.05" color="silver" opacity="100"/>
<line xp1="71.16349" yp1="30.45293" xp2="71.04466" yp2="30.46458" sp="0.05" color="silver" opacity="100"/>
<line xp1="71.04466" yp1="30.46458" xp2="70.75776" yp2="30.49163" sp="0.05" color="silver" opacity="100"/>
<line xp1="70.75776" yp1="30.49163" xp2="70.64038" yp2="30.50270" sp="0.05" color="silver" opacity="100"/>
<line xp1="70.64038" yp1="30.50270" xp2="70.57693" yp2="30.50868" sp="0.05" color="silver" opacity="100"/>
<line xp1="70.57693" yp1="30.50868" xp2="70.32998" yp2="30.52803" sp="0.05" color="silver" opacity="100"/>
<line xp1="70.32998" yp1="30.52803" xp2="70.18346" yp2="30.53951" sp="0.05" color="silver" opacity="100"/>
<line xp1="70.18346" yp1="30.53951" xp2="70.03920" yp2="30.55081" sp="0.05" color="silver" opacity="100"/>
<line xp1="70.03920" yp1="30.55081" xp2="69.51847" yp2="30.59900" sp="0.05" color="silver" opacity="100"/>
<line xp1="69.51847" yp1="30.59900" xp2="69.44082" yp2="30.60428" sp="0.05" color="silver" opacity="100"/>
<line xp1="69.44082" yp1="30.60428" xp2="69.43893" yp2="30.60441" sp="0.05" color="silver" opacity="100"/>
<line xp1="69.43893" yp1="30.60441" xp2="69.35669" yp2="30.77738" sp="0.05" color="silver" opacity="100"/>
<line xp1="69.35669" yp1="30.77738" xp2="69.33187" yp2="30.95438" sp="0.05" color="silver" opacity="100"/>
<line xp1="69.33187" yp1="30.95438" xp2="69.32970" yp2="31.08201" sp="0.05" color="silver" opacity="100"/>
<line xp1="69.32970" yp1="31.08201" xp2="69.25576" yp2="31.24853" sp="0.05" color="silver" opacity="100"/>
<line xp1="69.25576" yp1="31.24853" xp2="69.22144" yp2="31.36297" sp="0.05" color="silver" opacity="100"/>
<line xp1="69.22144" yp1="31.36297" xp2="69.22692" yp2="31.43052" sp="0.05" color="silver" opacity="100"/>
<line xp1="69.22692" yp1="31.43052" xp2="69.18264" yp2="31.43042" sp="0.05" color="silver" opacity="100"/>
<line xp1="69.18264" yp1="31.43042" xp2="69.00622" yp2="31.43055" sp="0.05" color="silver" opacity="100"/>
<line xp1="69.00622" yp1="31.43055" xp2="68.71797" yp2="31.42730" sp="0.05" color="silver" opacity="100"/>
<line xp1="68.71797" yp1="31.42730" xp2="68.47954" yp2="31.42276" sp="0.05" color="silver" opacity="100"/>
<line xp1="68.47954" yp1="31.42276" xp2="68.46461" yp2="31.42247" sp="0.05" color="silver" opacity="100"/>
<line xp1="68.46461" yp1="31.42247" xp2="68.33923" yp2="31.42008" sp="0.05" color="silver" opacity="100"/>
<line xp1="68.33923" yp1="31.42008" xp2="68.07736" yp2="31.41509" sp="0.05" color="silver" opacity="100"/>
<line xp1="68.07736" yp1="31.41509" xp2="67.85595" yp2="31.40987" sp="0.05" color="silver" opacity="100"/>
<line xp1="67.85595" yp1="31.40987" xp2="67.63840" yp2="31.41071" sp="0.05" color="silver" opacity="100"/>
<line xp1="67.63840" yp1="31.41071" xp2="67.40423" yp2="31.41162" sp="0.05" color="silver" opacity="100"/>
<line xp1="67.40423" yp1="31.41162" xp2="67.13081" yp2="31.41268" sp="0.05" color="silver" opacity="100"/>
<line xp1="67.13081" yp1="31.41268" xp2="67.09439" yp2="31.41294" sp="0.05" color="silver" opacity="100"/>
<line xp1="67.09439" yp1="31.41294" xp2="66.82539" yp2="31.41486" sp="0.05" color="silver" opacity="100"/>
<line xp1="66.82539" yp1="31.41486" xp2="66.63348" yp2="31.41772" sp="0.05" color="silver" opacity="100"/>
<line xp1="66.63348" yp1="31.41772" xp2="66.48355" yp2="31.41995" sp="0.05" color="silver" opacity="100"/>
<line xp1="66.48355" yp1="31.41995" xp2="66.41234" yp2="31.42101" sp="0.05" color="silver" opacity="100"/>
<line xp1="66.41234" yp1="31.42101" xp2="66.26484" yp2="31.42194" sp="0.05" color="silver" opacity="100"/>
<line xp1="66.26484" yp1="31.42194" xp2="65.90362" yp2="31.42579" sp="0.05" color="silver" opacity="100"/>
<line xp1="65.90362" yp1="31.42579" xp2="65.90208" yp2="31.42578" sp="0.05" color="silver" opacity="100"/>
<line xp1="65.90208" yp1="31.42578" xp2="65.67353" yp2="31.42401" sp="0.05" color="silver" opacity="100"/>
<line xp1="65.67353" yp1="31.42401" xp2="65.49878" yp2="31.42302" sp="0.05" color="silver" opacity="100"/>
<line xp1="65.49878" yp1="31.42302" xp2="65.35456" yp2="31.42158" sp="0.05" color="silver" opacity="100"/>
<line xp1="65.35456" yp1="31.42158" xp2="65.23257" yp2="31.42121" sp="0.05" color="silver" opacity="100"/>
<line xp1="65.23257" yp1="31.42121" xp2="65.23240" yp2="31.42121" sp="0.05" color="silver" opacity="100"/>
<line xp1="65.23240" yp1="31.42121" xp2="65.24298" yp2="31.28989" sp="0.05" color="silver" opacity="100"/>
<line xp1="65.24298" yp1="31.28989" xp2="65.24298" yp2="31.28989" sp="0.05" color="silver" opacity="100"/>
<line xp1="68.29975" yp1="42.81337" xp2="68.31513" yp2="42.64049" sp="0.05" color="silver" opacity="100"/>
<line xp1="68.31513" yp1="42.64049" xp2="68.33413" yp2="42.45839" sp="0.05" color="silver" opacity="100"/>
<line xp1="68.33413" yp1="42.45839" xp2="68.36704" yp2="42.14308" sp="0.05" color="silver" opacity="100"/>
<line xp1="68.36704" yp1="42.14308" xp2="68.40861" yp2="41.78226" sp="0.05" color="silver" opacity="100"/>
<line xp1="68.40861" yp1="41.78226" xp2="68.42016" yp2="41.68196" sp="0.05" color="silver" opacity="100"/>
<line xp1="68.42016" yp1="41.68196" xp2="68.44147" yp2="41.49699" sp="0.05" color="silver" opacity="100"/>
<line xp1="68.44147" yp1="41.49699" xp2="68.45774" yp2="41.35579" sp="0.05" color="silver" opacity="100"/>
<line xp1="68.45774" yp1="41.35579" xp2="68.49977" yp2="40.98196" sp="0.05" color="silver" opacity="100"/>
<line xp1="68.49977" yp1="40.98196" xp2="68.51824" yp2="40.81769" sp="0.05" color="silver" opacity="100"/>
<line xp1="68.51824" yp1="40.81769" xp2="68.57000" yp2="40.35741" sp="0.05" color="silver" opacity="100"/>
<line xp1="68.57000" yp1="40.35741" xp2="68.58296" yp2="40.23089" sp="0.05" color="silver" opacity="100"/>
<line xp1="68.58296" yp1="40.23089" xp2="68.61712" yp2="39.89751" sp="0.05" color="silver" opacity="100"/>
<line xp1="68.61712" yp1="39.89751" xp2="68.63589" yp2="39.71915" sp="0.05" color="silver" opacity="100"/>
<line xp1="68.63589" yp1="39.71915" xp2="68.67610" yp2="39.33702" sp="0.05" color="silver" opacity="100"/>
<line xp1="68.67610" yp1="39.33702" xp2="68.71059" yp2="39.00890" sp="0.05" color="silver" opacity="100"/>
<line xp1="68.71059" yp1="39.00890" xp2="68.74762" yp2="38.65659" sp="0.05" color="silver" opacity="100"/>
<line xp1="68.74762" yp1="38.65659" xp2="68.76162" yp2="38.52216" sp="0.05" color="silver" opacity="100"/>
<line xp1="68.76162" yp1="38.52216" xp2="68.77793" yp2="38.36569" sp="0.05" color="silver" opacity="100"/>
<line xp1="68.77793" yp1="38.36569" xp2="68.86678" yp2="37.51298" sp="0.05" color="silver" opacity="100"/>
<line xp1="68.86678" yp1="37.51298" xp2="68.87317" yp2="37.45164" sp="0.05" color="silver" opacity="100"/>
<line xp1="68.87317" yp1="37.45164" xp2="68.94443" yp2="36.77182" sp="0.05" color="silver" opacity="100"/>
<line xp1="68.94443" yp1="36.77182" xp2="68.94708" yp2="36.74662" sp="0.05" color="silver" opacity="100"/>
<line xp1="68.94708" yp1="36.74662" xp2="68.98313" yp2="36.64763" sp="0.05" color="silver" opacity="100"/>
<line xp1="68.98313" yp1="36.64763" xp2="69.03918" yp2="36.43323" sp="0.05" color="silver" opacity="100"/>
<line xp1="69.03918" yp1="36.43323" xp2="69.05500" yp2="36.37271" sp="0.05" color="silver" opacity="100"/>
<line xp1="69.05500" yp1="36.37271" xp2="69.09456" yp2="36.16559" sp="0.05" color="silver" opacity="100"/>
<line xp1="69.09456" yp1="36.16559" xp2="69.11373" yp2="36.02305" sp="0.05" color="silver" opacity="100"/>
<line xp1="69.11373" yp1="36.02305" xp2="69.12331" yp2="35.95185" sp="0.05" color="silver" opacity="100"/>
<line xp1="69.12331" yp1="35.95185" xp2="69.21985" yp2="35.78248" sp="0.05" color="silver" opacity="100"/>
<line xp1="69.21985" yp1="35.78248" xp2="69.22903" yp2="35.74330" sp="0.05" color="silver" opacity="100"/>
<line xp1="69.22903" yp1="35.74330" xp2="69.23110" yp2="35.73448" sp="0.05" color="silver" opacity="100"/>
<line xp1="69.23110" yp1="35.73448" xp2="69.27411" yp2="35.55098" sp="0.05" color="silver" opacity="100"/>
<line xp1="69.27411" yp1="35.55098" xp2="69.25977" yp2="35.36869" sp="0.05" color="silver" opacity="100"/>
<line xp1="69.25977" yp1="35.36869" xp2="69.25621" yp2="35.32339" sp="0.05" color="silver" opacity="100"/>
<line xp1="69.25621" yp1="35.32339" xp2="69.21831" yp2="35.24765" sp="0.05" color="silver" opacity="100"/>
<line xp1="69.21831" yp1="35.24765" xp2="69.29892" yp2="35.15974" sp="0.05" color="silver" opacity="100"/>
<line xp1="69.29892" yp1="35.15974" xp2="69.39717" yp2="35.03828" sp="0.05" color="silver" opacity="100"/>
<line xp1="69.39717" yp1="35.03828" xp2="69.35394" yp2="34.94528" sp="0.05" color="silver" opacity="100"/>
<line xp1="69.35394" yp1="34.94528" xp2="69.33827" yp2="34.91157" sp="0.05" color="silver" opacity="100"/>
<line xp1="69.33827" yp1="34.91157" xp2="69.23421" yp2="34.81556" sp="0.05" color="silver" opacity="100"/>
<line xp1="69.23421" yp1="34.81556" xp2="69.14039" yp2="34.67434" sp="0.05" color="silver" opacity="100"/>
<line xp1="69.14039" yp1="34.67434" xp2="69.15836" yp2="34.53540" sp="0.05" color="silver" opacity="100"/>
<line xp1="69.15836" yp1="34.53540" xp2="69.15168" yp2="34.46359" sp="0.05" color="silver" opacity="100"/>
<line xp1="69.15168" yp1="34.46359" xp2="69.13294" yp2="34.26245" sp="0.05" color="silver" opacity="100"/>
<line xp1="69.13294" yp1="34.26245" xp2="69.12642" yp2="34.19245" sp="0.05" color="silver" opacity="100"/>
<line xp1="69.12642" yp1="34.19245" xp2="69.05534" yp2="33.98103" sp="0.05" color="silver" opacity="100"/>
<line xp1="69.05534" yp1="33.98103" xp2="69.01257" yp2="33.82646" sp="0.05" color="silver" opacity="100"/>
<line xp1="69.01257" yp1="33.82646" xp2="69.03206" yp2="33.65794" sp="0.05" color="silver" opacity="100"/>
<line xp1="69.03206" yp1="33.65794" xp2="69.03778" yp2="33.60848" sp="0.05" color="silver" opacity="100"/>
<line xp1="69.03778" yp1="33.60848" xp2="69.04780" yp2="33.52190" sp="0.05" color="silver" opacity="100"/>
<line xp1="69.04780" yp1="33.52190" xp2="69.03765" yp2="33.41419" sp="0.05" color="silver" opacity="100"/>
<line xp1="69.03765" yp1="33.41419" xp2="69.14128" yp2="33.20065" sp="0.05" color="silver" opacity="100"/>
<line xp1="69.14128" yp1="33.20065" xp2="69.14160" yp2="33.05954" sp="0.05" color="silver" opacity="100"/>
<line xp1="69.14160" yp1="33.05954" xp2="69.16634" yp2="32.98481" sp="0.05" color="silver" opacity="100"/>
<line xp1="69.16634" yp1="32.98481" xp2="69.15126" yp2="32.91297" sp="0.05" color="silver" opacity="100"/>
<line xp1="69.15126" yp1="32.91297" xp2="69.12058" yp2="32.76681" sp="0.05" color="silver" opacity="100"/>
<line xp1="69.12058" yp1="32.76681" xp2="69.12922" yp2="32.66104" sp="0.05" color="silver" opacity="100"/>
<line xp1="69.12922" yp1="32.66104" xp2="69.08848" yp2="32.46537" sp="0.05" color="silver" opacity="100"/>
<line xp1="69.08848" yp1="32.46537" xp2="69.09549" yp2="32.34757" sp="0.05" color="silver" opacity="100"/>
<line xp1="69.09549" yp1="32.34757" xp2="69.09411" yp2="32.31042" sp="0.05" color="silver" opacity="100"/>
<line xp1="69.09411" yp1="32.31042" xp2="69.09266" yp2="32.27150" sp="0.05" color="silver" opacity="100"/>
<line xp1="69.09266" yp1="32.27150" xp2="69.06432" yp2="32.16740" sp="0.05" color="silver" opacity="100"/>
<line xp1="69.06432" yp1="32.16740" xp2="69.06536" yp2="31.96129" sp="0.05" color="silver" opacity="100"/>
<line xp1="69.06536" yp1="31.96129" xp2="69.17598" yp2="31.73769" sp="0.05" color="silver" opacity="100"/>
<line xp1="69.17598" yp1="31.73769" xp2="69.19830" yp2="31.64418" sp="0.05" color="silver" opacity="100"/>
<line xp1="69.19830" yp1="31.64418" xp2="69.21324" yp2="31.58156" sp="0.05" color="silver" opacity="100"/>
<line xp1="69.21324" yp1="31.58156" xp2="69.22692" yp2="31.43052" sp="0.05" color="silver" opacity="100"/>
<line xp1="69.22692" yp1="31.43052" xp2="69.22144" yp2="31.36297" sp="0.05" color="silver" opacity="100"/>
<line xp1="69.22144" yp1="31.36297" xp2="69.25576" yp2="31.24853" sp="0.05" color="silver" opacity="100"/>
<line xp1="69.25576" yp1="31.24853" xp2="69.32970" yp2="31.08201" sp="0.05" color="silver" opacity="100"/>
<line xp1="69.32970" yp1="31.08201" xp2="69.33187" yp2="30.95438" sp="0.05" color="silver" opacity="100"/>
<line xp1="69.33187" yp1="30.95438" xp2="69.35669" yp2="30.77738" sp="0.05" color="silver" opacity="100"/>
<line xp1="69.35669" yp1="30.77738" xp2="69.43893" yp2="30.60441" sp="0.05" color="silver" opacity="100"/>
<line xp1="69.43893" yp1="30.60441" xp2="69.44082" yp2="30.60428" sp="0.05" color="silver" opacity="100"/>
<line xp1="69.44082" yp1="30.60428" xp2="69.51847" yp2="30.59900" sp="0.05" color="silver" opacity="100"/>
<line xp1="69.51847" yp1="30.59900" xp2="70.03920" yp2="30.55081" sp="0.05" color="silver" opacity="100"/>
<line xp1="70.03920" yp1="30.55081" xp2="70.18346" yp2="30.53951" sp="0.05" color="silver" opacity="100"/>
<line xp1="70.18346" yp1="30.53951" xp2="70.32998" yp2="30.52803" sp="0.05" color="silver" opacity="100"/>
<line xp1="70.32998" yp1="30.52803" xp2="70.57693" yp2="30.50868" sp="0.05" color="silver" opacity="100"/>
<line xp1="70.57693" yp1="30.50868" xp2="70.64038" yp2="30.50270" sp="0.05" color="silver" opacity="100"/>
<line xp1="70.64038" yp1="30.50270" xp2="70.75776" yp2="30.49163" sp="0.05" color="silver" opacity="100"/>
<line xp1="70.75776" yp1="30.49163" xp2="71.04466" yp2="30.46458" sp="0.05" color="silver" opacity="100"/>
<line xp1="71.04466" yp1="30.46458" xp2="71.16349" yp2="30.45293" sp="0.05" color="silver" opacity="100"/>
<line xp1="71.16349" yp1="30.45293" xp2="71.36661" yp2="30.43303" sp="0.05" color="silver" opacity="100"/>
<line xp1="71.36661" yp1="30.43303" xp2="71.53854" yp2="30.41618" sp="0.05" color="silver" opacity="100"/>
<line xp1="71.53854" yp1="30.41618" xp2="71.75736" yp2="30.39182" sp="0.05" color="silver" opacity="100"/>
<line xp1="71.75736" yp1="30.39182" xp2="71.83177" yp2="30.38354" sp="0.05" color="silver" opacity="100"/>
<line xp1="71.83177" yp1="30.38354" xp2="72.09751" yp2="30.35396" sp="0.05" color="silver" opacity="100"/>
<line xp1="72.09751" yp1="30.35396" xp2="72.10549" yp2="30.35307" sp="0.05" color="silver" opacity="100"/>
<line xp1="72.10549" yp1="30.35307" xp2="72.49644" yp2="30.31147" sp="0.05" color="silver" opacity="100"/>
<line xp1="72.49644" yp1="30.31147" xp2="72.78534" yp2="30.27968" sp="0.05" color="silver" opacity="100"/>
<line xp1="72.78534" yp1="30.27968" xp2="72.94768" yp2="30.26182" sp="0.05" color="silver" opacity="100"/>
<line xp1="72.94768" yp1="30.26182" xp2="73.13878" yp2="30.24079" sp="0.05" color="silver" opacity="100"/>
<line xp1="73.13878" yp1="30.24079" xp2="73.13911" yp2="30.24075" sp="0.05" color="silver" opacity="100"/>
<line xp1="73.13911" yp1="30.24075" xp2="73.20156" yp2="30.23119" sp="0.05" color="silver" opacity="100"/>
<line xp1="73.20156" yp1="30.23119" xp2="73.50984" yp2="30.18399" sp="0.05" color="silver" opacity="100"/>
<line xp1="73.50984" yp1="30.18399" xp2="73.49319" yp2="30.05947" sp="0.05" color="silver" opacity="100"/>
<line xp1="73.49319" yp1="30.05947" xp2="73.53698" yp2="29.92693" sp="0.05" color="silver" opacity="100"/>
<line xp1="73.53698" yp1="29.92693" xp2="73.52259" yp2="29.78451" sp="0.05" color="silver" opacity="100"/>
<line xp1="73.52259" yp1="29.78451" xp2="73.56916" yp2="29.62460" sp="0.05" color="silver" opacity="100"/>
<line xp1="73.56916" yp1="29.62460" xp2="73.62568" yp2="29.60965" sp="0.05" color="silver" opacity="100"/>
<line xp1="73.62568" yp1="29.60965" xp2="73.70045" yp2="29.60219" sp="0.05" color="silver" opacity="100"/>
<line xp1="73.70045" yp1="29.60219" xp2="73.76772" yp2="29.62391" sp="0.05" color="silver" opacity="100"/>
<line xp1="73.76772" yp1="29.62391" xp2="73.78344" yp2="29.62898" sp="0.05" color="silver" opacity="100"/>
<line xp1="73.78344" yp1="29.62898" xp2="73.78152" yp2="29.72358" sp="0.05" color="silver" opacity="100"/>
<line xp1="73.78152" yp1="29.72358" xp2="73.80272" yp2="29.84967" sp="0.05" color="silver" opacity="100"/>
<line xp1="73.80272" yp1="29.84967" xp2="73.81788" yp2="30.08907" sp="0.05" color="silver" opacity="100"/>
<line xp1="73.81788" yp1="30.08907" xp2="73.82196" yp2="30.29057" sp="0.05" color="silver" opacity="100"/>
<line xp1="73.82196" yp1="30.29057" xp2="73.76996" yp2="30.44441" sp="0.05" color="silver" opacity="100"/>
<line xp1="73.76996" yp1="30.44441" xp2="73.78179" yp2="30.54964" sp="0.05" color="silver" opacity="100"/>
<line xp1="73.78179" yp1="30.54964" xp2="73.79590" yp2="30.71621" sp="0.05" color="silver" opacity="100"/>
<line xp1="73.79590" yp1="30.71621" xp2="73.85386" yp2="30.81735" sp="0.05" color="silver" opacity="100"/>
<line xp1="73.85386" yp1="30.81735" xp2="73.93356" yp2="30.93553" sp="0.05" color="silver" opacity="100"/>
<line xp1="73.93356" yp1="30.93553" xp2="73.99080" yp2="30.91831" sp="0.05" color="silver" opacity="100"/>
<line xp1="73.99080" yp1="30.91831" xp2="73.99638" yp2="30.91663" sp="0.05" color="silver" opacity="100"/>
<line xp1="73.99638" yp1="30.91663" xp2="74.04827" yp2="30.83645" sp="0.05" color="silver" opacity="100"/>
<line xp1="74.04827" yp1="30.83645" xp2="74.14070" yp2="30.82862" sp="0.05" color="silver" opacity="100"/>
<line xp1="74.14070" yp1="30.82862" xp2="74.21018" yp2="30.78235" sp="0.05" color="silver" opacity="100"/>
<line xp1="74.21018" yp1="30.78235" xp2="74.25810" yp2="30.71324" sp="0.05" color="silver" opacity="100"/>
<line xp1="74.25810" yp1="30.71324" xp2="74.35649" yp2="30.69898" sp="0.05" color="silver" opacity="100"/>
<line xp1="74.35649" yp1="30.69898" xp2="74.41035" yp2="30.65601" sp="0.05" color="silver" opacity="100"/>
<line xp1="74.41035" yp1="30.65601" xp2="74.52045" yp2="30.61599" sp="0.05" color="silver" opacity="100"/>
<line xp1="74.52045" yp1="30.61599" xp2="74.57188" yp2="30.63817" sp="0.05" color="silver" opacity="100"/>
<line xp1="74.57188" yp1="30.63817" xp2="74.60428" yp2="30.63696" sp="0.05" color="silver" opacity="100"/>
<line xp1="74.60428" yp1="30.63696" xp2="74.70135" yp2="30.59918" sp="0.05" color="silver" opacity="100"/>
<line xp1="74.70135" yp1="30.59918" xp2="74.67683" yp2="30.77118" sp="0.05" color="silver" opacity="100"/>
<line xp1="74.67683" yp1="30.77118" xp2="74.70749" yp2="30.91820" sp="0.05" color="silver" opacity="100"/>
<line xp1="74.70749" yp1="30.91820" xp2="74.76130" yp2="31.16629" sp="0.05" color="silver" opacity="100"/>
<line xp1="74.76130" yp1="31.16629" xp2="74.75618" yp2="31.36491" sp="0.05" color="silver" opacity="100"/>
<line xp1="74.75618" yp1="31.36491" xp2="74.74997" yp2="31.40238" sp="0.05" color="silver" opacity="100"/>
<line xp1="74.74997" yp1="31.40238" xp2="74.73773" yp2="31.47629" sp="0.05" color="silver" opacity="100"/>
<line xp1="74.73773" yp1="31.47629" xp2="74.76728" yp2="31.63652" sp="0.05" color="silver" opacity="100"/>
<line xp1="74.76728" yp1="31.63652" xp2="74.76601" yp2="31.78681" sp="0.05" color="silver" opacity="100"/>
<line xp1="74.76601" yp1="31.78681" xp2="74.81809" yp2="31.81867" sp="0.05" color="silver" opacity="100"/>
<line xp1="74.81809" yp1="31.81867" xp2="74.91545" yp2="32.01764" sp="0.05" color="silver" opacity="100"/>
<line xp1="74.91545" yp1="32.01764" xp2="74.94947" yp2="32.12666" sp="0.05" color="silver" opacity="100"/>
<line xp1="74.94947" yp1="32.12666" xp2="74.97788" yp2="32.27028" sp="0.05" color="silver" opacity="100"/>
<line xp1="74.97788" yp1="32.27028" xp2="74.98314" yp2="32.29689" sp="0.05" color="silver" opacity="100"/>
<line xp1="74.98314" yp1="32.29689" xp2="74.95486" yp2="32.43179" sp="0.05" color="silver" opacity="100"/>
<line xp1="74.95486" yp1="32.43179" xp2="74.98674" yp2="32.58407" sp="0.05" color="silver" opacity="100"/>
<line xp1="74.98674" yp1="32.58407" xp2="75.05616" yp2="32.75091" sp="0.05" color="silver" opacity="100"/>
<line xp1="75.05616" yp1="32.75091" xp2="75.11192" yp2="32.90593" sp="0.05" color="silver" opacity="100"/>
<line xp1="75.11192" yp1="32.90593" xp2="75.11564" yp2="32.97028" sp="0.05" color="silver" opacity="100"/>
<line xp1="75.11564" yp1="32.97028" xp2="75.11834" yp2="33.01688" sp="0.05" color="silver" opacity="100"/>
<line xp1="75.11834" yp1="33.01688" xp2="75.17924" yp2="33.20957" sp="0.05" color="silver" opacity="100"/>
<line xp1="75.17924" yp1="33.20957" xp2="75.17016" yp2="33.42833" sp="0.05" color="silver" opacity="100"/>
<line xp1="75.17016" yp1="33.42833" xp2="75.17646" yp2="33.45876" sp="0.05" color="silver" opacity="100"/>
<line xp1="75.17646" yp1="33.45876" xp2="75.18364" yp2="33.49341" sp="0.05" color="silver" opacity="100"/>
<line xp1="75.18364" yp1="33.49341" xp2="75.26607" yp2="33.60359" sp="0.05" color="silver" opacity="100"/>
<line xp1="75.26607" yp1="33.60359" xp2="75.32789" yp2="33.75063" sp="0.05" color="silver" opacity="100"/>
<line xp1="75.32789" yp1="33.75063" xp2="75.38413" yp2="33.87641" sp="0.05" color="silver" opacity="100"/>
<line xp1="75.38413" yp1="33.87641" xp2="75.47483" yp2="34.03710" sp="0.05" color="silver" opacity="100"/>
<line xp1="75.47483" yp1="34.03710" xp2="75.52122" yp2="34.12505" sp="0.05" color="silver" opacity="100"/>
<line xp1="75.52122" yp1="34.12505" xp2="75.61778" yp2="34.25223" sp="0.05" color="silver" opacity="100"/>
<line xp1="75.61778" yp1="34.25223" xp2="75.62595" yp2="34.35493" sp="0.05" color="silver" opacity="100"/>
<line xp1="75.62595" yp1="34.35493" xp2="75.56074" yp2="34.38457" sp="0.05" color="silver" opacity="100"/>
<line xp1="75.56074" yp1="34.38457" xp2="75.47196" yp2="34.45093" sp="0.05" color="silver" opacity="100"/>
<line xp1="75.47196" yp1="34.45093" xp2="75.37424" yp2="34.57472" sp="0.05" color="silver" opacity="100"/>
<line xp1="75.37424" yp1="34.57472" xp2="75.32575" yp2="34.52705" sp="0.05" color="silver" opacity="100"/>
<line xp1="75.32575" yp1="34.52705" xp2="75.21026" yp2="34.60916" sp="0.05" color="silver" opacity="100"/>
<line xp1="75.21026" yp1="34.60916" xp2="75.20098" yp2="34.79183" sp="0.05" color="silver" opacity="100"/>
<line xp1="75.20098" yp1="34.79183" xp2="75.15755" yp2="34.93477" sp="0.05" color="silver" opacity="100"/>
<line xp1="75.15755" yp1="34.93477" xp2="75.14841" yp2="34.96482" sp="0.05" color="silver" opacity="100"/>
<line xp1="75.14841" yp1="34.96482" xp2="75.18764" yp2="35.07513" sp="0.05" color="silver" opacity="100"/>
<line xp1="75.18764" yp1="35.07513" xp2="75.17995" yp2="35.24227" sp="0.05" color="silver" opacity="100"/>
<line xp1="75.17995" yp1="35.24227" xp2="75.11773" yp2="35.38544" sp="0.05" color="silver" opacity="100"/>
<line xp1="75.11773" yp1="35.38544" xp2="75.08472" yp2="35.46140" sp="0.05" color="silver" opacity="100"/>
<line xp1="75.08472" yp1="35.46140" xp2="75.08488" yp2="35.61453" sp="0.05" color="silver" opacity="100"/>
<line xp1="75.08488" yp1="35.61453" xp2="74.96165" yp2="35.84045" sp="0.05" color="silver" opacity="100"/>
<line xp1="74.96165" yp1="35.84045" xp2="74.94733" yp2="35.84889" sp="0.05" color="silver" opacity="100"/>
<line xp1="74.94733" yp1="35.84889" xp2="74.87884" yp2="35.88922" sp="0.05" color="silver" opacity="100"/>
<line xp1="74.87884" yp1="35.88922" xp2="74.78938" yp2="35.99704" sp="0.05" color="silver" opacity="100"/>
<line xp1="74.78938" yp1="35.99704" xp2="74.77368" yp2="36.01596" sp="0.05" color="silver" opacity="100"/>
<line xp1="74.77368" yp1="36.01596" xp2="74.77874" yp2="36.15283" sp="0.05" color="silver" opacity="100"/>
<line xp1="74.77874" yp1="36.15283" xp2="74.74974" yp2="36.39738" sp="0.05" color="silver" opacity="100"/>
<line xp1="74.74974" yp1="36.39738" xp2="74.74905" yp2="36.41218" sp="0.05" color="silver" opacity="100"/>
<line xp1="74.74905" yp1="36.41218" xp2="74.73751" yp2="36.66064" sp="0.05" color="silver" opacity="100"/>
<line xp1="74.73751" yp1="36.66064" xp2="74.67066" yp2="36.85090" sp="0.05" color="silver" opacity="100"/>
<line xp1="74.67066" yp1="36.85090" xp2="74.61605" yp2="36.98206" sp="0.05" color="silver" opacity="100"/>
<line xp1="74.61605" yp1="36.98206" xp2="74.61226" yp2="37.18604" sp="0.05" color="silver" opacity="100"/>
<line xp1="74.61226" yp1="37.18604" xp2="74.54774" yp2="37.26971" sp="0.05" color="silver" opacity="100"/>
<line xp1="74.54774" yp1="37.26971" xp2="74.45899" yp2="37.38482" sp="0.05" color="silver" opacity="100"/>
<line xp1="74.45899" yp1="37.38482" xp2="74.43699" yp2="37.39811" sp="0.05" color="silver" opacity="100"/>
<line xp1="74.43699" yp1="37.39811" xp2="74.37164" yp2="37.43758" sp="0.05" color="silver" opacity="100"/>
<line xp1="74.37164" yp1="37.43758" xp2="74.22287" yp2="37.57586" sp="0.05" color="silver" opacity="100"/>
<line xp1="74.22287" yp1="37.57586" xp2="74.21153" yp2="37.70647" sp="0.05" color="silver" opacity="100"/>
<line xp1="74.21153" yp1="37.70647" xp2="74.20995" yp2="37.72471" sp="0.05" color="silver" opacity="100"/>
<line xp1="74.20995" yp1="37.72471" xp2="74.08225" yp2="37.83356" sp="0.05" color="silver" opacity="100"/>
<line xp1="74.08225" yp1="37.83356" xp2="74.08231" yp2="37.84929" sp="0.05" color="silver" opacity="100"/>
<line xp1="74.08231" yp1="37.84929" xp2="74.08287" yp2="38.01098" sp="0.05" color="silver" opacity="100"/>
<line xp1="74.08287" yp1="38.01098" xp2="73.94964" yp2="38.12440" sp="0.05" color="silver" opacity="100"/>
<line xp1="73.94964" yp1="38.12440" xp2="73.96904" yp2="38.31644" sp="0.05" color="silver" opacity="100"/>
<line xp1="73.96904" yp1="38.31644" xp2="73.95948" yp2="38.46553" sp="0.05" color="silver" opacity="100"/>
<line xp1="73.95948" yp1="38.46553" xp2="73.86010" yp2="38.55496" sp="0.05" color="silver" opacity="100"/>
<line xp1="73.86010" yp1="38.55496" xp2="73.82064" yp2="38.65455" sp="0.05" color="silver" opacity="100"/>
<line xp1="73.82064" yp1="38.65455" xp2="73.80271" yp2="38.69981" sp="0.05" color="silver" opacity="100"/>
<line xp1="73.80271" yp1="38.69981" xp2="73.68271" yp2="38.84468" sp="0.05" color="silver" opacity="100"/>
<line xp1="73.68271" yp1="38.84468" xp2="73.66976" yp2="38.85116" sp="0.05" color="silver" opacity="100"/>
<line xp1="73.66976" yp1="38.85116" xp2="73.62699" yp2="38.87257" sp="0.05" color="silver" opacity="100"/>
<line xp1="73.62699" yp1="38.87257" xp2="73.59706" yp2="38.88755" sp="0.05" color="silver" opacity="100"/>
<line xp1="73.59706" yp1="38.88755" xp2="73.53885" yp2="39.02175" sp="0.05" color="silver" opacity="100"/>
<line xp1="73.53885" yp1="39.02175" xp2="73.51394" yp2="39.10787" sp="0.05" color="silver" opacity="100"/>
<line xp1="73.51394" yp1="39.10787" xp2="73.47831" yp2="39.23106" sp="0.05" color="silver" opacity="100"/>
<line xp1="73.47831" yp1="39.23106" xp2="73.34695" yp2="39.48581" sp="0.05" color="silver" opacity="100"/>
<line xp1="73.34695" yp1="39.48581" xp2="73.18285" yp2="39.62015" sp="0.05" color="silver" opacity="100"/>
<line xp1="73.18285" yp1="39.62015" xp2="73.05700" yp2="39.81991" sp="0.05" color="silver" opacity="100"/>
<line xp1="73.05700" yp1="39.81991" xp2="72.98948" yp2="39.84387" sp="0.05" color="silver" opacity="100"/>
<line xp1="72.98948" yp1="39.84387" xp2="72.98000" yp2="39.87587" sp="0.05" color="silver" opacity="100"/>
<line xp1="72.98000" yp1="39.87587" xp2="72.93561" yp2="40.02577" sp="0.05" color="silver" opacity="100"/>
<line xp1="72.93561" yp1="40.02577" xp2="72.93073" yp2="40.03862" sp="0.05" color="silver" opacity="100"/>
<line xp1="72.93073" yp1="40.03862" xp2="72.85724" yp2="40.23232" sp="0.05" color="silver" opacity="100"/>
<line xp1="72.85724" yp1="40.23232" xp2="72.74558" yp2="40.42333" sp="0.05" color="silver" opacity="100"/>
<line xp1="72.74558" yp1="40.42333" xp2="72.71388" yp2="40.61561" sp="0.05" color="silver" opacity="100"/>
<line xp1="72.71388" yp1="40.61561" xp2="72.70003" yp2="40.69960" sp="0.05" color="silver" opacity="100"/>
<line xp1="72.70003" yp1="40.69960" xp2="72.65442" yp2="40.82391" sp="0.05" color="silver" opacity="100"/>
<line xp1="72.65442" yp1="40.82391" xp2="72.64568" yp2="40.84772" sp="0.05" color="silver" opacity="100"/>
<line xp1="72.64568" yp1="40.84772" xp2="72.57935" yp2="41.02535" sp="0.05" color="silver" opacity="100"/>
<line xp1="72.57935" yp1="41.02535" xp2="72.55077" yp2="41.14219" sp="0.05" color="silver" opacity="100"/>
<line xp1="72.55077" yp1="41.14219" xp2="72.50180" yp2="41.34717" sp="0.05" color="silver" opacity="100"/>
<line xp1="72.50180" yp1="41.34717" xp2="72.42190" yp2="41.37658" sp="0.05" color="silver" opacity="100"/>
<line xp1="72.42190" yp1="41.37658" xp2="72.32094" yp2="41.35137" sp="0.05" color="silver" opacity="100"/>
<line xp1="72.32094" yp1="41.35137" xp2="72.31525" yp2="41.34995" sp="0.05" color="silver" opacity="100"/>
<line xp1="72.31525" yp1="41.34995" xp2="72.23340" yp2="41.40930" sp="0.05" color="silver" opacity="100"/>
<line xp1="72.23340" yp1="41.40930" xp2="72.22989" yp2="41.41444" sp="0.05" color="silver" opacity="100"/>
<line xp1="72.22989" yp1="41.41444" xp2="72.15868" yp2="41.51864" sp="0.05" color="silver" opacity="100"/>
<line xp1="72.15868" yp1="41.51864" xp2="72.14942" yp2="41.53552" sp="0.05" color="silver" opacity="100"/>
<line xp1="72.14942" yp1="41.53552" xp2="72.06988" yp2="41.68057" sp="0.05" color="silver" opacity="100"/>
<line xp1="72.06988" yp1="41.68057" xp2="71.96707" yp2="41.74271" sp="0.05" color="silver" opacity="100"/>
<line xp1="71.96707" yp1="41.74271" xp2="71.88006" yp2="41.84244" sp="0.05" color="silver" opacity="100"/>
<line xp1="71.88006" yp1="41.84244" xp2="71.78663" yp2="41.94858" sp="0.05" color="silver" opacity="100"/>
<line xp1="71.78663" yp1="41.94858" xp2="71.78456" yp2="41.96094" sp="0.05" color="silver" opacity="100"/>
<line xp1="71.78456" yp1="41.96094" xp2="71.76983" yp2="42.04860" sp="0.05" color="silver" opacity="100"/>
<line xp1="71.76983" yp1="42.04860" xp2="71.76425" yp2="42.08185" sp="0.05" color="silver" opacity="100"/>
<line xp1="71.76425" yp1="42.08185" xp2="71.81529" yp2="42.17033" sp="0.05" color="silver" opacity="100"/>
<line xp1="71.81529" yp1="42.17033" xp2="71.80944" yp2="42.25632" sp="0.05" color="silver" opacity="100"/>
<line xp1="71.80944" yp1="42.25632" xp2="71.86952" yp2="42.35155" sp="0.05" color="silver" opacity="100"/>
<line xp1="71.86952" yp1="42.35155" xp2="71.91910" yp2="42.43852" sp="0.05" color="silver" opacity="100"/>
<line xp1="71.91910" yp1="42.43852" xp2="71.99818" yp2="42.52758" sp="0.05" color="silver" opacity="100"/>
<line xp1="71.99818" yp1="42.52758" xp2="72.09135" yp2="42.64261" sp="0.05" color="silver" opacity="100"/>
<line xp1="72.09135" yp1="42.64261" xp2="72.11634" yp2="42.72926" sp="0.05" color="silver" opacity="100"/>
<line xp1="72.11634" yp1="42.72926" xp2="72.14061" yp2="42.85903" sp="0.05" color="silver" opacity="100"/>
<line xp1="72.14061" yp1="42.85903" xp2="71.81113" yp2="42.84535" sp="0.05" color="silver" opacity="100"/>
<line xp1="71.81113" yp1="42.84535" xp2="71.56481" yp2="42.83107" sp="0.05" color="silver" opacity="100"/>
<line xp1="71.56481" yp1="42.83107" xp2="71.46280" yp2="42.82515" sp="0.05" color="silver" opacity="100"/>
<line xp1="71.46280" yp1="42.82515" xp2="71.35387" yp2="42.81883" sp="0.05" color="silver" opacity="100"/>
<line xp1="71.35387" yp1="42.81883" xp2="70.86703" yp2="42.82138" sp="0.05" color="silver" opacity="100"/>
<line xp1="70.86703" yp1="42.82138" xp2="70.86670" yp2="42.82139" sp="0.05" color="silver" opacity="100"/>
<line xp1="70.86670" yp1="42.82139" xp2="70.76102" yp2="42.82186" sp="0.05" color="silver" opacity="100"/>
<line xp1="70.76102" yp1="42.82186" xp2="70.57008" yp2="42.82271" sp="0.05" color="silver" opacity="100"/>
<line xp1="70.57008" yp1="42.82271" xp2="70.27405" yp2="42.82402" sp="0.05" color="silver" opacity="100"/>
<line xp1="70.27405" yp1="42.82402" xp2="69.98607" yp2="42.82295" sp="0.05" color="silver" opacity="100"/>
<line xp1="69.98607" yp1="42.82295" xp2="69.81310" yp2="42.82380" sp="0.05" color="silver" opacity="100"/>
<line xp1="69.81310" yp1="42.82380" xp2="69.65010" yp2="42.82291" sp="0.05" color="silver" opacity="100"/>
<line xp1="69.65010" yp1="42.82291" xp2="69.57563" yp2="42.82268" sp="0.05" color="silver" opacity="100"/>
<line xp1="69.57563" yp1="42.82268" xp2="69.52234" yp2="42.82251" sp="0.05" color="silver" opacity="100"/>
<line xp1="69.52234" yp1="42.82251" xp2="69.44413" yp2="42.82226" sp="0.05" color="silver" opacity="100"/>
<line xp1="69.44413" yp1="42.82226" xp2="69.26619" yp2="42.82063" sp="0.05" color="silver" opacity="100"/>
<line xp1="69.26619" yp1="42.82063" xp2="69.26176" yp2="42.82059" sp="0.05" color="silver" opacity="100"/>
<line xp1="69.26176" yp1="42.82059" xp2="69.16126" yp2="42.81967" sp="0.05" color="silver" opacity="100"/>
<line xp1="69.16126" yp1="42.81967" xp2="68.82299" yp2="42.81451" sp="0.05" color="silver" opacity="100"/>
<line xp1="68.82299" yp1="42.81451" xp2="68.80376" yp2="42.81421" sp="0.05" color="silver" opacity="100"/>
<line xp1="68.80376" yp1="42.81421" xp2="68.67089" yp2="42.80965" sp="0.05" color="silver" opacity="100"/>
<line xp1="68.67089" yp1="42.80965" xp2="68.63851" yp2="42.80853" sp="0.05" color="silver" opacity="100"/>
<line xp1="68.63851" yp1="42.80853" xp2="68.50102" yp2="42.81050" sp="0.05" color="silver" opacity="100"/>
<line xp1="68.50102" yp1="42.81050" xp2="68.29975" yp2="42.81337" sp="0.05" color="silver" opacity="100"/>
<line xp1="68.29975" yp1="42.81337" xp2="68.29975" yp2="42.81337" sp="0.05" color="silver" opacity="100"/>
<line xp1="19.62611" yp1="69.68850" xp2="19.66629" yp2="69.60047" sp="0.05" color="silver" opacity="100"/>
<line xp1="19.66629" yp1="69.60047" xp2="19.70430" yp2="69.51037" sp="0.05" color="silver" opacity="100"/>
<line xp1="19.70430" yp1="69.51037" xp2="19.67385" yp2="69.41843" sp="0.05" color="silver" opacity="100"/>
<line xp1="19.67385" yp1="69.41843" xp2="19.66619" yp2="69.39531" sp="0.05" color="silver" opacity="100"/>
<line xp1="19.66619" yp1="69.39531" xp2="19.73794" yp2="69.31111" sp="0.05" color="silver" opacity="100"/>
<line xp1="19.73794" yp1="69.31111" xp2="19.81379" yp2="69.36453" sp="0.05" color="silver" opacity="100"/>
<line xp1="19.81379" yp1="69.36453" xp2="19.90869" yp2="69.24927" sp="0.05" color="silver" opacity="100"/>
<line xp1="19.90869" yp1="69.24927" xp2="20.04314" yp2="69.24479" sp="0.05" color="silver" opacity="100"/>
<line xp1="20.04314" yp1="69.24479" xp2="20.05308" yp2="69.12607" sp="0.05" color="silver" opacity="100"/>
<line xp1="20.05308" yp1="69.12607" xp2="20.14961" yp2="69.08419" sp="0.05" color="silver" opacity="100"/>
<line xp1="20.14961" yp1="69.08419" xp2="20.16011" yp2="69.01227" sp="0.05" color="silver" opacity="100"/>
<line xp1="20.16011" yp1="69.01227" xp2="20.15715" yp2="69.00762" sp="0.05" color="silver" opacity="100"/>
<line xp1="20.15715" yp1="69.00762" xp2="20.03484" yp2="68.81533" sp="0.05" color="silver" opacity="100"/>
<line xp1="20.03484" yp1="68.81533" xp2="20.09640" yp2="68.65536" sp="0.05" color="silver" opacity="100"/>
<line xp1="20.09640" yp1="68.65536" xp2="20.06174" yp2="68.52264" sp="0.05" color="silver" opacity="100"/>
<line xp1="20.06174" yp1="68.52264" xp2="20.03689" yp2="68.27299" sp="0.05" color="silver" opacity="100"/>
<line xp1="20.03689" yp1="68.27299" xp2="20.02224" yp2="68.23196" sp="0.05" color="silver" opacity="100"/>
<line xp1="20.02224" yp1="68.23196" xp2="19.96373" yp2="68.06803" sp="0.05" color="silver" opacity="100"/>
<line xp1="19.96373" yp1="68.06803" xp2="19.96052" yp2="67.65798" sp="0.05" color="silver" opacity="100"/>
<line xp1="19.96052" yp1="67.65798" xp2="19.95863" yp2="67.41724" sp="0.05" color="silver" opacity="100"/>
<line xp1="19.95863" yp1="67.41724" xp2="19.95900" yp2="65.78608" sp="0.05" color="silver" opacity="100"/>
<line xp1="19.95900" yp1="65.78608" xp2="19.95961" yp2="65.16413" sp="0.05" color="silver" opacity="100"/>
<line xp1="19.95961" yp1="65.16413" xp2="19.95915" yp2="63.93873" sp="0.05" color="silver" opacity="100"/>
<line xp1="19.95915" yp1="63.93873" xp2="19.95970" yp2="62.85683" sp="0.05" color="silver" opacity="100"/>
<line xp1="19.95970" yp1="62.85683" xp2="19.97200" yp2="62.85669" sp="0.05" color="silver" opacity="100"/>
<line xp1="19.97200" yp1="62.85669" xp2="20.57547" yp2="62.84965" sp="0.05" color="silver" opacity="100"/>
<line xp1="20.57547" yp1="62.84965" xp2="21.02652" yp2="62.84938" sp="0.05" color="silver" opacity="100"/>
<line xp1="21.02652" yp1="62.84938" xp2="21.73818" yp2="62.84790" sp="0.05" color="silver" opacity="100"/>
<line xp1="21.73818" yp1="62.84790" xp2="22.11398" yp2="62.84976" sp="0.05" color="silver" opacity="100"/>
<line xp1="22.11398" yp1="62.84976" xp2="22.59404" yp2="62.84601" sp="0.05" color="silver" opacity="100"/>
<line xp1="22.59404" yp1="62.84601" xp2="23.01829" yp2="62.85324" sp="0.05" color="silver" opacity="100"/>
<line xp1="23.01829" yp1="62.85324" xp2="23.23198" yp2="62.85688" sp="0.05" color="silver" opacity="100"/>
<line xp1="23.23198" yp1="62.85688" xp2="23.69497" yp2="62.84146" sp="0.05" color="silver" opacity="100"/>
<line xp1="23.69497" yp1="62.84146" xp2="24.18176" yp2="62.84061" sp="0.05" color="silver" opacity="100"/>
<line xp1="24.18176" yp1="62.84061" xp2="24.18185" yp2="62.84061" sp="0.05" color="silver" opacity="100"/>
<line xp1="24.18185" yp1="62.84061" xp2="24.55120" yp2="62.83920" sp="0.05" color="silver" opacity="100"/>
<line xp1="24.55120" yp1="62.83920" xp2="24.89544" yp2="62.82451" sp="0.05" color="silver" opacity="100"/>
<line xp1="24.89544" yp1="62.82451" xp2="25.38993" yp2="62.83801" sp="0.05" color="silver" opacity="100"/>
<line xp1="25.38993" yp1="62.83801" xp2="25.77052" yp2="62.84629" sp="0.05" color="silver" opacity="100"/>
<line xp1="25.77052" yp1="62.84629" xp2="26.15258" yp2="62.85207" sp="0.05" color="silver" opacity="100"/>
<line xp1="26.15258" yp1="62.85207" xp2="26.15378" yp2="62.85208" sp="0.05" color="silver" opacity="100"/>
<line xp1="26.15378" yp1="62.85208" xp2="26.69536" yp2="62.85802" sp="0.05" color="silver" opacity="100"/>
<line xp1="26.69536" yp1="62.85802" xp2="27.28471" yp2="62.85997" sp="0.05" color="silver" opacity="100"/>
<line xp1="27.28471" yp1="62.85997" xp2="27.44742" yp2="62.85338" sp="0.05" color="silver" opacity="100"/>
<line xp1="27.44742" yp1="62.85338" xp2="27.52380" yp2="62.85028" sp="0.05" color="silver" opacity="100"/>
<line xp1="27.52380" yp1="62.85028" xp2="27.52393" yp2="62.85028" sp="0.05" color="silver" opacity="100"/>
<line xp1="27.52393" yp1="62.85028" xp2="28.07573" yp2="62.85523" sp="0.05" color="silver" opacity="100"/>
<line xp1="28.07573" yp1="62.85523" xp2="28.44952" yp2="62.85624" sp="0.05" color="silver" opacity="100"/>
<line xp1="28.44952" yp1="62.85624" xp2="28.44953" yp2="62.85624" sp="0.05" color="silver" opacity="100"/>
<line xp1="28.44953" yp1="62.85624" xp2="28.50557" yp2="62.85640" sp="0.05" color="silver" opacity="100"/>
<line xp1="28.50557" yp1="62.85640" xp2="28.65519" yp2="62.85969" sp="0.05" color="silver" opacity="100"/>
<line xp1="28.65519" yp1="62.85969" xp2="29.15894" yp2="62.86162" sp="0.05" color="silver" opacity="100"/>
<line xp1="29.15894" yp1="62.86162" xp2="29.15834" yp2="63.85549" sp="0.05" color="silver" opacity="100"/>
<line xp1="29.15834" yp1="63.85549" xp2="29.16072" yp2="64.32547" sp="0.05" color="silver" opacity="100"/>
<line xp1="29.16072" yp1="64.32547" xp2="29.16375" yp2="64.92178" sp="0.05" color="silver" opacity="100"/>
<line xp1="29.16375" yp1="64.92178" xp2="29.16314" yp2="65.61271" sp="0.05" color="silver" opacity="100"/>
<line xp1="29.16314" yp1="65.61271" xp2="29.16300" yp2="65.76973" sp="0.05" color="silver" opacity="100"/>
<line xp1="29.16300" yp1="65.76973" xp2="29.16286" yp2="65.92104" sp="0.05" color="silver" opacity="100"/>
<line xp1="29.16286" yp1="65.92104" xp2="29.16213" yp2="66.61634" sp="0.05" color="silver" opacity="100"/>
<line xp1="29.16213" yp1="66.61634" xp2="29.16098" yp2="67.14586" sp="0.05" color="silver" opacity="100"/>
<line xp1="29.16098" yp1="67.14586" xp2="29.15983" yp2="67.67957" sp="0.05" color="silver" opacity="100"/>
<line xp1="29.15983" yp1="67.67957" xp2="29.15921" yp2="68.30965" sp="0.05" color="silver" opacity="100"/>
<line xp1="29.15921" yp1="68.30965" xp2="29.15812" yp2="68.52409" sp="0.05" color="silver" opacity="100"/>
<line xp1="29.15812" yp1="68.52409" xp2="29.15623" yp2="68.89952" sp="0.05" color="silver" opacity="100"/>
<line xp1="29.15623" yp1="68.89952" xp2="29.15516" yp2="69.64264" sp="0.05" color="silver" opacity="100"/>
<line xp1="29.15516" yp1="69.64264" xp2="29.15542" yp2="69.92592" sp="0.05" color="silver" opacity="100"/>
<line xp1="29.15542" yp1="69.92592" xp2="29.04207" yp2="69.98188" sp="0.05" color="silver" opacity="100"/>
<line xp1="29.04207" yp1="69.98188" xp2="29.00991" yp2="70.10209" sp="0.05" color="silver" opacity="100"/>
<line xp1="29.00991" yp1="70.10209" xp2="28.92083" yp2="70.21627" sp="0.05" color="silver" opacity="100"/>
<line xp1="28.92083" yp1="70.21627" xp2="28.88591" yp2="70.35258" sp="0.05" color="silver" opacity="100"/>
<line xp1="28.88591" yp1="70.35258" xp2="28.81731" yp2="70.48080" sp="0.05" color="silver" opacity="100"/>
<line xp1="28.81731" yp1="70.48080" xp2="28.73282" yp2="70.64135" sp="0.05" color="silver" opacity="100"/>
<line xp1="28.73282" yp1="70.64135" xp2="28.65056" yp2="70.71770" sp="0.05" color="silver" opacity="100"/>
<line xp1="28.65056" yp1="70.71770" xp2="28.63845" yp2="70.72894" sp="0.05" color="silver" opacity="100"/>
<line xp1="28.63845" yp1="70.72894" xp2="28.55570" yp2="70.63013" sp="0.05" color="silver" opacity="100"/>
<line xp1="28.55570" yp1="70.63013" xp2="28.52777" yp2="70.55897" sp="0.05" color="silver" opacity="100"/>
<line xp1="28.52777" yp1="70.55897" xp2="28.50949" yp2="70.51239" sp="0.05" color="silver" opacity="100"/>
<line xp1="28.50949" yp1="70.51239" xp2="28.43211" yp2="70.23690" sp="0.05" color="silver" opacity="100"/>
<line xp1="28.43211" yp1="70.23690" xp2="28.36490" yp2="70.15774" sp="0.05" color="silver" opacity="100"/>
<line xp1="28.36490" yp1="70.15774" xp2="28.28137" yp2="70.16322" sp="0.05" color="silver" opacity="100"/>
<line xp1="28.28137" yp1="70.16322" xp2="28.14736" yp2="70.17201" sp="0.05" color="silver" opacity="100"/>
<line xp1="28.14736" yp1="70.17201" xp2="27.98782" yp2="70.03347" sp="0.05" color="silver" opacity="100"/>
<line xp1="27.98782" yp1="70.03347" xp2="27.89153" yp2="70.18295" sp="0.05" color="silver" opacity="100"/>
<line xp1="27.89153" yp1="70.18295" xp2="27.63980" yp2="70.10776" sp="0.05" color="silver" opacity="100"/>
<line xp1="27.63980" yp1="70.10776" xp2="27.49984" yp2="70.08151" sp="0.05" color="silver" opacity="100"/>
<line xp1="27.49984" yp1="70.08151" xp2="27.35123" yp2="70.12434" sp="0.05" color="silver" opacity="100"/>
<line xp1="27.35123" yp1="70.12434" xp2="27.25202" yp2="70.19563" sp="0.05" color="silver" opacity="100"/>
<line xp1="27.25202" yp1="70.19563" xp2="27.14013" yp2="70.08242" sp="0.05" color="silver" opacity="100"/>
<line xp1="27.14013" yp1="70.08242" xp2="27.09632" yp2="69.85159" sp="0.05" color="silver" opacity="100"/>
<line xp1="27.09632" yp1="69.85159" xp2="26.96430" yp2="69.94293" sp="0.05" color="silver" opacity="100"/>
<line xp1="26.96430" yp1="69.94293" xp2="26.76636" yp2="69.97433" sp="0.05" color="silver" opacity="100"/>
<line xp1="26.76636" yp1="69.97433" xp2="26.60336" yp2="70.00864" sp="0.05" color="silver" opacity="100"/>
<line xp1="26.60336" yp1="70.00864" xp2="26.56141" yp2="69.99760" sp="0.05" color="silver" opacity="100"/>
<line xp1="26.56141" yp1="69.99760" xp2="26.41817" yp2="69.83563" sp="0.05" color="silver" opacity="100"/>
<line xp1="26.41817" yp1="69.83563" xp2="26.42785" yp2="69.73553" sp="0.05" color="silver" opacity="100"/>
<line xp1="26.42785" yp1="69.73553" xp2="26.42027" yp2="69.72915" sp="0.05" color="silver" opacity="100"/>
<line xp1="26.42027" yp1="69.72915" xp2="26.33574" yp2="69.65804" sp="0.05" color="silver" opacity="100"/>
<line xp1="26.33574" yp1="69.65804" xp2="26.22901" yp2="69.76200" sp="0.05" color="silver" opacity="100"/>
<line xp1="26.22901" yp1="69.76200" xp2="26.14331" yp2="69.91919" sp="0.05" color="silver" opacity="100"/>
<line xp1="26.14331" yp1="69.91919" xp2="26.14334" yp2="70.05268" sp="0.05" color="silver" opacity="100"/>
<line xp1="26.14334" yp1="70.05268" xp2="26.05989" yp2="70.22094" sp="0.05" color="silver" opacity="100"/>
<line xp1="26.05989" yp1="70.22094" xp2="26.07792" yp2="70.36966" sp="0.05" color="silver" opacity="100"/>
<line xp1="26.07792" yp1="70.36966" xp2="25.99822" yp2="70.59594" sp="0.05" color="silver" opacity="100"/>
<line xp1="25.99822" yp1="70.59594" xp2="25.95171" yp2="70.75639" sp="0.05" color="silver" opacity="100"/>
<line xp1="25.95171" yp1="70.75639" xp2="25.77359" yp2="70.92271" sp="0.05" color="silver" opacity="100"/>
<line xp1="25.77359" yp1="70.92271" xp2="25.68999" yp2="70.85424" sp="0.05" color="silver" opacity="100"/>
<line xp1="25.68999" yp1="70.85424" xp2="25.57361" yp2="70.95674" sp="0.05" color="silver" opacity="100"/>
<line xp1="25.57361" yp1="70.95674" xp2="25.50404" yp2="70.97884" sp="0.05" color="silver" opacity="100"/>
<line xp1="25.50404" yp1="70.97884" xp2="25.42373" yp2="71.17385" sp="0.05" color="silver" opacity="100"/>
<line xp1="25.42373" yp1="71.17385" xp2="25.46314" yp2="71.29584" sp="0.05" color="silver" opacity="100"/>
<line xp1="25.46314" yp1="71.29584" xp2="25.48042" yp2="71.44848" sp="0.05" color="silver" opacity="100"/>
<line xp1="25.48042" yp1="71.44848" xp2="25.45851" yp2="71.59785" sp="0.05" color="silver" opacity="100"/>
<line xp1="25.45851" yp1="71.59785" xp2="25.36797" yp2="71.71401" sp="0.05" color="silver" opacity="100"/>
<line xp1="25.36797" yp1="71.71401" xp2="25.26974" yp2="71.79546" sp="0.05" color="silver" opacity="100"/>
<line xp1="25.26974" yp1="71.79546" xp2="25.15375" yp2="72.09917" sp="0.05" color="silver" opacity="100"/>
<line xp1="25.15375" yp1="72.09917" xp2="25.02215" yp2="72.35790" sp="0.05" color="silver" opacity="100"/>
<line xp1="25.02215" yp1="72.35790" xp2="25.02709" yp2="72.52874" sp="0.05" color="silver" opacity="100"/>
<line xp1="25.02709" yp1="72.52874" xp2="24.97943" yp2="72.65066" sp="0.05" color="silver" opacity="100"/>
<line xp1="24.97943" yp1="72.65066" xp2="24.98464" yp2="72.80210" sp="0.05" color="silver" opacity="100"/>
<line xp1="24.98464" yp1="72.80210" xp2="24.91869" yp2="72.92331" sp="0.05" color="silver" opacity="100"/>
<line xp1="24.91869" yp1="72.92331" xp2="24.91272" yp2="73.14899" sp="0.05" color="silver" opacity="100"/>
<line xp1="24.91272" yp1="73.14899" xp2="24.82861" yp2="73.21046" sp="0.05" color="silver" opacity="100"/>
<line xp1="24.82861" yp1="73.21046" xp2="24.77095" yp2="73.26905" sp="0.05" color="silver" opacity="100"/>
<line xp1="24.77095" yp1="73.26905" xp2="24.69489" yp2="73.37879" sp="0.05" color="silver" opacity="100"/>
<line xp1="24.69489" yp1="73.37879" xp2="24.65913" yp2="73.43039" sp="0.05" color="silver" opacity="100"/>
<line xp1="24.65913" yp1="73.43039" xp2="24.59133" yp2="73.41751" sp="0.05" color="silver" opacity="100"/>
<line xp1="24.59133" yp1="73.41751" xp2="24.59235" yp2="73.29717" sp="0.05" color="silver" opacity="100"/>
<line xp1="24.59235" yp1="73.29717" xp2="24.48746" yp2="73.15427" sp="0.05" color="silver" opacity="100"/>
<line xp1="24.48746" yp1="73.15427" xp2="24.32851" yp2="72.98725" sp="0.05" color="silver" opacity="100"/>
<line xp1="24.32851" yp1="72.98725" xp2="24.22794" yp2="72.96518" sp="0.05" color="silver" opacity="100"/>
<line xp1="24.22794" yp1="72.96518" xp2="24.18582" yp2="72.80176" sp="0.05" color="silver" opacity="100"/>
<line xp1="24.18582" yp1="72.80176" xp2="24.04843" yp2="72.83633" sp="0.05" color="silver" opacity="100"/>
<line xp1="24.04843" yp1="72.83633" xp2="23.91267" yp2="72.98281" sp="0.05" color="silver" opacity="100"/>
<line xp1="23.91267" yp1="72.98281" xp2="23.83640" yp2="73.02633" sp="0.05" color="silver" opacity="100"/>
<line xp1="23.83640" yp1="73.02633" xp2="23.80958" yp2="73.10093" sp="0.05" color="silver" opacity="100"/>
<line xp1="23.80958" yp1="73.10093" xp2="23.78749" yp2="73.16238" sp="0.05" color="silver" opacity="100"/>
<line xp1="23.78749" yp1="73.16238" xp2="23.79112" yp2="73.28747" sp="0.05" color="silver" opacity="100"/>
<line xp1="23.79112" yp1="73.28747" xp2="23.84671" yp2="73.34010" sp="0.05" color="silver" opacity="100"/>
<line xp1="23.84671" yp1="73.34010" xp2="23.83866" yp2="73.49193" sp="0.05" color="silver" opacity="100"/>
<line xp1="23.83866" yp1="73.49193" xp2="23.74999" yp2="73.65693" sp="0.05" color="silver" opacity="100"/>
<line xp1="23.74999" yp1="73.65693" xp2="23.81978" yp2="73.81712" sp="0.05" color="silver" opacity="100"/>
<line xp1="23.81978" yp1="73.81712" xp2="23.96467" yp2="73.87252" sp="0.05" color="silver" opacity="100"/>
<line xp1="23.96467" yp1="73.87252" xp2="24.01809" yp2="73.94954" sp="0.05" color="silver" opacity="100"/>
<line xp1="24.01809" yp1="73.94954" xp2="23.97974" yp2="74.03280" sp="0.05" color="silver" opacity="100"/>
<line xp1="23.97974" yp1="74.03280" xp2="23.99652" yp2="74.17568" sp="0.05" color="silver" opacity="100"/>
<line xp1="23.99652" yp1="74.17568" xp2="23.93664" yp2="74.25272" sp="0.05" color="silver" opacity="100"/>
<line xp1="23.93664" yp1="74.25272" xp2="23.87655" yp2="74.37236" sp="0.05" color="silver" opacity="100"/>
<line xp1="23.87655" yp1="74.37236" xp2="23.90762" yp2="74.56315" sp="0.05" color="silver" opacity="100"/>
<line xp1="23.90762" yp1="74.56315" xp2="23.81338" yp2="74.64368" sp="0.05" color="silver" opacity="100"/>
<line xp1="23.81338" yp1="74.64368" xp2="23.82353" yp2="74.76493" sp="0.05" color="silver" opacity="100"/>
<line xp1="23.82353" yp1="74.76493" xp2="23.92934" yp2="74.78267" sp="0.05" color="silver" opacity="100"/>
<line xp1="23.92934" yp1="74.78267" xp2="23.92336" yp2="74.96320" sp="0.05" color="silver" opacity="100"/>
<line xp1="23.92336" yp1="74.96320" xp2="23.93642" yp2="75.06800" sp="0.05" color="silver" opacity="100"/>
<line xp1="23.93642" yp1="75.06800" xp2="23.95122" yp2="75.17355" sp="0.05" color="silver" opacity="100"/>
<line xp1="23.95122" yp1="75.17355" xp2="23.96545" yp2="75.39171" sp="0.05" color="silver" opacity="100"/>
<line xp1="23.96545" yp1="75.39171" xp2="24.02345" yp2="75.46224" sp="0.05" color="silver" opacity="100"/>
<line xp1="24.02345" yp1="75.46224" xp2="23.99536" yp2="75.71050" sp="0.05" color="silver" opacity="100"/>
<line xp1="23.99536" yp1="75.71050" xp2="24.07438" yp2="75.73748" sp="0.05" color="silver" opacity="100"/>
<line xp1="24.07438" yp1="75.73748" xp2="24.10563" yp2="75.93652" sp="0.05" color="silver" opacity="100"/>
<line xp1="24.10563" yp1="75.93652" xp2="24.12205" yp2="76.13418" sp="0.05" color="silver" opacity="100"/>
<line xp1="24.12205" yp1="76.13418" xp2="24.09888" yp2="76.15792" sp="0.05" color="silver" opacity="100"/>
<line xp1="24.09888" yp1="76.15792" xp2="24.06045" yp2="76.19731" sp="0.05" color="silver" opacity="100"/>
<line xp1="24.06045" yp1="76.19731" xp2="23.91809" yp2="76.14076" sp="0.05" color="silver" opacity="100"/>
<line xp1="23.91809" yp1="76.14076" xp2="23.77335" yp2="76.12710" sp="0.05" color="silver" opacity="100"/>
<line xp1="23.77335" yp1="76.12710" xp2="23.70598" yp2="76.15014" sp="0.05" color="silver" opacity="100"/>
<line xp1="23.70598" yp1="76.15014" xp2="23.65926" yp2="76.16612" sp="0.05" color="silver" opacity="100"/>
<line xp1="23.65926" yp1="76.16612" xp2="23.65124" yp2="76.32254" sp="0.05" color="silver" opacity="100"/>
<line xp1="23.65124" yp1="76.32254" xp2="23.57411" yp2="76.37668" sp="0.05" color="silver" opacity="100"/>
<line xp1="23.57411" yp1="76.37668" xp2="23.53999" yp2="76.40064" sp="0.05" color="silver" opacity="100"/>
<line xp1="23.53999" yp1="76.40064" xp2="23.43511" yp2="76.39665" sp="0.05" color="silver" opacity="100"/>
<line xp1="23.43511" yp1="76.39665" xp2="23.39994" yp2="76.51065" sp="0.05" color="silver" opacity="100"/>
<line xp1="23.39994" yp1="76.51065" xp2="23.26063" yp2="76.60512" sp="0.05" color="silver" opacity="100"/>
<line xp1="23.26063" yp1="76.60512" xp2="23.16418" yp2="76.76563" sp="0.05" color="silver" opacity="100"/>
<line xp1="23.16418" yp1="76.76563" xp2="23.18857" yp2="76.89767" sp="0.05" color="silver" opacity="100"/>
<line xp1="23.18857" yp1="76.89767" xp2="23.13627" yp2="76.95113" sp="0.05" color="silver" opacity="100"/>
<line xp1="23.13627" yp1="76.95113" xp2="23.02823" yp2="77.06157" sp="0.05" color="silver" opacity="100"/>
<line xp1="23.02823" yp1="77.06157" xp2="22.96730" yp2="77.20595" sp="0.05" color="silver" opacity="100"/>
<line xp1="22.96730" yp1="77.20595" xp2="22.89090" yp2="77.31782" sp="0.05" color="silver" opacity="100"/>
<line xp1="22.89090" yp1="77.31782" xp2="22.78546" yp2="77.51723" sp="0.05" color="silver" opacity="100"/>
<line xp1="22.78546" yp1="77.51723" xp2="22.68341" yp2="77.64207" sp="0.05" color="silver" opacity="100"/>
<line xp1="22.68341" yp1="77.64207" xp2="22.62752" yp2="77.74246" sp="0.05" color="silver" opacity="100"/>
<line xp1="22.62752" yp1="77.74246" xp2="22.57400" yp2="77.87403" sp="0.05" color="silver" opacity="100"/>
<line xp1="22.57400" yp1="77.87403" xp2="22.50488" yp2="77.90061" sp="0.05" color="silver" opacity="100"/>
<line xp1="22.50488" yp1="77.90061" xp2="22.35237" yp2="77.95678" sp="0.05" color="silver" opacity="100"/>
<line xp1="22.35237" yp1="77.95678" xp2="22.25851" yp2="78.04035" sp="0.05" color="silver" opacity="100"/>
<line xp1="22.25851" yp1="78.04035" xp2="22.18674" yp2="78.19145" sp="0.05" color="silver" opacity="100"/>
<line xp1="22.18674" yp1="78.19145" xp2="21.98409" yp2="78.33653" sp="0.05" color="silver" opacity="100"/>
<line xp1="21.98409" yp1="78.33653" xp2="22.01088" yp2="78.44925" sp="0.05" color="silver" opacity="100"/>
<line xp1="22.01088" yp1="78.44925" xp2="22.10049" yp2="78.51931" sp="0.05" color="silver" opacity="100"/>
<line xp1="22.10049" yp1="78.51931" xp2="21.97381" yp2="78.66484" sp="0.05" color="silver" opacity="100"/>
<line xp1="21.97381" yp1="78.66484" xp2="21.96737" yp2="78.78949" sp="0.05" color="silver" opacity="100"/>
<line xp1="21.96737" yp1="78.78949" xp2="22.00879" yp2="78.92417" sp="0.05" color="silver" opacity="100"/>
<line xp1="22.00879" yp1="78.92417" xp2="21.94420" yp2="79.01361" sp="0.05" color="silver" opacity="100"/>
<line xp1="21.94420" yp1="79.01361" xp2="21.96343" yp2="79.13335" sp="0.05" color="silver" opacity="100"/>
<line xp1="21.96343" yp1="79.13335" xp2="21.79175" yp2="79.31702" sp="0.05" color="silver" opacity="100"/>
<line xp1="21.79175" yp1="79.31702" xp2="21.77619" yp2="79.47133" sp="0.05" color="silver" opacity="100"/>
<line xp1="21.77619" yp1="79.47133" xp2="21.69087" yp2="79.55161" sp="0.05" color="silver" opacity="100"/>
<line xp1="21.69087" yp1="79.55161" xp2="21.60008" yp2="79.70898" sp="0.05" color="silver" opacity="100"/>
<line xp1="21.60008" yp1="79.70898" xp2="21.49115" yp2="79.92385" sp="0.05" color="silver" opacity="100"/>
<line xp1="21.49115" yp1="79.92385" xp2="21.47913" yp2="79.95610" sp="0.05" color="silver" opacity="100"/>
<line xp1="21.47913" yp1="79.95610" xp2="21.46284" yp2="79.99978" sp="0.05" color="silver" opacity="100"/>
<line xp1="21.46284" yp1="79.99978" xp2="21.46321" yp2="80.35694" sp="0.05" color="silver" opacity="100"/>
<line xp1="21.46321" yp1="80.35694" xp2="21.46319" yp2="80.61751" sp="0.05" color="silver" opacity="100"/>
<line xp1="21.46319" yp1="80.61751" xp2="21.46316" yp2="80.88528" sp="0.05" color="silver" opacity="100"/>
<line xp1="21.46316" yp1="80.88528" xp2="21.46284" yp2="81.37499" sp="0.05" color="silver" opacity="100"/>
<line xp1="21.46284" yp1="81.37499" xp2="21.46284" yp2="81.43441" sp="0.05" color="silver" opacity="100"/>
<line xp1="21.46284" yp1="81.43441" xp2="21.46278" yp2="82.85975" sp="0.05" color="silver" opacity="100"/>
<line xp1="21.46278" yp1="82.85975" xp2="20.89615" yp2="82.85743" sp="0.05" color="silver" opacity="100"/>
<line xp1="20.89615" yp1="82.85743" xp2="20.37349" yp2="82.85698" sp="0.05" color="silver" opacity="100"/>
<line xp1="20.37349" yp1="82.85698" xp2="19.95023" yp2="82.85482" sp="0.05" color="silver" opacity="100"/>
<line xp1="19.95023" yp1="82.85482" xp2="19.94932" yp2="82.41905" sp="0.05" color="silver" opacity="100"/>
<line xp1="19.94932" yp1="82.41905" xp2="19.94820" yp2="81.87686" sp="0.05" color="silver" opacity="100"/>
<line xp1="19.94820" yp1="81.87686" xp2="19.94571" yp2="81.20781" sp="0.05" color="silver" opacity="100"/>
<line xp1="19.94571" yp1="81.20781" xp2="19.93676" yp2="80.35687" sp="0.05" color="silver" opacity="100"/>
<line xp1="19.93676" yp1="80.35687" xp2="19.93659" yp2="80.12990" sp="0.05" color="silver" opacity="100"/>
<line xp1="19.93659" yp1="80.12990" xp2="19.93645" yp2="79.93559" sp="0.05" color="silver" opacity="100"/>
<line xp1="19.93645" yp1="79.93559" xp2="19.93595" yp2="79.24371" sp="0.05" color="silver" opacity="100"/>
<line xp1="19.93595" yp1="79.24371" xp2="19.93771" yp2="78.18865" sp="0.05" color="silver" opacity="100"/>
<line xp1="19.93771" yp1="78.18865" xp2="19.93822" yp2="77.88363" sp="0.05" color="silver" opacity="100"/>
<line xp1="19.93822" yp1="77.88363" xp2="19.93871" yp2="77.58495" sp="0.05" color="silver" opacity="100"/>
<line xp1="19.93871" yp1="77.58495" xp2="19.93872" yp2="77.50648" sp="0.05" color="silver" opacity="100"/>
<line xp1="19.93872" yp1="77.50648" xp2="19.93880" yp2="75.83345" sp="0.05" color="silver" opacity="100"/>
<line xp1="19.93880" yp1="75.83345" xp2="19.93881" yp2="75.63365" sp="0.05" color="silver" opacity="100"/>
<line xp1="19.93881" yp1="75.63365" xp2="19.94362" yp2="75.50314" sp="0.05" color="silver" opacity="100"/>
<line xp1="19.94362" yp1="75.50314" xp2="19.94532" yp2="75.45718" sp="0.05" color="silver" opacity="100"/>
<line xp1="19.94532" yp1="75.45718" xp2="19.90346" yp2="75.29607" sp="0.05" color="silver" opacity="100"/>
<line xp1="19.90346" yp1="75.29607" xp2="20.00422" yp2="75.15186" sp="0.05" color="silver" opacity="100"/>
<line xp1="20.00422" yp1="75.15186" xp2="20.05480" yp2="75.00938" sp="0.05" color="silver" opacity="100"/>
<line xp1="20.05480" yp1="75.00938" xp2="20.05698" yp2="74.85623" sp="0.05" color="silver" opacity="100"/>
<line xp1="20.05698" yp1="74.85623" xp2="20.11699" yp2="74.77406" sp="0.05" color="silver" opacity="100"/>
<line xp1="20.11699" yp1="74.77406" xp2="20.09927" yp2="74.69271" sp="0.05" color="silver" opacity="100"/>
<line xp1="20.09927" yp1="74.69271" xp2="20.02775" yp2="74.52833" sp="0.05" color="silver" opacity="100"/>
<line xp1="20.02775" yp1="74.52833" xp2="20.08822" yp2="74.46000" sp="0.05" color="silver" opacity="100"/>
<line xp1="20.08822" yp1="74.46000" xp2="20.12925" yp2="74.27261" sp="0.05" color="silver" opacity="100"/>
<line xp1="20.12925" yp1="74.27261" xp2="20.17409" yp2="74.16748" sp="0.05" color="silver" opacity="100"/>
<line xp1="20.17409" yp1="74.16748" xp2="20.21570" yp2="74.02075" sp="0.05" color="silver" opacity="100"/>
<line xp1="20.21570" yp1="74.02075" xp2="20.30892" yp2="73.86013" sp="0.05" color="silver" opacity="100"/>
<line xp1="20.30892" yp1="73.86013" xp2="20.32689" yp2="73.82915" sp="0.05" color="silver" opacity="100"/>
<line xp1="20.32689" yp1="73.82915" xp2="20.40574" yp2="73.78908" sp="0.05" color="silver" opacity="100"/>
<line xp1="20.40574" yp1="73.78908" xp2="20.51486" yp2="73.66285" sp="0.05" color="silver" opacity="100"/>
<line xp1="20.51486" yp1="73.66285" xp2="20.62615" yp2="73.65297" sp="0.05" color="silver" opacity="100"/>
<line xp1="20.62615" yp1="73.65297" xp2="20.71431" yp2="73.52637" sp="0.05" color="silver" opacity="100"/>
<line xp1="20.71431" yp1="73.52637" xp2="20.72574" yp2="73.37564" sp="0.05" color="silver" opacity="100"/>
<line xp1="20.72574" yp1="73.37564" xp2="20.82538" yp2="73.18796" sp="0.05" color="silver" opacity="100"/>
<line xp1="20.82538" yp1="73.18796" xp2="20.76499" yp2="73.04745" sp="0.05" color="silver" opacity="100"/>
<line xp1="20.76499" yp1="73.04745" xp2="20.63355" yp2="72.69406" sp="0.05" color="silver" opacity="100"/>
<line xp1="20.63355" yp1="72.69406" xp2="20.50054" yp2="72.32669" sp="0.05" color="silver" opacity="100"/>
<line xp1="20.50054" yp1="72.32669" xp2="20.47551" yp2="72.19710" sp="0.05" color="silver" opacity="100"/>
<line xp1="20.47551" yp1="72.19710" xp2="20.46762" yp2="72.15623" sp="0.05" color="silver" opacity="100"/>
<line xp1="20.46762" yp1="72.15623" xp2="20.37747" yp2="71.75421" sp="0.05" color="silver" opacity="100"/>
<line xp1="20.37747" yp1="71.75421" xp2="20.33365" yp2="71.65061" sp="0.05" color="silver" opacity="100"/>
<line xp1="20.33365" yp1="71.65061" xp2="20.33275" yp2="71.64849" sp="0.05" color="silver" opacity="100"/>
<line xp1="20.33275" yp1="71.64849" xp2="20.24413" yp2="71.51688" sp="0.05" color="silver" opacity="100"/>
<line xp1="20.24413" yp1="71.51688" xp2="20.21798" yp2="71.36789" sp="0.05" color="silver" opacity="100"/>
<line xp1="20.21798" yp1="71.36789" xp2="20.25595" yp2="71.22565" sp="0.05" color="silver" opacity="100"/>
<line xp1="20.25595" yp1="71.22565" xp2="20.20717" yp2="71.05885" sp="0.05" color="silver" opacity="100"/>
<line xp1="20.20717" yp1="71.05885" xp2="20.17032" yp2="70.97294" sp="0.05" color="silver" opacity="100"/>
<line xp1="20.17032" yp1="70.97294" xp2="20.10492" yp2="70.82052" sp="0.05" color="silver" opacity="100"/>
<line xp1="20.10492" yp1="70.82052" xp2="19.97877" yp2="70.73383" sp="0.05" color="silver" opacity="100"/>
<line xp1="19.97877" yp1="70.73383" xp2="19.90420" yp2="70.64898" sp="0.05" color="silver" opacity="100"/>
<line xp1="19.90420" yp1="70.64898" xp2="19.85390" yp2="70.43432" sp="0.05" color="silver" opacity="100"/>
<line xp1="19.85390" yp1="70.43432" xp2="19.78011" yp2="70.16353" sp="0.05" color="silver" opacity="100"/>
<line xp1="19.78011" yp1="70.16353" xp2="19.74279" yp2="70.06695" sp="0.05" color="silver" opacity="100"/>
<line xp1="19.74279" yp1="70.06695" xp2="19.65241" yp2="69.94111" sp="0.05" color="silver" opacity="100"/>
<line xp1="19.65241" yp1="69.94111" xp2="19.66912" yp2="69.79189" sp="0.05" color="silver" opacity="100"/>
<line xp1="19.66912" yp1="69.79189" xp2="19.62611" yp2="69.68850" sp="0.05" color="silver" opacity="100"/>
<line xp1="19.62611" yp1="69.68850" xp2="19.62611" yp2="69.68850" sp="0.05" color="silver" opacity="100"/>
<line xp1="59.22114" yp1="57.71473" xp2="59.21238" yp2="57.62983" sp="0.05" color="silver" opacity="100"/>
<line xp1="59.21238" yp1="57.62983" xp2="59.23436" yp2="57.36645" sp="0.05" color="silver" opacity="100"/>
<line xp1="59.23436" yp1="57.36645" xp2="59.25529" yp2="57.19809" sp="0.05" color="silver" opacity="100"/>
<line xp1="59.25529" yp1="57.19809" xp2="59.32755" yp2="56.98976" sp="0.05" color="silver" opacity="100"/>
<line xp1="59.32755" yp1="56.98976" xp2="59.32793" yp2="56.98641" sp="0.05" color="silver" opacity="100"/>
<line xp1="59.32793" yp1="56.98641" xp2="59.34007" yp2="56.87923" sp="0.05" color="silver" opacity="100"/>
<line xp1="59.34007" yp1="56.87923" xp2="59.32915" yp2="56.70146" sp="0.05" color="silver" opacity="100"/>
<line xp1="59.32915" yp1="56.70146" xp2="59.38792" yp2="56.63178" sp="0.05" color="silver" opacity="100"/>
<line xp1="59.38792" yp1="56.63178" xp2="59.44374" yp2="56.53585" sp="0.05" color="silver" opacity="100"/>
<line xp1="59.44374" yp1="56.53585" xp2="59.43905" yp2="56.45348" sp="0.05" color="silver" opacity="100"/>
<line xp1="59.43905" yp1="56.45348" xp2="59.43423" yp2="56.36865" sp="0.05" color="silver" opacity="100"/>
<line xp1="59.43423" yp1="56.36865" xp2="59.52960" yp2="56.24633" sp="0.05" color="silver" opacity="100"/>
<line xp1="59.52960" yp1="56.24633" xp2="59.57517" yp2="56.18788" sp="0.05" color="silver" opacity="100"/>
<line xp1="59.57517" yp1="56.18788" xp2="59.71865" yp2="55.99495" sp="0.05" color="silver" opacity="100"/>
<line xp1="59.71865" yp1="55.99495" xp2="59.73195" yp2="55.97707" sp="0.05" color="silver" opacity="100"/>
<line xp1="59.73195" yp1="55.97707" xp2="59.77188" yp2="55.84514" sp="0.05" color="silver" opacity="100"/>
<line xp1="59.77188" yp1="55.84514" xp2="59.84568" yp2="55.82484" sp="0.05" color="silver" opacity="100"/>
<line xp1="59.84568" yp1="55.82484" xp2="59.90107" yp2="55.69898" sp="0.05" color="silver" opacity="100"/>
<line xp1="59.90107" yp1="55.69898" xp2="59.94112" yp2="55.56696" sp="0.05" color="silver" opacity="100"/>
<line xp1="59.94112" yp1="55.56696" xp2="60.09628" yp2="55.43087" sp="0.05" color="silver" opacity="100"/>
<line xp1="60.09628" yp1="55.43087" xp2="60.09956" yp2="55.42709" sp="0.05" color="silver" opacity="100"/>
<line xp1="60.09956" yp1="55.42709" xp2="60.24599" yp2="55.25839" sp="0.05" color="silver" opacity="100"/>
<line xp1="60.24599" yp1="55.25839" xp2="60.41545" yp2="55.01684" sp="0.05" color="silver" opacity="100"/>
<line xp1="60.41545" yp1="55.01684" xp2="60.42572" yp2="54.92601" sp="0.05" color="silver" opacity="100"/>
<line xp1="60.42572" yp1="54.92601" xp2="60.44938" yp2="54.71674" sp="0.05" color="silver" opacity="100"/>
<line xp1="60.44938" yp1="54.71674" xp2="60.49064" yp2="54.57311" sp="0.05" color="silver" opacity="100"/>
<line xp1="60.49064" yp1="54.57311" xp2="60.44057" yp2="54.43993" sp="0.05" color="silver" opacity="100"/>
<line xp1="60.44057" yp1="54.43993" xp2="60.49785" yp2="54.24027" sp="0.05" color="silver" opacity="100"/>
<line xp1="60.49785" yp1="54.24027" xp2="60.52064" yp2="54.09915" sp="0.05" color="silver" opacity="100"/>
<line xp1="60.52064" yp1="54.09915" xp2="60.52730" yp2="54.05791" sp="0.05" color="silver" opacity="100"/>
<line xp1="60.52730" yp1="54.05791" xp2="60.62253" yp2="53.92871" sp="0.05" color="silver" opacity="100"/>
<line xp1="60.62253" yp1="53.92871" xp2="60.68355" yp2="53.91653" sp="0.05" color="silver" opacity="100"/>
<line xp1="60.68355" yp1="53.91653" xp2="60.76905" yp2="54.02974" sp="0.05" color="silver" opacity="100"/>
<line xp1="60.76905" yp1="54.02974" xp2="60.81879" yp2="54.17660" sp="0.05" color="silver" opacity="100"/>
<line xp1="60.81879" yp1="54.17660" xp2="60.84466" yp2="54.17541" sp="0.05" color="silver" opacity="100"/>
<line xp1="60.84466" yp1="54.17541" xp2="60.92951" yp2="54.17153" sp="0.05" color="silver" opacity="100"/>
<line xp1="60.92951" yp1="54.17153" xp2="61.07891" yp2="54.06684" sp="0.05" color="silver" opacity="100"/>
<line xp1="61.07891" yp1="54.06684" xp2="61.11312" yp2="54.05520" sp="0.05" color="silver" opacity="100"/>
<line xp1="61.11312" yp1="54.05520" xp2="61.18410" yp2="54.03103" sp="0.05" color="silver" opacity="100"/>
<line xp1="61.18410" yp1="54.03103" xp2="61.21957" yp2="53.99638" sp="0.05" color="silver" opacity="100"/>
<line xp1="61.21957" yp1="53.99638" xp2="61.36411" yp2="53.85516" sp="0.05" color="silver" opacity="100"/>
<line xp1="61.36411" yp1="53.85516" xp2="61.35737" yp2="53.73071" sp="0.05" color="silver" opacity="100"/>
<line xp1="61.35737" yp1="53.73071" xp2="61.28264" yp2="53.63638" sp="0.05" color="silver" opacity="100"/>
<line xp1="61.28264" yp1="53.63638" xp2="61.28245" yp2="53.63614" sp="0.05" color="silver" opacity="100"/>
<line xp1="61.28245" yp1="53.63614" xp2="61.21552" yp2="53.50300" sp="0.05" color="silver" opacity="100"/>
<line xp1="61.21552" yp1="53.50300" xp2="61.23814" yp2="53.39300" sp="0.05" color="silver" opacity="100"/>
<line xp1="61.23814" yp1="53.39300" xp2="61.25948" yp2="53.31431" sp="0.05" color="silver" opacity="100"/>
<line xp1="61.25948" yp1="53.31431" xp2="61.25983" yp2="53.31300" sp="0.05" color="silver" opacity="100"/>
<line xp1="61.25983" yp1="53.31300" xp2="61.25460" yp2="53.17586" sp="0.05" color="silver" opacity="100"/>
<line xp1="61.25460" yp1="53.17586" xp2="61.15552" yp2="52.98501" sp="0.05" color="silver" opacity="100"/>
<line xp1="61.15552" yp1="52.98501" xp2="61.14569" yp2="52.94534" sp="0.05" color="silver" opacity="100"/>
<line xp1="61.14569" yp1="52.94534" xp2="61.13677" yp2="52.90932" sp="0.05" color="silver" opacity="100"/>
<line xp1="61.13677" yp1="52.90932" xp2="61.12106" yp2="52.84586" sp="0.05" color="silver" opacity="100"/>
<line xp1="61.12106" yp1="52.84586" xp2="61.09413" yp2="52.68129" sp="0.05" color="silver" opacity="100"/>
<line xp1="61.09413" yp1="52.68129" xp2="61.01501" yp2="52.53456" sp="0.05" color="silver" opacity="100"/>
<line xp1="61.01501" yp1="52.53456" xp2="61.01090" yp2="52.52694" sp="0.05" color="silver" opacity="100"/>
<line xp1="61.01090" yp1="52.52694" xp2="61.00040" yp2="52.50745" sp="0.05" color="silver" opacity="100"/>
<line xp1="61.00040" yp1="52.50745" xp2="60.96536" yp2="52.35244" sp="0.05" color="silver" opacity="100"/>
<line xp1="60.96536" yp1="52.35244" xp2="60.97858" yp2="52.10387" sp="0.05" color="silver" opacity="100"/>
<line xp1="60.97858" yp1="52.10387" xp2="60.99821" yp2="52.05584" sp="0.05" color="silver" opacity="100"/>
<line xp1="60.99821" yp1="52.05584" xp2="61.04253" yp2="51.94741" sp="0.05" color="silver" opacity="100"/>
<line xp1="61.04253" yp1="51.94741" xp2="61.14962" yp2="51.79364" sp="0.05" color="silver" opacity="100"/>
<line xp1="61.14962" yp1="51.79364" xp2="61.15002" yp2="51.79306" sp="0.05" color="silver" opacity="100"/>
<line xp1="61.15002" yp1="51.79306" xp2="61.20199" yp2="51.69819" sp="0.05" color="silver" opacity="100"/>
<line xp1="61.20199" yp1="51.69819" xp2="61.22478" yp2="51.67819" sp="0.05" color="silver" opacity="100"/>
<line xp1="61.22478" yp1="51.67819" xp2="61.34461" yp2="51.57306" sp="0.05" color="silver" opacity="100"/>
<line xp1="61.34461" yp1="51.57306" xp2="61.41391" yp2="51.47265" sp="0.05" color="silver" opacity="100"/>
<line xp1="61.41391" yp1="51.47265" xp2="61.52561" yp2="51.34337" sp="0.05" color="silver" opacity="100"/>
<line xp1="61.52561" yp1="51.34337" xp2="61.60783" yp2="51.33328" sp="0.05" color="silver" opacity="100"/>
<line xp1="61.60783" yp1="51.33328" xp2="61.57812" yp2="51.19776" sp="0.05" color="silver" opacity="100"/>
<line xp1="61.57812" yp1="51.19776" xp2="61.64139" yp2="51.08600" sp="0.05" color="silver" opacity="100"/>
<line xp1="61.64139" yp1="51.08600" xp2="61.65664" yp2="51.05906" sp="0.05" color="silver" opacity="100"/>
<line xp1="61.65664" yp1="51.05906" xp2="61.76762" yp2="51.15423" sp="0.05" color="silver" opacity="100"/>
<line xp1="61.76762" yp1="51.15423" xp2="61.87379" yp2="51.01455" sp="0.05" color="silver" opacity="100"/>
<line xp1="61.87379" yp1="51.01455" xp2="62.00529" yp2="50.89811" sp="0.05" color="silver" opacity="100"/>
<line xp1="62.00529" yp1="50.89811" xp2="62.01964" yp2="50.84694" sp="0.05" color="silver" opacity="100"/>
<line xp1="62.01964" yp1="50.84694" xp2="62.04924" yp2="50.74138" sp="0.05" color="silver" opacity="100"/>
<line xp1="62.04924" yp1="50.74138" xp2="62.16725" yp2="50.63885" sp="0.05" color="silver" opacity="100"/>
<line xp1="62.16725" yp1="50.63885" xp2="62.27393" yp2="50.56136" sp="0.05" color="silver" opacity="100"/>
<line xp1="62.27393" yp1="50.56136" xp2="62.29760" yp2="50.35729" sp="0.05" color="silver" opacity="100"/>
<line xp1="62.29760" yp1="50.35729" xp2="62.31684" yp2="50.22890" sp="0.05" color="silver" opacity="100"/>
<line xp1="62.31684" yp1="50.22890" xp2="62.31116" yp2="50.19996" sp="0.05" color="silver" opacity="100"/>
<line xp1="62.31116" yp1="50.19996" xp2="62.30494" yp2="50.16827" sp="0.05" color="silver" opacity="100"/>
<line xp1="62.30494" yp1="50.16827" xp2="62.28862" yp2="50.08517" sp="0.05" color="silver" opacity="100"/>
<line xp1="62.28862" yp1="50.08517" xp2="62.35200" yp2="49.90421" sp="0.05" color="silver" opacity="100"/>
<line xp1="62.35200" yp1="49.90421" xp2="62.42163" yp2="49.73563" sp="0.05" color="silver" opacity="100"/>
<line xp1="62.42163" yp1="49.73563" xp2="62.41818" yp2="49.58902" sp="0.05" color="silver" opacity="100"/>
<line xp1="62.41818" yp1="49.58902" xp2="62.34702" yp2="49.52714" sp="0.05" color="silver" opacity="100"/>
<line xp1="62.34702" yp1="49.52714" xp2="62.31514" yp2="49.49941" sp="0.05" color="silver" opacity="100"/>
<line xp1="62.31514" yp1="49.49941" xp2="62.28149" yp2="49.37691" sp="0.05" color="silver" opacity="100"/>
<line xp1="62.28149" yp1="49.37691" xp2="62.33402" yp2="49.31700" sp="0.05" color="silver" opacity="100"/>
<line xp1="62.33402" yp1="49.31700" xp2="62.35304" yp2="49.29531" sp="0.05" color="silver" opacity="100"/>
<line xp1="62.35304" yp1="49.29531" xp2="62.37522" yp2="49.10891" sp="0.05" color="silver" opacity="100"/>
<line xp1="62.37522" yp1="49.10891" xp2="62.48588" yp2="48.86648" sp="0.05" color="silver" opacity="100"/>
<line xp1="62.48588" yp1="48.86648" xp2="62.52391" yp2="48.69316" sp="0.05" color="silver" opacity="100"/>
<line xp1="62.52391" yp1="48.69316" xp2="62.60285" yp2="48.65414" sp="0.05" color="silver" opacity="100"/>
<line xp1="62.60285" yp1="48.65414" xp2="62.68060" yp2="48.61570" sp="0.05" color="silver" opacity="100"/>
<line xp1="62.68060" yp1="48.61570" xp2="62.77686" yp2="48.54219" sp="0.05" color="silver" opacity="100"/>
<line xp1="62.77686" yp1="48.54219" xp2="62.87244" yp2="48.52016" sp="0.05" color="silver" opacity="100"/>
<line xp1="62.87244" yp1="48.52016" xp2="62.87862" yp2="48.62259" sp="0.05" color="silver" opacity="100"/>
<line xp1="62.87862" yp1="48.62259" xp2="62.82058" yp2="48.77746" sp="0.05" color="silver" opacity="100"/>
<line xp1="62.82058" yp1="48.77746" xp2="62.81833" yp2="48.78348" sp="0.05" color="silver" opacity="100"/>
<line xp1="62.81833" yp1="48.78348" xp2="62.92454" yp2="48.97419" sp="0.05" color="silver" opacity="100"/>
<line xp1="62.92454" yp1="48.97419" xp2="62.98764" yp2="49.11076" sp="0.05" color="silver" opacity="100"/>
<line xp1="62.98764" yp1="49.11076" xp2="63.07543" yp2="49.21257" sp="0.05" color="silver" opacity="100"/>
<line xp1="63.07543" yp1="49.21257" xp2="63.17922" yp2="49.22146" sp="0.05" color="silver" opacity="100"/>
<line xp1="63.17922" yp1="49.22146" xp2="63.18193" yp2="49.22169" sp="0.05" color="silver" opacity="100"/>
<line xp1="63.18193" yp1="49.22169" xp2="63.18786" yp2="49.21815" sp="0.05" color="silver" opacity="100"/>
<line xp1="63.18786" yp1="49.21815" xp2="63.33069" yp2="49.13282" sp="0.05" color="silver" opacity="100"/>
<line xp1="63.33069" yp1="49.13282" xp2="63.45682" yp2="49.01343" sp="0.05" color="silver" opacity="100"/>
<line xp1="63.45682" yp1="49.01343" xp2="63.54772" yp2="48.97473" sp="0.05" color="silver" opacity="100"/>
<line xp1="63.54772" yp1="48.97473" xp2="63.67471" yp2="48.89356" sp="0.05" color="silver" opacity="100"/>
<line xp1="63.67471" yp1="48.89356" xp2="63.75222" yp2="48.81145" sp="0.05" color="silver" opacity="100"/>
<line xp1="63.75222" yp1="48.81145" xp2="63.79758" yp2="48.76341" sp="0.05" color="silver" opacity="100"/>
<line xp1="63.79758" yp1="48.76341" xp2="63.86080" yp2="48.76559" sp="0.05" color="silver" opacity="100"/>
<line xp1="63.86080" yp1="48.76559" xp2="63.87107" yp2="48.76594" sp="0.05" color="silver" opacity="100"/>
<line xp1="63.87107" yp1="48.76594" xp2="63.88288" yp2="48.76635" sp="0.05" color="silver" opacity="100"/>
<line xp1="63.88288" yp1="48.76635" xp2="63.93138" yp2="48.85315" sp="0.05" color="silver" opacity="100"/>
<line xp1="63.93138" yp1="48.85315" xp2="63.96188" yp2="48.99972" sp="0.05" color="silver" opacity="100"/>
<line xp1="63.96188" yp1="48.99972" xp2="63.88961" yp2="49.20044" sp="0.05" color="silver" opacity="100"/>
<line xp1="63.88961" yp1="49.20044" xp2="63.82360" yp2="49.40271" sp="0.05" color="silver" opacity="100"/>
<line xp1="63.82360" yp1="49.40271" xp2="63.86624" yp2="49.54170" sp="0.05" color="silver" opacity="100"/>
<line xp1="63.86624" yp1="49.54170" xp2="63.89868" yp2="49.71585" sp="0.05" color="silver" opacity="100"/>
<line xp1="63.89868" yp1="49.71585" xp2="63.97139" yp2="49.77711" sp="0.05" color="silver" opacity="100"/>
<line xp1="63.97139" yp1="49.77711" xp2="63.97518" yp2="49.77510" sp="0.05" color="silver" opacity="100"/>
<line xp1="63.97518" yp1="49.77510" xp2="64.06388" yp2="49.72820" sp="0.05" color="silver" opacity="100"/>
<line xp1="64.06388" yp1="49.72820" xp2="64.06394" yp2="49.72817" sp="0.05" color="silver" opacity="100"/>
<line xp1="64.06394" yp1="49.72817" xp2="64.18205" yp2="49.86456" sp="0.05" color="silver" opacity="100"/>
<line xp1="64.18205" yp1="49.86456" xp2="64.37375" yp2="49.90553" sp="0.05" color="silver" opacity="100"/>
<line xp1="64.37375" yp1="49.90553" xp2="64.51955" yp2="49.96525" sp="0.05" color="silver" opacity="100"/>
<line xp1="64.51955" yp1="49.96525" xp2="64.51346" yp2="50.01180" sp="0.05" color="silver" opacity="100"/>
<line xp1="64.51346" yp1="50.01180" xp2="64.50424" yp2="50.08236" sp="0.05" color="silver" opacity="100"/>
<line xp1="64.50424" yp1="50.08236" xp2="64.41289" yp2="50.20848" sp="0.05" color="silver" opacity="100"/>
<line xp1="64.41289" yp1="50.20848" xp2="64.41164" yp2="50.21509" sp="0.05" color="silver" opacity="100"/>
<line xp1="64.41164" yp1="50.21509" xp2="64.36914" yp2="50.44095" sp="0.05" color="silver" opacity="100"/>
<line xp1="64.36914" yp1="50.44095" xp2="64.41178" yp2="50.56326" sp="0.05" color="silver" opacity="100"/>
<line xp1="64.41178" yp1="50.56326" xp2="64.52371" yp2="50.69317" sp="0.05" color="silver" opacity="100"/>
<line xp1="64.52371" yp1="50.69317" xp2="64.57226" yp2="50.85493" sp="0.05" color="silver" opacity="100"/>
<line xp1="64.57226" yp1="50.85493" xp2="64.51175" yp2="51.01729" sp="0.05" color="silver" opacity="100"/>
<line xp1="64.51175" yp1="51.01729" xp2="64.52389" yp2="51.04768" sp="0.05" color="silver" opacity="100"/>
<line xp1="64.52389" yp1="51.04768" xp2="64.55252" yp2="51.11933" sp="0.05" color="silver" opacity="100"/>
<line xp1="64.55252" yp1="51.11933" xp2="64.59029" yp2="51.31878" sp="0.05" color="silver" opacity="100"/>
<line xp1="64.59029" yp1="51.31878" xp2="64.56787" yp2="51.51632" sp="0.05" color="silver" opacity="100"/>
<line xp1="64.56787" yp1="51.51632" xp2="64.63266" yp2="51.58740" sp="0.05" color="silver" opacity="100"/>
<line xp1="64.63266" yp1="51.58740" xp2="64.67352" yp2="51.71444" sp="0.05" color="silver" opacity="100"/>
<line xp1="64.67352" yp1="51.71444" xp2="64.72697" yp2="51.86270" sp="0.05" color="silver" opacity="100"/>
<line xp1="64.72697" yp1="51.86270" xp2="64.65259" yp2="51.99381" sp="0.05" color="silver" opacity="100"/>
<line xp1="64.65259" yp1="51.99381" xp2="64.66123" yp2="52.08649" sp="0.05" color="silver" opacity="100"/>
<line xp1="64.66123" yp1="52.08649" xp2="64.66313" yp2="52.10683" sp="0.05" color="silver" opacity="100"/>
<line xp1="64.66313" yp1="52.10683" xp2="64.75609" yp2="52.19595" sp="0.05" color="silver" opacity="100"/>
<line xp1="64.75609" yp1="52.19595" xp2="64.87389" yp2="52.30640" sp="0.05" color="silver" opacity="100"/>
<line xp1="64.87389" yp1="52.30640" xp2="64.95385" yp2="52.48812" sp="0.05" color="silver" opacity="100"/>
<line xp1="64.95385" yp1="52.48812" xp2="64.99830" yp2="52.62528" sp="0.05" color="silver" opacity="100"/>
<line xp1="64.99830" yp1="52.62528" xp2="65.01378" yp2="52.67307" sp="0.05" color="silver" opacity="100"/>
<line xp1="65.01378" yp1="52.67307" xp2="65.05531" yp2="52.79966" sp="0.05" color="silver" opacity="100"/>
<line xp1="65.05531" yp1="52.79966" xp2="65.14744" yp2="52.89117" sp="0.05" color="silver" opacity="100"/>
<line xp1="65.14744" yp1="52.89117" xp2="65.13734" yp2="52.97455" sp="0.05" color="silver" opacity="100"/>
<line xp1="65.13734" yp1="52.97455" xp2="65.15637" yp2="53.04751" sp="0.05" color="silver" opacity="100"/>
<line xp1="65.15637" yp1="53.04751" xp2="65.17269" yp2="53.11003" sp="0.05" color="silver" opacity="100"/>
<line xp1="65.17269" yp1="53.11003" xp2="65.19982" yp2="53.25568" sp="0.05" color="silver" opacity="100"/>
<line xp1="65.19982" yp1="53.25568" xp2="65.31456" yp2="53.36461" sp="0.05" color="silver" opacity="100"/>
<line xp1="65.31456" yp1="53.36461" xp2="65.38623" yp2="53.59364" sp="0.05" color="silver" opacity="100"/>
<line xp1="65.38623" yp1="53.59364" xp2="65.35126" yp2="53.79022" sp="0.05" color="silver" opacity="100"/>
<line xp1="65.35126" yp1="53.79022" xp2="65.33037" yp2="53.86426" sp="0.05" color="silver" opacity="100"/>
<line xp1="65.33037" yp1="53.86426" xp2="65.31174" yp2="53.93033" sp="0.05" color="silver" opacity="100"/>
<line xp1="65.31174" yp1="53.93033" xp2="65.34043" yp2="54.01698" sp="0.05" color="silver" opacity="100"/>
<line xp1="65.34043" yp1="54.01698" xp2="65.34208" yp2="54.02197" sp="0.05" color="silver" opacity="100"/>
<line xp1="65.34208" yp1="54.02197" xp2="65.33924" yp2="54.20550" sp="0.05" color="silver" opacity="100"/>
<line xp1="65.33924" yp1="54.20550" xp2="65.26290" yp2="54.29031" sp="0.05" color="silver" opacity="100"/>
<line xp1="65.26290" yp1="54.29031" xp2="65.27294" yp2="54.44939" sp="0.05" color="silver" opacity="100"/>
<line xp1="65.27294" yp1="54.44939" xp2="65.19172" yp2="54.57659" sp="0.05" color="silver" opacity="100"/>
<line xp1="65.19172" yp1="54.57659" xp2="65.17174" yp2="54.73661" sp="0.05" color="silver" opacity="100"/>
<line xp1="65.17174" yp1="54.73661" xp2="65.16856" yp2="54.76208" sp="0.05" color="silver" opacity="100"/>
<line xp1="65.16856" yp1="54.76208" xp2="65.26611" yp2="54.88892" sp="0.05" color="silver" opacity="100"/>
<line xp1="65.26611" yp1="54.88892" xp2="65.24079" yp2="54.99272" sp="0.05" color="silver" opacity="100"/>
<line xp1="65.24079" yp1="54.99272" xp2="65.23885" yp2="55.02681" sp="0.05" color="silver" opacity="100"/>
<line xp1="65.23885" yp1="55.02681" xp2="65.23016" yp2="55.17973" sp="0.05" color="silver" opacity="100"/>
<line xp1="65.23016" yp1="55.17973" xp2="65.26411" yp2="55.25812" sp="0.05" color="silver" opacity="100"/>
<line xp1="65.26411" yp1="55.25812" xp2="65.33593" yp2="55.27968" sp="0.05" color="silver" opacity="100"/>
<line xp1="65.33593" yp1="55.27968" xp2="65.33596" yp2="55.62679" sp="0.05" color="silver" opacity="100"/>
<line xp1="65.33596" yp1="55.62679" xp2="65.33590" yp2="55.64889" sp="0.05" color="silver" opacity="100"/>
<line xp1="65.33590" yp1="55.64889" xp2="65.33479" yp2="56.02087" sp="0.05" color="silver" opacity="100"/>
<line xp1="65.33479" yp1="56.02087" xp2="65.33430" yp2="56.18534" sp="0.05" color="silver" opacity="100"/>
<line xp1="65.33430" yp1="56.18534" xp2="65.33469" yp2="56.80857" sp="0.05" color="silver" opacity="100"/>
<line xp1="65.33469" yp1="56.80857" xp2="65.33491" yp2="57.17596" sp="0.05" color="silver" opacity="100"/>
<line xp1="65.33491" yp1="57.17596" xp2="65.33689" yp2="57.56582" sp="0.05" color="silver" opacity="100"/>
<line xp1="65.33689" yp1="57.56582" xp2="65.33838" yp2="57.85906" sp="0.05" color="silver" opacity="100"/>
<line xp1="65.33838" yp1="57.85906" xp2="65.34298" yp2="58.50538" sp="0.05" color="silver" opacity="100"/>
<line xp1="65.34298" yp1="58.50538" xp2="65.34327" yp2="58.54636" sp="0.05" color="silver" opacity="100"/>
<line xp1="65.34327" yp1="58.54636" xp2="65.34417" yp2="58.67260" sp="0.05" color="silver" opacity="100"/>
<line xp1="65.34417" yp1="58.67260" xp2="65.34441" yp2="59.24824" sp="0.05" color="silver" opacity="100"/>
<line xp1="65.34441" yp1="59.24824" xp2="65.34459" yp2="59.70166" sp="0.05" color="silver" opacity="100"/>
<line xp1="65.34459" yp1="59.70166" xp2="65.34390" yp2="60.02953" sp="0.05" color="silver" opacity="100"/>
<line xp1="65.34390" yp1="60.02953" xp2="65.34382" yp2="60.07096" sp="0.05" color="silver" opacity="100"/>
<line xp1="65.34382" yp1="60.07096" xp2="65.34362" yp2="60.47454" sp="0.05" color="silver" opacity="100"/>
<line xp1="65.34362" yp1="60.47454" xp2="65.34343" yp2="60.85158" sp="0.05" color="silver" opacity="100"/>
<line xp1="65.34343" yp1="60.85158" xp2="65.34343" yp2="60.85193" sp="0.05" color="silver" opacity="100"/>
<line xp1="65.34343" yp1="60.85193" xp2="65.34552" yp2="61.34366" sp="0.05" color="silver" opacity="100"/>
<line xp1="65.34552" yp1="61.34366" xp2="65.34625" yp2="61.51353" sp="0.05" color="silver" opacity="100"/>
<line xp1="65.34625" yp1="61.51353" xp2="65.34762" yp2="62.02381" sp="0.05" color="silver" opacity="100"/>
<line xp1="65.34762" yp1="62.02381" xp2="65.34748" yp2="62.06854" sp="0.05" color="silver" opacity="100"/>
<line xp1="65.34748" yp1="62.06854" xp2="65.33732" yp2="62.13781" sp="0.05" color="silver" opacity="100"/>
<line xp1="65.33732" yp1="62.13781" xp2="65.29131" yp2="62.18867" sp="0.05" color="silver" opacity="100"/>
<line xp1="65.29131" yp1="62.18867" xp2="65.25907" yp2="62.28584" sp="0.05" color="silver" opacity="100"/>
<line xp1="65.25907" yp1="62.28584" xp2="65.24865" yp2="62.31724" sp="0.05" color="silver" opacity="100"/>
<line xp1="65.24865" yp1="62.31724" xp2="65.21623" yp2="62.41495" sp="0.05" color="silver" opacity="100"/>
<line xp1="65.21623" yp1="62.41495" xp2="65.20570" yp2="62.48837" sp="0.05" color="silver" opacity="100"/>
<line xp1="65.20570" yp1="62.48837" xp2="65.20991" yp2="62.52709" sp="0.05" color="silver" opacity="100"/>
<line xp1="65.20991" yp1="62.52709" xp2="65.21186" yp2="62.55239" sp="0.05" color="silver" opacity="100"/>
<line xp1="65.21186" yp1="62.55239" xp2="65.19377" yp2="62.58352" sp="0.05" color="silver" opacity="100"/>
<line xp1="65.19377" yp1="62.58352" xp2="65.19234" yp2="62.59091" sp="0.05" color="silver" opacity="100"/>
<line xp1="65.19234" yp1="62.59091" xp2="65.17790" yp2="62.66546" sp="0.05" color="silver" opacity="100"/>
<line xp1="65.17790" yp1="62.66546" xp2="65.12464" yp2="62.94041" sp="0.05" color="silver" opacity="100"/>
<line xp1="65.12464" yp1="62.94041" xp2="65.10406" yp2="63.07351" sp="0.05" color="silver" opacity="100"/>
<line xp1="65.10406" yp1="63.07351" xp2="65.09342" yp2="63.09101" sp="0.05" color="silver" opacity="100"/>
<line xp1="65.09342" yp1="63.09101" xp2="65.01330" yp2="63.22273" sp="0.05" color="silver" opacity="100"/>
<line xp1="65.01330" yp1="63.22273" xp2="65.01283" yp2="63.22351" sp="0.05" color="silver" opacity="100"/>
<line xp1="65.01283" yp1="63.22351" xp2="65.01278" yp2="63.22361" sp="0.05" color="silver" opacity="100"/>
<line xp1="65.01278" yp1="63.22361" xp2="64.98577" yp2="63.29216" sp="0.05" color="silver" opacity="100"/>
<line xp1="64.98577" yp1="63.29216" xp2="64.92298" yp2="63.45150" sp="0.05" color="silver" opacity="100"/>
<line xp1="64.92298" yp1="63.45150" xp2="64.92208" yp2="63.45596" sp="0.05" color="silver" opacity="100"/>
<line xp1="64.92208" yp1="63.45596" xp2="64.87173" yp2="63.70792" sp="0.05" color="silver" opacity="100"/>
<line xp1="64.87173" yp1="63.70792" xp2="64.86959" yp2="63.71863" sp="0.05" color="silver" opacity="100"/>
<line xp1="64.86959" yp1="63.71863" xp2="64.89099" yp2="63.89024" sp="0.05" color="silver" opacity="100"/>
<line xp1="64.89099" yp1="63.89024" xp2="64.91789" yp2="64.05892" sp="0.05" color="silver" opacity="100"/>
<line xp1="64.91789" yp1="64.05892" xp2="64.92234" yp2="64.26263" sp="0.05" color="silver" opacity="100"/>
<line xp1="64.92234" yp1="64.26263" xp2="64.77231" yp2="64.26531" sp="0.05" color="silver" opacity="100"/>
<line xp1="64.77231" yp1="64.26531" xp2="64.30864" yp2="64.27358" sp="0.05" color="silver" opacity="100"/>
<line xp1="64.30864" yp1="64.27358" xp2="64.28169" yp2="64.27407" sp="0.05" color="silver" opacity="100"/>
<line xp1="64.28169" yp1="64.27407" xp2="64.14663" yp2="64.27317" sp="0.05" color="silver" opacity="100"/>
<line xp1="64.14663" yp1="64.27317" xp2="63.83552" yp2="64.27109" sp="0.05" color="silver" opacity="100"/>
<line xp1="63.83552" yp1="64.27109" xp2="63.52711" yp2="64.26739" sp="0.05" color="silver" opacity="100"/>
<line xp1="63.52711" yp1="64.26739" xp2="63.52704" yp2="64.26739" sp="0.05" color="silver" opacity="100"/>
<line xp1="63.52704" yp1="64.26739" xp2="63.42063" yp2="64.26896" sp="0.05" color="silver" opacity="100"/>
<line xp1="63.42063" yp1="64.26896" xp2="63.16864" yp2="64.27269" sp="0.05" color="silver" opacity="100"/>
<line xp1="63.16864" yp1="64.27269" xp2="63.08837" yp2="64.27387" sp="0.05" color="silver" opacity="100"/>
<line xp1="63.08837" yp1="64.27387" xp2="63.01093" yp2="64.27501" sp="0.05" color="silver" opacity="100"/>
<line xp1="63.01093" yp1="64.27501" xp2="62.51416" yp2="64.28579" sp="0.05" color="silver" opacity="100"/>
<line xp1="62.51416" yp1="64.28579" xp2="62.45936" yp2="64.28698" sp="0.05" color="silver" opacity="100"/>
<line xp1="62.45936" yp1="64.28698" xp2="62.31813" yp2="64.29004" sp="0.05" color="silver" opacity="100"/>
<line xp1="62.31813" yp1="64.29004" xp2="61.78832" yp2="64.29974" sp="0.05" color="silver" opacity="100"/>
<line xp1="61.78832" yp1="64.29974" xp2="61.65159" yp2="64.30225" sp="0.05" color="silver" opacity="100"/>
<line xp1="61.65159" yp1="64.30225" xp2="61.65156" yp2="64.30225" sp="0.05" color="silver" opacity="100"/>
<line xp1="61.65156" yp1="64.30225" xp2="61.19509" yp2="64.30790" sp="0.05" color="silver" opacity="100"/>
<line xp1="61.19509" yp1="64.30790" xp2="60.88250" yp2="64.30622" sp="0.05" color="silver" opacity="100"/>
<line xp1="60.88250" yp1="64.30622" xp2="60.86614" yp2="64.30613" sp="0.05" color="silver" opacity="100"/>
<line xp1="60.86614" yp1="64.30613" xp2="60.54947" yp2="64.30995" sp="0.05" color="silver" opacity="100"/>
<line xp1="60.54947" yp1="64.30995" xp2="60.54350" yp2="64.20544" sp="0.05" color="silver" opacity="100"/>
<line xp1="60.54350" yp1="64.20544" xp2="60.63013" yp2="64.13569" sp="0.05" color="silver" opacity="100"/>
<line xp1="60.63013" yp1="64.13569" xp2="60.66885" yp2="64.11069" sp="0.05" color="silver" opacity="100"/>
<line xp1="60.66885" yp1="64.11069" xp2="60.74228" yp2="64.00863" sp="0.05" color="silver" opacity="100"/>
<line xp1="60.74228" yp1="64.00863" xp2="60.79331" yp2="63.94742" sp="0.05" color="silver" opacity="100"/>
<line xp1="60.79331" yp1="63.94742" xp2="60.85182" yp2="63.87726" sp="0.05" color="silver" opacity="100"/>
<line xp1="60.85182" yp1="63.87726" xp2="60.89673" yp2="63.77127" sp="0.05" color="silver" opacity="100"/>
<line xp1="60.89673" yp1="63.77127" xp2="60.87556" yp2="63.65209" sp="0.05" color="silver" opacity="100"/>
<line xp1="60.87556" yp1="63.65209" xp2="60.92207" yp2="63.54084" sp="0.05" color="silver" opacity="100"/>
<line xp1="60.92207" yp1="63.54084" xp2="61.01820" yp2="63.43806" sp="0.05" color="silver" opacity="100"/>
<line xp1="61.01820" yp1="63.43806" xp2="61.05362" yp2="63.41062" sp="0.05" color="silver" opacity="100"/>
<line xp1="61.05362" yp1="63.41062" xp2="61.12449" yp2="63.35571" sp="0.05" color="silver" opacity="100"/>
<line xp1="61.12449" yp1="63.35571" xp2="61.21935" yp2="63.28317" sp="0.05" color="silver" opacity="100"/>
<line xp1="61.21935" yp1="63.28317" xp2="61.29052" yp2="63.16106" sp="0.05" color="silver" opacity="100"/>
<line xp1="61.29052" yp1="63.16106" xp2="61.28701" yp2="62.97259" sp="0.05" color="silver" opacity="100"/>
<line xp1="61.28701" yp1="62.97259" xp2="61.29280" yp2="62.95168" sp="0.05" color="silver" opacity="100"/>
<line xp1="61.29280" yp1="62.95168" xp2="61.32213" yp2="62.84571" sp="0.05" color="silver" opacity="100"/>
<line xp1="61.32213" yp1="62.84571" xp2="61.29707" yp2="62.68052" sp="0.05" color="silver" opacity="100"/>
<line xp1="61.29707" yp1="62.68052" xp2="61.29515" yp2="62.65669" sp="0.05" color="silver" opacity="100"/>
<line xp1="61.29515" yp1="62.65669" xp2="61.28452" yp2="62.52508" sp="0.05" color="silver" opacity="100"/>
<line xp1="61.28452" yp1="62.52508" xp2="61.25938" yp2="62.41328" sp="0.05" color="silver" opacity="100"/>
<line xp1="61.25938" yp1="62.41328" xp2="61.26055" yp2="62.31994" sp="0.05" color="silver" opacity="100"/>
<line xp1="61.26055" yp1="62.31994" xp2="61.16559" yp2="62.23648" sp="0.05" color="silver" opacity="100"/>
<line xp1="61.16559" yp1="62.23648" xp2="61.15595" yp2="62.22801" sp="0.05" color="silver" opacity="100"/>
<line xp1="61.15595" yp1="62.22801" xp2="61.06045" yp2="62.12061" sp="0.05" color="silver" opacity="100"/>
<line xp1="61.06045" yp1="62.12061" xp2="61.05868" yp2="62.08152" sp="0.05" color="silver" opacity="100"/>
<line xp1="61.05868" yp1="62.08152" xp2="61.05433" yp2="61.98523" sp="0.05" color="silver" opacity="100"/>
<line xp1="61.05433" yp1="61.98523" xp2="61.02042" yp2="61.89866" sp="0.05" color="silver" opacity="100"/>
<line xp1="61.02042" yp1="61.89866" xp2="61.01611" yp2="61.71038" sp="0.05" color="silver" opacity="100"/>
<line xp1="61.01611" yp1="61.71038" xp2="60.97826" yp2="61.65609" sp="0.05" color="silver" opacity="100"/>
<line xp1="60.97826" yp1="61.65609" xp2="60.89872" yp2="61.60838" sp="0.05" color="silver" opacity="100"/>
<line xp1="60.89872" yp1="61.60838" xp2="60.82857" yp2="61.49581" sp="0.05" color="silver" opacity="100"/>
<line xp1="60.82857" yp1="61.49581" xp2="60.74902" yp2="61.48438" sp="0.05" color="silver" opacity="100"/>
<line xp1="60.74902" yp1="61.48438" xp2="60.65979" yp2="61.47523" sp="0.05" color="silver" opacity="100"/>
<line xp1="60.65979" yp1="61.47523" xp2="60.58687" yp2="61.38581" sp="0.05" color="silver" opacity="100"/>
<line xp1="60.58687" yp1="61.38581" xp2="60.45976" yp2="61.29927" sp="0.05" color="silver" opacity="100"/>
<line xp1="60.45976" yp1="61.29927" xp2="60.32880" yp2="61.29397" sp="0.05" color="silver" opacity="100"/>
<line xp1="60.32880" yp1="61.29397" xp2="60.20418" yp2="61.28061" sp="0.05" color="silver" opacity="100"/>
<line xp1="60.20418" yp1="61.28061" xp2="60.11640" yp2="61.20817" sp="0.05" color="silver" opacity="100"/>
<line xp1="60.11640" yp1="61.20817" xp2="60.05129" yp2="61.22872" sp="0.05" color="silver" opacity="100"/>
<line xp1="60.05129" yp1="61.22872" xp2="59.95725" yp2="61.21029" sp="0.05" color="silver" opacity="100"/>
<line xp1="59.95725" yp1="61.21029" xp2="59.89991" yp2="61.05457" sp="0.05" color="silver" opacity="100"/>
<line xp1="59.89991" yp1="61.05457" xp2="59.88992" yp2="60.97043" sp="0.05" color="silver" opacity="100"/>
<line xp1="59.88992" yp1="60.97043" xp2="59.88602" yp2="60.95520" sp="0.05" color="silver" opacity="100"/>
<line xp1="59.88602" yp1="60.95520" xp2="59.88551" yp2="60.95323" sp="0.05" color="silver" opacity="100"/>
<line xp1="59.88551" yp1="60.95323" xp2="59.82433" yp2="60.71437" sp="0.05" color="silver" opacity="100"/>
<line xp1="59.82433" yp1="60.71437" xp2="59.87470" yp2="60.61265" sp="0.05" color="silver" opacity="100"/>
<line xp1="59.87470" yp1="60.61265" xp2="59.93610" yp2="60.47468" sp="0.05" color="silver" opacity="100"/>
<line xp1="59.93610" yp1="60.47468" xp2="60.00322" yp2="60.46447" sp="0.05" color="silver" opacity="100"/>
<line xp1="60.00322" yp1="60.46447" xp2="60.06578" yp2="60.31739" sp="0.05" color="silver" opacity="100"/>
<line xp1="60.06578" yp1="60.31739" xp2="60.07344" yp2="60.20780" sp="0.05" color="silver" opacity="100"/>
<line xp1="60.07344" yp1="60.20780" xp2="60.07401" yp2="60.19964" sp="0.05" color="silver" opacity="100"/>
<line xp1="60.07401" yp1="60.19964" xp2="60.08412" yp2="60.05508" sp="0.05" color="silver" opacity="100"/>
<line xp1="60.08412" yp1="60.05508" xp2="60.07349" yp2="59.86871" sp="0.05" color="silver" opacity="100"/>
<line xp1="60.07349" yp1="59.86871" xp2="60.02237" yp2="59.74897" sp="0.05" color="silver" opacity="100"/>
<line xp1="60.02237" yp1="59.74897" xp2="59.93130" yp2="59.62387" sp="0.05" color="silver" opacity="100"/>
<line xp1="59.93130" yp1="59.62387" xp2="59.85693" yp2="59.48880" sp="0.05" color="silver" opacity="100"/>
<line xp1="59.85693" yp1="59.48880" xp2="59.85892" yp2="59.37059" sp="0.05" color="silver" opacity="100"/>
<line xp1="59.85892" yp1="59.37059" xp2="59.82195" yp2="59.21477" sp="0.05" color="silver" opacity="100"/>
<line xp1="59.82195" yp1="59.21477" xp2="59.81812" yp2="59.14153" sp="0.05" color="silver" opacity="100"/>
<line xp1="59.81812" yp1="59.14153" xp2="59.81412" yp2="59.06508" sp="0.05" color="silver" opacity="100"/>
<line xp1="59.81412" yp1="59.06508" xp2="59.71468" yp2="58.96603" sp="0.05" color="silver" opacity="100"/>
<line xp1="59.71468" yp1="58.96603" xp2="59.71234" yp2="58.96371" sp="0.05" color="silver" opacity="100"/>
<line xp1="59.71234" yp1="58.96371" xp2="59.61869" yp2="58.96683" sp="0.05" color="silver" opacity="100"/>
<line xp1="59.61869" yp1="58.96683" xp2="59.47736" yp2="58.89568" sp="0.05" color="silver" opacity="100"/>
<line xp1="59.47736" yp1="58.89568" xp2="59.42423" yp2="58.80740" sp="0.05" color="silver" opacity="100"/>
<line xp1="59.42423" yp1="58.80740" xp2="59.39312" yp2="58.67012" sp="0.05" color="silver" opacity="100"/>
<line xp1="59.39312" yp1="58.67012" xp2="59.43404" yp2="58.60137" sp="0.05" color="silver" opacity="100"/>
<line xp1="59.43404" yp1="58.60137" xp2="59.41553" yp2="58.43460" sp="0.05" color="silver" opacity="100"/>
<line xp1="59.41553" yp1="58.43460" xp2="59.42628" yp2="58.28317" sp="0.05" color="silver" opacity="100"/>
<line xp1="59.42628" yp1="58.28317" xp2="59.35474" yp2="58.22361" sp="0.05" color="silver" opacity="100"/>
<line xp1="59.35474" yp1="58.22361" xp2="59.27745" yp2="58.06403" sp="0.05" color="silver" opacity="100"/>
<line xp1="59.27745" yp1="58.06403" xp2="59.24171" yp2="57.91407" sp="0.05" color="silver" opacity="100"/>
<line xp1="59.24171" yp1="57.91407" xp2="59.23545" yp2="57.85344" sp="0.05" color="silver" opacity="100"/>
<line xp1="59.23545" yp1="57.85344" xp2="59.22114" yp2="57.71473" sp="0.05" color="silver" opacity="100"/>
<line xp1="59.22114" yp1="57.71473" xp2="59.22114" yp2="57.71473" sp="0.05" color="silver" opacity="100"/>
<line xp1="64.52389" yp1="51.04768" xp2="64.51175" yp2="51.01729" sp="0.05" color="silver" opacity="100"/>
<line xp1="64.51175" yp1="51.01729" xp2="64.57226" yp2="50.85493" sp="0.05" color="silver" opacity="100"/>
<line xp1="64.57226" yp1="50.85493" xp2="64.66114" yp2="50.80530" sp="0.05" color="silver" opacity="100"/>
<line xp1="64.66114" yp1="50.80530" xp2="64.71406" yp2="50.82772" sp="0.05" color="silver" opacity="100"/>
<line xp1="64.71406" yp1="50.82772" xp2="64.76338" yp2="50.90789" sp="0.05" color="silver" opacity="100"/>
<line xp1="64.76338" yp1="50.90789" xp2="64.71057" yp2="51.05900" sp="0.05" color="silver" opacity="100"/>
<line xp1="64.71057" yp1="51.05900" xp2="64.73016" yp2="51.14169" sp="0.05" color="silver" opacity="100"/>
<line xp1="64.73016" yp1="51.14169" xp2="64.73578" yp2="51.16539" sp="0.05" color="silver" opacity="100"/>
<line xp1="64.73578" yp1="51.16539" xp2="64.81148" yp2="51.20285" sp="0.05" color="silver" opacity="100"/>
<line xp1="64.81148" yp1="51.20285" xp2="64.91075" yp2="51.07197" sp="0.05" color="silver" opacity="100"/>
<line xp1="64.91075" yp1="51.07197" xp2="65.04056" yp2="51.12017" sp="0.05" color="silver" opacity="100"/>
<line xp1="65.04056" yp1="51.12017" xp2="65.05668" yp2="51.09441" sp="0.05" color="silver" opacity="100"/>
<line xp1="65.05668" yp1="51.09441" xp2="65.10518" yp2="51.01691" sp="0.05" color="silver" opacity="100"/>
<line xp1="65.10518" yp1="51.01691" xp2="65.19100" yp2="51.00548" sp="0.05" color="silver" opacity="100"/>
<line xp1="65.19100" yp1="51.00548" xp2="65.21772" yp2="51.13941" sp="0.05" color="silver" opacity="100"/>
<line xp1="65.21772" yp1="51.13941" xp2="65.30573" yp2="51.21548" sp="0.05" color="silver" opacity="100"/>
<line xp1="65.30573" yp1="51.21548" xp2="65.40562" yp2="51.20062" sp="0.05" color="silver" opacity="100"/>
<line xp1="65.40562" yp1="51.20062" xp2="65.46354" yp2="51.23958" sp="0.05" color="silver" opacity="100"/>
<line xp1="65.46354" yp1="51.23958" xp2="65.50987" yp2="51.27075" sp="0.05" color="silver" opacity="100"/>
<line xp1="65.50987" yp1="51.27075" xp2="65.64344" yp2="51.16644" sp="0.05" color="silver" opacity="100"/>
<line xp1="65.64344" yp1="51.16644" xp2="65.68607" yp2="51.12409" sp="0.05" color="silver" opacity="100"/>
<line xp1="65.68607" yp1="51.12409" xp2="65.73787" yp2="51.07264" sp="0.05" color="silver" opacity="100"/>
<line xp1="65.73787" yp1="51.07264" xp2="65.76115" yp2="51.04950" sp="0.05" color="silver" opacity="100"/>
<line xp1="65.76115" yp1="51.04950" xp2="65.87683" yp2="50.97536" sp="0.05" color="silver" opacity="100"/>
<line xp1="65.87683" yp1="50.97536" xp2="65.94230" yp2="50.87790" sp="0.05" color="silver" opacity="100"/>
<line xp1="65.94230" yp1="50.87790" xp2="65.99136" yp2="50.76466" sp="0.05" color="silver" opacity="100"/>
<line xp1="65.99136" yp1="50.76466" xp2="66.06487" yp2="50.93559" sp="0.05" color="silver" opacity="100"/>
<line xp1="66.06487" yp1="50.93559" xp2="66.08762" yp2="51.07157" sp="0.05" color="silver" opacity="100"/>
<line xp1="66.08762" yp1="51.07157" xp2="66.13798" yp2="51.19905" sp="0.05" color="silver" opacity="100"/>
<line xp1="66.13798" yp1="51.19905" xp2="66.18809" yp2="51.21628" sp="0.05" color="silver" opacity="100"/>
<line xp1="66.18809" yp1="51.21628" xp2="66.26500" yp2="51.24273" sp="0.05" color="silver" opacity="100"/>
<line xp1="66.26500" yp1="51.24273" xp2="66.34481" yp2="51.34506" sp="0.05" color="silver" opacity="100"/>
<line xp1="66.34481" yp1="51.34506" xp2="66.44065" yp2="51.41733" sp="0.05" color="silver" opacity="100"/>
<line xp1="66.44065" yp1="51.41733" xp2="66.44475" yp2="51.42043" sp="0.05" color="silver" opacity="100"/>
<line xp1="66.44475" yp1="51.42043" xp2="66.49232" yp2="51.30435" sp="0.05" color="silver" opacity="100"/>
<line xp1="66.49232" yp1="51.30435" xp2="66.58116" yp2="51.12185" sp="0.05" color="silver" opacity="100"/>
<line xp1="66.58116" yp1="51.12185" xp2="66.67942" yp2="51.05536" sp="0.05" color="silver" opacity="100"/>
<line xp1="66.67942" yp1="51.05536" xp2="66.69737" yp2="51.04260" sp="0.05" color="silver" opacity="100"/>
<line xp1="66.69737" yp1="51.04260" xp2="66.74582" yp2="51.00816" sp="0.05" color="silver" opacity="100"/>
<line xp1="66.74582" yp1="51.00816" xp2="66.76946" yp2="51.16215" sp="0.05" color="silver" opacity="100"/>
<line xp1="66.76946" yp1="51.16215" xp2="66.90866" yp2="51.15111" sp="0.05" color="silver" opacity="100"/>
<line xp1="66.90866" yp1="51.15111" xp2="66.88435" yp2="51.33779" sp="0.05" color="silver" opacity="100"/>
<line xp1="66.88435" yp1="51.33779" xp2="66.88950" yp2="51.53808" sp="0.05" color="silver" opacity="100"/>
<line xp1="66.88950" yp1="51.53808" xp2="66.94146" yp2="51.55333" sp="0.05" color="silver" opacity="100"/>
<line xp1="66.94146" yp1="51.55333" xp2="66.96630" yp2="51.56062" sp="0.05" color="silver" opacity="100"/>
<line xp1="66.96630" yp1="51.56062" xp2="67.02454" yp2="51.67647" sp="0.05" color="silver" opacity="100"/>
<line xp1="67.02454" yp1="51.67647" xp2="67.02528" yp2="51.67757" sp="0.05" color="silver" opacity="100"/>
<line xp1="67.02528" yp1="51.67757" xp2="67.09659" yp2="51.78466" sp="0.05" color="silver" opacity="100"/>
<line xp1="67.09659" yp1="51.78466" xp2="67.14399" yp2="51.81508" sp="0.05" color="silver" opacity="100"/>
<line xp1="67.14399" yp1="51.81508" xp2="67.19804" yp2="51.84977" sp="0.05" color="silver" opacity="100"/>
<line xp1="67.19804" yp1="51.84977" xp2="67.26361" yp2="51.71003" sp="0.05" color="silver" opacity="100"/>
<line xp1="67.26361" yp1="51.71003" xp2="67.37471" yp2="51.49107" sp="0.05" color="silver" opacity="100"/>
<line xp1="67.37471" yp1="51.49107" xp2="67.54498" yp2="51.45409" sp="0.05" color="silver" opacity="100"/>
<line xp1="67.54498" yp1="51.45409" xp2="67.64094" yp2="51.34395" sp="0.05" color="silver" opacity="100"/>
<line xp1="67.64094" yp1="51.34395" xp2="67.69638" yp2="51.40350" sp="0.05" color="silver" opacity="100"/>
<line xp1="67.69638" yp1="51.40350" xp2="67.72919" yp2="51.43874" sp="0.05" color="silver" opacity="100"/>
<line xp1="67.72919" yp1="51.43874" xp2="67.76657" yp2="51.47126" sp="0.05" color="silver" opacity="100"/>
<line xp1="67.76657" yp1="51.47126" xp2="67.81170" yp2="51.51051" sp="0.05" color="silver" opacity="100"/>
<line xp1="67.81170" yp1="51.51051" xp2="67.83821" yp2="51.74591" sp="0.05" color="silver" opacity="100"/>
<line xp1="67.83821" yp1="51.74591" xp2="67.85244" yp2="51.94263" sp="0.05" color="silver" opacity="100"/>
<line xp1="67.85244" yp1="51.94263" xp2="67.85421" yp2="51.96705" sp="0.05" color="silver" opacity="100"/>
<line xp1="67.85421" yp1="51.96705" xp2="67.93898" yp2="52.11363" sp="0.05" color="silver" opacity="100"/>
<line xp1="67.93898" yp1="52.11363" xp2="67.97513" yp2="52.23705" sp="0.05" color="silver" opacity="100"/>
<line xp1="67.97513" yp1="52.23705" xp2="68.00846" yp2="52.22272" sp="0.05" color="silver" opacity="100"/>
<line xp1="68.00846" yp1="52.22272" xp2="68.07544" yp2="52.19391" sp="0.05" color="silver" opacity="100"/>
<line xp1="68.07544" yp1="52.19391" xp2="68.17914" yp2="52.27277" sp="0.05" color="silver" opacity="100"/>
<line xp1="68.17914" yp1="52.27277" xp2="68.23661" yp2="52.40833" sp="0.05" color="silver" opacity="100"/>
<line xp1="68.23661" yp1="52.40833" xp2="68.25470" yp2="52.50971" sp="0.05" color="silver" opacity="100"/>
<line xp1="68.25470" yp1="52.50971" xp2="68.27442" yp2="52.62025" sp="0.05" color="silver" opacity="100"/>
<line xp1="68.27442" yp1="52.62025" xp2="68.32653" yp2="52.71570" sp="0.05" color="silver" opacity="100"/>
<line xp1="68.32653" yp1="52.71570" xp2="68.46328" yp2="52.76641" sp="0.05" color="silver" opacity="100"/>
<line xp1="68.46328" yp1="52.76641" xp2="68.50099" yp2="52.86878" sp="0.05" color="silver" opacity="100"/>
<line xp1="68.50099" yp1="52.86878" xp2="68.56441" yp2="52.92547" sp="0.05" color="silver" opacity="100"/>
<line xp1="68.56441" yp1="52.92547" xp2="68.56464" yp2="52.92603" sp="0.05" color="silver" opacity="100"/>
<line xp1="68.56464" yp1="52.92603" xp2="68.59138" yp2="52.98955" sp="0.05" color="silver" opacity="100"/>
<line xp1="68.59138" yp1="52.98955" xp2="68.56705" yp2="53.10367" sp="0.05" color="silver" opacity="100"/>
<line xp1="68.56705" yp1="53.10367" xp2="68.55974" yp2="53.13798" sp="0.05" color="silver" opacity="100"/>
<line xp1="68.55974" yp1="53.13798" xp2="68.55578" yp2="53.31234" sp="0.05" color="silver" opacity="100"/>
<line xp1="68.55578" yp1="53.31234" xp2="68.54021" yp2="53.46677" sp="0.05" color="silver" opacity="100"/>
<line xp1="68.54021" yp1="53.46677" xp2="68.61464" yp2="53.53137" sp="0.05" color="silver" opacity="100"/>
<line xp1="68.61464" yp1="53.53137" xp2="68.70623" yp2="53.52541" sp="0.05" color="silver" opacity="100"/>
<line xp1="68.70623" yp1="53.52541" xp2="68.71901" yp2="53.52805" sp="0.05" color="silver" opacity="100"/>
<line xp1="68.71901" yp1="53.52805" xp2="68.80699" yp2="53.54621" sp="0.05" color="silver" opacity="100"/>
<line xp1="68.80699" yp1="53.54621" xp2="68.86359" yp2="53.49284" sp="0.05" color="silver" opacity="100"/>
<line xp1="68.86359" yp1="53.49284" xp2="68.92037" yp2="53.42126" sp="0.05" color="silver" opacity="100"/>
<line xp1="68.92037" yp1="53.42126" xp2="68.94265" yp2="53.39317" sp="0.05" color="silver" opacity="100"/>
<line xp1="68.94265" yp1="53.39317" xp2="69.00483" yp2="53.41551" sp="0.05" color="silver" opacity="100"/>
<line xp1="69.00483" yp1="53.41551" xp2="69.12011" yp2="53.54733" sp="0.05" color="silver" opacity="100"/>
<line xp1="69.12011" yp1="53.54733" xp2="69.19838" yp2="53.59579" sp="0.05" color="silver" opacity="100"/>
<line xp1="69.19838" yp1="53.59579" xp2="69.28841" yp2="53.65153" sp="0.05" color="silver" opacity="100"/>
<line xp1="69.28841" yp1="53.65153" xp2="69.45092" yp2="53.68635" sp="0.05" color="silver" opacity="100"/>
<line xp1="69.45092" yp1="53.68635" xp2="69.51865" yp2="53.67453" sp="0.05" color="silver" opacity="100"/>
<line xp1="69.51865" yp1="53.67453" xp2="69.53347" yp2="53.85921" sp="0.05" color="silver" opacity="100"/>
<line xp1="69.53347" yp1="53.85921" xp2="69.54046" yp2="53.88350" sp="0.05" color="silver" opacity="100"/>
<line xp1="69.54046" yp1="53.88350" xp2="69.55938" yp2="53.94920" sp="0.05" color="silver" opacity="100"/>
<line xp1="69.55938" yp1="53.94920" xp2="69.49158" yp2="53.99216" sp="0.05" color="silver" opacity="100"/>
<line xp1="69.49158" yp1="53.99216" xp2="69.43950" yp2="54.03941" sp="0.05" color="silver" opacity="100"/>
<line xp1="69.43950" yp1="54.03941" xp2="69.41883" yp2="54.05816" sp="0.05" color="silver" opacity="100"/>
<line xp1="69.41883" yp1="54.05816" xp2="69.48828" yp2="54.17560" sp="0.05" color="silver" opacity="100"/>
<line xp1="69.48828" yp1="54.17560" xp2="69.46239" yp2="54.28835" sp="0.05" color="silver" opacity="100"/>
<line xp1="69.46239" yp1="54.28835" xp2="69.41912" yp2="54.37504" sp="0.05" color="silver" opacity="100"/>
<line xp1="69.41912" yp1="54.37504" xp2="69.38897" yp2="54.43545" sp="0.05" color="silver" opacity="100"/>
<line xp1="69.38897" yp1="54.43545" xp2="69.44509" yp2="54.50897" sp="0.05" color="silver" opacity="100"/>
<line xp1="69.44509" yp1="54.50897" xp2="69.50745" yp2="54.58709" sp="0.05" color="silver" opacity="100"/>
<line xp1="69.50745" yp1="54.58709" xp2="69.50745" yp2="54.93493" sp="0.05" color="silver" opacity="100"/>
<line xp1="69.50745" yp1="54.93493" xp2="69.50942" yp2="55.15755" sp="0.05" color="silver" opacity="100"/>
<line xp1="69.50942" yp1="55.15755" xp2="69.50942" yp2="55.15762" sp="0.05" color="silver" opacity="100"/>
<line xp1="69.50942" yp1="55.15762" xp2="69.51161" yp2="55.40501" sp="0.05" color="silver" opacity="100"/>
<line xp1="69.51161" yp1="55.40501" xp2="69.51360" yp2="55.77705" sp="0.05" color="silver" opacity="100"/>
<line xp1="69.51360" yp1="55.77705" xp2="69.51430" yp2="55.90778" sp="0.05" color="silver" opacity="100"/>
<line xp1="69.51430" yp1="55.90778" xp2="69.51672" yp2="56.36159" sp="0.05" color="silver" opacity="100"/>
<line xp1="69.51672" yp1="56.36159" xp2="69.51673" yp2="56.36176" sp="0.05" color="silver" opacity="100"/>
<line xp1="69.51673" yp1="56.36176" xp2="69.52090" yp2="56.90547" sp="0.05" color="silver" opacity="100"/>
<line xp1="69.52090" yp1="56.90547" xp2="69.52283" yp2="57.15734" sp="0.05" color="silver" opacity="100"/>
<line xp1="69.52283" yp1="57.15734" xp2="69.52507" yp2="57.44919" sp="0.05" color="silver" opacity="100"/>
<line xp1="69.52507" yp1="57.44919" xp2="69.53090" yp2="58.02885" sp="0.05" color="silver" opacity="100"/>
<line xp1="69.53090" yp1="58.02885" xp2="69.53212" yp2="58.15075" sp="0.05" color="silver" opacity="100"/>
<line xp1="69.53212" yp1="58.15075" xp2="69.53212" yp2="58.15098" sp="0.05" color="silver" opacity="100"/>
<line xp1="69.53212" yp1="58.15098" xp2="69.53395" yp2="58.47253" sp="0.05" color="silver" opacity="100"/>
<line xp1="69.53395" yp1="58.47253" xp2="69.53454" yp2="58.57660" sp="0.05" color="silver" opacity="100"/>
<line xp1="69.53454" yp1="58.57660" xp2="69.53475" yp2="58.77775" sp="0.05" color="silver" opacity="100"/>
<line xp1="69.53475" yp1="58.77775" xp2="69.53520" yp2="59.22327" sp="0.05" color="silver" opacity="100"/>
<line xp1="69.53520" yp1="59.22327" xp2="69.53520" yp2="59.22332" sp="0.05" color="silver" opacity="100"/>
<line xp1="69.53520" yp1="59.22332" xp2="69.53435" yp2="59.77877" sp="0.05" color="silver" opacity="100"/>
<line xp1="69.53435" yp1="59.77877" xp2="69.53406" yp2="59.96964" sp="0.05" color="silver" opacity="100"/>
<line xp1="69.53406" yp1="59.96964" xp2="69.53349" yp2="60.34690" sp="0.05" color="silver" opacity="100"/>
<line xp1="69.53349" yp1="60.34690" xp2="69.53285" yp2="60.72160" sp="0.05" color="silver" opacity="100"/>
<line xp1="69.53285" yp1="60.72160" xp2="69.53276" yp2="60.77502" sp="0.05" color="silver" opacity="100"/>
<line xp1="69.53276" yp1="60.77502" xp2="69.53210" yp2="61.16655" sp="0.05" color="silver" opacity="100"/>
<line xp1="69.53210" yp1="61.16655" xp2="69.53192" yp2="61.21728" sp="0.05" color="silver" opacity="100"/>
<line xp1="69.53192" yp1="61.21728" xp2="69.53083" yp2="61.51468" sp="0.05" color="silver" opacity="100"/>
<line xp1="69.53083" yp1="61.51468" xp2="69.52910" yp2="61.98883" sp="0.05" color="silver" opacity="100"/>
<line xp1="69.52910" yp1="61.98883" xp2="69.52941" yp2="62.17205" sp="0.05" color="silver" opacity="100"/>
<line xp1="69.52941" yp1="62.17205" xp2="69.49980" yp2="62.17200" sp="0.05" color="silver" opacity="100"/>
<line xp1="69.49980" yp1="62.17200" xp2="68.92804" yp2="62.17106" sp="0.05" color="silver" opacity="100"/>
<line xp1="68.92804" yp1="62.17106" xp2="68.87256" yp2="62.17097" sp="0.05" color="silver" opacity="100"/>
<line xp1="68.87256" yp1="62.17097" xp2="68.78126" yp2="62.17073" sp="0.05" color="silver" opacity="100"/>
<line xp1="68.78126" yp1="62.17073" xp2="68.21577" yp2="62.16925" sp="0.05" color="silver" opacity="100"/>
<line xp1="68.21577" yp1="62.16925" xp2="68.01333" yp2="62.16872" sp="0.05" color="silver" opacity="100"/>
<line xp1="68.01333" yp1="62.16872" xp2="68.01329" yp2="62.16872" sp="0.05" color="silver" opacity="100"/>
<line xp1="68.01329" yp1="62.16872" xp2="67.59606" yp2="62.17044" sp="0.05" color="silver" opacity="100"/>
<line xp1="67.59606" yp1="62.17044" xp2="67.34451" yp2="62.17147" sp="0.05" color="silver" opacity="100"/>
<line xp1="67.34451" yp1="62.17147" xp2="67.34447" yp2="62.17147" sp="0.05" color="silver" opacity="100"/>
<line xp1="67.34447" yp1="62.17147" xp2="66.92035" yp2="62.17015" sp="0.05" color="silver" opacity="100"/>
<line xp1="66.92035" yp1="62.17015" xp2="66.88582" yp2="62.17021" sp="0.05" color="silver" opacity="100"/>
<line xp1="66.88582" yp1="62.17021" xp2="66.70762" yp2="62.17049" sp="0.05" color="silver" opacity="100"/>
<line xp1="66.70762" yp1="62.17049" xp2="66.70566" yp2="62.17050" sp="0.05" color="silver" opacity="100"/>
<line xp1="66.70566" yp1="62.17050" xp2="66.42334" yp2="62.17211" sp="0.05" color="silver" opacity="100"/>
<line xp1="66.42334" yp1="62.17211" xp2="66.29365" yp2="62.07697" sp="0.05" color="silver" opacity="100"/>
<line xp1="66.29365" yp1="62.07697" xp2="66.25716" yp2="62.04713" sp="0.05" color="silver" opacity="100"/>
<line xp1="66.25716" yp1="62.04713" xp2="66.11094" yp2="61.92760" sp="0.05" color="silver" opacity="100"/>
<line xp1="66.11094" yp1="61.92760" xp2="65.96025" yp2="61.85801" sp="0.05" color="silver" opacity="100"/>
<line xp1="65.96025" yp1="61.85801" xp2="65.81108" yp2="61.79683" sp="0.05" color="silver" opacity="100"/>
<line xp1="65.81108" yp1="61.79683" xp2="65.75148" yp2="61.77239" sp="0.05" color="silver" opacity="100"/>
<line xp1="65.75148" yp1="61.77239" xp2="65.59163" yp2="61.79867" sp="0.05" color="silver" opacity="100"/>
<line xp1="65.59163" yp1="61.79867" xp2="65.51413" yp2="61.96624" sp="0.05" color="silver" opacity="100"/>
<line xp1="65.51413" yp1="61.96624" xp2="65.42963" yp2="61.92239" sp="0.05" color="silver" opacity="100"/>
<line xp1="65.42963" yp1="61.92239" xp2="65.34762" yp2="62.02381" sp="0.05" color="silver" opacity="100"/>
<line xp1="65.34762" yp1="62.02381" xp2="65.34625" yp2="61.51353" sp="0.05" color="silver" opacity="100"/>
<line xp1="65.34625" yp1="61.51353" xp2="65.34552" yp2="61.34366" sp="0.05" color="silver" opacity="100"/>
<line xp1="65.34552" yp1="61.34366" xp2="65.34343" yp2="60.85193" sp="0.05" color="silver" opacity="100"/>
<line xp1="65.34343" yp1="60.85193" xp2="65.34343" yp2="60.85158" sp="0.05" color="silver" opacity="100"/>
<line xp1="65.34343" yp1="60.85158" xp2="65.34362" yp2="60.47454" sp="0.05" color="silver" opacity="100"/>
<line xp1="65.34362" yp1="60.47454" xp2="65.34382" yp2="60.07096" sp="0.05" color="silver" opacity="100"/>
<line xp1="65.34382" yp1="60.07096" xp2="65.34390" yp2="60.02953" sp="0.05" color="silver" opacity="100"/>
<line xp1="65.34390" yp1="60.02953" xp2="65.34459" yp2="59.70166" sp="0.05" color="silver" opacity="100"/>
<line xp1="65.34459" yp1="59.70166" xp2="65.34441" yp2="59.24824" sp="0.05" color="silver" opacity="100"/>
<line xp1="65.34441" yp1="59.24824" xp2="65.34417" yp2="58.67260" sp="0.05" color="silver" opacity="100"/>
<line xp1="65.34417" yp1="58.67260" xp2="65.34327" yp2="58.54636" sp="0.05" color="silver" opacity="100"/>
<line xp1="65.34327" yp1="58.54636" xp2="65.34298" yp2="58.50538" sp="0.05" color="silver" opacity="100"/>
<line xp1="65.34298" yp1="58.50538" xp2="65.33838" yp2="57.85906" sp="0.05" color="silver" opacity="100"/>
<line xp1="65.33838" yp1="57.85906" xp2="65.33689" yp2="57.56582" sp="0.05" color="silver" opacity="100"/>
<line xp1="65.33689" yp1="57.56582" xp2="65.33491" yp2="57.17596" sp="0.05" color="silver" opacity="100"/>
<line xp1="65.33491" yp1="57.17596" xp2="65.33469" yp2="56.80857" sp="0.05" color="silver" opacity="100"/>
<line xp1="65.33469" yp1="56.80857" xp2="65.33430" yp2="56.18534" sp="0.05" color="silver" opacity="100"/>
<line xp1="65.33430" yp1="56.18534" xp2="65.33479" yp2="56.02087" sp="0.05" color="silver" opacity="100"/>
<line xp1="65.33479" yp1="56.02087" xp2="65.33590" yp2="55.64889" sp="0.05" color="silver" opacity="100"/>
<line xp1="65.33590" yp1="55.64889" xp2="65.33596" yp2="55.62679" sp="0.05" color="silver" opacity="100"/>
<line xp1="65.33596" yp1="55.62679" xp2="65.33593" yp2="55.27968" sp="0.05" color="silver" opacity="100"/>
<line xp1="65.33593" yp1="55.27968" xp2="65.26411" yp2="55.25812" sp="0.05" color="silver" opacity="100"/>
<line xp1="65.26411" yp1="55.25812" xp2="65.23016" yp2="55.17973" sp="0.05" color="silver" opacity="100"/>
<line xp1="65.23016" yp1="55.17973" xp2="65.23885" yp2="55.02681" sp="0.05" color="silver" opacity="100"/>
<line xp1="65.23885" yp1="55.02681" xp2="65.24079" yp2="54.99272" sp="0.05" color="silver" opacity="100"/>
<line xp1="65.24079" yp1="54.99272" xp2="65.26611" yp2="54.88892" sp="0.05" color="silver" opacity="100"/>
<line xp1="65.26611" yp1="54.88892" xp2="65.16856" yp2="54.76208" sp="0.05" color="silver" opacity="100"/>
<line xp1="65.16856" yp1="54.76208" xp2="65.17174" yp2="54.73661" sp="0.05" color="silver" opacity="100"/>
<line xp1="65.17174" yp1="54.73661" xp2="65.19172" yp2="54.57659" sp="0.05" color="silver" opacity="100"/>
<line xp1="65.19172" yp1="54.57659" xp2="65.27294" yp2="54.44939" sp="0.05" color="silver" opacity="100"/>
<line xp1="65.27294" yp1="54.44939" xp2="65.26290" yp2="54.29031" sp="0.05" color="silver" opacity="100"/>
<line xp1="65.26290" yp1="54.29031" xp2="65.33924" yp2="54.20550" sp="0.05" color="silver" opacity="100"/>
<line xp1="65.33924" yp1="54.20550" xp2="65.34208" yp2="54.02197" sp="0.05" color="silver" opacity="100"/>
<line xp1="65.34208" yp1="54.02197" xp2="65.34043" yp2="54.01698" sp="0.05" color="silver" opacity="100"/>
<line xp1="65.34043" yp1="54.01698" xp2="65.31174" yp2="53.93033" sp="0.05" color="silver" opacity="100"/>
<line xp1="65.31174" yp1="53.93033" xp2="65.33037" yp2="53.86426" sp="0.05" color="silver" opacity="100"/>
<line xp1="65.33037" yp1="53.86426" xp2="65.35126" yp2="53.79022" sp="0.05" color="silver" opacity="100"/>
<line xp1="65.35126" yp1="53.79022" xp2="65.38623" yp2="53.59364" sp="0.05" color="silver" opacity="100"/>
<line xp1="65.38623" yp1="53.59364" xp2="65.31456" yp2="53.36461" sp="0.05" color="silver" opacity="100"/>
<line xp1="65.31456" yp1="53.36461" xp2="65.19982" yp2="53.25568" sp="0.05" color="silver" opacity="100"/>
<line xp1="65.19982" yp1="53.25568" xp2="65.17269" yp2="53.11003" sp="0.05" color="silver" opacity="100"/>
<line xp1="65.17269" yp1="53.11003" xp2="65.15637" yp2="53.04751" sp="0.05" color="silver" opacity="100"/>
<line xp1="65.15637" yp1="53.04751" xp2="65.13734" yp2="52.97455" sp="0.05" color="silver" opacity="100"/>
<line xp1="65.13734" yp1="52.97455" xp2="65.14744" yp2="52.89117" sp="0.05" color="silver" opacity="100"/>
<line xp1="65.14744" yp1="52.89117" xp2="65.05531" yp2="52.79966" sp="0.05" color="silver" opacity="100"/>
<line xp1="65.05531" yp1="52.79966" xp2="65.01378" yp2="52.67307" sp="0.05" color="silver" opacity="100"/>
<line xp1="65.01378" yp1="52.67307" xp2="64.99830" yp2="52.62528" sp="0.05" color="silver" opacity="100"/>
<line xp1="64.99830" yp1="52.62528" xp2="64.95385" yp2="52.48812" sp="0.05" color="silver" opacity="100"/>
<line xp1="64.95385" yp1="52.48812" xp2="64.87389" yp2="52.30640" sp="0.05" color="silver" opacity="100"/>
<line xp1="64.87389" yp1="52.30640" xp2="64.75609" yp2="52.19595" sp="0.05" color="silver" opacity="100"/>
<line xp1="64.75609" yp1="52.19595" xp2="64.66313" yp2="52.10683" sp="0.05" color="silver" opacity="100"/>
<line xp1="64.66313" yp1="52.10683" xp2="64.66123" yp2="52.08649" sp="0.05" color="silver" opacity="100"/>
<line xp1="64.66123" yp1="52.08649" xp2="64.65259" yp2="51.99381" sp="0.05" color="silver" opacity="100"/>
<line xp1="64.65259" yp1="51.99381" xp2="64.72697" yp2="51.86270" sp="0.05" color="silver" opacity="100"/>
<line xp1="64.72697" yp1="51.86270" xp2="64.67352" yp2="51.71444" sp="0.05" color="silver" opacity="100"/>
<line xp1="64.67352" yp1="51.71444" xp2="64.63266" yp2="51.58740" sp="0.05" color="silver" opacity="100"/>
<line xp1="64.63266" yp1="51.58740" xp2="64.56787" yp2="51.51632" sp="0.05" color="silver" opacity="100"/>
<line xp1="64.56787" yp1="51.51632" xp2="64.59029" yp2="51.31878" sp="0.05" color="silver" opacity="100"/>
<line xp1="64.59029" yp1="51.31878" xp2="64.55252" yp2="51.11933" sp="0.05" color="silver" opacity="100"/>
<line xp1="64.55252" yp1="51.11933" xp2="64.52389" yp2="51.04768" sp="0.05" color="silver" opacity="100"/>
<line xp1="64.52389" yp1="51.04768" xp2="64.52389" yp2="51.04768" sp="0.05" color="silver" opacity="100"/>
<line xp1="51.35096" yp1="65.08359" xp2="51.34661" yp2="64.92999" sp="0.05" color="silver" opacity="100"/>
<line xp1="51.34661" yp1="64.92999" xp2="51.39754" yp2="64.82309" sp="0.05" color="silver" opacity="100"/>
<line xp1="51.39754" yp1="64.82309" xp2="51.49728" yp2="64.68910" sp="0.05" color="silver" opacity="100"/>
<line xp1="51.49728" yp1="64.68910" xp2="51.56920" yp2="64.46093" sp="0.05" color="silver" opacity="100"/>
<line xp1="51.56920" yp1="64.46093" xp2="51.57392" yp2="64.44594" sp="0.05" color="silver" opacity="100"/>
<line xp1="51.57392" yp1="64.44594" xp2="51.54928" yp2="64.33509" sp="0.05" color="silver" opacity="100"/>
<line xp1="51.54928" yp1="64.33509" xp2="51.57315" yp2="64.31311" sp="0.05" color="silver" opacity="100"/>
<line xp1="51.57315" yp1="64.31311" xp2="51.62230" yp2="64.25894" sp="0.05" color="silver" opacity="100"/>
<line xp1="51.62230" yp1="64.25894" xp2="51.72107" yp2="64.17627" sp="0.05" color="silver" opacity="100"/>
<line xp1="51.72107" yp1="64.17627" xp2="51.67414" yp2="64.03113" sp="0.05" color="silver" opacity="100"/>
<line xp1="51.67414" yp1="64.03113" xp2="51.68000" yp2="63.82117" sp="0.05" color="silver" opacity="100"/>
<line xp1="51.68000" yp1="63.82117" xp2="51.76622" yp2="63.65970" sp="0.05" color="silver" opacity="100"/>
<line xp1="51.76622" yp1="63.65970" xp2="51.79076" yp2="63.61373" sp="0.05" color="silver" opacity="100"/>
<line xp1="51.79076" yp1="63.61373" xp2="51.79027" yp2="63.48263" sp="0.05" color="silver" opacity="100"/>
<line xp1="51.79027" yp1="63.48263" xp2="51.78890" yp2="63.47100" sp="0.05" color="silver" opacity="100"/>
<line xp1="51.78890" yp1="63.47100" xp2="51.77269" yp2="63.33373" sp="0.05" color="silver" opacity="100"/>
<line xp1="51.77269" yp1="63.33373" xp2="51.89400" yp2="63.18169" sp="0.05" color="silver" opacity="100"/>
<line xp1="51.89400" yp1="63.18169" xp2="51.88788" yp2="62.99211" sp="0.05" color="silver" opacity="100"/>
<line xp1="51.88788" yp1="62.99211" xp2="51.96368" yp2="62.92186" sp="0.05" color="silver" opacity="100"/>
<line xp1="51.96368" yp1="62.92186" xp2="52.10379" yp2="62.78464" sp="0.05" color="silver" opacity="100"/>
<line xp1="52.10379" yp1="62.78464" xp2="52.06293" yp2="62.60016" sp="0.05" color="silver" opacity="100"/>
<line xp1="52.06293" yp1="62.60016" xp2="52.11258" yp2="62.47456" sp="0.05" color="silver" opacity="100"/>
<line xp1="52.11258" yp1="62.47456" xp2="52.14168" yp2="62.40097" sp="0.05" color="silver" opacity="100"/>
<line xp1="52.14168" yp1="62.40097" xp2="52.20840" yp2="62.26572" sp="0.05" color="silver" opacity="100"/>
<line xp1="52.20840" yp1="62.26572" xp2="52.17292" yp2="62.06337" sp="0.05" color="silver" opacity="100"/>
<line xp1="52.17292" yp1="62.06337" xp2="52.14163" yp2="61.93288" sp="0.05" color="silver" opacity="100"/>
<line xp1="52.14163" yp1="61.93288" xp2="52.13618" yp2="61.91014" sp="0.05" color="silver" opacity="100"/>
<line xp1="52.13618" yp1="61.91014" xp2="52.12599" yp2="61.75284" sp="0.05" color="silver" opacity="100"/>
<line xp1="52.12599" yp1="61.75284" xp2="52.16643" yp2="61.60310" sp="0.05" color="silver" opacity="100"/>
<line xp1="52.16643" yp1="61.60310" xp2="52.18386" yp2="61.50914" sp="0.05" color="silver" opacity="100"/>
<line xp1="52.18386" yp1="61.50914" xp2="52.29988" yp2="61.55430" sp="0.05" color="silver" opacity="100"/>
<line xp1="52.29988" yp1="61.55430" xp2="52.31689" yp2="61.44826" sp="0.05" color="silver" opacity="100"/>
<line xp1="52.31689" yp1="61.44826" xp2="52.33390" yp2="61.34222" sp="0.05" color="silver" opacity="100"/>
<line xp1="52.33390" yp1="61.34222" xp2="52.42688" yp2="61.30219" sp="0.05" color="silver" opacity="100"/>
<line xp1="52.42688" yp1="61.30219" xp2="52.41948" yp2="61.11425" sp="0.05" color="silver" opacity="100"/>
<line xp1="52.41948" yp1="61.11425" xp2="52.41725" yp2="61.05742" sp="0.05" color="silver" opacity="100"/>
<line xp1="52.41725" yp1="61.05742" xp2="52.42202" yp2="60.92056" sp="0.05" color="silver" opacity="100"/>
<line xp1="52.42202" yp1="60.92056" xp2="52.47669" yp2="60.79517" sp="0.05" color="silver" opacity="100"/>
<line xp1="52.47669" yp1="60.79517" xp2="52.44401" yp2="60.67999" sp="0.05" color="silver" opacity="100"/>
<line xp1="52.44401" yp1="60.67999" xp2="52.44629" yp2="60.54692" sp="0.05" color="silver" opacity="100"/>
<line xp1="52.44629" yp1="60.54692" xp2="52.44663" yp2="60.52685" sp="0.05" color="silver" opacity="100"/>
<line xp1="52.44663" yp1="60.52685" xp2="52.52802" yp2="60.53457" sp="0.05" color="silver" opacity="100"/>
<line xp1="52.52802" yp1="60.53457" xp2="52.52016" yp2="60.45801" sp="0.05" color="silver" opacity="100"/>
<line xp1="52.52016" yp1="60.45801" xp2="52.50971" yp2="60.35628" sp="0.05" color="silver" opacity="100"/>
<line xp1="52.50971" yp1="60.35628" xp2="52.51717" yp2="60.23859" sp="0.05" color="silver" opacity="100"/>
<line xp1="52.51717" yp1="60.23859" xp2="52.51572" yp2="60.15099" sp="0.05" color="silver" opacity="100"/>
<line xp1="52.51572" yp1="60.15099" xp2="52.51403" yp2="60.04972" sp="0.05" color="silver" opacity="100"/>
<line xp1="52.51403" yp1="60.04972" xp2="52.57180" yp2="59.92108" sp="0.05" color="silver" opacity="100"/>
<line xp1="52.57180" yp1="59.92108" xp2="52.55727" yp2="59.78489" sp="0.05" color="silver" opacity="100"/>
<line xp1="52.55727" yp1="59.78489" xp2="52.58657" yp2="59.70842" sp="0.05" color="silver" opacity="100"/>
<line xp1="52.58657" yp1="59.70842" xp2="52.59891" yp2="59.67623" sp="0.05" color="silver" opacity="100"/>
<line xp1="52.59891" yp1="59.67623" xp2="52.55183" yp2="59.55887" sp="0.05" color="silver" opacity="100"/>
<line xp1="52.55183" yp1="59.55887" xp2="52.56270" yp2="59.38224" sp="0.05" color="silver" opacity="100"/>
<line xp1="52.56270" yp1="59.38224" xp2="52.56284" yp2="59.38005" sp="0.05" color="silver" opacity="100"/>
<line xp1="52.56284" yp1="59.38005" xp2="52.47893" yp2="59.24655" sp="0.05" color="silver" opacity="100"/>
<line xp1="52.47893" yp1="59.24655" xp2="52.54456" yp2="59.09316" sp="0.05" color="silver" opacity="100"/>
<line xp1="52.54456" yp1="59.09316" xp2="52.64322" yp2="59.00935" sp="0.05" color="silver" opacity="100"/>
<line xp1="52.64322" yp1="59.00935" xp2="52.69442" yp2="58.86673" sp="0.05" color="silver" opacity="100"/>
<line xp1="52.69442" yp1="58.86673" xp2="52.66824" yp2="58.81488" sp="0.05" color="silver" opacity="100"/>
<line xp1="52.66824" yp1="58.81488" xp2="53.02587" yp2="58.80643" sp="0.05" color="silver" opacity="100"/>
<line xp1="53.02587" yp1="58.80643" xp2="53.27088" yp2="58.80095" sp="0.05" color="silver" opacity="100"/>
<line xp1="53.27088" yp1="58.80095" xp2="53.32986" yp2="58.79963" sp="0.05" color="silver" opacity="100"/>
<line xp1="53.32986" yp1="58.79963" xp2="53.53498" yp2="58.79536" sp="0.05" color="silver" opacity="100"/>
<line xp1="53.53498" yp1="58.79536" xp2="53.74012" yp2="58.79109" sp="0.05" color="silver" opacity="100"/>
<line xp1="53.74012" yp1="58.79109" xp2="53.97708" yp2="58.78549" sp="0.05" color="silver" opacity="100"/>
<line xp1="53.97708" yp1="58.78549" xp2="54.12311" yp2="58.78204" sp="0.05" color="silver" opacity="100"/>
<line xp1="54.12311" yp1="58.78204" xp2="54.41227" yp2="58.77646" sp="0.05" color="silver" opacity="100"/>
<line xp1="54.41227" yp1="58.77646" xp2="54.56326" yp2="58.77354" sp="0.05" color="silver" opacity="100"/>
<line xp1="54.56326" yp1="58.77354" xp2="54.65968" yp2="58.77417" sp="0.05" color="silver" opacity="100"/>
<line xp1="54.65968" yp1="58.77417" xp2="54.90658" yp2="58.77578" sp="0.05" color="silver" opacity="100"/>
<line xp1="54.90658" yp1="58.77578" xp2="55.02732" yp2="58.77718" sp="0.05" color="silver" opacity="100"/>
<line xp1="55.02732" yp1="58.77718" xp2="55.24448" yp2="58.77971" sp="0.05" color="silver" opacity="100"/>
<line xp1="55.24448" yp1="58.77971" xp2="55.36078" yp2="58.78307" sp="0.05" color="silver" opacity="100"/>
<line xp1="55.36078" yp1="58.78307" xp2="55.62934" yp2="58.79083" sp="0.05" color="silver" opacity="100"/>
<line xp1="55.62934" yp1="58.79083" xp2="55.73178" yp2="58.79294" sp="0.05" color="silver" opacity="100"/>
<line xp1="55.73178" yp1="58.79294" xp2="56.00407" yp2="58.79856" sp="0.05" color="silver" opacity="100"/>
<line xp1="56.00407" yp1="58.79856" xp2="56.06631" yp2="58.79903" sp="0.05" color="silver" opacity="100"/>
<line xp1="56.06631" yp1="58.79903" xp2="56.34710" yp2="58.80113" sp="0.05" color="silver" opacity="100"/>
<line xp1="56.34710" yp1="58.80113" xp2="56.39163" yp2="58.80147" sp="0.05" color="silver" opacity="100"/>
<line xp1="56.39163" yp1="58.80147" xp2="56.71415" yp2="58.80815" sp="0.05" color="silver" opacity="100"/>
<line xp1="56.71415" yp1="58.80815" xp2="56.77340" yp2="58.81092" sp="0.05" color="silver" opacity="100"/>
<line xp1="56.77340" yp1="58.81092" xp2="57.01293" yp2="58.82212" sp="0.05" color="silver" opacity="100"/>
<line xp1="57.01293" yp1="58.82212" xp2="57.36216" yp2="58.82738" sp="0.05" color="silver" opacity="100"/>
<line xp1="57.36216" yp1="58.82738" xp2="57.40509" yp2="58.82803" sp="0.05" color="silver" opacity="100"/>
<line xp1="57.40509" yp1="58.82803" xp2="57.48015" yp2="58.83130" sp="0.05" color="silver" opacity="100"/>
<line xp1="57.48015" yp1="58.83130" xp2="57.76347" yp2="58.84368" sp="0.05" color="silver" opacity="100"/>
<line xp1="57.76347" yp1="58.84368" xp2="57.92184" yp2="58.84931" sp="0.05" color="silver" opacity="100"/>
<line xp1="57.92184" yp1="58.84931" xp2="58.18495" yp2="58.85865" sp="0.05" color="silver" opacity="100"/>
<line xp1="58.18495" yp1="58.85865" xp2="58.54905" yp2="58.87446" sp="0.05" color="silver" opacity="100"/>
<line xp1="58.54905" yp1="58.87446" xp2="58.55494" yp2="58.87471" sp="0.05" color="silver" opacity="100"/>
<line xp1="58.55494" yp1="58.87471" xp2="58.87828" yp2="58.89611" sp="0.05" color="silver" opacity="100"/>
<line xp1="58.87828" yp1="58.89611" xp2="58.89745" yp2="58.86783" sp="0.05" color="silver" opacity="100"/>
<line xp1="58.89745" yp1="58.86783" xp2="58.94557" yp2="58.79683" sp="0.05" color="silver" opacity="100"/>
<line xp1="58.94557" yp1="58.79683" xp2="58.96770" yp2="58.71696" sp="0.05" color="silver" opacity="100"/>
<line xp1="58.96770" yp1="58.71696" xp2="59.04769" yp2="58.68310" sp="0.05" color="silver" opacity="100"/>
<line xp1="59.04769" yp1="58.68310" xp2="59.06408" yp2="58.57154" sp="0.05" color="silver" opacity="100"/>
<line xp1="59.06408" yp1="58.57154" xp2="59.13255" yp2="58.45997" sp="0.05" color="silver" opacity="100"/>
<line xp1="59.13255" yp1="58.45997" xp2="59.20133" yp2="58.37949" sp="0.05" color="silver" opacity="100"/>
<line xp1="59.20133" yp1="58.37949" xp2="59.23370" yp2="58.29122" sp="0.05" color="silver" opacity="100"/>
<line xp1="59.23370" yp1="58.29122" xp2="59.35474" yp2="58.22361" sp="0.05" color="silver" opacity="100"/>
<line xp1="59.35474" yp1="58.22361" xp2="59.42628" yp2="58.28317" sp="0.05" color="silver" opacity="100"/>
<line xp1="59.42628" yp1="58.28317" xp2="59.41553" yp2="58.43460" sp="0.05" color="silver" opacity="100"/>
<line xp1="59.41553" yp1="58.43460" xp2="59.43404" yp2="58.60137" sp="0.05" color="silver" opacity="100"/>
<line xp1="59.43404" yp1="58.60137" xp2="59.39312" yp2="58.67012" sp="0.05" color="silver" opacity="100"/>
<line xp1="59.39312" yp1="58.67012" xp2="59.42423" yp2="58.80740" sp="0.05" color="silver" opacity="100"/>
<line xp1="59.42423" yp1="58.80740" xp2="59.47736" yp2="58.89568" sp="0.05" color="silver" opacity="100"/>
<line xp1="59.47736" yp1="58.89568" xp2="59.61869" yp2="58.96683" sp="0.05" color="silver" opacity="100"/>
<line xp1="59.61869" yp1="58.96683" xp2="59.71234" yp2="58.96371" sp="0.05" color="silver" opacity="100"/>
<line xp1="59.71234" yp1="58.96371" xp2="59.71468" yp2="58.96603" sp="0.05" color="silver" opacity="100"/>
<line xp1="59.71468" yp1="58.96603" xp2="59.81412" yp2="59.06508" sp="0.05" color="silver" opacity="100"/>
<line xp1="59.81412" yp1="59.06508" xp2="59.81812" yp2="59.14153" sp="0.05" color="silver" opacity="100"/>
<line xp1="59.81812" yp1="59.14153" xp2="59.82195" yp2="59.21477" sp="0.05" color="silver" opacity="100"/>
<line xp1="59.82195" yp1="59.21477" xp2="59.85892" yp2="59.37059" sp="0.05" color="silver" opacity="100"/>
<line xp1="59.85892" yp1="59.37059" xp2="59.85693" yp2="59.48880" sp="0.05" color="silver" opacity="100"/>
<line xp1="59.85693" yp1="59.48880" xp2="59.93130" yp2="59.62387" sp="0.05" color="silver" opacity="100"/>
<line xp1="59.93130" yp1="59.62387" xp2="60.02237" yp2="59.74897" sp="0.05" color="silver" opacity="100"/>
<line xp1="60.02237" yp1="59.74897" xp2="60.07349" yp2="59.86871" sp="0.05" color="silver" opacity="100"/>
<line xp1="60.07349" yp1="59.86871" xp2="60.08412" yp2="60.05508" sp="0.05" color="silver" opacity="100"/>
<line xp1="60.08412" yp1="60.05508" xp2="60.07401" yp2="60.19964" sp="0.05" color="silver" opacity="100"/>
<line xp1="60.07401" yp1="60.19964" xp2="60.07344" yp2="60.20780" sp="0.05" color="silver" opacity="100"/>
<line xp1="60.07344" yp1="60.20780" xp2="60.06578" yp2="60.31739" sp="0.05" color="silver" opacity="100"/>
<line xp1="60.06578" yp1="60.31739" xp2="60.00322" yp2="60.46447" sp="0.05" color="silver" opacity="100"/>
<line xp1="60.00322" yp1="60.46447" xp2="59.93610" yp2="60.47468" sp="0.05" color="silver" opacity="100"/>
<line xp1="59.93610" yp1="60.47468" xp2="59.87470" yp2="60.61265" sp="0.05" color="silver" opacity="100"/>
<line xp1="59.87470" yp1="60.61265" xp2="59.82433" yp2="60.71437" sp="0.05" color="silver" opacity="100"/>
<line xp1="59.82433" yp1="60.71437" xp2="59.88551" yp2="60.95323" sp="0.05" color="silver" opacity="100"/>
<line xp1="59.88551" yp1="60.95323" xp2="59.88602" yp2="60.95520" sp="0.05" color="silver" opacity="100"/>
<line xp1="59.88602" yp1="60.95520" xp2="59.88992" yp2="60.97043" sp="0.05" color="silver" opacity="100"/>
<line xp1="59.88992" yp1="60.97043" xp2="59.89991" yp2="61.05457" sp="0.05" color="silver" opacity="100"/>
<line xp1="59.89991" yp1="61.05457" xp2="59.95725" yp2="61.21029" sp="0.05" color="silver" opacity="100"/>
<line xp1="59.95725" yp1="61.21029" xp2="60.05129" yp2="61.22872" sp="0.05" color="silver" opacity="100"/>
<line xp1="60.05129" yp1="61.22872" xp2="60.11640" yp2="61.20817" sp="0.05" color="silver" opacity="100"/>
<line xp1="60.11640" yp1="61.20817" xp2="60.20418" yp2="61.28061" sp="0.05" color="silver" opacity="100"/>
<line xp1="60.20418" yp1="61.28061" xp2="60.32880" yp2="61.29397" sp="0.05" color="silver" opacity="100"/>
<line xp1="60.32880" yp1="61.29397" xp2="60.45976" yp2="61.29927" sp="0.05" color="silver" opacity="100"/>
<line xp1="60.45976" yp1="61.29927" xp2="60.58687" yp2="61.38581" sp="0.05" color="silver" opacity="100"/>
<line xp1="60.58687" yp1="61.38581" xp2="60.65979" yp2="61.47523" sp="0.05" color="silver" opacity="100"/>
<line xp1="60.65979" yp1="61.47523" xp2="60.74902" yp2="61.48438" sp="0.05" color="silver" opacity="100"/>
<line xp1="60.74902" yp1="61.48438" xp2="60.82857" yp2="61.49581" sp="0.05" color="silver" opacity="100"/>
<line xp1="60.82857" yp1="61.49581" xp2="60.89872" yp2="61.60838" sp="0.05" color="silver" opacity="100"/>
<line xp1="60.89872" yp1="61.60838" xp2="60.97826" yp2="61.65609" sp="0.05" color="silver" opacity="100"/>
<line xp1="60.97826" yp1="61.65609" xp2="61.01611" yp2="61.71038" sp="0.05" color="silver" opacity="100"/>
<line xp1="61.01611" yp1="61.71038" xp2="61.02042" yp2="61.89866" sp="0.05" color="silver" opacity="100"/>
<line xp1="61.02042" yp1="61.89866" xp2="61.05433" yp2="61.98523" sp="0.05" color="silver" opacity="100"/>
<line xp1="61.05433" yp1="61.98523" xp2="61.05868" yp2="62.08152" sp="0.05" color="silver" opacity="100"/>
<line xp1="61.05868" yp1="62.08152" xp2="61.06045" yp2="62.12061" sp="0.05" color="silver" opacity="100"/>
<line xp1="61.06045" yp1="62.12061" xp2="61.15595" yp2="62.22801" sp="0.05" color="silver" opacity="100"/>
<line xp1="61.15595" yp1="62.22801" xp2="61.16559" yp2="62.23648" sp="0.05" color="silver" opacity="100"/>
<line xp1="61.16559" yp1="62.23648" xp2="61.26055" yp2="62.31994" sp="0.05" color="silver" opacity="100"/>
<line xp1="61.26055" yp1="62.31994" xp2="61.25938" yp2="62.41328" sp="0.05" color="silver" opacity="100"/>
<line xp1="61.25938" yp1="62.41328" xp2="61.28452" yp2="62.52508" sp="0.05" color="silver" opacity="100"/>
<line xp1="61.28452" yp1="62.52508" xp2="61.29515" yp2="62.65669" sp="0.05" color="silver" opacity="100"/>
<line xp1="61.29515" yp1="62.65669" xp2="61.29707" yp2="62.68052" sp="0.05" color="silver" opacity="100"/>
<line xp1="61.29707" yp1="62.68052" xp2="61.32213" yp2="62.84571" sp="0.05" color="silver" opacity="100"/>
<line xp1="61.32213" yp1="62.84571" xp2="61.29280" yp2="62.95168" sp="0.05" color="silver" opacity="100"/>
<line xp1="61.29280" yp1="62.95168" xp2="61.28701" yp2="62.97259" sp="0.05" color="silver" opacity="100"/>
<line xp1="61.28701" yp1="62.97259" xp2="61.29052" yp2="63.16106" sp="0.05" color="silver" opacity="100"/>
<line xp1="61.29052" yp1="63.16106" xp2="61.21935" yp2="63.28317" sp="0.05" color="silver" opacity="100"/>
<line xp1="61.21935" yp1="63.28317" xp2="61.12449" yp2="63.35571" sp="0.05" color="silver" opacity="100"/>
<line xp1="61.12449" yp1="63.35571" xp2="61.05362" yp2="63.41062" sp="0.05" color="silver" opacity="100"/>
<line xp1="61.05362" yp1="63.41062" xp2="61.01820" yp2="63.43806" sp="0.05" color="silver" opacity="100"/>
<line xp1="61.01820" yp1="63.43806" xp2="60.92207" yp2="63.54084" sp="0.05" color="silver" opacity="100"/>
<line xp1="60.92207" yp1="63.54084" xp2="60.87556" yp2="63.65209" sp="0.05" color="silver" opacity="100"/>
<line xp1="60.87556" yp1="63.65209" xp2="60.89673" yp2="63.77127" sp="0.05" color="silver" opacity="100"/>
<line xp1="60.89673" yp1="63.77127" xp2="60.85182" yp2="63.87726" sp="0.05" color="silver" opacity="100"/>
<line xp1="60.85182" yp1="63.87726" xp2="60.79331" yp2="63.94742" sp="0.05" color="silver" opacity="100"/>
<line xp1="60.79331" yp1="63.94742" xp2="60.74228" yp2="64.00863" sp="0.05" color="silver" opacity="100"/>
<line xp1="60.74228" yp1="64.00863" xp2="60.66885" yp2="64.11069" sp="0.05" color="silver" opacity="100"/>
<line xp1="60.66885" yp1="64.11069" xp2="60.63013" yp2="64.13569" sp="0.05" color="silver" opacity="100"/>
<line xp1="60.63013" yp1="64.13569" xp2="60.54350" yp2="64.20544" sp="0.05" color="silver" opacity="100"/>
<line xp1="60.54350" yp1="64.20544" xp2="60.54947" yp2="64.30995" sp="0.05" color="silver" opacity="100"/>
<line xp1="60.54947" yp1="64.30995" xp2="60.50350" yp2="64.50457" sp="0.05" color="silver" opacity="100"/>
<line xp1="60.50350" yp1="64.50457" xp2="60.46022" yp2="64.64699" sp="0.05" color="silver" opacity="100"/>
<line xp1="60.46022" yp1="64.64699" xp2="60.39434" yp2="64.70160" sp="0.05" color="silver" opacity="100"/>
<line xp1="60.39434" yp1="64.70160" xp2="60.22693" yp2="64.75663" sp="0.05" color="silver" opacity="100"/>
<line xp1="60.22693" yp1="64.75663" xp2="60.15852" yp2="64.78377" sp="0.05" color="silver" opacity="100"/>
<line xp1="60.15852" yp1="64.78377" xp2="60.08990" yp2="64.81098" sp="0.05" color="silver" opacity="100"/>
<line xp1="60.08990" yp1="64.81098" xp2="59.97348" yp2="64.91305" sp="0.05" color="silver" opacity="100"/>
<line xp1="59.97348" yp1="64.91305" xp2="59.89121" yp2="65.07286" sp="0.05" color="silver" opacity="100"/>
<line xp1="59.89121" yp1="65.07286" xp2="59.84797" yp2="65.32692" sp="0.05" color="silver" opacity="100"/>
<line xp1="59.84797" yp1="65.32692" xp2="59.78769" yp2="65.43935" sp="0.05" color="silver" opacity="100"/>
<line xp1="59.78769" yp1="65.43935" xp2="59.76074" yp2="65.64507" sp="0.05" color="silver" opacity="100"/>
<line xp1="59.76074" yp1="65.64507" xp2="59.75525" yp2="65.67851" sp="0.05" color="silver" opacity="100"/>
<line xp1="59.75525" yp1="65.67851" xp2="59.73124" yp2="65.82489" sp="0.05" color="silver" opacity="100"/>
<line xp1="59.73124" yp1="65.82489" xp2="59.73087" yp2="65.94360" sp="0.05" color="silver" opacity="100"/>
<line xp1="59.73087" yp1="65.94360" xp2="59.73038" yp2="66.09904" sp="0.05" color="silver" opacity="100"/>
<line xp1="59.73038" yp1="66.09904" xp2="59.79358" yp2="66.21259" sp="0.05" color="silver" opacity="100"/>
<line xp1="59.79358" yp1="66.21259" xp2="59.86545" yp2="66.34826" sp="0.05" color="silver" opacity="100"/>
<line xp1="59.86545" yp1="66.34826" xp2="59.91091" yp2="66.43991" sp="0.05" color="silver" opacity="100"/>
<line xp1="59.91091" yp1="66.43991" xp2="59.83502" yp2="66.61041" sp="0.05" color="silver" opacity="100"/>
<line xp1="59.83502" yp1="66.61041" xp2="59.76184" yp2="66.67093" sp="0.05" color="silver" opacity="100"/>
<line xp1="59.76184" yp1="66.67093" xp2="59.68097" yp2="66.78188" sp="0.05" color="silver" opacity="100"/>
<line xp1="59.68097" yp1="66.78188" xp2="59.69322" yp2="66.86581" sp="0.05" color="silver" opacity="100"/>
<line xp1="59.69322" yp1="66.86581" xp2="59.67590" yp2="66.91269" sp="0.05" color="silver" opacity="100"/>
<line xp1="59.67590" yp1="66.91269" xp2="59.64265" yp2="67.00272" sp="0.05" color="silver" opacity="100"/>
<line xp1="59.64265" yp1="67.00272" xp2="59.66507" yp2="67.14443" sp="0.05" color="silver" opacity="100"/>
<line xp1="59.66507" yp1="67.14443" xp2="59.24455" yp2="67.14483" sp="0.05" color="silver" opacity="100"/>
<line xp1="59.24455" yp1="67.14483" xp2="59.06025" yp2="67.14482" sp="0.05" color="silver" opacity="100"/>
<line xp1="59.06025" yp1="67.14482" xp2="58.87659" yp2="67.14482" sp="0.05" color="silver" opacity="100"/>
<line xp1="58.87659" yp1="67.14482" xp2="58.73100" yp2="67.14481" sp="0.05" color="silver" opacity="100"/>
<line xp1="58.73100" yp1="67.14481" xp2="58.33877" yp2="67.14487" sp="0.05" color="silver" opacity="100"/>
<line xp1="58.33877" yp1="67.14487" xp2="58.18636" yp2="67.14489" sp="0.05" color="silver" opacity="100"/>
<line xp1="58.18636" yp1="67.14489" xp2="57.77085" yp2="67.14404" sp="0.05" color="silver" opacity="100"/>
<line xp1="57.77085" yp1="67.14404" xp2="57.61057" yp2="67.14371" sp="0.05" color="silver" opacity="100"/>
<line xp1="57.61057" yp1="67.14371" xp2="57.61052" yp2="67.14371" sp="0.05" color="silver" opacity="100"/>
<line xp1="57.61052" yp1="67.14371" xp2="57.12265" yp2="67.14157" sp="0.05" color="silver" opacity="100"/>
<line xp1="57.12265" yp1="67.14157" xp2="56.88562" yp2="67.14159" sp="0.05" color="silver" opacity="100"/>
<line xp1="56.88562" yp1="67.14159" xp2="56.84740" yp2="67.14159" sp="0.05" color="silver" opacity="100"/>
<line xp1="56.84740" yp1="67.14159" xp2="56.57098" yp2="67.14162" sp="0.05" color="silver" opacity="100"/>
<line xp1="56.57098" yp1="67.14162" xp2="56.15792" yp2="67.14152" sp="0.05" color="silver" opacity="100"/>
<line xp1="56.15792" yp1="67.14152" xp2="56.03580" yp2="67.14149" sp="0.05" color="silver" opacity="100"/>
<line xp1="56.03580" yp1="67.14149" xp2="55.92533" yp2="67.14153" sp="0.05" color="silver" opacity="100"/>
<line xp1="55.92533" yp1="67.14153" xp2="55.42960" yp2="67.14173" sp="0.05" color="silver" opacity="100"/>
<line xp1="55.42960" yp1="67.14173" xp2="55.00313" yp2="67.14336" sp="0.05" color="silver" opacity="100"/>
<line xp1="55.00313" yp1="67.14336" xp2="54.78370" yp2="67.14420" sp="0.05" color="silver" opacity="100"/>
<line xp1="54.78370" yp1="67.14420" xp2="54.70331" yp2="67.14422" sp="0.05" color="silver" opacity="100"/>
<line xp1="54.70331" yp1="67.14422" xp2="54.06992" yp2="67.14444" sp="0.05" color="silver" opacity="100"/>
<line xp1="54.06992" yp1="67.14444" xp2="54.03964" yp2="67.14445" sp="0.05" color="silver" opacity="100"/>
<line xp1="54.03964" yp1="67.14445" xp2="53.97752" yp2="67.14456" sp="0.05" color="silver" opacity="100"/>
<line xp1="53.97752" yp1="67.14456" xp2="53.51548" yp2="67.14539" sp="0.05" color="silver" opacity="100"/>
<line xp1="53.51548" yp1="67.14539" xp2="53.24956" yp2="67.14422" sp="0.05" color="silver" opacity="100"/>
<line xp1="53.24956" yp1="67.14422" xp2="53.14703" yp2="67.14378" sp="0.05" color="silver" opacity="100"/>
<line xp1="53.14703" yp1="67.14378" xp2="53.09723" yp2="67.14356" sp="0.05" color="silver" opacity="100"/>
<line xp1="53.09723" yp1="67.14356" xp2="52.56243" yp2="67.14276" sp="0.05" color="silver" opacity="100"/>
<line xp1="52.56243" yp1="67.14276" xp2="52.52162" yp2="67.14284" sp="0.05" color="silver" opacity="100"/>
<line xp1="52.52162" yp1="67.14284" xp2="52.22590" yp2="67.14339" sp="0.05" color="silver" opacity="100"/>
<line xp1="52.22590" yp1="67.14339" xp2="52.00233" yp2="67.14381" sp="0.05" color="silver" opacity="100"/>
<line xp1="52.00233" yp1="67.14381" xp2="51.61037" yp2="67.14397" sp="0.05" color="silver" opacity="100"/>
<line xp1="51.61037" yp1="67.14397" xp2="51.38626" yp2="67.14416" sp="0.05" color="silver" opacity="100"/>
<line xp1="51.38626" yp1="67.14416" xp2="51.40830" yp2="67.05603" sp="0.05" color="silver" opacity="100"/>
<line xp1="51.40830" yp1="67.05603" xp2="51.39346" yp2="66.95472" sp="0.05" color="silver" opacity="100"/>
<line xp1="51.39346" yp1="66.95472" xp2="51.50527" yp2="66.81611" sp="0.05" color="silver" opacity="100"/>
<line xp1="51.50527" yp1="66.81611" xp2="51.50109" yp2="66.70633" sp="0.05" color="silver" opacity="100"/>
<line xp1="51.50109" yp1="66.70633" xp2="51.49170" yp2="66.57153" sp="0.05" color="silver" opacity="100"/>
<line xp1="51.49170" yp1="66.57153" xp2="51.41720" yp2="66.54599" sp="0.05" color="silver" opacity="100"/>
<line xp1="51.41720" yp1="66.54599" xp2="51.44765" yp2="66.45016" sp="0.05" color="silver" opacity="100"/>
<line xp1="51.44765" yp1="66.45016" xp2="51.45698" yp2="66.42080" sp="0.05" color="silver" opacity="100"/>
<line xp1="51.45698" yp1="66.42080" xp2="51.50449" yp2="66.34560" sp="0.05" color="silver" opacity="100"/>
<line xp1="51.50449" yp1="66.34560" xp2="51.57604" yp2="66.34587" sp="0.05" color="silver" opacity="100"/>
<line xp1="51.57604" yp1="66.34587" xp2="51.60176" yp2="66.12387" sp="0.05" color="silver" opacity="100"/>
<line xp1="51.60176" yp1="66.12387" xp2="51.63179" yp2="66.03976" sp="0.05" color="silver" opacity="100"/>
<line xp1="51.63179" yp1="66.03976" xp2="51.61216" yp2="65.95015" sp="0.05" color="silver" opacity="100"/>
<line xp1="51.61216" yp1="65.95015" xp2="51.60277" yp2="65.90730" sp="0.05" color="silver" opacity="100"/>
<line xp1="51.60277" yp1="65.90730" xp2="51.52061" yp2="65.82836" sp="0.05" color="silver" opacity="100"/>
<line xp1="51.52061" yp1="65.82836" xp2="51.54970" yp2="65.72883" sp="0.05" color="silver" opacity="100"/>
<line xp1="51.54970" yp1="65.72883" xp2="51.50731" yp2="65.65041" sp="0.05" color="silver" opacity="100"/>
<line xp1="51.50731" yp1="65.65041" xp2="51.53799" yp2="65.59826" sp="0.05" color="silver" opacity="100"/>
<line xp1="51.53799" yp1="65.59826" xp2="51.47432" yp2="65.49307" sp="0.05" color="silver" opacity="100"/>
<line xp1="51.47432" yp1="65.49307" xp2="51.47620" yp2="65.45313" sp="0.05" color="silver" opacity="100"/>
<line xp1="51.47620" yp1="65.45313" xp2="51.48023" yp2="65.36707" sp="0.05" color="silver" opacity="100"/>
<line xp1="51.48023" yp1="65.36707" xp2="51.41856" yp2="65.22184" sp="0.05" color="silver" opacity="100"/>
<line xp1="51.41856" yp1="65.22184" xp2="51.35096" yp2="65.08359" sp="0.05" color="silver" opacity="100"/>
<line xp1="51.35096" yp1="65.08359" xp2="51.35096" yp2="65.08359" sp="0.05" color="silver" opacity="100"/>
<line xp1="42.99732" yp1="57.15165" xp2="42.99807" yp2="56.62569" sp="0.05" color="silver" opacity="100"/>
<line xp1="42.99807" yp1="56.62569" xp2="43.00001" yp2="55.92587" sp="0.05" color="silver" opacity="100"/>
<line xp1="43.00001" yp1="55.92587" xp2="43.00006" yp2="55.90908" sp="0.05" color="silver" opacity="100"/>
<line xp1="43.00006" yp1="55.90908" xp2="43.00160" yp2="55.35346" sp="0.05" color="silver" opacity="100"/>
<line xp1="43.00160" yp1="55.35346" xp2="43.00431" yp2="54.66613" sp="0.05" color="silver" opacity="100"/>
<line xp1="43.00431" yp1="54.66613" xp2="43.00528" yp2="54.42011" sp="0.05" color="silver" opacity="100"/>
<line xp1="43.00528" yp1="54.42011" xp2="43.00660" yp2="53.42162" sp="0.05" color="silver" opacity="100"/>
<line xp1="43.00660" yp1="53.42162" xp2="43.00691" yp2="53.18618" sp="0.05" color="silver" opacity="100"/>
<line xp1="43.00691" yp1="53.18618" xp2="43.00778" yp2="52.52691" sp="0.05" color="silver" opacity="100"/>
<line xp1="43.00778" yp1="52.52691" xp2="43.00823" yp2="52.19643" sp="0.05" color="silver" opacity="100"/>
<line xp1="43.00823" yp1="52.19643" xp2="43.00825" yp2="52.17832" sp="0.05" color="silver" opacity="100"/>
<line xp1="43.00825" yp1="52.17832" xp2="43.00884" yp2="51.75146" sp="0.05" color="silver" opacity="100"/>
<line xp1="43.00884" yp1="51.75146" xp2="43.01236" yp2="50.68154" sp="0.05" color="silver" opacity="100"/>
<line xp1="43.01236" yp1="50.68154" xp2="43.01250" yp2="50.63964" sp="0.05" color="silver" opacity="100"/>
<line xp1="43.01250" yp1="50.63964" xp2="43.01248" yp2="50.41222" sp="0.05" color="silver" opacity="100"/>
<line xp1="43.01248" yp1="50.41222" xp2="43.01240" yp2="49.68340" sp="0.05" color="silver" opacity="100"/>
<line xp1="43.01240" yp1="49.68340" xp2="43.01236" yp2="49.30904" sp="0.05" color="silver" opacity="100"/>
<line xp1="43.01236" yp1="49.30904" xp2="43.01233" yp2="48.87586" sp="0.05" color="silver" opacity="100"/>
<line xp1="43.01233" yp1="48.87586" xp2="43.01243" yp2="48.67167" sp="0.05" color="silver" opacity="100"/>
<line xp1="43.01243" yp1="48.67167" xp2="43.01194" yp2="48.55167" sp="0.05" color="silver" opacity="100"/>
<line xp1="43.01194" yp1="48.55167" xp2="43.03353" yp2="48.55184" sp="0.05" color="silver" opacity="100"/>
<line xp1="43.03353" yp1="48.55184" xp2="43.22702" yp2="48.55343" sp="0.05" color="silver" opacity="100"/>
<line xp1="43.22702" yp1="48.55343" xp2="43.76114" yp2="48.55797" sp="0.05" color="silver" opacity="100"/>
<line xp1="43.76114" yp1="48.55797" xp2="43.86873" yp2="48.55889" sp="0.05" color="silver" opacity="100"/>
<line xp1="43.86873" yp1="48.55889" xp2="44.29002" yp2="48.56321" sp="0.05" color="silver" opacity="100"/>
<line xp1="44.29002" yp1="48.56321" xp2="44.51315" yp2="48.56496" sp="0.05" color="silver" opacity="100"/>
<line xp1="44.51315" yp1="48.56496" xp2="44.69928" yp2="48.56642" sp="0.05" color="silver" opacity="100"/>
<line xp1="44.69928" yp1="48.56642" xp2="44.83749" yp2="48.56750" sp="0.05" color="silver" opacity="100"/>
<line xp1="44.83749" yp1="48.56750" xp2="45.17950" yp2="48.57192" sp="0.05" color="silver" opacity="100"/>
<line xp1="45.17950" yp1="48.57192" xp2="45.30356" yp2="48.57353" sp="0.05" color="silver" opacity="100"/>
<line xp1="45.30356" yp1="48.57353" xp2="46.01618" yp2="48.57566" sp="0.05" color="silver" opacity="100"/>
<line xp1="46.01618" yp1="48.57566" xp2="46.14989" yp2="48.57605" sp="0.05" color="silver" opacity="100"/>
<line xp1="46.14989" yp1="48.57605" xp2="46.16123" yp2="48.57609" sp="0.05" color="silver" opacity="100"/>
<line xp1="46.16123" yp1="48.57609" xp2="46.68053" yp2="48.57199" sp="0.05" color="silver" opacity="100"/>
<line xp1="46.68053" yp1="48.57199" xp2="46.85982" yp2="48.57117" sp="0.05" color="silver" opacity="100"/>
<line xp1="46.85982" yp1="48.57117" xp2="46.99046" yp2="48.57057" sp="0.05" color="silver" opacity="100"/>
<line xp1="46.99046" yp1="48.57057" xp2="47.06613" yp2="48.57023" sp="0.05" color="silver" opacity="100"/>
<line xp1="47.06613" yp1="48.57023" xp2="47.49316" yp2="48.56978" sp="0.05" color="silver" opacity="100"/>
<line xp1="47.49316" yp1="48.56978" xp2="47.69184" yp2="48.56959" sp="0.05" color="silver" opacity="100"/>
<line xp1="47.69184" yp1="48.56959" xp2="48.01241" yp2="48.56930" sp="0.05" color="silver" opacity="100"/>
<line xp1="48.01241" yp1="48.56930" xp2="48.39283" yp2="48.56721" sp="0.05" color="silver" opacity="100"/>
<line xp1="48.39283" yp1="48.56721" xp2="48.68604" yp2="48.56560" sp="0.05" color="silver" opacity="100"/>
<line xp1="48.68604" yp1="48.56560" xp2="48.69669" yp2="48.56563" sp="0.05" color="silver" opacity="100"/>
<line xp1="48.69669" yp1="48.56563" xp2="49.05848" yp2="48.56642" sp="0.05" color="silver" opacity="100"/>
<line xp1="49.05848" yp1="48.56642" xp2="49.16101" yp2="48.56665" sp="0.05" color="silver" opacity="100"/>
<line xp1="49.16101" yp1="48.56665" xp2="49.53490" yp2="48.56771" sp="0.05" color="silver" opacity="100"/>
<line xp1="49.53490" yp1="48.56771" xp2="49.58661" yp2="48.56786" sp="0.05" color="silver" opacity="100"/>
<line xp1="49.58661" yp1="48.56786" xp2="50.05793" yp2="48.56807" sp="0.05" color="silver" opacity="100"/>
<line xp1="50.05793" yp1="48.56807" xp2="50.17704" yp2="48.56812" sp="0.05" color="silver" opacity="100"/>
<line xp1="50.17704" yp1="48.56812" xp2="50.54197" yp2="48.56849" sp="0.05" color="silver" opacity="100"/>
<line xp1="50.54197" yp1="48.56849" xp2="50.61438" yp2="48.56857" sp="0.05" color="silver" opacity="100"/>
<line xp1="50.61438" yp1="48.56857" xp2="51.15410" yp2="48.56854" sp="0.05" color="silver" opacity="100"/>
<line xp1="51.15410" yp1="48.56854" xp2="51.49910" yp2="48.56765" sp="0.05" color="silver" opacity="100"/>
<line xp1="51.49910" yp1="48.56765" xp2="51.53802" yp2="48.56755" sp="0.05" color="silver" opacity="100"/>
<line xp1="51.53802" yp1="48.56755" xp2="51.97297" yp2="48.56877" sp="0.05" color="silver" opacity="100"/>
<line xp1="51.97297" yp1="48.56877" xp2="52.30645" yp2="48.56915" sp="0.05" color="silver" opacity="100"/>
<line xp1="52.30645" yp1="48.56915" xp2="52.36266" yp2="48.56921" sp="0.05" color="silver" opacity="100"/>
<line xp1="52.36266" yp1="48.56921" xp2="52.41827" yp2="48.56927" sp="0.05" color="silver" opacity="100"/>
<line xp1="52.41827" yp1="48.56927" xp2="52.63575" yp2="48.56935" sp="0.05" color="silver" opacity="100"/>
<line xp1="52.63575" yp1="48.56935" xp2="52.96370" yp2="48.56946" sp="0.05" color="silver" opacity="100"/>
<line xp1="52.96370" yp1="48.56946" xp2="53.04244" yp2="48.56949" sp="0.05" color="silver" opacity="100"/>
<line xp1="53.04244" yp1="48.56949" xp2="53.21887" yp2="48.56955" sp="0.05" color="silver" opacity="100"/>
<line xp1="53.21887" yp1="48.56955" xp2="53.34990" yp2="48.56959" sp="0.05" color="silver" opacity="100"/>
<line xp1="53.34990" yp1="48.56959" xp2="53.73307" yp2="48.56997" sp="0.05" color="silver" opacity="100"/>
<line xp1="53.73307" yp1="48.56997" xp2="53.83443" yp2="48.57006" sp="0.05" color="silver" opacity="100"/>
<line xp1="53.83443" yp1="48.57006" xp2="53.85340" yp2="48.57008" sp="0.05" color="silver" opacity="100"/>
<line xp1="53.85340" yp1="48.57008" xp2="54.28805" yp2="48.56798" sp="0.05" color="silver" opacity="100"/>
<line xp1="54.28805" yp1="48.56798" xp2="54.43390" yp2="48.56830" sp="0.05" color="silver" opacity="100"/>
<line xp1="54.43390" yp1="48.56830" xp2="54.43369" yp2="48.73370" sp="0.05" color="silver" opacity="100"/>
<line xp1="54.43369" yp1="48.73370" xp2="54.43331" yp2="49.02917" sp="0.05" color="silver" opacity="100"/>
<line xp1="54.43331" yp1="49.02917" xp2="54.43422" yp2="49.53834" sp="0.05" color="silver" opacity="100"/>
<line xp1="54.43422" yp1="49.53834" xp2="54.43436" yp2="49.61192" sp="0.05" color="silver" opacity="100"/>
<line xp1="54.43436" yp1="49.61192" xp2="54.43460" yp2="49.74545" sp="0.05" color="silver" opacity="100"/>
<line xp1="54.43460" yp1="49.74545" xp2="54.43408" yp2="50.43879" sp="0.05" color="silver" opacity="100"/>
<line xp1="54.43408" yp1="50.43879" xp2="54.43404" yp2="50.49460" sp="0.05" color="silver" opacity="100"/>
<line xp1="54.43404" yp1="50.49460" xp2="54.43402" yp2="50.52061" sp="0.05" color="silver" opacity="100"/>
<line xp1="54.43402" yp1="50.52061" xp2="54.43928" yp2="51.39371" sp="0.05" color="silver" opacity="100"/>
<line xp1="54.43928" yp1="51.39371" xp2="54.43985" yp2="51.53445" sp="0.05" color="silver" opacity="100"/>
<line xp1="54.43985" yp1="51.53445" xp2="54.44011" yp2="51.60015" sp="0.05" color="silver" opacity="100"/>
<line xp1="54.44011" yp1="51.60015" xp2="54.44213" yp2="52.10790" sp="0.05" color="silver" opacity="100"/>
<line xp1="54.44213" yp1="52.10790" xp2="54.44189" yp2="52.53920" sp="0.05" color="silver" opacity="100"/>
<line xp1="54.44189" yp1="52.53920" xp2="54.44174" yp2="52.79306" sp="0.05" color="silver" opacity="100"/>
<line xp1="54.44174" yp1="52.79306" xp2="54.44175" yp2="52.79315" sp="0.05" color="silver" opacity="100"/>
<line xp1="54.44175" yp1="52.79315" xp2="54.44314" yp2="52.99324" sp="0.05" color="silver" opacity="100"/>
<line xp1="54.44314" yp1="52.99324" xp2="54.44694" yp2="53.53743" sp="0.05" color="silver" opacity="100"/>
<line xp1="54.44694" yp1="53.53743" xp2="54.44699" yp2="53.54486" sp="0.05" color="silver" opacity="100"/>
<line xp1="54.44699" yp1="53.54486" xp2="54.44775" yp2="53.84918" sp="0.05" color="silver" opacity="100"/>
<line xp1="54.44775" yp1="53.84918" xp2="54.44872" yp2="54.23373" sp="0.05" color="silver" opacity="100"/>
<line xp1="54.44872" yp1="54.23373" xp2="54.44943" yp2="54.41167" sp="0.05" color="silver" opacity="100"/>
<line xp1="54.44943" yp1="54.41167" xp2="54.45022" yp2="54.60984" sp="0.05" color="silver" opacity="100"/>
<line xp1="54.45022" yp1="54.60984" xp2="54.47395" yp2="54.72858" sp="0.05" color="silver" opacity="100"/>
<line xp1="54.47395" yp1="54.72858" xp2="54.45856" yp2="54.73001" sp="0.05" color="silver" opacity="100"/>
<line xp1="54.45856" yp1="54.73001" xp2="54.42472" yp2="54.73315" sp="0.05" color="silver" opacity="100"/>
<line xp1="54.42472" yp1="54.73315" xp2="54.33794" yp2="54.81229" sp="0.05" color="silver" opacity="100"/>
<line xp1="54.33794" yp1="54.81229" xp2="54.24317" yp2="54.77201" sp="0.05" color="silver" opacity="100"/>
<line xp1="54.24317" yp1="54.77201" xp2="54.16616" yp2="54.86074" sp="0.05" color="silver" opacity="100"/>
<line xp1="54.16616" yp1="54.86074" xp2="54.15436" yp2="54.87434" sp="0.05" color="silver" opacity="100"/>
<line xp1="54.15436" yp1="54.87434" xp2="54.11436" yp2="54.97637" sp="0.05" color="silver" opacity="100"/>
<line xp1="54.11436" yp1="54.97637" xp2="54.06604" yp2="55.06807" sp="0.05" color="silver" opacity="100"/>
<line xp1="54.06604" yp1="55.06807" xp2="53.98759" yp2="55.21047" sp="0.05" color="silver" opacity="100"/>
<line xp1="53.98759" yp1="55.21047" xp2="54.01697" yp2="55.40695" sp="0.05" color="silver" opacity="100"/>
<line xp1="54.01697" yp1="55.40695" xp2="53.92821" yp2="55.42776" sp="0.05" color="silver" opacity="100"/>
<line xp1="53.92821" yp1="55.42776" xp2="53.89885" yp2="55.49052" sp="0.05" color="silver" opacity="100"/>
<line xp1="53.89885" yp1="55.49052" xp2="53.87362" yp2="55.54443" sp="0.05" color="silver" opacity="100"/>
<line xp1="53.87362" yp1="55.54443" xp2="53.76947" yp2="55.69833" sp="0.05" color="silver" opacity="100"/>
<line xp1="53.76947" yp1="55.69833" xp2="53.70551" yp2="55.80931" sp="0.05" color="silver" opacity="100"/>
<line xp1="53.70551" yp1="55.80931" xp2="53.67145" yp2="55.86840" sp="0.05" color="silver" opacity="100"/>
<line xp1="53.67145" yp1="55.86840" xp2="53.72817" yp2="55.93361" sp="0.05" color="silver" opacity="100"/>
<line xp1="53.72817" yp1="55.93361" xp2="53.77359" yp2="55.98605" sp="0.05" color="silver" opacity="100"/>
<line xp1="53.77359" yp1="55.98605" xp2="53.77838" yp2="56.03905" sp="0.05" color="silver" opacity="100"/>
<line xp1="53.77838" yp1="56.03905" xp2="53.78852" yp2="56.15116" sp="0.05" color="silver" opacity="100"/>
<line xp1="53.78852" yp1="56.15116" xp2="53.89028" yp2="56.24689" sp="0.05" color="silver" opacity="100"/>
<line xp1="53.89028" yp1="56.24689" xp2="53.89065" yp2="56.35185" sp="0.05" color="silver" opacity="100"/>
<line xp1="53.89065" yp1="56.35185" xp2="54.00105" yp2="56.35441" sp="0.05" color="silver" opacity="100"/>
<line xp1="54.00105" yp1="56.35441" xp2="54.06097" yp2="56.42723" sp="0.05" color="silver" opacity="100"/>
<line xp1="54.06097" yp1="56.42723" xp2="54.04439" yp2="56.49427" sp="0.05" color="silver" opacity="100"/>
<line xp1="54.04439" yp1="56.49427" xp2="54.03407" yp2="56.63057" sp="0.05" color="silver" opacity="100"/>
<line xp1="54.03407" yp1="56.63057" xp2="54.03280" yp2="56.64721" sp="0.05" color="silver" opacity="100"/>
<line xp1="54.03280" yp1="56.64721" xp2="53.95621" yp2="56.78955" sp="0.05" color="silver" opacity="100"/>
<line xp1="53.95621" yp1="56.78955" xp2="53.92071" yp2="56.85867" sp="0.05" color="silver" opacity="100"/>
<line xp1="53.92071" yp1="56.85867" xp2="53.85635" yp2="56.85304" sp="0.05" color="silver" opacity="100"/>
<line xp1="53.85635" yp1="56.85304" xp2="53.81732" yp2="56.84963" sp="0.05" color="silver" opacity="100"/>
<line xp1="53.81732" yp1="56.84963" xp2="53.72072" yp2="56.74777" sp="0.05" color="silver" opacity="100"/>
<line xp1="53.72072" yp1="56.74777" xp2="53.62701" yp2="56.84406" sp="0.05" color="silver" opacity="100"/>
<line xp1="53.62701" yp1="56.84406" xp2="53.49059" yp2="56.98224" sp="0.05" color="silver" opacity="100"/>
<line xp1="53.49059" yp1="56.98224" xp2="53.37186" yp2="57.14285" sp="0.05" color="silver" opacity="100"/>
<line xp1="53.37186" yp1="57.14285" xp2="53.32324" yp2="57.14294" sp="0.05" color="silver" opacity="100"/>
<line xp1="53.32324" yp1="57.14294" xp2="52.63912" yp2="57.14418" sp="0.05" color="silver" opacity="100"/>
<line xp1="52.63912" yp1="57.14418" xp2="52.63368" yp2="57.14419" sp="0.05" color="silver" opacity="100"/>
<line xp1="52.63368" yp1="57.14419" xp2="52.29126" yp2="57.14487" sp="0.05" color="silver" opacity="100"/>
<line xp1="52.29126" yp1="57.14487" xp2="52.27063" yp2="57.14491" sp="0.05" color="silver" opacity="100"/>
<line xp1="52.27063" yp1="57.14491" xp2="52.07021" yp2="57.14427" sp="0.05" color="silver" opacity="100"/>
<line xp1="52.07021" yp1="57.14427" xp2="51.93974" yp2="57.14483" sp="0.05" color="silver" opacity="100"/>
<line xp1="51.93974" yp1="57.14483" xp2="51.93968" yp2="57.14483" sp="0.05" color="silver" opacity="100"/>
<line xp1="51.93968" yp1="57.14483" xp2="51.59429" yp2="57.14560" sp="0.05" color="silver" opacity="100"/>
<line xp1="51.59429" yp1="57.14560" xp2="51.58470" yp2="57.14562" sp="0.05" color="silver" opacity="100"/>
<line xp1="51.58470" yp1="57.14562" xp2="51.06805" yp2="57.14677" sp="0.05" color="silver" opacity="100"/>
<line xp1="51.06805" yp1="57.14677" xp2="50.96337" yp2="57.14700" sp="0.05" color="silver" opacity="100"/>
<line xp1="50.96337" yp1="57.14700" xp2="50.89784" yp2="57.14701" sp="0.05" color="silver" opacity="100"/>
<line xp1="50.89784" yp1="57.14701" xp2="50.75513" yp2="57.14704" sp="0.05" color="silver" opacity="100"/>
<line xp1="50.75513" yp1="57.14704" xp2="50.20123" yp2="57.14840" sp="0.05" color="silver" opacity="100"/>
<line xp1="50.20123" yp1="57.14840" xp2="50.12949" yp2="57.14857" sp="0.05" color="silver" opacity="100"/>
<line xp1="50.12949" yp1="57.14857" xp2="49.57361" yp2="57.14905" sp="0.05" color="silver" opacity="100"/>
<line xp1="49.57361" yp1="57.14905" xp2="49.50538" yp2="57.14911" sp="0.05" color="silver" opacity="100"/>
<line xp1="49.50538" yp1="57.14911" xp2="49.33565" yp2="57.14925" sp="0.05" color="silver" opacity="100"/>
<line xp1="49.33565" yp1="57.14925" xp2="49.11379" yp2="57.14943" sp="0.05" color="silver" opacity="100"/>
<line xp1="49.11379" yp1="57.14943" xp2="48.80920" yp2="57.14954" sp="0.05" color="silver" opacity="100"/>
<line xp1="48.80920" yp1="57.14954" xp2="48.45468" yp2="57.14966" sp="0.05" color="silver" opacity="100"/>
<line xp1="48.45468" yp1="57.14966" xp2="48.28653" yp2="57.14971" sp="0.05" color="silver" opacity="100"/>
<line xp1="48.28653" yp1="57.14971" xp2="48.11327" yp2="57.14953" sp="0.05" color="silver" opacity="100"/>
<line xp1="48.11327" yp1="57.14953" xp2="47.58920" yp2="57.14898" sp="0.05" color="silver" opacity="100"/>
<line xp1="47.58920" yp1="57.14898" xp2="47.56062" yp2="57.14895" sp="0.05" color="silver" opacity="100"/>
<line xp1="47.56062" yp1="57.14895" xp2="47.41672" yp2="57.14888" sp="0.05" color="silver" opacity="100"/>
<line xp1="47.41672" yp1="57.14888" xp2="46.92032" yp2="57.14865" sp="0.05" color="silver" opacity="100"/>
<line xp1="46.92032" yp1="57.14865" xp2="46.73027" yp2="57.14794" sp="0.05" color="silver" opacity="100"/>
<line xp1="46.73027" yp1="57.14794" xp2="46.72576" yp2="57.14792" sp="0.05" color="silver" opacity="100"/>
<line xp1="46.72576" yp1="57.14792" xp2="46.44092" yp2="57.14686" sp="0.05" color="silver" opacity="100"/>
<line xp1="46.44092" yp1="57.14686" xp2="45.88031" yp2="57.14733" sp="0.05" color="silver" opacity="100"/>
<line xp1="45.88031" yp1="57.14733" xp2="45.85602" yp2="57.14735" sp="0.05" color="silver" opacity="100"/>
<line xp1="45.85602" yp1="57.14735" xp2="45.41997" yp2="57.14786" sp="0.05" color="silver" opacity="100"/>
<line xp1="45.41997" yp1="57.14786" xp2="45.01719" yp2="57.14932" sp="0.05" color="silver" opacity="100"/>
<line xp1="45.01719" yp1="57.14932" xp2="44.98642" yp2="57.14943" sp="0.05" color="silver" opacity="100"/>
<line xp1="44.98642" yp1="57.14943" xp2="44.52259" yp2="57.14945" sp="0.05" color="silver" opacity="100"/>
<line xp1="44.52259" yp1="57.14945" xp2="44.16309" yp2="57.15017" sp="0.05" color="silver" opacity="100"/>
<line xp1="44.16309" yp1="57.15017" xp2="44.11687" yp2="57.15019" sp="0.05" color="silver" opacity="100"/>
<line xp1="44.11687" yp1="57.15019" xp2="43.98303" yp2="57.15024" sp="0.05" color="silver" opacity="100"/>
<line xp1="43.98303" yp1="57.15024" xp2="43.78112" yp2="57.15031" sp="0.05" color="silver" opacity="100"/>
<line xp1="43.78112" yp1="57.15031" xp2="43.33514" yp2="57.15124" sp="0.05" color="silver" opacity="100"/>
<line xp1="43.33514" yp1="57.15124" xp2="42.99732" yp2="57.15165" sp="0.05" color="silver" opacity="100"/>
<line xp1="42.99732" yp1="57.15165" xp2="42.99732" yp2="57.15165" sp="0.05" color="silver" opacity="100"/>
<line xp1="62.23933" yp1="47.35574" xp2="62.19772" yp2="47.25168" sp="0.05" color="silver" opacity="100"/>
<line xp1="62.19772" yp1="47.25168" xp2="62.24734" yp2="47.13695" sp="0.05" color="silver" opacity="100"/>
<line xp1="62.24734" yp1="47.13695" xp2="62.43493" yp2="47.14009" sp="0.05" color="silver" opacity="100"/>
<line xp1="62.43493" yp1="47.14009" xp2="62.54585" yp2="47.14669" sp="0.05" color="silver" opacity="100"/>
<line xp1="62.54585" yp1="47.14669" xp2="62.75168" yp2="47.15894" sp="0.05" color="silver" opacity="100"/>
<line xp1="62.75168" yp1="47.15894" xp2="63.13158" yp2="47.14912" sp="0.05" color="silver" opacity="100"/>
<line xp1="63.13158" yp1="47.14912" xp2="63.33140" yp2="47.14852" sp="0.05" color="silver" opacity="100"/>
<line xp1="63.33140" yp1="47.14852" xp2="63.34280" yp2="47.14848" sp="0.05" color="silver" opacity="100"/>
<line xp1="63.34280" yp1="47.14848" xp2="63.35882" yp2="47.14843" sp="0.05" color="silver" opacity="100"/>
<line xp1="63.35882" yp1="47.14843" xp2="63.82099" yp2="47.14704" sp="0.05" color="silver" opacity="100"/>
<line xp1="63.82099" yp1="47.14704" xp2="63.82782" yp2="47.14702" sp="0.05" color="silver" opacity="100"/>
<line xp1="63.82782" yp1="47.14702" xp2="63.86296" yp2="47.14652" sp="0.05" color="silver" opacity="100"/>
<line xp1="63.86296" yp1="47.14652" xp2="64.41942" yp2="47.13869" sp="0.05" color="silver" opacity="100"/>
<line xp1="64.41942" yp1="47.13869" xp2="64.53331" yp2="47.14285" sp="0.05" color="silver" opacity="100"/>
<line xp1="64.53331" yp1="47.14285" xp2="64.53774" yp2="47.14301" sp="0.05" color="silver" opacity="100"/>
<line xp1="64.53774" yp1="47.14301" xp2="64.56338" yp2="47.29067" sp="0.05" color="silver" opacity="100"/>
<line xp1="64.56338" yp1="47.29067" xp2="64.52963" yp2="47.51564" sp="0.05" color="silver" opacity="100"/>
<line xp1="64.52963" yp1="47.51564" xp2="64.50687" yp2="47.65177" sp="0.05" color="silver" opacity="100"/>
<line xp1="64.50687" yp1="47.65177" xp2="64.59724" yp2="47.64864" sp="0.05" color="silver" opacity="100"/>
<line xp1="64.59724" yp1="47.64864" xp2="64.84682" yp2="47.61057" sp="0.05" color="silver" opacity="100"/>
<line xp1="64.84682" yp1="47.61057" xp2="64.84122" yp2="47.52356" sp="0.05" color="silver" opacity="100"/>
<line xp1="64.84122" yp1="47.52356" xp2="65.08587" yp2="47.53382" sp="0.05" color="silver" opacity="100"/>
<line xp1="65.08587" yp1="47.53382" xp2="65.16746" yp2="47.53725" sp="0.05" color="silver" opacity="100"/>
<line xp1="65.16746" yp1="47.53725" xp2="65.61878" yp2="47.54697" sp="0.05" color="silver" opacity="100"/>
<line xp1="65.61878" yp1="47.54697" xp2="65.63696" yp2="47.54736" sp="0.05" color="silver" opacity="100"/>
<line xp1="65.63696" yp1="47.54736" xp2="65.97692" yp2="47.55469" sp="0.05" color="silver" opacity="100"/>
<line xp1="65.97692" yp1="47.55469" xp2="66.06027" yp2="47.55649" sp="0.05" color="silver" opacity="100"/>
<line xp1="66.06027" yp1="47.55649" xp2="66.44148" yp2="47.56471" sp="0.05" color="silver" opacity="100"/>
<line xp1="66.44148" yp1="47.56471" xp2="66.51801" yp2="47.56777" sp="0.05" color="silver" opacity="100"/>
<line xp1="66.51801" yp1="47.56777" xp2="66.75939" yp2="47.57745" sp="0.05" color="silver" opacity="100"/>
<line xp1="66.75939" yp1="47.57745" xp2="66.82759" yp2="47.54499" sp="0.05" color="silver" opacity="100"/>
<line xp1="66.82759" yp1="47.54499" xp2="66.84417" yp2="47.53710" sp="0.05" color="silver" opacity="100"/>
<line xp1="66.84417" yp1="47.53710" xp2="66.91112" yp2="47.57841" sp="0.05" color="silver" opacity="100"/>
<line xp1="66.91112" yp1="47.57841" xp2="67.05924" yp2="47.56640" sp="0.05" color="silver" opacity="100"/>
<line xp1="67.05924" yp1="47.56640" xp2="67.37605" yp2="47.54071" sp="0.05" color="silver" opacity="100"/>
<line xp1="67.37605" yp1="47.54071" xp2="67.56624" yp2="47.52528" sp="0.05" color="silver" opacity="100"/>
<line xp1="67.56624" yp1="47.52528" xp2="67.72967" yp2="47.51039" sp="0.05" color="silver" opacity="100"/>
<line xp1="67.72967" yp1="47.51039" xp2="67.88637" yp2="47.49612" sp="0.05" color="silver" opacity="100"/>
<line xp1="67.88637" yp1="47.49612" xp2="68.01761" yp2="47.49061" sp="0.05" color="silver" opacity="100"/>
<line xp1="68.01761" yp1="47.49061" xp2="68.10483" yp2="47.48694" sp="0.05" color="silver" opacity="100"/>
<line xp1="68.10483" yp1="47.48694" xp2="68.47946" yp2="47.47141" sp="0.05" color="silver" opacity="100"/>
<line xp1="68.47946" yp1="47.47141" xp2="68.55938" yp2="47.48001" sp="0.05" color="silver" opacity="100"/>
<line xp1="68.55938" yp1="47.48001" xp2="68.77567" yp2="47.50328" sp="0.05" color="silver" opacity="100"/>
<line xp1="68.77567" yp1="47.50328" xp2="68.78365" yp2="47.50414" sp="0.05" color="silver" opacity="100"/>
<line xp1="68.78365" yp1="47.50414" xp2="68.80571" yp2="47.50331" sp="0.05" color="silver" opacity="100"/>
<line xp1="68.80571" yp1="47.50331" xp2="69.08288" yp2="47.49281" sp="0.05" color="silver" opacity="100"/>
<line xp1="69.08288" yp1="47.49281" xp2="69.26943" yp2="47.47024" sp="0.05" color="silver" opacity="100"/>
<line xp1="69.26943" yp1="47.47024" xp2="69.31700" yp2="47.46448" sp="0.05" color="silver" opacity="100"/>
<line xp1="69.31700" yp1="47.46448" xp2="69.56092" yp2="47.43822" sp="0.05" color="silver" opacity="100"/>
<line xp1="69.56092" yp1="47.43822" xp2="69.56101" yp2="47.43821" sp="0.05" color="silver" opacity="100"/>
<line xp1="69.56101" yp1="47.43821" xp2="69.57161" yp2="47.43774" sp="0.05" color="silver" opacity="100"/>
<line xp1="69.57161" yp1="47.43774" xp2="70.00010" yp2="47.41908" sp="0.05" color="silver" opacity="100"/>
<line xp1="70.00010" yp1="47.41908" xp2="70.36720" yp2="47.40783" sp="0.05" color="silver" opacity="100"/>
<line xp1="70.36720" yp1="47.40783" xp2="70.41949" yp2="47.40623" sp="0.05" color="silver" opacity="100"/>
<line xp1="70.41949" yp1="47.40623" xp2="70.41970" yp2="47.40623" sp="0.05" color="silver" opacity="100"/>
<line xp1="70.41970" yp1="47.40623" xp2="70.78794" yp2="47.39886" sp="0.05" color="silver" opacity="100"/>
<line xp1="70.78794" yp1="47.39886" xp2="70.78829" yp2="47.39884" sp="0.05" color="silver" opacity="100"/>
<line xp1="70.78829" yp1="47.39884" xp2="70.87575" yp2="47.39341" sp="0.05" color="silver" opacity="100"/>
<line xp1="70.87575" yp1="47.39341" xp2="70.93166" yp2="47.38995" sp="0.05" color="silver" opacity="100"/>
<line xp1="70.93166" yp1="47.38995" xp2="71.24506" yp2="47.37880" sp="0.05" color="silver" opacity="100"/>
<line xp1="71.24506" yp1="47.37880" xp2="71.26860" yp2="47.43090" sp="0.05" color="silver" opacity="100"/>
<line xp1="71.26860" yp1="47.43090" xp2="71.36229" yp2="47.52567" sp="0.05" color="silver" opacity="100"/>
<line xp1="71.36229" yp1="47.52567" xp2="71.49675" yp2="47.61710" sp="0.05" color="silver" opacity="100"/>
<line xp1="71.49675" yp1="47.61710" xp2="71.59853" yp2="47.61752" sp="0.05" color="silver" opacity="100"/>
<line xp1="71.59853" yp1="47.61752" xp2="71.63614" yp2="47.61767" sp="0.05" color="silver" opacity="100"/>
<line xp1="71.63614" yp1="47.61767" xp2="71.71369" yp2="47.67597" sp="0.05" color="silver" opacity="100"/>
<line xp1="71.71369" yp1="47.67597" xp2="71.94400" yp2="47.79111" sp="0.05" color="silver" opacity="100"/>
<line xp1="71.94400" yp1="47.79111" xp2="72.09785" yp2="47.83739" sp="0.05" color="silver" opacity="100"/>
<line xp1="72.09785" yp1="47.83739" xp2="72.13124" yp2="47.98882" sp="0.05" color="silver" opacity="100"/>
<line xp1="72.13124" yp1="47.98882" xp2="72.19140" yp2="48.14454" sp="0.05" color="silver" opacity="100"/>
<line xp1="72.19140" yp1="48.14454" xp2="72.28833" yp2="48.13511" sp="0.05" color="silver" opacity="100"/>
<line xp1="72.28833" yp1="48.13511" xp2="72.46855" yp2="48.23470" sp="0.05" color="silver" opacity="100"/>
<line xp1="72.46855" yp1="48.23470" xp2="72.48653" yp2="48.27751" sp="0.05" color="silver" opacity="100"/>
<line xp1="72.48653" yp1="48.27751" xp2="72.51509" yp2="48.34549" sp="0.05" color="silver" opacity="100"/>
<line xp1="72.51509" yp1="48.34549" xp2="72.50895" yp2="48.49766" sp="0.05" color="silver" opacity="100"/>
<line xp1="72.50895" yp1="48.49766" xp2="72.59116" yp2="48.59199" sp="0.05" color="silver" opacity="100"/>
<line xp1="72.59116" yp1="48.59199" xp2="72.69121" yp2="48.64031" sp="0.05" color="silver" opacity="100"/>
<line xp1="72.69121" yp1="48.64031" xp2="72.73499" yp2="48.73699" sp="0.05" color="silver" opacity="100"/>
<line xp1="72.73499" yp1="48.73699" xp2="72.72878" yp2="48.89101" sp="0.05" color="silver" opacity="100"/>
<line xp1="72.72878" yp1="48.89101" xp2="72.97650" yp2="49.13115" sp="0.05" color="silver" opacity="100"/>
<line xp1="72.97650" yp1="49.13115" xp2="72.98742" yp2="49.14173" sp="0.05" color="silver" opacity="100"/>
<line xp1="72.98742" yp1="49.14173" xp2="72.99440" yp2="49.14700" sp="0.05" color="silver" opacity="100"/>
<line xp1="72.99440" yp1="49.14700" xp2="73.15513" yp2="49.26831" sp="0.05" color="silver" opacity="100"/>
<line xp1="73.15513" yp1="49.26831" xp2="73.29947" yp2="49.32920" sp="0.05" color="silver" opacity="100"/>
<line xp1="73.29947" yp1="49.32920" xp2="73.36251" yp2="49.41802" sp="0.05" color="silver" opacity="100"/>
<line xp1="73.36251" yp1="49.41802" xp2="73.37013" yp2="49.42876" sp="0.05" color="silver" opacity="100"/>
<line xp1="73.37013" yp1="49.42876" xp2="73.53578" yp2="49.64317" sp="0.05" color="silver" opacity="100"/>
<line xp1="73.53578" yp1="49.64317" xp2="73.89493" yp2="50.10799" sp="0.05" color="silver" opacity="100"/>
<line xp1="73.89493" yp1="50.10799" xp2="73.74705" yp2="50.12719" sp="0.05" color="silver" opacity="100"/>
<line xp1="73.74705" yp1="50.12719" xp2="73.62838" yp2="50.27190" sp="0.05" color="silver" opacity="100"/>
<line xp1="73.62838" yp1="50.27190" xp2="73.49829" yp2="50.43741" sp="0.05" color="silver" opacity="100"/>
<line xp1="73.49829" yp1="50.43741" xp2="73.39059" yp2="50.53193" sp="0.05" color="silver" opacity="100"/>
<line xp1="73.39059" yp1="50.53193" xp2="73.35281" yp2="50.70276" sp="0.05" color="silver" opacity="100"/>
<line xp1="73.35281" yp1="50.70276" xp2="73.34253" yp2="50.74924" sp="0.05" color="silver" opacity="100"/>
<line xp1="73.34253" yp1="50.74924" xp2="73.27696" yp2="50.86214" sp="0.05" color="silver" opacity="100"/>
<line xp1="73.27696" yp1="50.86214" xp2="73.23313" yp2="50.98015" sp="0.05" color="silver" opacity="100"/>
<line xp1="73.23313" yp1="50.98015" xp2="73.20202" yp2="51.06393" sp="0.05" color="silver" opacity="100"/>
<line xp1="73.20202" yp1="51.06393" xp2="73.09607" yp2="51.19136" sp="0.05" color="silver" opacity="100"/>
<line xp1="73.09607" yp1="51.19136" xp2="73.10858" yp2="51.25304" sp="0.05" color="silver" opacity="100"/>
<line xp1="73.10858" yp1="51.25304" xp2="73.13079" yp2="51.36245" sp="0.05" color="silver" opacity="100"/>
<line xp1="73.13079" yp1="51.36245" xp2="73.00091" yp2="51.60875" sp="0.05" color="silver" opacity="100"/>
<line xp1="73.00091" yp1="51.60875" xp2="72.88280" yp2="51.81381" sp="0.05" color="silver" opacity="100"/>
<line xp1="72.88280" yp1="51.81381" xp2="72.92482" yp2="52.00288" sp="0.05" color="silver" opacity="100"/>
<line xp1="72.92482" yp1="52.00288" xp2="72.94662" yp2="52.11575" sp="0.05" color="silver" opacity="100"/>
<line xp1="72.94662" yp1="52.11575" xp2="72.95108" yp2="52.13883" sp="0.05" color="silver" opacity="100"/>
<line xp1="72.95108" yp1="52.13883" xp2="72.96634" yp2="52.33080" sp="0.05" color="silver" opacity="100"/>
<line xp1="72.96634" yp1="52.33080" xp2="72.92619" yp2="52.41403" sp="0.05" color="silver" opacity="100"/>
<line xp1="72.92619" yp1="52.41403" xp2="72.92929" yp2="52.51683" sp="0.05" color="silver" opacity="100"/>
<line xp1="72.92929" yp1="52.51683" xp2="72.93281" yp2="52.63374" sp="0.05" color="silver" opacity="100"/>
<line xp1="72.93281" yp1="52.63374" xp2="72.89466" yp2="52.79168" sp="0.05" color="silver" opacity="100"/>
<line xp1="72.89466" yp1="52.79168" xp2="72.82443" yp2="52.87919" sp="0.05" color="silver" opacity="100"/>
<line xp1="72.82443" yp1="52.87919" xp2="72.80658" yp2="52.90144" sp="0.05" color="silver" opacity="100"/>
<line xp1="72.80658" yp1="52.90144" xp2="72.73101" yp2="53.02171" sp="0.05" color="silver" opacity="100"/>
<line xp1="72.73101" yp1="53.02171" xp2="72.61521" yp2="53.03767" sp="0.05" color="silver" opacity="100"/>
<line xp1="72.61521" yp1="53.03767" xp2="72.59763" yp2="53.06391" sp="0.05" color="silver" opacity="100"/>
<line xp1="72.59763" yp1="53.06391" xp2="72.53644" yp2="53.15524" sp="0.05" color="silver" opacity="100"/>
<line xp1="72.53644" yp1="53.15524" xp2="72.50832" yp2="53.36622" sp="0.05" color="silver" opacity="100"/>
<line xp1="72.50832" yp1="53.36622" xp2="72.50586" yp2="53.48108" sp="0.05" color="silver" opacity="100"/>
<line xp1="72.50586" yp1="53.48108" xp2="72.48879" yp2="53.54745" sp="0.05" color="silver" opacity="100"/>
<line xp1="72.48879" yp1="53.54745" xp2="72.47816" yp2="53.58879" sp="0.05" color="silver" opacity="100"/>
<line xp1="72.47816" yp1="53.58879" xp2="72.39516" yp2="53.55223" sp="0.05" color="silver" opacity="100"/>
<line xp1="72.39516" yp1="53.55223" xp2="72.28951" yp2="53.51445" sp="0.05" color="silver" opacity="100"/>
<line xp1="72.28951" yp1="53.51445" xp2="72.26102" yp2="53.47676" sp="0.05" color="silver" opacity="100"/>
<line xp1="72.26102" yp1="53.47676" xp2="72.24256" yp2="53.45234" sp="0.05" color="silver" opacity="100"/>
<line xp1="72.24256" yp1="53.45234" xp2="72.13481" yp2="53.34767" sp="0.05" color="silver" opacity="100"/>
<line xp1="72.13481" yp1="53.34767" xp2="72.10927" yp2="53.25780" sp="0.05" color="silver" opacity="100"/>
<line xp1="72.10927" yp1="53.25780" xp2="72.04208" yp2="53.20072" sp="0.05" color="silver" opacity="100"/>
<line xp1="72.04208" yp1="53.20072" xp2="71.93921" yp2="53.22454" sp="0.05" color="silver" opacity="100"/>
<line xp1="71.93921" yp1="53.22454" xp2="71.90113" yp2="53.18038" sp="0.05" color="silver" opacity="100"/>
<line xp1="71.90113" yp1="53.18038" xp2="71.86690" yp2="53.14069" sp="0.05" color="silver" opacity="100"/>
<line xp1="71.86690" yp1="53.14069" xp2="71.81457" yp2="53.20775" sp="0.05" color="silver" opacity="100"/>
<line xp1="71.81457" yp1="53.20775" xp2="71.72877" yp2="53.31849" sp="0.05" color="silver" opacity="100"/>
<line xp1="71.72877" yp1="53.31849" xp2="71.63015" yp2="53.34103" sp="0.05" color="silver" opacity="100"/>
<line xp1="71.63015" yp1="53.34103" xp2="71.48717" yp2="53.43459" sp="0.05" color="silver" opacity="100"/>
<line xp1="71.48717" yp1="53.43459" xp2="71.34320" yp2="53.36968" sp="0.05" color="silver" opacity="100"/>
<line xp1="71.34320" yp1="53.36968" xp2="71.31847" yp2="53.26649" sp="0.05" color="silver" opacity="100"/>
<line xp1="71.31847" yp1="53.26649" xp2="71.31237" yp2="53.26238" sp="0.05" color="silver" opacity="100"/>
<line xp1="71.31237" yp1="53.26238" xp2="71.26233" yp2="53.22867" sp="0.05" color="silver" opacity="100"/>
<line xp1="71.26233" yp1="53.22867" xp2="71.22176" yp2="53.25153" sp="0.05" color="silver" opacity="100"/>
<line xp1="71.22176" yp1="53.25153" xp2="71.11975" yp2="53.30900" sp="0.05" color="silver" opacity="100"/>
<line xp1="71.11975" yp1="53.30900" xp2="71.10212" yp2="53.41612" sp="0.05" color="silver" opacity="100"/>
<line xp1="71.10212" yp1="53.41612" xp2="71.02459" yp2="53.47431" sp="0.05" color="silver" opacity="100"/>
<line xp1="71.02459" yp1="53.47431" xp2="70.99679" yp2="53.57552" sp="0.05" color="silver" opacity="100"/>
<line xp1="70.99679" yp1="53.57552" xp2="70.91635" yp2="53.62081" sp="0.05" color="silver" opacity="100"/>
<line xp1="70.91635" yp1="53.62081" xp2="70.87930" yp2="53.64167" sp="0.05" color="silver" opacity="100"/>
<line xp1="70.87930" yp1="53.64167" xp2="70.80182" yp2="53.67744" sp="0.05" color="silver" opacity="100"/>
<line xp1="70.80182" yp1="53.67744" xp2="70.68978" yp2="53.63256" sp="0.05" color="silver" opacity="100"/>
<line xp1="70.68978" yp1="53.63256" xp2="70.68829" yp2="53.63316" sp="0.05" color="silver" opacity="100"/>
<line xp1="70.68829" yp1="53.63316" xp2="70.56140" yp2="53.68424" sp="0.05" color="silver" opacity="100"/>
<line xp1="70.56140" yp1="53.68424" xp2="70.44169" yp2="53.73059" sp="0.05" color="silver" opacity="100"/>
<line xp1="70.44169" yp1="53.73059" xp2="70.42130" yp2="53.79932" sp="0.05" color="silver" opacity="100"/>
<line xp1="70.42130" yp1="53.79932" xp2="70.41036" yp2="53.83620" sp="0.05" color="silver" opacity="100"/>
<line xp1="70.41036" yp1="53.83620" xp2="70.41184" yp2="53.92774" sp="0.05" color="silver" opacity="100"/>
<line xp1="70.41184" yp1="53.92774" xp2="70.41210" yp2="53.94424" sp="0.05" color="silver" opacity="100"/>
<line xp1="70.41210" yp1="53.94424" xp2="70.32590" yp2="54.15940" sp="0.05" color="silver" opacity="100"/>
<line xp1="70.32590" yp1="54.15940" xp2="70.31192" yp2="54.25627" sp="0.05" color="silver" opacity="100"/>
<line xp1="70.31192" yp1="54.25627" xp2="70.27507" yp2="54.34453" sp="0.05" color="silver" opacity="100"/>
<line xp1="70.27507" yp1="54.34453" xp2="70.26686" yp2="54.36418" sp="0.05" color="silver" opacity="100"/>
<line xp1="70.26686" yp1="54.36418" xp2="70.15240" yp2="54.41818" sp="0.05" color="silver" opacity="100"/>
<line xp1="70.15240" yp1="54.41818" xp2="70.10317" yp2="54.52560" sp="0.05" color="silver" opacity="100"/>
<line xp1="70.10317" yp1="54.52560" xp2="70.08424" yp2="54.61275" sp="0.05" color="silver" opacity="100"/>
<line xp1="70.08424" yp1="54.61275" xp2="70.05840" yp2="54.63360" sp="0.05" color="silver" opacity="100"/>
<line xp1="70.05840" yp1="54.63360" xp2="70.02932" yp2="54.61931" sp="0.05" color="silver" opacity="100"/>
<line xp1="70.02932" yp1="54.61931" xp2="70.00963" yp2="54.57846" sp="0.05" color="silver" opacity="100"/>
<line xp1="70.00963" yp1="54.57846" xp2="70.00125" yp2="54.57761" sp="0.05" color="silver" opacity="100"/>
<line xp1="70.00125" yp1="54.57761" xp2="69.98997" yp2="54.57648" sp="0.05" color="silver" opacity="100"/>
<line xp1="69.98997" yp1="54.57648" xp2="69.92178" yp2="54.56960" sp="0.05" color="silver" opacity="100"/>
<line xp1="69.92178" yp1="54.56960" xp2="69.83396" yp2="54.49497" sp="0.05" color="silver" opacity="100"/>
<line xp1="69.83396" yp1="54.49497" xp2="69.81223" yp2="54.50953" sp="0.05" color="silver" opacity="100"/>
<line xp1="69.81223" yp1="54.50953" xp2="69.72731" yp2="54.56646" sp="0.05" color="silver" opacity="100"/>
<line xp1="69.72731" yp1="54.56646" xp2="69.67070" yp2="54.66474" sp="0.05" color="silver" opacity="100"/>
<line xp1="69.67070" yp1="54.66474" xp2="69.61423" yp2="54.70674" sp="0.05" color="silver" opacity="100"/>
<line xp1="69.61423" yp1="54.70674" xp2="69.50745" yp2="54.58709" sp="0.05" color="silver" opacity="100"/>
<line xp1="69.50745" yp1="54.58709" xp2="69.44509" yp2="54.50897" sp="0.05" color="silver" opacity="100"/>
<line xp1="69.44509" yp1="54.50897" xp2="69.38897" yp2="54.43545" sp="0.05" color="silver" opacity="100"/>
<line xp1="69.38897" yp1="54.43545" xp2="69.41912" yp2="54.37504" sp="0.05" color="silver" opacity="100"/>
<line xp1="69.41912" yp1="54.37504" xp2="69.46239" yp2="54.28835" sp="0.05" color="silver" opacity="100"/>
<line xp1="69.46239" yp1="54.28835" xp2="69.48828" yp2="54.17560" sp="0.05" color="silver" opacity="100"/>
<line xp1="69.48828" yp1="54.17560" xp2="69.41883" yp2="54.05816" sp="0.05" color="silver" opacity="100"/>
<line xp1="69.41883" yp1="54.05816" xp2="69.43950" yp2="54.03941" sp="0.05" color="silver" opacity="100"/>
<line xp1="69.43950" yp1="54.03941" xp2="69.49158" yp2="53.99216" sp="0.05" color="silver" opacity="100"/>
<line xp1="69.49158" yp1="53.99216" xp2="69.55938" yp2="53.94920" sp="0.05" color="silver" opacity="100"/>
<line xp1="69.55938" yp1="53.94920" xp2="69.54046" yp2="53.88350" sp="0.05" color="silver" opacity="100"/>
<line xp1="69.54046" yp1="53.88350" xp2="69.53347" yp2="53.85921" sp="0.05" color="silver" opacity="100"/>
<line xp1="69.53347" yp1="53.85921" xp2="69.51865" yp2="53.67453" sp="0.05" color="silver" opacity="100"/>
<line xp1="69.51865" yp1="53.67453" xp2="69.45092" yp2="53.68635" sp="0.05" color="silver" opacity="100"/>
<line xp1="69.45092" yp1="53.68635" xp2="69.28841" yp2="53.65153" sp="0.05" color="silver" opacity="100"/>
<line xp1="69.28841" yp1="53.65153" xp2="69.19838" yp2="53.59579" sp="0.05" color="silver" opacity="100"/>
<line xp1="69.19838" yp1="53.59579" xp2="69.12011" yp2="53.54733" sp="0.05" color="silver" opacity="100"/>
<line xp1="69.12011" yp1="53.54733" xp2="69.00483" yp2="53.41551" sp="0.05" color="silver" opacity="100"/>
<line xp1="69.00483" yp1="53.41551" xp2="68.94265" yp2="53.39317" sp="0.05" color="silver" opacity="100"/>
<line xp1="68.94265" yp1="53.39317" xp2="68.92037" yp2="53.42126" sp="0.05" color="silver" opacity="100"/>
<line xp1="68.92037" yp1="53.42126" xp2="68.86359" yp2="53.49284" sp="0.05" color="silver" opacity="100"/>
<line xp1="68.86359" yp1="53.49284" xp2="68.80699" yp2="53.54621" sp="0.05" color="silver" opacity="100"/>
<line xp1="68.80699" yp1="53.54621" xp2="68.71901" yp2="53.52805" sp="0.05" color="silver" opacity="100"/>
<line xp1="68.71901" yp1="53.52805" xp2="68.70623" yp2="53.52541" sp="0.05" color="silver" opacity="100"/>
<line xp1="68.70623" yp1="53.52541" xp2="68.61464" yp2="53.53137" sp="0.05" color="silver" opacity="100"/>
<line xp1="68.61464" yp1="53.53137" xp2="68.54021" yp2="53.46677" sp="0.05" color="silver" opacity="100"/>
<line xp1="68.54021" yp1="53.46677" xp2="68.55578" yp2="53.31234" sp="0.05" color="silver" opacity="100"/>
<line xp1="68.55578" yp1="53.31234" xp2="68.55974" yp2="53.13798" sp="0.05" color="silver" opacity="100"/>
<line xp1="68.55974" yp1="53.13798" xp2="68.56705" yp2="53.10367" sp="0.05" color="silver" opacity="100"/>
<line xp1="68.56705" yp1="53.10367" xp2="68.59138" yp2="52.98955" sp="0.05" color="silver" opacity="100"/>
<line xp1="68.59138" yp1="52.98955" xp2="68.56464" yp2="52.92603" sp="0.05" color="silver" opacity="100"/>
<line xp1="68.56464" yp1="52.92603" xp2="68.56441" yp2="52.92547" sp="0.05" color="silver" opacity="100"/>
<line xp1="68.56441" yp1="52.92547" xp2="68.50099" yp2="52.86878" sp="0.05" color="silver" opacity="100"/>
<line xp1="68.50099" yp1="52.86878" xp2="68.46328" yp2="52.76641" sp="0.05" color="silver" opacity="100"/>
<line xp1="68.46328" yp1="52.76641" xp2="68.32653" yp2="52.71570" sp="0.05" color="silver" opacity="100"/>
<line xp1="68.32653" yp1="52.71570" xp2="68.27442" yp2="52.62025" sp="0.05" color="silver" opacity="100"/>
<line xp1="68.27442" yp1="52.62025" xp2="68.25470" yp2="52.50971" sp="0.05" color="silver" opacity="100"/>
<line xp1="68.25470" yp1="52.50971" xp2="68.23661" yp2="52.40833" sp="0.05" color="silver" opacity="100"/>
<line xp1="68.23661" yp1="52.40833" xp2="68.17914" yp2="52.27277" sp="0.05" color="silver" opacity="100"/>
<line xp1="68.17914" yp1="52.27277" xp2="68.07544" yp2="52.19391" sp="0.05" color="silver" opacity="100"/>
<line xp1="68.07544" yp1="52.19391" xp2="68.00846" yp2="52.22272" sp="0.05" color="silver" opacity="100"/>
<line xp1="68.00846" yp1="52.22272" xp2="67.97513" yp2="52.23705" sp="0.05" color="silver" opacity="100"/>
<line xp1="67.97513" yp1="52.23705" xp2="67.93898" yp2="52.11363" sp="0.05" color="silver" opacity="100"/>
<line xp1="67.93898" yp1="52.11363" xp2="67.85421" yp2="51.96705" sp="0.05" color="silver" opacity="100"/>
<line xp1="67.85421" yp1="51.96705" xp2="67.85244" yp2="51.94263" sp="0.05" color="silver" opacity="100"/>
<line xp1="67.85244" yp1="51.94263" xp2="67.83821" yp2="51.74591" sp="0.05" color="silver" opacity="100"/>
<line xp1="67.83821" yp1="51.74591" xp2="67.81170" yp2="51.51051" sp="0.05" color="silver" opacity="100"/>
<line xp1="67.81170" yp1="51.51051" xp2="67.76657" yp2="51.47126" sp="0.05" color="silver" opacity="100"/>
<line xp1="67.76657" yp1="51.47126" xp2="67.72919" yp2="51.43874" sp="0.05" color="silver" opacity="100"/>
<line xp1="67.72919" yp1="51.43874" xp2="67.69638" yp2="51.40350" sp="0.05" color="silver" opacity="100"/>
<line xp1="67.69638" yp1="51.40350" xp2="67.64094" yp2="51.34395" sp="0.05" color="silver" opacity="100"/>
<line xp1="67.64094" yp1="51.34395" xp2="67.54498" yp2="51.45409" sp="0.05" color="silver" opacity="100"/>
<line xp1="67.54498" yp1="51.45409" xp2="67.37471" yp2="51.49107" sp="0.05" color="silver" opacity="100"/>
<line xp1="67.37471" yp1="51.49107" xp2="67.26361" yp2="51.71003" sp="0.05" color="silver" opacity="100"/>
<line xp1="67.26361" yp1="51.71003" xp2="67.19804" yp2="51.84977" sp="0.05" color="silver" opacity="100"/>
<line xp1="67.19804" yp1="51.84977" xp2="67.14399" yp2="51.81508" sp="0.05" color="silver" opacity="100"/>
<line xp1="67.14399" yp1="51.81508" xp2="67.09659" yp2="51.78466" sp="0.05" color="silver" opacity="100"/>
<line xp1="67.09659" yp1="51.78466" xp2="67.02528" yp2="51.67757" sp="0.05" color="silver" opacity="100"/>
<line xp1="67.02528" yp1="51.67757" xp2="67.02454" yp2="51.67647" sp="0.05" color="silver" opacity="100"/>
<line xp1="67.02454" yp1="51.67647" xp2="66.96630" yp2="51.56062" sp="0.05" color="silver" opacity="100"/>
<line xp1="66.96630" yp1="51.56062" xp2="66.94146" yp2="51.55333" sp="0.05" color="silver" opacity="100"/>
<line xp1="66.94146" yp1="51.55333" xp2="66.88950" yp2="51.53808" sp="0.05" color="silver" opacity="100"/>
<line xp1="66.88950" yp1="51.53808" xp2="66.88435" yp2="51.33779" sp="0.05" color="silver" opacity="100"/>
<line xp1="66.88435" yp1="51.33779" xp2="66.90866" yp2="51.15111" sp="0.05" color="silver" opacity="100"/>
<line xp1="66.90866" yp1="51.15111" xp2="66.76946" yp2="51.16215" sp="0.05" color="silver" opacity="100"/>
<line xp1="66.76946" yp1="51.16215" xp2="66.74582" yp2="51.00816" sp="0.05" color="silver" opacity="100"/>
<line xp1="66.74582" yp1="51.00816" xp2="66.69737" yp2="51.04260" sp="0.05" color="silver" opacity="100"/>
<line xp1="66.69737" yp1="51.04260" xp2="66.67942" yp2="51.05536" sp="0.05" color="silver" opacity="100"/>
<line xp1="66.67942" yp1="51.05536" xp2="66.58116" yp2="51.12185" sp="0.05" color="silver" opacity="100"/>
<line xp1="66.58116" yp1="51.12185" xp2="66.49232" yp2="51.30435" sp="0.05" color="silver" opacity="100"/>
<line xp1="66.49232" yp1="51.30435" xp2="66.44475" yp2="51.42043" sp="0.05" color="silver" opacity="100"/>
<line xp1="66.44475" yp1="51.42043" xp2="66.44065" yp2="51.41733" sp="0.05" color="silver" opacity="100"/>
<line xp1="66.44065" yp1="51.41733" xp2="66.34481" yp2="51.34506" sp="0.05" color="silver" opacity="100"/>
<line xp1="66.34481" yp1="51.34506" xp2="66.26500" yp2="51.24273" sp="0.05" color="silver" opacity="100"/>
<line xp1="66.26500" yp1="51.24273" xp2="66.18809" yp2="51.21628" sp="0.05" color="silver" opacity="100"/>
<line xp1="66.18809" yp1="51.21628" xp2="66.13798" yp2="51.19905" sp="0.05" color="silver" opacity="100"/>
<line xp1="66.13798" yp1="51.19905" xp2="66.08762" yp2="51.07157" sp="0.05" color="silver" opacity="100"/>
<line xp1="66.08762" yp1="51.07157" xp2="66.06487" yp2="50.93559" sp="0.05" color="silver" opacity="100"/>
<line xp1="66.06487" yp1="50.93559" xp2="65.99136" yp2="50.76466" sp="0.05" color="silver" opacity="100"/>
<line xp1="65.99136" yp1="50.76466" xp2="65.94230" yp2="50.87790" sp="0.05" color="silver" opacity="100"/>
<line xp1="65.94230" yp1="50.87790" xp2="65.87683" yp2="50.97536" sp="0.05" color="silver" opacity="100"/>
<line xp1="65.87683" yp1="50.97536" xp2="65.76115" yp2="51.04950" sp="0.05" color="silver" opacity="100"/>
<line xp1="65.76115" yp1="51.04950" xp2="65.73787" yp2="51.07264" sp="0.05" color="silver" opacity="100"/>
<line xp1="65.73787" yp1="51.07264" xp2="65.68607" yp2="51.12409" sp="0.05" color="silver" opacity="100"/>
<line xp1="65.68607" yp1="51.12409" xp2="65.64344" yp2="51.16644" sp="0.05" color="silver" opacity="100"/>
<line xp1="65.64344" yp1="51.16644" xp2="65.50987" yp2="51.27075" sp="0.05" color="silver" opacity="100"/>
<line xp1="65.50987" yp1="51.27075" xp2="65.46354" yp2="51.23958" sp="0.05" color="silver" opacity="100"/>
<line xp1="65.46354" yp1="51.23958" xp2="65.40562" yp2="51.20062" sp="0.05" color="silver" opacity="100"/>
<line xp1="65.40562" yp1="51.20062" xp2="65.30573" yp2="51.21548" sp="0.05" color="silver" opacity="100"/>
<line xp1="65.30573" yp1="51.21548" xp2="65.21772" yp2="51.13941" sp="0.05" color="silver" opacity="100"/>
<line xp1="65.21772" yp1="51.13941" xp2="65.19100" yp2="51.00548" sp="0.05" color="silver" opacity="100"/>
<line xp1="65.19100" yp1="51.00548" xp2="65.10518" yp2="51.01691" sp="0.05" color="silver" opacity="100"/>
<line xp1="65.10518" yp1="51.01691" xp2="65.05668" yp2="51.09441" sp="0.05" color="silver" opacity="100"/>
<line xp1="65.05668" yp1="51.09441" xp2="65.04056" yp2="51.12017" sp="0.05" color="silver" opacity="100"/>
<line xp1="65.04056" yp1="51.12017" xp2="64.91075" yp2="51.07197" sp="0.05" color="silver" opacity="100"/>
<line xp1="64.91075" yp1="51.07197" xp2="64.81148" yp2="51.20285" sp="0.05" color="silver" opacity="100"/>
<line xp1="64.81148" yp1="51.20285" xp2="64.73578" yp2="51.16539" sp="0.05" color="silver" opacity="100"/>
<line xp1="64.73578" yp1="51.16539" xp2="64.73016" yp2="51.14169" sp="0.05" color="silver" opacity="100"/>
<line xp1="64.73016" yp1="51.14169" xp2="64.71057" yp2="51.05900" sp="0.05" color="silver" opacity="100"/>
<line xp1="64.71057" yp1="51.05900" xp2="64.76338" yp2="50.90789" sp="0.05" color="silver" opacity="100"/>
<line xp1="64.76338" yp1="50.90789" xp2="64.71406" yp2="50.82772" sp="0.05" color="silver" opacity="100"/>
<line xp1="64.71406" yp1="50.82772" xp2="64.66114" yp2="50.80530" sp="0.05" color="silver" opacity="100"/>
<line xp1="64.66114" yp1="50.80530" xp2="64.57226" yp2="50.85493" sp="0.05" color="silver" opacity="100"/>
<line xp1="64.57226" yp1="50.85493" xp2="64.52371" yp2="50.69317" sp="0.05" color="silver" opacity="100"/>
<line xp1="64.52371" yp1="50.69317" xp2="64.41178" yp2="50.56326" sp="0.05" color="silver" opacity="100"/>
<line xp1="64.41178" yp1="50.56326" xp2="64.36914" yp2="50.44095" sp="0.05" color="silver" opacity="100"/>
<line xp1="64.36914" yp1="50.44095" xp2="64.41164" yp2="50.21509" sp="0.05" color="silver" opacity="100"/>
<line xp1="64.41164" yp1="50.21509" xp2="64.41289" yp2="50.20848" sp="0.05" color="silver" opacity="100"/>
<line xp1="64.41289" yp1="50.20848" xp2="64.50424" yp2="50.08236" sp="0.05" color="silver" opacity="100"/>
<line xp1="64.50424" yp1="50.08236" xp2="64.51346" yp2="50.01180" sp="0.05" color="silver" opacity="100"/>
<line xp1="64.51346" yp1="50.01180" xp2="64.51955" yp2="49.96525" sp="0.05" color="silver" opacity="100"/>
<line xp1="64.51955" yp1="49.96525" xp2="64.37375" yp2="49.90553" sp="0.05" color="silver" opacity="100"/>
<line xp1="64.37375" yp1="49.90553" xp2="64.18205" yp2="49.86456" sp="0.05" color="silver" opacity="100"/>
<line xp1="64.18205" yp1="49.86456" xp2="64.06394" yp2="49.72817" sp="0.05" color="silver" opacity="100"/>
<line xp1="64.06394" yp1="49.72817" xp2="64.06388" yp2="49.72820" sp="0.05" color="silver" opacity="100"/>
<line xp1="64.06388" yp1="49.72820" xp2="63.97518" yp2="49.77510" sp="0.05" color="silver" opacity="100"/>
<line xp1="63.97518" yp1="49.77510" xp2="63.97139" yp2="49.77711" sp="0.05" color="silver" opacity="100"/>
<line xp1="63.97139" yp1="49.77711" xp2="63.89868" yp2="49.71585" sp="0.05" color="silver" opacity="100"/>
<line xp1="63.89868" yp1="49.71585" xp2="63.86624" yp2="49.54170" sp="0.05" color="silver" opacity="100"/>
<line xp1="63.86624" yp1="49.54170" xp2="63.82360" yp2="49.40271" sp="0.05" color="silver" opacity="100"/>
<line xp1="63.82360" yp1="49.40271" xp2="63.88961" yp2="49.20044" sp="0.05" color="silver" opacity="100"/>
<line xp1="63.88961" yp1="49.20044" xp2="63.96188" yp2="48.99972" sp="0.05" color="silver" opacity="100"/>
<line xp1="63.96188" yp1="48.99972" xp2="63.93138" yp2="48.85315" sp="0.05" color="silver" opacity="100"/>
<line xp1="63.93138" yp1="48.85315" xp2="63.88288" yp2="48.76635" sp="0.05" color="silver" opacity="100"/>
<line xp1="63.88288" yp1="48.76635" xp2="63.87107" yp2="48.76594" sp="0.05" color="silver" opacity="100"/>
<line xp1="63.87107" yp1="48.76594" xp2="63.86080" yp2="48.76559" sp="0.05" color="silver" opacity="100"/>
<line xp1="63.86080" yp1="48.76559" xp2="63.79758" yp2="48.76341" sp="0.05" color="silver" opacity="100"/>
<line xp1="63.79758" yp1="48.76341" xp2="63.75222" yp2="48.81145" sp="0.05" color="silver" opacity="100"/>
<line xp1="63.75222" yp1="48.81145" xp2="63.67471" yp2="48.89356" sp="0.05" color="silver" opacity="100"/>
<line xp1="63.67471" yp1="48.89356" xp2="63.54772" yp2="48.97473" sp="0.05" color="silver" opacity="100"/>
<line xp1="63.54772" yp1="48.97473" xp2="63.45682" yp2="49.01343" sp="0.05" color="silver" opacity="100"/>
<line xp1="63.45682" yp1="49.01343" xp2="63.33069" yp2="49.13282" sp="0.05" color="silver" opacity="100"/>
<line xp1="63.33069" yp1="49.13282" xp2="63.18786" yp2="49.21815" sp="0.05" color="silver" opacity="100"/>
<line xp1="63.18786" yp1="49.21815" xp2="63.18193" yp2="49.22169" sp="0.05" color="silver" opacity="100"/>
<line xp1="63.18193" yp1="49.22169" xp2="63.17922" yp2="49.22146" sp="0.05" color="silver" opacity="100"/>
<line xp1="63.17922" yp1="49.22146" xp2="63.07543" yp2="49.21257" sp="0.05" color="silver" opacity="100"/>
<line xp1="63.07543" yp1="49.21257" xp2="62.98764" yp2="49.11076" sp="0.05" color="silver" opacity="100"/>
<line xp1="62.98764" yp1="49.11076" xp2="62.92454" yp2="48.97419" sp="0.05" color="silver" opacity="100"/>
<line xp1="62.92454" yp1="48.97419" xp2="62.81833" yp2="48.78348" sp="0.05" color="silver" opacity="100"/>
<line xp1="62.81833" yp1="48.78348" xp2="62.82058" yp2="48.77746" sp="0.05" color="silver" opacity="100"/>
<line xp1="62.82058" yp1="48.77746" xp2="62.87862" yp2="48.62259" sp="0.05" color="silver" opacity="100"/>
<line xp1="62.87862" yp1="48.62259" xp2="62.87244" yp2="48.52016" sp="0.05" color="silver" opacity="100"/>
<line xp1="62.87244" yp1="48.52016" xp2="62.92486" yp2="48.45100" sp="0.05" color="silver" opacity="100"/>
<line xp1="62.92486" yp1="48.45100" xp2="62.91825" yp2="48.41360" sp="0.05" color="silver" opacity="100"/>
<line xp1="62.91825" yp1="48.41360" xp2="62.89158" yp2="48.26256" sp="0.05" color="silver" opacity="100"/>
<line xp1="62.89158" yp1="48.26256" xp2="62.84973" yp2="48.13471" sp="0.05" color="silver" opacity="100"/>
<line xp1="62.84973" yp1="48.13471" xp2="62.83709" yp2="47.96893" sp="0.05" color="silver" opacity="100"/>
<line xp1="62.83709" yp1="47.96893" xp2="62.83695" yp2="47.96084" sp="0.05" color="silver" opacity="100"/>
<line xp1="62.83695" yp1="47.96084" xp2="62.83540" yp2="47.87419" sp="0.05" color="silver" opacity="100"/>
<line xp1="62.83540" yp1="47.87419" xp2="62.76537" yp2="47.76177" sp="0.05" color="silver" opacity="100"/>
<line xp1="62.76537" yp1="47.76177" xp2="62.82233" yp2="47.60693" sp="0.05" color="silver" opacity="100"/>
<line xp1="62.82233" yp1="47.60693" xp2="62.80669" yp2="47.57520" sp="0.05" color="silver" opacity="100"/>
<line xp1="62.80669" yp1="47.57520" xp2="62.77056" yp2="47.50185" sp="0.05" color="silver" opacity="100"/>
<line xp1="62.77056" yp1="47.50185" xp2="62.72720" yp2="47.34107" sp="0.05" color="silver" opacity="100"/>
<line xp1="62.72720" yp1="47.34107" xp2="62.64779" yp2="47.36485" sp="0.05" color="silver" opacity="100"/>
<line xp1="62.64779" yp1="47.36485" xp2="62.57745" yp2="47.49723" sp="0.05" color="silver" opacity="100"/>
<line xp1="62.57745" yp1="47.49723" xp2="62.57335" yp2="47.49699" sp="0.05" color="silver" opacity="100"/>
<line xp1="62.57335" yp1="47.49699" xp2="62.49432" yp2="47.49226" sp="0.05" color="silver" opacity="100"/>
<line xp1="62.49432" yp1="47.49226" xp2="62.44938" yp2="47.32099" sp="0.05" color="silver" opacity="100"/>
<line xp1="62.44938" yp1="47.32099" xp2="62.33947" yp2="47.33215" sp="0.05" color="silver" opacity="100"/>
<line xp1="62.33947" yp1="47.33215" xp2="62.23933" yp2="47.35574" sp="0.05" color="silver" opacity="100"/>
<line xp1="62.23933" yp1="47.35574" xp2="62.23933" yp2="47.35574" sp="0.05" color="silver" opacity="100"/>
<line xp1="55.31838" yp1="36.26580" xp2="55.31833" yp2="35.89789" sp="0.05" color="silver" opacity="100"/>
<line xp1="55.31833" yp1="35.89789" xp2="55.31879" yp2="35.40652" sp="0.05" color="silver" opacity="100"/>
<line xp1="55.31879" yp1="35.40652" xp2="55.31886" yp2="35.32445" sp="0.05" color="silver" opacity="100"/>
<line xp1="55.31886" yp1="35.32445" xp2="55.31893" yp2="34.84590" sp="0.05" color="silver" opacity="100"/>
<line xp1="55.31893" yp1="34.84590" xp2="55.31895" yp2="34.67987" sp="0.05" color="silver" opacity="100"/>
<line xp1="55.31895" yp1="34.67987" xp2="55.32026" yp2="34.26401" sp="0.05" color="silver" opacity="100"/>
<line xp1="55.32026" yp1="34.26401" xp2="55.33934" yp2="34.22768" sp="0.05" color="silver" opacity="100"/>
<line xp1="55.33934" yp1="34.22768" xp2="55.41929" yp2="34.07548" sp="0.05" color="silver" opacity="100"/>
<line xp1="55.41929" yp1="34.07548" xp2="55.52376" yp2="33.98041" sp="0.05" color="silver" opacity="100"/>
<line xp1="55.52376" yp1="33.98041" xp2="55.57192" yp2="33.84079" sp="0.05" color="silver" opacity="100"/>
<line xp1="55.57192" yp1="33.84079" xp2="55.61017" yp2="33.72991" sp="0.05" color="silver" opacity="100"/>
<line xp1="55.61017" yp1="33.72991" xp2="55.68705" yp2="33.43053" sp="0.05" color="silver" opacity="100"/>
<line xp1="55.68705" yp1="33.43053" xp2="55.66640" yp2="33.20717" sp="0.05" color="silver" opacity="100"/>
<line xp1="55.66640" yp1="33.20717" xp2="55.63858" yp2="33.10346" sp="0.05" color="silver" opacity="100"/>
<line xp1="55.63858" yp1="33.10346" xp2="55.71125" yp2="32.93527" sp="0.05" color="silver" opacity="100"/>
<line xp1="55.71125" yp1="32.93527" xp2="55.80627" yp2="32.86883" sp="0.05" color="silver" opacity="100"/>
<line xp1="55.80627" yp1="32.86883" xp2="55.77004" yp2="32.76769" sp="0.05" color="silver" opacity="100"/>
<line xp1="55.77004" yp1="32.76769" xp2="55.84984" yp2="32.65260" sp="0.05" color="silver" opacity="100"/>
<line xp1="55.84984" yp1="32.65260" xp2="55.89516" yp2="32.50029" sp="0.05" color="silver" opacity="100"/>
<line xp1="55.89516" yp1="32.50029" xp2="55.88394" yp2="32.28869" sp="0.05" color="silver" opacity="100"/>
<line xp1="55.88394" yp1="32.28869" xp2="55.97855" yp2="32.16964" sp="0.05" color="silver" opacity="100"/>
<line xp1="55.97855" yp1="32.16964" xp2="55.99624" yp2="31.95012" sp="0.05" color="silver" opacity="100"/>
<line xp1="55.99624" yp1="31.95012" xp2="55.99907" yp2="31.95036" sp="0.05" color="silver" opacity="100"/>
<line xp1="55.99907" yp1="31.95036" xp2="56.07308" yp2="31.95663" sp="0.05" color="silver" opacity="100"/>
<line xp1="56.07308" yp1="31.95663" xp2="56.09985" yp2="31.95890" sp="0.05" color="silver" opacity="100"/>
<line xp1="56.09985" yp1="31.95890" xp2="56.09188" yp2="31.79677" sp="0.05" color="silver" opacity="100"/>
<line xp1="56.09188" yp1="31.79677" xp2="56.10582" yp2="31.57622" sp="0.05" color="silver" opacity="100"/>
<line xp1="56.10582" yp1="31.57622" xp2="56.09304" yp2="31.45285" sp="0.05" color="silver" opacity="100"/>
<line xp1="56.09304" yp1="31.45285" xp2="56.07717" yp2="31.33462" sp="0.05" color="silver" opacity="100"/>
<line xp1="56.07717" yp1="31.33462" xp2="56.10625" yp2="31.21295" sp="0.05" color="silver" opacity="100"/>
<line xp1="56.10625" yp1="31.21295" xp2="56.06988" yp2="31.07848" sp="0.05" color="silver" opacity="100"/>
<line xp1="56.06988" yp1="31.07848" xp2="56.06367" yp2="31.05550" sp="0.05" color="silver" opacity="100"/>
<line xp1="56.06367" yp1="31.05550" xp2="56.04723" yp2="30.86563" sp="0.05" color="silver" opacity="100"/>
<line xp1="56.04723" yp1="30.86563" xp2="55.97279" yp2="30.68137" sp="0.05" color="silver" opacity="100"/>
<line xp1="55.97279" yp1="30.68137" xp2="55.95399" yp2="30.51411" sp="0.05" color="silver" opacity="100"/>
<line xp1="55.95399" yp1="30.51411" xp2="55.86904" yp2="30.35772" sp="0.05" color="silver" opacity="100"/>
<line xp1="55.86904" yp1="30.35772" xp2="55.87026" yp2="30.26453" sp="0.05" color="silver" opacity="100"/>
<line xp1="55.87026" yp1="30.26453" xp2="55.80124" yp2="30.12812" sp="0.05" color="silver" opacity="100"/>
<line xp1="55.80124" yp1="30.12812" xp2="55.83059" yp2="30.01829" sp="0.05" color="silver" opacity="100"/>
<line xp1="55.83059" yp1="30.01829" xp2="55.84205" yp2="29.79985" sp="0.05" color="silver" opacity="100"/>
<line xp1="55.84205" yp1="29.79985" xp2="55.78743" yp2="29.72156" sp="0.05" color="silver" opacity="100"/>
<line xp1="55.78743" yp1="29.72156" xp2="55.77641" yp2="29.70578" sp="0.05" color="silver" opacity="100"/>
<line xp1="55.77641" yp1="29.70578" xp2="55.75334" yp2="29.51407" sp="0.05" color="silver" opacity="100"/>
<line xp1="55.75334" yp1="29.51407" xp2="55.83509" yp2="29.35861" sp="0.05" color="silver" opacity="100"/>
<line xp1="55.83509" yp1="29.35861" xp2="55.82914" yp2="29.26849" sp="0.05" color="silver" opacity="100"/>
<line xp1="55.82914" yp1="29.26849" xp2="55.82560" yp2="29.21503" sp="0.05" color="silver" opacity="100"/>
<line xp1="55.82560" yp1="29.21503" xp2="55.84036" yp2="29.06839" sp="0.05" color="silver" opacity="100"/>
<line xp1="55.84036" yp1="29.06839" xp2="55.84241" yp2="28.89349" sp="0.05" color="silver" opacity="100"/>
<line xp1="55.84241" yp1="28.89349" xp2="55.84009" yp2="28.72655" sp="0.05" color="silver" opacity="100"/>
<line xp1="55.84009" yp1="28.72655" xp2="55.83664" yp2="28.72090" sp="0.05" color="silver" opacity="100"/>
<line xp1="55.83664" yp1="28.72090" xp2="55.78296" yp2="28.63306" sp="0.05" color="silver" opacity="100"/>
<line xp1="55.78296" yp1="28.63306" xp2="55.68028" yp2="28.44157" sp="0.05" color="silver" opacity="100"/>
<line xp1="55.68028" yp1="28.44157" xp2="55.64558" yp2="28.26960" sp="0.05" color="silver" opacity="100"/>
<line xp1="55.64558" yp1="28.26960" xp2="55.61183" yp2="28.20597" sp="0.05" color="silver" opacity="100"/>
<line xp1="55.61183" yp1="28.20597" xp2="55.58085" yp2="28.14757" sp="0.05" color="silver" opacity="100"/>
<line xp1="55.58085" yp1="28.14757" xp2="55.49353" yp2="28.00843" sp="0.05" color="silver" opacity="100"/>
<line xp1="55.49353" yp1="28.00843" xp2="55.55258" yp2="27.89049" sp="0.05" color="silver" opacity="100"/>
<line xp1="55.55258" yp1="27.89049" xp2="55.59507" yp2="27.78303" sp="0.05" color="silver" opacity="100"/>
<line xp1="55.59507" yp1="27.78303" xp2="55.63389" yp2="27.68748" sp="0.05" color="silver" opacity="100"/>
<line xp1="55.63389" yp1="27.68748" xp2="55.69346" yp2="27.75789" sp="0.05" color="silver" opacity="100"/>
<line xp1="55.69346" yp1="27.75789" xp2="55.78162" yp2="27.81812" sp="0.05" color="silver" opacity="100"/>
<line xp1="55.78162" yp1="27.81812" xp2="56.09467" yp2="27.89514" sp="0.05" color="silver" opacity="100"/>
<line xp1="56.09467" yp1="27.89514" xp2="56.29064" yp2="27.90673" sp="0.05" color="silver" opacity="100"/>
<line xp1="56.29064" yp1="27.90673" xp2="56.46835" yp2="27.92877" sp="0.05" color="silver" opacity="100"/>
<line xp1="56.46835" yp1="27.92877" xp2="56.65088" yp2="27.91568" sp="0.05" color="silver" opacity="100"/>
<line xp1="56.65088" yp1="27.91568" xp2="56.78741" yp2="27.85464" sp="0.05" color="silver" opacity="100"/>
<line xp1="56.78741" yp1="27.85464" xp2="56.93365" yp2="27.78242" sp="0.05" color="silver" opacity="100"/>
<line xp1="56.93365" yp1="27.78242" xp2="57.10770" yp2="27.65796" sp="0.05" color="silver" opacity="100"/>
<line xp1="57.10770" yp1="27.65796" xp2="57.40848" yp2="27.44286" sp="0.05" color="silver" opacity="100"/>
<line xp1="57.40848" yp1="27.44286" xp2="57.51372" yp2="27.39653" sp="0.05" color="silver" opacity="100"/>
<line xp1="57.51372" yp1="27.39653" xp2="57.58763" yp2="27.36399" sp="0.05" color="silver" opacity="100"/>
<line xp1="57.58763" yp1="27.36399" xp2="57.73295" yp2="27.31737" sp="0.05" color="silver" opacity="100"/>
<line xp1="57.73295" yp1="27.31737" xp2="57.83098" yp2="27.27851" sp="0.05" color="silver" opacity="100"/>
<line xp1="57.83098" yp1="27.27851" xp2="57.96390" yp2="27.23285" sp="0.05" color="silver" opacity="100"/>
<line xp1="57.96390" yp1="27.23285" xp2="58.07406" yp2="27.25530" sp="0.05" color="silver" opacity="100"/>
<line xp1="58.07406" yp1="27.25530" xp2="58.21750" yp2="27.37605" sp="0.05" color="silver" opacity="100"/>
<line xp1="58.21750" yp1="27.37605" xp2="58.36229" yp2="27.38761" sp="0.05" color="silver" opacity="100"/>
<line xp1="58.36229" yp1="27.38761" xp2="58.39555" yp2="27.36423" sp="0.05" color="silver" opacity="100"/>
<line xp1="58.39555" yp1="27.36423" xp2="58.41510" yp2="27.35048" sp="0.05" color="silver" opacity="100"/>
<line xp1="58.41510" yp1="27.35048" xp2="58.59181" yp2="27.19575" sp="0.05" color="silver" opacity="100"/>
<line xp1="58.59181" yp1="27.19575" xp2="58.73603" yp2="27.06836" sp="0.05" color="silver" opacity="100"/>
<line xp1="58.73603" yp1="27.06836" xp2="58.81806" yp2="27.11532" sp="0.05" color="silver" opacity="100"/>
<line xp1="58.81806" yp1="27.11532" xp2="58.90603" yp2="27.34094" sp="0.05" color="silver" opacity="100"/>
<line xp1="58.90603" yp1="27.34094" xp2="58.76349" yp2="27.41701" sp="0.05" color="silver" opacity="100"/>
<line xp1="58.76349" yp1="27.41701" xp2="58.65651" yp2="27.50651" sp="0.05" color="silver" opacity="100"/>
<line xp1="58.65651" yp1="27.50651" xp2="58.67299" yp2="27.62113" sp="0.05" color="silver" opacity="100"/>
<line xp1="58.67299" yp1="27.62113" xp2="58.68758" yp2="27.72267" sp="0.05" color="silver" opacity="100"/>
<line xp1="58.68758" yp1="27.72267" xp2="58.75670" yp2="27.78599" sp="0.05" color="silver" opacity="100"/>
<line xp1="58.75670" yp1="27.78599" xp2="58.86576" yp2="27.85534" sp="0.05" color="silver" opacity="100"/>
<line xp1="58.86576" yp1="27.85534" xp2="58.97365" yp2="27.84521" sp="0.05" color="silver" opacity="100"/>
<line xp1="58.97365" yp1="27.84521" xp2="59.04026" yp2="27.71211" sp="0.05" color="silver" opacity="100"/>
<line xp1="59.04026" yp1="27.71211" xp2="59.00949" yp2="27.51607" sp="0.05" color="silver" opacity="100"/>
<line xp1="59.00949" yp1="27.51607" xp2="59.07665" yp2="27.51759" sp="0.05" color="silver" opacity="100"/>
<line xp1="59.07665" yp1="27.51759" xp2="59.16619" yp2="27.41244" sp="0.05" color="silver" opacity="100"/>
<line xp1="59.16619" yp1="27.41244" xp2="59.17316" yp2="27.33111" sp="0.05" color="silver" opacity="100"/>
<line xp1="59.17316" yp1="27.33111" xp2="59.18304" yp2="27.23298" sp="0.05" color="silver" opacity="100"/>
<line xp1="59.18304" yp1="27.23298" xp2="59.25294" yp2="27.14033" sp="0.05" color="silver" opacity="100"/>
<line xp1="59.25294" yp1="27.14033" xp2="59.29083" yp2="27.05703" sp="0.05" color="silver" opacity="100"/>
<line xp1="59.29083" yp1="27.05703" xp2="59.39337" yp2="27.13461" sp="0.05" color="silver" opacity="100"/>
<line xp1="59.39337" yp1="27.13461" xp2="59.46536" yp2="26.98411" sp="0.05" color="silver" opacity="100"/>
<line xp1="59.46536" yp1="26.98411" xp2="59.44005" yp2="26.91618" sp="0.05" color="silver" opacity="100"/>
<line xp1="59.44005" yp1="26.91618" xp2="59.48608" yp2="26.83293" sp="0.05" color="silver" opacity="100"/>
<line xp1="59.48608" yp1="26.83293" xp2="59.59027" yp2="26.74675" sp="0.05" color="silver" opacity="100"/>
<line xp1="59.59027" yp1="26.74675" xp2="59.59161" yp2="26.74565" sp="0.05" color="silver" opacity="100"/>
<line xp1="59.59161" yp1="26.74565" xp2="59.57439" yp2="26.65664" sp="0.05" color="silver" opacity="100"/>
<line xp1="59.57439" yp1="26.65664" xp2="59.48479" yp2="26.56793" sp="0.05" color="silver" opacity="100"/>
<line xp1="59.48479" yp1="26.56793" xp2="59.57109" yp2="26.42222" sp="0.05" color="silver" opacity="100"/>
<line xp1="59.57109" yp1="26.42222" xp2="59.75670" yp2="26.33743" sp="0.05" color="silver" opacity="100"/>
<line xp1="59.75670" yp1="26.33743" xp2="59.85536" yp2="26.25060" sp="0.05" color="silver" opacity="100"/>
<line xp1="59.85536" yp1="26.25060" xp2="59.99985" yp2="26.19852" sp="0.05" color="silver" opacity="100"/>
<line xp1="59.99985" yp1="26.19852" xp2="60.08942" yp2="26.17821" sp="0.05" color="silver" opacity="100"/>
<line xp1="60.08942" yp1="26.17821" xp2="60.18833" yp2="26.01397" sp="0.05" color="silver" opacity="100"/>
<line xp1="60.18833" yp1="26.01397" xp2="60.20330" yp2="25.87447" sp="0.05" color="silver" opacity="100"/>
<line xp1="60.20330" yp1="25.87447" xp2="60.28838" yp2="25.83468" sp="0.05" color="silver" opacity="100"/>
<line xp1="60.28838" yp1="25.83468" xp2="60.38711" yp2="25.82874" sp="0.05" color="silver" opacity="100"/>
<line xp1="60.38711" yp1="25.82874" xp2="60.53521" yp2="25.87920" sp="0.05" color="silver" opacity="100"/>
<line xp1="60.53521" yp1="25.87920" xp2="60.78751" yp2="25.88217" sp="0.05" color="silver" opacity="100"/>
<line xp1="60.78751" yp1="25.88217" xp2="60.85733" yp2="25.87444" sp="0.05" color="silver" opacity="100"/>
<line xp1="60.85733" yp1="25.87444" xp2="60.90828" yp2="25.88124" sp="0.05" color="silver" opacity="100"/>
<line xp1="60.90828" yp1="25.88124" xp2="61.02318" yp2="25.89658" sp="0.05" color="silver" opacity="100"/>
<line xp1="61.02318" yp1="25.89658" xp2="61.19448" yp2="25.95736" sp="0.05" color="silver" opacity="100"/>
<line xp1="61.19448" yp1="25.95736" xp2="61.34961" yp2="26.12653" sp="0.05" color="silver" opacity="100"/>
<line xp1="61.34961" yp1="26.12653" xp2="61.40025" yp2="26.18422" sp="0.05" color="silver" opacity="100"/>
<line xp1="61.40025" yp1="26.18422" xp2="61.44844" yp2="26.23911" sp="0.05" color="silver" opacity="100"/>
<line xp1="61.44844" yp1="26.23911" xp2="61.60545" yp2="26.43927" sp="0.05" color="silver" opacity="100"/>
<line xp1="61.60545" yp1="26.43927" xp2="61.68814" yp2="26.55153" sp="0.05" color="silver" opacity="100"/>
<line xp1="61.68814" yp1="26.55153" xp2="61.71775" yp2="26.59172" sp="0.05" color="silver" opacity="100"/>
<line xp1="61.71775" yp1="26.59172" xp2="61.78055" yp2="26.62521" sp="0.05" color="silver" opacity="100"/>
<line xp1="61.78055" yp1="26.62521" xp2="61.95975" yp2="26.58293" sp="0.05" color="silver" opacity="100"/>
<line xp1="61.95975" yp1="26.58293" xp2="62.09283" yp2="26.54437" sp="0.05" color="silver" opacity="100"/>
<line xp1="62.09283" yp1="26.54437" xp2="62.14361" yp2="26.43435" sp="0.05" color="silver" opacity="100"/>
<line xp1="62.14361" yp1="26.43435" xp2="62.20838" yp2="26.40722" sp="0.05" color="silver" opacity="100"/>
<line xp1="62.20838" yp1="26.40722" xp2="62.33409" yp2="26.32872" sp="0.05" color="silver" opacity="100"/>
<line xp1="62.33409" yp1="26.32872" xp2="62.41087" yp2="26.14007" sp="0.05" color="silver" opacity="100"/>
<line xp1="62.41087" yp1="26.14007" xp2="62.47613" yp2="26.06736" sp="0.05" color="silver" opacity="100"/>
<line xp1="62.47613" yp1="26.06736" xp2="62.52139" yp2="25.91957" sp="0.05" color="silver" opacity="100"/>
<line xp1="62.52139" yp1="25.91957" xp2="62.45611" yp2="25.76275" sp="0.05" color="silver" opacity="100"/>
<line xp1="62.45611" yp1="25.76275" xp2="62.46005" yp2="25.52518" sp="0.05" color="silver" opacity="100"/>
<line xp1="62.46005" yp1="25.52518" xp2="62.58152" yp2="25.74357" sp="0.05" color="silver" opacity="100"/>
<line xp1="62.58152" yp1="25.74357" xp2="62.67792" yp2="25.88102" sp="0.05" color="silver" opacity="100"/>
<line xp1="62.67792" yp1="25.88102" xp2="62.74050" yp2="25.77861" sp="0.05" color="silver" opacity="100"/>
<line xp1="62.74050" yp1="25.77861" xp2="62.85713" yp2="25.69035" sp="0.05" color="silver" opacity="100"/>
<line xp1="62.85713" yp1="25.69035" xp2="62.84801" yp2="25.79906" sp="0.05" color="silver" opacity="100"/>
<line xp1="62.84801" yp1="25.79906" xp2="62.89765" yp2="25.92599" sp="0.05" color="silver" opacity="100"/>
<line xp1="62.89765" yp1="25.92599" xp2="62.97444" yp2="25.97347" sp="0.05" color="silver" opacity="100"/>
<line xp1="62.97444" yp1="25.97347" xp2="63.05495" yp2="26.19118" sp="0.05" color="silver" opacity="100"/>
<line xp1="63.05495" yp1="26.19118" xp2="63.03696" yp2="26.32901" sp="0.05" color="silver" opacity="100"/>
<line xp1="63.03696" yp1="26.32901" xp2="62.89746" yp2="26.34152" sp="0.05" color="silver" opacity="100"/>
<line xp1="62.89746" yp1="26.34152" xp2="62.87025" yp2="26.51240" sp="0.05" color="silver" opacity="100"/>
<line xp1="62.87025" yp1="26.51240" xp2="62.76863" yp2="26.69834" sp="0.05" color="silver" opacity="100"/>
<line xp1="62.76863" yp1="26.69834" xp2="62.68023" yp2="26.67678" sp="0.05" color="silver" opacity="100"/>
<line xp1="62.68023" yp1="26.67678" xp2="62.59679" yp2="26.82297" sp="0.05" color="silver" opacity="100"/>
<line xp1="62.59679" yp1="26.82297" xp2="62.49231" yp2="26.83367" sp="0.05" color="silver" opacity="100"/>
<line xp1="62.49231" yp1="26.83367" xp2="62.33490" yp2="26.87492" sp="0.05" color="silver" opacity="100"/>
<line xp1="62.33490" yp1="26.87492" xp2="62.25823" yp2="26.95591" sp="0.05" color="silver" opacity="100"/>
<line xp1="62.25823" yp1="26.95591" xp2="62.20060" yp2="27.12584" sp="0.05" color="silver" opacity="100"/>
<line xp1="62.20060" yp1="27.12584" xp2="62.20828" yp2="27.26796" sp="0.05" color="silver" opacity="100"/>
<line xp1="62.20828" yp1="27.26796" xp2="62.15060" yp2="27.45799" sp="0.05" color="silver" opacity="100"/>
<line xp1="62.15060" yp1="27.45799" xp2="62.25354" yp2="27.56733" sp="0.05" color="silver" opacity="100"/>
<line xp1="62.25354" yp1="27.56733" xp2="62.30040" yp2="27.51859" sp="0.05" color="silver" opacity="100"/>
<line xp1="62.30040" yp1="27.51859" xp2="62.30620" yp2="27.52416" sp="0.05" color="silver" opacity="100"/>
<line xp1="62.30620" yp1="27.52416" xp2="62.36067" yp2="27.57639" sp="0.05" color="silver" opacity="100"/>
<line xp1="62.36067" yp1="27.57639" xp2="62.45545" yp2="27.66231" sp="0.05" color="silver" opacity="100"/>
<line xp1="62.45545" yp1="27.66231" xp2="62.46283" yp2="27.91598" sp="0.05" color="silver" opacity="100"/>
<line xp1="62.46283" yp1="27.91598" xp2="62.65995" yp2="27.87530" sp="0.05" color="silver" opacity="100"/>
<line xp1="62.65995" yp1="27.87530" xp2="62.62577" yp2="28.00872" sp="0.05" color="silver" opacity="100"/>
<line xp1="62.62577" yp1="28.00872" xp2="62.71339" yp2="28.22023" sp="0.05" color="silver" opacity="100"/>
<line xp1="62.71339" yp1="28.22023" xp2="62.72126" yp2="28.35853" sp="0.05" color="silver" opacity="100"/>
<line xp1="62.72126" yp1="28.35853" xp2="62.74512" yp2="28.55292" sp="0.05" color="silver" opacity="100"/>
<line xp1="62.74512" yp1="28.55292" xp2="62.79108" yp2="28.75410" sp="0.05" color="silver" opacity="100"/>
<line xp1="62.79108" yp1="28.75410" xp2="62.79499" yp2="28.99813" sp="0.05" color="silver" opacity="100"/>
<line xp1="62.79499" yp1="28.99813" xp2="62.71820" yp2="28.95702" sp="0.05" color="silver" opacity="100"/>
<line xp1="62.71820" yp1="28.95702" xp2="62.61073" yp2="28.83306" sp="0.05" color="silver" opacity="100"/>
<line xp1="62.61073" yp1="28.83306" xp2="62.55052" yp2="28.74049" sp="0.05" color="silver" opacity="100"/>
<line xp1="62.55052" yp1="28.74049" xp2="62.39290" yp2="28.74560" sp="0.05" color="silver" opacity="100"/>
<line xp1="62.39290" yp1="28.74560" xp2="62.31682" yp2="28.68849" sp="0.05" color="silver" opacity="100"/>
<line xp1="62.31682" yp1="28.68849" xp2="62.19319" yp2="28.52497" sp="0.05" color="silver" opacity="100"/>
<line xp1="62.19319" yp1="28.52497" xp2="62.15672" yp2="28.23260" sp="0.05" color="silver" opacity="100"/>
<line xp1="62.15672" yp1="28.23260" xp2="62.08144" yp2="28.18172" sp="0.05" color="silver" opacity="100"/>
<line xp1="62.08144" yp1="28.18172" xp2="61.99735" yp2="28.21167" sp="0.05" color="silver" opacity="100"/>
<line xp1="61.99735" yp1="28.21167" xp2="61.93189" yp2="28.33613" sp="0.05" color="silver" opacity="100"/>
<line xp1="61.93189" yp1="28.33613" xp2="61.85236" yp2="28.38287" sp="0.05" color="silver" opacity="100"/>
<line xp1="61.85236" yp1="28.38287" xp2="61.76526" yp2="28.43635" sp="0.05" color="silver" opacity="100"/>
<line xp1="61.76526" yp1="28.43635" xp2="61.77647" yp2="28.61823" sp="0.05" color="silver" opacity="100"/>
<line xp1="61.77647" yp1="28.61823" xp2="61.77682" yp2="28.62403" sp="0.05" color="silver" opacity="100"/>
<line xp1="61.77682" yp1="28.62403" xp2="61.87302" yp2="28.70106" sp="0.05" color="silver" opacity="100"/>
<line xp1="61.87302" yp1="28.70106" xp2="62.02506" yp2="28.78862" sp="0.05" color="silver" opacity="100"/>
<line xp1="62.02506" yp1="28.78862" xp2="62.06618" yp2="28.90966" sp="0.05" color="silver" opacity="100"/>
<line xp1="62.06618" yp1="28.90966" xp2="62.14602" yp2="28.97947" sp="0.05" color="silver" opacity="100"/>
<line xp1="62.14602" yp1="28.97947" xp2="62.26999" yp2="29.08787" sp="0.05" color="silver" opacity="100"/>
<line xp1="62.26999" yp1="29.08787" xp2="62.14207" yp2="29.19170" sp="0.05" color="silver" opacity="100"/>
<line xp1="62.14207" yp1="29.19170" xp2="62.10122" yp2="29.45216" sp="0.05" color="silver" opacity="100"/>
<line xp1="62.10122" yp1="29.45216" xp2="62.03306" yp2="29.75432" sp="0.05" color="silver" opacity="100"/>
<line xp1="62.03306" yp1="29.75432" xp2="62.00010" yp2="29.86868" sp="0.05" color="silver" opacity="100"/>
<line xp1="62.00010" yp1="29.86868" xp2="61.98078" yp2="29.93574" sp="0.05" color="silver" opacity="100"/>
<line xp1="61.98078" yp1="29.93574" xp2="61.85898" yp2="30.14721" sp="0.05" color="silver" opacity="100"/>
<line xp1="61.85898" yp1="30.14721" xp2="61.81251" yp2="30.41150" sp="0.05" color="silver" opacity="100"/>
<line xp1="61.81251" yp1="30.41150" xp2="61.80588" yp2="30.48235" sp="0.05" color="silver" opacity="100"/>
<line xp1="61.80588" yp1="30.48235" xp2="61.79026" yp2="30.64913" sp="0.05" color="silver" opacity="100"/>
<line xp1="61.79026" yp1="30.64913" xp2="61.85885" yp2="30.91539" sp="0.05" color="silver" opacity="100"/>
<line xp1="61.85885" yp1="30.91539" xp2="61.92296" yp2="31.17980" sp="0.05" color="silver" opacity="100"/>
<line xp1="61.92296" yp1="31.17980" xp2="61.95665" yp2="31.43518" sp="0.05" color="silver" opacity="100"/>
<line xp1="61.95665" yp1="31.43518" xp2="61.95670" yp2="31.43552" sp="0.05" color="silver" opacity="100"/>
<line xp1="61.95670" yp1="31.43552" xp2="61.79091" yp2="31.43458" sp="0.05" color="silver" opacity="100"/>
<line xp1="61.79091" yp1="31.43458" xp2="61.69613" yp2="31.43404" sp="0.05" color="silver" opacity="100"/>
<line xp1="61.69613" yp1="31.43404" xp2="61.13915" yp2="31.43046" sp="0.05" color="silver" opacity="100"/>
<line xp1="61.13915" yp1="31.43046" xp2="61.00614" yp2="31.42961" sp="0.05" color="silver" opacity="100"/>
<line xp1="61.00614" yp1="31.42961" xp2="61.00415" yp2="31.42960" sp="0.05" color="silver" opacity="100"/>
<line xp1="61.00415" yp1="31.42960" xp2="60.69604" yp2="31.42852" sp="0.05" color="silver" opacity="100"/>
<line xp1="60.69604" yp1="31.42852" xp2="60.66585" yp2="31.42841" sp="0.05" color="silver" opacity="100"/>
<line xp1="60.66585" yp1="31.42841" xp2="60.37112" yp2="31.42738" sp="0.05" color="silver" opacity="100"/>
<line xp1="60.37112" yp1="31.42738" xp2="60.26796" yp2="31.42722" sp="0.05" color="silver" opacity="100"/>
<line xp1="60.26796" yp1="31.42722" xp2="59.90750" yp2="31.42664" sp="0.05" color="silver" opacity="100"/>
<line xp1="59.90750" yp1="31.42664" xp2="59.72902" yp2="31.42635" sp="0.05" color="silver" opacity="100"/>
<line xp1="59.72902" yp1="31.42635" xp2="59.65528" yp2="31.42624" sp="0.05" color="silver" opacity="100"/>
<line xp1="59.65528" yp1="31.42624" xp2="59.02009" yp2="31.42690" sp="0.05" color="silver" opacity="100"/>
<line xp1="59.02009" yp1="31.42690" xp2="59.03345" yp2="31.44313" sp="0.05" color="silver" opacity="100"/>
<line xp1="59.03345" yp1="31.44313" xp2="59.13790" yp2="31.57002" sp="0.05" color="silver" opacity="100"/>
<line xp1="59.13790" yp1="31.57002" xp2="59.08509" yp2="31.68984" sp="0.05" color="silver" opacity="100"/>
<line xp1="59.08509" yp1="31.68984" xp2="59.04358" yp2="31.81963" sp="0.05" color="silver" opacity="100"/>
<line xp1="59.04358" yp1="31.81963" xp2="59.09078" yp2="31.97714" sp="0.05" color="silver" opacity="100"/>
<line xp1="59.09078" yp1="31.97714" xp2="59.09223" yp2="31.98198" sp="0.05" color="silver" opacity="100"/>
<line xp1="59.09223" yp1="31.98198" xp2="59.00868" yp2="32.09833" sp="0.05" color="silver" opacity="100"/>
<line xp1="59.00868" yp1="32.09833" xp2="59.04406" yp2="32.19375" sp="0.05" color="silver" opacity="100"/>
<line xp1="59.04406" yp1="32.19375" xp2="59.13201" yp2="32.17609" sp="0.05" color="silver" opacity="100"/>
<line xp1="59.13201" yp1="32.17609" xp2="59.21714" yp2="32.26184" sp="0.05" color="silver" opacity="100"/>
<line xp1="59.21714" yp1="32.26184" xp2="59.17529" yp2="32.39530" sp="0.05" color="silver" opacity="100"/>
<line xp1="59.17529" yp1="32.39530" xp2="59.18102" yp2="32.54364" sp="0.05" color="silver" opacity="100"/>
<line xp1="59.18102" yp1="32.54364" xp2="59.21484" yp2="32.68265" sp="0.05" color="silver" opacity="100"/>
<line xp1="59.21484" yp1="32.68265" xp2="59.20440" yp2="32.85255" sp="0.05" color="silver" opacity="100"/>
<line xp1="59.20440" yp1="32.85255" xp2="59.24674" yp2="32.95505" sp="0.05" color="silver" opacity="100"/>
<line xp1="59.24674" yp1="32.95505" xp2="59.32674" yp2="32.98905" sp="0.05" color="silver" opacity="100"/>
<line xp1="59.32674" yp1="32.98905" xp2="59.29613" yp2="33.10733" sp="0.05" color="silver" opacity="100"/>
<line xp1="59.29613" yp1="33.10733" xp2="59.28644" yp2="33.20104" sp="0.05" color="silver" opacity="100"/>
<line xp1="59.28644" yp1="33.20104" xp2="59.39121" yp2="33.26904" sp="0.05" color="silver" opacity="100"/>
<line xp1="59.39121" yp1="33.26904" xp2="59.41398" yp2="33.52133" sp="0.05" color="silver" opacity="100"/>
<line xp1="59.41398" yp1="33.52133" xp2="59.41519" yp2="33.52179" sp="0.05" color="silver" opacity="100"/>
<line xp1="59.41519" yp1="33.52179" xp2="59.50988" yp2="33.55804" sp="0.05" color="silver" opacity="100"/>
<line xp1="59.50988" yp1="33.55804" xp2="59.50699" yp2="33.56514" sp="0.05" color="silver" opacity="100"/>
<line xp1="59.50699" yp1="33.56514" xp2="59.44690" yp2="33.71246" sp="0.05" color="silver" opacity="100"/>
<line xp1="59.44690" yp1="33.71246" xp2="59.46813" yp2="33.83675" sp="0.05" color="silver" opacity="100"/>
<line xp1="59.46813" yp1="33.83675" xp2="59.55364" yp2="33.81045" sp="0.05" color="silver" opacity="100"/>
<line xp1="59.55364" yp1="33.81045" xp2="59.62459" yp2="33.91352" sp="0.05" color="silver" opacity="100"/>
<line xp1="59.62459" yp1="33.91352" xp2="59.63862" yp2="33.93389" sp="0.05" color="silver" opacity="100"/>
<line xp1="59.63862" yp1="33.93389" xp2="59.72137" yp2="34.05731" sp="0.05" color="silver" opacity="100"/>
<line xp1="59.72137" yp1="34.05731" xp2="59.72706" yp2="34.20931" sp="0.05" color="silver" opacity="100"/>
<line xp1="59.72706" yp1="34.20931" xp2="59.81937" yp2="34.24873" sp="0.05" color="silver" opacity="100"/>
<line xp1="59.81937" yp1="34.24873" xp2="59.87568" yp2="34.35273" sp="0.05" color="silver" opacity="100"/>
<line xp1="59.87568" yp1="34.35273" xp2="59.87830" yp2="34.42930" sp="0.05" color="silver" opacity="100"/>
<line xp1="59.87830" yp1="34.42930" xp2="59.94660" yp2="34.57444" sp="0.05" color="silver" opacity="100"/>
<line xp1="59.94660" yp1="34.57444" xp2="59.93927" yp2="34.59419" sp="0.05" color="silver" opacity="100"/>
<line xp1="59.93927" yp1="34.59419" xp2="59.83306" yp2="34.88043" sp="0.05" color="silver" opacity="100"/>
<line xp1="59.83306" yp1="34.88043" xp2="60.01350" yp2="34.89903" sp="0.05" color="silver" opacity="100"/>
<line xp1="60.01350" yp1="34.89903" xp2="60.08026" yp2="35.09567" sp="0.05" color="silver" opacity="100"/>
<line xp1="60.08026" yp1="35.09567" xp2="60.12128" yp2="35.26307" sp="0.05" color="silver" opacity="100"/>
<line xp1="60.12128" yp1="35.26307" xp2="60.02050" yp2="35.29074" sp="0.05" color="silver" opacity="100"/>
<line xp1="60.02050" yp1="35.29074" xp2="60.05233" yp2="35.49945" sp="0.05" color="silver" opacity="100"/>
<line xp1="60.05233" yp1="35.49945" xp2="59.91860" yp2="35.53841" sp="0.05" color="silver" opacity="100"/>
<line xp1="59.91860" yp1="35.53841" xp2="59.90690" yp2="35.74960" sp="0.05" color="silver" opacity="100"/>
<line xp1="59.90690" yp1="35.74960" xp2="59.98265" yp2="35.76170" sp="0.05" color="silver" opacity="100"/>
<line xp1="59.98265" yp1="35.76170" xp2="59.92498" yp2="35.92228" sp="0.05" color="silver" opacity="100"/>
<line xp1="59.92498" yp1="35.92228" xp2="59.92414" yp2="35.92464" sp="0.05" color="silver" opacity="100"/>
<line xp1="59.92414" yp1="35.92464" xp2="59.91475" yp2="35.94025" sp="0.05" color="silver" opacity="100"/>
<line xp1="59.91475" yp1="35.94025" xp2="59.87768" yp2="36.00194" sp="0.05" color="silver" opacity="100"/>
<line xp1="59.87768" yp1="36.00194" xp2="59.84806" yp2="36.24369" sp="0.05" color="silver" opacity="100"/>
<line xp1="59.84806" yp1="36.24369" xp2="59.91231" yp2="36.35880" sp="0.05" color="silver" opacity="100"/>
<line xp1="59.91231" yp1="36.35880" xp2="59.82515" yp2="36.39991" sp="0.05" color="silver" opacity="100"/>
<line xp1="59.82515" yp1="36.39991" xp2="59.75752" yp2="36.50295" sp="0.05" color="silver" opacity="100"/>
<line xp1="59.75752" yp1="36.50295" xp2="59.75128" yp2="36.60704" sp="0.05" color="silver" opacity="100"/>
<line xp1="59.75128" yp1="36.60704" xp2="59.78786" yp2="36.71136" sp="0.05" color="silver" opacity="100"/>
<line xp1="59.78786" yp1="36.71136" xp2="59.89138" yp2="36.82474" sp="0.05" color="silver" opacity="100"/>
<line xp1="59.89138" yp1="36.82474" xp2="59.88912" yp2="36.96523" sp="0.05" color="silver" opacity="100"/>
<line xp1="59.88912" yp1="36.96523" xp2="59.79321" yp2="37.08724" sp="0.05" color="silver" opacity="100"/>
<line xp1="59.79321" yp1="37.08724" xp2="59.74450" yp2="37.15459" sp="0.05" color="silver" opacity="100"/>
<line xp1="59.74450" yp1="37.15459" xp2="59.59298" yp2="37.15640" sp="0.05" color="silver" opacity="100"/>
<line xp1="59.59298" yp1="37.15640" xp2="59.32934" yp2="37.15954" sp="0.05" color="silver" opacity="100"/>
<line xp1="59.32934" yp1="37.15954" xp2="59.29173" yp2="37.15999" sp="0.05" color="silver" opacity="100"/>
<line xp1="59.29173" yp1="37.15999" xp2="59.24742" yp2="37.16052" sp="0.05" color="silver" opacity="100"/>
<line xp1="59.24742" yp1="37.16052" xp2="58.65365" yp2="37.16494" sp="0.05" color="silver" opacity="100"/>
<line xp1="58.65365" yp1="37.16494" xp2="58.35550" yp2="37.16709" sp="0.05" color="silver" opacity="100"/>
<line xp1="58.35550" yp1="37.16709" xp2="58.35536" yp2="37.16709" sp="0.05" color="silver" opacity="100"/>
<line xp1="58.35536" yp1="37.16709" xp2="58.11873" yp2="37.16880" sp="0.05" color="silver" opacity="100"/>
<line xp1="58.11873" yp1="37.16880" xp2="57.69018" yp2="37.17760" sp="0.05" color="silver" opacity="100"/>
<line xp1="57.69018" yp1="37.17760" xp2="57.34838" yp2="37.18379" sp="0.05" color="silver" opacity="100"/>
<line xp1="57.34838" yp1="37.18379" xp2="57.34655" yp2="37.18383" sp="0.05" color="silver" opacity="100"/>
<line xp1="57.34655" yp1="37.18383" xp2="56.96748" yp2="37.19198" sp="0.05" color="silver" opacity="100"/>
<line xp1="56.96748" yp1="37.19198" xp2="56.94034" yp2="37.19215" sp="0.05" color="silver" opacity="100"/>
<line xp1="56.94034" yp1="37.19215" xp2="56.61938" yp2="37.19415" sp="0.05" color="silver" opacity="100"/>
<line xp1="56.61938" yp1="37.19415" xp2="56.55593" yp2="37.19433" sp="0.05" color="silver" opacity="100"/>
<line xp1="56.55593" yp1="37.19433" xp2="56.34287" yp2="37.19495" sp="0.05" color="silver" opacity="100"/>
<line xp1="56.34287" yp1="37.19495" xp2="56.16837" yp2="37.19610" sp="0.05" color="silver" opacity="100"/>
<line xp1="56.16837" yp1="37.19610" xp2="56.12155" yp2="37.19641" sp="0.05" color="silver" opacity="100"/>
<line xp1="56.12155" yp1="37.19641" xp2="55.81035" yp2="37.19845" sp="0.05" color="silver" opacity="100"/>
<line xp1="55.81035" yp1="37.19845" xp2="55.68135" yp2="37.19827" sp="0.05" color="silver" opacity="100"/>
<line xp1="55.68135" yp1="37.19827" xp2="55.66985" yp2="37.19825" sp="0.05" color="silver" opacity="100"/>
<line xp1="55.66985" yp1="37.19825" xp2="55.31852" yp2="37.19777" sp="0.05" color="silver" opacity="100"/>
<line xp1="55.31852" yp1="37.19777" xp2="55.31846" yp2="36.80311" sp="0.05" color="silver" opacity="100"/>
<line xp1="55.31846" yp1="36.80311" xp2="55.31842" yp2="36.56422" sp="0.05" color="silver" opacity="100"/>
<line xp1="55.31842" yp1="36.56422" xp2="55.31838" yp2="36.26580" sp="0.05" color="silver" opacity="100"/>
<line xp1="55.31838" yp1="36.26580" xp2="55.31838" yp2="36.26580" sp="0.05" color="silver" opacity="100"/>
<line xp1="93.96306" yp1="68.24402" xp2="93.93164" yp2="68.10093" sp="0.05" color="silver" opacity="100"/>
<line xp1="93.93164" yp1="68.10093" xp2="94.01772" yp2="68.01080" sp="0.05" color="silver" opacity="100"/>
<line xp1="94.01772" yp1="68.01080" xp2="94.07845" yp2="68.14240" sp="0.05" color="silver" opacity="100"/>
<line xp1="94.07845" yp1="68.14240" xp2="94.03879" yp2="68.29919" sp="0.05" color="silver" opacity="100"/>
<line xp1="94.03879" yp1="68.29919" xp2="93.96306" yp2="68.24402" sp="0.05" color="silver" opacity="100"/>
<line xp1="93.96306" yp1="68.24402" xp2="93.96306" yp2="68.24402" sp="0.05" color="silver" opacity="100"/>
<line xp1="90.64012" yp1="72.30129" xp2="90.68021" yp2="71.42871" sp="0.05" color="silver" opacity="100"/>
<line xp1="90.68021" yp1="71.42871" xp2="90.71276" yp2="70.67571" sp="0.05" color="silver" opacity="100"/>
<line xp1="90.71276" yp1="70.67571" xp2="90.73386" yp2="70.00017" sp="0.05" color="silver" opacity="100"/>
<line xp1="90.73386" yp1="70.00017" xp2="90.73929" yp2="69.82961" sp="0.05" color="silver" opacity="100"/>
<line xp1="90.73929" yp1="69.82961" xp2="90.74834" yp2="69.54525" sp="0.05" color="silver" opacity="100"/>
<line xp1="90.74834" yp1="69.54525" xp2="90.75189" yp2="69.43385" sp="0.05" color="silver" opacity="100"/>
<line xp1="90.75189" yp1="69.43385" xp2="90.75343" yp2="69.38540" sp="0.05" color="silver" opacity="100"/>
<line xp1="90.75343" yp1="69.38540" xp2="90.75579" yp2="69.31093" sp="0.05" color="silver" opacity="100"/>
<line xp1="90.75579" yp1="69.31093" xp2="90.76713" yp2="68.83695" sp="0.05" color="silver" opacity="100"/>
<line xp1="90.76713" yp1="68.83695" xp2="90.78472" yp2="68.11211" sp="0.05" color="silver" opacity="100"/>
<line xp1="90.78472" yp1="68.11211" xp2="90.78883" yp2="67.97992" sp="0.05" color="silver" opacity="100"/>
<line xp1="90.78883" yp1="67.97992" xp2="90.79701" yp2="67.71703" sp="0.05" color="silver" opacity="100"/>
<line xp1="90.79701" yp1="67.71703" xp2="90.80641" yp2="67.46961" sp="0.05" color="silver" opacity="100"/>
<line xp1="90.80641" yp1="67.46961" xp2="90.81121" yp2="67.34359" sp="0.05" color="silver" opacity="100"/>
<line xp1="90.81121" yp1="67.34359" xp2="90.82493" yp2="67.25777" sp="0.05" color="silver" opacity="100"/>
<line xp1="90.82493" yp1="67.25777" xp2="90.83884" yp2="67.17086" sp="0.05" color="silver" opacity="100"/>
<line xp1="90.83884" yp1="67.17086" xp2="90.82956" yp2="67.06882" sp="0.05" color="silver" opacity="100"/>
<line xp1="90.82956" yp1="67.06882" xp2="90.81791" yp2="66.94081" sp="0.05" color="silver" opacity="100"/>
<line xp1="90.81791" yp1="66.94081" xp2="90.79333" yp2="66.78894" sp="0.05" color="silver" opacity="100"/>
<line xp1="90.79333" yp1="66.78894" xp2="90.88623" yp2="66.64219" sp="0.05" color="silver" opacity="100"/>
<line xp1="90.88623" yp1="66.64219" xp2="90.96525" yp2="66.48615" sp="0.05" color="silver" opacity="100"/>
<line xp1="90.96525" yp1="66.48615" xp2="91.05674" yp2="66.33501" sp="0.05" color="silver" opacity="100"/>
<line xp1="91.05674" yp1="66.33501" xp2="91.03881" yp2="66.22789" sp="0.05" color="silver" opacity="100"/>
<line xp1="91.03881" yp1="66.22789" xp2="91.03877" yp2="66.22767" sp="0.05" color="silver" opacity="100"/>
<line xp1="91.03877" yp1="66.22767" xp2="91.03369" yp2="66.08310" sp="0.05" color="silver" opacity="100"/>
<line xp1="91.03369" yp1="66.08310" xp2="91.04685" yp2="66.06637" sp="0.05" color="silver" opacity="100"/>
<line xp1="91.04685" yp1="66.06637" xp2="91.14400" yp2="65.94282" sp="0.05" color="silver" opacity="100"/>
<line xp1="91.14400" yp1="65.94282" xp2="91.22490" yp2="65.88521" sp="0.05" color="silver" opacity="100"/>
<line xp1="91.22490" yp1="65.88521" xp2="91.28314" yp2="65.93210" sp="0.05" color="silver" opacity="100"/>
<line xp1="91.28314" yp1="65.93210" xp2="91.34998" yp2="66.09878" sp="0.05" color="silver" opacity="100"/>
<line xp1="91.34998" yp1="66.09878" xp2="91.39048" yp2="66.18133" sp="0.05" color="silver" opacity="100"/>
<line xp1="91.39048" yp1="66.18133" xp2="91.42187" yp2="66.34817" sp="0.05" color="silver" opacity="100"/>
<line xp1="91.42187" yp1="66.34817" xp2="91.42002" yp2="66.36577" sp="0.05" color="silver" opacity="100"/>
<line xp1="91.42002" yp1="66.36577" xp2="91.40741" yp2="66.48604" sp="0.05" color="silver" opacity="100"/>
<line xp1="91.40741" yp1="66.48604" xp2="91.45561" yp2="66.63396" sp="0.05" color="silver" opacity="100"/>
<line xp1="91.45561" yp1="66.63396" xp2="91.48592" yp2="66.66845" sp="0.05" color="silver" opacity="100"/>
<line xp1="91.48592" yp1="66.66845" xp2="91.51124" yp2="66.69725" sp="0.05" color="silver" opacity="100"/>
<line xp1="91.51124" yp1="66.69725" xp2="91.57607" yp2="66.68842" sp="0.05" color="silver" opacity="100"/>
<line xp1="91.57607" yp1="66.68842" xp2="91.59081" yp2="66.68642" sp="0.05" color="silver" opacity="100"/>
<line xp1="91.59081" yp1="66.68642" xp2="91.66721" yp2="66.74588" sp="0.05" color="silver" opacity="100"/>
<line xp1="91.66721" yp1="66.74588" xp2="91.69558" yp2="66.83042" sp="0.05" color="silver" opacity="100"/>
<line xp1="91.69558" yp1="66.83042" xp2="91.71695" yp2="66.89411" sp="0.05" color="silver" opacity="100"/>
<line xp1="91.71695" yp1="66.89411" xp2="91.80415" yp2="67.02435" sp="0.05" color="silver" opacity="100"/>
<line xp1="91.80415" yp1="67.02435" xp2="91.71444" yp2="67.10580" sp="0.05" color="silver" opacity="100"/>
<line xp1="91.71444" yp1="67.10580" xp2="91.75198" yp2="67.22626" sp="0.05" color="silver" opacity="100"/>
<line xp1="91.75198" yp1="67.22626" xp2="91.78656" yp2="67.22317" sp="0.05" color="silver" opacity="100"/>
<line xp1="91.78656" yp1="67.22317" xp2="91.81367" yp2="67.22075" sp="0.05" color="silver" opacity="100"/>
<line xp1="91.81367" yp1="67.22075" xp2="91.93000" yp2="67.25610" sp="0.05" color="silver" opacity="100"/>
<line xp1="91.93000" yp1="67.25610" xp2="91.99058" yp2="67.30751" sp="0.05" color="silver" opacity="100"/>
<line xp1="91.99058" yp1="67.30751" xp2="91.97371" yp2="67.41919" sp="0.05" color="silver" opacity="100"/>
<line xp1="91.97371" yp1="67.41919" xp2="92.01430" yp2="67.55881" sp="0.05" color="silver" opacity="100"/>
<line xp1="92.01430" yp1="67.55881" xp2="92.04888" yp2="67.64325" sp="0.05" color="silver" opacity="100"/>
<line xp1="92.04888" yp1="67.64325" xp2="92.15994" yp2="67.63507" sp="0.05" color="silver" opacity="100"/>
<line xp1="92.15994" yp1="67.63507" xp2="92.17161" yp2="67.67145" sp="0.05" color="silver" opacity="100"/>
<line xp1="92.17161" yp1="67.67145" xp2="92.19799" yp2="67.75363" sp="0.05" color="silver" opacity="100"/>
<line xp1="92.19799" yp1="67.75363" xp2="92.21111" yp2="67.75246" sp="0.05" color="silver" opacity="100"/>
<line xp1="92.21111" yp1="67.75246" xp2="92.30573" yp2="67.74397" sp="0.05" color="silver" opacity="100"/>
<line xp1="92.30573" yp1="67.74397" xp2="92.33279" yp2="67.84113" sp="0.05" color="silver" opacity="100"/>
<line xp1="92.33279" yp1="67.84113" xp2="92.43755" yp2="67.92889" sp="0.05" color="silver" opacity="100"/>
<line xp1="92.43755" yp1="67.92889" xp2="92.48091" yp2="67.90455" sp="0.05" color="silver" opacity="100"/>
<line xp1="92.48091" yp1="67.90455" xp2="92.51976" yp2="67.88275" sp="0.05" color="silver" opacity="100"/>
<line xp1="92.51976" yp1="67.88275" xp2="92.53064" yp2="67.72785" sp="0.05" color="silver" opacity="100"/>
<line xp1="92.53064" yp1="67.72785" xp2="92.56389" yp2="67.71795" sp="0.05" color="silver" opacity="100"/>
<line xp1="92.56389" yp1="67.71795" xp2="92.60406" yp2="67.79452" sp="0.05" color="silver" opacity="100"/>
<line xp1="92.60406" yp1="67.79452" xp2="92.68601" yp2="67.83962" sp="0.05" color="silver" opacity="100"/>
<line xp1="92.68601" yp1="67.83962" xp2="92.74296" yp2="67.97829" sp="0.05" color="silver" opacity="100"/>
<line xp1="92.74296" yp1="67.97829" xp2="92.77567" yp2="67.98873" sp="0.05" color="silver" opacity="100"/>
<line xp1="92.77567" yp1="67.98873" xp2="92.84490" yp2="68.01081" sp="0.05" color="silver" opacity="100"/>
<line xp1="92.84490" yp1="68.01081" xp2="92.95611" yp2="68.06662" sp="0.05" color="silver" opacity="100"/>
<line xp1="92.95611" yp1="68.06662" xp2="92.99599" yp2="68.11813" sp="0.05" color="silver" opacity="100"/>
<line xp1="92.99599" yp1="68.11813" xp2="93.07186" yp2="68.10764" sp="0.05" color="silver" opacity="100"/>
<line xp1="93.07186" yp1="68.10764" xp2="93.17221" yp2="68.31297" sp="0.05" color="silver" opacity="100"/>
<line xp1="93.17221" yp1="68.31297" xp2="93.19685" yp2="68.35156" sp="0.05" color="silver" opacity="100"/>
<line xp1="93.19685" yp1="68.35156" xp2="93.24110" yp2="68.44691" sp="0.05" color="silver" opacity="100"/>
<line xp1="93.24110" yp1="68.44691" xp2="93.26079" yp2="68.41040" sp="0.05" color="silver" opacity="100"/>
<line xp1="93.26079" yp1="68.41040" xp2="93.30065" yp2="68.33647" sp="0.05" color="silver" opacity="100"/>
<line xp1="93.30065" yp1="68.33647" xp2="93.35226" yp2="68.16202" sp="0.05" color="silver" opacity="100"/>
<line xp1="93.35226" yp1="68.16202" xp2="93.41551" yp2="68.22737" sp="0.05" color="silver" opacity="100"/>
<line xp1="93.41551" yp1="68.22737" xp2="93.47260" yp2="68.33948" sp="0.05" color="silver" opacity="100"/>
<line xp1="93.47260" yp1="68.33948" xp2="93.51856" yp2="68.34687" sp="0.05" color="silver" opacity="100"/>
<line xp1="93.51856" yp1="68.34687" xp2="93.57695" yp2="68.50557" sp="0.05" color="silver" opacity="100"/>
<line xp1="93.57695" yp1="68.50557" xp2="93.64379" yp2="68.50311" sp="0.05" color="silver" opacity="100"/>
<line xp1="93.64379" yp1="68.50311" xp2="93.72765" yp2="68.49615" sp="0.05" color="silver" opacity="100"/>
<line xp1="93.72765" yp1="68.49615" xp2="93.77860" yp2="68.58953" sp="0.05" color="silver" opacity="100"/>
<line xp1="93.77860" yp1="68.58953" xp2="93.74137" yp2="68.68505" sp="0.05" color="silver" opacity="100"/>
<line xp1="93.74137" yp1="68.68505" xp2="93.79711" yp2="68.79725" sp="0.05" color="silver" opacity="100"/>
<line xp1="93.79711" yp1="68.79725" xp2="93.72974" yp2="68.94283" sp="0.05" color="silver" opacity="100"/>
<line xp1="93.72974" yp1="68.94283" xp2="93.76224" yp2="69.06155" sp="0.05" color="silver" opacity="100"/>
<line xp1="93.76224" yp1="69.06155" xp2="93.78432" yp2="69.23907" sp="0.05" color="silver" opacity="100"/>
<line xp1="93.78432" yp1="69.23907" xp2="93.81373" yp2="69.22982" sp="0.05" color="silver" opacity="100"/>
<line xp1="93.81373" yp1="69.22982" xp2="93.92017" yp2="69.19634" sp="0.05" color="silver" opacity="100"/>
<line xp1="93.92017" yp1="69.19634" xp2="93.94619" yp2="69.15116" sp="0.05" color="silver" opacity="100"/>
<line xp1="93.94619" yp1="69.15116" xp2="94.01754" yp2="69.02729" sp="0.05" color="silver" opacity="100"/>
<line xp1="94.01754" yp1="69.02729" xp2="93.94565" yp2="68.94394" sp="0.05" color="silver" opacity="100"/>
<line xp1="93.94565" yp1="68.94394" xp2="93.99216" yp2="68.79241" sp="0.05" color="silver" opacity="100"/>
<line xp1="93.99216" yp1="68.79241" xp2="94.03979" yp2="68.64388" sp="0.05" color="silver" opacity="100"/>
<line xp1="94.03979" yp1="68.64388" xp2="94.18515" yp2="68.73644" sp="0.05" color="silver" opacity="100"/>
<line xp1="94.18515" yp1="68.73644" xp2="94.35480" yp2="68.78960" sp="0.05" color="silver" opacity="100"/>
<line xp1="94.35480" yp1="68.78960" xp2="94.37380" yp2="68.58235" sp="0.05" color="silver" opacity="100"/>
<line xp1="94.37380" yp1="68.58235" xp2="94.43525" yp2="68.60028" sp="0.05" color="silver" opacity="100"/>
<line xp1="94.43525" yp1="68.60028" xp2="94.48600" yp2="68.77597" sp="0.05" color="silver" opacity="100"/>
<line xp1="94.48600" yp1="68.77597" xp2="94.56706" yp2="68.82815" sp="0.05" color="silver" opacity="100"/>
<line xp1="94.56706" yp1="68.82815" xp2="94.61086" yp2="68.85635" sp="0.05" color="silver" opacity="100"/>
<line xp1="94.61086" yp1="68.85635" xp2="94.70997" yp2="68.90337" sp="0.05" color="silver" opacity="100"/>
<line xp1="94.70997" yp1="68.90337" xp2="94.87534" yp2="68.87880" sp="0.05" color="silver" opacity="100"/>
<line xp1="94.87534" yp1="68.87880" xp2="94.90032" yp2="69.13473" sp="0.05" color="silver" opacity="100"/>
<line xp1="94.90032" yp1="69.13473" xp2="94.91305" yp2="69.24237" sp="0.05" color="silver" opacity="100"/>
<line xp1="94.91305" yp1="69.24237" xp2="95.11642" yp2="69.21688" sp="0.05" color="silver" opacity="100"/>
<line xp1="95.11642" yp1="69.21688" xp2="95.03155" yp2="69.33405" sp="0.05" color="silver" opacity="100"/>
<line xp1="95.03155" yp1="69.33405" xp2="95.08935" yp2="69.44764" sp="0.05" color="silver" opacity="100"/>
<line xp1="95.08935" yp1="69.44764" xp2="95.11753" yp2="69.50971" sp="0.05" color="silver" opacity="100"/>
<line xp1="95.11753" yp1="69.50971" xp2="95.09361" yp2="69.63952" sp="0.05" color="silver" opacity="100"/>
<line xp1="95.09361" yp1="69.63952" xp2="95.19135" yp2="69.67751" sp="0.05" color="silver" opacity="100"/>
<line xp1="95.19135" yp1="69.67751" xp2="95.22499" yp2="69.61246" sp="0.05" color="silver" opacity="100"/>
<line xp1="95.22499" yp1="69.61246" xp2="95.30872" yp2="69.51637" sp="0.05" color="silver" opacity="100"/>
<line xp1="95.30872" yp1="69.51637" xp2="95.36309" yp2="69.68644" sp="0.05" color="silver" opacity="100"/>
<line xp1="95.36309" yp1="69.68644" xp2="95.41711" yp2="69.67724" sp="0.05" color="silver" opacity="100"/>
<line xp1="95.41711" yp1="69.67724" xp2="95.47101" yp2="69.73433" sp="0.05" color="silver" opacity="100"/>
<line xp1="95.47101" yp1="69.73433" xp2="95.48226" yp2="69.74625" sp="0.05" color="silver" opacity="100"/>
<line xp1="95.48226" yp1="69.74625" xp2="95.53912" yp2="69.69737" sp="0.05" color="silver" opacity="100"/>
<line xp1="95.53912" yp1="69.69737" xp2="95.60753" yp2="69.76981" sp="0.05" color="silver" opacity="100"/>
<line xp1="95.60753" yp1="69.76981" xp2="95.63394" yp2="69.89906" sp="0.05" color="silver" opacity="100"/>
<line xp1="95.63394" yp1="69.89906" xp2="95.70217" yp2="69.98508" sp="0.05" color="silver" opacity="100"/>
<line xp1="95.70217" yp1="69.98508" xp2="95.83588" yp2="70.00564" sp="0.05" color="silver" opacity="100"/>
<line xp1="95.83588" yp1="70.00564" xp2="95.91827" yp2="70.07378" sp="0.05" color="silver" opacity="100"/>
<line xp1="95.91827" yp1="70.07378" xp2="95.94645" yp2="69.96301" sp="0.05" color="silver" opacity="100"/>
<line xp1="95.94645" yp1="69.96301" xp2="96.03119" yp2="69.79752" sp="0.05" color="silver" opacity="100"/>
<line xp1="96.03119" yp1="69.79752" xp2="96.14891" yp2="69.93405" sp="0.05" color="silver" opacity="100"/>
<line xp1="96.14891" yp1="69.93405" xp2="96.12128" yp2="70.02831" sp="0.05" color="silver" opacity="100"/>
<line xp1="96.12128" yp1="70.02831" xp2="96.16654" yp2="70.16035" sp="0.05" color="silver" opacity="100"/>
<line xp1="96.16654" yp1="70.16035" xp2="96.23306" yp2="70.28663" sp="0.05" color="silver" opacity="100"/>
<line xp1="96.23306" yp1="70.28663" xp2="96.30925" yp2="70.29323" sp="0.05" color="silver" opacity="100"/>
<line xp1="96.30925" yp1="70.29323" xp2="96.35651" yp2="70.35621" sp="0.05" color="silver" opacity="100"/>
<line xp1="96.35651" yp1="70.35621" xp2="96.47169" yp2="70.28361" sp="0.05" color="silver" opacity="100"/>
<line xp1="96.47169" yp1="70.28361" xp2="96.56265" yp2="70.39200" sp="0.05" color="silver" opacity="100"/>
<line xp1="96.56265" yp1="70.39200" xp2="96.66176" yp2="70.46316" sp="0.05" color="silver" opacity="100"/>
<line xp1="96.66176" yp1="70.46316" xp2="96.74347" yp2="70.58887" sp="0.05" color="silver" opacity="100"/>
<line xp1="96.74347" yp1="70.58887" xp2="96.81009" yp2="70.69131" sp="0.05" color="silver" opacity="100"/>
<line xp1="96.81009" yp1="70.69131" xp2="96.88285" yp2="70.76628" sp="0.05" color="silver" opacity="100"/>
<line xp1="96.88285" yp1="70.76628" xp2="97.00016" yp2="70.90691" sp="0.05" color="silver" opacity="100"/>
<line xp1="97.00016" yp1="70.90691" xp2="96.93391" yp2="70.99766" sp="0.05" color="silver" opacity="100"/>
<line xp1="96.93391" yp1="70.99766" xp2="96.94837" yp2="71.15222" sp="0.05" color="silver" opacity="100"/>
<line xp1="96.94837" yp1="71.15222" xp2="96.87158" yp2="71.25692" sp="0.05" color="silver" opacity="100"/>
<line xp1="96.87158" yp1="71.25692" xp2="96.79681" yp2="71.51317" sp="0.05" color="silver" opacity="100"/>
<line xp1="96.79681" yp1="71.51317" xp2="96.78341" yp2="71.62492" sp="0.05" color="silver" opacity="100"/>
<line xp1="96.78341" yp1="71.62492" xp2="96.75013" yp2="71.74949" sp="0.05" color="silver" opacity="100"/>
<line xp1="96.75013" yp1="71.74949" xp2="96.67500" yp2="71.89394" sp="0.05" color="silver" opacity="100"/>
<line xp1="96.67500" yp1="71.89394" xp2="96.60933" yp2="71.91831" sp="0.05" color="silver" opacity="100"/>
<line xp1="96.60933" yp1="71.91831" xp2="96.50604" yp2="71.97452" sp="0.05" color="silver" opacity="100"/>
<line xp1="96.50604" yp1="71.97452" xp2="96.46429" yp2="71.84763" sp="0.05" color="silver" opacity="100"/>
<line xp1="96.46429" yp1="71.84763" xp2="96.40020" yp2="71.78741" sp="0.05" color="silver" opacity="100"/>
<line xp1="96.40020" yp1="71.78741" xp2="96.32219" yp2="71.86890" sp="0.05" color="silver" opacity="100"/>
<line xp1="96.32219" yp1="71.86890" xp2="96.22543" yp2="72.11751" sp="0.05" color="silver" opacity="100"/>
<line xp1="96.22543" yp1="72.11751" xp2="96.18422" yp2="72.19481" sp="0.05" color="silver" opacity="100"/>
<line xp1="96.18422" yp1="72.19481" xp2="96.21453" yp2="72.28680" sp="0.05" color="silver" opacity="100"/>
<line xp1="96.21453" yp1="72.28680" xp2="96.26578" yp2="72.49626" sp="0.05" color="silver" opacity="100"/>
<line xp1="96.26578" yp1="72.49626" xp2="96.17796" yp2="72.71987" sp="0.05" color="silver" opacity="100"/>
<line xp1="96.17796" yp1="72.71987" xp2="96.18945" yp2="72.84926" sp="0.05" color="silver" opacity="100"/>
<line xp1="96.18945" yp1="72.84926" xp2="96.28090" yp2="72.86281" sp="0.05" color="silver" opacity="100"/>
<line xp1="96.28090" yp1="72.86281" xp2="96.27131" yp2="73.06329" sp="0.05" color="silver" opacity="100"/>
<line xp1="96.27131" yp1="73.06329" xp2="96.22245" yp2="73.15619" sp="0.05" color="silver" opacity="100"/>
<line xp1="96.22245" yp1="73.15619" xp2="96.10012" yp2="73.12979" sp="0.05" color="silver" opacity="100"/>
<line xp1="96.10012" yp1="73.12979" xp2="95.95114" yp2="73.20403" sp="0.05" color="silver" opacity="100"/>
<line xp1="95.95114" yp1="73.20403" xp2="95.88397" yp2="73.23131" sp="0.05" color="silver" opacity="100"/>
<line xp1="95.88397" yp1="73.23131" xp2="95.83006" yp2="73.36963" sp="0.05" color="silver" opacity="100"/>
<line xp1="95.83006" yp1="73.36963" xp2="95.68721" yp2="73.36539" sp="0.05" color="silver" opacity="100"/>
<line xp1="95.68721" yp1="73.36539" xp2="95.68785" yp2="73.36837" sp="0.05" color="silver" opacity="100"/>
<line xp1="95.68785" yp1="73.36837" xp2="95.72017" yp2="73.51768" sp="0.05" color="silver" opacity="100"/>
<line xp1="95.72017" yp1="73.51768" xp2="95.68673" yp2="73.66178" sp="0.05" color="silver" opacity="100"/>
<line xp1="95.68673" yp1="73.66178" xp2="95.74776" yp2="73.79995" sp="0.05" color="silver" opacity="100"/>
<line xp1="95.74776" yp1="73.79995" xp2="95.68665" yp2="73.91251" sp="0.05" color="silver" opacity="100"/>
<line xp1="95.68665" yp1="73.91251" xp2="95.76858" yp2="74.05114" sp="0.05" color="silver" opacity="100"/>
<line xp1="95.76858" yp1="74.05114" xp2="95.72310" yp2="74.10904" sp="0.05" color="silver" opacity="100"/>
<line xp1="95.72310" yp1="74.10904" xp2="95.72240" yp2="74.39558" sp="0.05" color="silver" opacity="100"/>
<line xp1="95.72240" yp1="74.39558" xp2="95.71982" yp2="75.08395" sp="0.05" color="silver" opacity="100"/>
<line xp1="95.71982" yp1="75.08395" xp2="95.71014" yp2="76.00513" sp="0.05" color="silver" opacity="100"/>
<line xp1="95.71014" yp1="76.00513" xp2="95.70800" yp2="76.55677" sp="0.05" color="silver" opacity="100"/>
<line xp1="95.70800" yp1="76.55677" xp2="95.70806" yp2="77.33070" sp="0.05" color="silver" opacity="100"/>
<line xp1="95.70806" yp1="77.33070" xp2="95.55515" yp2="77.48221" sp="0.05" color="silver" opacity="100"/>
<line xp1="95.55515" yp1="77.48221" xp2="95.45805" yp2="77.70326" sp="0.05" color="silver" opacity="100"/>
<line xp1="95.45805" yp1="77.70326" xp2="95.38743" yp2="77.76526" sp="0.05" color="silver" opacity="100"/>
<line xp1="95.38743" yp1="77.76526" xp2="95.25708" yp2="77.91977" sp="0.05" color="silver" opacity="100"/>
<line xp1="95.25708" yp1="77.91977" xp2="95.14845" yp2="78.04011" sp="0.05" color="silver" opacity="100"/>
<line xp1="95.14845" yp1="78.04011" xp2="95.07036" yp2="78.11351" sp="0.05" color="silver" opacity="100"/>
<line xp1="95.07036" yp1="78.11351" xp2="94.96968" yp2="78.15352" sp="0.05" color="silver" opacity="100"/>
<line xp1="94.96968" yp1="78.15352" xp2="94.82837" yp2="78.15887" sp="0.05" color="silver" opacity="100"/>
<line xp1="94.82837" yp1="78.15887" xp2="94.79341" yp2="78.07698" sp="0.05" color="silver" opacity="100"/>
<line xp1="94.79341" yp1="78.07698" xp2="94.80675" yp2="77.97791" sp="0.05" color="silver" opacity="100"/>
<line xp1="94.80675" yp1="77.97791" xp2="94.67682" yp2="77.96019" sp="0.05" color="silver" opacity="100"/>
<line xp1="94.67682" yp1="77.96019" xp2="94.60395" yp2="77.99039" sp="0.05" color="silver" opacity="100"/>
<line xp1="94.60395" yp1="77.99039" xp2="94.47888" yp2="77.94777" sp="0.05" color="silver" opacity="100"/>
<line xp1="94.47888" yp1="77.94777" xp2="94.45412" yp2="77.85548" sp="0.05" color="silver" opacity="100"/>
<line xp1="94.45412" yp1="77.85548" xp2="94.34475" yp2="77.83607" sp="0.05" color="silver" opacity="100"/>
<line xp1="94.34475" yp1="77.83607" xp2="94.14840" yp2="77.76009" sp="0.05" color="silver" opacity="100"/>
<line xp1="94.14840" yp1="77.76009" xp2="93.99848" yp2="77.65291" sp="0.05" color="silver" opacity="100"/>
<line xp1="93.99848" yp1="77.65291" xp2="93.89780" yp2="77.75061" sp="0.05" color="silver" opacity="100"/>
<line xp1="93.89780" yp1="77.75061" xp2="93.78431" yp2="77.84314" sp="0.05" color="silver" opacity="100"/>
<line xp1="93.78431" yp1="77.84314" xp2="93.76325" yp2="78.22251" sp="0.05" color="silver" opacity="100"/>
<line xp1="93.76325" yp1="78.22251" xp2="93.78569" yp2="78.34906" sp="0.05" color="silver" opacity="100"/>
<line xp1="93.78569" yp1="78.34906" xp2="93.67967" yp2="78.38809" sp="0.05" color="silver" opacity="100"/>
<line xp1="93.67967" yp1="78.38809" xp2="93.60604" yp2="78.43153" sp="0.05" color="silver" opacity="100"/>
<line xp1="93.60604" yp1="78.43153" xp2="93.50770" yp2="78.44903" sp="0.05" color="silver" opacity="100"/>
<line xp1="93.50770" yp1="78.44903" xp2="93.17046" yp2="77.85724" sp="0.05" color="silver" opacity="100"/>
<line xp1="93.17046" yp1="77.85724" xp2="92.97480" yp2="77.50009" sp="0.05" color="silver" opacity="100"/>
<line xp1="92.97480" yp1="77.50009" xp2="92.58684" yp2="76.78580" sp="0.05" color="silver" opacity="100"/>
<line xp1="92.58684" yp1="76.78580" xp2="92.31218" yp2="76.27209" sp="0.05" color="silver" opacity="100"/>
<line xp1="92.31218" yp1="76.27209" xp2="92.27228" yp2="75.92425" sp="0.05" color="silver" opacity="100"/>
<line xp1="92.27228" yp1="75.92425" xp2="92.22500" yp2="75.51210" sp="0.05" color="silver" opacity="100"/>
<line xp1="92.22500" yp1="75.51210" xp2="92.18417" yp2="75.45866" sp="0.05" color="silver" opacity="100"/>
<line xp1="92.18417" yp1="75.45866" xp2="92.12524" yp2="75.38352" sp="0.05" color="silver" opacity="100"/>
<line xp1="92.12524" yp1="75.38352" xp2="92.05948" yp2="75.31710" sp="0.05" color="silver" opacity="100"/>
<line xp1="92.05948" yp1="75.31710" xp2="91.98859" yp2="75.23233" sp="0.05" color="silver" opacity="100"/>
<line xp1="91.98859" yp1="75.23233" xp2="91.99120" yp2="75.14247" sp="0.05" color="silver" opacity="100"/>
<line xp1="91.99120" yp1="75.14247" xp2="91.94972" yp2="75.09837" sp="0.05" color="silver" opacity="100"/>
<line xp1="91.94972" yp1="75.09837" xp2="91.91463" yp2="74.98984" sp="0.05" color="silver" opacity="100"/>
<line xp1="91.91463" yp1="74.98984" xp2="91.86016" yp2="74.81668" sp="0.05" color="silver" opacity="100"/>
<line xp1="91.86016" yp1="74.81668" xp2="91.93913" yp2="74.69361" sp="0.05" color="silver" opacity="100"/>
<line xp1="91.93913" yp1="74.69361" xp2="91.89792" yp2="74.57427" sp="0.05" color="silver" opacity="100"/>
<line xp1="91.89792" yp1="74.57427" xp2="91.83579" yp2="74.46098" sp="0.05" color="silver" opacity="100"/>
<line xp1="91.83579" yp1="74.46098" xp2="91.81903" yp2="74.34023" sp="0.05" color="silver" opacity="100"/>
<line xp1="91.81903" yp1="74.34023" xp2="91.84149" yp2="74.28279" sp="0.05" color="silver" opacity="100"/>
<line xp1="91.84149" yp1="74.28279" xp2="91.82620" yp2="74.17673" sp="0.05" color="silver" opacity="100"/>
<line xp1="91.82620" yp1="74.17673" xp2="91.89937" yp2="74.17912" sp="0.05" color="silver" opacity="100"/>
<line xp1="91.89937" yp1="74.17912" xp2="91.91919" yp2="74.09479" sp="0.05" color="silver" opacity="100"/>
<line xp1="91.91919" yp1="74.09479" xp2="91.90905" yp2="73.97359" sp="0.05" color="silver" opacity="100"/>
<line xp1="91.90905" yp1="73.97359" xp2="91.80039" yp2="73.86799" sp="0.05" color="silver" opacity="100"/>
<line xp1="91.80039" yp1="73.86799" xp2="91.69751" yp2="73.73853" sp="0.05" color="silver" opacity="100"/>
<line xp1="91.69751" yp1="73.73853" xp2="91.66818" yp2="73.67474" sp="0.05" color="silver" opacity="100"/>
<line xp1="91.66818" yp1="73.67474" xp2="91.71761" yp2="73.52820" sp="0.05" color="silver" opacity="100"/>
<line xp1="91.71761" yp1="73.52820" xp2="91.62015" yp2="73.44013" sp="0.05" color="silver" opacity="100"/>
<line xp1="91.62015" yp1="73.44013" xp2="91.45724" yp2="73.33667" sp="0.05" color="silver" opacity="100"/>
<line xp1="91.45724" yp1="73.33667" xp2="91.45719" yp2="73.33659" sp="0.05" color="silver" opacity="100"/>
<line xp1="91.45719" yp1="73.33659" xp2="91.39804" yp2="73.23015" sp="0.05" color="silver" opacity="100"/>
<line xp1="91.39804" yp1="73.23015" xp2="91.30834" yp2="73.13756" sp="0.05" color="silver" opacity="100"/>
<line xp1="91.30834" yp1="73.13756" xp2="91.24890" yp2="73.03995" sp="0.05" color="silver" opacity="100"/>
<line xp1="91.24890" yp1="73.03995" xp2="91.19478" yp2="72.88684" sp="0.05" color="silver" opacity="100"/>
<line xp1="91.19478" yp1="72.88684" xp2="91.26938" yp2="72.72114" sp="0.05" color="silver" opacity="100"/>
<line xp1="91.26938" yp1="72.72114" xp2="91.33000" yp2="72.65091" sp="0.05" color="silver" opacity="100"/>
<line xp1="91.33000" yp1="72.65091" xp2="91.33129" yp2="72.52459" sp="0.05" color="silver" opacity="100"/>
<line xp1="91.33129" yp1="72.52459" xp2="91.26462" yp2="72.55532" sp="0.05" color="silver" opacity="100"/>
<line xp1="91.26462" yp1="72.55532" xp2="91.18466" yp2="72.56960" sp="0.05" color="silver" opacity="100"/>
<line xp1="91.18466" yp1="72.56960" xp2="91.14528" yp2="72.65246" sp="0.05" color="silver" opacity="100"/>
<line xp1="91.14528" yp1="72.65246" xp2="91.10543" yp2="72.66045" sp="0.05" color="silver" opacity="100"/>
<line xp1="91.10543" yp1="72.66045" xp2="91.03752" yp2="72.57230" sp="0.05" color="silver" opacity="100"/>
<line xp1="91.03752" yp1="72.57230" xp2="91.06732" yp2="72.50445" sp="0.05" color="silver" opacity="100"/>
<line xp1="91.06732" yp1="72.50445" xp2="91.04697" yp2="72.40410" sp="0.05" color="silver" opacity="100"/>
<line xp1="91.04697" yp1="72.40410" xp2="91.06367" yp2="72.31887" sp="0.05" color="silver" opacity="100"/>
<line xp1="91.06367" yp1="72.31887" xp2="91.03109" yp2="72.24840" sp="0.05" color="silver" opacity="100"/>
<line xp1="91.03109" yp1="72.24840" xp2="91.02459" yp2="72.20513" sp="0.05" color="silver" opacity="100"/>
<line xp1="91.02459" yp1="72.20513" xp2="91.00857" yp2="72.09861" sp="0.05" color="silver" opacity="100"/>
<line xp1="91.00857" yp1="72.09861" xp2="90.93412" yp2="72.11192" sp="0.05" color="silver" opacity="100"/>
<line xp1="90.93412" yp1="72.11192" xp2="90.90444" yp2="72.27485" sp="0.05" color="silver" opacity="100"/>
<line xp1="90.90444" yp1="72.27485" xp2="90.84713" yp2="72.37582" sp="0.05" color="silver" opacity="100"/>
<line xp1="90.84713" yp1="72.37582" xp2="90.74960" yp2="72.41360" sp="0.05" color="silver" opacity="100"/>
<line xp1="90.74960" yp1="72.41360" xp2="90.71045" yp2="72.31978" sp="0.05" color="silver" opacity="100"/>
<line xp1="90.71045" yp1="72.31978" xp2="90.64012" yp2="72.30129" sp="0.05" color="silver" opacity="100"/>
<line xp1="90.64012" yp1="72.30129" xp2="90.64012" yp2="72.30129" sp="0.05" color="silver" opacity="100"/>
<line xp1="83.00583" yp1="51.50152" xp2="83.00534" yp2="51.29596" sp="0.05" color="silver" opacity="100"/>
<line xp1="83.00534" yp1="51.29596" xp2="83.10054" yp2="51.25177" sp="0.05" color="silver" opacity="100"/>
<line xp1="83.10054" yp1="51.25177" xp2="83.10756" yp2="51.44255" sp="0.05" color="silver" opacity="100"/>
<line xp1="83.10756" yp1="51.44255" xp2="83.06564" yp2="51.53345" sp="0.05" color="silver" opacity="100"/>
<line xp1="83.06564" yp1="51.53345" xp2="83.00583" yp2="51.50152" sp="0.05" color="silver" opacity="100"/>
<line xp1="83.00583" yp1="51.50152" xp2="83.00583" yp2="51.50152" sp="0.05" color="silver" opacity="100"/>
<line xp1="77.71635" yp1="55.26943" xp2="77.71250" yp2="54.87417" sp="0.05" color="silver" opacity="100"/>
<line xp1="77.71250" yp1="54.87417" xp2="77.80860" yp2="54.93763" sp="0.05" color="silver" opacity="100"/>
<line xp1="77.80860" yp1="54.93763" xp2="77.91731" yp2="55.08011" sp="0.05" color="silver" opacity="100"/>
<line xp1="77.91731" yp1="55.08011" xp2="78.02504" yp2="55.17040" sp="0.05" color="silver" opacity="100"/>
<line xp1="78.02504" yp1="55.17040" xp2="78.05786" yp2="55.21784" sp="0.05" color="silver" opacity="100"/>
<line xp1="78.05786" yp1="55.21784" xp2="78.20539" yp2="55.43111" sp="0.05" color="silver" opacity="100"/>
<line xp1="78.20539" yp1="55.43111" xp2="78.32103" yp2="55.63545" sp="0.05" color="silver" opacity="100"/>
<line xp1="78.32103" yp1="55.63545" xp2="78.35777" yp2="55.63660" sp="0.05" color="silver" opacity="100"/>
<line xp1="78.35777" yp1="55.63660" xp2="78.40673" yp2="55.63813" sp="0.05" color="silver" opacity="100"/>
<line xp1="78.40673" yp1="55.63813" xp2="78.52808" yp2="55.54361" sp="0.05" color="silver" opacity="100"/>
<line xp1="78.52808" yp1="55.54361" xp2="78.54982" yp2="55.65604" sp="0.05" color="silver" opacity="100"/>
<line xp1="78.54982" yp1="55.65604" xp2="78.69074" yp2="55.86870" sp="0.05" color="silver" opacity="100"/>
<line xp1="78.69074" yp1="55.86870" xp2="78.81363" yp2="56.10968" sp="0.05" color="silver" opacity="100"/>
<line xp1="78.81363" yp1="56.10968" xp2="78.86300" yp2="56.02771" sp="0.05" color="silver" opacity="100"/>
<line xp1="78.86300" yp1="56.02771" xp2="78.91216" yp2="55.87388" sp="0.05" color="silver" opacity="100"/>
<line xp1="78.91216" yp1="55.87388" xp2="78.99225" yp2="55.84109" sp="0.05" color="silver" opacity="100"/>
<line xp1="78.99225" yp1="55.84109" xp2="79.09130" yp2="55.80055" sp="0.05" color="silver" opacity="100"/>
<line xp1="79.09130" yp1="55.80055" xp2="79.27959" yp2="55.78921" sp="0.05" color="silver" opacity="100"/>
<line xp1="79.27959" yp1="55.78921" xp2="79.29084" yp2="55.78853" sp="0.05" color="silver" opacity="100"/>
<line xp1="79.29084" yp1="55.78853" xp2="79.32588" yp2="55.89578" sp="0.05" color="silver" opacity="100"/>
<line xp1="79.32588" yp1="55.89578" xp2="79.41083" yp2="56.06356" sp="0.05" color="silver" opacity="100"/>
<line xp1="79.41083" yp1="56.06356" xp2="79.48802" yp2="56.08151" sp="0.05" color="silver" opacity="100"/>
<line xp1="79.48802" yp1="56.08151" xp2="79.51841" yp2="56.08857" sp="0.05" color="silver" opacity="100"/>
<line xp1="79.51841" yp1="56.08857" xp2="79.65373" yp2="56.16822" sp="0.05" color="silver" opacity="100"/>
<line xp1="79.65373" yp1="56.16822" xp2="79.87345" yp2="56.20333" sp="0.05" color="silver" opacity="100"/>
<line xp1="79.87345" yp1="56.20333" xp2="79.95749" yp2="56.05902" sp="0.05" color="silver" opacity="100"/>
<line xp1="79.95749" yp1="56.05902" xp2="79.98964" yp2="56.00382" sp="0.05" color="silver" opacity="100"/>
<line xp1="79.98964" yp1="56.00382" xp2="80.11386" yp2="56.02183" sp="0.05" color="silver" opacity="100"/>
<line xp1="80.11386" yp1="56.02183" xp2="80.26182" yp2="55.96368" sp="0.05" color="silver" opacity="100"/>
<line xp1="80.26182" yp1="55.96368" xp2="80.27114" yp2="55.78831" sp="0.05" color="silver" opacity="100"/>
<line xp1="80.27114" yp1="55.78831" xp2="80.29086" yp2="55.71640" sp="0.05" color="silver" opacity="100"/>
<line xp1="80.29086" yp1="55.71640" xp2="80.31046" yp2="55.64491" sp="0.05" color="silver" opacity="100"/>
<line xp1="80.31046" yp1="55.64491" xp2="80.39998" yp2="55.43341" sp="0.05" color="silver" opacity="100"/>
<line xp1="80.39998" yp1="55.43341" xp2="80.39088" yp2="55.29492" sp="0.05" color="silver" opacity="100"/>
<line xp1="80.39088" yp1="55.29492" xp2="80.43151" yp2="55.20375" sp="0.05" color="silver" opacity="100"/>
<line xp1="80.43151" yp1="55.20375" xp2="80.49585" yp2="55.19412" sp="0.05" color="silver" opacity="100"/>
<line xp1="80.49585" yp1="55.19412" xp2="80.51365" yp2="55.19145" sp="0.05" color="silver" opacity="100"/>
<line xp1="80.51365" yp1="55.19145" xp2="80.63348" yp2="55.14844" sp="0.05" color="silver" opacity="100"/>
<line xp1="80.63348" yp1="55.14844" xp2="80.68752" yp2="55.08362" sp="0.05" color="silver" opacity="100"/>
<line xp1="80.68752" yp1="55.08362" xp2="80.77445" yp2="55.00299" sp="0.05" color="silver" opacity="100"/>
<line xp1="80.77445" yp1="55.00299" xp2="80.83067" yp2="54.91098" sp="0.05" color="silver" opacity="100"/>
<line xp1="80.83067" yp1="54.91098" xp2="80.83095" yp2="54.91052" sp="0.05" color="silver" opacity="100"/>
<line xp1="80.83095" yp1="54.91052" xp2="80.79081" yp2="54.81619" sp="0.05" color="silver" opacity="100"/>
<line xp1="80.79081" yp1="54.81619" xp2="80.73658" yp2="54.74588" sp="0.05" color="silver" opacity="100"/>
<line xp1="80.73658" yp1="54.74588" xp2="80.73857" yp2="54.63121" sp="0.05" color="silver" opacity="100"/>
<line xp1="80.73857" yp1="54.63121" xp2="80.79803" yp2="54.58759" sp="0.05" color="silver" opacity="100"/>
<line xp1="80.79803" yp1="54.58759" xp2="80.82674" yp2="54.50357" sp="0.05" color="silver" opacity="100"/>
<line xp1="80.82674" yp1="54.50357" xp2="80.98507" yp2="54.46287" sp="0.05" color="silver" opacity="100"/>
<line xp1="80.98507" yp1="54.46287" xp2="81.03071" yp2="54.44558" sp="0.05" color="silver" opacity="100"/>
<line xp1="81.03071" yp1="54.44558" xp2="81.06045" yp2="54.43431" sp="0.05" color="silver" opacity="100"/>
<line xp1="81.06045" yp1="54.43431" xp2="81.15630" yp2="54.36260" sp="0.05" color="silver" opacity="100"/>
<line xp1="81.15630" yp1="54.36260" xp2="81.15630" yp2="54.36254" sp="0.05" color="silver" opacity="100"/>
<line xp1="81.15630" yp1="54.36254" xp2="81.15415" yp2="54.24545" sp="0.05" color="silver" opacity="100"/>
<line xp1="81.15415" yp1="54.24545" xp2="81.22692" yp2="54.19403" sp="0.05" color="silver" opacity="100"/>
<line xp1="81.22692" yp1="54.19403" xp2="81.31292" yp2="54.18346" sp="0.05" color="silver" opacity="100"/>
<line xp1="81.31292" yp1="54.18346" xp2="81.35417" yp2="54.09822" sp="0.05" color="silver" opacity="100"/>
<line xp1="81.35417" yp1="54.09822" xp2="81.35422" yp2="54.09812" sp="0.05" color="silver" opacity="100"/>
<line xp1="81.35422" yp1="54.09812" xp2="81.47536" yp2="54.27299" sp="0.05" color="silver" opacity="100"/>
<line xp1="81.47536" yp1="54.27299" xp2="81.53454" yp2="54.18723" sp="0.05" color="silver" opacity="100"/>
<line xp1="81.53454" yp1="54.18723" xp2="81.67786" yp2="53.97958" sp="0.05" color="silver" opacity="100"/>
<line xp1="81.67786" yp1="53.97958" xp2="81.57000" yp2="53.82232" sp="0.05" color="silver" opacity="100"/>
<line xp1="81.57000" yp1="53.82232" xp2="81.47845" yp2="53.69041" sp="0.05" color="silver" opacity="100"/>
<line xp1="81.47845" yp1="53.69041" xp2="81.47809" yp2="53.67239" sp="0.05" color="silver" opacity="100"/>
<line xp1="81.47809" yp1="53.67239" xp2="81.47589" yp2="53.56198" sp="0.05" color="silver" opacity="100"/>
<line xp1="81.47589" yp1="53.56198" xp2="81.47539" yp2="53.53690" sp="0.05" color="silver" opacity="100"/>
<line xp1="81.47539" yp1="53.53690" xp2="81.45662" yp2="53.45690" sp="0.05" color="silver" opacity="100"/>
<line xp1="81.45662" yp1="53.45690" xp2="81.41616" yp2="53.45576" sp="0.05" color="silver" opacity="100"/>
<line xp1="81.41616" yp1="53.45576" xp2="81.40648" yp2="53.44366" sp="0.05" color="silver" opacity="100"/>
<line xp1="81.40648" yp1="53.44366" xp2="81.33461" yp2="53.35376" sp="0.05" color="silver" opacity="100"/>
<line xp1="81.33461" yp1="53.35376" xp2="81.33815" yp2="53.24291" sp="0.05" color="silver" opacity="100"/>
<line xp1="81.33815" yp1="53.24291" xp2="81.33987" yp2="53.18390" sp="0.05" color="silver" opacity="100"/>
<line xp1="81.33987" yp1="53.18390" xp2="81.25574" yp2="53.14485" sp="0.05" color="silver" opacity="100"/>
<line xp1="81.25574" yp1="53.14485" xp2="81.15910" yp2="52.96669" sp="0.05" color="silver" opacity="100"/>
<line xp1="81.15910" yp1="52.96669" xp2="81.13852" yp2="52.67377" sp="0.05" color="silver" opacity="100"/>
<line xp1="81.13852" yp1="52.67377" xp2="81.21356" yp2="52.51618" sp="0.05" color="silver" opacity="100"/>
<line xp1="81.21356" yp1="52.51618" xp2="81.34873" yp2="52.60185" sp="0.05" color="silver" opacity="100"/>
<line xp1="81.34873" yp1="52.60185" xp2="81.42232" yp2="52.64203" sp="0.05" color="silver" opacity="100"/>
<line xp1="81.42232" yp1="52.64203" xp2="81.51328" yp2="52.70163" sp="0.05" color="silver" opacity="100"/>
<line xp1="81.51328" yp1="52.70163" xp2="81.53594" yp2="52.63415" sp="0.05" color="silver" opacity="100"/>
<line xp1="81.53594" yp1="52.63415" xp2="81.57617" yp2="52.42093" sp="0.05" color="silver" opacity="100"/>
<line xp1="81.57617" yp1="52.42093" xp2="81.65819" yp2="52.31811" sp="0.05" color="silver" opacity="100"/>
<line xp1="81.65819" yp1="52.31811" xp2="81.74724" yp2="52.19699" sp="0.05" color="silver" opacity="100"/>
<line xp1="81.74724" yp1="52.19699" xp2="81.80456" yp2="52.16657" sp="0.05" color="silver" opacity="100"/>
<line xp1="81.80456" yp1="52.16657" xp2="81.83700" yp2="52.14936" sp="0.05" color="silver" opacity="100"/>
<line xp1="81.83700" yp1="52.14936" xp2="81.93838" yp2="52.10065" sp="0.05" color="silver" opacity="100"/>
<line xp1="81.93838" yp1="52.10065" xp2="82.04083" yp2="52.09829" sp="0.05" color="silver" opacity="100"/>
<line xp1="82.04083" yp1="52.09829" xp2="82.16825" yp2="52.04061" sp="0.05" color="silver" opacity="100"/>
<line xp1="82.16825" yp1="52.04061" xp2="82.24557" yp2="51.86569" sp="0.05" color="silver" opacity="100"/>
<line xp1="82.24557" yp1="51.86569" xp2="82.33687" yp2="51.75964" sp="0.05" color="silver" opacity="100"/>
<line xp1="82.33687" yp1="51.75964" xp2="82.41473" yp2="51.76967" sp="0.05" color="silver" opacity="100"/>
<line xp1="82.41473" yp1="51.76967" xp2="82.50494" yp2="51.65590" sp="0.05" color="silver" opacity="100"/>
<line xp1="82.50494" yp1="51.65590" xp2="82.58140" yp2="51.53287" sp="0.05" color="silver" opacity="100"/>
<line xp1="82.58140" yp1="51.53287" xp2="82.56801" yp2="51.71237" sp="0.05" color="silver" opacity="100"/>
<line xp1="82.56801" yp1="51.71237" xp2="82.58441" yp2="51.82383" sp="0.05" color="silver" opacity="100"/>
<line xp1="82.58441" yp1="51.82383" xp2="82.53305" yp2="51.93753" sp="0.05" color="silver" opacity="100"/>
<line xp1="82.53305" yp1="51.93753" xp2="82.47282" yp2="52.11332" sp="0.05" color="silver" opacity="100"/>
<line xp1="82.47282" yp1="52.11332" xp2="82.50080" yp2="52.27528" sp="0.05" color="silver" opacity="100"/>
<line xp1="82.50080" yp1="52.27528" xp2="82.45709" yp2="52.31829" sp="0.05" color="silver" opacity="100"/>
<line xp1="82.45709" yp1="52.31829" xp2="82.46124" yp2="52.34249" sp="0.05" color="silver" opacity="100"/>
<line xp1="82.46124" yp1="52.34249" xp2="82.48154" yp2="52.46076" sp="0.05" color="silver" opacity="100"/>
<line xp1="82.48154" yp1="52.46076" xp2="82.47173" yp2="52.54136" sp="0.05" color="silver" opacity="100"/>
<line xp1="82.47173" yp1="52.54136" xp2="82.38317" yp2="52.69263" sp="0.05" color="silver" opacity="100"/>
<line xp1="82.38317" yp1="52.69263" xp2="82.31892" yp2="52.80814" sp="0.05" color="silver" opacity="100"/>
<line xp1="82.31892" yp1="52.80814" xp2="82.28076" yp2="52.96900" sp="0.05" color="silver" opacity="100"/>
<line xp1="82.28076" yp1="52.96900" xp2="82.29034" yp2="53.18784" sp="0.05" color="silver" opacity="100"/>
<line xp1="82.29034" yp1="53.18784" xp2="82.26320" yp2="53.32540" sp="0.05" color="silver" opacity="100"/>
<line xp1="82.26320" yp1="53.32540" xp2="82.26601" yp2="53.46500" sp="0.05" color="silver" opacity="100"/>
<line xp1="82.26601" yp1="53.46500" xp2="82.26668" yp2="53.49837" sp="0.05" color="silver" opacity="100"/>
<line xp1="82.26668" yp1="53.49837" xp2="82.21732" yp2="53.58958" sp="0.05" color="silver" opacity="100"/>
<line xp1="82.21732" yp1="53.58958" xp2="82.26619" yp2="53.67719" sp="0.05" color="silver" opacity="100"/>
<line xp1="82.26619" yp1="53.67719" xp2="82.32326" yp2="53.82490" sp="0.05" color="silver" opacity="100"/>
<line xp1="82.32326" yp1="53.82490" xp2="82.28162" yp2="53.86045" sp="0.05" color="silver" opacity="100"/>
<line xp1="82.28162" yp1="53.86045" xp2="82.32203" yp2="53.95661" sp="0.05" color="silver" opacity="100"/>
<line xp1="82.32203" yp1="53.95661" xp2="82.34773" yp2="54.00770" sp="0.05" color="silver" opacity="100"/>
<line xp1="82.34773" yp1="54.00770" xp2="82.35480" yp2="54.02175" sp="0.05" color="silver" opacity="100"/>
<line xp1="82.35480" yp1="54.02175" xp2="82.38418" yp2="54.11747" sp="0.05" color="silver" opacity="100"/>
<line xp1="82.38418" yp1="54.11747" xp2="82.35188" yp2="54.16146" sp="0.05" color="silver" opacity="100"/>
<line xp1="82.35188" yp1="54.16146" xp2="82.38618" yp2="54.23660" sp="0.05" color="silver" opacity="100"/>
<line xp1="82.38618" yp1="54.23660" xp2="82.47065" yp2="54.31803" sp="0.05" color="silver" opacity="100"/>
<line xp1="82.47065" yp1="54.31803" xp2="82.43016" yp2="54.40591" sp="0.05" color="silver" opacity="100"/>
<line xp1="82.43016" yp1="54.40591" xp2="82.42791" yp2="54.51841" sp="0.05" color="silver" opacity="100"/>
<line xp1="82.42791" yp1="54.51841" xp2="82.41741" yp2="54.66203" sp="0.05" color="silver" opacity="100"/>
<line xp1="82.41741" yp1="54.66203" xp2="82.26802" yp2="54.79402" sp="0.05" color="silver" opacity="100"/>
<line xp1="82.26802" yp1="54.79402" xp2="82.30153" yp2="54.85510" sp="0.05" color="silver" opacity="100"/>
<line xp1="82.30153" yp1="54.85510" xp2="82.31018" yp2="54.87088" sp="0.05" color="silver" opacity="100"/>
<line xp1="82.31018" yp1="54.87088" xp2="82.36387" yp2="54.87402" sp="0.05" color="silver" opacity="100"/>
<line xp1="82.36387" yp1="54.87402" xp2="82.42264" yp2="54.87345" sp="0.05" color="silver" opacity="100"/>
<line xp1="82.42264" yp1="54.87345" xp2="82.46845" yp2="54.94772" sp="0.05" color="silver" opacity="100"/>
<line xp1="82.46845" yp1="54.94772" xp2="82.53847" yp2="54.99663" sp="0.05" color="silver" opacity="100"/>
<line xp1="82.53847" yp1="54.99663" xp2="82.57628" yp2="55.06544" sp="0.05" color="silver" opacity="100"/>
<line xp1="82.57628" yp1="55.06544" xp2="82.62060" yp2="55.14611" sp="0.05" color="silver" opacity="100"/>
<line xp1="82.62060" yp1="55.14611" xp2="82.73206" yp2="55.29366" sp="0.05" color="silver" opacity="100"/>
<line xp1="82.73206" yp1="55.29366" xp2="82.85173" yp2="55.44374" sp="0.05" color="silver" opacity="100"/>
<line xp1="82.85173" yp1="55.44374" xp2="82.98318" yp2="55.57774" sp="0.05" color="silver" opacity="100"/>
<line xp1="82.98318" yp1="55.57774" xp2="83.01901" yp2="55.57898" sp="0.05" color="silver" opacity="100"/>
<line xp1="83.01901" yp1="55.57898" xp2="83.05798" yp2="55.58033" sp="0.05" color="silver" opacity="100"/>
<line xp1="83.05798" yp1="55.58033" xp2="83.06634" yp2="55.47008" sp="0.05" color="silver" opacity="100"/>
<line xp1="83.06634" yp1="55.47008" xp2="83.01390" yp2="55.41211" sp="0.05" color="silver" opacity="100"/>
<line xp1="83.01390" yp1="55.41211" xp2="82.98231" yp2="55.39357" sp="0.05" color="silver" opacity="100"/>
<line xp1="82.98231" yp1="55.39357" xp2="82.90688" yp2="55.34931" sp="0.05" color="silver" opacity="100"/>
<line xp1="82.90688" yp1="55.34931" xp2="82.83127" yp2="55.24545" sp="0.05" color="silver" opacity="100"/>
<line xp1="82.83127" yp1="55.24545" xp2="82.80353" yp2="55.13915" sp="0.05" color="silver" opacity="100"/>
<line xp1="82.80353" yp1="55.13915" xp2="82.75192" yp2="55.05661" sp="0.05" color="silver" opacity="100"/>
<line xp1="82.75192" yp1="55.05661" xp2="82.70282" yp2="54.89532" sp="0.05" color="silver" opacity="100"/>
<line xp1="82.70282" yp1="54.89532" xp2="82.64842" yp2="54.70218" sp="0.05" color="silver" opacity="100"/>
<line xp1="82.64842" yp1="54.70218" xp2="82.69772" yp2="54.62739" sp="0.05" color="silver" opacity="100"/>
<line xp1="82.69772" yp1="54.62739" xp2="82.71776" yp2="54.54681" sp="0.05" color="silver" opacity="100"/>
<line xp1="82.71776" yp1="54.54681" xp2="82.72036" yp2="54.33862" sp="0.05" color="silver" opacity="100"/>
<line xp1="82.72036" yp1="54.33862" xp2="82.66917" yp2="54.36729" sp="0.05" color="silver" opacity="100"/>
<line xp1="82.66917" yp1="54.36729" xp2="82.61254" yp2="54.39900" sp="0.05" color="silver" opacity="100"/>
<line xp1="82.61254" yp1="54.39900" xp2="82.58108" yp2="54.30393" sp="0.05" color="silver" opacity="100"/>
<line xp1="82.58108" yp1="54.30393" xp2="82.52042" yp2="54.11193" sp="0.05" color="silver" opacity="100"/>
<line xp1="82.52042" yp1="54.11193" xp2="82.49815" yp2="53.85846" sp="0.05" color="silver" opacity="100"/>
<line xp1="82.49815" yp1="53.85846" xp2="82.56305" yp2="53.88639" sp="0.05" color="silver" opacity="100"/>
<line xp1="82.56305" yp1="53.88639" xp2="82.58777" yp2="54.03232" sp="0.05" color="silver" opacity="100"/>
<line xp1="82.58777" yp1="54.03232" xp2="82.69097" yp2="54.08071" sp="0.05" color="silver" opacity="100"/>
<line xp1="82.69097" yp1="54.08071" xp2="82.76363" yp2="54.08109" sp="0.05" color="silver" opacity="100"/>
<line xp1="82.76363" yp1="54.08109" xp2="82.76144" yp2="53.97922" sp="0.05" color="silver" opacity="100"/>
<line xp1="82.76144" yp1="53.97922" xp2="82.77405" yp2="53.87355" sp="0.05" color="silver" opacity="100"/>
<line xp1="82.77405" yp1="53.87355" xp2="82.78294" yp2="53.79903" sp="0.05" color="silver" opacity="100"/>
<line xp1="82.78294" yp1="53.79903" xp2="82.73950" yp2="53.74963" sp="0.05" color="silver" opacity="100"/>
<line xp1="82.73950" yp1="53.74963" xp2="82.65912" yp2="53.86220" sp="0.05" color="silver" opacity="100"/>
<line xp1="82.65912" yp1="53.86220" xp2="82.59988" yp2="53.70527" sp="0.05" color="silver" opacity="100"/>
<line xp1="82.59988" yp1="53.70527" xp2="82.49271" yp2="53.68090" sp="0.05" color="silver" opacity="100"/>
<line xp1="82.49271" yp1="53.68090" xp2="82.47638" yp2="53.59144" sp="0.05" color="silver" opacity="100"/>
<line xp1="82.47638" yp1="53.59144" xp2="82.55301" yp2="53.51525" sp="0.05" color="silver" opacity="100"/>
<line xp1="82.55301" yp1="53.51525" xp2="82.54154" yp2="53.38924" sp="0.05" color="silver" opacity="100"/>
<line xp1="82.54154" yp1="53.38924" xp2="82.58090" yp2="53.36944" sp="0.05" color="silver" opacity="100"/>
<line xp1="82.58090" yp1="53.36944" xp2="82.65382" yp2="53.46490" sp="0.05" color="silver" opacity="100"/>
<line xp1="82.65382" yp1="53.46490" xp2="82.70965" yp2="53.46527" sp="0.05" color="silver" opacity="100"/>
<line xp1="82.70965" yp1="53.46527" xp2="82.76872" yp2="53.34507" sp="0.05" color="silver" opacity="100"/>
<line xp1="82.76872" yp1="53.34507" xp2="82.80745" yp2="53.35210" sp="0.05" color="silver" opacity="100"/>
<line xp1="82.80745" yp1="53.35210" xp2="82.81514" yp2="53.25955" sp="0.05" color="silver" opacity="100"/>
<line xp1="82.81514" yp1="53.25955" xp2="82.82241" yp2="53.17200" sp="0.05" color="silver" opacity="100"/>
<line xp1="82.82241" yp1="53.17200" xp2="82.76452" yp2="53.17355" sp="0.05" color="silver" opacity="100"/>
<line xp1="82.76452" yp1="53.17355" xp2="82.72125" yp2="53.18289" sp="0.05" color="silver" opacity="100"/>
<line xp1="82.72125" yp1="53.18289" xp2="82.64679" yp2="53.17006" sp="0.05" color="silver" opacity="100"/>
<line xp1="82.64679" yp1="53.17006" xp2="82.63070" yp2="53.05474" sp="0.05" color="silver" opacity="100"/>
<line xp1="82.63070" yp1="53.05474" xp2="82.65006" yp2="52.97672" sp="0.05" color="silver" opacity="100"/>
<line xp1="82.65006" yp1="52.97672" xp2="82.55945" yp2="52.83496" sp="0.05" color="silver" opacity="100"/>
<line xp1="82.55945" yp1="52.83496" xp2="82.64531" yp2="52.58041" sp="0.05" color="silver" opacity="100"/>
<line xp1="82.64531" yp1="52.58041" xp2="82.69231" yp2="52.46373" sp="0.05" color="silver" opacity="100"/>
<line xp1="82.69231" yp1="52.46373" xp2="82.68051" yp2="52.35673" sp="0.05" color="silver" opacity="100"/>
<line xp1="82.68051" yp1="52.35673" xp2="82.74213" yp2="52.30195" sp="0.05" color="silver" opacity="100"/>
<line xp1="82.74213" yp1="52.30195" xp2="82.86844" yp2="52.09196" sp="0.05" color="silver" opacity="100"/>
<line xp1="82.86844" yp1="52.09196" xp2="82.94056" yp2="51.97900" sp="0.05" color="silver" opacity="100"/>
<line xp1="82.94056" yp1="51.97900" xp2="82.92993" yp2="51.78607" sp="0.05" color="silver" opacity="100"/>
<line xp1="82.92993" yp1="51.78607" xp2="83.00201" yp2="51.67637" sp="0.05" color="silver" opacity="100"/>
<line xp1="83.00201" yp1="51.67637" xp2="83.06784" yp2="51.64906" sp="0.05" color="silver" opacity="100"/>
<line xp1="83.06784" yp1="51.64906" xp2="83.05859" yp2="51.77775" sp="0.05" color="silver" opacity="100"/>
<line xp1="83.05859" yp1="51.77775" xp2="83.02771" yp2="51.96406" sp="0.05" color="silver" opacity="100"/>
<line xp1="83.02771" yp1="51.96406" xp2="83.01702" yp2="52.15695" sp="0.05" color="silver" opacity="100"/>
<line xp1="83.01702" yp1="52.15695" xp2="83.16231" yp2="52.14041" sp="0.05" color="silver" opacity="100"/>
<line xp1="83.16231" yp1="52.14041" xp2="83.19421" yp2="52.13224" sp="0.05" color="silver" opacity="100"/>
<line xp1="83.19421" yp1="52.13224" xp2="83.24844" yp2="52.11835" sp="0.05" color="silver" opacity="100"/>
<line xp1="83.24844" yp1="52.11835" xp2="83.26854" yp2="52.05631" sp="0.05" color="silver" opacity="100"/>
<line xp1="83.26854" yp1="52.05631" xp2="83.28599" yp2="52.00245" sp="0.05" color="silver" opacity="100"/>
<line xp1="83.28599" yp1="52.00245" xp2="83.16558" yp2="51.96305" sp="0.05" color="silver" opacity="100"/>
<line xp1="83.16558" yp1="51.96305" xp2="83.17371" yp2="51.78345" sp="0.05" color="silver" opacity="100"/>
<line xp1="83.17371" yp1="51.78345" xp2="83.28645" yp2="51.71705" sp="0.05" color="silver" opacity="100"/>
<line xp1="83.28645" yp1="51.71705" xp2="83.29403" yp2="51.60039" sp="0.05" color="silver" opacity="100"/>
<line xp1="83.29403" yp1="51.60039" xp2="83.29614" yp2="51.53937" sp="0.05" color="silver" opacity="100"/>
<line xp1="83.29614" yp1="51.53937" xp2="83.23238" yp2="51.35575" sp="0.05" color="silver" opacity="100"/>
<line xp1="83.23238" yp1="51.35575" xp2="83.24202" yp2="51.19099" sp="0.05" color="silver" opacity="100"/>
<line xp1="83.24202" yp1="51.19099" xp2="83.29119" yp2="51.19517" sp="0.05" color="silver" opacity="100"/>
<line xp1="83.29119" yp1="51.19517" xp2="83.40952" yp2="51.35027" sp="0.05" color="silver" opacity="100"/>
<line xp1="83.40952" yp1="51.35027" xp2="83.50360" yp2="51.34660" sp="0.05" color="silver" opacity="100"/>
<line xp1="83.50360" yp1="51.34660" xp2="83.58506" yp2="51.28799" sp="0.05" color="silver" opacity="100"/>
<line xp1="83.58506" yp1="51.28799" xp2="83.65486" yp2="51.41203" sp="0.05" color="silver" opacity="100"/>
<line xp1="83.65486" yp1="51.41203" xp2="84.24267" yp2="51.50631" sp="0.05" color="silver" opacity="100"/>
<line xp1="84.24267" yp1="51.50631" xp2="84.31724" yp2="51.70289" sp="0.05" color="silver" opacity="100"/>
<line xp1="84.31724" yp1="51.70289" xp2="84.34247" yp2="51.80004" sp="0.05" color="silver" opacity="100"/>
<line xp1="84.34247" yp1="51.80004" xp2="84.39503" yp2="52.05850" sp="0.05" color="silver" opacity="100"/>
<line xp1="84.39503" yp1="52.05850" xp2="84.45700" yp2="52.31864" sp="0.05" color="silver" opacity="100"/>
<line xp1="84.45700" yp1="52.31864" xp2="84.48382" yp2="52.35506" sp="0.05" color="silver" opacity="100"/>
<line xp1="84.48382" yp1="52.35506" xp2="84.54009" yp2="52.71789" sp="0.05" color="silver" opacity="100"/>
<line xp1="84.54009" yp1="52.71789" xp2="84.33007" yp2="52.71718" sp="0.05" color="silver" opacity="100"/>
<line xp1="84.33007" yp1="52.71718" xp2="84.09033" yp2="52.72125" sp="0.05" color="silver" opacity="100"/>
<line xp1="84.09033" yp1="52.72125" xp2="83.87803" yp2="52.72485" sp="0.05" color="silver" opacity="100"/>
<line xp1="83.87803" yp1="52.72485" xp2="83.54812" yp2="52.74322" sp="0.05" color="silver" opacity="100"/>
<line xp1="83.54812" yp1="52.74322" xp2="83.53787" yp2="52.97927" sp="0.05" color="silver" opacity="100"/>
<line xp1="83.53787" yp1="52.97927" xp2="83.53573" yp2="53.03076" sp="0.05" color="silver" opacity="100"/>
<line xp1="83.53573" yp1="53.03076" xp2="83.52684" yp2="53.24381" sp="0.05" color="silver" opacity="100"/>
<line xp1="83.52684" yp1="53.24381" xp2="83.52684" yp2="53.24396" sp="0.05" color="silver" opacity="100"/>
<line xp1="83.52684" yp1="53.24396" xp2="83.50292" yp2="53.79950" sp="0.05" color="silver" opacity="100"/>
<line xp1="83.50292" yp1="53.79950" xp2="83.46438" yp2="54.69466" sp="0.05" color="silver" opacity="100"/>
<line xp1="83.46438" yp1="54.69466" xp2="83.45164" yp2="54.99054" sp="0.05" color="silver" opacity="100"/>
<line xp1="83.45164" yp1="54.99054" xp2="83.44547" yp2="55.13368" sp="0.05" color="silver" opacity="100"/>
<line xp1="83.44547" yp1="55.13368" xp2="83.43555" yp2="55.36428" sp="0.05" color="silver" opacity="100"/>
<line xp1="83.43555" yp1="55.36428" xp2="83.43553" yp2="55.36472" sp="0.05" color="silver" opacity="100"/>
<line xp1="83.43553" yp1="55.36472" xp2="83.40216" yp2="56.34914" sp="0.05" color="silver" opacity="100"/>
<line xp1="83.40216" yp1="56.34914" xp2="82.86816" yp2="56.34791" sp="0.05" color="silver" opacity="100"/>
<line xp1="82.86816" yp1="56.34791" xp2="82.71803" yp2="56.34756" sp="0.05" color="silver" opacity="100"/>
<line xp1="82.71803" yp1="56.34756" xp2="82.71772" yp2="56.34756" sp="0.05" color="silver" opacity="100"/>
<line xp1="82.71772" yp1="56.34756" xp2="82.70818" yp2="56.34755" sp="0.05" color="silver" opacity="100"/>
<line xp1="82.70818" yp1="56.34755" xp2="82.43234" yp2="56.34722" sp="0.05" color="silver" opacity="100"/>
<line xp1="82.43234" yp1="56.34722" xp2="82.20085" yp2="56.34702" sp="0.05" color="silver" opacity="100"/>
<line xp1="82.20085" yp1="56.34702" xp2="81.97574" yp2="56.34684" sp="0.05" color="silver" opacity="100"/>
<line xp1="81.97574" yp1="56.34684" xp2="81.86600" yp2="56.34585" sp="0.05" color="silver" opacity="100"/>
<line xp1="81.86600" yp1="56.34585" xp2="81.55221" yp2="56.34303" sp="0.05" color="silver" opacity="100"/>
<line xp1="81.55221" yp1="56.34303" xp2="81.53951" yp2="56.34305" sp="0.05" color="silver" opacity="100"/>
<line xp1="81.53951" yp1="56.34305" xp2="81.20458" yp2="56.34348" sp="0.05" color="silver" opacity="100"/>
<line xp1="81.20458" yp1="56.34348" xp2="81.16931" yp2="56.34352" sp="0.05" color="silver" opacity="100"/>
<line xp1="81.16931" yp1="56.34352" xp2="80.83209" yp2="56.34351" sp="0.05" color="silver" opacity="100"/>
<line xp1="80.83209" yp1="56.34351" xp2="80.81670" yp2="56.34351" sp="0.05" color="silver" opacity="100"/>
<line xp1="80.81670" yp1="56.34351" xp2="80.81650" yp2="56.34351" sp="0.05" color="silver" opacity="100"/>
<line xp1="80.81650" yp1="56.34351" xp2="80.35593" yp2="56.34725" sp="0.05" color="silver" opacity="100"/>
<line xp1="80.35593" yp1="56.34725" xp2="79.88329" yp2="56.34985" sp="0.05" color="silver" opacity="100"/>
<line xp1="79.88329" yp1="56.34985" xp2="79.84774" yp2="56.34990" sp="0.05" color="silver" opacity="100"/>
<line xp1="79.84774" yp1="56.34990" xp2="79.47293" yp2="56.35045" sp="0.05" color="silver" opacity="100"/>
<line xp1="79.47293" yp1="56.35045" xp2="79.47256" yp2="56.35045" sp="0.05" color="silver" opacity="100"/>
<line xp1="79.47256" yp1="56.35045" xp2="79.41465" yp2="56.35058" sp="0.05" color="silver" opacity="100"/>
<line xp1="79.41465" yp1="56.35058" xp2="78.88680" yp2="56.35178" sp="0.05" color="silver" opacity="100"/>
<line xp1="78.88680" yp1="56.35178" xp2="78.75646" yp2="56.35163" sp="0.05" color="silver" opacity="100"/>
<line xp1="78.75646" yp1="56.35163" xp2="78.57167" yp2="56.35142" sp="0.05" color="silver" opacity="100"/>
<line xp1="78.57167" yp1="56.35142" xp2="78.39142" yp2="56.35122" sp="0.05" color="silver" opacity="100"/>
<line xp1="78.39142" yp1="56.35122" xp2="77.85776" yp2="56.34697" sp="0.05" color="silver" opacity="100"/>
<line xp1="77.85776" yp1="56.34697" xp2="77.72821" yp2="56.34594" sp="0.05" color="silver" opacity="100"/>
<line xp1="77.72821" yp1="56.34594" xp2="77.71944" yp2="55.80483" sp="0.05" color="silver" opacity="100"/>
<line xp1="77.71944" yp1="55.80483" xp2="77.71635" yp2="55.26943" sp="0.05" color="silver" opacity="100"/>
<line xp1="77.71635" yp1="55.26943" xp2="77.71635" yp2="55.26943" sp="0.05" color="silver" opacity="100"/>
<line xp1="91.88381" yp1="60.88704" xp2="91.98234" yp2="60.71076" sp="0.05" color="silver" opacity="100"/>
<line xp1="91.98234" yp1="60.71076" xp2="92.15851" yp2="60.68814" sp="0.05" color="silver" opacity="100"/>
<line xp1="92.15851" yp1="60.68814" xp2="92.28427" yp2="60.67990" sp="0.05" color="silver" opacity="100"/>
<line xp1="92.28427" yp1="60.67990" xp2="92.36895" yp2="60.75585" sp="0.05" color="silver" opacity="100"/>
<line xp1="92.36895" yp1="60.75585" xp2="92.33097" yp2="61.02519" sp="0.05" color="silver" opacity="100"/>
<line xp1="92.33097" yp1="61.02519" xp2="92.23223" yp2="61.11915" sp="0.05" color="silver" opacity="100"/>
<line xp1="92.23223" yp1="61.11915" xp2="92.18595" yp2="60.91287" sp="0.05" color="silver" opacity="100"/>
<line xp1="92.18595" yp1="60.91287" xp2="92.00967" yp2="60.89653" sp="0.05" color="silver" opacity="100"/>
<line xp1="92.00967" yp1="60.89653" xp2="91.88381" yp2="60.88704" sp="0.05" color="silver" opacity="100"/>
<line xp1="91.88381" yp1="60.88704" xp2="91.88381" yp2="60.88704" sp="0.05" color="silver" opacity="100"/>
<line xp1="91.02492" yp1="61.00967" xp2="91.02554" yp2="60.90508" sp="0.05" color="silver" opacity="100"/>
<line xp1="91.02554" yp1="60.90508" xp2="91.04418" yp2="60.71718" sp="0.05" color="silver" opacity="100"/>
<line xp1="91.04418" yp1="60.71718" xp2="91.12510" yp2="60.86772" sp="0.05" color="silver" opacity="100"/>
<line xp1="91.12510" yp1="60.86772" xp2="91.24056" yp2="60.97952" sp="0.05" color="silver" opacity="100"/>
<line xp1="91.24056" yp1="60.97952" xp2="91.41930" yp2="60.99761" sp="0.05" color="silver" opacity="100"/>
<line xp1="91.41930" yp1="60.99761" xp2="91.61806" yp2="61.01043" sp="0.05" color="silver" opacity="100"/>
<line xp1="91.61806" yp1="61.01043" xp2="91.59410" yp2="61.19756" sp="0.05" color="silver" opacity="100"/>
<line xp1="91.59410" yp1="61.19756" xp2="91.54431" yp2="61.21402" sp="0.05" color="silver" opacity="100"/>
<line xp1="91.54431" yp1="61.21402" xp2="91.45650" yp2="61.29416" sp="0.05" color="silver" opacity="100"/>
<line xp1="91.45650" yp1="61.29416" xp2="91.37915" yp2="61.37824" sp="0.05" color="silver" opacity="100"/>
<line xp1="91.37915" yp1="61.37824" xp2="91.25095" yp2="61.26095" sp="0.05" color="silver" opacity="100"/>
<line xp1="91.25095" yp1="61.26095" xp2="91.14185" yp2="61.04486" sp="0.05" color="silver" opacity="100"/>
<line xp1="91.14185" yp1="61.04486" xp2="91.02492" yp2="61.00967" sp="0.05" color="silver" opacity="100"/>
<line xp1="91.02492" yp1="61.00967" xp2="91.02492" yp2="61.00967" sp="0.05" color="silver" opacity="100"/>
<line xp1="86.91055" yp1="63.10359" xp2="86.93895" yp2="63.01085" sp="0.05" color="silver" opacity="100"/>
<line xp1="86.93895" yp1="63.01085" xp2="86.94259" yp2="62.99897" sp="0.05" color="silver" opacity="100"/>
<line xp1="86.94259" yp1="62.99897" xp2="87.33684" yp2="62.98556" sp="0.05" color="silver" opacity="100"/>
<line xp1="87.33684" yp1="62.98556" xp2="87.49657" yp2="62.97749" sp="0.05" color="silver" opacity="100"/>
<line xp1="87.49657" yp1="62.97749" xp2="87.61016" yp2="62.97176" sp="0.05" color="silver" opacity="100"/>
<line xp1="87.61016" yp1="62.97176" xp2="87.67883" yp2="62.96830" sp="0.05" color="silver" opacity="100"/>
<line xp1="87.67883" yp1="62.96830" xp2="87.69300" yp2="62.96758" sp="0.05" color="silver" opacity="100"/>
<line xp1="87.69300" yp1="62.96758" xp2="87.92747" yp2="62.96255" sp="0.05" color="silver" opacity="100"/>
<line xp1="87.92747" yp1="62.96255" xp2="87.98450" yp2="62.85233" sp="0.05" color="silver" opacity="100"/>
<line xp1="87.98450" yp1="62.85233" xp2="88.03883" yp2="62.86323" sp="0.05" color="silver" opacity="100"/>
<line xp1="88.03883" yp1="62.86323" xp2="88.05117" yp2="62.86570" sp="0.05" color="silver" opacity="100"/>
<line xp1="88.05117" yp1="62.86570" xp2="88.09924" yp2="62.96114" sp="0.05" color="silver" opacity="100"/>
<line xp1="88.09924" yp1="62.96114" xp2="88.29549" yp2="62.94513" sp="0.05" color="silver" opacity="100"/>
<line xp1="88.29549" yp1="62.94513" xp2="88.41826" yp2="62.95513" sp="0.05" color="silver" opacity="100"/>
<line xp1="88.41826" yp1="62.95513" xp2="88.44742" yp2="62.95452" sp="0.05" color="silver" opacity="100"/>
<line xp1="88.44742" yp1="62.95452" xp2="88.61927" yp2="62.95090" sp="0.05" color="silver" opacity="100"/>
<line xp1="88.61927" yp1="62.95090" xp2="88.74285" yp2="62.94831" sp="0.05" color="silver" opacity="100"/>
<line xp1="88.74285" yp1="62.94831" xp2="88.92485" yp2="62.94315" sp="0.05" color="silver" opacity="100"/>
<line xp1="88.92485" yp1="62.94315" xp2="89.02195" yp2="62.94041" sp="0.05" color="silver" opacity="100"/>
<line xp1="89.02195" yp1="62.94041" xp2="89.07360" yp2="62.93894" sp="0.05" color="silver" opacity="100"/>
<line xp1="89.07360" yp1="62.93894" xp2="89.25027" yp2="62.93394" sp="0.05" color="silver" opacity="100"/>
<line xp1="89.25027" yp1="62.93394" xp2="89.40819" yp2="62.92874" sp="0.05" color="silver" opacity="100"/>
<line xp1="89.40819" yp1="62.92874" xp2="89.53746" yp2="62.92448" sp="0.05" color="silver" opacity="100"/>
<line xp1="89.53746" yp1="62.92448" xp2="89.53963" yp2="62.88019" sp="0.05" color="silver" opacity="100"/>
<line xp1="89.53963" yp1="62.88019" xp2="89.83585" yp2="62.89459" sp="0.05" color="silver" opacity="100"/>
<line xp1="89.83585" yp1="62.89459" xp2="89.85985" yp2="62.89575" sp="0.05" color="silver" opacity="100"/>
<line xp1="89.85985" yp1="62.89575" xp2="89.90856" yp2="62.89812" sp="0.05" color="silver" opacity="100"/>
<line xp1="89.90856" yp1="62.89812" xp2="90.00273" yp2="62.90250" sp="0.05" color="silver" opacity="100"/>
<line xp1="90.00273" yp1="62.90250" xp2="90.06449" yp2="62.90537" sp="0.05" color="silver" opacity="100"/>
<line xp1="90.06449" yp1="62.90537" xp2="90.18246" yp2="62.91085" sp="0.05" color="silver" opacity="100"/>
<line xp1="90.18246" yp1="62.91085" xp2="90.18241" yp2="62.81453" sp="0.05" color="silver" opacity="100"/>
<line xp1="90.18241" yp1="62.81453" xp2="90.18237" yp2="62.72040" sp="0.05" color="silver" opacity="100"/>
<line xp1="90.18237" yp1="62.72040" xp2="90.18200" yp2="62.55200" sp="0.05" color="silver" opacity="100"/>
<line xp1="90.18200" yp1="62.55200" xp2="90.24723" yp2="62.55257" sp="0.05" color="silver" opacity="100"/>
<line xp1="90.24723" yp1="62.55257" xp2="90.24677" yp2="62.37714" sp="0.05" color="silver" opacity="100"/>
<line xp1="90.24677" yp1="62.37714" xp2="90.26247" yp2="62.23600" sp="0.05" color="silver" opacity="100"/>
<line xp1="90.26247" yp1="62.23600" xp2="90.28092" yp2="62.22073" sp="0.05" color="silver" opacity="100"/>
<line xp1="90.28092" yp1="62.22073" xp2="90.36709" yp2="62.14943" sp="0.05" color="silver" opacity="100"/>
<line xp1="90.36709" yp1="62.14943" xp2="90.44831" yp2="61.97231" sp="0.05" color="silver" opacity="100"/>
<line xp1="90.44831" yp1="61.97231" xp2="90.45950" yp2="61.94791" sp="0.05" color="silver" opacity="100"/>
<line xp1="90.45950" yp1="61.94791" xp2="90.46825" yp2="61.92883" sp="0.05" color="silver" opacity="100"/>
<line xp1="90.46825" yp1="61.92883" xp2="90.56479" yp2="61.88601" sp="0.05" color="silver" opacity="100"/>
<line xp1="90.56479" yp1="61.88601" xp2="90.55770" yp2="61.72160" sp="0.05" color="silver" opacity="100"/>
<line xp1="90.55770" yp1="61.72160" xp2="90.58374" yp2="61.42128" sp="0.05" color="silver" opacity="100"/>
<line xp1="90.58374" yp1="61.42128" xp2="90.63744" yp2="61.45512" sp="0.05" color="silver" opacity="100"/>
<line xp1="90.63744" yp1="61.45512" xp2="90.71459" yp2="61.42585" sp="0.05" color="silver" opacity="100"/>
<line xp1="90.71459" yp1="61.42585" xp2="90.73797" yp2="61.43474" sp="0.05" color="silver" opacity="100"/>
<line xp1="90.73797" yp1="61.43474" xp2="90.79737" yp2="61.45734" sp="0.05" color="silver" opacity="100"/>
<line xp1="90.79737" yp1="61.45734" xp2="90.85879" yp2="61.54320" sp="0.05" color="silver" opacity="100"/>
<line xp1="90.85879" yp1="61.54320" xp2="90.90744" yp2="61.64878" sp="0.05" color="silver" opacity="100"/>
<line xp1="90.90744" yp1="61.64878" xp2="90.90909" yp2="61.64933" sp="0.05" color="silver" opacity="100"/>
<line xp1="90.90909" yp1="61.64933" xp2="90.98827" yp2="61.67575" sp="0.05" color="silver" opacity="100"/>
<line xp1="90.98827" yp1="61.67575" xp2="90.99520" yp2="61.67806" sp="0.05" color="silver" opacity="100"/>
<line xp1="90.99520" yp1="61.67806" xp2="91.04322" yp2="61.66526" sp="0.05" color="silver" opacity="100"/>
<line xp1="91.04322" yp1="61.66526" xp2="91.07083" yp2="61.71862" sp="0.05" color="silver" opacity="100"/>
<line xp1="91.07083" yp1="61.71862" xp2="91.13006" yp2="61.83307" sp="0.05" color="silver" opacity="100"/>
<line xp1="91.13006" yp1="61.83307" xp2="91.13574" yp2="61.82719" sp="0.05" color="silver" opacity="100"/>
<line xp1="91.13574" yp1="61.82719" xp2="91.20618" yp2="61.75432" sp="0.05" color="silver" opacity="100"/>
<line xp1="91.20618" yp1="61.75432" xp2="91.23786" yp2="61.72156" sp="0.05" color="silver" opacity="100"/>
<line xp1="91.23786" yp1="61.72156" xp2="91.23354" yp2="61.59715" sp="0.05" color="silver" opacity="100"/>
<line xp1="91.23354" yp1="61.59715" xp2="91.19063" yp2="61.55211" sp="0.05" color="silver" opacity="100"/>
<line xp1="91.19063" yp1="61.55211" xp2="91.06637" yp2="61.42167" sp="0.05" color="silver" opacity="100"/>
<line xp1="91.06637" yp1="61.42167" xp2="90.86925" yp2="61.29914" sp="0.05" color="silver" opacity="100"/>
<line xp1="90.86925" yp1="61.29914" xp2="90.84857" yp2="61.16912" sp="0.05" color="silver" opacity="100"/>
<line xp1="90.84857" yp1="61.16912" xp2="90.98842" yp2="61.21648" sp="0.05" color="silver" opacity="100"/>
<line xp1="90.98842" yp1="61.21648" xp2="91.09189" yp2="61.27525" sp="0.05" color="silver" opacity="100"/>
<line xp1="91.09189" yp1="61.27525" xp2="91.17799" yp2="61.38953" sp="0.05" color="silver" opacity="100"/>
<line xp1="91.17799" yp1="61.38953" xp2="91.27837" yp2="61.46551" sp="0.05" color="silver" opacity="100"/>
<line xp1="91.27837" yp1="61.46551" xp2="91.30138" yp2="61.48293" sp="0.05" color="silver" opacity="100"/>
<line xp1="91.30138" yp1="61.48293" xp2="91.44663" yp2="61.56666" sp="0.05" color="silver" opacity="100"/>
<line xp1="91.44663" yp1="61.56666" xp2="91.57499" yp2="61.59572" sp="0.05" color="silver" opacity="100"/>
<line xp1="91.57499" yp1="61.59572" xp2="91.62263" yp2="61.69090" sp="0.05" color="silver" opacity="100"/>
<line xp1="91.62263" yp1="61.69090" xp2="91.69141" yp2="61.73252" sp="0.05" color="silver" opacity="100"/>
<line xp1="91.69141" yp1="61.73252" xp2="91.81294" yp2="61.80145" sp="0.05" color="silver" opacity="100"/>
<line xp1="91.81294" yp1="61.80145" xp2="91.89279" yp2="61.76507" sp="0.05" color="silver" opacity="100"/>
<line xp1="91.89279" yp1="61.76507" xp2="92.06366" yp2="61.85839" sp="0.05" color="silver" opacity="100"/>
<line xp1="92.06366" yp1="61.85839" xp2="92.22227" yp2="61.89955" sp="0.05" color="silver" opacity="100"/>
<line xp1="92.22227" yp1="61.89955" xp2="92.29691" yp2="61.91880" sp="0.05" color="silver" opacity="100"/>
<line xp1="92.29691" yp1="61.91880" xp2="92.28929" yp2="61.77085" sp="0.05" color="silver" opacity="100"/>
<line xp1="92.28929" yp1="61.77085" xp2="92.29042" yp2="61.55409" sp="0.05" color="silver" opacity="100"/>
<line xp1="92.29042" yp1="61.55409" xp2="92.36157" yp2="61.57460" sp="0.05" color="silver" opacity="100"/>
<line xp1="92.36157" yp1="61.57460" xp2="92.41365" yp2="61.77903" sp="0.05" color="silver" opacity="100"/>
<line xp1="92.41365" yp1="61.77903" xp2="92.41806" yp2="61.97629" sp="0.05" color="silver" opacity="100"/>
<line xp1="92.41806" yp1="61.97629" xp2="92.40623" yp2="62.31263" sp="0.05" color="silver" opacity="100"/>
<line xp1="92.40623" yp1="62.31263" xp2="92.34649" yp2="62.64316" sp="0.05" color="silver" opacity="100"/>
<line xp1="92.34649" yp1="62.64316" xp2="92.33811" yp2="62.70282" sp="0.05" color="silver" opacity="100"/>
<line xp1="92.33811" yp1="62.70282" xp2="92.31671" yp2="62.85502" sp="0.05" color="silver" opacity="100"/>
<line xp1="92.31671" yp1="62.85502" xp2="92.23172" yp2="63.04197" sp="0.05" color="silver" opacity="100"/>
<line xp1="92.23172" yp1="63.04197" xp2="92.09394" yp2="63.12259" sp="0.05" color="silver" opacity="100"/>
<line xp1="92.09394" yp1="63.12259" xp2="92.03499" yp2="63.09962" sp="0.05" color="silver" opacity="100"/>
<line xp1="92.03499" yp1="63.09962" xp2="92.01645" yp2="63.09239" sp="0.05" color="silver" opacity="100"/>
<line xp1="92.01645" yp1="63.09239" xp2="91.93018" yp2="63.03924" sp="0.05" color="silver" opacity="100"/>
<line xp1="91.93018" yp1="63.03924" xp2="92.01410" yp2="62.91437" sp="0.05" color="silver" opacity="100"/>
<line xp1="92.01410" yp1="62.91437" xp2="92.07575" yp2="62.93305" sp="0.05" color="silver" opacity="100"/>
<line xp1="92.07575" yp1="62.93305" xp2="92.17881" yp2="62.89155" sp="0.05" color="silver" opacity="100"/>
<line xp1="92.17881" yp1="62.89155" xp2="92.19384" yp2="62.68186" sp="0.05" color="silver" opacity="100"/>
<line xp1="92.19384" yp1="62.68186" xp2="92.20152" yp2="62.52835" sp="0.05" color="silver" opacity="100"/>
<line xp1="92.20152" yp1="62.52835" xp2="92.29829" yp2="62.43542" sp="0.05" color="silver" opacity="100"/>
<line xp1="92.29829" yp1="62.43542" xp2="92.30178" yp2="62.31006" sp="0.05" color="silver" opacity="100"/>
<line xp1="92.30178" yp1="62.31006" xp2="92.26964" yp2="62.24961" sp="0.05" color="silver" opacity="100"/>
<line xp1="92.26964" yp1="62.24961" xp2="92.12003" yp2="62.16812" sp="0.05" color="silver" opacity="100"/>
<line xp1="92.12003" yp1="62.16812" xp2="91.97527" yp2="62.12280" sp="0.05" color="silver" opacity="100"/>
<line xp1="91.97527" yp1="62.12280" xp2="91.88879" yp2="62.06099" sp="0.05" color="silver" opacity="100"/>
<line xp1="91.88879" yp1="62.06099" xp2="91.80951" yp2="62.10302" sp="0.05" color="silver" opacity="100"/>
<line xp1="91.80951" yp1="62.10302" xp2="91.62813" yp2="62.15114" sp="0.05" color="silver" opacity="100"/>
<line xp1="91.62813" yp1="62.15114" xp2="91.54762" yp2="62.21109" sp="0.05" color="silver" opacity="100"/>
<line xp1="91.54762" yp1="62.21109" xp2="91.48245" yp2="62.31895" sp="0.05" color="silver" opacity="100"/>
<line xp1="91.48245" yp1="62.31895" xp2="91.47534" yp2="62.33073" sp="0.05" color="silver" opacity="100"/>
<line xp1="91.47534" yp1="62.33073" xp2="91.49913" yp2="62.45351" sp="0.05" color="silver" opacity="100"/>
<line xp1="91.49913" yp1="62.45351" xp2="91.46710" yp2="62.61929" sp="0.05" color="silver" opacity="100"/>
<line xp1="91.46710" yp1="62.61929" xp2="91.40989" yp2="62.71431" sp="0.05" color="silver" opacity="100"/>
<line xp1="91.40989" yp1="62.71431" xp2="91.37205" yp2="62.68772" sp="0.05" color="silver" opacity="100"/>
<line xp1="91.37205" yp1="62.68772" xp2="91.28850" yp2="62.74455" sp="0.05" color="silver" opacity="100"/>
<line xp1="91.28850" yp1="62.74455" xp2="91.26339" yp2="62.87289" sp="0.05" color="silver" opacity="100"/>
<line xp1="91.26339" yp1="62.87289" xp2="91.31640" yp2="62.98827" sp="0.05" color="silver" opacity="100"/>
<line xp1="91.31640" yp1="62.98827" xp2="91.32374" yp2="63.07128" sp="0.05" color="silver" opacity="100"/>
<line xp1="91.32374" yp1="63.07128" xp2="91.32542" yp2="63.09023" sp="0.05" color="silver" opacity="100"/>
<line xp1="91.32542" yp1="63.09023" xp2="91.26271" yp2="63.21814" sp="0.05" color="silver" opacity="100"/>
<line xp1="91.26271" yp1="63.21814" xp2="91.25336" yp2="63.23721" sp="0.05" color="silver" opacity="100"/>
<line xp1="91.25336" yp1="63.23721" xp2="91.18375" yp2="63.45983" sp="0.05" color="silver" opacity="100"/>
<line xp1="91.18375" yp1="63.45983" xp2="91.10527" yp2="63.56753" sp="0.05" color="silver" opacity="100"/>
<line xp1="91.10527" yp1="63.56753" xp2="91.09427" yp2="63.58263" sp="0.05" color="silver" opacity="100"/>
<line xp1="91.09427" yp1="63.58263" xp2="91.02177" yp2="63.61361" sp="0.05" color="silver" opacity="100"/>
<line xp1="91.02177" yp1="63.61361" xp2="90.99832" yp2="63.62363" sp="0.05" color="silver" opacity="100"/>
<line xp1="90.99832" yp1="63.62363" xp2="90.95194" yp2="63.71618" sp="0.05" color="silver" opacity="100"/>
<line xp1="90.95194" yp1="63.71618" xp2="90.89617" yp2="63.73053" sp="0.05" color="silver" opacity="100"/>
<line xp1="90.89617" yp1="63.73053" xp2="90.84847" yp2="63.66387" sp="0.05" color="silver" opacity="100"/>
<line xp1="90.84847" yp1="63.66387" xp2="90.81946" yp2="63.62334" sp="0.05" color="silver" opacity="100"/>
<line xp1="90.81946" yp1="63.62334" xp2="90.77991" yp2="63.75112" sp="0.05" color="silver" opacity="100"/>
<line xp1="90.77991" yp1="63.75112" xp2="90.77256" yp2="63.77487" sp="0.05" color="silver" opacity="100"/>
<line xp1="90.77256" yp1="63.77487" xp2="90.79524" yp2="63.83848" sp="0.05" color="silver" opacity="100"/>
<line xp1="90.79524" yp1="63.83848" xp2="90.80632" yp2="63.86954" sp="0.05" color="silver" opacity="100"/>
<line xp1="90.80632" yp1="63.86954" xp2="90.80785" yp2="63.87384" sp="0.05" color="silver" opacity="100"/>
<line xp1="90.80785" yp1="63.87384" xp2="90.79608" yp2="64.05778" sp="0.05" color="silver" opacity="100"/>
<line xp1="90.79608" yp1="64.05778" xp2="90.79539" yp2="64.06856" sp="0.05" color="silver" opacity="100"/>
<line xp1="90.79539" yp1="64.06856" xp2="90.81914" yp2="64.07090" sp="0.05" color="silver" opacity="100"/>
<line xp1="90.81914" yp1="64.07090" xp2="90.83814" yp2="64.07277" sp="0.05" color="silver" opacity="100"/>
<line xp1="90.83814" yp1="64.07277" xp2="90.90278" yp2="64.07913" sp="0.05" color="silver" opacity="100"/>
<line xp1="90.90278" yp1="64.07913" xp2="90.91386" yp2="64.11188" sp="0.05" color="silver" opacity="100"/>
<line xp1="90.91386" yp1="64.11188" xp2="90.92426" yp2="64.14262" sp="0.05" color="silver" opacity="100"/>
<line xp1="90.92426" yp1="64.14262" xp2="90.94386" yp2="64.20056" sp="0.05" color="silver" opacity="100"/>
<line xp1="90.94386" yp1="64.20056" xp2="91.02155" yp2="64.25856" sp="0.05" color="silver" opacity="100"/>
<line xp1="91.02155" yp1="64.25856" xp2="91.00608" yp2="64.39580" sp="0.05" color="silver" opacity="100"/>
<line xp1="91.00608" yp1="64.39580" xp2="91.00232" yp2="64.42913" sp="0.05" color="silver" opacity="100"/>
<line xp1="91.00232" yp1="64.42913" xp2="91.07063" yp2="64.46170" sp="0.05" color="silver" opacity="100"/>
<line xp1="91.07063" yp1="64.46170" xp2="91.23296" yp2="64.50684" sp="0.05" color="silver" opacity="100"/>
<line xp1="91.23296" yp1="64.50684" xp2="91.30042" yp2="64.52067" sp="0.05" color="silver" opacity="100"/>
<line xp1="91.30042" yp1="64.52067" xp2="91.39382" yp2="64.67151" sp="0.05" color="silver" opacity="100"/>
<line xp1="91.39382" yp1="64.67151" xp2="91.38076" yp2="64.79343" sp="0.05" color="silver" opacity="100"/>
<line xp1="91.38076" yp1="64.79343" xp2="91.31523" yp2="64.82692" sp="0.05" color="silver" opacity="100"/>
<line xp1="91.31523" yp1="64.82692" xp2="91.25909" yp2="64.74955" sp="0.05" color="silver" opacity="100"/>
<line xp1="91.25909" yp1="64.74955" xp2="91.18489" yp2="64.77029" sp="0.05" color="silver" opacity="100"/>
<line xp1="91.18489" yp1="64.77029" xp2="91.11959" yp2="64.88875" sp="0.05" color="silver" opacity="100"/>
<line xp1="91.11959" yp1="64.88875" xp2="91.09877" yp2="64.97174" sp="0.05" color="silver" opacity="100"/>
<line xp1="91.09877" yp1="64.97174" xp2="91.06889" yp2="65.09085" sp="0.05" color="silver" opacity="100"/>
<line xp1="91.06889" yp1="65.09085" xp2="91.05031" yp2="65.34940" sp="0.05" color="silver" opacity="100"/>
<line xp1="91.05031" yp1="65.34940" xp2="90.97731" yp2="65.34359" sp="0.05" color="silver" opacity="100"/>
<line xp1="90.97731" yp1="65.34359" xp2="90.87569" yp2="65.38454" sp="0.05" color="silver" opacity="100"/>
<line xp1="90.87569" yp1="65.38454" xp2="90.82077" yp2="65.33997" sp="0.05" color="silver" opacity="100"/>
<line xp1="90.82077" yp1="65.33997" xp2="90.72123" yp2="65.31168" sp="0.05" color="silver" opacity="100"/>
<line xp1="90.72123" yp1="65.31168" xp2="90.69428" yp2="65.23161" sp="0.05" color="silver" opacity="100"/>
<line xp1="90.69428" yp1="65.23161" xp2="90.67046" yp2="65.16083" sp="0.05" color="silver" opacity="100"/>
<line xp1="90.67046" yp1="65.16083" xp2="90.59019" yp2="65.17687" sp="0.05" color="silver" opacity="100"/>
<line xp1="90.59019" yp1="65.17687" xp2="90.53892" yp2="65.18711" sp="0.05" color="silver" opacity="100"/>
<line xp1="90.53892" yp1="65.18711" xp2="90.51638" yp2="65.15860" sp="0.05" color="silver" opacity="100"/>
<line xp1="90.51638" yp1="65.15860" xp2="90.48991" yp2="65.12510" sp="0.05" color="silver" opacity="100"/>
<line xp1="90.48991" yp1="65.12510" xp2="90.48292" yp2="65.11625" sp="0.05" color="silver" opacity="100"/>
<line xp1="90.48292" yp1="65.11625" xp2="90.48953" yp2="64.96454" sp="0.05" color="silver" opacity="100"/>
<line xp1="90.48953" yp1="64.96454" xp2="90.39172" yp2="64.96159" sp="0.05" color="silver" opacity="100"/>
<line xp1="90.39172" yp1="64.96159" xp2="90.37675" yp2="64.96113" sp="0.05" color="silver" opacity="100"/>
<line xp1="90.37675" yp1="64.96113" xp2="90.37599" yp2="64.96111" sp="0.05" color="silver" opacity="100"/>
<line xp1="90.37599" yp1="64.96111" xp2="90.31661" yp2="64.84854" sp="0.05" color="silver" opacity="100"/>
<line xp1="90.31661" yp1="64.84854" xp2="90.22789" yp2="64.85187" sp="0.05" color="silver" opacity="100"/>
<line xp1="90.22789" yp1="64.85187" xp2="90.17393" yp2="64.85424" sp="0.05" color="silver" opacity="100"/>
<line xp1="90.17393" yp1="64.85424" xp2="89.93456" yp2="64.86477" sp="0.05" color="silver" opacity="100"/>
<line xp1="89.93456" yp1="64.86477" xp2="89.79044" yp2="64.87111" sp="0.05" color="silver" opacity="100"/>
<line xp1="89.79044" yp1="64.87111" xp2="89.62182" yp2="64.87796" sp="0.05" color="silver" opacity="100"/>
<line xp1="89.62182" yp1="64.87796" xp2="89.58068" yp2="64.88005" sp="0.05" color="silver" opacity="100"/>
<line xp1="89.58068" yp1="64.88005" xp2="89.53017" yp2="64.88261" sp="0.05" color="silver" opacity="100"/>
<line xp1="89.53017" yp1="64.88261" xp2="89.38651" yp2="64.88990" sp="0.05" color="silver" opacity="100"/>
<line xp1="89.38651" yp1="64.88990" xp2="89.33995" yp2="64.89227" sp="0.05" color="silver" opacity="100"/>
<line xp1="89.33995" yp1="64.89227" xp2="89.10559" yp2="64.90416" sp="0.05" color="silver" opacity="100"/>
<line xp1="89.10559" yp1="64.90416" xp2="89.05991" yp2="64.90648" sp="0.05" color="silver" opacity="100"/>
<line xp1="89.05991" yp1="64.90648" xp2="89.03919" yp2="64.90753" sp="0.05" color="silver" opacity="100"/>
<line xp1="89.03919" yp1="64.90753" xp2="88.91752" yp2="64.91377" sp="0.05" color="silver" opacity="100"/>
<line xp1="88.91752" yp1="64.91377" xp2="88.79533" yp2="64.92003" sp="0.05" color="silver" opacity="100"/>
<line xp1="88.79533" yp1="64.92003" xp2="88.59688" yp2="64.93020" sp="0.05" color="silver" opacity="100"/>
<line xp1="88.59688" yp1="64.93020" xp2="88.53662" yp2="64.93329" sp="0.05" color="silver" opacity="100"/>
<line xp1="88.53662" yp1="64.93329" xp2="88.52536" yp2="64.93387" sp="0.05" color="silver" opacity="100"/>
<line xp1="88.52536" yp1="64.93387" xp2="88.43583" yp2="64.93848" sp="0.05" color="silver" opacity="100"/>
<line xp1="88.43583" yp1="64.93848" xp2="87.98598" yp2="64.96166" sp="0.05" color="silver" opacity="100"/>
<line xp1="87.98598" yp1="64.96166" xp2="87.90109" yp2="64.96490" sp="0.05" color="silver" opacity="100"/>
<line xp1="87.90109" yp1="64.96490" xp2="87.80429" yp2="64.96859" sp="0.05" color="silver" opacity="100"/>
<line xp1="87.80429" yp1="64.96859" xp2="87.79984" yp2="64.96876" sp="0.05" color="silver" opacity="100"/>
<line xp1="87.79984" yp1="64.96876" xp2="87.77087" yp2="64.96986" sp="0.05" color="silver" opacity="100"/>
<line xp1="87.77087" yp1="64.96986" xp2="87.66362" yp2="64.97395" sp="0.05" color="silver" opacity="100"/>
<line xp1="87.66362" yp1="64.97395" xp2="87.65690" yp2="64.97421" sp="0.05" color="silver" opacity="100"/>
<line xp1="87.65690" yp1="64.97421" xp2="87.47281" yp2="64.98123" sp="0.05" color="silver" opacity="100"/>
<line xp1="87.47281" yp1="64.98123" xp2="87.28468" yp2="64.98840" sp="0.05" color="silver" opacity="100"/>
<line xp1="87.28468" yp1="64.98840" xp2="87.21999" yp2="64.66472" sp="0.05" color="silver" opacity="100"/>
<line xp1="87.21999" yp1="64.66472" xp2="87.14996" yp2="64.31429" sp="0.05" color="silver" opacity="100"/>
<line xp1="87.14996" yp1="64.31429" xp2="87.06055" yp2="63.86213" sp="0.05" color="silver" opacity="100"/>
<line xp1="87.06055" yp1="63.86213" xp2="86.91055" yp2="63.10359" sp="0.05" color="silver" opacity="100"/>
<line xp1="86.91055" yp1="63.10359" xp2="86.91055" yp2="63.10359" sp="0.05" color="silver" opacity="100"/>
<line xp1="69.82120" yp1="73.98420" xp2="69.76803" yp2="73.88346" sp="0.05" color="silver" opacity="100"/>
<line xp1="69.76803" yp1="73.88346" xp2="69.86527" yp2="73.73343" sp="0.05" color="silver" opacity="100"/>
<line xp1="69.86527" yp1="73.73343" xp2="70.02442" yp2="73.51631" sp="0.05" color="silver" opacity="100"/>
<line xp1="70.02442" yp1="73.51631" xp2="70.16302" yp2="73.50749" sp="0.05" color="silver" opacity="100"/>
<line xp1="70.16302" yp1="73.50749" xp2="70.22151" yp2="73.63399" sp="0.05" color="silver" opacity="100"/>
<line xp1="70.22151" yp1="73.63399" xp2="70.12354" yp2="73.71378" sp="0.05" color="silver" opacity="100"/>
<line xp1="70.12354" yp1="73.71378" xp2="69.97247" yp2="73.79584" sp="0.05" color="silver" opacity="100"/>
<line xp1="69.97247" yp1="73.79584" xp2="69.82120" yp2="73.98420" sp="0.05" color="silver" opacity="100"/>
<line xp1="69.82120" yp1="73.98420" xp2="69.82120" yp2="73.98420" sp="0.05" color="silver" opacity="100"/>
<line xp1="68.15106" yp1="73.53180" xp2="68.15866" yp2="73.42071" sp="0.05" color="silver" opacity="100"/>
<line xp1="68.15866" yp1="73.42071" xp2="68.27271" yp2="73.10294" sp="0.05" color="silver" opacity="100"/>
<line xp1="68.27271" yp1="73.10294" xp2="68.36672" yp2="73.06347" sp="0.05" color="silver" opacity="100"/>
<line xp1="68.36672" yp1="73.06347" xp2="68.44727" yp2="73.13279" sp="0.05" color="silver" opacity="100"/>
<line xp1="68.44727" yp1="73.13279" xp2="68.65057" yp2="73.62575" sp="0.05" color="silver" opacity="100"/>
<line xp1="68.65057" yp1="73.62575" xp2="68.67546" yp2="73.76444" sp="0.05" color="silver" opacity="100"/>
<line xp1="68.67546" yp1="73.76444" xp2="68.42393" yp2="73.79941" sp="0.05" color="silver" opacity="100"/>
<line xp1="68.42393" yp1="73.79941" xp2="68.22790" yp2="73.55183" sp="0.05" color="silver" opacity="100"/>
<line xp1="68.22790" yp1="73.55183" xp2="68.15106" yp2="73.53180" sp="0.05" color="silver" opacity="100"/>
<line xp1="68.15106" yp1="73.53180" xp2="68.15106" yp2="73.53180" sp="0.05" color="silver" opacity="100"/>
<line xp1="67.47985" yp1="71.55154" xp2="67.45412" yp2="71.43541" sp="0.05" color="silver" opacity="100"/>
<line xp1="67.45412" yp1="71.43541" xp2="67.56694" yp2="71.40027" sp="0.05" color="silver" opacity="100"/>
<line xp1="67.56694" yp1="71.40027" xp2="67.72787" yp2="71.60760" sp="0.05" color="silver" opacity="100"/>
<line xp1="67.72787" yp1="71.60760" xp2="67.76304" yp2="71.76937" sp="0.05" color="silver" opacity="100"/>
<line xp1="67.76304" yp1="71.76937" xp2="67.70860" yp2="71.86020" sp="0.05" color="silver" opacity="100"/>
<line xp1="67.70860" yp1="71.86020" xp2="67.62395" yp2="71.88452" sp="0.05" color="silver" opacity="100"/>
<line xp1="67.62395" yp1="71.88452" xp2="67.47985" yp2="71.55154" sp="0.05" color="silver" opacity="100"/>
<line xp1="67.47985" yp1="71.55154" xp2="67.47985" yp2="71.55154" sp="0.05" color="silver" opacity="100"/>
<line xp1="66.62574" yp1="62.38687" xp2="66.42334" yp2="62.17211" sp="0.05" color="silver" opacity="100"/>
<line xp1="66.42334" yp1="62.17211" xp2="66.70566" yp2="62.17050" sp="0.05" color="silver" opacity="100"/>
<line xp1="66.70566" yp1="62.17050" xp2="66.70762" yp2="62.17049" sp="0.05" color="silver" opacity="100"/>
<line xp1="66.70762" yp1="62.17049" xp2="66.88582" yp2="62.17021" sp="0.05" color="silver" opacity="100"/>
<line xp1="66.88582" yp1="62.17021" xp2="66.92035" yp2="62.17015" sp="0.05" color="silver" opacity="100"/>
<line xp1="66.92035" yp1="62.17015" xp2="67.34447" yp2="62.17147" sp="0.05" color="silver" opacity="100"/>
<line xp1="67.34447" yp1="62.17147" xp2="67.34451" yp2="62.17147" sp="0.05" color="silver" opacity="100"/>
<line xp1="67.34451" yp1="62.17147" xp2="67.59606" yp2="62.17044" sp="0.05" color="silver" opacity="100"/>
<line xp1="67.59606" yp1="62.17044" xp2="68.01329" yp2="62.16872" sp="0.05" color="silver" opacity="100"/>
<line xp1="68.01329" yp1="62.16872" xp2="68.01333" yp2="62.16872" sp="0.05" color="silver" opacity="100"/>
<line xp1="68.01333" yp1="62.16872" xp2="68.21577" yp2="62.16925" sp="0.05" color="silver" opacity="100"/>
<line xp1="68.21577" yp1="62.16925" xp2="68.78126" yp2="62.17073" sp="0.05" color="silver" opacity="100"/>
<line xp1="68.78126" yp1="62.17073" xp2="68.87256" yp2="62.17097" sp="0.05" color="silver" opacity="100"/>
<line xp1="68.87256" yp1="62.17097" xp2="68.92804" yp2="62.17106" sp="0.05" color="silver" opacity="100"/>
<line xp1="68.92804" yp1="62.17106" xp2="69.49980" yp2="62.17200" sp="0.05" color="silver" opacity="100"/>
<line xp1="69.49980" yp1="62.17200" xp2="69.52941" yp2="62.17205" sp="0.05" color="silver" opacity="100"/>
<line xp1="69.52941" yp1="62.17205" xp2="69.52910" yp2="61.98883" sp="0.05" color="silver" opacity="100"/>
<line xp1="69.52910" yp1="61.98883" xp2="70.09528" yp2="62.01401" sp="0.05" color="silver" opacity="100"/>
<line xp1="70.09528" yp1="62.01401" xp2="70.15454" yp2="62.01692" sp="0.05" color="silver" opacity="100"/>
<line xp1="70.15454" yp1="62.01692" xp2="70.21474" yp2="62.01987" sp="0.05" color="silver" opacity="100"/>
<line xp1="70.21474" yp1="62.01987" xp2="70.56244" yp2="62.03695" sp="0.05" color="silver" opacity="100"/>
<line xp1="70.56244" yp1="62.03695" xp2="70.95325" yp2="62.05770" sp="0.05" color="silver" opacity="100"/>
<line xp1="70.95325" yp1="62.05770" xp2="71.13362" yp2="62.06728" sp="0.05" color="silver" opacity="100"/>
<line xp1="71.13362" yp1="62.06728" xp2="71.13379" yp2="62.06729" sp="0.05" color="silver" opacity="100"/>
<line xp1="71.13379" yp1="62.06729" xp2="71.40686" yp2="62.08221" sp="0.05" color="silver" opacity="100"/>
<line xp1="71.40686" yp1="62.08221" xp2="71.60949" yp2="62.09328" sp="0.05" color="silver" opacity="100"/>
<line xp1="71.60949" yp1="62.09328" xp2="71.65527" yp2="62.11639" sp="0.05" color="silver" opacity="100"/>
<line xp1="71.65527" yp1="62.11639" xp2="71.62820" yp2="62.31042" sp="0.05" color="silver" opacity="100"/>
<line xp1="71.62820" yp1="62.31042" xp2="71.69812" yp2="62.43704" sp="0.05" color="silver" opacity="100"/>
<line xp1="71.69812" yp1="62.43704" xp2="71.78222" yp2="62.51416" sp="0.05" color="silver" opacity="100"/>
<line xp1="71.78222" yp1="62.51416" xp2="71.80612" yp2="62.64275" sp="0.05" color="silver" opacity="100"/>
<line xp1="71.80612" yp1="62.64275" xp2="71.89304" yp2="62.68298" sp="0.05" color="silver" opacity="100"/>
<line xp1="71.89304" yp1="62.68298" xp2="71.97400" yp2="62.82446" sp="0.05" color="silver" opacity="100"/>
<line xp1="71.97400" yp1="62.82446" xp2="72.00777" yp2="62.95174" sp="0.05" color="silver" opacity="100"/>
<line xp1="72.00777" yp1="62.95174" xp2="72.02227" yp2="63.00641" sp="0.05" color="silver" opacity="100"/>
<line xp1="72.02227" yp1="63.00641" xp2="72.10229" yp2="63.10898" sp="0.05" color="silver" opacity="100"/>
<line xp1="72.10229" yp1="63.10898" xp2="72.10166" yp2="63.35640" sp="0.05" color="silver" opacity="100"/>
<line xp1="72.10166" yp1="63.35640" xp2="72.12972" yp2="63.51719" sp="0.05" color="silver" opacity="100"/>
<line xp1="72.12972" yp1="63.51719" xp2="72.15714" yp2="63.67432" sp="0.05" color="silver" opacity="100"/>
<line xp1="72.15714" yp1="63.67432" xp2="72.15920" yp2="63.68611" sp="0.05" color="silver" opacity="100"/>
<line xp1="72.15920" yp1="63.68611" xp2="72.32520" yp2="63.80697" sp="0.05" color="silver" opacity="100"/>
<line xp1="72.32520" yp1="63.80697" xp2="72.38512" yp2="63.84075" sp="0.05" color="silver" opacity="100"/>
<line xp1="72.38512" yp1="63.84075" xp2="72.42466" yp2="63.86305" sp="0.05" color="silver" opacity="100"/>
<line xp1="72.42466" yp1="63.86305" xp2="72.50716" yp2="64.14539" sp="0.05" color="silver" opacity="100"/>
<line xp1="72.50716" yp1="64.14539" xp2="72.50718" yp2="64.14574" sp="0.05" color="silver" opacity="100"/>
<line xp1="72.50718" yp1="64.14574" xp2="72.51149" yp2="64.21178" sp="0.05" color="silver" opacity="100"/>
<line xp1="72.51149" yp1="64.21178" xp2="72.52275" yp2="64.38444" sp="0.05" color="silver" opacity="100"/>
<line xp1="72.52275" yp1="64.38444" xp2="72.52393" yp2="64.40244" sp="0.05" color="silver" opacity="100"/>
<line xp1="72.52393" yp1="64.40244" xp2="72.52413" yp2="64.40553" sp="0.05" color="silver" opacity="100"/>
<line xp1="72.52413" yp1="64.40553" xp2="72.68319" yp2="64.46976" sp="0.05" color="silver" opacity="100"/>
<line xp1="72.68319" yp1="64.46976" xp2="72.66769" yp2="64.57157" sp="0.05" color="silver" opacity="100"/>
<line xp1="72.66769" yp1="64.57157" xp2="72.61381" yp2="64.65584" sp="0.05" color="silver" opacity="100"/>
<line xp1="72.61381" yp1="64.65584" xp2="72.75710" yp2="64.78713" sp="0.05" color="silver" opacity="100"/>
<line xp1="72.75710" yp1="64.78713" xp2="72.86200" yp2="64.74638" sp="0.05" color="silver" opacity="100"/>
<line xp1="72.86200" yp1="64.74638" xp2="72.75943" yp2="64.63173" sp="0.05" color="silver" opacity="100"/>
<line xp1="72.75943" yp1="64.63173" xp2="72.80145" yp2="64.34917" sp="0.05" color="silver" opacity="100"/>
<line xp1="72.80145" yp1="64.34917" xp2="72.94770" yp2="64.44012" sp="0.05" color="silver" opacity="100"/>
<line xp1="72.94770" yp1="64.44012" xp2="73.06164" yp2="64.67798" sp="0.05" color="silver" opacity="100"/>
<line xp1="73.06164" yp1="64.67798" xp2="73.12695" yp2="65.03403" sp="0.05" color="silver" opacity="100"/>
<line xp1="73.12695" yp1="65.03403" xp2="73.12321" yp2="65.39274" sp="0.05" color="silver" opacity="100"/>
<line xp1="73.12321" yp1="65.39274" xp2="73.18676" yp2="65.57715" sp="0.05" color="silver" opacity="100"/>
<line xp1="73.18676" yp1="65.57715" xp2="73.20625" yp2="65.73016" sp="0.05" color="silver" opacity="100"/>
<line xp1="73.20625" yp1="65.73016" xp2="73.09840" yp2="66.00710" sp="0.05" color="silver" opacity="100"/>
<line xp1="73.09840" yp1="66.00710" xp2="73.06763" yp2="66.19665" sp="0.05" color="silver" opacity="100"/>
<line xp1="73.06763" yp1="66.19665" xp2="73.04141" yp2="66.35817" sp="0.05" color="silver" opacity="100"/>
<line xp1="73.04141" yp1="66.35817" xp2="73.01549" yp2="66.92108" sp="0.05" color="silver" opacity="100"/>
<line xp1="73.01549" yp1="66.92108" xp2="72.93264" yp2="67.37562" sp="0.05" color="silver" opacity="100"/>
<line xp1="72.93264" yp1="67.37562" xp2="72.91311" yp2="67.68700" sp="0.05" color="silver" opacity="100"/>
<line xp1="72.91311" yp1="67.68700" xp2="72.90427" yp2="67.82792" sp="0.05" color="silver" opacity="100"/>
<line xp1="72.90427" yp1="67.82792" xp2="72.87132" yp2="68.08921" sp="0.05" color="silver" opacity="100"/>
<line xp1="72.87132" yp1="68.08921" xp2="72.75409" yp2="68.42350" sp="0.05" color="silver" opacity="100"/>
<line xp1="72.75409" yp1="68.42350" xp2="72.62584" yp2="68.63785" sp="0.05" color="silver" opacity="100"/>
<line xp1="72.62584" yp1="68.63785" xp2="72.41710" yp2="68.76968" sp="0.05" color="silver" opacity="100"/>
<line xp1="72.41710" yp1="68.76968" xp2="72.26984" yp2="68.70050" sp="0.05" color="silver" opacity="100"/>
<line xp1="72.26984" yp1="68.70050" xp2="72.23604" yp2="68.61631" sp="0.05" color="silver" opacity="100"/>
<line xp1="72.23604" yp1="68.61631" xp2="72.10018" yp2="68.55185" sp="0.05" color="silver" opacity="100"/>
<line xp1="72.10018" yp1="68.55185" xp2="71.90534" yp2="68.49579" sp="0.05" color="silver" opacity="100"/>
<line xp1="71.90534" yp1="68.49579" xp2="71.87337" yp2="68.39437" sp="0.05" color="silver" opacity="100"/>
<line xp1="71.87337" yp1="68.39437" xp2="71.68131" yp2="68.34231" sp="0.05" color="silver" opacity="100"/>
<line xp1="71.68131" yp1="68.34231" xp2="71.64214" yp2="68.24364" sp="0.05" color="silver" opacity="100"/>
<line xp1="71.64214" yp1="68.24364" xp2="71.56990" yp2="67.98179" sp="0.05" color="silver" opacity="100"/>
<line xp1="71.56990" yp1="67.98179" xp2="71.52910" yp2="67.84331" sp="0.05" color="silver" opacity="100"/>
<line xp1="71.52910" yp1="67.84331" xp2="71.51948" yp2="67.81065" sp="0.05" color="silver" opacity="100"/>
<line xp1="71.51948" yp1="67.81065" xp2="71.49286" yp2="67.76927" sp="0.05" color="silver" opacity="100"/>
<line xp1="71.49286" yp1="67.76927" xp2="71.25638" yp2="67.40167" sp="0.05" color="silver" opacity="100"/>
<line xp1="71.25638" yp1="67.40167" xp2="71.23167" yp2="67.43325" sp="0.05" color="silver" opacity="100"/>
<line xp1="71.23167" yp1="67.43325" xp2="71.18307" yp2="67.49534" sp="0.05" color="silver" opacity="100"/>
<line xp1="71.18307" yp1="67.49534" xp2="71.04939" yp2="67.63940" sp="0.05" color="silver" opacity="100"/>
<line xp1="71.04939" yp1="67.63940" xp2="70.90849" yp2="67.63606" sp="0.05" color="silver" opacity="100"/>
<line xp1="70.90849" yp1="67.63606" xp2="70.84963" yp2="67.81476" sp="0.05" color="silver" opacity="100"/>
<line xp1="70.84963" yp1="67.81476" xp2="70.87788" yp2="67.93455" sp="0.05" color="silver" opacity="100"/>
<line xp1="70.87788" yp1="67.93455" xp2="70.90675" yp2="68.26634" sp="0.05" color="silver" opacity="100"/>
<line xp1="70.90675" yp1="68.26634" xp2="70.92103" yp2="68.30979" sp="0.05" color="silver" opacity="100"/>
<line xp1="70.92103" yp1="68.30979" xp2="70.97014" yp2="68.45920" sp="0.05" color="silver" opacity="100"/>
<line xp1="70.97014" yp1="68.45920" xp2="71.09560" yp2="68.52937" sp="0.05" color="silver" opacity="100"/>
<line xp1="71.09560" yp1="68.52937" xp2="71.24121" yp2="68.53934" sp="0.05" color="silver" opacity="100"/>
<line xp1="71.24121" yp1="68.53934" xp2="71.26207" yp2="68.67533" sp="0.05" color="silver" opacity="100"/>
<line xp1="71.26207" yp1="68.67533" xp2="71.40909" yp2="68.73357" sp="0.05" color="silver" opacity="100"/>
<line xp1="71.40909" yp1="68.73357" xp2="71.43424" yp2="69.01685" sp="0.05" color="silver" opacity="100"/>
<line xp1="71.43424" yp1="69.01685" xp2="71.43901" yp2="69.03864" sp="0.05" color="silver" opacity="100"/>
<line xp1="71.43901" yp1="69.03864" xp2="71.50028" yp2="69.31874" sp="0.05" color="silver" opacity="100"/>
<line xp1="71.50028" yp1="69.31874" xp2="71.62657" yp2="69.32960" sp="0.05" color="silver" opacity="100"/>
<line xp1="71.62657" yp1="69.32960" xp2="71.68950" yp2="69.43380" sp="0.05" color="silver" opacity="100"/>
<line xp1="71.68950" yp1="69.43380" xp2="71.78925" yp2="69.52263" sp="0.05" color="silver" opacity="100"/>
<line xp1="71.78925" yp1="69.52263" xp2="71.81906" yp2="69.96017" sp="0.05" color="silver" opacity="100"/>
<line xp1="71.81906" yp1="69.96017" xp2="71.82006" yp2="70.03338" sp="0.05" color="silver" opacity="100"/>
<line xp1="71.82006" yp1="70.03338" xp2="71.82382" yp2="70.31064" sp="0.05" color="silver" opacity="100"/>
<line xp1="71.82382" yp1="70.31064" xp2="71.88179" yp2="70.54101" sp="0.05" color="silver" opacity="100"/>
<line xp1="71.88179" yp1="70.54101" xp2="71.85081" yp2="70.73856" sp="0.05" color="silver" opacity="100"/>
<line xp1="71.85081" yp1="70.73856" xp2="71.82113" yp2="71.02455" sp="0.05" color="silver" opacity="100"/>
<line xp1="71.82113" yp1="71.02455" xp2="71.81461" yp2="71.08735" sp="0.05" color="silver" opacity="100"/>
<line xp1="71.81461" yp1="71.08735" xp2="71.76490" yp2="71.10333" sp="0.05" color="silver" opacity="100"/>
<line xp1="71.76490" yp1="71.10333" xp2="71.63253" yp2="71.25955" sp="0.05" color="silver" opacity="100"/>
<line xp1="71.63253" yp1="71.25955" xp2="71.63720" yp2="71.42861" sp="0.05" color="silver" opacity="100"/>
<line xp1="71.63720" yp1="71.42861" xp2="71.62761" yp2="71.57445" sp="0.05" color="silver" opacity="100"/>
<line xp1="71.62761" yp1="71.57445" xp2="71.69345" yp2="71.62961" sp="0.05" color="silver" opacity="100"/>
<line xp1="71.69345" yp1="71.62961" xp2="71.78422" yp2="71.54727" sp="0.05" color="silver" opacity="100"/>
<line xp1="71.78422" yp1="71.54727" xp2="71.89862" yp2="71.50527" sp="0.05" color="silver" opacity="100"/>
<line xp1="71.89862" yp1="71.50527" xp2="71.82166" yp2="71.82855" sp="0.05" color="silver" opacity="100"/>
<line xp1="71.82166" yp1="71.82855" xp2="71.71506" yp2="72.02030" sp="0.05" color="silver" opacity="100"/>
<line xp1="71.71506" yp1="72.02030" xp2="71.68321" yp2="72.07759" sp="0.05" color="silver" opacity="100"/>
<line xp1="71.68321" yp1="72.07759" xp2="71.71522" yp2="72.21199" sp="0.05" color="silver" opacity="100"/>
<line xp1="71.71522" yp1="72.21199" xp2="71.55565" yp2="72.44535" sp="0.05" color="silver" opacity="100"/>
<line xp1="71.55565" yp1="72.44535" xp2="71.38573" yp2="72.43589" sp="0.05" color="silver" opacity="100"/>
<line xp1="71.38573" yp1="72.43589" xp2="71.23490" yp2="72.56068" sp="0.05" color="silver" opacity="100"/>
<line xp1="71.23490" yp1="72.56068" xp2="71.01301" yp2="72.67225" sp="0.05" color="silver" opacity="100"/>
<line xp1="71.01301" yp1="72.67225" xp2="70.90850" yp2="72.81653" sp="0.05" color="silver" opacity="100"/>
<line xp1="70.90850" yp1="72.81653" xp2="70.77177" yp2="72.83188" sp="0.05" color="silver" opacity="100"/>
<line xp1="70.77177" yp1="72.83188" xp2="70.62168" yp2="72.84942" sp="0.05" color="silver" opacity="100"/>
<line xp1="70.62168" yp1="72.84942" xp2="70.57457" yp2="73.01890" sp="0.05" color="silver" opacity="100"/>
<line xp1="70.57457" yp1="73.01890" xp2="70.46763" yp2="73.20416" sp="0.05" color="silver" opacity="100"/>
<line xp1="70.46763" yp1="73.20416" xp2="70.44478" yp2="73.21780" sp="0.05" color="silver" opacity="100"/>
<line xp1="70.44478" yp1="73.21780" xp2="70.26225" yp2="73.32680" sp="0.05" color="silver" opacity="100"/>
<line xp1="70.26225" yp1="73.32680" xp2="70.13286" yp2="73.34122" sp="0.05" color="silver" opacity="100"/>
<line xp1="70.13286" yp1="73.34122" xp2="70.05895" yp2="73.29258" sp="0.05" color="silver" opacity="100"/>
<line xp1="70.05895" yp1="73.29258" xp2="69.91798" yp2="73.42447" sp="0.05" color="silver" opacity="100"/>
<line xp1="69.91798" yp1="73.42447" xp2="69.66322" yp2="73.65028" sp="0.05" color="silver" opacity="100"/>
<line xp1="69.66322" yp1="73.65028" xp2="69.64270" yp2="73.65856" sp="0.05" color="silver" opacity="100"/>
<line xp1="69.64270" yp1="73.65856" xp2="69.58036" yp2="73.68372" sp="0.05" color="silver" opacity="100"/>
<line xp1="69.58036" yp1="73.68372" xp2="69.43542" yp2="73.57733" sp="0.05" color="silver" opacity="100"/>
<line xp1="69.43542" yp1="73.57733" xp2="69.20845" yp2="73.60094" sp="0.05" color="silver" opacity="100"/>
<line xp1="69.20845" yp1="73.60094" xp2="69.27546" yp2="73.38953" sp="0.05" color="silver" opacity="100"/>
<line xp1="69.27546" yp1="73.38953" xp2="69.13617" yp2="73.25573" sp="0.05" color="silver" opacity="100"/>
<line xp1="69.13617" yp1="73.25573" xp2="69.04656" yp2="73.05436" sp="0.05" color="silver" opacity="100"/>
<line xp1="69.04656" yp1="73.05436" xp2="69.06269" yp2="72.91893" sp="0.05" color="silver" opacity="100"/>
<line xp1="69.06269" yp1="72.91893" xp2="69.16779" yp2="72.67629" sp="0.05" color="silver" opacity="100"/>
<line xp1="69.16779" yp1="72.67629" xp2="69.26007" yp2="72.65538" sp="0.05" color="silver" opacity="100"/>
<line xp1="69.26007" yp1="72.65538" xp2="69.36468" yp2="72.59936" sp="0.05" color="silver" opacity="100"/>
<line xp1="69.36468" yp1="72.59936" xp2="69.29366" yp2="72.50278" sp="0.05" color="silver" opacity="100"/>
<line xp1="69.29366" yp1="72.50278" xp2="69.14645" yp2="72.46883" sp="0.05" color="silver" opacity="100"/>
<line xp1="69.14645" yp1="72.46883" xp2="69.08299" yp2="72.46597" sp="0.05" color="silver" opacity="100"/>
<line xp1="69.08299" yp1="72.46597" xp2="68.92815" yp2="72.45897" sp="0.05" color="silver" opacity="100"/>
<line xp1="68.92815" yp1="72.45897" xp2="68.77716" yp2="72.33259" sp="0.05" color="silver" opacity="100"/>
<line xp1="68.77716" yp1="72.33259" xp2="68.65909" yp2="72.20238" sp="0.05" color="silver" opacity="100"/>
<line xp1="68.65909" yp1="72.20238" xp2="68.64950" yp2="72.02184" sp="0.05" color="silver" opacity="100"/>
<line xp1="68.64950" yp1="72.02184" xp2="68.64544" yp2="71.94536" sp="0.05" color="silver" opacity="100"/>
<line xp1="68.64544" yp1="71.94536" xp2="68.66654" yp2="71.71883" sp="0.05" color="silver" opacity="100"/>
<line xp1="68.66654" yp1="71.71883" xp2="68.64514" yp2="71.56091" sp="0.05" color="silver" opacity="100"/>
<line xp1="68.64514" yp1="71.56091" xp2="68.56705" yp2="71.47614" sp="0.05" color="silver" opacity="100"/>
<line xp1="68.56705" yp1="71.47614" xp2="68.49969" yp2="71.40301" sp="0.05" color="silver" opacity="100"/>
<line xp1="68.49969" yp1="71.40301" xp2="68.43072" yp2="71.35427" sp="0.05" color="silver" opacity="100"/>
<line xp1="68.43072" yp1="71.35427" xp2="68.37670" yp2="71.50581" sp="0.05" color="silver" opacity="100"/>
<line xp1="68.37670" yp1="71.50581" xp2="68.35980" yp2="71.55324" sp="0.05" color="silver" opacity="100"/>
<line xp1="68.35980" yp1="71.55324" xp2="68.41314" yp2="71.93499" sp="0.05" color="silver" opacity="100"/>
<line xp1="68.41314" yp1="71.93499" xp2="68.38297" yp2="72.03069" sp="0.05" color="silver" opacity="100"/>
<line xp1="68.38297" yp1="72.03069" xp2="68.25673" yp2="71.91685" sp="0.05" color="silver" opacity="100"/>
<line xp1="68.25673" yp1="71.91685" xp2="68.18293" yp2="71.69341" sp="0.05" color="silver" opacity="100"/>
<line xp1="68.18293" yp1="71.69341" xp2="68.08239" yp2="71.57494" sp="0.05" color="silver" opacity="100"/>
<line xp1="68.08239" yp1="71.57494" xp2="68.03009" yp2="71.36552" sp="0.05" color="silver" opacity="100"/>
<line xp1="68.03009" yp1="71.36552" xp2="67.91646" yp2="71.25185" sp="0.05" color="silver" opacity="100"/>
<line xp1="67.91646" yp1="71.25185" xp2="67.79754" yp2="71.33939" sp="0.05" color="silver" opacity="100"/>
<line xp1="67.79754" yp1="71.33939" xp2="67.72274" yp2="71.16039" sp="0.05" color="silver" opacity="100"/>
<line xp1="67.72274" yp1="71.16039" xp2="67.60175" yp2="71.17432" sp="0.05" color="silver" opacity="100"/>
<line xp1="67.60175" yp1="71.17432" xp2="67.59082" yp2="70.91863" sp="0.05" color="silver" opacity="100"/>
<line xp1="67.59082" yp1="70.91863" xp2="67.57154" yp2="70.79523" sp="0.05" color="silver" opacity="100"/>
<line xp1="67.57154" yp1="70.79523" xp2="67.55510" yp2="70.68999" sp="0.05" color="silver" opacity="100"/>
<line xp1="67.55510" yp1="70.68999" xp2="67.44574" yp2="70.65197" sp="0.05" color="silver" opacity="100"/>
<line xp1="67.44574" yp1="70.65197" xp2="67.31004" yp2="70.56870" sp="0.05" color="silver" opacity="100"/>
<line xp1="67.31004" yp1="70.56870" xp2="67.30162" yp2="70.42309" sp="0.05" color="silver" opacity="100"/>
<line xp1="67.30162" yp1="70.42309" xp2="67.35277" yp2="70.19069" sp="0.05" color="silver" opacity="100"/>
<line xp1="67.35277" yp1="70.19069" xp2="67.32766" yp2="70.05228" sp="0.05" color="silver" opacity="100"/>
<line xp1="67.32766" yp1="70.05228" xp2="67.30936" yp2="69.95144" sp="0.05" color="silver" opacity="100"/>
<line xp1="67.30936" yp1="69.95144" xp2="67.30473" yp2="69.71710" sp="0.05" color="silver" opacity="100"/>
<line xp1="67.30473" yp1="69.71710" xp2="67.27891" yp2="69.55807" sp="0.05" color="silver" opacity="100"/>
<line xp1="67.27891" yp1="69.55807" xp2="67.15133" yp2="69.22694" sp="0.05" color="silver" opacity="100"/>
<line xp1="67.15133" yp1="69.22694" xp2="67.09563" yp2="69.08198" sp="0.05" color="silver" opacity="100"/>
<line xp1="67.09563" yp1="69.08198" xp2="67.09016" yp2="69.06772" sp="0.05" color="silver" opacity="100"/>
<line xp1="67.09016" yp1="69.06772" xp2="67.03097" yp2="68.91366" sp="0.05" color="silver" opacity="100"/>
<line xp1="67.03097" yp1="68.91366" xp2="66.98759" yp2="68.85511" sp="0.05" color="silver" opacity="100"/>
<line xp1="66.98759" yp1="68.85511" xp2="66.90046" yp2="68.73748" sp="0.05" color="silver" opacity="100"/>
<line xp1="66.90046" yp1="68.73748" xp2="66.92040" yp2="68.63403" sp="0.05" color="silver" opacity="100"/>
<line xp1="66.92040" yp1="68.63403" xp2="66.97969" yp2="68.48876" sp="0.05" color="silver" opacity="100"/>
<line xp1="66.97969" yp1="68.48876" xp2="66.97979" yp2="68.48850" sp="0.05" color="silver" opacity="100"/>
<line xp1="66.97979" yp1="68.48850" xp2="67.00321" yp2="68.33740" sp="0.05" color="silver" opacity="100"/>
<line xp1="67.00321" yp1="68.33740" xp2="67.02893" yp2="68.11634" sp="0.05" color="silver" opacity="100"/>
<line xp1="67.02893" yp1="68.11634" xp2="67.02233" yp2="68.05551" sp="0.05" color="silver" opacity="100"/>
<line xp1="67.02233" yp1="68.05551" xp2="67.00750" yp2="67.91875" sp="0.05" color="silver" opacity="100"/>
<line xp1="67.00750" yp1="67.91875" xp2="66.90720" yp2="67.71036" sp="0.05" color="silver" opacity="100"/>
<line xp1="66.90720" yp1="67.71036" xp2="66.86033" yp2="67.55598" sp="0.05" color="silver" opacity="100"/>
<line xp1="66.86033" yp1="67.55598" xp2="66.87768" yp2="67.40989" sp="0.05" color="silver" opacity="100"/>
<line xp1="66.87768" yp1="67.40989" xp2="66.95496" yp2="67.18667" sp="0.05" color="silver" opacity="100"/>
<line xp1="66.95496" yp1="67.18667" xp2="66.97920" yp2="67.06380" sp="0.05" color="silver" opacity="100"/>
<line xp1="66.97920" yp1="67.06380" xp2="67.00193" yp2="66.94861" sp="0.05" color="silver" opacity="100"/>
<line xp1="67.00193" yp1="66.94861" xp2="67.06487" yp2="66.68125" sp="0.05" color="silver" opacity="100"/>
<line xp1="67.06487" yp1="66.68125" xp2="67.20576" yp2="66.27175" sp="0.05" color="silver" opacity="100"/>
<line xp1="67.20576" yp1="66.27175" xp2="67.27088" yp2="66.05248" sp="0.05" color="silver" opacity="100"/>
<line xp1="67.27088" yp1="66.05248" xp2="67.30054" yp2="65.95260" sp="0.05" color="silver" opacity="100"/>
<line xp1="67.30054" yp1="65.95260" xp2="67.34415" yp2="65.68081" sp="0.05" color="silver" opacity="100"/>
<line xp1="67.34415" yp1="65.68081" xp2="67.36286" yp2="65.38159" sp="0.05" color="silver" opacity="100"/>
<line xp1="67.36286" yp1="65.38159" xp2="67.37148" yp2="65.05013" sp="0.05" color="silver" opacity="100"/>
<line xp1="67.37148" yp1="65.05013" xp2="67.37183" yp2="65.03654" sp="0.05" color="silver" opacity="100"/>
<line xp1="67.37183" yp1="65.03654" xp2="67.34363" yp2="64.69978" sp="0.05" color="silver" opacity="100"/>
<line xp1="67.34363" yp1="64.69978" xp2="67.34047" yp2="64.65575" sp="0.05" color="silver" opacity="100"/>
<line xp1="67.34047" yp1="64.65575" xp2="67.32209" yp2="64.40000" sp="0.05" color="silver" opacity="100"/>
<line xp1="67.32209" yp1="64.40000" xp2="67.26616" yp2="64.05517" sp="0.05" color="silver" opacity="100"/>
<line xp1="67.26616" yp1="64.05517" xp2="67.25470" yp2="63.98447" sp="0.05" color="silver" opacity="100"/>
<line xp1="67.25470" yp1="63.98447" xp2="67.14428" yp2="63.58333" sp="0.05" color="silver" opacity="100"/>
<line xp1="67.14428" yp1="63.58333" xp2="67.12865" yp2="63.55174" sp="0.05" color="silver" opacity="100"/>
<line xp1="67.12865" yp1="63.55174" xp2="66.97498" yp2="63.24116" sp="0.05" color="silver" opacity="100"/>
<line xp1="66.97498" yp1="63.24116" xp2="66.92104" yp2="63.09869" sp="0.05" color="silver" opacity="100"/>
<line xp1="66.92104" yp1="63.09869" xp2="66.77246" yp2="62.62369" sp="0.05" color="silver" opacity="100"/>
<line xp1="66.77246" yp1="62.62369" xp2="66.62574" yp2="62.38687" sp="0.05" color="silver" opacity="100"/>
<line xp1="66.62574" yp1="62.38687" xp2="66.62574" yp2="62.38687" sp="0.05" color="silver" opacity="100"/>
<line xp1="62.73641" yp1="79.73734" xp2="62.68430" yp2="79.64601" sp="0.05" color="silver" opacity="100"/>
<line xp1="62.68430" yp1="79.64601" xp2="62.76644" yp2="79.57212" sp="0.05" color="silver" opacity="100"/>
<line xp1="62.76644" yp1="79.57212" xp2="62.83425" yp2="79.49719" sp="0.05" color="silver" opacity="100"/>
<line xp1="62.83425" yp1="79.49719" xp2="63.00852" yp2="79.58786" sp="0.05" color="silver" opacity="100"/>
<line xp1="63.00852" yp1="79.58786" xp2="63.23233" yp2="79.71624" sp="0.05" color="silver" opacity="100"/>
<line xp1="63.23233" yp1="79.71624" xp2="63.30320" yp2="79.90092" sp="0.05" color="silver" opacity="100"/>
<line xp1="63.30320" yp1="79.90092" xp2="63.50992" yp2="79.98610" sp="0.05" color="silver" opacity="100"/>
<line xp1="63.50992" yp1="79.98610" xp2="63.72435" yp2="80.11645" sp="0.05" color="silver" opacity="100"/>
<line xp1="63.72435" yp1="80.11645" xp2="63.76855" yp2="80.29175" sp="0.05" color="silver" opacity="100"/>
<line xp1="63.76855" yp1="80.29175" xp2="63.95789" yp2="80.47647" sp="0.05" color="silver" opacity="100"/>
<line xp1="63.95789" yp1="80.47647" xp2="63.96129" yp2="80.60186" sp="0.05" color="silver" opacity="100"/>
<line xp1="63.96129" yp1="80.60186" xp2="63.77380" yp2="80.49969" sp="0.05" color="silver" opacity="100"/>
<line xp1="63.77380" yp1="80.49969" xp2="63.64322" yp2="80.42373" sp="0.05" color="silver" opacity="100"/>
<line xp1="63.64322" yp1="80.42373" xp2="63.49508" yp2="80.29118" sp="0.05" color="silver" opacity="100"/>
<line xp1="63.49508" yp1="80.29118" xp2="63.35987" yp2="80.16287" sp="0.05" color="silver" opacity="100"/>
<line xp1="63.35987" yp1="80.16287" xp2="63.24046" yp2="80.09934" sp="0.05" color="silver" opacity="100"/>
<line xp1="63.24046" yp1="80.09934" xp2="63.16787" yp2="80.05597" sp="0.05" color="silver" opacity="100"/>
<line xp1="63.16787" yp1="80.05597" xp2="63.04876" yp2="79.97864" sp="0.05" color="silver" opacity="100"/>
<line xp1="63.04876" yp1="79.97864" xp2="62.80130" yp2="79.81437" sp="0.05" color="silver" opacity="100"/>
<line xp1="62.80130" yp1="79.81437" xp2="62.73641" yp2="79.73734" sp="0.05" color="silver" opacity="100"/>
<line xp1="62.73641" yp1="79.73734" xp2="62.73641" yp2="79.73734" sp="0.05" color="silver" opacity="100"/>
<line xp1="60.89518" yp1="75.90313" xp2="60.94273" yp2="75.81047" sp="0.05" color="silver" opacity="100"/>
<line xp1="60.94273" yp1="75.81047" xp2="61.02787" yp2="75.86651" sp="0.05" color="silver" opacity="100"/>
<line xp1="61.02787" yp1="75.86651" xp2="61.09891" yp2="75.76813" sp="0.05" color="silver" opacity="100"/>
<line xp1="61.09891" yp1="75.76813" xp2="61.20790" yp2="75.71413" sp="0.05" color="silver" opacity="100"/>
<line xp1="61.20790" yp1="75.71413" xp2="61.29501" yp2="75.48710" sp="0.05" color="silver" opacity="100"/>
<line xp1="61.29501" yp1="75.48710" xp2="61.35309" yp2="75.24815" sp="0.05" color="silver" opacity="100"/>
<line xp1="61.35309" yp1="75.24815" xp2="61.64750" yp2="75.14262" sp="0.05" color="silver" opacity="100"/>
<line xp1="61.64750" yp1="75.14262" xp2="62.09474" yp2="74.98230" sp="0.05" color="silver" opacity="100"/>
<line xp1="62.09474" yp1="74.98230" xp2="62.93595" yp2="74.68144" sp="0.05" color="silver" opacity="100"/>
<line xp1="62.93595" yp1="74.68144" xp2="63.09044" yp2="74.56153" sp="0.05" color="silver" opacity="100"/>
<line xp1="63.09044" yp1="74.56153" xp2="63.18036" yp2="74.49173" sp="0.05" color="silver" opacity="100"/>
<line xp1="63.18036" yp1="74.49173" xp2="63.36623" yp2="74.34745" sp="0.05" color="silver" opacity="100"/>
<line xp1="63.36623" yp1="74.34745" xp2="63.47693" yp2="74.36374" sp="0.05" color="silver" opacity="100"/>
<line xp1="63.47693" yp1="74.36374" xp2="63.56426" yp2="74.32704" sp="0.05" color="silver" opacity="100"/>
<line xp1="63.56426" yp1="74.32704" xp2="63.57057" yp2="74.32439" sp="0.05" color="silver" opacity="100"/>
<line xp1="63.57057" yp1="74.32439" xp2="63.60345" yp2="74.25511" sp="0.05" color="silver" opacity="100"/>
<line xp1="63.60345" yp1="74.25511" xp2="63.67221" yp2="74.25893" sp="0.05" color="silver" opacity="100"/>
<line xp1="63.67221" yp1="74.25893" xp2="63.70175" yp2="74.32895" sp="0.05" color="silver" opacity="100"/>
<line xp1="63.70175" yp1="74.32895" xp2="63.80512" yp2="74.34521" sp="0.05" color="silver" opacity="100"/>
<line xp1="63.80512" yp1="74.34521" xp2="63.98482" yp2="74.22768" sp="0.05" color="silver" opacity="100"/>
<line xp1="63.98482" yp1="74.22768" xp2="64.03049" yp2="74.26187" sp="0.05" color="silver" opacity="100"/>
<line xp1="64.03049" yp1="74.26187" xp2="64.13920" yp2="74.16963" sp="0.05" color="silver" opacity="100"/>
<line xp1="64.13920" yp1="74.16963" xp2="64.23645" yp2="74.17995" sp="0.05" color="silver" opacity="100"/>
<line xp1="64.23645" yp1="74.17995" xp2="64.34153" yp2="74.13460" sp="0.05" color="silver" opacity="100"/>
<line xp1="64.34153" yp1="74.13460" xp2="64.43561" yp2="74.06517" sp="0.05" color="silver" opacity="100"/>
<line xp1="64.43561" yp1="74.06517" xp2="64.43793" yp2="74.06346" sp="0.05" color="silver" opacity="100"/>
<line xp1="64.43793" yp1="74.06346" xp2="64.50162" yp2="73.93027" sp="0.05" color="silver" opacity="100"/>
<line xp1="64.50162" yp1="73.93027" xp2="64.40759" yp2="73.77627" sp="0.05" color="silver" opacity="100"/>
<line xp1="64.40759" yp1="73.77627" xp2="64.45305" yp2="73.71097" sp="0.05" color="silver" opacity="100"/>
<line xp1="64.45305" yp1="73.71097" xp2="64.52768" yp2="73.67136" sp="0.05" color="silver" opacity="100"/>
<line xp1="64.52768" yp1="73.67136" xp2="64.54075" yp2="73.66443" sp="0.05" color="silver" opacity="100"/>
<line xp1="64.54075" yp1="73.66443" xp2="64.62173" yp2="73.70124" sp="0.05" color="silver" opacity="100"/>
<line xp1="64.62173" yp1="73.70124" xp2="64.66620" yp2="73.61149" sp="0.05" color="silver" opacity="100"/>
<line xp1="64.66620" yp1="73.61149" xp2="64.80029" yp2="73.58527" sp="0.05" color="silver" opacity="100"/>
<line xp1="64.80029" yp1="73.58527" xp2="64.87223" yp2="73.49358" sp="0.05" color="silver" opacity="100"/>
<line xp1="64.87223" yp1="73.49358" xp2="64.91527" yp2="73.43873" sp="0.05" color="silver" opacity="100"/>
<line xp1="64.91527" yp1="73.43873" xp2="64.95230" yp2="73.35410" sp="0.05" color="silver" opacity="100"/>
<line xp1="64.95230" yp1="73.35410" xp2="64.88511" yp2="73.29489" sp="0.05" color="silver" opacity="100"/>
<line xp1="64.88511" yp1="73.29489" xp2="64.95743" yp2="73.16915" sp="0.05" color="silver" opacity="100"/>
<line xp1="64.95743" yp1="73.16915" xp2="64.94263" yp2="73.07116" sp="0.05" color="silver" opacity="100"/>
<line xp1="64.94263" yp1="73.07116" xp2="64.91661" yp2="72.92765" sp="0.05" color="silver" opacity="100"/>
<line xp1="64.91661" yp1="72.92765" xp2="64.91420" yp2="72.78040" sp="0.05" color="silver" opacity="100"/>
<line xp1="64.91420" yp1="72.78040" xp2="64.85011" yp2="72.69765" sp="0.05" color="silver" opacity="100"/>
<line xp1="64.85011" yp1="72.69765" xp2="64.83565" yp2="72.55173" sp="0.05" color="silver" opacity="100"/>
<line xp1="64.83565" yp1="72.55173" xp2="64.82540" yp2="72.43720" sp="0.05" color="silver" opacity="100"/>
<line xp1="64.82540" yp1="72.43720" xp2="64.92236" yp2="72.43888" sp="0.05" color="silver" opacity="100"/>
<line xp1="64.92236" yp1="72.43888" xp2="64.99857" yp2="72.44296" sp="0.05" color="silver" opacity="100"/>
<line xp1="64.99857" yp1="72.44296" xp2="65.06651" yp2="72.52522" sp="0.05" color="silver" opacity="100"/>
<line xp1="65.06651" yp1="72.52522" xp2="65.14254" yp2="72.48215" sp="0.05" color="silver" opacity="100"/>
<line xp1="65.14254" yp1="72.48215" xp2="65.12704" yp2="72.33246" sp="0.05" color="silver" opacity="100"/>
<line xp1="65.12704" yp1="72.33246" xp2="65.05926" yp2="72.12921" sp="0.05" color="silver" opacity="100"/>
<line xp1="65.05926" yp1="72.12921" xp2="65.01261" yp2="71.99157" sp="0.05" color="silver" opacity="100"/>
<line xp1="65.01261" yp1="71.99157" xp2="65.08453" yp2="71.85863" sp="0.05" color="silver" opacity="100"/>
<line xp1="65.08453" yp1="71.85863" xp2="65.15663" yp2="71.73248" sp="0.05" color="silver" opacity="100"/>
<line xp1="65.15663" yp1="71.73248" xp2="65.24583" yp2="71.70075" sp="0.05" color="silver" opacity="100"/>
<line xp1="65.24583" yp1="71.70075" xp2="65.30929" yp2="71.97597" sp="0.05" color="silver" opacity="100"/>
<line xp1="65.30929" yp1="71.97597" xp2="65.43815" yp2="72.20957" sp="0.05" color="silver" opacity="100"/>
<line xp1="65.43815" yp1="72.20957" xp2="65.61407" yp2="72.59355" sp="0.05" color="silver" opacity="100"/>
<line xp1="65.61407" yp1="72.59355" xp2="65.70965" yp2="72.86173" sp="0.05" color="silver" opacity="100"/>
<line xp1="65.70965" yp1="72.86173" xp2="65.76392" yp2="73.00033" sp="0.05" color="silver" opacity="100"/>
<line xp1="65.76392" yp1="73.00033" xp2="65.88886" yp2="73.31939" sp="0.05" color="silver" opacity="100"/>
<line xp1="65.88886" yp1="73.31939" xp2="66.04547" yp2="73.48223" sp="0.05" color="silver" opacity="100"/>
<line xp1="66.04547" yp1="73.48223" xp2="66.20881" yp2="73.35075" sp="0.05" color="silver" opacity="100"/>
<line xp1="66.20881" yp1="73.35075" xp2="66.40193" yp2="73.49231" sp="0.05" color="silver" opacity="100"/>
<line xp1="66.40193" yp1="73.49231" xp2="66.50265" yp2="73.74681" sp="0.05" color="silver" opacity="100"/>
<line xp1="66.50265" yp1="73.74681" xp2="66.69643" yp2="73.52177" sp="0.05" color="silver" opacity="100"/>
<line xp1="66.69643" yp1="73.52177" xp2="66.60741" yp2="73.40257" sp="0.05" color="silver" opacity="100"/>
<line xp1="66.60741" yp1="73.40257" xp2="66.59642" yp2="73.17411" sp="0.05" color="silver" opacity="100"/>
<line xp1="66.59642" yp1="73.17411" xp2="66.71247" yp2="72.97729" sp="0.05" color="silver" opacity="100"/>
<line xp1="66.71247" yp1="72.97729" xp2="66.74312" yp2="73.20166" sp="0.05" color="silver" opacity="100"/>
<line xp1="66.74312" yp1="73.20166" xp2="66.85934" yp2="73.45174" sp="0.05" color="silver" opacity="100"/>
<line xp1="66.85934" yp1="73.45174" xp2="66.98480" yp2="73.57208" sp="0.05" color="silver" opacity="100"/>
<line xp1="66.98480" yp1="73.57208" xp2="67.01591" yp2="73.60191" sp="0.05" color="silver" opacity="100"/>
<line xp1="67.01591" yp1="73.60191" xp2="67.15518" yp2="73.81189" sp="0.05" color="silver" opacity="100"/>
<line xp1="67.15518" yp1="73.81189" xp2="67.26460" yp2="74.12016" sp="0.05" color="silver" opacity="100"/>
<line xp1="67.26460" yp1="74.12016" xp2="67.58144" yp2="74.18661" sp="0.05" color="silver" opacity="100"/>
<line xp1="67.58144" yp1="74.18661" xp2="67.82497" yp2="74.05554" sp="0.05" color="silver" opacity="100"/>
<line xp1="67.82497" yp1="74.05554" xp2="67.89871" yp2="74.13592" sp="0.05" color="silver" opacity="100"/>
<line xp1="67.89871" yp1="74.13592" xp2="67.98394" yp2="74.22882" sp="0.05" color="silver" opacity="100"/>
<line xp1="67.98394" yp1="74.22882" xp2="68.15815" yp2="74.17188" sp="0.05" color="silver" opacity="100"/>
<line xp1="68.15815" yp1="74.17188" xp2="68.23295" yp2="74.23913" sp="0.05" color="silver" opacity="100"/>
<line xp1="68.23295" yp1="74.23913" xp2="68.39868" yp2="74.51309" sp="0.05" color="silver" opacity="100"/>
<line xp1="68.39868" yp1="74.51309" xp2="68.64401" yp2="74.52013" sp="0.05" color="silver" opacity="100"/>
<line xp1="68.64401" yp1="74.52013" xp2="68.82095" yp2="74.47365" sp="0.05" color="silver" opacity="100"/>
<line xp1="68.82095" yp1="74.47365" xp2="68.99688" yp2="74.43064" sp="0.05" color="silver" opacity="100"/>
<line xp1="68.99688" yp1="74.43064" xp2="69.22524" yp2="74.30323" sp="0.05" color="silver" opacity="100"/>
<line xp1="69.22524" yp1="74.30323" xp2="69.35772" yp2="74.08763" sp="0.05" color="silver" opacity="100"/>
<line xp1="69.35772" yp1="74.08763" xp2="69.54960" yp2="73.88197" sp="0.05" color="silver" opacity="100"/>
<line xp1="69.54960" yp1="73.88197" xp2="69.68249" yp2="73.85331" sp="0.05" color="silver" opacity="100"/>
<line xp1="69.68249" yp1="73.85331" xp2="69.64000" yp2="74.02007" sp="0.05" color="silver" opacity="100"/>
<line xp1="69.64000" yp1="74.02007" xp2="69.79561" yp2="74.14573" sp="0.05" color="silver" opacity="100"/>
<line xp1="69.79561" yp1="74.14573" xp2="69.89616" yp2="74.13629" sp="0.05" color="silver" opacity="100"/>
<line xp1="69.89616" yp1="74.13629" xp2="70.03010" yp2="74.22218" sp="0.05" color="silver" opacity="100"/>
<line xp1="70.03010" yp1="74.22218" xp2="70.19011" yp2="74.09132" sp="0.05" color="silver" opacity="100"/>
<line xp1="70.19011" yp1="74.09132" xp2="70.37700" yp2="74.16019" sp="0.05" color="silver" opacity="100"/>
<line xp1="70.37700" yp1="74.16019" xp2="70.59291" yp2="74.19402" sp="0.05" color="silver" opacity="100"/>
<line xp1="70.59291" yp1="74.19402" xp2="70.64604" yp2="74.20235" sp="0.05" color="silver" opacity="100"/>
<line xp1="70.64604" yp1="74.20235" xp2="70.90640" yp2="74.18747" sp="0.05" color="silver" opacity="100"/>
<line xp1="70.90640" yp1="74.18747" xp2="71.07532" yp2="74.10738" sp="0.05" color="silver" opacity="100"/>
<line xp1="71.07532" yp1="74.10738" xp2="71.29591" yp2="74.12989" sp="0.05" color="silver" opacity="100"/>
<line xp1="71.29591" yp1="74.12989" xp2="71.41069" yp2="74.04548" sp="0.05" color="silver" opacity="100"/>
<line xp1="71.41069" yp1="74.04548" xp2="71.49793" yp2="74.05325" sp="0.05" color="silver" opacity="100"/>
<line xp1="71.49793" yp1="74.05325" xp2="71.56825" yp2="74.27475" sp="0.05" color="silver" opacity="100"/>
<line xp1="71.56825" yp1="74.27475" xp2="71.38675" yp2="74.54310" sp="0.05" color="silver" opacity="100"/>
<line xp1="71.38675" yp1="74.54310" xp2="71.20032" yp2="74.57437" sp="0.05" color="silver" opacity="100"/>
<line xp1="71.20032" yp1="74.57437" xp2="71.05258" yp2="74.59580" sp="0.05" color="silver" opacity="100"/>
<line xp1="71.05258" yp1="74.59580" xp2="70.95030" yp2="74.40590" sp="0.05" color="silver" opacity="100"/>
<line xp1="70.95030" yp1="74.40590" xp2="70.80921" yp2="74.51872" sp="0.05" color="silver" opacity="100"/>
<line xp1="70.80921" yp1="74.51872" xp2="70.72841" yp2="74.66185" sp="0.05" color="silver" opacity="100"/>
<line xp1="70.72841" yp1="74.66185" xp2="70.59240" yp2="74.78318" sp="0.05" color="silver" opacity="100"/>
<line xp1="70.59240" yp1="74.78318" xp2="70.60294" yp2="74.97497" sp="0.05" color="silver" opacity="100"/>
<line xp1="70.60294" yp1="74.97497" xp2="70.61882" yp2="75.01861" sp="0.05" color="silver" opacity="100"/>
<line xp1="70.61882" yp1="75.01861" xp2="70.55553" yp2="75.34920" sp="0.05" color="silver" opacity="100"/>
<line xp1="70.55553" yp1="75.34920" xp2="70.57688" yp2="75.62898" sp="0.05" color="silver" opacity="100"/>
<line xp1="70.57688" yp1="75.62898" xp2="70.58781" yp2="75.76463" sp="0.05" color="silver" opacity="100"/>
<line xp1="70.58781" yp1="75.76463" xp2="70.47119" yp2="75.82834" sp="0.05" color="silver" opacity="100"/>
<line xp1="70.47119" yp1="75.82834" xp2="70.31844" yp2="75.69372" sp="0.05" color="silver" opacity="100"/>
<line xp1="70.31844" yp1="75.69372" xp2="70.12266" yp2="75.71736" sp="0.05" color="silver" opacity="100"/>
<line xp1="70.12266" yp1="75.71736" xp2="70.05873" yp2="75.61876" sp="0.05" color="silver" opacity="100"/>
<line xp1="70.05873" yp1="75.61876" xp2="70.01015" yp2="75.54375" sp="0.05" color="silver" opacity="100"/>
<line xp1="70.01015" yp1="75.54375" xp2="69.83393" yp2="75.59071" sp="0.05" color="silver" opacity="100"/>
<line xp1="69.83393" yp1="75.59071" xp2="69.72550" yp2="75.67913" sp="0.05" color="silver" opacity="100"/>
<line xp1="69.72550" yp1="75.67913" xp2="69.46190" yp2="75.60070" sp="0.05" color="silver" opacity="100"/>
<line xp1="69.46190" yp1="75.60070" xp2="69.27775" yp2="75.64654" sp="0.05" color="silver" opacity="100"/>
<line xp1="69.27775" yp1="75.64654" xp2="69.18866" yp2="75.86787" sp="0.05" color="silver" opacity="100"/>
<line xp1="69.18866" yp1="75.86787" xp2="69.18724" yp2="76.21464" sp="0.05" color="silver" opacity="100"/>
<line xp1="69.18724" yp1="76.21464" xp2="69.28515" yp2="76.49384" sp="0.05" color="silver" opacity="100"/>
<line xp1="69.28515" yp1="76.49384" xp2="68.96455" yp2="76.46753" sp="0.05" color="silver" opacity="100"/>
<line xp1="68.96455" yp1="76.46753" xp2="68.86481" yp2="76.44487" sp="0.05" color="silver" opacity="100"/>
<line xp1="68.86481" yp1="76.44487" xp2="68.83560" yp2="76.43823" sp="0.05" color="silver" opacity="100"/>
<line xp1="68.83560" yp1="76.43823" xp2="68.48908" yp2="76.22981" sp="0.05" color="silver" opacity="100"/>
<line xp1="68.48908" yp1="76.22981" xp2="67.93684" yp2="76.25399" sp="0.05" color="silver" opacity="100"/>
<line xp1="67.93684" yp1="76.25399" xp2="67.90060" yp2="76.24734" sp="0.05" color="silver" opacity="100"/>
<line xp1="67.90060" yp1="76.24734" xp2="67.69993" yp2="76.21050" sp="0.05" color="silver" opacity="100"/>
<line xp1="67.69993" yp1="76.21050" xp2="67.47955" yp2="76.20839" sp="0.05" color="silver" opacity="100"/>
<line xp1="67.47955" yp1="76.20839" xp2="67.40304" yp2="76.15431" sp="0.05" color="silver" opacity="100"/>
<line xp1="67.40304" yp1="76.15431" xp2="66.98472" yp2="75.86265" sp="0.05" color="silver" opacity="100"/>
<line xp1="66.98472" yp1="75.86265" xp2="66.83426" yp2="75.67838" sp="0.05" color="silver" opacity="100"/>
<line xp1="66.83426" yp1="75.67838" xp2="66.72711" yp2="75.81060" sp="0.05" color="silver" opacity="100"/>
<line xp1="66.72711" yp1="75.81060" xp2="66.62208" yp2="75.87150" sp="0.05" color="silver" opacity="100"/>
<line xp1="66.62208" yp1="75.87150" xp2="66.53822" yp2="75.65460" sp="0.05" color="silver" opacity="100"/>
<line xp1="66.53822" yp1="75.65460" xp2="66.44467" yp2="75.57047" sp="0.05" color="silver" opacity="100"/>
<line xp1="66.44467" yp1="75.57047" xp2="66.30194" yp2="75.61754" sp="0.05" color="silver" opacity="100"/>
<line xp1="66.30194" yp1="75.61754" xp2="66.18930" yp2="75.79023" sp="0.05" color="silver" opacity="100"/>
<line xp1="66.18930" yp1="75.79023" xp2="65.97483" yp2="75.73186" sp="0.05" color="silver" opacity="100"/>
<line xp1="65.97483" yp1="75.73186" xp2="65.88452" yp2="75.70728" sp="0.05" color="silver" opacity="100"/>
<line xp1="65.88452" yp1="75.70728" xp2="65.58959" yp2="75.73515" sp="0.05" color="silver" opacity="100"/>
<line xp1="65.58959" yp1="75.73515" xp2="65.56669" yp2="75.94303" sp="0.05" color="silver" opacity="100"/>
<line xp1="65.56669" yp1="75.94303" xp2="65.37996" yp2="76.13571" sp="0.05" color="silver" opacity="100"/>
<line xp1="65.37996" yp1="76.13571" xp2="65.27200" yp2="76.34420" sp="0.05" color="silver" opacity="100"/>
<line xp1="65.27200" yp1="76.34420" xp2="65.23799" yp2="76.52271" sp="0.05" color="silver" opacity="100"/>
<line xp1="65.23799" yp1="76.52271" xp2="65.09667" yp2="76.69069" sp="0.05" color="silver" opacity="100"/>
<line xp1="65.09667" yp1="76.69069" xp2="64.95857" yp2="76.79065" sp="0.05" color="silver" opacity="100"/>
<line xp1="64.95857" yp1="76.79065" xp2="64.76871" yp2="76.88482" sp="0.05" color="silver" opacity="100"/>
<line xp1="64.76871" yp1="76.88482" xp2="64.54689" yp2="76.90700" sp="0.05" color="silver" opacity="100"/>
<line xp1="64.54689" yp1="76.90700" xp2="64.51509" yp2="76.91018" sp="0.05" color="silver" opacity="100"/>
<line xp1="64.51509" yp1="76.91018" xp2="64.39433" yp2="77.04761" sp="0.05" color="silver" opacity="100"/>
<line xp1="64.39433" yp1="77.04761" xp2="64.23933" yp2="76.94175" sp="0.05" color="silver" opacity="100"/>
<line xp1="64.23933" yp1="76.94175" xp2="64.04203" yp2="76.77793" sp="0.05" color="silver" opacity="100"/>
<line xp1="64.04203" yp1="76.77793" xp2="63.88010" yp2="76.71589" sp="0.05" color="silver" opacity="100"/>
<line xp1="63.88010" yp1="76.71589" xp2="63.91476" yp2="76.92377" sp="0.05" color="silver" opacity="100"/>
<line xp1="63.91476" yp1="76.92377" xp2="63.93944" yp2="76.97709" sp="0.05" color="silver" opacity="100"/>
<line xp1="63.93944" yp1="76.97709" xp2="64.02214" yp2="77.15578" sp="0.05" color="silver" opacity="100"/>
<line xp1="64.02214" yp1="77.15578" xp2="64.09223" yp2="77.37284" sp="0.05" color="silver" opacity="100"/>
<line xp1="64.09223" yp1="77.37284" xp2="64.24632" yp2="77.54125" sp="0.05" color="silver" opacity="100"/>
<line xp1="64.24632" yp1="77.54125" xp2="64.30700" yp2="77.71348" sp="0.05" color="silver" opacity="100"/>
<line xp1="64.30700" yp1="77.71348" xp2="64.31659" yp2="77.74069" sp="0.05" color="silver" opacity="100"/>
<line xp1="64.31659" yp1="77.74069" xp2="64.46638" yp2="77.88957" sp="0.05" color="silver" opacity="100"/>
<line xp1="64.46638" yp1="77.88957" xp2="64.59003" yp2="78.01793" sp="0.05" color="silver" opacity="100"/>
<line xp1="64.59003" yp1="78.01793" xp2="64.70252" yp2="78.10257" sp="0.05" color="silver" opacity="100"/>
<line xp1="64.70252" yp1="78.10257" xp2="64.70521" yp2="78.25735" sp="0.05" color="silver" opacity="100"/>
<line xp1="64.70521" yp1="78.25735" xp2="64.92262" yp2="78.26328" sp="0.05" color="silver" opacity="100"/>
<line xp1="64.92262" yp1="78.26328" xp2="65.22353" yp2="78.25321" sp="0.05" color="silver" opacity="100"/>
<line xp1="65.22353" yp1="78.25321" xp2="65.24385" yp2="78.35461" sp="0.05" color="silver" opacity="100"/>
<line xp1="65.24385" yp1="78.35461" xp2="65.10759" yp2="78.44481" sp="0.05" color="silver" opacity="100"/>
<line xp1="65.10759" yp1="78.44481" xp2="64.92126" yp2="78.49515" sp="0.05" color="silver" opacity="100"/>
<line xp1="64.92126" yp1="78.49515" xp2="64.72420" yp2="78.51068" sp="0.05" color="silver" opacity="100"/>
<line xp1="64.72420" yp1="78.51068" xp2="64.48423" yp2="78.48275" sp="0.05" color="silver" opacity="100"/>
<line xp1="64.48423" yp1="78.48275" xp2="64.28027" yp2="78.42497" sp="0.05" color="silver" opacity="100"/>
<line xp1="64.28027" yp1="78.42497" xp2="64.17662" yp2="78.34969" sp="0.05" color="silver" opacity="100"/>
<line xp1="64.17662" yp1="78.34969" xp2="63.97127" yp2="78.20339" sp="0.05" color="silver" opacity="100"/>
<line xp1="63.97127" yp1="78.20339" xp2="63.84495" yp2="77.98144" sp="0.05" color="silver" opacity="100"/>
<line xp1="63.84495" yp1="77.98144" xp2="63.82624" yp2="77.96031" sp="0.05" color="silver" opacity="100"/>
<line xp1="63.82624" yp1="77.96031" xp2="63.71552" yp2="77.83532" sp="0.05" color="silver" opacity="100"/>
<line xp1="63.71552" yp1="77.83532" xp2="63.53898" yp2="77.72809" sp="0.05" color="silver" opacity="100"/>
<line xp1="63.53898" yp1="77.72809" xp2="63.36179" yp2="77.54685" sp="0.05" color="silver" opacity="100"/>
<line xp1="63.36179" yp1="77.54685" xp2="63.24748" yp2="77.43021" sp="0.05" color="silver" opacity="100"/>
<line xp1="63.24748" yp1="77.43021" xp2="63.19309" yp2="77.26330" sp="0.05" color="silver" opacity="100"/>
<line xp1="63.19309" yp1="77.26330" xp2="63.17943" yp2="77.23885" sp="0.05" color="silver" opacity="100"/>
<line xp1="63.17943" yp1="77.23885" xp2="63.13937" yp2="77.16713" sp="0.05" color="silver" opacity="100"/>
<line xp1="63.13937" yp1="77.16713" xp2="63.03242" yp2="77.14611" sp="0.05" color="silver" opacity="100"/>
<line xp1="63.03242" yp1="77.14611" xp2="62.85755" yp2="77.09960" sp="0.05" color="silver" opacity="100"/>
<line xp1="62.85755" yp1="77.09960" xp2="62.72629" yp2="76.89415" sp="0.05" color="silver" opacity="100"/>
<line xp1="62.72629" yp1="76.89415" xp2="62.43822" yp2="76.69709" sp="0.05" color="silver" opacity="100"/>
<line xp1="62.43822" yp1="76.69709" xp2="62.30911" yp2="76.69035" sp="0.05" color="silver" opacity="100"/>
<line xp1="62.30911" yp1="76.69035" xp2="62.20030" yp2="76.66245" sp="0.05" color="silver" opacity="100"/>
<line xp1="62.20030" yp1="76.66245" xp2="62.08884" yp2="76.64383" sp="0.05" color="silver" opacity="100"/>
<line xp1="62.08884" yp1="76.64383" xp2="61.96880" yp2="76.65832" sp="0.05" color="silver" opacity="100"/>
<line xp1="61.96880" yp1="76.65832" xp2="61.79699" yp2="76.58301" sp="0.05" color="silver" opacity="100"/>
<line xp1="61.79699" yp1="76.58301" xp2="61.71642" yp2="76.47277" sp="0.05" color="silver" opacity="100"/>
<line xp1="61.71642" yp1="76.47277" xp2="61.66390" yp2="76.40093" sp="0.05" color="silver" opacity="100"/>
<line xp1="61.66390" yp1="76.40093" xp2="61.46858" yp2="76.19506" sp="0.05" color="silver" opacity="100"/>
<line xp1="61.46858" yp1="76.19506" xp2="61.17291" yp2="76.06996" sp="0.05" color="silver" opacity="100"/>
<line xp1="61.17291" yp1="76.06996" xp2="61.03442" yp2="76.02213" sp="0.05" color="silver" opacity="100"/>
<line xp1="61.03442" yp1="76.02213" xp2="60.89518" yp2="75.90313" sp="0.05" color="silver" opacity="100"/>
<line xp1="60.89518" yp1="75.90313" xp2="60.89518" yp2="75.90313" sp="0.05" color="silver" opacity="100"/>
<line xp1="50.41686" yp1="82.85911" xp2="50.41869" yp2="82.70247" sp="0.05" color="silver" opacity="100"/>
<line xp1="50.41869" yp1="82.70247" xp2="50.48098" yp2="82.47885" sp="0.05" color="silver" opacity="100"/>
<line xp1="50.48098" yp1="82.47885" xp2="50.53448" yp2="82.20743" sp="0.05" color="silver" opacity="100"/>
<line xp1="50.53448" yp1="82.20743" xp2="50.58269" yp2="82.03884" sp="0.05" color="silver" opacity="100"/>
<line xp1="50.58269" yp1="82.03884" xp2="50.61537" yp2="81.90836" sp="0.05" color="silver" opacity="100"/>
<line xp1="50.61537" yp1="81.90836" xp2="50.54936" yp2="81.66781" sp="0.05" color="silver" opacity="100"/>
<line xp1="50.54936" yp1="81.66781" xp2="50.54196" yp2="81.55398" sp="0.05" color="silver" opacity="100"/>
<line xp1="50.54196" yp1="81.55398" xp2="50.54138" yp2="81.54498" sp="0.05" color="silver" opacity="100"/>
<line xp1="50.54138" yp1="81.54498" xp2="50.53981" yp2="81.52087" sp="0.05" color="silver" opacity="100"/>
<line xp1="50.53981" yp1="81.52087" xp2="50.55512" yp2="81.23008" sp="0.05" color="silver" opacity="100"/>
<line xp1="50.55512" yp1="81.23008" xp2="50.55707" yp2="80.98453" sp="0.05" color="silver" opacity="100"/>
<line xp1="50.55707" yp1="80.98453" xp2="50.56995" yp2="80.73661" sp="0.05" color="silver" opacity="100"/>
<line xp1="50.56995" yp1="80.73661" xp2="50.55093" yp2="80.55342" sp="0.05" color="silver" opacity="100"/>
<line xp1="50.55093" yp1="80.55342" xp2="50.54485" yp2="80.49492" sp="0.05" color="silver" opacity="100"/>
<line xp1="50.54485" yp1="80.49492" xp2="50.54347" yp2="80.48159" sp="0.05" color="silver" opacity="100"/>
<line xp1="50.54347" yp1="80.48159" xp2="50.60674" yp2="80.26103" sp="0.05" color="silver" opacity="100"/>
<line xp1="50.60674" yp1="80.26103" xp2="50.66310" yp2="80.07505" sp="0.05" color="silver" opacity="100"/>
<line xp1="50.66310" yp1="80.07505" xp2="50.71176" yp2="79.80937" sp="0.05" color="silver" opacity="100"/>
<line xp1="50.71176" yp1="79.80937" xp2="50.77482" yp2="79.55542" sp="0.05" color="silver" opacity="100"/>
<line xp1="50.77482" yp1="79.55542" xp2="50.87922" yp2="79.27110" sp="0.05" color="silver" opacity="100"/>
<line xp1="50.87922" yp1="79.27110" xp2="50.93309" yp2="79.06322" sp="0.05" color="silver" opacity="100"/>
<line xp1="50.93309" yp1="79.06322" xp2="50.95019" yp2="78.99721" sp="0.05" color="silver" opacity="100"/>
<line xp1="50.95019" yp1="78.99721" xp2="50.99373" yp2="78.77717" sp="0.05" color="silver" opacity="100"/>
<line xp1="50.99373" yp1="78.77717" xp2="50.99083" yp2="78.56907" sp="0.05" color="silver" opacity="100"/>
<line xp1="50.99083" yp1="78.56907" xp2="50.98849" yp2="78.40131" sp="0.05" color="silver" opacity="100"/>
<line xp1="50.98849" yp1="78.40131" xp2="51.01505" yp2="77.93423" sp="0.05" color="silver" opacity="100"/>
<line xp1="51.01505" yp1="77.93423" xp2="51.02152" yp2="77.82281" sp="0.05" color="silver" opacity="100"/>
<line xp1="51.02152" yp1="77.82281" xp2="51.03605" yp2="77.57297" sp="0.05" color="silver" opacity="100"/>
<line xp1="51.03605" yp1="77.57297" xp2="51.04757" yp2="77.37472" sp="0.05" color="silver" opacity="100"/>
<line xp1="51.04757" yp1="77.37472" xp2="51.02538" yp2="77.17174" sp="0.05" color="silver" opacity="100"/>
<line xp1="51.02538" yp1="77.17174" xp2="51.13235" yp2="76.89288" sp="0.05" color="silver" opacity="100"/>
<line xp1="51.13235" yp1="76.89288" xp2="51.09415" yp2="76.50736" sp="0.05" color="silver" opacity="100"/>
<line xp1="51.09415" yp1="76.50736" xp2="51.09716" yp2="76.26516" sp="0.05" color="silver" opacity="100"/>
<line xp1="51.09716" yp1="76.26516" xp2="51.09150" yp2="76.10537" sp="0.05" color="silver" opacity="100"/>
<line xp1="51.09150" yp1="76.10537" xp2="51.09264" yp2="76.10213" sp="0.05" color="silver" opacity="100"/>
<line xp1="51.09264" yp1="76.10213" xp2="51.09879" yp2="76.08455" sp="0.05" color="silver" opacity="100"/>
<line xp1="51.09879" yp1="76.08455" xp2="51.16241" yp2="75.90274" sp="0.05" color="silver" opacity="100"/>
<line xp1="51.16241" yp1="75.90274" xp2="51.21678" yp2="75.52941" sp="0.05" color="silver" opacity="100"/>
<line xp1="51.21678" yp1="75.52941" xp2="51.31185" yp2="75.31000" sp="0.05" color="silver" opacity="100"/>
<line xp1="51.31185" yp1="75.31000" xp2="51.38302" yp2="75.19873" sp="0.05" color="silver" opacity="100"/>
<line xp1="51.38302" yp1="75.19873" xp2="51.39128" yp2="74.91386" sp="0.05" color="silver" opacity="100"/>
<line xp1="51.39128" yp1="74.91386" xp2="51.45460" yp2="74.52565" sp="0.05" color="silver" opacity="100"/>
<line xp1="51.45460" yp1="74.52565" xp2="51.42662" yp2="74.34826" sp="0.05" color="silver" opacity="100"/>
<line xp1="51.42662" yp1="74.34826" xp2="51.42421" yp2="74.33299" sp="0.05" color="silver" opacity="100"/>
<line xp1="51.42421" yp1="74.33299" xp2="51.44050" yp2="74.10070" sp="0.05" color="silver" opacity="100"/>
<line xp1="51.44050" yp1="74.10070" xp2="51.42789" yp2="73.91956" sp="0.05" color="silver" opacity="100"/>
<line xp1="51.42789" yp1="73.91956" xp2="51.40447" yp2="73.76127" sp="0.05" color="silver" opacity="100"/>
<line xp1="51.40447" yp1="73.76127" xp2="51.33767" yp2="73.66045" sp="0.05" color="silver" opacity="100"/>
<line xp1="51.33767" yp1="73.66045" xp2="51.27282" yp2="73.52096" sp="0.05" color="silver" opacity="100"/>
<line xp1="51.27282" yp1="73.52096" xp2="51.16141" yp2="73.43307" sp="0.05" color="silver" opacity="100"/>
<line xp1="51.16141" yp1="73.43307" xp2="51.03668" yp2="73.29761" sp="0.05" color="silver" opacity="100"/>
<line xp1="51.03668" yp1="73.29761" xp2="50.99751" yp2="73.19832" sp="0.05" color="silver" opacity="100"/>
<line xp1="50.99751" yp1="73.19832" xp2="51.00930" yp2="73.12572" sp="0.05" color="silver" opacity="100"/>
<line xp1="51.00930" yp1="73.12572" xp2="51.02243" yp2="73.10322" sp="0.05" color="silver" opacity="100"/>
<line xp1="51.02243" yp1="73.10322" xp2="51.10610" yp2="72.95992" sp="0.05" color="silver" opacity="100"/>
<line xp1="51.10610" yp1="72.95992" xp2="51.16537" yp2="72.79635" sp="0.05" color="silver" opacity="100"/>
<line xp1="51.16537" yp1="72.79635" xp2="51.21418" yp2="72.67694" sp="0.05" color="silver" opacity="100"/>
<line xp1="51.21418" yp1="72.67694" xp2="51.26854" yp2="72.60062" sp="0.05" color="silver" opacity="100"/>
<line xp1="51.26854" yp1="72.60062" xp2="51.35734" yp2="72.59455" sp="0.05" color="silver" opacity="100"/>
<line xp1="51.35734" yp1="72.59455" xp2="51.44286" yp2="72.53169" sp="0.05" color="silver" opacity="100"/>
<line xp1="51.44286" yp1="72.53169" xp2="51.50494" yp2="72.50184" sp="0.05" color="silver" opacity="100"/>
<line xp1="51.50494" yp1="72.50184" xp2="51.56530" yp2="72.41792" sp="0.05" color="silver" opacity="100"/>
<line xp1="51.56530" yp1="72.41792" xp2="51.58450" yp2="72.36228" sp="0.05" color="silver" opacity="100"/>
<line xp1="51.58450" yp1="72.36228" xp2="51.60341" yp2="72.30746" sp="0.05" color="silver" opacity="100"/>
<line xp1="51.60341" yp1="72.30746" xp2="51.60376" yp2="72.19685" sp="0.05" color="silver" opacity="100"/>
<line xp1="51.60376" yp1="72.19685" xp2="51.60640" yp2="71.36384" sp="0.05" color="silver" opacity="100"/>
<line xp1="51.60640" yp1="71.36384" xp2="51.60795" yp2="70.87300" sp="0.05" color="silver" opacity="100"/>
<line xp1="51.60795" yp1="70.87300" xp2="51.60953" yp2="70.37525" sp="0.05" color="silver" opacity="100"/>
<line xp1="51.60953" yp1="70.37525" xp2="51.61032" yp2="70.12468" sp="0.05" color="silver" opacity="100"/>
<line xp1="51.61032" yp1="70.12468" xp2="51.61198" yp2="69.60043" sp="0.05" color="silver" opacity="100"/>
<line xp1="51.61198" yp1="69.60043" xp2="51.61164" yp2="69.13372" sp="0.05" color="silver" opacity="100"/>
<line xp1="51.61164" yp1="69.13372" xp2="51.61164" yp2="69.13366" sp="0.05" color="silver" opacity="100"/>
<line xp1="51.61164" yp1="69.13366" xp2="51.61091" yp2="68.14145" sp="0.05" color="silver" opacity="100"/>
<line xp1="51.61091" yp1="68.14145" xp2="51.61091" yp2="68.14145" sp="0.05" color="silver" opacity="100"/>
<line xp1="51.61091" yp1="68.14145" xp2="51.61028" yp2="67.29228" sp="0.05" color="silver" opacity="100"/>
<line xp1="51.61028" yp1="67.29228" xp2="51.61037" yp2="67.14397" sp="0.05" color="silver" opacity="100"/>
<line xp1="51.61037" yp1="67.14397" xp2="52.00233" yp2="67.14381" sp="0.05" color="silver" opacity="100"/>
<line xp1="52.00233" yp1="67.14381" xp2="52.22590" yp2="67.14339" sp="0.05" color="silver" opacity="100"/>
<line xp1="52.22590" yp1="67.14339" xp2="52.52162" yp2="67.14284" sp="0.05" color="silver" opacity="100"/>
<line xp1="52.52162" yp1="67.14284" xp2="52.56243" yp2="67.14276" sp="0.05" color="silver" opacity="100"/>
<line xp1="52.56243" yp1="67.14276" xp2="53.09723" yp2="67.14356" sp="0.05" color="silver" opacity="100"/>
<line xp1="53.09723" yp1="67.14356" xp2="53.14703" yp2="67.14378" sp="0.05" color="silver" opacity="100"/>
<line xp1="53.14703" yp1="67.14378" xp2="53.24956" yp2="67.14422" sp="0.05" color="silver" opacity="100"/>
<line xp1="53.24956" yp1="67.14422" xp2="53.51548" yp2="67.14539" sp="0.05" color="silver" opacity="100"/>
<line xp1="53.51548" yp1="67.14539" xp2="53.97752" yp2="67.14456" sp="0.05" color="silver" opacity="100"/>
<line xp1="53.97752" yp1="67.14456" xp2="54.03964" yp2="67.14445" sp="0.05" color="silver" opacity="100"/>
<line xp1="54.03964" yp1="67.14445" xp2="54.06992" yp2="67.14444" sp="0.05" color="silver" opacity="100"/>
<line xp1="54.06992" yp1="67.14444" xp2="54.70331" yp2="67.14422" sp="0.05" color="silver" opacity="100"/>
<line xp1="54.70331" yp1="67.14422" xp2="54.78370" yp2="67.14420" sp="0.05" color="silver" opacity="100"/>
<line xp1="54.78370" yp1="67.14420" xp2="55.00313" yp2="67.14336" sp="0.05" color="silver" opacity="100"/>
<line xp1="55.00313" yp1="67.14336" xp2="55.42960" yp2="67.14173" sp="0.05" color="silver" opacity="100"/>
<line xp1="55.42960" yp1="67.14173" xp2="55.92533" yp2="67.14153" sp="0.05" color="silver" opacity="100"/>
<line xp1="55.92533" yp1="67.14153" xp2="56.03580" yp2="67.14149" sp="0.05" color="silver" opacity="100"/>
<line xp1="56.03580" yp1="67.14149" xp2="56.15792" yp2="67.14152" sp="0.05" color="silver" opacity="100"/>
<line xp1="56.15792" yp1="67.14152" xp2="56.57098" yp2="67.14162" sp="0.05" color="silver" opacity="100"/>
<line xp1="56.57098" yp1="67.14162" xp2="56.84740" yp2="67.14159" sp="0.05" color="silver" opacity="100"/>
<line xp1="56.84740" yp1="67.14159" xp2="56.88562" yp2="67.14159" sp="0.05" color="silver" opacity="100"/>
<line xp1="56.88562" yp1="67.14159" xp2="57.12265" yp2="67.14157" sp="0.05" color="silver" opacity="100"/>
<line xp1="57.12265" yp1="67.14157" xp2="57.61052" yp2="67.14371" sp="0.05" color="silver" opacity="100"/>
<line xp1="57.61052" yp1="67.14371" xp2="57.61057" yp2="67.14371" sp="0.05" color="silver" opacity="100"/>
<line xp1="57.61057" yp1="67.14371" xp2="57.77085" yp2="67.14404" sp="0.05" color="silver" opacity="100"/>
<line xp1="57.77085" yp1="67.14404" xp2="58.18636" yp2="67.14489" sp="0.05" color="silver" opacity="100"/>
<line xp1="58.18636" yp1="67.14489" xp2="58.33877" yp2="67.14487" sp="0.05" color="silver" opacity="100"/>
<line xp1="58.33877" yp1="67.14487" xp2="58.73100" yp2="67.14481" sp="0.05" color="silver" opacity="100"/>
<line xp1="58.73100" yp1="67.14481" xp2="58.87659" yp2="67.14482" sp="0.05" color="silver" opacity="100"/>
<line xp1="58.87659" yp1="67.14482" xp2="59.06025" yp2="67.14482" sp="0.05" color="silver" opacity="100"/>
<line xp1="59.06025" yp1="67.14482" xp2="59.24455" yp2="67.14483" sp="0.05" color="silver" opacity="100"/>
<line xp1="59.24455" yp1="67.14483" xp2="59.66507" yp2="67.14443" sp="0.05" color="silver" opacity="100"/>
<line xp1="59.66507" yp1="67.14443" xp2="59.64183" yp2="67.32812" sp="0.05" color="silver" opacity="100"/>
<line xp1="59.64183" yp1="67.32812" xp2="59.61088" yp2="67.42961" sp="0.05" color="silver" opacity="100"/>
<line xp1="59.61088" yp1="67.42961" xp2="59.57961" yp2="67.61892" sp="0.05" color="silver" opacity="100"/>
<line xp1="59.57961" yp1="67.61892" xp2="59.60462" yp2="67.78760" sp="0.05" color="silver" opacity="100"/>
<line xp1="59.60462" yp1="67.78760" xp2="59.62468" yp2="67.92299" sp="0.05" color="silver" opacity="100"/>
<line xp1="59.62468" yp1="67.92299" xp2="59.55745" yp2="68.13447" sp="0.05" color="silver" opacity="100"/>
<line xp1="59.55745" yp1="68.13447" xp2="59.55230" yp2="68.15067" sp="0.05" color="silver" opacity="100"/>
<line xp1="59.55230" yp1="68.15067" xp2="59.45011" yp2="68.33495" sp="0.05" color="silver" opacity="100"/>
<line xp1="59.45011" yp1="68.33495" xp2="59.34836" yp2="68.52656" sp="0.05" color="silver" opacity="100"/>
<line xp1="59.34836" yp1="68.52656" xp2="59.32225" yp2="68.57572" sp="0.05" color="silver" opacity="100"/>
<line xp1="59.32225" yp1="68.57572" xp2="59.13967" yp2="68.64060" sp="0.05" color="silver" opacity="100"/>
<line xp1="59.13967" yp1="68.64060" xp2="59.11803" yp2="68.64829" sp="0.05" color="silver" opacity="100"/>
<line xp1="59.11803" yp1="68.64829" xp2="59.00327" yp2="68.75460" sp="0.05" color="silver" opacity="100"/>
<line xp1="59.00327" yp1="68.75460" xp2="58.89370" yp2="68.93958" sp="0.05" color="silver" opacity="100"/>
<line xp1="58.89370" yp1="68.93958" xp2="58.74261" yp2="69.04067" sp="0.05" color="silver" opacity="100"/>
<line xp1="58.74261" yp1="69.04067" xp2="58.68538" yp2="69.13493" sp="0.05" color="silver" opacity="100"/>
<line xp1="58.68538" yp1="69.13493" xp2="58.62662" yp2="69.23173" sp="0.05" color="silver" opacity="100"/>
<line xp1="58.62662" yp1="69.23173" xp2="58.59048" yp2="69.48027" sp="0.05" color="silver" opacity="100"/>
<line xp1="58.59048" yp1="69.48027" xp2="58.51754" yp2="69.60603" sp="0.05" color="silver" opacity="100"/>
<line xp1="58.51754" yp1="69.60603" xp2="58.33149" yp2="69.72747" sp="0.05" color="silver" opacity="100"/>
<line xp1="58.33149" yp1="69.72747" xp2="58.29064" yp2="69.75414" sp="0.05" color="silver" opacity="100"/>
<line xp1="58.29064" yp1="69.75414" xp2="58.10389" yp2="69.84410" sp="0.05" color="silver" opacity="100"/>
<line xp1="58.10389" yp1="69.84410" xp2="58.08405" yp2="69.86929" sp="0.05" color="silver" opacity="100"/>
<line xp1="58.08405" yp1="69.86929" xp2="58.01384" yp2="69.95847" sp="0.05" color="silver" opacity="100"/>
<line xp1="58.01384" yp1="69.95847" xp2="57.97835" yp2="70.10861" sp="0.05" color="silver" opacity="100"/>
<line xp1="57.97835" yp1="70.10861" xp2="57.97395" yp2="70.11222" sp="0.05" color="silver" opacity="100"/>
<line xp1="57.97395" yp1="70.11222" xp2="57.90536" yp2="70.16839" sp="0.05" color="silver" opacity="100"/>
<line xp1="57.90536" yp1="70.16839" xp2="57.84726" yp2="70.16655" sp="0.05" color="silver" opacity="100"/>
<line xp1="57.84726" yp1="70.16655" xp2="57.61649" yp2="70.22201" sp="0.05" color="silver" opacity="100"/>
<line xp1="57.61649" yp1="70.22201" xp2="57.51073" yp2="70.32249" sp="0.05" color="silver" opacity="100"/>
<line xp1="57.51073" yp1="70.32249" xp2="57.39001" yp2="70.54125" sp="0.05" color="silver" opacity="100"/>
<line xp1="57.39001" yp1="70.54125" xp2="57.33596" yp2="70.61407" sp="0.05" color="silver" opacity="100"/>
<line xp1="57.33596" yp1="70.61407" xp2="57.24252" yp2="70.73995" sp="0.05" color="silver" opacity="100"/>
<line xp1="57.24252" yp1="70.73995" xp2="57.22264" yp2="70.76675" sp="0.05" color="silver" opacity="100"/>
<line xp1="57.22264" yp1="70.76675" xp2="57.27912" yp2="71.01248" sp="0.05" color="silver" opacity="100"/>
<line xp1="57.27912" yp1="71.01248" xp2="57.28136" yp2="71.03290" sp="0.05" color="silver" opacity="100"/>
<line xp1="57.28136" yp1="71.03290" xp2="57.28150" yp2="71.03422" sp="0.05" color="silver" opacity="100"/>
<line xp1="57.28150" yp1="71.03422" xp2="57.30646" yp2="71.26162" sp="0.05" color="silver" opacity="100"/>
<line xp1="57.30646" yp1="71.26162" xp2="57.28938" yp2="71.49276" sp="0.05" color="silver" opacity="100"/>
<line xp1="57.28938" yp1="71.49276" xp2="57.22629" yp2="71.61544" sp="0.05" color="silver" opacity="100"/>
<line xp1="57.22629" yp1="71.61544" xp2="57.32229" yp2="71.75256" sp="0.05" color="silver" opacity="100"/>
<line xp1="57.32229" yp1="71.75256" xp2="57.31718" yp2="71.78190" sp="0.05" color="silver" opacity="100"/>
<line xp1="57.31718" yp1="71.78190" xp2="57.28164" yp2="71.98603" sp="0.05" color="silver" opacity="100"/>
<line xp1="57.28164" yp1="71.98603" xp2="57.28294" yp2="72.02863" sp="0.05" color="silver" opacity="100"/>
<line xp1="57.28294" yp1="72.02863" xp2="57.28943" yp2="72.24268" sp="0.05" color="silver" opacity="100"/>
<line xp1="57.28943" yp1="72.24268" xp2="57.31036" yp2="72.27446" sp="0.05" color="silver" opacity="100"/>
<line xp1="57.31036" yp1="72.27446" xp2="57.38620" yp2="72.38964" sp="0.05" color="silver" opacity="100"/>
<line xp1="57.38620" yp1="72.38964" xp2="57.44848" yp2="72.56017" sp="0.05" color="silver" opacity="100"/>
<line xp1="57.44848" yp1="72.56017" xp2="57.46651" yp2="72.67980" sp="0.05" color="silver" opacity="100"/>
<line xp1="57.46651" yp1="72.67980" xp2="57.40493" yp2="72.77792" sp="0.05" color="silver" opacity="100"/>
<line xp1="57.40493" yp1="72.77792" xp2="57.34150" yp2="72.93043" sp="0.05" color="silver" opacity="100"/>
<line xp1="57.34150" yp1="72.93043" xp2="57.29707" yp2="73.02143" sp="0.05" color="silver" opacity="100"/>
<line xp1="57.29707" yp1="73.02143" xp2="57.22846" yp2="73.03673" sp="0.05" color="silver" opacity="100"/>
<line xp1="57.22846" yp1="73.03673" xp2="57.10594" yp2="73.06688" sp="0.05" color="silver" opacity="100"/>
<line xp1="57.10594" yp1="73.06688" xp2="57.09549" yp2="73.25430" sp="0.05" color="silver" opacity="100"/>
<line xp1="57.09549" yp1="73.25430" xp2="57.09739" yp2="73.26899" sp="0.05" color="silver" opacity="100"/>
<line xp1="57.09739" yp1="73.26899" xp2="57.12356" yp2="73.47183" sp="0.05" color="silver" opacity="100"/>
<line xp1="57.12356" yp1="73.47183" xp2="57.16809" yp2="73.51256" sp="0.05" color="silver" opacity="100"/>
<line xp1="57.16809" yp1="73.51256" xp2="57.19075" yp2="73.53329" sp="0.05" color="silver" opacity="100"/>
<line xp1="57.19075" yp1="73.53329" xp2="57.26693" yp2="73.68575" sp="0.05" color="silver" opacity="100"/>
<line xp1="57.26693" yp1="73.68575" xp2="57.29314" yp2="73.81526" sp="0.05" color="silver" opacity="100"/>
<line xp1="57.29314" yp1="73.81526" xp2="57.35211" yp2="73.95373" sp="0.05" color="silver" opacity="100"/>
<line xp1="57.35211" yp1="73.95373" xp2="57.45212" yp2="74.06983" sp="0.05" color="silver" opacity="100"/>
<line xp1="57.45212" yp1="74.06983" xp2="57.56836" yp2="74.13214" sp="0.05" color="silver" opacity="100"/>
<line xp1="57.56836" yp1="74.13214" xp2="57.62203" yp2="74.20034" sp="0.05" color="silver" opacity="100"/>
<line xp1="57.62203" yp1="74.20034" xp2="57.73421" yp2="74.20843" sp="0.05" color="silver" opacity="100"/>
<line xp1="57.73421" yp1="74.20843" xp2="57.76980" yp2="74.29215" sp="0.05" color="silver" opacity="100"/>
<line xp1="57.76980" yp1="74.29215" xp2="57.85741" yp2="74.34154" sp="0.05" color="silver" opacity="100"/>
<line xp1="57.85741" yp1="74.34154" xp2="57.92037" yp2="74.33053" sp="0.05" color="silver" opacity="100"/>
<line xp1="57.92037" yp1="74.33053" xp2="57.94117" yp2="74.43471" sp="0.05" color="silver" opacity="100"/>
<line xp1="57.94117" yp1="74.43471" xp2="58.00918" yp2="74.49822" sp="0.05" color="silver" opacity="100"/>
<line xp1="58.00918" yp1="74.49822" xp2="58.00949" yp2="74.73520" sp="0.05" color="silver" opacity="100"/>
<line xp1="58.00949" yp1="74.73520" xp2="58.00982" yp2="74.98298" sp="0.05" color="silver" opacity="100"/>
<line xp1="58.00982" yp1="74.98298" xp2="58.01114" yp2="75.47777" sp="0.05" color="silver" opacity="100"/>
<line xp1="58.01114" yp1="75.47777" xp2="58.01174" yp2="75.70167" sp="0.05" color="silver" opacity="100"/>
<line xp1="58.01174" yp1="75.70167" xp2="58.01201" yp2="76.18069" sp="0.05" color="silver" opacity="100"/>
<line xp1="58.01201" yp1="76.18069" xp2="58.14540" yp2="76.18497" sp="0.05" color="silver" opacity="100"/>
<line xp1="58.14540" yp1="76.18497" xp2="58.17986" yp2="76.27212" sp="0.05" color="silver" opacity="100"/>
<line xp1="58.17986" yp1="76.27212" xp2="58.24102" yp2="76.37599" sp="0.05" color="silver" opacity="100"/>
<line xp1="58.24102" yp1="76.37599" xp2="58.30730" yp2="76.38413" sp="0.05" color="silver" opacity="100"/>
<line xp1="58.30730" yp1="76.38413" xp2="58.38336" yp2="76.31576" sp="0.05" color="silver" opacity="100"/>
<line xp1="58.38336" yp1="76.31576" xp2="58.43802" yp2="76.30420" sp="0.05" color="silver" opacity="100"/>
<line xp1="58.43802" yp1="76.30420" xp2="58.36602" yp2="76.58297" sp="0.05" color="silver" opacity="100"/>
<line xp1="58.36602" yp1="76.58297" xp2="58.44092" yp2="76.66779" sp="0.05" color="silver" opacity="100"/>
<line xp1="58.44092" yp1="76.66779" xp2="58.60541" yp2="76.83210" sp="0.05" color="silver" opacity="100"/>
<line xp1="58.60541" yp1="76.83210" xp2="58.75869" yp2="76.95351" sp="0.05" color="silver" opacity="100"/>
<line xp1="58.75869" yp1="76.95351" xp2="58.77791" yp2="76.97864" sp="0.05" color="silver" opacity="100"/>
<line xp1="58.77791" yp1="76.97864" xp2="58.86600" yp2="77.09387" sp="0.05" color="silver" opacity="100"/>
<line xp1="58.86600" yp1="77.09387" xp2="59.00836" yp2="77.21855" sp="0.05" color="silver" opacity="100"/>
<line xp1="59.00836" yp1="77.21855" xp2="59.11720" yp2="77.39976" sp="0.05" color="silver" opacity="100"/>
<line xp1="59.11720" yp1="77.39976" xp2="59.29698" yp2="77.54045" sp="0.05" color="silver" opacity="100"/>
<line xp1="59.29698" yp1="77.54045" xp2="59.40458" yp2="77.67798" sp="0.05" color="silver" opacity="100"/>
<line xp1="59.40458" yp1="77.67798" xp2="59.59614" yp2="77.94083" sp="0.05" color="silver" opacity="100"/>
<line xp1="59.59614" yp1="77.94083" xp2="59.77391" yp2="78.23275" sp="0.05" color="silver" opacity="100"/>
<line xp1="59.77391" yp1="78.23275" xp2="59.96442" yp2="78.47133" sp="0.05" color="silver" opacity="100"/>
<line xp1="59.96442" yp1="78.47133" xp2="60.20266" yp2="78.73400" sp="0.05" color="silver" opacity="100"/>
<line xp1="60.20266" yp1="78.73400" xp2="60.40627" yp2="78.92669" sp="0.05" color="silver" opacity="100"/>
<line xp1="60.40627" yp1="78.92669" xp2="60.54179" yp2="79.01765" sp="0.05" color="silver" opacity="100"/>
<line xp1="60.54179" yp1="79.01765" xp2="60.71215" yp2="79.15159" sp="0.05" color="silver" opacity="100"/>
<line xp1="60.71215" yp1="79.15159" xp2="60.89017" yp2="79.24329" sp="0.05" color="silver" opacity="100"/>
<line xp1="60.89017" yp1="79.24329" xp2="61.04085" yp2="79.29649" sp="0.05" color="silver" opacity="100"/>
<line xp1="61.04085" yp1="79.29649" xp2="61.24979" yp2="79.36609" sp="0.05" color="silver" opacity="100"/>
<line xp1="61.24979" yp1="79.36609" xp2="61.42765" yp2="79.46030" sp="0.05" color="silver" opacity="100"/>
<line xp1="61.42765" yp1="79.46030" xp2="61.57801" yp2="79.51575" sp="0.05" color="silver" opacity="100"/>
<line xp1="61.57801" yp1="79.51575" xp2="61.65592" yp2="79.60589" sp="0.05" color="silver" opacity="100"/>
<line xp1="61.65592" yp1="79.60589" xp2="61.85609" yp2="79.68959" sp="0.05" color="silver" opacity="100"/>
<line xp1="61.85609" yp1="79.68959" xp2="61.94225" yp2="79.76624" sp="0.05" color="silver" opacity="100"/>
<line xp1="61.94225" yp1="79.76624" xp2="62.06059" yp2="79.86062" sp="0.05" color="silver" opacity="100"/>
<line xp1="62.06059" yp1="79.86062" xp2="62.22305" yp2="79.92814" sp="0.05" color="silver" opacity="100"/>
<line xp1="62.22305" yp1="79.92814" xp2="62.32427" yp2="80.04151" sp="0.05" color="silver" opacity="100"/>
<line xp1="62.32427" yp1="80.04151" xp2="62.11525" yp2="80.03291" sp="0.05" color="silver" opacity="100"/>
<line xp1="62.11525" yp1="80.03291" xp2="61.92413" yp2="80.06664" sp="0.05" color="silver" opacity="100"/>
<line xp1="61.92413" yp1="80.06664" xp2="61.74130" yp2="79.97114" sp="0.05" color="silver" opacity="100"/>
<line xp1="61.74130" yp1="79.97114" xp2="61.57933" yp2="80.05814" sp="0.05" color="silver" opacity="100"/>
<line xp1="61.57933" yp1="80.05814" xp2="61.49288" yp2="80.25025" sp="0.05" color="silver" opacity="100"/>
<line xp1="61.49288" yp1="80.25025" xp2="61.32894" yp2="80.32039" sp="0.05" color="silver" opacity="100"/>
<line xp1="61.32894" yp1="80.32039" xp2="61.05042" yp2="80.29655" sp="0.05" color="silver" opacity="100"/>
<line xp1="61.05042" yp1="80.29655" xp2="60.81382" yp2="80.30307" sp="0.05" color="silver" opacity="100"/>
<line xp1="60.81382" yp1="80.30307" xp2="60.66752" yp2="80.35034" sp="0.05" color="silver" opacity="100"/>
<line xp1="60.66752" yp1="80.35034" xp2="60.45584" yp2="80.27431" sp="0.05" color="silver" opacity="100"/>
<line xp1="60.45584" yp1="80.27431" xp2="60.34467" yp2="80.34923" sp="0.05" color="silver" opacity="100"/>
<line xp1="60.34467" yp1="80.34923" xp2="60.30122" yp2="80.50809" sp="0.05" color="silver" opacity="100"/>
<line xp1="60.30122" yp1="80.50809" xp2="60.24058" yp2="80.69593" sp="0.05" color="silver" opacity="100"/>
<line xp1="60.24058" yp1="80.69593" xp2="60.14334" yp2="80.67811" sp="0.05" color="silver" opacity="100"/>
<line xp1="60.14334" yp1="80.67811" xp2="59.94976" yp2="80.54439" sp="0.05" color="silver" opacity="100"/>
<line xp1="59.94976" yp1="80.54439" xp2="59.94531" yp2="80.54131" sp="0.05" color="silver" opacity="100"/>
<line xp1="59.94531" yp1="80.54131" xp2="59.75984" yp2="80.40136" sp="0.05" color="silver" opacity="100"/>
<line xp1="59.75984" yp1="80.40136" xp2="59.61521" yp2="80.24025" sp="0.05" color="silver" opacity="100"/>
<line xp1="59.61521" yp1="80.24025" xp2="59.48219" yp2="80.19893" sp="0.05" color="silver" opacity="100"/>
<line xp1="59.48219" yp1="80.19893" xp2="59.28385" yp2="80.19077" sp="0.05" color="silver" opacity="100"/>
<line xp1="59.28385" yp1="80.19077" xp2="59.16537" yp2="80.15219" sp="0.05" color="silver" opacity="100"/>
<line xp1="59.16537" yp1="80.15219" xp2="59.13958" yp2="80.30934" sp="0.05" color="silver" opacity="100"/>
<line xp1="59.13958" yp1="80.30934" xp2="58.93482" yp2="80.34094" sp="0.05" color="silver" opacity="100"/>
<line xp1="58.93482" yp1="80.34094" xp2="58.90011" yp2="80.56894" sp="0.05" color="silver" opacity="100"/>
<line xp1="58.90011" yp1="80.56894" xp2="58.79818" yp2="80.57266" sp="0.05" color="silver" opacity="100"/>
<line xp1="58.79818" yp1="80.57266" xp2="58.77336" yp2="80.58796" sp="0.05" color="silver" opacity="100"/>
<line xp1="58.77336" yp1="80.58796" xp2="58.62543" yp2="80.67914" sp="0.05" color="silver" opacity="100"/>
<line xp1="58.62543" yp1="80.67914" xp2="58.49112" yp2="80.70800" sp="0.05" color="silver" opacity="100"/>
<line xp1="58.49112" yp1="80.70800" xp2="58.46133" yp2="80.91816" sp="0.05" color="silver" opacity="100"/>
<line xp1="58.46133" yp1="80.91816" xp2="58.37657" yp2="81.02632" sp="0.05" color="silver" opacity="100"/>
<line xp1="58.37657" yp1="81.02632" xp2="58.21206" yp2="81.03794" sp="0.05" color="silver" opacity="100"/>
<line xp1="58.21206" yp1="81.03794" xp2="58.05803" yp2="81.01409" sp="0.05" color="silver" opacity="100"/>
<line xp1="58.05803" yp1="81.01409" xp2="58.00706" yp2="80.92559" sp="0.05" color="silver" opacity="100"/>
<line xp1="58.00706" yp1="80.92559" xp2="58.00666" yp2="80.79462" sp="0.05" color="silver" opacity="100"/>
<line xp1="58.00666" yp1="80.79462" xp2="57.97744" yp2="80.68722" sp="0.05" color="silver" opacity="100"/>
<line xp1="57.97744" yp1="80.68722" xp2="57.89358" yp2="80.62934" sp="0.05" color="silver" opacity="100"/>
<line xp1="57.89358" yp1="80.62934" xp2="57.82110" yp2="80.84418" sp="0.05" color="silver" opacity="100"/>
<line xp1="57.82110" yp1="80.84418" xp2="57.73854" yp2="81.00525" sp="0.05" color="silver" opacity="100"/>
<line xp1="57.73854" yp1="81.00525" xp2="57.75950" yp2="81.18344" sp="0.05" color="silver" opacity="100"/>
<line xp1="57.75950" yp1="81.18344" xp2="57.66937" yp2="81.28089" sp="0.05" color="silver" opacity="100"/>
<line xp1="57.66937" yp1="81.28089" xp2="57.57594" yp2="81.25951" sp="0.05" color="silver" opacity="100"/>
<line xp1="57.57594" yp1="81.25951" xp2="57.45061" yp2="81.33404" sp="0.05" color="silver" opacity="100"/>
<line xp1="57.45061" yp1="81.33404" xp2="57.49059" yp2="81.45215" sp="0.05" color="silver" opacity="100"/>
<line xp1="57.49059" yp1="81.45215" xp2="57.48472" yp2="81.55107" sp="0.05" color="silver" opacity="100"/>
<line xp1="57.48472" yp1="81.55107" xp2="57.34147" yp2="81.54083" sp="0.05" color="silver" opacity="100"/>
<line xp1="57.34147" yp1="81.54083" xp2="57.08510" yp2="81.69976" sp="0.05" color="silver" opacity="100"/>
<line xp1="57.08510" yp1="81.69976" xp2="56.99250" yp2="81.80427" sp="0.05" color="silver" opacity="100"/>
<line xp1="56.99250" yp1="81.80427" xp2="56.78685" yp2="81.79089" sp="0.05" color="silver" opacity="100"/>
<line xp1="56.78685" yp1="81.79089" xp2="56.70397" yp2="81.78550" sp="0.05" color="silver" opacity="100"/>
<line xp1="56.70397" yp1="81.78550" xp2="56.60400" yp2="81.83564" sp="0.05" color="silver" opacity="100"/>
<line xp1="56.60400" yp1="81.83564" xp2="56.38842" yp2="81.79034" sp="0.05" color="silver" opacity="100"/>
<line xp1="56.38842" yp1="81.79034" xp2="56.35207" yp2="81.72881" sp="0.05" color="silver" opacity="100"/>
<line xp1="56.35207" yp1="81.72881" xp2="56.20876" yp2="81.69083" sp="0.05" color="silver" opacity="100"/>
<line xp1="56.20876" yp1="81.69083" xp2="56.20384" yp2="81.55904" sp="0.05" color="silver" opacity="100"/>
<line xp1="56.20384" yp1="81.55904" xp2="56.05837" yp2="81.51113" sp="0.05" color="silver" opacity="100"/>
<line xp1="56.05837" yp1="81.51113" xp2="55.88528" yp2="81.47513" sp="0.05" color="silver" opacity="100"/>
<line xp1="55.88528" yp1="81.47513" xp2="55.66896" yp2="81.50431" sp="0.05" color="silver" opacity="100"/>
<line xp1="55.66896" yp1="81.50431" xp2="55.68420" yp2="81.62943" sp="0.05" color="silver" opacity="100"/>
<line xp1="55.68420" yp1="81.62943" xp2="55.62460" yp2="81.79827" sp="0.05" color="silver" opacity="100"/>
<line xp1="55.62460" yp1="81.79827" xp2="55.49692" yp2="81.80349" sp="0.05" color="silver" opacity="100"/>
<line xp1="55.49692" yp1="81.80349" xp2="55.24424" yp2="81.83905" sp="0.05" color="silver" opacity="100"/>
<line xp1="55.24424" yp1="81.83905" xp2="54.99971" yp2="81.87521" sp="0.05" color="silver" opacity="100"/>
<line xp1="54.99971" yp1="81.87521" xp2="54.99820" yp2="81.95290" sp="0.05" color="silver" opacity="100"/>
<line xp1="54.99820" yp1="81.95290" xp2="54.95108" yp2="82.01501" sp="0.05" color="silver" opacity="100"/>
<line xp1="54.95108" yp1="82.01501" xp2="54.78639" yp2="82.03413" sp="0.05" color="silver" opacity="100"/>
<line xp1="54.78639" yp1="82.03413" xp2="54.72277" yp2="81.99517" sp="0.05" color="silver" opacity="100"/>
<line xp1="54.72277" yp1="81.99517" xp2="54.69753" yp2="81.97971" sp="0.05" color="silver" opacity="100"/>
<line xp1="54.69753" yp1="81.97971" xp2="54.60175" yp2="82.00103" sp="0.05" color="silver" opacity="100"/>
<line xp1="54.60175" yp1="82.00103" xp2="54.43229" yp2="82.10678" sp="0.05" color="silver" opacity="100"/>
<line xp1="54.43229" yp1="82.10678" xp2="54.31644" yp2="82.25529" sp="0.05" color="silver" opacity="100"/>
<line xp1="54.31644" yp1="82.25529" xp2="54.32972" yp2="82.40034" sp="0.05" color="silver" opacity="100"/>
<line xp1="54.32972" yp1="82.40034" xp2="54.33374" yp2="82.52551" sp="0.05" color="silver" opacity="100"/>
<line xp1="54.33374" yp1="82.52551" xp2="54.27857" yp2="82.85712" sp="0.05" color="silver" opacity="100"/>
<line xp1="54.27857" yp1="82.85712" xp2="54.23043" yp2="83.14218" sp="0.05" color="silver" opacity="100"/>
<line xp1="54.23043" yp1="83.14218" xp2="54.19350" yp2="83.21427" sp="0.05" color="silver" opacity="100"/>
<line xp1="54.19350" yp1="83.21427" xp2="54.15809" yp2="83.46938" sp="0.05" color="silver" opacity="100"/>
<line xp1="54.15809" yp1="83.46938" xp2="54.12889" yp2="83.77425" sp="0.05" color="silver" opacity="100"/>
<line xp1="54.12889" yp1="83.77425" xp2="54.03315" yp2="83.80912" sp="0.05" color="silver" opacity="100"/>
<line xp1="54.03315" yp1="83.80912" xp2="53.91983" yp2="83.91051" sp="0.05" color="silver" opacity="100"/>
<line xp1="53.91983" yp1="83.91051" xp2="53.86322" yp2="83.91113" sp="0.05" color="silver" opacity="100"/>
<line xp1="53.86322" yp1="83.91113" xp2="53.75630" yp2="83.86620" sp="0.05" color="silver" opacity="100"/>
<line xp1="53.75630" yp1="83.86620" xp2="53.61029" yp2="83.95531" sp="0.05" color="silver" opacity="100"/>
<line xp1="53.61029" yp1="83.95531" xp2="53.61026" yp2="83.74082" sp="0.05" color="silver" opacity="100"/>
<line xp1="53.61026" yp1="83.74082" xp2="53.61029" yp2="83.38537" sp="0.05" color="silver" opacity="100"/>
<line xp1="53.61029" yp1="83.38537" xp2="53.60968" yp2="82.85401" sp="0.05" color="silver" opacity="100"/>
<line xp1="53.60968" yp1="82.85401" xp2="53.35402" yp2="82.85360" sp="0.05" color="silver" opacity="100"/>
<line xp1="53.35402" yp1="82.85360" xp2="53.32160" yp2="82.85354" sp="0.05" color="silver" opacity="100"/>
<line xp1="53.32160" yp1="82.85354" xp2="52.34555" yp2="82.85710" sp="0.05" color="silver" opacity="100"/>
<line xp1="52.34555" yp1="82.85710" xp2="51.68398" yp2="82.85710" sp="0.05" color="silver" opacity="100"/>
<line xp1="51.68398" yp1="82.85710" xp2="50.87545" yp2="82.85710" sp="0.05" color="silver" opacity="100"/>
<line xp1="50.87545" yp1="82.85710" xp2="50.41686" yp2="82.85911" sp="0.05" color="silver" opacity="100"/>
<line xp1="50.41686" yp1="82.85911" xp2="50.41686" yp2="82.85911" sp="0.05" color="silver" opacity="100"/>
<line xp1="59.04406" yp1="32.19375" xp2="59.00868" yp2="32.09833" sp="0.05" color="silver" opacity="100"/>
<line xp1="59.00868" yp1="32.09833" xp2="59.09223" yp2="31.98198" sp="0.05" color="silver" opacity="100"/>
<line xp1="59.09223" yp1="31.98198" xp2="59.09078" yp2="31.97714" sp="0.05" color="silver" opacity="100"/>
<line xp1="59.09078" yp1="31.97714" xp2="59.04358" yp2="31.81963" sp="0.05" color="silver" opacity="100"/>
<line xp1="59.04358" yp1="31.81963" xp2="59.08509" yp2="31.68984" sp="0.05" color="silver" opacity="100"/>
<line xp1="59.08509" yp1="31.68984" xp2="59.13790" yp2="31.57002" sp="0.05" color="silver" opacity="100"/>
<line xp1="59.13790" yp1="31.57002" xp2="59.03345" yp2="31.44313" sp="0.05" color="silver" opacity="100"/>
<line xp1="59.03345" yp1="31.44313" xp2="59.02009" yp2="31.42690" sp="0.05" color="silver" opacity="100"/>
<line xp1="59.02009" yp1="31.42690" xp2="59.65528" yp2="31.42624" sp="0.05" color="silver" opacity="100"/>
<line xp1="59.65528" yp1="31.42624" xp2="59.72902" yp2="31.42635" sp="0.05" color="silver" opacity="100"/>
<line xp1="59.72902" yp1="31.42635" xp2="59.90750" yp2="31.42664" sp="0.05" color="silver" opacity="100"/>
<line xp1="59.90750" yp1="31.42664" xp2="60.26796" yp2="31.42722" sp="0.05" color="silver" opacity="100"/>
<line xp1="60.26796" yp1="31.42722" xp2="60.37112" yp2="31.42738" sp="0.05" color="silver" opacity="100"/>
<line xp1="60.37112" yp1="31.42738" xp2="60.66585" yp2="31.42841" sp="0.05" color="silver" opacity="100"/>
<line xp1="60.66585" yp1="31.42841" xp2="60.69604" yp2="31.42852" sp="0.05" color="silver" opacity="100"/>
<line xp1="60.69604" yp1="31.42852" xp2="61.00415" yp2="31.42960" sp="0.05" color="silver" opacity="100"/>
<line xp1="61.00415" yp1="31.42960" xp2="61.00614" yp2="31.42961" sp="0.05" color="silver" opacity="100"/>
<line xp1="61.00614" yp1="31.42961" xp2="61.13915" yp2="31.43046" sp="0.05" color="silver" opacity="100"/>
<line xp1="61.13915" yp1="31.43046" xp2="61.69613" yp2="31.43404" sp="0.05" color="silver" opacity="100"/>
<line xp1="61.69613" yp1="31.43404" xp2="61.79091" yp2="31.43458" sp="0.05" color="silver" opacity="100"/>
<line xp1="61.79091" yp1="31.43458" xp2="61.95670" yp2="31.43552" sp="0.05" color="silver" opacity="100"/>
<line xp1="61.95670" yp1="31.43552" xp2="61.95665" yp2="31.43518" sp="0.05" color="silver" opacity="100"/>
<line xp1="61.95665" yp1="31.43518" xp2="61.92296" yp2="31.17980" sp="0.05" color="silver" opacity="100"/>
<line xp1="61.92296" yp1="31.17980" xp2="61.85885" yp2="30.91539" sp="0.05" color="silver" opacity="100"/>
<line xp1="61.85885" yp1="30.91539" xp2="61.79026" yp2="30.64913" sp="0.05" color="silver" opacity="100"/>
<line xp1="61.79026" yp1="30.64913" xp2="61.80588" yp2="30.48235" sp="0.05" color="silver" opacity="100"/>
<line xp1="61.80588" yp1="30.48235" xp2="61.81251" yp2="30.41150" sp="0.05" color="silver" opacity="100"/>
<line xp1="61.81251" yp1="30.41150" xp2="61.85898" yp2="30.14721" sp="0.05" color="silver" opacity="100"/>
<line xp1="61.85898" yp1="30.14721" xp2="61.98078" yp2="29.93574" sp="0.05" color="silver" opacity="100"/>
<line xp1="61.98078" yp1="29.93574" xp2="62.00010" yp2="29.86868" sp="0.05" color="silver" opacity="100"/>
<line xp1="62.00010" yp1="29.86868" xp2="62.03306" yp2="29.75432" sp="0.05" color="silver" opacity="100"/>
<line xp1="62.03306" yp1="29.75432" xp2="62.10122" yp2="29.45216" sp="0.05" color="silver" opacity="100"/>
<line xp1="62.10122" yp1="29.45216" xp2="62.14207" yp2="29.19170" sp="0.05" color="silver" opacity="100"/>
<line xp1="62.14207" yp1="29.19170" xp2="62.26999" yp2="29.08787" sp="0.05" color="silver" opacity="100"/>
<line xp1="62.26999" yp1="29.08787" xp2="62.34489" yp2="29.11875" sp="0.05" color="silver" opacity="100"/>
<line xp1="62.34489" yp1="29.11875" xp2="62.38852" yp2="29.15742" sp="0.05" color="silver" opacity="100"/>
<line xp1="62.38852" yp1="29.15742" xp2="62.42366" yp2="29.27255" sp="0.05" color="silver" opacity="100"/>
<line xp1="62.42366" yp1="29.27255" xp2="62.54654" yp2="29.40913" sp="0.05" color="silver" opacity="100"/>
<line xp1="62.54654" yp1="29.40913" xp2="62.60458" yp2="29.43999" sp="0.05" color="silver" opacity="100"/>
<line xp1="62.60458" yp1="29.43999" xp2="62.62393" yp2="29.45027" sp="0.05" color="silver" opacity="100"/>
<line xp1="62.62393" yp1="29.45027" xp2="62.78948" yp2="29.51771" sp="0.05" color="silver" opacity="100"/>
<line xp1="62.78948" yp1="29.51771" xp2="62.94887" yp2="29.62313" sp="0.05" color="silver" opacity="100"/>
<line xp1="62.94887" yp1="29.62313" xp2="63.12118" yp2="29.68799" sp="0.05" color="silver" opacity="100"/>
<line xp1="63.12118" yp1="29.68799" xp2="63.24011" yp2="29.69542" sp="0.05" color="silver" opacity="100"/>
<line xp1="63.24011" yp1="29.69542" xp2="63.35575" yp2="29.60169" sp="0.05" color="silver" opacity="100"/>
<line xp1="63.35575" yp1="29.60169" xp2="63.38409" yp2="29.59218" sp="0.05" color="silver" opacity="100"/>
<line xp1="63.38409" yp1="29.59218" xp2="63.46624" yp2="29.56463" sp="0.05" color="silver" opacity="100"/>
<line xp1="63.46624" yp1="29.56463" xp2="63.53756" yp2="29.55340" sp="0.05" color="silver" opacity="100"/>
<line xp1="63.53756" yp1="29.55340" xp2="63.59412" yp2="29.60600" sp="0.05" color="silver" opacity="100"/>
<line xp1="63.59412" yp1="29.60600" xp2="63.67230" yp2="29.58275" sp="0.05" color="silver" opacity="100"/>
<line xp1="63.67230" yp1="29.58275" xp2="63.72011" yp2="29.51732" sp="0.05" color="silver" opacity="100"/>
<line xp1="63.72011" yp1="29.51732" xp2="63.81155" yp2="29.54312" sp="0.05" color="silver" opacity="100"/>
<line xp1="63.81155" yp1="29.54312" xp2="63.88942" yp2="29.48577" sp="0.05" color="silver" opacity="100"/>
<line xp1="63.88942" yp1="29.48577" xp2="63.92847" yp2="29.56501" sp="0.05" color="silver" opacity="100"/>
<line xp1="63.92847" yp1="29.56501" xp2="63.98473" yp2="29.54890" sp="0.05" color="silver" opacity="100"/>
<line xp1="63.98473" yp1="29.54890" xp2="64.00766" yp2="29.62693" sp="0.05" color="silver" opacity="100"/>
<line xp1="64.00766" yp1="29.62693" xp2="63.99395" yp2="30.12388" sp="0.05" color="silver" opacity="100"/>
<line xp1="63.99395" yp1="30.12388" xp2="63.98112" yp2="30.66220" sp="0.05" color="silver" opacity="100"/>
<line xp1="63.98112" yp1="30.66220" xp2="63.98082" yp2="30.67314" sp="0.05" color="silver" opacity="100"/>
<line xp1="63.98082" yp1="30.67314" xp2="63.95997" yp2="31.42366" sp="0.05" color="silver" opacity="100"/>
<line xp1="63.95997" yp1="31.42366" xp2="63.95076" yp2="31.75514" sp="0.05" color="silver" opacity="100"/>
<line xp1="63.95076" yp1="31.75514" xp2="63.92514" yp2="32.63222" sp="0.05" color="silver" opacity="100"/>
<line xp1="63.92514" yp1="32.63222" xp2="63.92393" yp2="32.67382" sp="0.05" color="silver" opacity="100"/>
<line xp1="63.92393" yp1="32.67382" xp2="63.90850" yp2="33.20472" sp="0.05" color="silver" opacity="100"/>
<line xp1="63.90850" yp1="33.20472" xp2="63.90211" yp2="33.42269" sp="0.05" color="silver" opacity="100"/>
<line xp1="63.90211" yp1="33.42269" xp2="63.89436" yp2="33.68778" sp="0.05" color="silver" opacity="100"/>
<line xp1="63.89436" yp1="33.68778" xp2="63.89437" yp2="33.98244" sp="0.05" color="silver" opacity="100"/>
<line xp1="63.89437" yp1="33.98244" xp2="63.89437" yp2="34.09478" sp="0.05" color="silver" opacity="100"/>
<line xp1="63.89437" yp1="34.09478" xp2="63.91786" yp2="34.43728" sp="0.05" color="silver" opacity="100"/>
<line xp1="63.91786" yp1="34.43728" xp2="63.95208" yp2="34.93610" sp="0.05" color="silver" opacity="100"/>
<line xp1="63.95208" yp1="34.93610" xp2="63.95650" yp2="35.00041" sp="0.05" color="silver" opacity="100"/>
<line xp1="63.95650" yp1="35.00041" xp2="63.96721" yp2="35.16765" sp="0.05" color="silver" opacity="100"/>
<line xp1="63.96721" yp1="35.16765" xp2="64.01654" yp2="35.93749" sp="0.05" color="silver" opacity="100"/>
<line xp1="64.01654" yp1="35.93749" xp2="64.04102" yp2="36.31950" sp="0.05" color="silver" opacity="100"/>
<line xp1="64.04102" yp1="36.31950" xp2="64.08078" yp2="36.94010" sp="0.05" color="silver" opacity="100"/>
<line xp1="64.08078" yp1="36.94010" xp2="64.09218" yp2="37.11790" sp="0.05" color="silver" opacity="100"/>
<line xp1="64.09218" yp1="37.11790" xp2="64.12748" yp2="37.66892" sp="0.05" color="silver" opacity="100"/>
<line xp1="64.12748" yp1="37.66892" xp2="64.14701" yp2="37.96663" sp="0.05" color="silver" opacity="100"/>
<line xp1="64.14701" yp1="37.96663" xp2="64.19305" yp2="38.66858" sp="0.05" color="silver" opacity="100"/>
<line xp1="64.19305" yp1="38.66858" xp2="64.22393" yp2="39.13937" sp="0.05" color="silver" opacity="100"/>
<line xp1="64.22393" yp1="39.13937" xp2="64.23325" yp2="39.27116" sp="0.05" color="silver" opacity="100"/>
<line xp1="64.23325" yp1="39.27116" xp2="64.29657" yp2="40.16667" sp="0.05" color="silver" opacity="100"/>
<line xp1="64.29657" yp1="40.16667" xp2="64.30218" yp2="40.24722" sp="0.05" color="silver" opacity="100"/>
<line xp1="64.30218" yp1="40.24722" xp2="64.34883" yp2="40.91726" sp="0.05" color="silver" opacity="100"/>
<line xp1="64.34883" yp1="40.91726" xp2="64.37707" yp2="41.32296" sp="0.05" color="silver" opacity="100"/>
<line xp1="64.37707" yp1="41.32296" xp2="64.40068" yp2="41.66199" sp="0.05" color="silver" opacity="100"/>
<line xp1="64.40068" yp1="41.66199" xp2="64.40883" yp2="41.77903" sp="0.05" color="silver" opacity="100"/>
<line xp1="64.40883" yp1="41.77903" xp2="64.46479" yp2="42.54915" sp="0.05" color="silver" opacity="100"/>
<line xp1="64.46479" yp1="42.54915" xp2="64.37751" yp2="42.63541" sp="0.05" color="silver" opacity="100"/>
<line xp1="64.37751" yp1="42.63541" xp2="64.30759" yp2="42.84467" sp="0.05" color="silver" opacity="100"/>
<line xp1="64.30759" yp1="42.84467" xp2="64.21829" yp2="42.84418" sp="0.05" color="silver" opacity="100"/>
<line xp1="64.21829" yp1="42.84418" xp2="64.05611" yp2="42.84499" sp="0.05" color="silver" opacity="100"/>
<line xp1="64.05611" yp1="42.84499" xp2="64.03001" yp2="42.84512" sp="0.05" color="silver" opacity="100"/>
<line xp1="64.03001" yp1="42.84512" xp2="63.89250" yp2="42.84581" sp="0.05" color="silver" opacity="100"/>
<line xp1="63.89250" yp1="42.84581" xp2="63.40521" yp2="42.84358" sp="0.05" color="silver" opacity="100"/>
<line xp1="63.40521" yp1="42.84358" xp2="63.34915" yp2="42.84345" sp="0.05" color="silver" opacity="100"/>
<line xp1="63.34915" yp1="42.84345" xp2="63.05057" yp2="42.84276" sp="0.05" color="silver" opacity="100"/>
<line xp1="63.05057" yp1="42.84276" xp2="63.03609" yp2="42.84273" sp="0.05" color="silver" opacity="100"/>
<line xp1="63.03609" yp1="42.84273" xp2="62.77186" yp2="42.84129" sp="0.05" color="silver" opacity="100"/>
<line xp1="62.77186" yp1="42.84129" xp2="62.53434" yp2="42.83999" sp="0.05" color="silver" opacity="100"/>
<line xp1="62.53434" yp1="42.83999" xp2="62.40776" yp2="42.83930" sp="0.05" color="silver" opacity="100"/>
<line xp1="62.40776" yp1="42.83930" xp2="62.08607" yp2="42.84019" sp="0.05" color="silver" opacity="100"/>
<line xp1="62.08607" yp1="42.84019" xp2="61.96259" yp2="42.84053" sp="0.05" color="silver" opacity="100"/>
<line xp1="61.96259" yp1="42.84053" xp2="61.90829" yp2="42.84069" sp="0.05" color="silver" opacity="100"/>
<line xp1="61.90829" yp1="42.84069" xp2="61.85356" yp2="42.84084" sp="0.05" color="silver" opacity="100"/>
<line xp1="61.85356" yp1="42.84084" xp2="61.06262" yp2="42.84484" sp="0.05" color="silver" opacity="100"/>
<line xp1="61.06262" yp1="42.84484" xp2="61.16234" yp2="42.67885" sp="0.05" color="silver" opacity="100"/>
<line xp1="61.16234" yp1="42.67885" xp2="61.15370" yp2="42.59234" sp="0.05" color="silver" opacity="100"/>
<line xp1="61.15370" yp1="42.59234" xp2="61.05931" yp2="42.49382" sp="0.05" color="silver" opacity="100"/>
<line xp1="61.05931" yp1="42.49382" xp2="61.05619" yp2="42.49057" sp="0.05" color="silver" opacity="100"/>
<line xp1="61.05619" yp1="42.49057" xp2="60.92056" yp2="42.38659" sp="0.05" color="silver" opacity="100"/>
<line xp1="60.92056" yp1="42.38659" xp2="60.91080" yp2="42.38647" sp="0.05" color="silver" opacity="100"/>
<line xp1="60.91080" yp1="42.38647" xp2="60.82493" yp2="42.38549" sp="0.05" color="silver" opacity="100"/>
<line xp1="60.82493" yp1="42.38549" xp2="60.80996" yp2="42.25381" sp="0.05" color="silver" opacity="100"/>
<line xp1="60.80996" yp1="42.25381" xp2="60.76078" yp2="42.18448" sp="0.05" color="silver" opacity="100"/>
<line xp1="60.76078" yp1="42.18448" xp2="60.69838" yp2="42.00593" sp="0.05" color="silver" opacity="100"/>
<line xp1="60.69838" yp1="42.00593" xp2="60.69206" yp2="41.89556" sp="0.05" color="silver" opacity="100"/>
<line xp1="60.69206" yp1="41.89556" xp2="60.65407" yp2="41.80473" sp="0.05" color="silver" opacity="100"/>
<line xp1="60.65407" yp1="41.80473" xp2="60.63504" yp2="41.75923" sp="0.05" color="silver" opacity="100"/>
<line xp1="60.63504" yp1="41.75923" xp2="60.69347" yp2="41.62315" sp="0.05" color="silver" opacity="100"/>
<line xp1="60.69347" yp1="41.62315" xp2="60.66254" yp2="41.49962" sp="0.05" color="silver" opacity="100"/>
<line xp1="60.66254" yp1="41.49962" xp2="60.66237" yp2="41.49813" sp="0.05" color="silver" opacity="100"/>
<line xp1="60.66237" yp1="41.49813" xp2="60.64044" yp2="41.31094" sp="0.05" color="silver" opacity="100"/>
<line xp1="60.64044" yp1="41.31094" xp2="60.65333" yp2="41.18615" sp="0.05" color="silver" opacity="100"/>
<line xp1="60.65333" yp1="41.18615" xp2="60.55170" yp2="41.09677" sp="0.05" color="silver" opacity="100"/>
<line xp1="60.55170" yp1="41.09677" xp2="60.52246" yp2="40.95931" sp="0.05" color="silver" opacity="100"/>
<line xp1="60.52246" yp1="40.95931" xp2="60.41672" yp2="41.04059" sp="0.05" color="silver" opacity="100"/>
<line xp1="60.41672" yp1="41.04059" xp2="60.36127" yp2="40.97948" sp="0.05" color="silver" opacity="100"/>
<line xp1="60.36127" yp1="40.97948" xp2="60.38049" yp2="40.82647" sp="0.05" color="silver" opacity="100"/>
<line xp1="60.38049" yp1="40.82647" xp2="60.28796" yp2="40.79839" sp="0.05" color="silver" opacity="100"/>
<line xp1="60.28796" yp1="40.79839" xp2="60.24618" yp2="40.67461" sp="0.05" color="silver" opacity="100"/>
<line xp1="60.24618" yp1="40.67461" xp2="60.16222" yp2="40.64109" sp="0.05" color="silver" opacity="100"/>
<line xp1="60.16222" yp1="40.64109" xp2="60.18046" yp2="40.52675" sp="0.05" color="silver" opacity="100"/>
<line xp1="60.18046" yp1="40.52675" xp2="60.16248" yp2="40.45987" sp="0.05" color="silver" opacity="100"/>
<line xp1="60.16248" yp1="40.45987" xp2="60.09529" yp2="40.42501" sp="0.05" color="silver" opacity="100"/>
<line xp1="60.09529" yp1="40.42501" xp2="60.08603" yp2="40.34304" sp="0.05" color="silver" opacity="100"/>
<line xp1="60.08603" yp1="40.34304" xp2="60.08485" yp2="40.33263" sp="0.05" color="silver" opacity="100"/>
<line xp1="60.08485" yp1="40.33263" xp2="60.08258" yp2="40.31250" sp="0.05" color="silver" opacity="100"/>
<line xp1="60.08258" yp1="40.31250" xp2="60.15211" yp2="40.27048" sp="0.05" color="silver" opacity="100"/>
<line xp1="60.15211" yp1="40.27048" xp2="60.19301" yp2="40.20583" sp="0.05" color="silver" opacity="100"/>
<line xp1="60.19301" yp1="40.20583" xp2="60.16551" yp2="40.07674" sp="0.05" color="silver" opacity="100"/>
<line xp1="60.16551" yp1="40.07674" xp2="60.08821" yp2="40.05157" sp="0.05" color="silver" opacity="100"/>
<line xp1="60.08821" yp1="40.05157" xp2="60.03085" yp2="40.00030" sp="0.05" color="silver" opacity="100"/>
<line xp1="60.03085" yp1="40.00030" xp2="59.99234" yp2="39.93432" sp="0.05" color="silver" opacity="100"/>
<line xp1="59.99234" yp1="39.93432" xp2="59.92559" yp2="39.95737" sp="0.05" color="silver" opacity="100"/>
<line xp1="59.92559" yp1="39.95737" xp2="59.86354" yp2="39.88953" sp="0.05" color="silver" opacity="100"/>
<line xp1="59.86354" yp1="39.88953" xp2="59.94468" yp2="39.83931" sp="0.05" color="silver" opacity="100"/>
<line xp1="59.94468" yp1="39.83931" xp2="59.95941" yp2="39.73709" sp="0.05" color="silver" opacity="100"/>
<line xp1="59.95941" yp1="39.73709" xp2="59.90577" yp2="39.65001" sp="0.05" color="silver" opacity="100"/>
<line xp1="59.90577" yp1="39.65001" xp2="59.91874" yp2="39.49766" sp="0.05" color="silver" opacity="100"/>
<line xp1="59.91874" yp1="39.49766" xp2="59.96127" yp2="39.44558" sp="0.05" color="silver" opacity="100"/>
<line xp1="59.96127" yp1="39.44558" xp2="59.95880" yp2="39.32469" sp="0.05" color="silver" opacity="100"/>
<line xp1="59.95880" yp1="39.32469" xp2="59.86845" yp2="39.36117" sp="0.05" color="silver" opacity="100"/>
<line xp1="59.86845" yp1="39.36117" xp2="59.82847" yp2="39.35591" sp="0.05" color="silver" opacity="100"/>
<line xp1="59.82847" yp1="39.35591" xp2="59.77956" yp2="39.27755" sp="0.05" color="silver" opacity="100"/>
<line xp1="59.77956" yp1="39.27755" xp2="59.88402" yp2="39.18401" sp="0.05" color="silver" opacity="100"/>
<line xp1="59.88402" yp1="39.18401" xp2="59.84465" yp2="39.03015" sp="0.05" color="silver" opacity="100"/>
<line xp1="59.84465" yp1="39.03015" xp2="59.72568" yp2="39.00317" sp="0.05" color="silver" opacity="100"/>
<line xp1="59.72568" yp1="39.00317" xp2="59.79861" yp2="38.88834" sp="0.05" color="silver" opacity="100"/>
<line xp1="59.79861" yp1="38.88834" xp2="59.70932" yp2="38.78921" sp="0.05" color="silver" opacity="100"/>
<line xp1="59.70932" yp1="38.78921" xp2="59.68244" yp2="38.70180" sp="0.05" color="silver" opacity="100"/>
<line xp1="59.68244" yp1="38.70180" xp2="59.66820" yp2="38.65549" sp="0.05" color="silver" opacity="100"/>
<line xp1="59.66820" yp1="38.65549" xp2="59.66821" yp2="38.65546" sp="0.05" color="silver" opacity="100"/>
<line xp1="59.66821" yp1="38.65546" xp2="59.70865" yp2="38.55144" sp="0.05" color="silver" opacity="100"/>
<line xp1="59.70865" yp1="38.55144" xp2="59.73569" yp2="38.46383" sp="0.05" color="silver" opacity="100"/>
<line xp1="59.73569" yp1="38.46383" xp2="59.77283" yp2="38.36335" sp="0.05" color="silver" opacity="100"/>
<line xp1="59.77283" yp1="38.36335" xp2="59.82498" yp2="38.26607" sp="0.05" color="silver" opacity="100"/>
<line xp1="59.82498" yp1="38.26607" xp2="59.78120" yp2="38.13997" sp="0.05" color="silver" opacity="100"/>
<line xp1="59.78120" yp1="38.13997" xp2="59.80686" yp2="37.94359" sp="0.05" color="silver" opacity="100"/>
<line xp1="59.80686" yp1="37.94359" xp2="59.86748" yp2="37.92472" sp="0.05" color="silver" opacity="100"/>
<line xp1="59.86748" yp1="37.92472" xp2="59.89430" yp2="37.80839" sp="0.05" color="silver" opacity="100"/>
<line xp1="59.89430" yp1="37.80839" xp2="59.87021" yp2="37.65959" sp="0.05" color="silver" opacity="100"/>
<line xp1="59.87021" yp1="37.65959" xp2="59.83951" yp2="37.51885" sp="0.05" color="silver" opacity="100"/>
<line xp1="59.83951" yp1="37.51885" xp2="59.76459" yp2="37.52884" sp="0.05" color="silver" opacity="100"/>
<line xp1="59.76459" yp1="37.52884" xp2="59.72179" yp2="37.42390" sp="0.05" color="silver" opacity="100"/>
<line xp1="59.72179" yp1="37.42390" xp2="59.81480" yp2="37.29866" sp="0.05" color="silver" opacity="100"/>
<line xp1="59.81480" yp1="37.29866" xp2="59.75445" yp2="37.17498" sp="0.05" color="silver" opacity="100"/>
<line xp1="59.75445" yp1="37.17498" xp2="59.74450" yp2="37.15459" sp="0.05" color="silver" opacity="100"/>
<line xp1="59.74450" yp1="37.15459" xp2="59.79321" yp2="37.08724" sp="0.05" color="silver" opacity="100"/>
<line xp1="59.79321" yp1="37.08724" xp2="59.88912" yp2="36.96523" sp="0.05" color="silver" opacity="100"/>
<line xp1="59.88912" yp1="36.96523" xp2="59.89138" yp2="36.82474" sp="0.05" color="silver" opacity="100"/>
<line xp1="59.89138" yp1="36.82474" xp2="59.78786" yp2="36.71136" sp="0.05" color="silver" opacity="100"/>
<line xp1="59.78786" yp1="36.71136" xp2="59.75128" yp2="36.60704" sp="0.05" color="silver" opacity="100"/>
<line xp1="59.75128" yp1="36.60704" xp2="59.75752" yp2="36.50295" sp="0.05" color="silver" opacity="100"/>
<line xp1="59.75752" yp1="36.50295" xp2="59.82515" yp2="36.39991" sp="0.05" color="silver" opacity="100"/>
<line xp1="59.82515" yp1="36.39991" xp2="59.91231" yp2="36.35880" sp="0.05" color="silver" opacity="100"/>
<line xp1="59.91231" yp1="36.35880" xp2="59.84806" yp2="36.24369" sp="0.05" color="silver" opacity="100"/>
<line xp1="59.84806" yp1="36.24369" xp2="59.87768" yp2="36.00194" sp="0.05" color="silver" opacity="100"/>
<line xp1="59.87768" yp1="36.00194" xp2="59.91475" yp2="35.94025" sp="0.05" color="silver" opacity="100"/>
<line xp1="59.91475" yp1="35.94025" xp2="59.92414" yp2="35.92464" sp="0.05" color="silver" opacity="100"/>
<line xp1="59.92414" yp1="35.92464" xp2="59.92498" yp2="35.92228" sp="0.05" color="silver" opacity="100"/>
<line xp1="59.92498" yp1="35.92228" xp2="59.98265" yp2="35.76170" sp="0.05" color="silver" opacity="100"/>
<line xp1="59.98265" yp1="35.76170" xp2="59.90690" yp2="35.74960" sp="0.05" color="silver" opacity="100"/>
<line xp1="59.90690" yp1="35.74960" xp2="59.91860" yp2="35.53841" sp="0.05" color="silver" opacity="100"/>
<line xp1="59.91860" yp1="35.53841" xp2="60.05233" yp2="35.49945" sp="0.05" color="silver" opacity="100"/>
<line xp1="60.05233" yp1="35.49945" xp2="60.02050" yp2="35.29074" sp="0.05" color="silver" opacity="100"/>
<line xp1="60.02050" yp1="35.29074" xp2="60.12128" yp2="35.26307" sp="0.05" color="silver" opacity="100"/>
<line xp1="60.12128" yp1="35.26307" xp2="60.08026" yp2="35.09567" sp="0.05" color="silver" opacity="100"/>
<line xp1="60.08026" yp1="35.09567" xp2="60.01350" yp2="34.89903" sp="0.05" color="silver" opacity="100"/>
<line xp1="60.01350" yp1="34.89903" xp2="59.83306" yp2="34.88043" sp="0.05" color="silver" opacity="100"/>
<line xp1="59.83306" yp1="34.88043" xp2="59.93927" yp2="34.59419" sp="0.05" color="silver" opacity="100"/>
<line xp1="59.93927" yp1="34.59419" xp2="59.94660" yp2="34.57444" sp="0.05" color="silver" opacity="100"/>
<line xp1="59.94660" yp1="34.57444" xp2="59.87830" yp2="34.42930" sp="0.05" color="silver" opacity="100"/>
<line xp1="59.87830" yp1="34.42930" xp2="59.87568" yp2="34.35273" sp="0.05" color="silver" opacity="100"/>
<line xp1="59.87568" yp1="34.35273" xp2="59.81937" yp2="34.24873" sp="0.05" color="silver" opacity="100"/>
<line xp1="59.81937" yp1="34.24873" xp2="59.72706" yp2="34.20931" sp="0.05" color="silver" opacity="100"/>
<line xp1="59.72706" yp1="34.20931" xp2="59.72137" yp2="34.05731" sp="0.05" color="silver" opacity="100"/>
<line xp1="59.72137" yp1="34.05731" xp2="59.63862" yp2="33.93389" sp="0.05" color="silver" opacity="100"/>
<line xp1="59.63862" yp1="33.93389" xp2="59.62459" yp2="33.91352" sp="0.05" color="silver" opacity="100"/>
<line xp1="59.62459" yp1="33.91352" xp2="59.55364" yp2="33.81045" sp="0.05" color="silver" opacity="100"/>
<line xp1="59.55364" yp1="33.81045" xp2="59.46813" yp2="33.83675" sp="0.05" color="silver" opacity="100"/>
<line xp1="59.46813" yp1="33.83675" xp2="59.44690" yp2="33.71246" sp="0.05" color="silver" opacity="100"/>
<line xp1="59.44690" yp1="33.71246" xp2="59.50699" yp2="33.56514" sp="0.05" color="silver" opacity="100"/>
<line xp1="59.50699" yp1="33.56514" xp2="59.50988" yp2="33.55804" sp="0.05" color="silver" opacity="100"/>
<line xp1="59.50988" yp1="33.55804" xp2="59.41519" yp2="33.52179" sp="0.05" color="silver" opacity="100"/>
<line xp1="59.41519" yp1="33.52179" xp2="59.41398" yp2="33.52133" sp="0.05" color="silver" opacity="100"/>
<line xp1="59.41398" yp1="33.52133" xp2="59.39121" yp2="33.26904" sp="0.05" color="silver" opacity="100"/>
<line xp1="59.39121" yp1="33.26904" xp2="59.28644" yp2="33.20104" sp="0.05" color="silver" opacity="100"/>
<line xp1="59.28644" yp1="33.20104" xp2="59.29613" yp2="33.10733" sp="0.05" color="silver" opacity="100"/>
<line xp1="59.29613" yp1="33.10733" xp2="59.32674" yp2="32.98905" sp="0.05" color="silver" opacity="100"/>
<line xp1="59.32674" yp1="32.98905" xp2="59.24674" yp2="32.95505" sp="0.05" color="silver" opacity="100"/>
<line xp1="59.24674" yp1="32.95505" xp2="59.20440" yp2="32.85255" sp="0.05" color="silver" opacity="100"/>
<line xp1="59.20440" yp1="32.85255" xp2="59.21484" yp2="32.68265" sp="0.05" color="silver" opacity="100"/>
<line xp1="59.21484" yp1="32.68265" xp2="59.18102" yp2="32.54364" sp="0.05" color="silver" opacity="100"/>
<line xp1="59.18102" yp1="32.54364" xp2="59.17529" yp2="32.39530" sp="0.05" color="silver" opacity="100"/>
<line xp1="59.17529" yp1="32.39530" xp2="59.21714" yp2="32.26184" sp="0.05" color="silver" opacity="100"/>
<line xp1="59.21714" yp1="32.26184" xp2="59.13201" yp2="32.17609" sp="0.05" color="silver" opacity="100"/>
<line xp1="59.13201" yp1="32.17609" xp2="59.04406" yp2="32.19375" sp="0.05" color="silver" opacity="100"/>
<line xp1="59.04406" yp1="32.19375" xp2="59.04406" yp2="32.19375" sp="0.05" color="silver" opacity="100"/>
<line xp1="52.66824" yp1="58.81488" xp2="52.68137" yp2="58.64569" sp="0.05" color="silver" opacity="100"/>
<line xp1="52.68137" yp1="58.64569" xp2="52.74724" yp2="58.64917" sp="0.05" color="silver" opacity="100"/>
<line xp1="52.74724" yp1="58.64917" xp2="52.75034" yp2="58.63930" sp="0.05" color="silver" opacity="100"/>
<line xp1="52.75034" yp1="58.63930" xp2="52.77734" yp2="58.55315" sp="0.05" color="silver" opacity="100"/>
<line xp1="52.77734" yp1="58.55315" xp2="52.79329" yp2="58.46676" sp="0.05" color="silver" opacity="100"/>
<line xp1="52.79329" yp1="58.46676" xp2="52.84705" yp2="58.27471" sp="0.05" color="silver" opacity="100"/>
<line xp1="52.84705" yp1="58.27471" xp2="52.85996" yp2="58.18971" sp="0.05" color="silver" opacity="100"/>
<line xp1="52.85996" yp1="58.18971" xp2="52.84042" yp2="58.06452" sp="0.05" color="silver" opacity="100"/>
<line xp1="52.84042" yp1="58.06452" xp2="52.92514" yp2="58.02803" sp="0.05" color="silver" opacity="100"/>
<line xp1="52.92514" yp1="58.02803" xp2="52.99494" yp2="57.97474" sp="0.05" color="silver" opacity="100"/>
<line xp1="52.99494" yp1="57.97474" xp2="53.00280" yp2="57.89833" sp="0.05" color="silver" opacity="100"/>
<line xp1="53.00280" yp1="57.89833" xp2="53.00328" yp2="57.89367" sp="0.05" color="silver" opacity="100"/>
<line xp1="53.00328" yp1="57.89367" xp2="53.00437" yp2="57.88305" sp="0.05" color="silver" opacity="100"/>
<line xp1="53.00437" yp1="57.88305" xp2="53.11916" yp2="57.81737" sp="0.05" color="silver" opacity="100"/>
<line xp1="53.11916" yp1="57.81737" xp2="53.10612" yp2="57.68150" sp="0.05" color="silver" opacity="100"/>
<line xp1="53.10612" yp1="57.68150" xp2="53.18128" yp2="57.54579" sp="0.05" color="silver" opacity="100"/>
<line xp1="53.18128" yp1="57.54579" xp2="53.23967" yp2="57.45218" sp="0.05" color="silver" opacity="100"/>
<line xp1="53.23967" yp1="57.45218" xp2="53.20810" yp2="57.34234" sp="0.05" color="silver" opacity="100"/>
<line xp1="53.20810" yp1="57.34234" xp2="53.25699" yp2="57.22032" sp="0.05" color="silver" opacity="100"/>
<line xp1="53.25699" yp1="57.22032" xp2="53.30957" yp2="57.22656" sp="0.05" color="silver" opacity="100"/>
<line xp1="53.30957" yp1="57.22656" xp2="53.37186" yp2="57.14285" sp="0.05" color="silver" opacity="100"/>
<line xp1="53.37186" yp1="57.14285" xp2="53.49059" yp2="56.98224" sp="0.05" color="silver" opacity="100"/>
<line xp1="53.49059" yp1="56.98224" xp2="53.62701" yp2="56.84406" sp="0.05" color="silver" opacity="100"/>
<line xp1="53.62701" yp1="56.84406" xp2="53.72072" yp2="56.74777" sp="0.05" color="silver" opacity="100"/>
<line xp1="53.72072" yp1="56.74777" xp2="53.81732" yp2="56.84963" sp="0.05" color="silver" opacity="100"/>
<line xp1="53.81732" yp1="56.84963" xp2="53.85635" yp2="56.85304" sp="0.05" color="silver" opacity="100"/>
<line xp1="53.85635" yp1="56.85304" xp2="53.92071" yp2="56.85867" sp="0.05" color="silver" opacity="100"/>
<line xp1="53.92071" yp1="56.85867" xp2="53.95621" yp2="56.78955" sp="0.05" color="silver" opacity="100"/>
<line xp1="53.95621" yp1="56.78955" xp2="54.03280" yp2="56.64721" sp="0.05" color="silver" opacity="100"/>
<line xp1="54.03280" yp1="56.64721" xp2="54.03407" yp2="56.63057" sp="0.05" color="silver" opacity="100"/>
<line xp1="54.03407" yp1="56.63057" xp2="54.04439" yp2="56.49427" sp="0.05" color="silver" opacity="100"/>
<line xp1="54.04439" yp1="56.49427" xp2="54.06097" yp2="56.42723" sp="0.05" color="silver" opacity="100"/>
<line xp1="54.06097" yp1="56.42723" xp2="54.00105" yp2="56.35441" sp="0.05" color="silver" opacity="100"/>
<line xp1="54.00105" yp1="56.35441" xp2="53.89065" yp2="56.35185" sp="0.05" color="silver" opacity="100"/>
<line xp1="53.89065" yp1="56.35185" xp2="53.89028" yp2="56.24689" sp="0.05" color="silver" opacity="100"/>
<line xp1="53.89028" yp1="56.24689" xp2="53.78852" yp2="56.15116" sp="0.05" color="silver" opacity="100"/>
<line xp1="53.78852" yp1="56.15116" xp2="53.77838" yp2="56.03905" sp="0.05" color="silver" opacity="100"/>
<line xp1="53.77838" yp1="56.03905" xp2="53.77359" yp2="55.98605" sp="0.05" color="silver" opacity="100"/>
<line xp1="53.77359" yp1="55.98605" xp2="53.72817" yp2="55.93361" sp="0.05" color="silver" opacity="100"/>
<line xp1="53.72817" yp1="55.93361" xp2="53.67145" yp2="55.86840" sp="0.05" color="silver" opacity="100"/>
<line xp1="53.67145" yp1="55.86840" xp2="53.70551" yp2="55.80931" sp="0.05" color="silver" opacity="100"/>
<line xp1="53.70551" yp1="55.80931" xp2="53.76947" yp2="55.69833" sp="0.05" color="silver" opacity="100"/>
<line xp1="53.76947" yp1="55.69833" xp2="53.87362" yp2="55.54443" sp="0.05" color="silver" opacity="100"/>
<line xp1="53.87362" yp1="55.54443" xp2="53.89885" yp2="55.49052" sp="0.05" color="silver" opacity="100"/>
<line xp1="53.89885" yp1="55.49052" xp2="53.92821" yp2="55.42776" sp="0.05" color="silver" opacity="100"/>
<line xp1="53.92821" yp1="55.42776" xp2="54.01697" yp2="55.40695" sp="0.05" color="silver" opacity="100"/>
<line xp1="54.01697" yp1="55.40695" xp2="53.98759" yp2="55.21047" sp="0.05" color="silver" opacity="100"/>
<line xp1="53.98759" yp1="55.21047" xp2="54.06604" yp2="55.06807" sp="0.05" color="silver" opacity="100"/>
<line xp1="54.06604" yp1="55.06807" xp2="54.11436" yp2="54.97637" sp="0.05" color="silver" opacity="100"/>
<line xp1="54.11436" yp1="54.97637" xp2="54.15436" yp2="54.87434" sp="0.05" color="silver" opacity="100"/>
<line xp1="54.15436" yp1="54.87434" xp2="54.16616" yp2="54.86074" sp="0.05" color="silver" opacity="100"/>
<line xp1="54.16616" yp1="54.86074" xp2="54.24317" yp2="54.77201" sp="0.05" color="silver" opacity="100"/>
<line xp1="54.24317" yp1="54.77201" xp2="54.33794" yp2="54.81229" sp="0.05" color="silver" opacity="100"/>
<line xp1="54.33794" yp1="54.81229" xp2="54.42472" yp2="54.73315" sp="0.05" color="silver" opacity="100"/>
<line xp1="54.42472" yp1="54.73315" xp2="54.45856" yp2="54.73001" sp="0.05" color="silver" opacity="100"/>
<line xp1="54.45856" yp1="54.73001" xp2="54.47395" yp2="54.72858" sp="0.05" color="silver" opacity="100"/>
<line xp1="54.47395" yp1="54.72858" xp2="54.45022" yp2="54.60984" sp="0.05" color="silver" opacity="100"/>
<line xp1="54.45022" yp1="54.60984" xp2="54.44943" yp2="54.41167" sp="0.05" color="silver" opacity="100"/>
<line xp1="54.44943" yp1="54.41167" xp2="54.44872" yp2="54.23373" sp="0.05" color="silver" opacity="100"/>
<line xp1="54.44872" yp1="54.23373" xp2="54.44775" yp2="53.84918" sp="0.05" color="silver" opacity="100"/>
<line xp1="54.44775" yp1="53.84918" xp2="54.44699" yp2="53.54486" sp="0.05" color="silver" opacity="100"/>
<line xp1="54.44699" yp1="53.54486" xp2="54.44694" yp2="53.53743" sp="0.05" color="silver" opacity="100"/>
<line xp1="54.44694" yp1="53.53743" xp2="54.44314" yp2="52.99324" sp="0.05" color="silver" opacity="100"/>
<line xp1="54.44314" yp1="52.99324" xp2="54.44175" yp2="52.79315" sp="0.05" color="silver" opacity="100"/>
<line xp1="54.44175" yp1="52.79315" xp2="54.44174" yp2="52.79306" sp="0.05" color="silver" opacity="100"/>
<line xp1="54.44174" yp1="52.79306" xp2="54.44189" yp2="52.53920" sp="0.05" color="silver" opacity="100"/>
<line xp1="54.44189" yp1="52.53920" xp2="54.44213" yp2="52.10790" sp="0.05" color="silver" opacity="100"/>
<line xp1="54.44213" yp1="52.10790" xp2="54.44011" yp2="51.60015" sp="0.05" color="silver" opacity="100"/>
<line xp1="54.44011" yp1="51.60015" xp2="54.43985" yp2="51.53445" sp="0.05" color="silver" opacity="100"/>
<line xp1="54.43985" yp1="51.53445" xp2="54.43928" yp2="51.39371" sp="0.05" color="silver" opacity="100"/>
<line xp1="54.43928" yp1="51.39371" xp2="54.43402" yp2="50.52061" sp="0.05" color="silver" opacity="100"/>
<line xp1="54.43402" yp1="50.52061" xp2="54.43404" yp2="50.49460" sp="0.05" color="silver" opacity="100"/>
<line xp1="54.43404" yp1="50.49460" xp2="54.43408" yp2="50.43879" sp="0.05" color="silver" opacity="100"/>
<line xp1="54.43408" yp1="50.43879" xp2="54.43460" yp2="49.74545" sp="0.05" color="silver" opacity="100"/>
<line xp1="54.43460" yp1="49.74545" xp2="54.43436" yp2="49.61192" sp="0.05" color="silver" opacity="100"/>
<line xp1="54.43436" yp1="49.61192" xp2="54.43422" yp2="49.53834" sp="0.05" color="silver" opacity="100"/>
<line xp1="54.43422" yp1="49.53834" xp2="54.43331" yp2="49.02917" sp="0.05" color="silver" opacity="100"/>
<line xp1="54.43331" yp1="49.02917" xp2="54.43369" yp2="48.73370" sp="0.05" color="silver" opacity="100"/>
<line xp1="54.43369" yp1="48.73370" xp2="54.43390" yp2="48.56830" sp="0.05" color="silver" opacity="100"/>
<line xp1="54.43390" yp1="48.56830" xp2="54.43337" yp2="47.90446" sp="0.05" color="silver" opacity="100"/>
<line xp1="54.43337" yp1="47.90446" xp2="54.43386" yp2="47.62263" sp="0.05" color="silver" opacity="100"/>
<line xp1="54.43386" yp1="47.62263" xp2="54.43413" yp2="47.46458" sp="0.05" color="silver" opacity="100"/>
<line xp1="54.43413" yp1="47.46458" xp2="54.43397" yp2="47.14118" sp="0.05" color="silver" opacity="100"/>
<line xp1="54.43397" yp1="47.14118" xp2="54.82892" yp2="47.14171" sp="0.05" color="silver" opacity="100"/>
<line xp1="54.82892" yp1="47.14171" xp2="55.26602" yp2="47.13993" sp="0.05" color="silver" opacity="100"/>
<line xp1="55.26602" yp1="47.13993" xp2="55.44740" yp2="47.13919" sp="0.05" color="silver" opacity="100"/>
<line xp1="55.44740" yp1="47.13919" xp2="55.58971" yp2="47.13962" sp="0.05" color="silver" opacity="100"/>
<line xp1="55.58971" yp1="47.13962" xp2="55.84589" yp2="47.14039" sp="0.05" color="silver" opacity="100"/>
<line xp1="55.84589" yp1="47.14039" xp2="56.02421" yp2="47.13972" sp="0.05" color="silver" opacity="100"/>
<line xp1="56.02421" yp1="47.13972" xp2="56.26617" yp2="47.13881" sp="0.05" color="silver" opacity="100"/>
<line xp1="56.26617" yp1="47.13881" xp2="56.43796" yp2="47.13804" sp="0.05" color="silver" opacity="100"/>
<line xp1="56.43796" yp1="47.13804" xp2="56.47220" yp2="47.13788" sp="0.05" color="silver" opacity="100"/>
<line xp1="56.47220" yp1="47.13788" xp2="56.72928" yp2="47.13672" sp="0.05" color="silver" opacity="100"/>
<line xp1="56.72928" yp1="47.13672" xp2="57.14768" yp2="47.13721" sp="0.05" color="silver" opacity="100"/>
<line xp1="57.14768" yp1="47.13721" xp2="57.17096" yp2="47.13724" sp="0.05" color="silver" opacity="100"/>
<line xp1="57.17096" yp1="47.13724" xp2="57.27333" yp2="47.13738" sp="0.05" color="silver" opacity="100"/>
<line xp1="57.27333" yp1="47.13738" xp2="57.59348" yp2="47.13783" sp="0.05" color="silver" opacity="100"/>
<line xp1="57.59348" yp1="47.13783" xp2="57.64748" yp2="47.13762" sp="0.05" color="silver" opacity="100"/>
<line xp1="57.64748" yp1="47.13762" xp2="57.92265" yp2="47.13653" sp="0.05" color="silver" opacity="100"/>
<line xp1="57.92265" yp1="47.13653" xp2="58.23030" yp2="47.13754" sp="0.05" color="silver" opacity="100"/>
<line xp1="58.23030" yp1="47.13754" xp2="58.27632" yp2="47.13769" sp="0.05" color="silver" opacity="100"/>
<line xp1="58.27632" yp1="47.13769" xp2="58.48338" yp2="47.13837" sp="0.05" color="silver" opacity="100"/>
<line xp1="58.48338" yp1="47.13837" xp2="58.96564" yp2="47.14073" sp="0.05" color="silver" opacity="100"/>
<line xp1="58.96564" yp1="47.14073" xp2="59.01140" yp2="47.14096" sp="0.05" color="silver" opacity="100"/>
<line xp1="59.01140" yp1="47.14096" xp2="59.30766" yp2="47.13583" sp="0.05" color="silver" opacity="100"/>
<line xp1="59.30766" yp1="47.13583" xp2="59.37404" yp2="47.13468" sp="0.05" color="silver" opacity="100"/>
<line xp1="59.37404" yp1="47.13468" xp2="59.37705" yp2="47.13463" sp="0.05" color="silver" opacity="100"/>
<line xp1="59.37705" yp1="47.13463" xp2="59.80533" yp2="47.13656" sp="0.05" color="silver" opacity="100"/>
<line xp1="59.80533" yp1="47.13656" xp2="59.97235" yp2="47.13732" sp="0.05" color="silver" opacity="100"/>
<line xp1="59.97235" yp1="47.13732" xp2="60.33226" yp2="47.13846" sp="0.05" color="silver" opacity="100"/>
<line xp1="60.33226" yp1="47.13846" xp2="60.36050" yp2="47.13855" sp="0.05" color="silver" opacity="100"/>
<line xp1="60.36050" yp1="47.13855" xp2="60.65203" yp2="47.13830" sp="0.05" color="silver" opacity="100"/>
<line xp1="60.65203" yp1="47.13830" xp2="60.77758" yp2="47.13819" sp="0.05" color="silver" opacity="100"/>
<line xp1="60.77758" yp1="47.13819" xp2="61.19885" yp2="47.13125" sp="0.05" color="silver" opacity="100"/>
<line xp1="61.19885" yp1="47.13125" xp2="61.30174" yp2="47.12955" sp="0.05" color="silver" opacity="100"/>
<line xp1="61.30174" yp1="47.12955" xp2="61.32092" yp2="47.02821" sp="0.05" color="silver" opacity="100"/>
<line xp1="61.32092" yp1="47.02821" xp2="61.33686" yp2="46.90020" sp="0.05" color="silver" opacity="100"/>
<line xp1="61.33686" yp1="46.90020" xp2="61.43671" yp2="46.81792" sp="0.05" color="silver" opacity="100"/>
<line xp1="61.43671" yp1="46.81792" xp2="61.44073" yp2="46.73403" sp="0.05" color="silver" opacity="100"/>
<line xp1="61.44073" yp1="46.73403" xp2="61.44003" yp2="46.58011" sp="0.05" color="silver" opacity="100"/>
<line xp1="61.44003" yp1="46.58011" xp2="61.36166" yp2="46.47313" sp="0.05" color="silver" opacity="100"/>
<line xp1="61.36166" yp1="46.47313" xp2="61.29857" yp2="46.32593" sp="0.05" color="silver" opacity="100"/>
<line xp1="61.29857" yp1="46.32593" xp2="61.24754" yp2="46.28285" sp="0.05" color="silver" opacity="100"/>
<line xp1="61.24754" yp1="46.28285" xp2="61.19935" yp2="46.24218" sp="0.05" color="silver" opacity="100"/>
<line xp1="61.19935" yp1="46.24218" xp2="61.17602" yp2="46.11278" sp="0.05" color="silver" opacity="100"/>
<line xp1="61.17602" yp1="46.11278" xp2="61.08540" yp2="46.03700" sp="0.05" color="silver" opacity="100"/>
<line xp1="61.08540" yp1="46.03700" xp2="61.01640" yp2="45.84889" sp="0.05" color="silver" opacity="100"/>
<line xp1="61.01640" yp1="45.84889" xp2="60.97120" yp2="45.70232" sp="0.05" color="silver" opacity="100"/>
<line xp1="60.97120" yp1="45.70232" xp2="61.09373" yp2="45.70432" sp="0.05" color="silver" opacity="100"/>
<line xp1="61.09373" yp1="45.70432" xp2="61.37870" yp2="45.70898" sp="0.05" color="silver" opacity="100"/>
<line xp1="61.37870" yp1="45.70898" xp2="61.60096" yp2="45.71147" sp="0.05" color="silver" opacity="100"/>
<line xp1="61.60096" yp1="45.71147" xp2="61.69049" yp2="45.71247" sp="0.05" color="silver" opacity="100"/>
<line xp1="61.69049" yp1="45.71247" xp2="61.94908" yp2="45.71602" sp="0.05" color="silver" opacity="100"/>
<line xp1="61.94908" yp1="45.71602" xp2="62.01164" yp2="45.77288" sp="0.05" color="silver" opacity="100"/>
<line xp1="62.01164" yp1="45.77288" xp2="62.03072" yp2="45.94998" sp="0.05" color="silver" opacity="100"/>
<line xp1="62.03072" yp1="45.94998" xp2="62.08766" yp2="46.01034" sp="0.05" color="silver" opacity="100"/>
<line xp1="62.08766" yp1="46.01034" xp2="62.16600" yp2="46.10182" sp="0.05" color="silver" opacity="100"/>
<line xp1="62.16600" yp1="46.10182" xp2="62.11722" yp2="46.23751" sp="0.05" color="silver" opacity="100"/>
<line xp1="62.11722" yp1="46.23751" xp2="62.11132" yp2="46.24417" sp="0.05" color="silver" opacity="100"/>
<line xp1="62.11132" yp1="46.24417" xp2="62.01134" yp2="46.35703" sp="0.05" color="silver" opacity="100"/>
<line xp1="62.01134" yp1="46.35703" xp2="62.03378" yp2="46.42367" sp="0.05" color="silver" opacity="100"/>
<line xp1="62.03378" yp1="46.42367" xp2="62.15019" yp2="46.39459" sp="0.05" color="silver" opacity="100"/>
<line xp1="62.15019" yp1="46.39459" xp2="62.22417" yp2="46.50786" sp="0.05" color="silver" opacity="100"/>
<line xp1="62.22417" yp1="46.50786" xp2="62.13566" yp2="46.59739" sp="0.05" color="silver" opacity="100"/>
<line xp1="62.13566" yp1="46.59739" xp2="62.15301" yp2="46.69424" sp="0.05" color="silver" opacity="100"/>
<line xp1="62.15301" yp1="46.69424" xp2="62.23841" yp2="46.69792" sp="0.05" color="silver" opacity="100"/>
<line xp1="62.23841" yp1="46.69792" xp2="62.27278" yp2="46.69940" sp="0.05" color="silver" opacity="100"/>
<line xp1="62.27278" yp1="46.69940" xp2="62.29172" yp2="46.79530" sp="0.05" color="silver" opacity="100"/>
<line xp1="62.29172" yp1="46.79530" xp2="62.24256" yp2="46.91458" sp="0.05" color="silver" opacity="100"/>
<line xp1="62.24256" yp1="46.91458" xp2="62.27535" yp2="47.03410" sp="0.05" color="silver" opacity="100"/>
<line xp1="62.27535" yp1="47.03410" xp2="62.24734" yp2="47.13695" sp="0.05" color="silver" opacity="100"/>
<line xp1="62.24734" yp1="47.13695" xp2="62.19772" yp2="47.25168" sp="0.05" color="silver" opacity="100"/>
<line xp1="62.19772" yp1="47.25168" xp2="62.23933" yp2="47.35574" sp="0.05" color="silver" opacity="100"/>
<line xp1="62.23933" yp1="47.35574" xp2="62.33947" yp2="47.33215" sp="0.05" color="silver" opacity="100"/>
<line xp1="62.33947" yp1="47.33215" xp2="62.44938" yp2="47.32099" sp="0.05" color="silver" opacity="100"/>
<line xp1="62.44938" yp1="47.32099" xp2="62.49432" yp2="47.49226" sp="0.05" color="silver" opacity="100"/>
<line xp1="62.49432" yp1="47.49226" xp2="62.57335" yp2="47.49699" sp="0.05" color="silver" opacity="100"/>
<line xp1="62.57335" yp1="47.49699" xp2="62.57745" yp2="47.49723" sp="0.05" color="silver" opacity="100"/>
<line xp1="62.57745" yp1="47.49723" xp2="62.64779" yp2="47.36485" sp="0.05" color="silver" opacity="100"/>
<line xp1="62.64779" yp1="47.36485" xp2="62.72720" yp2="47.34107" sp="0.05" color="silver" opacity="100"/>
<line xp1="62.72720" yp1="47.34107" xp2="62.77056" yp2="47.50185" sp="0.05" color="silver" opacity="100"/>
<line xp1="62.77056" yp1="47.50185" xp2="62.80669" yp2="47.57520" sp="0.05" color="silver" opacity="100"/>
<line xp1="62.80669" yp1="47.57520" xp2="62.82233" yp2="47.60693" sp="0.05" color="silver" opacity="100"/>
<line xp1="62.82233" yp1="47.60693" xp2="62.76537" yp2="47.76177" sp="0.05" color="silver" opacity="100"/>
<line xp1="62.76537" yp1="47.76177" xp2="62.83540" yp2="47.87419" sp="0.05" color="silver" opacity="100"/>
<line xp1="62.83540" yp1="47.87419" xp2="62.83695" yp2="47.96084" sp="0.05" color="silver" opacity="100"/>
<line xp1="62.83695" yp1="47.96084" xp2="62.83709" yp2="47.96893" sp="0.05" color="silver" opacity="100"/>
<line xp1="62.83709" yp1="47.96893" xp2="62.84973" yp2="48.13471" sp="0.05" color="silver" opacity="100"/>
<line xp1="62.84973" yp1="48.13471" xp2="62.89158" yp2="48.26256" sp="0.05" color="silver" opacity="100"/>
<line xp1="62.89158" yp1="48.26256" xp2="62.91825" yp2="48.41360" sp="0.05" color="silver" opacity="100"/>
<line xp1="62.91825" yp1="48.41360" xp2="62.92486" yp2="48.45100" sp="0.05" color="silver" opacity="100"/>
<line xp1="62.92486" yp1="48.45100" xp2="62.87244" yp2="48.52016" sp="0.05" color="silver" opacity="100"/>
<line xp1="62.87244" yp1="48.52016" xp2="62.77686" yp2="48.54219" sp="0.05" color="silver" opacity="100"/>
<line xp1="62.77686" yp1="48.54219" xp2="62.68060" yp2="48.61570" sp="0.05" color="silver" opacity="100"/>
<line xp1="62.68060" yp1="48.61570" xp2="62.60285" yp2="48.65414" sp="0.05" color="silver" opacity="100"/>
<line xp1="62.60285" yp1="48.65414" xp2="62.52391" yp2="48.69316" sp="0.05" color="silver" opacity="100"/>
<line xp1="62.52391" yp1="48.69316" xp2="62.48588" yp2="48.86648" sp="0.05" color="silver" opacity="100"/>
<line xp1="62.48588" yp1="48.86648" xp2="62.37522" yp2="49.10891" sp="0.05" color="silver" opacity="100"/>
<line xp1="62.37522" yp1="49.10891" xp2="62.35304" yp2="49.29531" sp="0.05" color="silver" opacity="100"/>
<line xp1="62.35304" yp1="49.29531" xp2="62.33402" yp2="49.31700" sp="0.05" color="silver" opacity="100"/>
<line xp1="62.33402" yp1="49.31700" xp2="62.28149" yp2="49.37691" sp="0.05" color="silver" opacity="100"/>
<line xp1="62.28149" yp1="49.37691" xp2="62.31514" yp2="49.49941" sp="0.05" color="silver" opacity="100"/>
<line xp1="62.31514" yp1="49.49941" xp2="62.34702" yp2="49.52714" sp="0.05" color="silver" opacity="100"/>
<line xp1="62.34702" yp1="49.52714" xp2="62.41818" yp2="49.58902" sp="0.05" color="silver" opacity="100"/>
<line xp1="62.41818" yp1="49.58902" xp2="62.42163" yp2="49.73563" sp="0.05" color="silver" opacity="100"/>
<line xp1="62.42163" yp1="49.73563" xp2="62.35200" yp2="49.90421" sp="0.05" color="silver" opacity="100"/>
<line xp1="62.35200" yp1="49.90421" xp2="62.28862" yp2="50.08517" sp="0.05" color="silver" opacity="100"/>
<line xp1="62.28862" yp1="50.08517" xp2="62.30494" yp2="50.16827" sp="0.05" color="silver" opacity="100"/>
<line xp1="62.30494" yp1="50.16827" xp2="62.31116" yp2="50.19996" sp="0.05" color="silver" opacity="100"/>
<line xp1="62.31116" yp1="50.19996" xp2="62.31684" yp2="50.22890" sp="0.05" color="silver" opacity="100"/>
<line xp1="62.31684" yp1="50.22890" xp2="62.29760" yp2="50.35729" sp="0.05" color="silver" opacity="100"/>
<line xp1="62.29760" yp1="50.35729" xp2="62.27393" yp2="50.56136" sp="0.05" color="silver" opacity="100"/>
<line xp1="62.27393" yp1="50.56136" xp2="62.16725" yp2="50.63885" sp="0.05" color="silver" opacity="100"/>
<line xp1="62.16725" yp1="50.63885" xp2="62.04924" yp2="50.74138" sp="0.05" color="silver" opacity="100"/>
<line xp1="62.04924" yp1="50.74138" xp2="62.01964" yp2="50.84694" sp="0.05" color="silver" opacity="100"/>
<line xp1="62.01964" yp1="50.84694" xp2="62.00529" yp2="50.89811" sp="0.05" color="silver" opacity="100"/>
<line xp1="62.00529" yp1="50.89811" xp2="61.87379" yp2="51.01455" sp="0.05" color="silver" opacity="100"/>
<line xp1="61.87379" yp1="51.01455" xp2="61.76762" yp2="51.15423" sp="0.05" color="silver" opacity="100"/>
<line xp1="61.76762" yp1="51.15423" xp2="61.65664" yp2="51.05906" sp="0.05" color="silver" opacity="100"/>
<line xp1="61.65664" yp1="51.05906" xp2="61.64139" yp2="51.08600" sp="0.05" color="silver" opacity="100"/>
<line xp1="61.64139" yp1="51.08600" xp2="61.57812" yp2="51.19776" sp="0.05" color="silver" opacity="100"/>
<line xp1="61.57812" yp1="51.19776" xp2="61.60783" yp2="51.33328" sp="0.05" color="silver" opacity="100"/>
<line xp1="61.60783" yp1="51.33328" xp2="61.52561" yp2="51.34337" sp="0.05" color="silver" opacity="100"/>
<line xp1="61.52561" yp1="51.34337" xp2="61.41391" yp2="51.47265" sp="0.05" color="silver" opacity="100"/>
<line xp1="61.41391" yp1="51.47265" xp2="61.34461" yp2="51.57306" sp="0.05" color="silver" opacity="100"/>
<line xp1="61.34461" yp1="51.57306" xp2="61.22478" yp2="51.67819" sp="0.05" color="silver" opacity="100"/>
<line xp1="61.22478" yp1="51.67819" xp2="61.20199" yp2="51.69819" sp="0.05" color="silver" opacity="100"/>
<line xp1="61.20199" yp1="51.69819" xp2="61.15002" yp2="51.79306" sp="0.05" color="silver" opacity="100"/>
<line xp1="61.15002" yp1="51.79306" xp2="61.14962" yp2="51.79364" sp="0.05" color="silver" opacity="100"/>
<line xp1="61.14962" yp1="51.79364" xp2="61.04253" yp2="51.94741" sp="0.05" color="silver" opacity="100"/>
<line xp1="61.04253" yp1="51.94741" xp2="60.99821" yp2="52.05584" sp="0.05" color="silver" opacity="100"/>
<line xp1="60.99821" yp1="52.05584" xp2="60.97858" yp2="52.10387" sp="0.05" color="silver" opacity="100"/>
<line xp1="60.97858" yp1="52.10387" xp2="60.96536" yp2="52.35244" sp="0.05" color="silver" opacity="100"/>
<line xp1="60.96536" yp1="52.35244" xp2="61.00040" yp2="52.50745" sp="0.05" color="silver" opacity="100"/>
<line xp1="61.00040" yp1="52.50745" xp2="61.01090" yp2="52.52694" sp="0.05" color="silver" opacity="100"/>
<line xp1="61.01090" yp1="52.52694" xp2="61.01501" yp2="52.53456" sp="0.05" color="silver" opacity="100"/>
<line xp1="61.01501" yp1="52.53456" xp2="61.09413" yp2="52.68129" sp="0.05" color="silver" opacity="100"/>
<line xp1="61.09413" yp1="52.68129" xp2="61.12106" yp2="52.84586" sp="0.05" color="silver" opacity="100"/>
<line xp1="61.12106" yp1="52.84586" xp2="61.13677" yp2="52.90932" sp="0.05" color="silver" opacity="100"/>
<line xp1="61.13677" yp1="52.90932" xp2="61.14569" yp2="52.94534" sp="0.05" color="silver" opacity="100"/>
<line xp1="61.14569" yp1="52.94534" xp2="61.15552" yp2="52.98501" sp="0.05" color="silver" opacity="100"/>
<line xp1="61.15552" yp1="52.98501" xp2="61.25460" yp2="53.17586" sp="0.05" color="silver" opacity="100"/>
<line xp1="61.25460" yp1="53.17586" xp2="61.25983" yp2="53.31300" sp="0.05" color="silver" opacity="100"/>
<line xp1="61.25983" yp1="53.31300" xp2="61.25948" yp2="53.31431" sp="0.05" color="silver" opacity="100"/>
<line xp1="61.25948" yp1="53.31431" xp2="61.23814" yp2="53.39300" sp="0.05" color="silver" opacity="100"/>
<line xp1="61.23814" yp1="53.39300" xp2="61.21552" yp2="53.50300" sp="0.05" color="silver" opacity="100"/>
<line xp1="61.21552" yp1="53.50300" xp2="61.28245" yp2="53.63614" sp="0.05" color="silver" opacity="100"/>
<line xp1="61.28245" yp1="53.63614" xp2="61.28264" yp2="53.63638" sp="0.05" color="silver" opacity="100"/>
<line xp1="61.28264" yp1="53.63638" xp2="61.35737" yp2="53.73071" sp="0.05" color="silver" opacity="100"/>
<line xp1="61.35737" yp1="53.73071" xp2="61.36411" yp2="53.85516" sp="0.05" color="silver" opacity="100"/>
<line xp1="61.36411" yp1="53.85516" xp2="61.21957" yp2="53.99638" sp="0.05" color="silver" opacity="100"/>
<line xp1="61.21957" yp1="53.99638" xp2="61.18410" yp2="54.03103" sp="0.05" color="silver" opacity="100"/>
<line xp1="61.18410" yp1="54.03103" xp2="61.11312" yp2="54.05520" sp="0.05" color="silver" opacity="100"/>
<line xp1="61.11312" yp1="54.05520" xp2="61.07891" yp2="54.06684" sp="0.05" color="silver" opacity="100"/>
<line xp1="61.07891" yp1="54.06684" xp2="60.92951" yp2="54.17153" sp="0.05" color="silver" opacity="100"/>
<line xp1="60.92951" yp1="54.17153" xp2="60.84466" yp2="54.17541" sp="0.05" color="silver" opacity="100"/>
<line xp1="60.84466" yp1="54.17541" xp2="60.81879" yp2="54.17660" sp="0.05" color="silver" opacity="100"/>
<line xp1="60.81879" yp1="54.17660" xp2="60.76905" yp2="54.02974" sp="0.05" color="silver" opacity="100"/>
<line xp1="60.76905" yp1="54.02974" xp2="60.68355" yp2="53.91653" sp="0.05" color="silver" opacity="100"/>
<line xp1="60.68355" yp1="53.91653" xp2="60.62253" yp2="53.92871" sp="0.05" color="silver" opacity="100"/>
<line xp1="60.62253" yp1="53.92871" xp2="60.52730" yp2="54.05791" sp="0.05" color="silver" opacity="100"/>
<line xp1="60.52730" yp1="54.05791" xp2="60.52064" yp2="54.09915" sp="0.05" color="silver" opacity="100"/>
<line xp1="60.52064" yp1="54.09915" xp2="60.49785" yp2="54.24027" sp="0.05" color="silver" opacity="100"/>
<line xp1="60.49785" yp1="54.24027" xp2="60.44057" yp2="54.43993" sp="0.05" color="silver" opacity="100"/>
<line xp1="60.44057" yp1="54.43993" xp2="60.49064" yp2="54.57311" sp="0.05" color="silver" opacity="100"/>
<line xp1="60.49064" yp1="54.57311" xp2="60.44938" yp2="54.71674" sp="0.05" color="silver" opacity="100"/>
<line xp1="60.44938" yp1="54.71674" xp2="60.42572" yp2="54.92601" sp="0.05" color="silver" opacity="100"/>
<line xp1="60.42572" yp1="54.92601" xp2="60.41545" yp2="55.01684" sp="0.05" color="silver" opacity="100"/>
<line xp1="60.41545" yp1="55.01684" xp2="60.24599" yp2="55.25839" sp="0.05" color="silver" opacity="100"/>
<line xp1="60.24599" yp1="55.25839" xp2="60.09956" yp2="55.42709" sp="0.05" color="silver" opacity="100"/>
<line xp1="60.09956" yp1="55.42709" xp2="60.09628" yp2="55.43087" sp="0.05" color="silver" opacity="100"/>
<line xp1="60.09628" yp1="55.43087" xp2="59.94112" yp2="55.56696" sp="0.05" color="silver" opacity="100"/>
<line xp1="59.94112" yp1="55.56696" xp2="59.90107" yp2="55.69898" sp="0.05" color="silver" opacity="100"/>
<line xp1="59.90107" yp1="55.69898" xp2="59.84568" yp2="55.82484" sp="0.05" color="silver" opacity="100"/>
<line xp1="59.84568" yp1="55.82484" xp2="59.77188" yp2="55.84514" sp="0.05" color="silver" opacity="100"/>
<line xp1="59.77188" yp1="55.84514" xp2="59.73195" yp2="55.97707" sp="0.05" color="silver" opacity="100"/>
<line xp1="59.73195" yp1="55.97707" xp2="59.71865" yp2="55.99495" sp="0.05" color="silver" opacity="100"/>
<line xp1="59.71865" yp1="55.99495" xp2="59.57517" yp2="56.18788" sp="0.05" color="silver" opacity="100"/>
<line xp1="59.57517" yp1="56.18788" xp2="59.52960" yp2="56.24633" sp="0.05" color="silver" opacity="100"/>
<line xp1="59.52960" yp1="56.24633" xp2="59.43423" yp2="56.36865" sp="0.05" color="silver" opacity="100"/>
<line xp1="59.43423" yp1="56.36865" xp2="59.43905" yp2="56.45348" sp="0.05" color="silver" opacity="100"/>
<line xp1="59.43905" yp1="56.45348" xp2="59.44374" yp2="56.53585" sp="0.05" color="silver" opacity="100"/>
<line xp1="59.44374" yp1="56.53585" xp2="59.38792" yp2="56.63178" sp="0.05" color="silver" opacity="100"/>
<line xp1="59.38792" yp1="56.63178" xp2="59.32915" yp2="56.70146" sp="0.05" color="silver" opacity="100"/>
<line xp1="59.32915" yp1="56.70146" xp2="59.34007" yp2="56.87923" sp="0.05" color="silver" opacity="100"/>
<line xp1="59.34007" yp1="56.87923" xp2="59.32793" yp2="56.98641" sp="0.05" color="silver" opacity="100"/>
<line xp1="59.32793" yp1="56.98641" xp2="59.32755" yp2="56.98976" sp="0.05" color="silver" opacity="100"/>
<line xp1="59.32755" yp1="56.98976" xp2="59.25529" yp2="57.19809" sp="0.05" color="silver" opacity="100"/>
<line xp1="59.25529" yp1="57.19809" xp2="59.23436" yp2="57.36645" sp="0.05" color="silver" opacity="100"/>
<line xp1="59.23436" yp1="57.36645" xp2="59.21238" yp2="57.62983" sp="0.05" color="silver" opacity="100"/>
<line xp1="59.21238" yp1="57.62983" xp2="59.22114" yp2="57.71473" sp="0.05" color="silver" opacity="100"/>
<line xp1="59.22114" yp1="57.71473" xp2="59.23545" yp2="57.85344" sp="0.05" color="silver" opacity="100"/>
<line xp1="59.23545" yp1="57.85344" xp2="59.24171" yp2="57.91407" sp="0.05" color="silver" opacity="100"/>
<line xp1="59.24171" yp1="57.91407" xp2="59.27745" yp2="58.06403" sp="0.05" color="silver" opacity="100"/>
<line xp1="59.27745" yp1="58.06403" xp2="59.35474" yp2="58.22361" sp="0.05" color="silver" opacity="100"/>
<line xp1="59.35474" yp1="58.22361" xp2="59.23370" yp2="58.29122" sp="0.05" color="silver" opacity="100"/>
<line xp1="59.23370" yp1="58.29122" xp2="59.20133" yp2="58.37949" sp="0.05" color="silver" opacity="100"/>
<line xp1="59.20133" yp1="58.37949" xp2="59.13255" yp2="58.45997" sp="0.05" color="silver" opacity="100"/>
<line xp1="59.13255" yp1="58.45997" xp2="59.06408" yp2="58.57154" sp="0.05" color="silver" opacity="100"/>
<line xp1="59.06408" yp1="58.57154" xp2="59.04769" yp2="58.68310" sp="0.05" color="silver" opacity="100"/>
<line xp1="59.04769" yp1="58.68310" xp2="58.96770" yp2="58.71696" sp="0.05" color="silver" opacity="100"/>
<line xp1="58.96770" yp1="58.71696" xp2="58.94557" yp2="58.79683" sp="0.05" color="silver" opacity="100"/>
<line xp1="58.94557" yp1="58.79683" xp2="58.89745" yp2="58.86783" sp="0.05" color="silver" opacity="100"/>
<line xp1="58.89745" yp1="58.86783" xp2="58.87828" yp2="58.89611" sp="0.05" color="silver" opacity="100"/>
<line xp1="58.87828" yp1="58.89611" xp2="58.55494" yp2="58.87471" sp="0.05" color="silver" opacity="100"/>
<line xp1="58.55494" yp1="58.87471" xp2="58.54905" yp2="58.87446" sp="0.05" color="silver" opacity="100"/>
<line xp1="58.54905" yp1="58.87446" xp2="58.18495" yp2="58.85865" sp="0.05" color="silver" opacity="100"/>
<line xp1="58.18495" yp1="58.85865" xp2="57.92184" yp2="58.84931" sp="0.05" color="silver" opacity="100"/>
<line xp1="57.92184" yp1="58.84931" xp2="57.76347" yp2="58.84368" sp="0.05" color="silver" opacity="100"/>
<line xp1="57.76347" yp1="58.84368" xp2="57.48015" yp2="58.83130" sp="0.05" color="silver" opacity="100"/>
<line xp1="57.48015" yp1="58.83130" xp2="57.40509" yp2="58.82803" sp="0.05" color="silver" opacity="100"/>
<line xp1="57.40509" yp1="58.82803" xp2="57.36216" yp2="58.82738" sp="0.05" color="silver" opacity="100"/>
<line xp1="57.36216" yp1="58.82738" xp2="57.01293" yp2="58.82212" sp="0.05" color="silver" opacity="100"/>
<line xp1="57.01293" yp1="58.82212" xp2="56.77340" yp2="58.81092" sp="0.05" color="silver" opacity="100"/>
<line xp1="56.77340" yp1="58.81092" xp2="56.71415" yp2="58.80815" sp="0.05" color="silver" opacity="100"/>
<line xp1="56.71415" yp1="58.80815" xp2="56.39163" yp2="58.80147" sp="0.05" color="silver" opacity="100"/>
<line xp1="56.39163" yp1="58.80147" xp2="56.34710" yp2="58.80113" sp="0.05" color="silver" opacity="100"/>
<line xp1="56.34710" yp1="58.80113" xp2="56.06631" yp2="58.79903" sp="0.05" color="silver" opacity="100"/>
<line xp1="56.06631" yp1="58.79903" xp2="56.00407" yp2="58.79856" sp="0.05" color="silver" opacity="100"/>
<line xp1="56.00407" yp1="58.79856" xp2="55.73178" yp2="58.79294" sp="0.05" color="silver" opacity="100"/>
<line xp1="55.73178" yp1="58.79294" xp2="55.62934" yp2="58.79083" sp="0.05" color="silver" opacity="100"/>
<line xp1="55.62934" yp1="58.79083" xp2="55.36078" yp2="58.78307" sp="0.05" color="silver" opacity="100"/>
<line xp1="55.36078" yp1="58.78307" xp2="55.24448" yp2="58.77971" sp="0.05" color="silver" opacity="100"/>
<line xp1="55.24448" yp1="58.77971" xp2="55.02732" yp2="58.77718" sp="0.05" color="silver" opacity="100"/>
<line xp1="55.02732" yp1="58.77718" xp2="54.90658" yp2="58.77578" sp="0.05" color="silver" opacity="100"/>
<line xp1="54.90658" yp1="58.77578" xp2="54.65968" yp2="58.77417" sp="0.05" color="silver" opacity="100"/>
<line xp1="54.65968" yp1="58.77417" xp2="54.56326" yp2="58.77354" sp="0.05" color="silver" opacity="100"/>
<line xp1="54.56326" yp1="58.77354" xp2="54.41227" yp2="58.77646" sp="0.05" color="silver" opacity="100"/>
<line xp1="54.41227" yp1="58.77646" xp2="54.12311" yp2="58.78204" sp="0.05" color="silver" opacity="100"/>
<line xp1="54.12311" yp1="58.78204" xp2="53.97708" yp2="58.78549" sp="0.05" color="silver" opacity="100"/>
<line xp1="53.97708" yp1="58.78549" xp2="53.74012" yp2="58.79109" sp="0.05" color="silver" opacity="100"/>
<line xp1="53.74012" yp1="58.79109" xp2="53.53498" yp2="58.79536" sp="0.05" color="silver" opacity="100"/>
<line xp1="53.53498" yp1="58.79536" xp2="53.32986" yp2="58.79963" sp="0.05" color="silver" opacity="100"/>
<line xp1="53.32986" yp1="58.79963" xp2="53.27088" yp2="58.80095" sp="0.05" color="silver" opacity="100"/>
<line xp1="53.27088" yp1="58.80095" xp2="53.02587" yp2="58.80643" sp="0.05" color="silver" opacity="100"/>
<line xp1="53.02587" yp1="58.80643" xp2="52.66824" yp2="58.81488" sp="0.05" color="silver" opacity="100"/>
<line xp1="52.66824" yp1="58.81488" xp2="52.66824" yp2="58.81488" sp="0.05" color="silver" opacity="100"/>
<line xp1="21.46278" yp1="82.85975" xp2="21.46284" yp2="81.43441" sp="0.05" color="silver" opacity="100"/>
<line xp1="21.46284" yp1="81.43441" xp2="21.46284" yp2="81.37499" sp="0.05" color="silver" opacity="100"/>
<line xp1="21.46284" yp1="81.37499" xp2="21.46316" yp2="80.88528" sp="0.05" color="silver" opacity="100"/>
<line xp1="21.46316" yp1="80.88528" xp2="21.46319" yp2="80.61751" sp="0.05" color="silver" opacity="100"/>
<line xp1="21.46319" yp1="80.61751" xp2="21.46321" yp2="80.35694" sp="0.05" color="silver" opacity="100"/>
<line xp1="21.46321" yp1="80.35694" xp2="21.46284" yp2="79.99978" sp="0.05" color="silver" opacity="100"/>
<line xp1="21.46284" yp1="79.99978" xp2="21.47913" yp2="79.95610" sp="0.05" color="silver" opacity="100"/>
<line xp1="21.47913" yp1="79.95610" xp2="21.49115" yp2="79.92385" sp="0.05" color="silver" opacity="100"/>
<line xp1="21.49115" yp1="79.92385" xp2="21.60008" yp2="79.70898" sp="0.05" color="silver" opacity="100"/>
<line xp1="21.60008" yp1="79.70898" xp2="21.69087" yp2="79.55161" sp="0.05" color="silver" opacity="100"/>
<line xp1="21.69087" yp1="79.55161" xp2="21.77619" yp2="79.47133" sp="0.05" color="silver" opacity="100"/>
<line xp1="21.77619" yp1="79.47133" xp2="21.79175" yp2="79.31702" sp="0.05" color="silver" opacity="100"/>
<line xp1="21.79175" yp1="79.31702" xp2="21.96343" yp2="79.13335" sp="0.05" color="silver" opacity="100"/>
<line xp1="21.96343" yp1="79.13335" xp2="21.94420" yp2="79.01361" sp="0.05" color="silver" opacity="100"/>
<line xp1="21.94420" yp1="79.01361" xp2="22.00879" yp2="78.92417" sp="0.05" color="silver" opacity="100"/>
<line xp1="22.00879" yp1="78.92417" xp2="21.96737" yp2="78.78949" sp="0.05" color="silver" opacity="100"/>
<line xp1="21.96737" yp1="78.78949" xp2="21.97381" yp2="78.66484" sp="0.05" color="silver" opacity="100"/>
<line xp1="21.97381" yp1="78.66484" xp2="22.10049" yp2="78.51931" sp="0.05" color="silver" opacity="100"/>
<line xp1="22.10049" yp1="78.51931" xp2="22.01088" yp2="78.44925" sp="0.05" color="silver" opacity="100"/>
<line xp1="22.01088" yp1="78.44925" xp2="21.98409" yp2="78.33653" sp="0.05" color="silver" opacity="100"/>
<line xp1="21.98409" yp1="78.33653" xp2="22.18674" yp2="78.19145" sp="0.05" color="silver" opacity="100"/>
<line xp1="22.18674" yp1="78.19145" xp2="22.25851" yp2="78.04035" sp="0.05" color="silver" opacity="100"/>
<line xp1="22.25851" yp1="78.04035" xp2="22.35237" yp2="77.95678" sp="0.05" color="silver" opacity="100"/>
<line xp1="22.35237" yp1="77.95678" xp2="22.50488" yp2="77.90061" sp="0.05" color="silver" opacity="100"/>
<line xp1="22.50488" yp1="77.90061" xp2="22.57400" yp2="77.87403" sp="0.05" color="silver" opacity="100"/>
<line xp1="22.57400" yp1="77.87403" xp2="22.62752" yp2="77.74246" sp="0.05" color="silver" opacity="100"/>
<line xp1="22.62752" yp1="77.74246" xp2="22.68341" yp2="77.64207" sp="0.05" color="silver" opacity="100"/>
<line xp1="22.68341" yp1="77.64207" xp2="22.78546" yp2="77.51723" sp="0.05" color="silver" opacity="100"/>
<line xp1="22.78546" yp1="77.51723" xp2="22.89090" yp2="77.31782" sp="0.05" color="silver" opacity="100"/>
<line xp1="22.89090" yp1="77.31782" xp2="22.96730" yp2="77.20595" sp="0.05" color="silver" opacity="100"/>
<line xp1="22.96730" yp1="77.20595" xp2="23.02823" yp2="77.06157" sp="0.05" color="silver" opacity="100"/>
<line xp1="23.02823" yp1="77.06157" xp2="23.13627" yp2="76.95113" sp="0.05" color="silver" opacity="100"/>
<line xp1="23.13627" yp1="76.95113" xp2="23.18857" yp2="76.89767" sp="0.05" color="silver" opacity="100"/>
<line xp1="23.18857" yp1="76.89767" xp2="23.16418" yp2="76.76563" sp="0.05" color="silver" opacity="100"/>
<line xp1="23.16418" yp1="76.76563" xp2="23.26063" yp2="76.60512" sp="0.05" color="silver" opacity="100"/>
<line xp1="23.26063" yp1="76.60512" xp2="23.39994" yp2="76.51065" sp="0.05" color="silver" opacity="100"/>
<line xp1="23.39994" yp1="76.51065" xp2="23.43511" yp2="76.39665" sp="0.05" color="silver" opacity="100"/>
<line xp1="23.43511" yp1="76.39665" xp2="23.53999" yp2="76.40064" sp="0.05" color="silver" opacity="100"/>
<line xp1="23.53999" yp1="76.40064" xp2="23.57411" yp2="76.37668" sp="0.05" color="silver" opacity="100"/>
<line xp1="23.57411" yp1="76.37668" xp2="23.65124" yp2="76.32254" sp="0.05" color="silver" opacity="100"/>
<line xp1="23.65124" yp1="76.32254" xp2="23.65926" yp2="76.16612" sp="0.05" color="silver" opacity="100"/>
<line xp1="23.65926" yp1="76.16612" xp2="23.70598" yp2="76.15014" sp="0.05" color="silver" opacity="100"/>
<line xp1="23.70598" yp1="76.15014" xp2="23.77335" yp2="76.12710" sp="0.05" color="silver" opacity="100"/>
<line xp1="23.77335" yp1="76.12710" xp2="23.91809" yp2="76.14076" sp="0.05" color="silver" opacity="100"/>
<line xp1="23.91809" yp1="76.14076" xp2="24.06045" yp2="76.19731" sp="0.05" color="silver" opacity="100"/>
<line xp1="24.06045" yp1="76.19731" xp2="24.09888" yp2="76.15792" sp="0.05" color="silver" opacity="100"/>
<line xp1="24.09888" yp1="76.15792" xp2="24.12205" yp2="76.13418" sp="0.05" color="silver" opacity="100"/>
<line xp1="24.12205" yp1="76.13418" xp2="24.10563" yp2="75.93652" sp="0.05" color="silver" opacity="100"/>
<line xp1="24.10563" yp1="75.93652" xp2="24.07438" yp2="75.73748" sp="0.05" color="silver" opacity="100"/>
<line xp1="24.07438" yp1="75.73748" xp2="23.99536" yp2="75.71050" sp="0.05" color="silver" opacity="100"/>
<line xp1="23.99536" yp1="75.71050" xp2="24.02345" yp2="75.46224" sp="0.05" color="silver" opacity="100"/>
<line xp1="24.02345" yp1="75.46224" xp2="23.96545" yp2="75.39171" sp="0.05" color="silver" opacity="100"/>
<line xp1="23.96545" yp1="75.39171" xp2="23.95122" yp2="75.17355" sp="0.05" color="silver" opacity="100"/>
<line xp1="23.95122" yp1="75.17355" xp2="23.93642" yp2="75.06800" sp="0.05" color="silver" opacity="100"/>
<line xp1="23.93642" yp1="75.06800" xp2="23.92336" yp2="74.96320" sp="0.05" color="silver" opacity="100"/>
<line xp1="23.92336" yp1="74.96320" xp2="23.92934" yp2="74.78267" sp="0.05" color="silver" opacity="100"/>
<line xp1="23.92934" yp1="74.78267" xp2="23.82353" yp2="74.76493" sp="0.05" color="silver" opacity="100"/>
<line xp1="23.82353" yp1="74.76493" xp2="23.81338" yp2="74.64368" sp="0.05" color="silver" opacity="100"/>
<line xp1="23.81338" yp1="74.64368" xp2="23.90762" yp2="74.56315" sp="0.05" color="silver" opacity="100"/>
<line xp1="23.90762" yp1="74.56315" xp2="23.87655" yp2="74.37236" sp="0.05" color="silver" opacity="100"/>
<line xp1="23.87655" yp1="74.37236" xp2="23.93664" yp2="74.25272" sp="0.05" color="silver" opacity="100"/>
<line xp1="23.93664" yp1="74.25272" xp2="23.99652" yp2="74.17568" sp="0.05" color="silver" opacity="100"/>
<line xp1="23.99652" yp1="74.17568" xp2="23.97974" yp2="74.03280" sp="0.05" color="silver" opacity="100"/>
<line xp1="23.97974" yp1="74.03280" xp2="24.01809" yp2="73.94954" sp="0.05" color="silver" opacity="100"/>
<line xp1="24.01809" yp1="73.94954" xp2="23.96467" yp2="73.87252" sp="0.05" color="silver" opacity="100"/>
<line xp1="23.96467" yp1="73.87252" xp2="23.81978" yp2="73.81712" sp="0.05" color="silver" opacity="100"/>
<line xp1="23.81978" yp1="73.81712" xp2="23.74999" yp2="73.65693" sp="0.05" color="silver" opacity="100"/>
<line xp1="23.74999" yp1="73.65693" xp2="23.83866" yp2="73.49193" sp="0.05" color="silver" opacity="100"/>
<line xp1="23.83866" yp1="73.49193" xp2="23.84671" yp2="73.34010" sp="0.05" color="silver" opacity="100"/>
<line xp1="23.84671" yp1="73.34010" xp2="23.79112" yp2="73.28747" sp="0.05" color="silver" opacity="100"/>
<line xp1="23.79112" yp1="73.28747" xp2="23.78749" yp2="73.16238" sp="0.05" color="silver" opacity="100"/>
<line xp1="23.78749" yp1="73.16238" xp2="23.80958" yp2="73.10093" sp="0.05" color="silver" opacity="100"/>
<line xp1="23.80958" yp1="73.10093" xp2="23.83640" yp2="73.02633" sp="0.05" color="silver" opacity="100"/>
<line xp1="23.83640" yp1="73.02633" xp2="23.91267" yp2="72.98281" sp="0.05" color="silver" opacity="100"/>
<line xp1="23.91267" yp1="72.98281" xp2="24.04843" yp2="72.83633" sp="0.05" color="silver" opacity="100"/>
<line xp1="24.04843" yp1="72.83633" xp2="24.18582" yp2="72.80176" sp="0.05" color="silver" opacity="100"/>
<line xp1="24.18582" yp1="72.80176" xp2="24.22794" yp2="72.96518" sp="0.05" color="silver" opacity="100"/>
<line xp1="24.22794" yp1="72.96518" xp2="24.32851" yp2="72.98725" sp="0.05" color="silver" opacity="100"/>
<line xp1="24.32851" yp1="72.98725" xp2="24.48746" yp2="73.15427" sp="0.05" color="silver" opacity="100"/>
<line xp1="24.48746" yp1="73.15427" xp2="24.59235" yp2="73.29717" sp="0.05" color="silver" opacity="100"/>
<line xp1="24.59235" yp1="73.29717" xp2="24.59133" yp2="73.41751" sp="0.05" color="silver" opacity="100"/>
<line xp1="24.59133" yp1="73.41751" xp2="24.65913" yp2="73.43039" sp="0.05" color="silver" opacity="100"/>
<line xp1="24.65913" yp1="73.43039" xp2="24.69489" yp2="73.37879" sp="0.05" color="silver" opacity="100"/>
<line xp1="24.69489" yp1="73.37879" xp2="24.77095" yp2="73.26905" sp="0.05" color="silver" opacity="100"/>
<line xp1="24.77095" yp1="73.26905" xp2="24.82861" yp2="73.21046" sp="0.05" color="silver" opacity="100"/>
<line xp1="24.82861" yp1="73.21046" xp2="24.91272" yp2="73.14899" sp="0.05" color="silver" opacity="100"/>
<line xp1="24.91272" yp1="73.14899" xp2="24.91869" yp2="72.92331" sp="0.05" color="silver" opacity="100"/>
<line xp1="24.91869" yp1="72.92331" xp2="24.98464" yp2="72.80210" sp="0.05" color="silver" opacity="100"/>
<line xp1="24.98464" yp1="72.80210" xp2="24.97943" yp2="72.65066" sp="0.05" color="silver" opacity="100"/>
<line xp1="24.97943" yp1="72.65066" xp2="25.02709" yp2="72.52874" sp="0.05" color="silver" opacity="100"/>
<line xp1="25.02709" yp1="72.52874" xp2="25.02215" yp2="72.35790" sp="0.05" color="silver" opacity="100"/>
<line xp1="25.02215" yp1="72.35790" xp2="25.15375" yp2="72.09917" sp="0.05" color="silver" opacity="100"/>
<line xp1="25.15375" yp1="72.09917" xp2="25.26974" yp2="71.79546" sp="0.05" color="silver" opacity="100"/>
<line xp1="25.26974" yp1="71.79546" xp2="25.36797" yp2="71.71401" sp="0.05" color="silver" opacity="100"/>
<line xp1="25.36797" yp1="71.71401" xp2="25.45851" yp2="71.59785" sp="0.05" color="silver" opacity="100"/>
<line xp1="25.45851" yp1="71.59785" xp2="25.48042" yp2="71.44848" sp="0.05" color="silver" opacity="100"/>
<line xp1="25.48042" yp1="71.44848" xp2="25.46314" yp2="71.29584" sp="0.05" color="silver" opacity="100"/>
<line xp1="25.46314" yp1="71.29584" xp2="25.42373" yp2="71.17385" sp="0.05" color="silver" opacity="100"/>
<line xp1="25.42373" yp1="71.17385" xp2="25.50404" yp2="70.97884" sp="0.05" color="silver" opacity="100"/>
<line xp1="25.50404" yp1="70.97884" xp2="25.57361" yp2="70.95674" sp="0.05" color="silver" opacity="100"/>
<line xp1="25.57361" yp1="70.95674" xp2="25.68999" yp2="70.85424" sp="0.05" color="silver" opacity="100"/>
<line xp1="25.68999" yp1="70.85424" xp2="25.77359" yp2="70.92271" sp="0.05" color="silver" opacity="100"/>
<line xp1="25.77359" yp1="70.92271" xp2="25.95171" yp2="70.75639" sp="0.05" color="silver" opacity="100"/>
<line xp1="25.95171" yp1="70.75639" xp2="25.99822" yp2="70.59594" sp="0.05" color="silver" opacity="100"/>
<line xp1="25.99822" yp1="70.59594" xp2="26.07792" yp2="70.36966" sp="0.05" color="silver" opacity="100"/>
<line xp1="26.07792" yp1="70.36966" xp2="26.05989" yp2="70.22094" sp="0.05" color="silver" opacity="100"/>
<line xp1="26.05989" yp1="70.22094" xp2="26.14334" yp2="70.05268" sp="0.05" color="silver" opacity="100"/>
<line xp1="26.14334" yp1="70.05268" xp2="26.14331" yp2="69.91919" sp="0.05" color="silver" opacity="100"/>
<line xp1="26.14331" yp1="69.91919" xp2="26.22901" yp2="69.76200" sp="0.05" color="silver" opacity="100"/>
<line xp1="26.22901" yp1="69.76200" xp2="26.33574" yp2="69.65804" sp="0.05" color="silver" opacity="100"/>
<line xp1="26.33574" yp1="69.65804" xp2="26.42027" yp2="69.72915" sp="0.05" color="silver" opacity="100"/>
<line xp1="26.42027" yp1="69.72915" xp2="26.42785" yp2="69.73553" sp="0.05" color="silver" opacity="100"/>
<line xp1="26.42785" yp1="69.73553" xp2="26.41817" yp2="69.83563" sp="0.05" color="silver" opacity="100"/>
<line xp1="26.41817" yp1="69.83563" xp2="26.56141" yp2="69.99760" sp="0.05" color="silver" opacity="100"/>
<line xp1="26.56141" yp1="69.99760" xp2="26.60336" yp2="70.00864" sp="0.05" color="silver" opacity="100"/>
<line xp1="26.60336" yp1="70.00864" xp2="26.76636" yp2="69.97433" sp="0.05" color="silver" opacity="100"/>
<line xp1="26.76636" yp1="69.97433" xp2="26.96430" yp2="69.94293" sp="0.05" color="silver" opacity="100"/>
<line xp1="26.96430" yp1="69.94293" xp2="27.09632" yp2="69.85159" sp="0.05" color="silver" opacity="100"/>
<line xp1="27.09632" yp1="69.85159" xp2="27.14013" yp2="70.08242" sp="0.05" color="silver" opacity="100"/>
<line xp1="27.14013" yp1="70.08242" xp2="27.25202" yp2="70.19563" sp="0.05" color="silver" opacity="100"/>
<line xp1="27.25202" yp1="70.19563" xp2="27.35123" yp2="70.12434" sp="0.05" color="silver" opacity="100"/>
<line xp1="27.35123" yp1="70.12434" xp2="27.49984" yp2="70.08151" sp="0.05" color="silver" opacity="100"/>
<line xp1="27.49984" yp1="70.08151" xp2="27.63980" yp2="70.10776" sp="0.05" color="silver" opacity="100"/>
<line xp1="27.63980" yp1="70.10776" xp2="27.89153" yp2="70.18295" sp="0.05" color="silver" opacity="100"/>
<line xp1="27.89153" yp1="70.18295" xp2="27.98782" yp2="70.03347" sp="0.05" color="silver" opacity="100"/>
<line xp1="27.98782" yp1="70.03347" xp2="28.14736" yp2="70.17201" sp="0.05" color="silver" opacity="100"/>
<line xp1="28.14736" yp1="70.17201" xp2="28.28137" yp2="70.16322" sp="0.05" color="silver" opacity="100"/>
<line xp1="28.28137" yp1="70.16322" xp2="28.36490" yp2="70.15774" sp="0.05" color="silver" opacity="100"/>
<line xp1="28.36490" yp1="70.15774" xp2="28.43211" yp2="70.23690" sp="0.05" color="silver" opacity="100"/>
<line xp1="28.43211" yp1="70.23690" xp2="28.50949" yp2="70.51239" sp="0.05" color="silver" opacity="100"/>
<line xp1="28.50949" yp1="70.51239" xp2="28.52777" yp2="70.55897" sp="0.05" color="silver" opacity="100"/>
<line xp1="28.52777" yp1="70.55897" xp2="28.55570" yp2="70.63013" sp="0.05" color="silver" opacity="100"/>
<line xp1="28.55570" yp1="70.63013" xp2="28.63845" yp2="70.72894" sp="0.05" color="silver" opacity="100"/>
<line xp1="28.63845" yp1="70.72894" xp2="28.65056" yp2="70.71770" sp="0.05" color="silver" opacity="100"/>
<line xp1="28.65056" yp1="70.71770" xp2="28.73282" yp2="70.64135" sp="0.05" color="silver" opacity="100"/>
<line xp1="28.73282" yp1="70.64135" xp2="28.81731" yp2="70.48080" sp="0.05" color="silver" opacity="100"/>
<line xp1="28.81731" yp1="70.48080" xp2="28.88591" yp2="70.35258" sp="0.05" color="silver" opacity="100"/>
<line xp1="28.88591" yp1="70.35258" xp2="28.92083" yp2="70.21627" sp="0.05" color="silver" opacity="100"/>
<line xp1="28.92083" yp1="70.21627" xp2="29.00991" yp2="70.10209" sp="0.05" color="silver" opacity="100"/>
<line xp1="29.00991" yp1="70.10209" xp2="29.04207" yp2="69.98188" sp="0.05" color="silver" opacity="100"/>
<line xp1="29.04207" yp1="69.98188" xp2="29.15542" yp2="69.92592" sp="0.05" color="silver" opacity="100"/>
<line xp1="29.15542" yp1="69.92592" xp2="29.14583" yp2="70.35693" sp="0.05" color="silver" opacity="100"/>
<line xp1="29.14583" yp1="70.35693" xp2="29.14564" yp2="70.47504" sp="0.05" color="silver" opacity="100"/>
<line xp1="29.14564" yp1="70.47504" xp2="29.14537" yp2="70.64384" sp="0.05" color="silver" opacity="100"/>
<line xp1="29.14537" yp1="70.64384" xp2="29.14325" yp2="71.04759" sp="0.05" color="silver" opacity="100"/>
<line xp1="29.14325" yp1="71.04759" xp2="29.16259" yp2="71.43109" sp="0.05" color="silver" opacity="100"/>
<line xp1="29.16259" yp1="71.43109" xp2="29.16265" yp2="71.43241" sp="0.05" color="silver" opacity="100"/>
<line xp1="29.16265" yp1="71.43241" xp2="29.56153" yp2="71.43701" sp="0.05" color="silver" opacity="100"/>
<line xp1="29.56153" yp1="71.43701" xp2="29.68420" yp2="71.40664" sp="0.05" color="silver" opacity="100"/>
<line xp1="29.68420" yp1="71.40664" xp2="30.27009" yp2="71.42616" sp="0.05" color="silver" opacity="100"/>
<line xp1="30.27009" yp1="71.42616" xp2="30.77685" yp2="71.43764" sp="0.05" color="silver" opacity="100"/>
<line xp1="30.77685" yp1="71.43764" xp2="31.07926" yp2="71.43692" sp="0.05" color="silver" opacity="100"/>
<line xp1="31.07926" yp1="71.43692" xp2="31.42412" yp2="71.43609" sp="0.05" color="silver" opacity="100"/>
<line xp1="31.42412" yp1="71.43609" xp2="32.14855" yp2="71.44544" sp="0.05" color="silver" opacity="100"/>
<line xp1="32.14855" yp1="71.44544" xp2="32.21190" yp2="71.42749" sp="0.05" color="silver" opacity="100"/>
<line xp1="32.21190" yp1="71.42749" xp2="32.89001" yp2="71.42765" sp="0.05" color="silver" opacity="100"/>
<line xp1="32.89001" yp1="71.42765" xp2="33.07588" yp2="71.42769" sp="0.05" color="silver" opacity="100"/>
<line xp1="33.07588" yp1="71.42769" xp2="33.46381" yp2="71.43037" sp="0.05" color="silver" opacity="100"/>
<line xp1="33.46381" yp1="71.43037" xp2="33.85023" yp2="71.43304" sp="0.05" color="silver" opacity="100"/>
<line xp1="33.85023" yp1="71.43304" xp2="33.98227" yp2="71.43298" sp="0.05" color="silver" opacity="100"/>
<line xp1="33.98227" yp1="71.43298" xp2="34.84394" yp2="71.43259" sp="0.05" color="silver" opacity="100"/>
<line xp1="34.84394" yp1="71.43259" xp2="35.55573" yp2="71.41681" sp="0.05" color="silver" opacity="100"/>
<line xp1="35.55573" yp1="71.41681" xp2="36.51736" yp2="71.41082" sp="0.05" color="silver" opacity="100"/>
<line xp1="36.51736" yp1="71.41082" xp2="36.51756" yp2="71.41082" sp="0.05" color="silver" opacity="100"/>
<line xp1="36.51756" yp1="71.41082" xp2="36.88480" yp2="71.42167" sp="0.05" color="silver" opacity="100"/>
<line xp1="36.88480" yp1="71.42167" xp2="37.15682" yp2="71.42970" sp="0.05" color="silver" opacity="100"/>
<line xp1="37.15682" yp1="71.42970" xp2="38.34369" yp2="71.42942" sp="0.05" color="silver" opacity="100"/>
<line xp1="38.34369" yp1="71.42942" xp2="38.40269" yp2="71.42940" sp="0.05" color="silver" opacity="100"/>
<line xp1="38.40269" yp1="71.42940" xp2="38.42267" yp2="71.42940" sp="0.05" color="silver" opacity="100"/>
<line xp1="38.42267" yp1="71.42940" xp2="39.91123" yp2="71.42123" sp="0.05" color="silver" opacity="100"/>
<line xp1="39.91123" yp1="71.42123" xp2="39.93979" yp2="71.42434" sp="0.05" color="silver" opacity="100"/>
<line xp1="39.93979" yp1="71.42434" xp2="39.93850" yp2="71.78568" sp="0.05" color="silver" opacity="100"/>
<line xp1="39.93850" yp1="71.78568" xp2="39.93825" yp2="72.03683" sp="0.05" color="silver" opacity="100"/>
<line xp1="39.93825" yp1="72.03683" xp2="39.93791" yp2="72.38842" sp="0.05" color="silver" opacity="100"/>
<line xp1="39.93791" yp1="72.38842" xp2="39.93575" yp2="72.83083" sp="0.05" color="silver" opacity="100"/>
<line xp1="39.93575" yp1="72.83083" xp2="39.93548" yp2="73.02261" sp="0.05" color="silver" opacity="100"/>
<line xp1="39.93548" yp1="73.02261" xp2="39.93447" yp2="73.57142" sp="0.05" color="silver" opacity="100"/>
<line xp1="39.93447" yp1="73.57142" xp2="39.93265" yp2="73.89916" sp="0.05" color="silver" opacity="100"/>
<line xp1="39.93265" yp1="73.89916" xp2="39.93210" yp2="73.94850" sp="0.05" color="silver" opacity="100"/>
<line xp1="39.93210" yp1="73.94850" xp2="39.93009" yp2="74.12946" sp="0.05" color="silver" opacity="100"/>
<line xp1="39.93009" yp1="74.12946" xp2="39.93005" yp2="75.08595" sp="0.05" color="silver" opacity="100"/>
<line xp1="39.93005" yp1="75.08595" xp2="39.93005" yp2="75.21299" sp="0.05" color="silver" opacity="100"/>
<line xp1="39.93005" yp1="75.21299" xp2="39.93070" yp2="75.74225" sp="0.05" color="silver" opacity="100"/>
<line xp1="39.93070" yp1="75.74225" xp2="39.93058" yp2="75.83103" sp="0.05" color="silver" opacity="100"/>
<line xp1="39.93058" yp1="75.83103" xp2="39.93018" yp2="76.11858" sp="0.05" color="silver" opacity="100"/>
<line xp1="39.93018" yp1="76.11858" xp2="39.92989" yp2="76.32537" sp="0.05" color="silver" opacity="100"/>
<line xp1="39.92989" yp1="76.32537" xp2="39.92994" yp2="76.95396" sp="0.05" color="silver" opacity="100"/>
<line xp1="39.92994" yp1="76.95396" xp2="39.93110" yp2="77.50694" sp="0.05" color="silver" opacity="100"/>
<line xp1="39.93110" yp1="77.50694" xp2="39.93029" yp2="78.08611" sp="0.05" color="silver" opacity="100"/>
<line xp1="39.93029" yp1="78.08611" xp2="39.93029" yp2="78.09130" sp="0.05" color="silver" opacity="100"/>
<line xp1="39.93029" yp1="78.09130" xp2="39.93081" yp2="78.27733" sp="0.05" color="silver" opacity="100"/>
<line xp1="39.93081" yp1="78.27733" xp2="39.93244" yp2="78.86637" sp="0.05" color="silver" opacity="100"/>
<line xp1="39.93244" yp1="78.86637" xp2="39.93479" yp2="79.43787" sp="0.05" color="silver" opacity="100"/>
<line xp1="39.93479" yp1="79.43787" xp2="39.93241" yp2="79.91861" sp="0.05" color="silver" opacity="100"/>
<line xp1="39.93241" yp1="79.91861" xp2="39.93216" yp2="79.98880" sp="0.05" color="silver" opacity="100"/>
<line xp1="39.93216" yp1="79.98880" xp2="39.93216" yp2="79.98885" sp="0.05" color="silver" opacity="100"/>
<line xp1="39.93216" yp1="79.98885" xp2="39.92970" yp2="80.68976" sp="0.05" color="silver" opacity="100"/>
<line xp1="39.92970" yp1="80.68976" xp2="39.92803" yp2="81.11228" sp="0.05" color="silver" opacity="100"/>
<line xp1="39.92803" yp1="81.11228" xp2="39.92684" yp2="81.41183" sp="0.05" color="silver" opacity="100"/>
<line xp1="39.92684" yp1="81.41183" xp2="39.92602" yp2="81.81117" sp="0.05" color="silver" opacity="100"/>
<line xp1="39.92602" yp1="81.81117" xp2="39.92477" yp2="82.42111" sp="0.05" color="silver" opacity="100"/>
<line xp1="39.92477" yp1="82.42111" xp2="39.92502" yp2="82.85679" sp="0.05" color="silver" opacity="100"/>
<line xp1="39.92502" yp1="82.85679" xp2="39.16364" yp2="82.85583" sp="0.05" color="silver" opacity="100"/>
<line xp1="39.16364" yp1="82.85583" xp2="38.65304" yp2="82.85426" sp="0.05" color="silver" opacity="100"/>
<line xp1="38.65304" yp1="82.85426" xp2="38.37287" yp2="82.85494" sp="0.05" color="silver" opacity="100"/>
<line xp1="38.37287" yp1="82.85494" xp2="38.05355" yp2="82.85571" sp="0.05" color="silver" opacity="100"/>
<line xp1="38.05355" yp1="82.85571" xp2="37.91402" yp2="82.85531" sp="0.05" color="silver" opacity="100"/>
<line xp1="37.91402" yp1="82.85531" xp2="37.26799" yp2="82.85611" sp="0.05" color="silver" opacity="100"/>
<line xp1="37.26799" yp1="82.85611" xp2="36.84532" yp2="82.85488" sp="0.05" color="silver" opacity="100"/>
<line xp1="36.84532" yp1="82.85488" xp2="36.75067" yp2="82.85508" sp="0.05" color="silver" opacity="100"/>
<line xp1="36.75067" yp1="82.85508" xp2="36.56310" yp2="82.85549" sp="0.05" color="silver" opacity="100"/>
<line xp1="36.56310" yp1="82.85549" xp2="35.97302" yp2="82.85595" sp="0.05" color="silver" opacity="100"/>
<line xp1="35.97302" yp1="82.85595" xp2="35.10798" yp2="82.85689" sp="0.05" color="silver" opacity="100"/>
<line xp1="35.10798" yp1="82.85689" xp2="34.82526" yp2="82.85720" sp="0.05" color="silver" opacity="100"/>
<line xp1="34.82526" yp1="82.85720" xp2="34.70613" yp2="82.85532" sp="0.05" color="silver" opacity="100"/>
<line xp1="34.70613" yp1="82.85532" xp2="34.30047" yp2="82.85678" sp="0.05" color="silver" opacity="100"/>
<line xp1="34.30047" yp1="82.85678" xp2="33.48252" yp2="82.85588" sp="0.05" color="silver" opacity="100"/>
<line xp1="33.48252" yp1="82.85588" xp2="33.01047" yp2="82.85536" sp="0.05" color="silver" opacity="100"/>
<line xp1="33.01047" yp1="82.85536" xp2="32.30660" yp2="82.85495" sp="0.05" color="silver" opacity="100"/>
<line xp1="32.30660" yp1="82.85495" xp2="31.92197" yp2="82.85717" sp="0.05" color="silver" opacity="100"/>
<line xp1="31.92197" yp1="82.85717" xp2="31.55454" yp2="82.85835" sp="0.05" color="silver" opacity="100"/>
<line xp1="31.55454" yp1="82.85835" xp2="31.53733" yp2="82.85840" sp="0.05" color="silver" opacity="100"/>
<line xp1="31.53733" yp1="82.85840" xp2="30.50524" yp2="82.85503" sp="0.05" color="silver" opacity="100"/>
<line xp1="30.50524" yp1="82.85503" xp2="30.09515" yp2="82.85482" sp="0.05" color="silver" opacity="100"/>
<line xp1="30.09515" yp1="82.85482" xp2="29.95136" yp2="82.85254" sp="0.05" color="silver" opacity="100"/>
<line xp1="29.95136" yp1="82.85254" xp2="29.62606" yp2="82.85145" sp="0.05" color="silver" opacity="100"/>
<line xp1="29.62606" yp1="82.85145" xp2="29.22474" yp2="82.85011" sp="0.05" color="silver" opacity="100"/>
<line xp1="29.22474" yp1="82.85011" xp2="28.81559" yp2="82.84923" sp="0.05" color="silver" opacity="100"/>
<line xp1="28.81559" yp1="82.84923" xp2="28.46029" yp2="82.84847" sp="0.05" color="silver" opacity="100"/>
<line xp1="28.46029" yp1="82.84847" xp2="27.91679" yp2="82.85162" sp="0.05" color="silver" opacity="100"/>
<line xp1="27.91679" yp1="82.85162" xp2="27.47112" yp2="82.85405" sp="0.05" color="silver" opacity="100"/>
<line xp1="27.47112" yp1="82.85405" xp2="27.39476" yp2="82.85398" sp="0.05" color="silver" opacity="100"/>
<line xp1="27.39476" yp1="82.85398" xp2="25.97484" yp2="82.85275" sp="0.05" color="silver" opacity="100"/>
<line xp1="25.97484" yp1="82.85275" xp2="25.57550" yp2="82.85303" sp="0.05" color="silver" opacity="100"/>
<line xp1="25.57550" yp1="82.85303" xp2="25.08772" yp2="82.85038" sp="0.05" color="silver" opacity="100"/>
<line xp1="25.08772" yp1="82.85038" xp2="24.75771" yp2="82.85388" sp="0.05" color="silver" opacity="100"/>
<line xp1="24.75771" yp1="82.85388" xp2="24.51050" yp2="82.85530" sp="0.05" color="silver" opacity="100"/>
<line xp1="24.51050" yp1="82.85530" xp2="24.33814" yp2="82.85629" sp="0.05" color="silver" opacity="100"/>
<line xp1="24.33814" yp1="82.85629" xp2="24.03696" yp2="82.86111" sp="0.05" color="silver" opacity="100"/>
<line xp1="24.03696" yp1="82.86111" xp2="23.57197" yp2="82.85921" sp="0.05" color="silver" opacity="100"/>
<line xp1="23.57197" yp1="82.85921" xp2="23.49685" yp2="82.85882" sp="0.05" color="silver" opacity="100"/>
<line xp1="23.49685" yp1="82.85882" xp2="22.75706" yp2="82.85494" sp="0.05" color="silver" opacity="100"/>
<line xp1="22.75706" yp1="82.85494" xp2="22.30613" yp2="82.85913" sp="0.05" color="silver" opacity="100"/>
<line xp1="22.30613" yp1="82.85913" xp2="21.46278" yp2="82.85975" sp="0.05" color="silver" opacity="100"/>
<line xp1="21.46278" yp1="82.85975" xp2="21.46278" yp2="82.85975" sp="0.05" color="silver" opacity="100"/>
<line xp1="39.91824" yp1="60.32702" xp2="39.91808" yp2="60.00402" sp="0.05" color="silver" opacity="100"/>
<line xp1="39.91808" yp1="60.00402" xp2="40.65458" yp2="60.00492" sp="0.05" color="silver" opacity="100"/>
<line xp1="40.65458" yp1="60.00492" xp2="40.65573" yp2="60.00492" sp="0.05" color="silver" opacity="100"/>
<line xp1="40.65573" yp1="60.00492" xp2="40.95001" yp2="60.00550" sp="0.05" color="silver" opacity="100"/>
<line xp1="40.95001" yp1="60.00550" xp2="41.42071" yp2="60.00644" sp="0.05" color="silver" opacity="100"/>
<line xp1="41.42071" yp1="60.00644" xp2="42.07159" yp2="60.00636" sp="0.05" color="silver" opacity="100"/>
<line xp1="42.07159" yp1="60.00636" xp2="42.12149" yp2="60.00635" sp="0.05" color="silver" opacity="100"/>
<line xp1="42.12149" yp1="60.00635" xp2="42.22032" yp2="60.00634" sp="0.05" color="silver" opacity="100"/>
<line xp1="42.22032" yp1="60.00634" xp2="42.99736" yp2="60.00679" sp="0.05" color="silver" opacity="100"/>
<line xp1="42.99736" yp1="60.00679" xp2="42.99752" yp2="60.00679" sp="0.05" color="silver" opacity="100"/>
<line xp1="42.99752" yp1="60.00679" xp2="42.99801" yp2="59.28455" sp="0.05" color="silver" opacity="100"/>
<line xp1="42.99801" yp1="59.28455" xp2="42.99801" yp2="59.13585" sp="0.05" color="silver" opacity="100"/>
<line xp1="42.99801" yp1="59.13585" xp2="42.99799" yp2="58.40002" sp="0.05" color="silver" opacity="100"/>
<line xp1="42.99799" yp1="58.40002" xp2="42.99799" yp2="58.14063" sp="0.05" color="silver" opacity="100"/>
<line xp1="42.99799" yp1="58.14063" xp2="42.99799" yp2="58.10966" sp="0.05" color="silver" opacity="100"/>
<line xp1="42.99799" yp1="58.10966" xp2="42.99732" yp2="57.15165" sp="0.05" color="silver" opacity="100"/>
<line xp1="42.99732" yp1="57.15165" xp2="43.33514" yp2="57.15124" sp="0.05" color="silver" opacity="100"/>
<line xp1="43.33514" yp1="57.15124" xp2="43.78112" yp2="57.15031" sp="0.05" color="silver" opacity="100"/>
<line xp1="43.78112" yp1="57.15031" xp2="43.98303" yp2="57.15024" sp="0.05" color="silver" opacity="100"/>
<line xp1="43.98303" yp1="57.15024" xp2="44.11687" yp2="57.15019" sp="0.05" color="silver" opacity="100"/>
<line xp1="44.11687" yp1="57.15019" xp2="44.16309" yp2="57.15017" sp="0.05" color="silver" opacity="100"/>
<line xp1="44.16309" yp1="57.15017" xp2="44.52259" yp2="57.14945" sp="0.05" color="silver" opacity="100"/>
<line xp1="44.52259" yp1="57.14945" xp2="44.98642" yp2="57.14943" sp="0.05" color="silver" opacity="100"/>
<line xp1="44.98642" yp1="57.14943" xp2="45.01719" yp2="57.14932" sp="0.05" color="silver" opacity="100"/>
<line xp1="45.01719" yp1="57.14932" xp2="45.41997" yp2="57.14786" sp="0.05" color="silver" opacity="100"/>
<line xp1="45.41997" yp1="57.14786" xp2="45.85602" yp2="57.14735" sp="0.05" color="silver" opacity="100"/>
<line xp1="45.85602" yp1="57.14735" xp2="45.88031" yp2="57.14733" sp="0.05" color="silver" opacity="100"/>
<line xp1="45.88031" yp1="57.14733" xp2="46.44092" yp2="57.14686" sp="0.05" color="silver" opacity="100"/>
<line xp1="46.44092" yp1="57.14686" xp2="46.72576" yp2="57.14792" sp="0.05" color="silver" opacity="100"/>
<line xp1="46.72576" yp1="57.14792" xp2="46.73027" yp2="57.14794" sp="0.05" color="silver" opacity="100"/>
<line xp1="46.73027" yp1="57.14794" xp2="46.92032" yp2="57.14865" sp="0.05" color="silver" opacity="100"/>
<line xp1="46.92032" yp1="57.14865" xp2="47.41672" yp2="57.14888" sp="0.05" color="silver" opacity="100"/>
<line xp1="47.41672" yp1="57.14888" xp2="47.56062" yp2="57.14895" sp="0.05" color="silver" opacity="100"/>
<line xp1="47.56062" yp1="57.14895" xp2="47.58920" yp2="57.14898" sp="0.05" color="silver" opacity="100"/>
<line xp1="47.58920" yp1="57.14898" xp2="48.11327" yp2="57.14953" sp="0.05" color="silver" opacity="100"/>
<line xp1="48.11327" yp1="57.14953" xp2="48.28653" yp2="57.14971" sp="0.05" color="silver" opacity="100"/>
<line xp1="48.28653" yp1="57.14971" xp2="48.45468" yp2="57.14966" sp="0.05" color="silver" opacity="100"/>
<line xp1="48.45468" yp1="57.14966" xp2="48.80920" yp2="57.14954" sp="0.05" color="silver" opacity="100"/>
<line xp1="48.80920" yp1="57.14954" xp2="49.11379" yp2="57.14943" sp="0.05" color="silver" opacity="100"/>
<line xp1="49.11379" yp1="57.14943" xp2="49.33565" yp2="57.14925" sp="0.05" color="silver" opacity="100"/>
<line xp1="49.33565" yp1="57.14925" xp2="49.50538" yp2="57.14911" sp="0.05" color="silver" opacity="100"/>
<line xp1="49.50538" yp1="57.14911" xp2="49.57361" yp2="57.14905" sp="0.05" color="silver" opacity="100"/>
<line xp1="49.57361" yp1="57.14905" xp2="50.12949" yp2="57.14857" sp="0.05" color="silver" opacity="100"/>
<line xp1="50.12949" yp1="57.14857" xp2="50.20123" yp2="57.14840" sp="0.05" color="silver" opacity="100"/>
<line xp1="50.20123" yp1="57.14840" xp2="50.75513" yp2="57.14704" sp="0.05" color="silver" opacity="100"/>
<line xp1="50.75513" yp1="57.14704" xp2="50.89784" yp2="57.14701" sp="0.05" color="silver" opacity="100"/>
<line xp1="50.89784" yp1="57.14701" xp2="50.96337" yp2="57.14700" sp="0.05" color="silver" opacity="100"/>
<line xp1="50.96337" yp1="57.14700" xp2="51.06805" yp2="57.14677" sp="0.05" color="silver" opacity="100"/>
<line xp1="51.06805" yp1="57.14677" xp2="51.58470" yp2="57.14562" sp="0.05" color="silver" opacity="100"/>
<line xp1="51.58470" yp1="57.14562" xp2="51.59429" yp2="57.14560" sp="0.05" color="silver" opacity="100"/>
<line xp1="51.59429" yp1="57.14560" xp2="51.93968" yp2="57.14483" sp="0.05" color="silver" opacity="100"/>
<line xp1="51.93968" yp1="57.14483" xp2="51.93974" yp2="57.14483" sp="0.05" color="silver" opacity="100"/>
<line xp1="51.93974" yp1="57.14483" xp2="52.07021" yp2="57.14427" sp="0.05" color="silver" opacity="100"/>
<line xp1="52.07021" yp1="57.14427" xp2="52.27063" yp2="57.14491" sp="0.05" color="silver" opacity="100"/>
<line xp1="52.27063" yp1="57.14491" xp2="52.29126" yp2="57.14487" sp="0.05" color="silver" opacity="100"/>
<line xp1="52.29126" yp1="57.14487" xp2="52.63368" yp2="57.14419" sp="0.05" color="silver" opacity="100"/>
<line xp1="52.63368" yp1="57.14419" xp2="52.63912" yp2="57.14418" sp="0.05" color="silver" opacity="100"/>
<line xp1="52.63912" yp1="57.14418" xp2="53.32324" yp2="57.14294" sp="0.05" color="silver" opacity="100"/>
<line xp1="53.32324" yp1="57.14294" xp2="53.37186" yp2="57.14285" sp="0.05" color="silver" opacity="100"/>
<line xp1="53.37186" yp1="57.14285" xp2="53.30957" yp2="57.22656" sp="0.05" color="silver" opacity="100"/>
<line xp1="53.30957" yp1="57.22656" xp2="53.25699" yp2="57.22032" sp="0.05" color="silver" opacity="100"/>
<line xp1="53.25699" yp1="57.22032" xp2="53.20810" yp2="57.34234" sp="0.05" color="silver" opacity="100"/>
<line xp1="53.20810" yp1="57.34234" xp2="53.23967" yp2="57.45218" sp="0.05" color="silver" opacity="100"/>
<line xp1="53.23967" yp1="57.45218" xp2="53.18128" yp2="57.54579" sp="0.05" color="silver" opacity="100"/>
<line xp1="53.18128" yp1="57.54579" xp2="53.10612" yp2="57.68150" sp="0.05" color="silver" opacity="100"/>
<line xp1="53.10612" yp1="57.68150" xp2="53.11916" yp2="57.81737" sp="0.05" color="silver" opacity="100"/>
<line xp1="53.11916" yp1="57.81737" xp2="53.00437" yp2="57.88305" sp="0.05" color="silver" opacity="100"/>
<line xp1="53.00437" yp1="57.88305" xp2="53.00328" yp2="57.89367" sp="0.05" color="silver" opacity="100"/>
<line xp1="53.00328" yp1="57.89367" xp2="53.00280" yp2="57.89833" sp="0.05" color="silver" opacity="100"/>
<line xp1="53.00280" yp1="57.89833" xp2="52.99494" yp2="57.97474" sp="0.05" color="silver" opacity="100"/>
<line xp1="52.99494" yp1="57.97474" xp2="52.92514" yp2="58.02803" sp="0.05" color="silver" opacity="100"/>
<line xp1="52.92514" yp1="58.02803" xp2="52.84042" yp2="58.06452" sp="0.05" color="silver" opacity="100"/>
<line xp1="52.84042" yp1="58.06452" xp2="52.85996" yp2="58.18971" sp="0.05" color="silver" opacity="100"/>
<line xp1="52.85996" yp1="58.18971" xp2="52.84705" yp2="58.27471" sp="0.05" color="silver" opacity="100"/>
<line xp1="52.84705" yp1="58.27471" xp2="52.79329" yp2="58.46676" sp="0.05" color="silver" opacity="100"/>
<line xp1="52.79329" yp1="58.46676" xp2="52.77734" yp2="58.55315" sp="0.05" color="silver" opacity="100"/>
<line xp1="52.77734" yp1="58.55315" xp2="52.75034" yp2="58.63930" sp="0.05" color="silver" opacity="100"/>
<line xp1="52.75034" yp1="58.63930" xp2="52.74724" yp2="58.64917" sp="0.05" color="silver" opacity="100"/>
<line xp1="52.74724" yp1="58.64917" xp2="52.68137" yp2="58.64569" sp="0.05" color="silver" opacity="100"/>
<line xp1="52.68137" yp1="58.64569" xp2="52.66824" yp2="58.81488" sp="0.05" color="silver" opacity="100"/>
<line xp1="52.66824" yp1="58.81488" xp2="52.69442" yp2="58.86673" sp="0.05" color="silver" opacity="100"/>
<line xp1="52.69442" yp1="58.86673" xp2="52.64322" yp2="59.00935" sp="0.05" color="silver" opacity="100"/>
<line xp1="52.64322" yp1="59.00935" xp2="52.54456" yp2="59.09316" sp="0.05" color="silver" opacity="100"/>
<line xp1="52.54456" yp1="59.09316" xp2="52.47893" yp2="59.24655" sp="0.05" color="silver" opacity="100"/>
<line xp1="52.47893" yp1="59.24655" xp2="52.56284" yp2="59.38005" sp="0.05" color="silver" opacity="100"/>
<line xp1="52.56284" yp1="59.38005" xp2="52.56270" yp2="59.38224" sp="0.05" color="silver" opacity="100"/>
<line xp1="52.56270" yp1="59.38224" xp2="52.55183" yp2="59.55887" sp="0.05" color="silver" opacity="100"/>
<line xp1="52.55183" yp1="59.55887" xp2="52.59891" yp2="59.67623" sp="0.05" color="silver" opacity="100"/>
<line xp1="52.59891" yp1="59.67623" xp2="52.58657" yp2="59.70842" sp="0.05" color="silver" opacity="100"/>
<line xp1="52.58657" yp1="59.70842" xp2="52.55727" yp2="59.78489" sp="0.05" color="silver" opacity="100"/>
<line xp1="52.55727" yp1="59.78489" xp2="52.57180" yp2="59.92108" sp="0.05" color="silver" opacity="100"/>
<line xp1="52.57180" yp1="59.92108" xp2="52.51403" yp2="60.04972" sp="0.05" color="silver" opacity="100"/>
<line xp1="52.51403" yp1="60.04972" xp2="52.51572" yp2="60.15099" sp="0.05" color="silver" opacity="100"/>
<line xp1="52.51572" yp1="60.15099" xp2="52.51717" yp2="60.23859" sp="0.05" color="silver" opacity="100"/>
<line xp1="52.51717" yp1="60.23859" xp2="52.50971" yp2="60.35628" sp="0.05" color="silver" opacity="100"/>
<line xp1="52.50971" yp1="60.35628" xp2="52.52016" yp2="60.45801" sp="0.05" color="silver" opacity="100"/>
<line xp1="52.52016" yp1="60.45801" xp2="52.52802" yp2="60.53457" sp="0.05" color="silver" opacity="100"/>
<line xp1="52.52802" yp1="60.53457" xp2="52.44663" yp2="60.52685" sp="0.05" color="silver" opacity="100"/>
<line xp1="52.44663" yp1="60.52685" xp2="52.44629" yp2="60.54692" sp="0.05" color="silver" opacity="100"/>
<line xp1="52.44629" yp1="60.54692" xp2="52.44401" yp2="60.67999" sp="0.05" color="silver" opacity="100"/>
<line xp1="52.44401" yp1="60.67999" xp2="52.47669" yp2="60.79517" sp="0.05" color="silver" opacity="100"/>
<line xp1="52.47669" yp1="60.79517" xp2="52.42202" yp2="60.92056" sp="0.05" color="silver" opacity="100"/>
<line xp1="52.42202" yp1="60.92056" xp2="52.41725" yp2="61.05742" sp="0.05" color="silver" opacity="100"/>
<line xp1="52.41725" yp1="61.05742" xp2="52.41948" yp2="61.11425" sp="0.05" color="silver" opacity="100"/>
<line xp1="52.41948" yp1="61.11425" xp2="52.42688" yp2="61.30219" sp="0.05" color="silver" opacity="100"/>
<line xp1="52.42688" yp1="61.30219" xp2="52.33390" yp2="61.34222" sp="0.05" color="silver" opacity="100"/>
<line xp1="52.33390" yp1="61.34222" xp2="52.31689" yp2="61.44826" sp="0.05" color="silver" opacity="100"/>
<line xp1="52.31689" yp1="61.44826" xp2="52.29988" yp2="61.55430" sp="0.05" color="silver" opacity="100"/>
<line xp1="52.29988" yp1="61.55430" xp2="52.18386" yp2="61.50914" sp="0.05" color="silver" opacity="100"/>
<line xp1="52.18386" yp1="61.50914" xp2="52.16643" yp2="61.60310" sp="0.05" color="silver" opacity="100"/>
<line xp1="52.16643" yp1="61.60310" xp2="52.12599" yp2="61.75284" sp="0.05" color="silver" opacity="100"/>
<line xp1="52.12599" yp1="61.75284" xp2="52.13618" yp2="61.91014" sp="0.05" color="silver" opacity="100"/>
<line xp1="52.13618" yp1="61.91014" xp2="52.14163" yp2="61.93288" sp="0.05" color="silver" opacity="100"/>
<line xp1="52.14163" yp1="61.93288" xp2="52.17292" yp2="62.06337" sp="0.05" color="silver" opacity="100"/>
<line xp1="52.17292" yp1="62.06337" xp2="52.20840" yp2="62.26572" sp="0.05" color="silver" opacity="100"/>
<line xp1="52.20840" yp1="62.26572" xp2="52.14168" yp2="62.40097" sp="0.05" color="silver" opacity="100"/>
<line xp1="52.14168" yp1="62.40097" xp2="52.11258" yp2="62.47456" sp="0.05" color="silver" opacity="100"/>
<line xp1="52.11258" yp1="62.47456" xp2="52.06293" yp2="62.60016" sp="0.05" color="silver" opacity="100"/>
<line xp1="52.06293" yp1="62.60016" xp2="52.10379" yp2="62.78464" sp="0.05" color="silver" opacity="100"/>
<line xp1="52.10379" yp1="62.78464" xp2="51.96368" yp2="62.92186" sp="0.05" color="silver" opacity="100"/>
<line xp1="51.96368" yp1="62.92186" xp2="51.88788" yp2="62.99211" sp="0.05" color="silver" opacity="100"/>
<line xp1="51.88788" yp1="62.99211" xp2="51.89400" yp2="63.18169" sp="0.05" color="silver" opacity="100"/>
<line xp1="51.89400" yp1="63.18169" xp2="51.77269" yp2="63.33373" sp="0.05" color="silver" opacity="100"/>
<line xp1="51.77269" yp1="63.33373" xp2="51.78890" yp2="63.47100" sp="0.05" color="silver" opacity="100"/>
<line xp1="51.78890" yp1="63.47100" xp2="51.79027" yp2="63.48263" sp="0.05" color="silver" opacity="100"/>
<line xp1="51.79027" yp1="63.48263" xp2="51.79076" yp2="63.61373" sp="0.05" color="silver" opacity="100"/>
<line xp1="51.79076" yp1="63.61373" xp2="51.76622" yp2="63.65970" sp="0.05" color="silver" opacity="100"/>
<line xp1="51.76622" yp1="63.65970" xp2="51.68000" yp2="63.82117" sp="0.05" color="silver" opacity="100"/>
<line xp1="51.68000" yp1="63.82117" xp2="51.67414" yp2="64.03113" sp="0.05" color="silver" opacity="100"/>
<line xp1="51.67414" yp1="64.03113" xp2="51.72107" yp2="64.17627" sp="0.05" color="silver" opacity="100"/>
<line xp1="51.72107" yp1="64.17627" xp2="51.62230" yp2="64.25894" sp="0.05" color="silver" opacity="100"/>
<line xp1="51.62230" yp1="64.25894" xp2="51.53643" yp2="64.23643" sp="0.05" color="silver" opacity="100"/>
<line xp1="51.53643" yp1="64.23643" xp2="51.49978" yp2="64.31495" sp="0.05" color="silver" opacity="100"/>
<line xp1="51.49978" yp1="64.31495" xp2="51.36694" yp2="64.30311" sp="0.05" color="silver" opacity="100"/>
<line xp1="51.36694" yp1="64.30311" xp2="51.34162" yp2="64.36313" sp="0.05" color="silver" opacity="100"/>
<line xp1="51.34162" yp1="64.36313" xp2="51.29422" yp2="64.47550" sp="0.05" color="silver" opacity="100"/>
<line xp1="51.29422" yp1="64.47550" xp2="51.21646" yp2="64.58215" sp="0.05" color="silver" opacity="100"/>
<line xp1="51.21646" yp1="64.58215" xp2="51.23440" yp2="64.74041" sp="0.05" color="silver" opacity="100"/>
<line xp1="51.23440" yp1="64.74041" xp2="51.11049" yp2="64.75141" sp="0.05" color="silver" opacity="100"/>
<line xp1="51.11049" yp1="64.75141" xp2="51.07438" yp2="64.85364" sp="0.05" color="silver" opacity="100"/>
<line xp1="51.07438" yp1="64.85364" xp2="51.06558" yp2="64.85908" sp="0.05" color="silver" opacity="100"/>
<line xp1="51.06558" yp1="64.85908" xp2="50.91262" yp2="64.95371" sp="0.05" color="silver" opacity="100"/>
<line xp1="50.91262" yp1="64.95371" xp2="50.82203" yp2="64.92723" sp="0.05" color="silver" opacity="100"/>
<line xp1="50.82203" yp1="64.92723" xp2="50.74518" yp2="65.01864" sp="0.05" color="silver" opacity="100"/>
<line xp1="50.74518" yp1="65.01864" xp2="50.73100" yp2="65.03551" sp="0.05" color="silver" opacity="100"/>
<line xp1="50.73100" yp1="65.03551" xp2="50.56718" yp2="65.06265" sp="0.05" color="silver" opacity="100"/>
<line xp1="50.56718" yp1="65.06265" xp2="50.51528" yp2="65.11890" sp="0.05" color="silver" opacity="100"/>
<line xp1="50.51528" yp1="65.11890" xp2="50.44007" yp2="65.20041" sp="0.05" color="silver" opacity="100"/>
<line xp1="50.44007" yp1="65.20041" xp2="50.40328" yp2="65.29468" sp="0.05" color="silver" opacity="100"/>
<line xp1="50.40328" yp1="65.29468" xp2="50.30450" yp2="65.33046" sp="0.05" color="silver" opacity="100"/>
<line xp1="50.30450" yp1="65.33046" xp2="50.24434" yp2="65.30252" sp="0.05" color="silver" opacity="100"/>
<line xp1="50.24434" yp1="65.30252" xp2="50.12759" yp2="65.33119" sp="0.05" color="silver" opacity="100"/>
<line xp1="50.12759" yp1="65.33119" xp2="50.07357" yp2="65.27442" sp="0.05" color="silver" opacity="100"/>
<line xp1="50.07357" yp1="65.27442" xp2="50.02320" yp2="65.28572" sp="0.05" color="silver" opacity="100"/>
<line xp1="50.02320" yp1="65.28572" xp2="49.97546" yp2="65.29643" sp="0.05" color="silver" opacity="100"/>
<line xp1="49.97546" yp1="65.29643" xp2="49.84729" yp2="65.30351" sp="0.05" color="silver" opacity="100"/>
<line xp1="49.84729" yp1="65.30351" xp2="49.79163" yp2="65.29088" sp="0.05" color="silver" opacity="100"/>
<line xp1="49.79163" yp1="65.29088" xp2="49.69072" yp2="65.26799" sp="0.05" color="silver" opacity="100"/>
<line xp1="49.69072" yp1="65.26799" xp2="49.53639" yp2="65.30858" sp="0.05" color="silver" opacity="100"/>
<line xp1="49.53639" yp1="65.30858" xp2="49.44930" yp2="65.32884" sp="0.05" color="silver" opacity="100"/>
<line xp1="49.44930" yp1="65.32884" xp2="49.42017" yp2="65.29332" sp="0.05" color="silver" opacity="100"/>
<line xp1="49.42017" yp1="65.29332" xp2="49.37692" yp2="65.13963" sp="0.05" color="silver" opacity="100"/>
<line xp1="49.37692" yp1="65.13963" xp2="49.30747" yp2="65.05605" sp="0.05" color="silver" opacity="100"/>
<line xp1="49.30747" yp1="65.05605" xp2="49.17687" yp2="65.04059" sp="0.05" color="silver" opacity="100"/>
<line xp1="49.17687" yp1="65.04059" xp2="49.06969" yp2="65.16707" sp="0.05" color="silver" opacity="100"/>
<line xp1="49.06969" yp1="65.16707" xp2="49.00298" yp2="65.25718" sp="0.05" color="silver" opacity="100"/>
<line xp1="49.00298" yp1="65.25718" xp2="48.99602" yp2="65.26044" sp="0.05" color="silver" opacity="100"/>
<line xp1="48.99602" yp1="65.26044" xp2="48.87397" yp2="65.31754" sp="0.05" color="silver" opacity="100"/>
<line xp1="48.87397" yp1="65.31754" xp2="48.79999" yp2="65.35713" sp="0.05" color="silver" opacity="100"/>
<line xp1="48.79999" yp1="65.35713" xp2="48.75664" yp2="65.38997" sp="0.05" color="silver" opacity="100"/>
<line xp1="48.75664" yp1="65.38997" xp2="48.63624" yp2="65.48116" sp="0.05" color="silver" opacity="100"/>
<line xp1="48.63624" yp1="65.48116" xp2="48.56230" yp2="65.51208" sp="0.05" color="silver" opacity="100"/>
<line xp1="48.56230" yp1="65.51208" xp2="48.49397" yp2="65.61011" sp="0.05" color="silver" opacity="100"/>
<line xp1="48.49397" yp1="65.61011" xp2="48.46377" yp2="65.71017" sp="0.05" color="silver" opacity="100"/>
<line xp1="48.46377" yp1="65.71017" xp2="47.92617" yp2="65.70930" sp="0.05" color="silver" opacity="100"/>
<line xp1="47.92617" yp1="65.70930" xp2="47.30084" yp2="65.70920" sp="0.05" color="silver" opacity="100"/>
<line xp1="47.30084" yp1="65.70920" xp2="46.87068" yp2="65.70914" sp="0.05" color="silver" opacity="100"/>
<line xp1="46.87068" yp1="65.70914" xp2="46.38456" yp2="65.70906" sp="0.05" color="silver" opacity="100"/>
<line xp1="46.38456" yp1="65.70906" xp2="45.84860" yp2="65.70851" sp="0.05" color="silver" opacity="100"/>
<line xp1="45.84860" yp1="65.70851" xp2="45.84859" yp2="65.70851" sp="0.05" color="silver" opacity="100"/>
<line xp1="45.84859" yp1="65.70851" xp2="44.61472" yp2="65.70723" sp="0.05" color="silver" opacity="100"/>
<line xp1="44.61472" yp1="65.70723" xp2="44.26459" yp2="65.70820" sp="0.05" color="silver" opacity="100"/>
<line xp1="44.26459" yp1="65.70820" xp2="42.95002" yp2="65.71183" sp="0.05" color="silver" opacity="100"/>
<line xp1="42.95002" yp1="65.71183" xp2="42.94993" yp2="65.71183" sp="0.05" color="silver" opacity="100"/>
<line xp1="42.94993" yp1="65.71183" xp2="42.44825" yp2="65.71322" sp="0.05" color="silver" opacity="100"/>
<line xp1="42.44825" yp1="65.71322" xp2="41.85829" yp2="65.71439" sp="0.05" color="silver" opacity="100"/>
<line xp1="41.85829" yp1="65.71439" xp2="41.53752" yp2="65.71503" sp="0.05" color="silver" opacity="100"/>
<line xp1="41.53752" yp1="65.71503" xp2="40.80595" yp2="65.71648" sp="0.05" color="silver" opacity="100"/>
<line xp1="40.80595" yp1="65.71648" xp2="40.76138" yp2="65.71645" sp="0.05" color="silver" opacity="100"/>
<line xp1="40.76138" yp1="65.71645" xp2="39.91827" yp2="65.71596" sp="0.05" color="silver" opacity="100"/>
<line xp1="39.91827" yp1="65.71596" xp2="39.91910" yp2="64.65976" sp="0.05" color="silver" opacity="100"/>
<line xp1="39.91910" yp1="64.65976" xp2="39.91898" yp2="64.60505" sp="0.05" color="silver" opacity="100"/>
<line xp1="39.91898" yp1="64.60505" xp2="39.91830" yp2="64.28561" sp="0.05" color="silver" opacity="100"/>
<line xp1="39.91830" yp1="64.28561" xp2="39.91878" yp2="63.57132" sp="0.05" color="silver" opacity="100"/>
<line xp1="39.91878" yp1="63.57132" xp2="39.91888" yp2="62.90377" sp="0.05" color="silver" opacity="100"/>
<line xp1="39.91888" yp1="62.90377" xp2="39.91883" yp2="62.86222" sp="0.05" color="silver" opacity="100"/>
<line xp1="39.91883" yp1="62.86222" xp2="39.91842" yp2="62.52990" sp="0.05" color="silver" opacity="100"/>
<line xp1="39.91842" yp1="62.52990" xp2="39.91873" yp2="61.99378" sp="0.05" color="silver" opacity="100"/>
<line xp1="39.91873" yp1="61.99378" xp2="39.91887" yp2="61.75336" sp="0.05" color="silver" opacity="100"/>
<line xp1="39.91887" yp1="61.75336" xp2="39.91902" yp2="61.61222" sp="0.05" color="silver" opacity="100"/>
<line xp1="39.91902" yp1="61.61222" xp2="39.91956" yp2="61.12373" sp="0.05" color="silver" opacity="100"/>
<line xp1="39.91956" yp1="61.12373" xp2="39.91956" yp2="61.12347" sp="0.05" color="silver" opacity="100"/>
<line xp1="39.91956" yp1="61.12347" xp2="39.91930" yp2="60.79486" sp="0.05" color="silver" opacity="100"/>
<line xp1="39.91930" yp1="60.79486" xp2="39.91824" yp2="60.32702" sp="0.05" color="silver" opacity="100"/>
<line xp1="39.91824" yp1="60.32702" xp2="39.91824" yp2="60.32702" sp="0.05" color="silver" opacity="100"/>
<line xp1="15.37724" yp1="55.18993" xp2="15.37670" yp2="55.11788" sp="0.05" color="silver" opacity="100"/>
<line xp1="15.37670" yp1="55.11788" xp2="15.37944" yp2="54.75893" sp="0.05" color="silver" opacity="100"/>
<line xp1="15.37944" yp1="54.75893" xp2="15.38059" yp2="54.60768" sp="0.05" color="silver" opacity="100"/>
<line xp1="15.38059" yp1="54.60768" xp2="15.38158" yp2="54.47856" sp="0.05" color="silver" opacity="100"/>
<line xp1="15.38158" yp1="54.47856" xp2="15.38306" yp2="54.28450" sp="0.05" color="silver" opacity="100"/>
<line xp1="15.38306" yp1="54.28450" xp2="15.53182" yp2="54.09521" sp="0.05" color="silver" opacity="100"/>
<line xp1="15.53182" yp1="54.09521" xp2="16.01896" yp2="53.47067" sp="0.05" color="silver" opacity="100"/>
<line xp1="16.01896" yp1="53.47067" xp2="16.02245" yp2="53.46615" sp="0.05" color="silver" opacity="100"/>
<line xp1="16.02245" yp1="53.46615" xp2="16.41482" yp2="52.95860" sp="0.05" color="silver" opacity="100"/>
<line xp1="16.41482" yp1="52.95860" xp2="16.49344" yp2="52.85690" sp="0.05" color="silver" opacity="100"/>
<line xp1="16.49344" yp1="52.85690" xp2="16.68336" yp2="52.60972" sp="0.05" color="silver" opacity="100"/>
<line xp1="16.68336" yp1="52.60972" xp2="17.00050" yp2="52.19697" sp="0.05" color="silver" opacity="100"/>
<line xp1="17.00050" yp1="52.19697" xp2="17.69083" yp2="51.28291" sp="0.05" color="silver" opacity="100"/>
<line xp1="17.69083" yp1="51.28291" xp2="17.80308" yp2="51.13207" sp="0.05" color="silver" opacity="100"/>
<line xp1="17.80308" yp1="51.13207" xp2="18.42741" yp2="50.29309" sp="0.05" color="silver" opacity="100"/>
<line xp1="18.42741" yp1="50.29309" xp2="18.71769" yp2="49.89983" sp="0.05" color="silver" opacity="100"/>
<line xp1="18.71769" yp1="49.89983" xp2="18.95291" yp2="49.58114" sp="0.05" color="silver" opacity="100"/>
<line xp1="18.95291" yp1="49.58114" xp2="19.62320" yp2="48.65784" sp="0.05" color="silver" opacity="100"/>
<line xp1="19.62320" yp1="48.65784" xp2="19.74461" yp2="48.48916" sp="0.05" color="silver" opacity="100"/>
<line xp1="19.74461" yp1="48.48916" xp2="19.99862" yp2="48.13627" sp="0.05" color="silver" opacity="100"/>
<line xp1="19.99862" yp1="48.13627" xp2="20.78733" yp2="47.02599" sp="0.05" color="silver" opacity="100"/>
<line xp1="20.78733" yp1="47.02599" xp2="20.96019" yp2="46.77875" sp="0.05" color="silver" opacity="100"/>
<line xp1="20.96019" yp1="46.77875" xp2="21.39446" yp2="46.15944" sp="0.05" color="silver" opacity="100"/>
<line xp1="21.39446" yp1="46.15944" xp2="21.70312" yp2="45.71419" sp="0.05" color="silver" opacity="100"/>
<line xp1="21.70312" yp1="45.71419" xp2="21.77521" yp2="45.61015" sp="0.05" color="silver" opacity="100"/>
<line xp1="21.77521" yp1="45.61015" xp2="22.07995" yp2="45.17037" sp="0.05" color="silver" opacity="100"/>
<line xp1="22.07995" yp1="45.17037" xp2="22.08049" yp2="45.16959" sp="0.05" color="silver" opacity="100"/>
<line xp1="22.08049" yp1="45.16959" xp2="22.45456" yp2="44.62173" sp="0.05" color="silver" opacity="100"/>
<line xp1="22.45456" yp1="44.62173" xp2="22.60963" yp2="44.39488" sp="0.05" color="silver" opacity="100"/>
<line xp1="22.60963" yp1="44.39488" xp2="22.83066" yp2="44.06894" sp="0.05" color="silver" opacity="100"/>
<line xp1="22.83066" yp1="44.06894" xp2="23.00952" yp2="43.80575" sp="0.05" color="silver" opacity="100"/>
<line xp1="23.00952" yp1="43.80575" xp2="23.37808" yp2="43.25625" sp="0.05" color="silver" opacity="100"/>
<line xp1="23.37808" yp1="43.25625" xp2="23.64079" yp2="42.86245" sp="0.05" color="silver" opacity="100"/>
<line xp1="23.64079" yp1="42.86245" xp2="23.65374" yp2="43.05279" sp="0.05" color="silver" opacity="100"/>
<line xp1="23.65374" yp1="43.05279" xp2="23.66168" yp2="43.20466" sp="0.05" color="silver" opacity="100"/>
<line xp1="23.66168" yp1="43.20466" xp2="23.69366" yp2="43.20300" sp="0.05" color="silver" opacity="100"/>
<line xp1="23.69366" yp1="43.20300" xp2="23.73424" yp2="43.25350" sp="0.05" color="silver" opacity="100"/>
<line xp1="23.73424" yp1="43.25350" xp2="23.71211" yp2="43.60679" sp="0.05" color="silver" opacity="100"/>
<line xp1="23.71211" yp1="43.60679" xp2="23.65056" yp2="44.02715" sp="0.05" color="silver" opacity="100"/>
<line xp1="23.65056" yp1="44.02715" xp2="23.59308" yp2="44.14142" sp="0.05" color="silver" opacity="100"/>
<line xp1="23.59308" yp1="44.14142" xp2="23.59522" yp2="44.35569" sp="0.05" color="silver" opacity="100"/>
<line xp1="23.59522" yp1="44.35569" xp2="23.61014" yp2="44.60225" sp="0.05" color="silver" opacity="100"/>
<line xp1="23.61014" yp1="44.60225" xp2="23.55476" yp2="44.71832" sp="0.05" color="silver" opacity="100"/>
<line xp1="23.55476" yp1="44.71832" xp2="23.54260" yp2="44.95339" sp="0.05" color="silver" opacity="100"/>
<line xp1="23.54260" yp1="44.95339" xp2="23.53275" yp2="45.18453" sp="0.05" color="silver" opacity="100"/>
<line xp1="23.53275" yp1="45.18453" xp2="23.58510" yp2="45.32881" sp="0.05" color="silver" opacity="100"/>
<line xp1="23.58510" yp1="45.32881" xp2="23.53804" yp2="45.43363" sp="0.05" color="silver" opacity="100"/>
<line xp1="23.53804" yp1="45.43363" xp2="23.49052" yp2="45.55405" sp="0.05" color="silver" opacity="100"/>
<line xp1="23.49052" yp1="45.55405" xp2="23.47265" yp2="45.74275" sp="0.05" color="silver" opacity="100"/>
<line xp1="23.47265" yp1="45.74275" xp2="23.47185" yp2="45.90267" sp="0.05" color="silver" opacity="100"/>
<line xp1="23.47185" yp1="45.90267" xp2="23.47178" yp2="45.91581" sp="0.05" color="silver" opacity="100"/>
<line xp1="23.47178" yp1="45.91581" xp2="23.48282" yp2="46.01248" sp="0.05" color="silver" opacity="100"/>
<line xp1="23.48282" yp1="46.01248" xp2="23.58994" yp2="46.04955" sp="0.05" color="silver" opacity="100"/>
<line xp1="23.58994" yp1="46.04955" xp2="23.64945" yp2="46.11718" sp="0.05" color="silver" opacity="100"/>
<line xp1="23.64945" yp1="46.11718" xp2="23.73534" yp2="46.14746" sp="0.05" color="silver" opacity="100"/>
<line xp1="23.73534" yp1="46.14746" xp2="23.82812" yp2="46.14559" sp="0.05" color="silver" opacity="100"/>
<line xp1="23.82812" yp1="46.14559" xp2="23.86610" yp2="46.08399" sp="0.05" color="silver" opacity="100"/>
<line xp1="23.86610" yp1="46.08399" xp2="23.92515" yp2="46.07546" sp="0.05" color="silver" opacity="100"/>
<line xp1="23.92515" yp1="46.07546" xp2="23.97392" yp2="46.13075" sp="0.05" color="silver" opacity="100"/>
<line xp1="23.97392" yp1="46.13075" xp2="24.04291" yp2="46.12318" sp="0.05" color="silver" opacity="100"/>
<line xp1="24.04291" yp1="46.12318" xp2="24.09650" yp2="46.02291" sp="0.05" color="silver" opacity="100"/>
<line xp1="24.09650" yp1="46.02291" xp2="24.12906" yp2="45.89460" sp="0.05" color="silver" opacity="100"/>
<line xp1="24.12906" yp1="45.89460" xp2="24.19901" yp2="45.81634" sp="0.05" color="silver" opacity="100"/>
<line xp1="24.19901" yp1="45.81634" xp2="24.28663" yp2="45.75889" sp="0.05" color="silver" opacity="100"/>
<line xp1="24.28663" yp1="45.75889" xp2="24.38196" yp2="45.78447" sp="0.05" color="silver" opacity="100"/>
<line xp1="24.38196" yp1="45.78447" xp2="24.40276" yp2="45.86617" sp="0.05" color="silver" opacity="100"/>
<line xp1="24.40276" yp1="45.86617" xp2="24.46174" yp2="46.06187" sp="0.05" color="silver" opacity="100"/>
<line xp1="24.46174" yp1="46.06187" xp2="24.54333" yp2="46.26877" sp="0.05" color="silver" opacity="100"/>
<line xp1="24.54333" yp1="46.26877" xp2="24.54119" yp2="46.48250" sp="0.05" color="silver" opacity="100"/>
<line xp1="24.54119" yp1="46.48250" xp2="24.54218" yp2="46.64449" sp="0.05" color="silver" opacity="100"/>
<line xp1="24.54218" yp1="46.64449" xp2="24.53924" yp2="47.44017" sp="0.05" color="silver" opacity="100"/>
<line xp1="24.53924" yp1="47.44017" xp2="24.53821" yp2="48.12326" sp="0.05" color="silver" opacity="100"/>
<line xp1="24.53821" yp1="48.12326" xp2="24.53754" yp2="48.57256" sp="0.05" color="silver" opacity="100"/>
<line xp1="24.53754" yp1="48.57256" xp2="24.53577" yp2="48.82410" sp="0.05" color="silver" opacity="100"/>
<line xp1="24.53577" yp1="48.82410" xp2="24.53542" yp2="49.38432" sp="0.05" color="silver" opacity="100"/>
<line xp1="24.53542" yp1="49.38432" xp2="24.53431" yp2="49.97718" sp="0.05" color="silver" opacity="100"/>
<line xp1="24.53431" yp1="49.97718" xp2="24.53466" yp2="50.29936" sp="0.05" color="silver" opacity="100"/>
<line xp1="24.53466" yp1="50.29936" xp2="24.53580" yp2="50.70285" sp="0.05" color="silver" opacity="100"/>
<line xp1="24.53580" yp1="50.70285" xp2="24.53899" yp2="51.08962" sp="0.05" color="silver" opacity="100"/>
<line xp1="24.53899" yp1="51.08962" xp2="24.53861" yp2="51.85315" sp="0.05" color="silver" opacity="100"/>
<line xp1="24.53861" yp1="51.85315" xp2="24.53861" yp2="51.85361" sp="0.05" color="silver" opacity="100"/>
<line xp1="24.53861" yp1="51.85361" xp2="24.53825" yp2="52.14274" sp="0.05" color="silver" opacity="100"/>
<line xp1="24.53825" yp1="52.14274" xp2="24.53828" yp2="52.58439" sp="0.05" color="silver" opacity="100"/>
<line xp1="24.53828" yp1="52.58439" xp2="24.53822" yp2="53.06549" sp="0.05" color="silver" opacity="100"/>
<line xp1="24.53822" yp1="53.06549" xp2="24.53823" yp2="53.06564" sp="0.05" color="silver" opacity="100"/>
<line xp1="24.53823" yp1="53.06564" xp2="24.53933" yp2="53.36389" sp="0.05" color="silver" opacity="100"/>
<line xp1="24.53933" yp1="53.36389" xp2="24.54146" yp2="53.93912" sp="0.05" color="silver" opacity="100"/>
<line xp1="24.54146" yp1="53.93912" xp2="24.53984" yp2="54.30145" sp="0.05" color="silver" opacity="100"/>
<line xp1="24.53984" yp1="54.30145" xp2="24.54296" yp2="55.71412" sp="0.05" color="silver" opacity="100"/>
<line xp1="24.54296" yp1="55.71412" xp2="24.54280" yp2="55.83641" sp="0.05" color="silver" opacity="100"/>
<line xp1="24.54280" yp1="55.83641" xp2="24.54187" yp2="56.55474" sp="0.05" color="silver" opacity="100"/>
<line xp1="24.54187" yp1="56.55474" xp2="24.54266" yp2="56.87457" sp="0.05" color="silver" opacity="100"/>
<line xp1="24.54266" yp1="56.87457" xp2="24.54402" yp2="57.42256" sp="0.05" color="silver" opacity="100"/>
<line xp1="24.54402" yp1="57.42256" xp2="24.54404" yp2="57.47696" sp="0.05" color="silver" opacity="100"/>
<line xp1="24.54404" yp1="57.47696" xp2="24.54434" yp2="58.28089" sp="0.05" color="silver" opacity="100"/>
<line xp1="24.54434" yp1="58.28089" xp2="24.54527" yp2="58.55943" sp="0.05" color="silver" opacity="100"/>
<line xp1="24.54527" yp1="58.55943" xp2="24.54845" yp2="59.21798" sp="0.05" color="silver" opacity="100"/>
<line xp1="24.54845" yp1="59.21798" xp2="24.55055" yp2="59.99970" sp="0.05" color="silver" opacity="100"/>
<line xp1="24.55055" yp1="59.99970" xp2="24.55055" yp2="59.99979" sp="0.05" color="silver" opacity="100"/>
<line xp1="24.55055" yp1="59.99979" xp2="24.55162" yp2="60.59358" sp="0.05" color="silver" opacity="100"/>
<line xp1="24.55162" yp1="60.59358" xp2="24.55349" yp2="61.40483" sp="0.05" color="silver" opacity="100"/>
<line xp1="24.55349" yp1="61.40483" xp2="24.55400" yp2="62.15366" sp="0.05" color="silver" opacity="100"/>
<line xp1="24.55400" yp1="62.15366" xp2="24.55120" yp2="62.83920" sp="0.05" color="silver" opacity="100"/>
<line xp1="24.55120" yp1="62.83920" xp2="24.18185" yp2="62.84061" sp="0.05" color="silver" opacity="100"/>
<line xp1="24.18185" yp1="62.84061" xp2="24.18176" yp2="62.84061" sp="0.05" color="silver" opacity="100"/>
<line xp1="24.18176" yp1="62.84061" xp2="23.69497" yp2="62.84146" sp="0.05" color="silver" opacity="100"/>
<line xp1="23.69497" yp1="62.84146" xp2="23.23198" yp2="62.85688" sp="0.05" color="silver" opacity="100"/>
<line xp1="23.23198" yp1="62.85688" xp2="23.01829" yp2="62.85324" sp="0.05" color="silver" opacity="100"/>
<line xp1="23.01829" yp1="62.85324" xp2="22.59404" yp2="62.84601" sp="0.05" color="silver" opacity="100"/>
<line xp1="22.59404" yp1="62.84601" xp2="22.11398" yp2="62.84976" sp="0.05" color="silver" opacity="100"/>
<line xp1="22.11398" yp1="62.84976" xp2="21.73818" yp2="62.84790" sp="0.05" color="silver" opacity="100"/>
<line xp1="21.73818" yp1="62.84790" xp2="21.02652" yp2="62.84938" sp="0.05" color="silver" opacity="100"/>
<line xp1="21.02652" yp1="62.84938" xp2="20.57547" yp2="62.84965" sp="0.05" color="silver" opacity="100"/>
<line xp1="20.57547" yp1="62.84965" xp2="19.97200" yp2="62.85669" sp="0.05" color="silver" opacity="100"/>
<line xp1="19.97200" yp1="62.85669" xp2="19.95970" yp2="62.85683" sp="0.05" color="silver" opacity="100"/>
<line xp1="19.95970" yp1="62.85683" xp2="19.69570" yp2="62.85823" sp="0.05" color="silver" opacity="100"/>
<line xp1="19.69570" yp1="62.85823" xp2="19.37906" yp2="62.85511" sp="0.05" color="silver" opacity="100"/>
<line xp1="19.37906" yp1="62.85511" xp2="19.04041" yp2="62.85276" sp="0.05" color="silver" opacity="100"/>
<line xp1="19.04041" yp1="62.85276" xp2="18.65620" yp2="62.85239" sp="0.05" color="silver" opacity="100"/>
<line xp1="18.65620" yp1="62.85239" xp2="18.15817" yp2="62.84856" sp="0.05" color="silver" opacity="100"/>
<line xp1="18.15817" yp1="62.84856" xp2="18.15789" yp2="62.84855" sp="0.05" color="silver" opacity="100"/>
<line xp1="18.15789" yp1="62.84855" xp2="17.69077" yp2="62.84413" sp="0.05" color="silver" opacity="100"/>
<line xp1="17.69077" yp1="62.84413" xp2="17.26789" yp2="62.83626" sp="0.05" color="silver" opacity="100"/>
<line xp1="17.26789" yp1="62.83626" xp2="16.92150" yp2="62.83941" sp="0.05" color="silver" opacity="100"/>
<line xp1="16.92150" yp1="62.83941" xp2="16.60265" yp2="62.83765" sp="0.05" color="silver" opacity="100"/>
<line xp1="16.60265" yp1="62.83765" xp2="16.42433" yp2="62.83964" sp="0.05" color="silver" opacity="100"/>
<line xp1="16.42433" yp1="62.83964" xp2="16.36904" yp2="62.84026" sp="0.05" color="silver" opacity="100"/>
<line xp1="16.36904" yp1="62.84026" xp2="15.80657" yp2="62.84656" sp="0.05" color="silver" opacity="100"/>
<line xp1="15.80657" yp1="62.84656" xp2="15.38590" yp2="62.84154" sp="0.05" color="silver" opacity="100"/>
<line xp1="15.38590" yp1="62.84154" xp2="15.38573" yp2="62.49969" sp="0.05" color="silver" opacity="100"/>
<line xp1="15.38573" yp1="62.49969" xp2="15.38726" yp2="61.76790" sp="0.05" color="silver" opacity="100"/>
<line xp1="15.38726" yp1="61.76790" xp2="15.38482" yp2="60.52564" sp="0.05" color="silver" opacity="100"/>
<line xp1="15.38482" yp1="60.52564" xp2="15.38580" yp2="59.61685" sp="0.05" color="silver" opacity="100"/>
<line xp1="15.38580" yp1="59.61685" xp2="15.38841" yp2="59.20283" sp="0.05" color="silver" opacity="100"/>
<line xp1="15.38841" yp1="59.20283" xp2="15.39053" yp2="58.06071" sp="0.05" color="silver" opacity="100"/>
<line xp1="15.39053" yp1="58.06071" xp2="15.38904" yp2="57.50389" sp="0.05" color="silver" opacity="100"/>
<line xp1="15.38904" yp1="57.50389" xp2="15.38826" yp2="57.01859" sp="0.05" color="silver" opacity="100"/>
<line xp1="15.38826" yp1="57.01859" xp2="15.38471" yp2="56.34973" sp="0.05" color="silver" opacity="100"/>
<line xp1="15.38471" yp1="56.34973" xp2="15.38194" yp2="55.82529" sp="0.05" color="silver" opacity="100"/>
<line xp1="15.38194" yp1="55.82529" xp2="15.37996" yp2="55.55727" sp="0.05" color="silver" opacity="100"/>
<line xp1="15.37996" yp1="55.55727" xp2="15.37724" yp2="55.18993" sp="0.05" color="silver" opacity="100"/>
<line xp1="15.37724" yp1="55.18993" xp2="15.37724" yp2="55.18993" sp="0.05" color="silver" opacity="100"/>
<line xp1="88.37521" yp1="65.33215" xp2="88.37861" yp2="65.30866" sp="0.05" color="silver" opacity="100"/>
<line xp1="88.37861" yp1="65.30866" xp2="88.40062" yp2="65.15666" sp="0.05" color="silver" opacity="100"/>
<line xp1="88.40062" yp1="65.15666" xp2="88.49598" yp2="65.03213" sp="0.05" color="silver" opacity="100"/>
<line xp1="88.49598" yp1="65.03213" xp2="88.52536" yp2="64.93387" sp="0.05" color="silver" opacity="100"/>
<line xp1="88.52536" yp1="64.93387" xp2="88.53662" yp2="64.93329" sp="0.05" color="silver" opacity="100"/>
<line xp1="88.53662" yp1="64.93329" xp2="88.59688" yp2="64.93020" sp="0.05" color="silver" opacity="100"/>
<line xp1="88.59688" yp1="64.93020" xp2="88.79533" yp2="64.92003" sp="0.05" color="silver" opacity="100"/>
<line xp1="88.79533" yp1="64.92003" xp2="88.91752" yp2="64.91377" sp="0.05" color="silver" opacity="100"/>
<line xp1="88.91752" yp1="64.91377" xp2="89.03919" yp2="64.90753" sp="0.05" color="silver" opacity="100"/>
<line xp1="89.03919" yp1="64.90753" xp2="89.05991" yp2="64.90648" sp="0.05" color="silver" opacity="100"/>
<line xp1="89.05991" yp1="64.90648" xp2="89.10559" yp2="64.90416" sp="0.05" color="silver" opacity="100"/>
<line xp1="89.10559" yp1="64.90416" xp2="89.33995" yp2="64.89227" sp="0.05" color="silver" opacity="100"/>
<line xp1="89.33995" yp1="64.89227" xp2="89.38651" yp2="64.88990" sp="0.05" color="silver" opacity="100"/>
<line xp1="89.38651" yp1="64.88990" xp2="89.53017" yp2="64.88261" sp="0.05" color="silver" opacity="100"/>
<line xp1="89.53017" yp1="64.88261" xp2="89.58068" yp2="64.88005" sp="0.05" color="silver" opacity="100"/>
<line xp1="89.58068" yp1="64.88005" xp2="89.62182" yp2="64.87796" sp="0.05" color="silver" opacity="100"/>
<line xp1="89.62182" yp1="64.87796" xp2="89.79044" yp2="64.87111" sp="0.05" color="silver" opacity="100"/>
<line xp1="89.79044" yp1="64.87111" xp2="89.93456" yp2="64.86477" sp="0.05" color="silver" opacity="100"/>
<line xp1="89.93456" yp1="64.86477" xp2="90.17393" yp2="64.85424" sp="0.05" color="silver" opacity="100"/>
<line xp1="90.17393" yp1="64.85424" xp2="90.22789" yp2="64.85187" sp="0.05" color="silver" opacity="100"/>
<line xp1="90.22789" yp1="64.85187" xp2="90.31661" yp2="64.84854" sp="0.05" color="silver" opacity="100"/>
<line xp1="90.31661" yp1="64.84854" xp2="90.37599" yp2="64.96111" sp="0.05" color="silver" opacity="100"/>
<line xp1="90.37599" yp1="64.96111" xp2="90.37675" yp2="64.96113" sp="0.05" color="silver" opacity="100"/>
<line xp1="90.37675" yp1="64.96113" xp2="90.39172" yp2="64.96159" sp="0.05" color="silver" opacity="100"/>
<line xp1="90.39172" yp1="64.96159" xp2="90.48953" yp2="64.96454" sp="0.05" color="silver" opacity="100"/>
<line xp1="90.48953" yp1="64.96454" xp2="90.48292" yp2="65.11625" sp="0.05" color="silver" opacity="100"/>
<line xp1="90.48292" yp1="65.11625" xp2="90.48991" yp2="65.12510" sp="0.05" color="silver" opacity="100"/>
<line xp1="90.48991" yp1="65.12510" xp2="90.51638" yp2="65.15860" sp="0.05" color="silver" opacity="100"/>
<line xp1="90.51638" yp1="65.15860" xp2="90.53892" yp2="65.18711" sp="0.05" color="silver" opacity="100"/>
<line xp1="90.53892" yp1="65.18711" xp2="90.59019" yp2="65.17687" sp="0.05" color="silver" opacity="100"/>
<line xp1="90.59019" yp1="65.17687" xp2="90.67046" yp2="65.16083" sp="0.05" color="silver" opacity="100"/>
<line xp1="90.67046" yp1="65.16083" xp2="90.69428" yp2="65.23161" sp="0.05" color="silver" opacity="100"/>
<line xp1="90.69428" yp1="65.23161" xp2="90.72123" yp2="65.31168" sp="0.05" color="silver" opacity="100"/>
<line xp1="90.72123" yp1="65.31168" xp2="90.82077" yp2="65.33997" sp="0.05" color="silver" opacity="100"/>
<line xp1="90.82077" yp1="65.33997" xp2="90.87569" yp2="65.38454" sp="0.05" color="silver" opacity="100"/>
<line xp1="90.87569" yp1="65.38454" xp2="90.97731" yp2="65.34359" sp="0.05" color="silver" opacity="100"/>
<line xp1="90.97731" yp1="65.34359" xp2="91.05031" yp2="65.34940" sp="0.05" color="silver" opacity="100"/>
<line xp1="91.05031" yp1="65.34940" xp2="91.05932" yp2="65.39603" sp="0.05" color="silver" opacity="100"/>
<line xp1="91.05932" yp1="65.39603" xp2="91.07902" yp2="65.49797" sp="0.05" color="silver" opacity="100"/>
<line xp1="91.07902" yp1="65.49797" xp2="91.13043" yp2="65.64385" sp="0.05" color="silver" opacity="100"/>
<line xp1="91.13043" yp1="65.64385" xp2="91.17619" yp2="65.74915" sp="0.05" color="silver" opacity="100"/>
<line xp1="91.17619" yp1="65.74915" xp2="91.22490" yp2="65.88521" sp="0.05" color="silver" opacity="100"/>
<line xp1="91.22490" yp1="65.88521" xp2="91.14400" yp2="65.94282" sp="0.05" color="silver" opacity="100"/>
<line xp1="91.14400" yp1="65.94282" xp2="91.04685" yp2="66.06637" sp="0.05" color="silver" opacity="100"/>
<line xp1="91.04685" yp1="66.06637" xp2="91.03369" yp2="66.08310" sp="0.05" color="silver" opacity="100"/>
<line xp1="91.03369" yp1="66.08310" xp2="91.03877" yp2="66.22767" sp="0.05" color="silver" opacity="100"/>
<line xp1="91.03877" yp1="66.22767" xp2="91.03881" yp2="66.22789" sp="0.05" color="silver" opacity="100"/>
<line xp1="91.03881" yp1="66.22789" xp2="91.05674" yp2="66.33501" sp="0.05" color="silver" opacity="100"/>
<line xp1="91.05674" yp1="66.33501" xp2="90.96525" yp2="66.48615" sp="0.05" color="silver" opacity="100"/>
<line xp1="90.96525" yp1="66.48615" xp2="90.88623" yp2="66.64219" sp="0.05" color="silver" opacity="100"/>
<line xp1="90.88623" yp1="66.64219" xp2="90.79333" yp2="66.78894" sp="0.05" color="silver" opacity="100"/>
<line xp1="90.79333" yp1="66.78894" xp2="90.81791" yp2="66.94081" sp="0.05" color="silver" opacity="100"/>
<line xp1="90.81791" yp1="66.94081" xp2="90.82956" yp2="67.06882" sp="0.05" color="silver" opacity="100"/>
<line xp1="90.82956" yp1="67.06882" xp2="90.83884" yp2="67.17086" sp="0.05" color="silver" opacity="100"/>
<line xp1="90.83884" yp1="67.17086" xp2="90.82493" yp2="67.25777" sp="0.05" color="silver" opacity="100"/>
<line xp1="90.82493" yp1="67.25777" xp2="90.81121" yp2="67.34359" sp="0.05" color="silver" opacity="100"/>
<line xp1="90.81121" yp1="67.34359" xp2="90.80641" yp2="67.46961" sp="0.05" color="silver" opacity="100"/>
<line xp1="90.80641" yp1="67.46961" xp2="90.79701" yp2="67.71703" sp="0.05" color="silver" opacity="100"/>
<line xp1="90.79701" yp1="67.71703" xp2="90.78883" yp2="67.97992" sp="0.05" color="silver" opacity="100"/>
<line xp1="90.78883" yp1="67.97992" xp2="90.78472" yp2="68.11211" sp="0.05" color="silver" opacity="100"/>
<line xp1="90.78472" yp1="68.11211" xp2="90.76713" yp2="68.83695" sp="0.05" color="silver" opacity="100"/>
<line xp1="90.76713" yp1="68.83695" xp2="90.75579" yp2="69.31093" sp="0.05" color="silver" opacity="100"/>
<line xp1="90.75579" yp1="69.31093" xp2="90.75343" yp2="69.38540" sp="0.05" color="silver" opacity="100"/>
<line xp1="90.75343" yp1="69.38540" xp2="90.75189" yp2="69.43385" sp="0.05" color="silver" opacity="100"/>
<line xp1="90.75189" yp1="69.43385" xp2="90.74834" yp2="69.54525" sp="0.05" color="silver" opacity="100"/>
<line xp1="90.74834" yp1="69.54525" xp2="90.73929" yp2="69.82961" sp="0.05" color="silver" opacity="100"/>
<line xp1="90.73929" yp1="69.82961" xp2="90.73386" yp2="70.00017" sp="0.05" color="silver" opacity="100"/>
<line xp1="90.73386" yp1="70.00017" xp2="90.71276" yp2="70.67571" sp="0.05" color="silver" opacity="100"/>
<line xp1="90.71276" yp1="70.67571" xp2="90.68021" yp2="71.42871" sp="0.05" color="silver" opacity="100"/>
<line xp1="90.68021" yp1="71.42871" xp2="90.64012" yp2="72.30129" sp="0.05" color="silver" opacity="100"/>
<line xp1="90.64012" yp1="72.30129" xp2="90.60100" yp2="72.23492" sp="0.05" color="silver" opacity="100"/>
<line xp1="90.60100" yp1="72.23492" xp2="90.55472" yp2="72.12274" sp="0.05" color="silver" opacity="100"/>
<line xp1="90.55472" yp1="72.12274" xp2="90.48833" yp2="72.11734" sp="0.05" color="silver" opacity="100"/>
<line xp1="90.48833" yp1="72.11734" xp2="90.39308" yp2="72.19468" sp="0.05" color="silver" opacity="100"/>
<line xp1="90.39308" yp1="72.19468" xp2="90.33279" yp2="72.29136" sp="0.05" color="silver" opacity="100"/>
<line xp1="90.33279" yp1="72.29136" xp2="90.21436" yp2="72.19953" sp="0.05" color="silver" opacity="100"/>
<line xp1="90.21436" yp1="72.19953" xp2="90.09454" yp2="72.11144" sp="0.05" color="silver" opacity="100"/>
<line xp1="90.09454" yp1="72.11144" xp2="90.14518" yp2="71.99468" sp="0.05" color="silver" opacity="100"/>
<line xp1="90.14518" yp1="71.99468" xp2="90.12453" yp2="71.91568" sp="0.05" color="silver" opacity="100"/>
<line xp1="90.12453" yp1="71.91568" xp2="90.07896" yp2="71.74000" sp="0.05" color="silver" opacity="100"/>
<line xp1="90.07896" yp1="71.74000" xp2="90.00246" yp2="71.62751" sp="0.05" color="silver" opacity="100"/>
<line xp1="90.00246" yp1="71.62751" xp2="89.99833" yp2="71.46679" sp="0.05" color="silver" opacity="100"/>
<line xp1="89.99833" yp1="71.46679" xp2="89.95138" yp2="71.36007" sp="0.05" color="silver" opacity="100"/>
<line xp1="89.95138" yp1="71.36007" xp2="90.00861" yp2="71.17668" sp="0.05" color="silver" opacity="100"/>
<line xp1="90.00861" yp1="71.17668" xp2="89.96555" yp2="71.08803" sp="0.05" color="silver" opacity="100"/>
<line xp1="89.96555" yp1="71.08803" xp2="89.89169" yp2="70.87222" sp="0.05" color="silver" opacity="100"/>
<line xp1="89.89169" yp1="70.87222" xp2="89.80476" yp2="70.70635" sp="0.05" color="silver" opacity="100"/>
<line xp1="89.80476" yp1="70.70635" xp2="89.86989" yp2="70.47243" sp="0.05" color="silver" opacity="100"/>
<line xp1="89.86989" yp1="70.47243" xp2="89.92043" yp2="70.36457" sp="0.05" color="silver" opacity="100"/>
<line xp1="89.92043" yp1="70.36457" xp2="89.93089" yp2="70.22651" sp="0.05" color="silver" opacity="100"/>
<line xp1="89.93089" yp1="70.22651" xp2="89.86450" yp2="70.13671" sp="0.05" color="silver" opacity="100"/>
<line xp1="89.86450" yp1="70.13671" xp2="89.87696" yp2="70.00508" sp="0.05" color="silver" opacity="100"/>
<line xp1="89.87696" yp1="70.00508" xp2="89.77454" yp2="69.91105" sp="0.05" color="silver" opacity="100"/>
<line xp1="89.77454" yp1="69.91105" xp2="89.70628" yp2="69.77495" sp="0.05" color="silver" opacity="100"/>
<line xp1="89.70628" yp1="69.77495" xp2="89.59509" yp2="69.72448" sp="0.05" color="silver" opacity="100"/>
<line xp1="89.59509" yp1="69.72448" xp2="89.57136" yp2="69.71371" sp="0.05" color="silver" opacity="100"/>
<line xp1="89.57136" yp1="69.71371" xp2="89.50948" yp2="69.57983" sp="0.05" color="silver" opacity="100"/>
<line xp1="89.50948" yp1="69.57983" xp2="89.48025" yp2="69.56500" sp="0.05" color="silver" opacity="100"/>
<line xp1="89.48025" yp1="69.56500" xp2="89.42175" yp2="69.53534" sp="0.05" color="silver" opacity="100"/>
<line xp1="89.42175" yp1="69.53534" xp2="89.31513" yp2="69.53641" sp="0.05" color="silver" opacity="100"/>
<line xp1="89.31513" yp1="69.53641" xp2="89.22721" yp2="69.49963" sp="0.05" color="silver" opacity="100"/>
<line xp1="89.22721" yp1="69.49963" xp2="89.15954" yp2="69.40567" sp="0.05" color="silver" opacity="100"/>
<line xp1="89.15954" yp1="69.40567" xp2="89.14771" yp2="69.27693" sp="0.05" color="silver" opacity="100"/>
<line xp1="89.14771" yp1="69.27693" xp2="89.13640" yp2="69.09986" sp="0.05" color="silver" opacity="100"/>
<line xp1="89.13640" yp1="69.09986" xp2="89.14791" yp2="69.02836" sp="0.05" color="silver" opacity="100"/>
<line xp1="89.14791" yp1="69.02836" xp2="89.17403" yp2="68.86605" sp="0.05" color="silver" opacity="100"/>
<line xp1="89.17403" yp1="68.86605" xp2="89.11464" yp2="68.67033" sp="0.05" color="silver" opacity="100"/>
<line xp1="89.11464" yp1="68.67033" xp2="89.10816" yp2="68.65788" sp="0.05" color="silver" opacity="100"/>
<line xp1="89.10816" yp1="68.65788" xp2="89.10778" yp2="68.65714" sp="0.05" color="silver" opacity="100"/>
<line xp1="89.10778" yp1="68.65714" xp2="89.05122" yp2="68.54844" sp="0.05" color="silver" opacity="100"/>
<line xp1="89.05122" yp1="68.54844" xp2="89.06788" yp2="68.42677" sp="0.05" color="silver" opacity="100"/>
<line xp1="89.06788" yp1="68.42677" xp2="88.96957" yp2="68.20979" sp="0.05" color="silver" opacity="100"/>
<line xp1="88.96957" yp1="68.20979" xp2="88.94872" yp2="68.02336" sp="0.05" color="silver" opacity="100"/>
<line xp1="88.94872" yp1="68.02336" xp2="88.90541" yp2="67.92298" sp="0.05" color="silver" opacity="100"/>
<line xp1="88.90541" yp1="67.92298" xp2="88.88912" yp2="67.88523" sp="0.05" color="silver" opacity="100"/>
<line xp1="88.88912" yp1="67.88523" xp2="88.79261" yp2="67.77246" sp="0.05" color="silver" opacity="100"/>
<line xp1="88.79261" yp1="67.77246" xp2="88.72381" yp2="67.45255" sp="0.05" color="silver" opacity="100"/>
<line xp1="88.72381" yp1="67.45255" xp2="88.71754" yp2="67.44455" sp="0.05" color="silver" opacity="100"/>
<line xp1="88.71754" yp1="67.44455" xp2="88.64702" yp2="67.35448" sp="0.05" color="silver" opacity="100"/>
<line xp1="88.64702" yp1="67.35448" xp2="88.64478" yp2="67.12398" sp="0.05" color="silver" opacity="100"/>
<line xp1="88.64478" yp1="67.12398" xp2="88.62017" yp2="66.94015" sp="0.05" color="silver" opacity="100"/>
<line xp1="88.62017" yp1="66.94015" xp2="88.62006" yp2="66.93933" sp="0.05" color="silver" opacity="100"/>
<line xp1="88.62006" yp1="66.93933" xp2="88.59480" yp2="66.75069" sp="0.05" color="silver" opacity="100"/>
<line xp1="88.59480" yp1="66.75069" xp2="88.60477" yp2="66.67843" sp="0.05" color="silver" opacity="100"/>
<line xp1="88.60477" yp1="66.67843" xp2="88.61149" yp2="66.62966" sp="0.05" color="silver" opacity="100"/>
<line xp1="88.61149" yp1="66.62966" xp2="88.58218" yp2="66.46698" sp="0.05" color="silver" opacity="100"/>
<line xp1="88.58218" yp1="66.46698" xp2="88.56365" yp2="66.37962" sp="0.05" color="silver" opacity="100"/>
<line xp1="88.56365" yp1="66.37962" xp2="88.55298" yp2="66.32930" sp="0.05" color="silver" opacity="100"/>
<line xp1="88.55298" yp1="66.32930" xp2="88.53785" yp2="66.17490" sp="0.05" color="silver" opacity="100"/>
<line xp1="88.53785" yp1="66.17490" xp2="88.53569" yp2="66.15282" sp="0.05" color="silver" opacity="100"/>
<line xp1="88.53569" yp1="66.15282" xp2="88.56124" yp2="65.96178" sp="0.05" color="silver" opacity="100"/>
<line xp1="88.56124" yp1="65.96178" xp2="88.51962" yp2="65.84061" sp="0.05" color="silver" opacity="100"/>
<line xp1="88.51962" yp1="65.84061" xp2="88.53545" yp2="65.77284" sp="0.05" color="silver" opacity="100"/>
<line xp1="88.53545" yp1="65.77284" xp2="88.54619" yp2="65.72690" sp="0.05" color="silver" opacity="100"/>
<line xp1="88.54619" yp1="65.72690" xp2="88.47293" yp2="65.62185" sp="0.05" color="silver" opacity="100"/>
<line xp1="88.47293" yp1="65.62185" xp2="88.41202" yp2="65.58556" sp="0.05" color="silver" opacity="100"/>
<line xp1="88.41202" yp1="65.58556" xp2="88.41312" yp2="65.42271" sp="0.05" color="silver" opacity="100"/>
<line xp1="88.41312" yp1="65.42271" xp2="88.37521" yp2="65.33215" sp="0.05" color="silver" opacity="100"/>
<line xp1="88.37521" yp1="65.33215" xp2="88.37521" yp2="65.33215" sp="0.05" color="silver" opacity="100"/>
<line xp1="83.75470" yp1="56.08518" xp2="83.77852" yp2="55.98857" sp="0.05" color="silver" opacity="100"/>
<line xp1="83.77852" yp1="55.98857" xp2="83.82657" yp2="55.93714" sp="0.05" color="silver" opacity="100"/>
<line xp1="83.82657" yp1="55.93714" xp2="83.80358" yp2="55.81508" sp="0.05" color="silver" opacity="100"/>
<line xp1="83.80358" yp1="55.81508" xp2="83.80294" yp2="55.70890" sp="0.05" color="silver" opacity="100"/>
<line xp1="83.80294" yp1="55.70890" xp2="83.79011" yp2="55.60160" sp="0.05" color="silver" opacity="100"/>
<line xp1="83.79011" yp1="55.60160" xp2="83.89967" yp2="55.53980" sp="0.05" color="silver" opacity="100"/>
<line xp1="83.89967" yp1="55.53980" xp2="83.93478" yp2="55.43512" sp="0.05" color="silver" opacity="100"/>
<line xp1="83.93478" yp1="55.43512" xp2="83.97368" yp2="55.39689" sp="0.05" color="silver" opacity="100"/>
<line xp1="83.97368" yp1="55.39689" xp2="84.00107" yp2="55.36997" sp="0.05" color="silver" opacity="100"/>
<line xp1="84.00107" yp1="55.36997" xp2="84.06837" yp2="55.27949" sp="0.05" color="silver" opacity="100"/>
<line xp1="84.06837" yp1="55.27949" xp2="84.11269" yp2="55.23564" sp="0.05" color="silver" opacity="100"/>
<line xp1="84.11269" yp1="55.23564" xp2="84.17641" yp2="55.12061" sp="0.05" color="silver" opacity="100"/>
<line xp1="84.17641" yp1="55.12061" xp2="84.23945" yp2="55.10200" sp="0.05" color="silver" opacity="100"/>
<line xp1="84.23945" yp1="55.10200" xp2="84.28845" yp2="55.03644" sp="0.05" color="silver" opacity="100"/>
<line xp1="84.28845" yp1="55.03644" xp2="84.35897" yp2="54.92165" sp="0.05" color="silver" opacity="100"/>
<line xp1="84.35897" yp1="54.92165" xp2="84.40513" yp2="54.80538" sp="0.05" color="silver" opacity="100"/>
<line xp1="84.40513" yp1="54.80538" xp2="84.47570" yp2="54.88801" sp="0.05" color="silver" opacity="100"/>
<line xp1="84.47570" yp1="54.88801" xp2="84.54079" yp2="54.90063" sp="0.05" color="silver" opacity="100"/>
<line xp1="84.54079" yp1="54.90063" xp2="84.61846" yp2="54.83215" sp="0.05" color="silver" opacity="100"/>
<line xp1="84.61846" yp1="54.83215" xp2="84.74591" yp2="54.79056" sp="0.05" color="silver" opacity="100"/>
<line xp1="84.74591" yp1="54.79056" xp2="84.76126" yp2="54.78556" sp="0.05" color="silver" opacity="100"/>
<line xp1="84.76126" yp1="54.78556" xp2="84.79090" yp2="54.69608" sp="0.05" color="silver" opacity="100"/>
<line xp1="84.79090" yp1="54.69608" xp2="84.76359" yp2="54.53553" sp="0.05" color="silver" opacity="100"/>
<line xp1="84.76359" yp1="54.53553" xp2="84.68406" yp2="54.28932" sp="0.05" color="silver" opacity="100"/>
<line xp1="84.68406" yp1="54.28932" xp2="84.66573" yp2="54.09547" sp="0.05" color="silver" opacity="100"/>
<line xp1="84.66573" yp1="54.09547" xp2="84.71758" yp2="54.08148" sp="0.05" color="silver" opacity="100"/>
<line xp1="84.71758" yp1="54.08148" xp2="84.82391" yp2="54.11546" sp="0.05" color="silver" opacity="100"/>
<line xp1="84.82391" yp1="54.11546" xp2="84.91090" yp2="54.24557" sp="0.05" color="silver" opacity="100"/>
<line xp1="84.91090" yp1="54.24557" xp2="84.95573" yp2="54.35164" sp="0.05" color="silver" opacity="100"/>
<line xp1="84.95573" yp1="54.35164" xp2="85.06788" yp2="54.57982" sp="0.05" color="silver" opacity="100"/>
<line xp1="85.06788" yp1="54.57982" xp2="85.05486" yp2="54.62801" sp="0.05" color="silver" opacity="100"/>
<line xp1="85.05486" yp1="54.62801" xp2="85.12088" yp2="54.79943" sp="0.05" color="silver" opacity="100"/>
<line xp1="85.12088" yp1="54.79943" xp2="85.15908" yp2="54.89143" sp="0.05" color="silver" opacity="100"/>
<line xp1="85.15908" yp1="54.89143" xp2="85.25999" yp2="55.05948" sp="0.05" color="silver" opacity="100"/>
<line xp1="85.25999" yp1="55.05948" xp2="85.32186" yp2="55.14293" sp="0.05" color="silver" opacity="100"/>
<line xp1="85.32186" yp1="55.14293" xp2="85.35108" yp2="55.18233" sp="0.05" color="silver" opacity="100"/>
<line xp1="85.35108" yp1="55.18233" xp2="85.51894" yp2="55.31662" sp="0.05" color="silver" opacity="100"/>
<line xp1="85.51894" yp1="55.31662" xp2="85.58925" yp2="55.43433" sp="0.05" color="silver" opacity="100"/>
<line xp1="85.58925" yp1="55.43433" xp2="85.68563" yp2="55.63270" sp="0.05" color="silver" opacity="100"/>
<line xp1="85.68563" yp1="55.63270" xp2="85.70525" yp2="55.73630" sp="0.05" color="silver" opacity="100"/>
<line xp1="85.70525" yp1="55.73630" xp2="85.70613" yp2="55.73820" sp="0.05" color="silver" opacity="100"/>
<line xp1="85.70613" yp1="55.73820" xp2="85.86004" yp2="56.07177" sp="0.05" color="silver" opacity="100"/>
<line xp1="85.86004" yp1="56.07177" xp2="85.99778" yp2="56.44621" sp="0.05" color="silver" opacity="100"/>
<line xp1="85.99778" yp1="56.44621" xp2="86.00059" yp2="56.46796" sp="0.05" color="silver" opacity="100"/>
<line xp1="86.00059" yp1="56.46796" xp2="86.01393" yp2="56.57137" sp="0.05" color="silver" opacity="100"/>
<line xp1="86.01393" yp1="56.57137" xp2="86.03500" yp2="56.88855" sp="0.05" color="silver" opacity="100"/>
<line xp1="86.03500" yp1="56.88855" xp2="86.05518" yp2="57.08331" sp="0.05" color="silver" opacity="100"/>
<line xp1="86.05518" yp1="57.08331" xp2="86.10006" yp2="57.43596" sp="0.05" color="silver" opacity="100"/>
<line xp1="86.10006" yp1="57.43596" xp2="86.10741" yp2="57.49375" sp="0.05" color="silver" opacity="100"/>
<line xp1="86.10741" yp1="57.49375" xp2="86.15228" yp2="57.76276" sp="0.05" color="silver" opacity="100"/>
<line xp1="86.15228" yp1="57.76276" xp2="86.18203" yp2="57.94117" sp="0.05" color="silver" opacity="100"/>
<line xp1="86.18203" yp1="57.94117" xp2="86.19788" yp2="58.13717" sp="0.05" color="silver" opacity="100"/>
<line xp1="86.19788" yp1="58.13717" xp2="86.18926" yp2="58.31002" sp="0.05" color="silver" opacity="100"/>
<line xp1="86.18926" yp1="58.31002" xp2="86.15701" yp2="58.50477" sp="0.05" color="silver" opacity="100"/>
<line xp1="86.15701" yp1="58.50477" xp2="86.12410" yp2="58.48927" sp="0.05" color="silver" opacity="100"/>
<line xp1="86.12410" yp1="58.48927" xp2="86.08018" yp2="58.33974" sp="0.05" color="silver" opacity="100"/>
<line xp1="86.08018" yp1="58.33974" xp2="85.98724" yp2="58.41082" sp="0.05" color="silver" opacity="100"/>
<line xp1="85.98724" yp1="58.41082" xp2="85.91216" yp2="58.42163" sp="0.05" color="silver" opacity="100"/>
<line xp1="85.91216" yp1="58.42163" xp2="85.83663" yp2="58.40202" sp="0.05" color="silver" opacity="100"/>
<line xp1="85.83663" yp1="58.40202" xp2="85.80823" yp2="58.42475" sp="0.05" color="silver" opacity="100"/>
<line xp1="85.80823" yp1="58.42475" xp2="85.75094" yp2="58.47059" sp="0.05" color="silver" opacity="100"/>
<line xp1="85.75094" yp1="58.47059" xp2="85.75291" yp2="58.57839" sp="0.05" color="silver" opacity="100"/>
<line xp1="85.75291" yp1="58.57839" xp2="85.77044" yp2="58.70018" sp="0.05" color="silver" opacity="100"/>
<line xp1="85.77044" yp1="58.70018" xp2="85.82025" yp2="58.73891" sp="0.05" color="silver" opacity="100"/>
<line xp1="85.82025" yp1="58.73891" xp2="85.84048" yp2="58.83626" sp="0.05" color="silver" opacity="100"/>
<line xp1="85.84048" yp1="58.83626" xp2="85.84270" yp2="58.94544" sp="0.05" color="silver" opacity="100"/>
<line xp1="85.84270" yp1="58.94544" xp2="85.84587" yp2="58.94811" sp="0.05" color="silver" opacity="100"/>
<line xp1="85.84587" yp1="58.94811" xp2="85.89137" yp2="58.98654" sp="0.05" color="silver" opacity="100"/>
<line xp1="85.89137" yp1="58.98654" xp2="85.90747" yp2="58.98879" sp="0.05" color="silver" opacity="100"/>
<line xp1="85.90747" yp1="58.98879" xp2="86.02030" yp2="59.00456" sp="0.05" color="silver" opacity="100"/>
<line xp1="86.02030" yp1="59.00456" xp2="86.04448" yp2="59.04875" sp="0.05" color="silver" opacity="100"/>
<line xp1="86.04448" yp1="59.04875" xp2="86.04966" yp2="59.05823" sp="0.05" color="silver" opacity="100"/>
<line xp1="86.04966" yp1="59.05823" xp2="86.08106" yp2="59.11562" sp="0.05" color="silver" opacity="100"/>
<line xp1="86.08106" yp1="59.11562" xp2="86.08148" yp2="59.11716" sp="0.05" color="silver" opacity="100"/>
<line xp1="86.08148" yp1="59.11716" xp2="86.09053" yp2="59.15031" sp="0.05" color="silver" opacity="100"/>
<line xp1="86.09053" yp1="59.15031" xp2="86.10627" yp2="59.20796" sp="0.05" color="silver" opacity="100"/>
<line xp1="86.10627" yp1="59.20796" xp2="86.11441" yp2="59.23778" sp="0.05" color="silver" opacity="100"/>
<line xp1="86.11441" yp1="59.23778" xp2="86.11771" yp2="59.24987" sp="0.05" color="silver" opacity="100"/>
<line xp1="86.11771" yp1="59.24987" xp2="86.13264" yp2="59.30457" sp="0.05" color="silver" opacity="100"/>
<line xp1="86.13264" yp1="59.30457" xp2="86.17756" yp2="59.42158" sp="0.05" color="silver" opacity="100"/>
<line xp1="86.17756" yp1="59.42158" xp2="86.19814" yp2="59.47517" sp="0.05" color="silver" opacity="100"/>
<line xp1="86.19814" yp1="59.47517" xp2="86.20295" yp2="59.48771" sp="0.05" color="silver" opacity="100"/>
<line xp1="86.20295" yp1="59.48771" xp2="86.20641" yp2="59.49927" sp="0.05" color="silver" opacity="100"/>
<line xp1="86.20641" yp1="59.49927" xp2="86.23464" yp2="59.59364" sp="0.05" color="silver" opacity="100"/>
<line xp1="86.23464" yp1="59.59364" xp2="86.24911" yp2="59.64200" sp="0.05" color="silver" opacity="100"/>
<line xp1="86.24911" yp1="59.64200" xp2="86.25401" yp2="59.66471" sp="0.05" color="silver" opacity="100"/>
<line xp1="86.25401" yp1="59.66471" xp2="86.27380" yp2="59.75634" sp="0.05" color="silver" opacity="100"/>
<line xp1="86.27380" yp1="59.75634" xp2="86.27618" yp2="59.76736" sp="0.05" color="silver" opacity="100"/>
<line xp1="86.27618" yp1="59.76736" xp2="86.29649" yp2="59.86142" sp="0.05" color="silver" opacity="100"/>
<line xp1="86.29649" yp1="59.86142" xp2="86.31696" yp2="59.99199" sp="0.05" color="silver" opacity="100"/>
<line xp1="86.31696" yp1="59.99199" xp2="86.09069" yp2="60.16882" sp="0.05" color="silver" opacity="100"/>
<line xp1="86.09069" yp1="60.16882" xp2="85.82828" yp2="60.37995" sp="0.05" color="silver" opacity="100"/>
<line xp1="85.82828" yp1="60.37995" xp2="85.79312" yp2="60.40824" sp="0.05" color="silver" opacity="100"/>
<line xp1="85.79312" yp1="60.40824" xp2="85.79309" yp2="60.40826" sp="0.05" color="silver" opacity="100"/>
<line xp1="85.79309" yp1="60.40826" xp2="85.68924" yp2="60.49313" sp="0.05" color="silver" opacity="100"/>
<line xp1="85.68924" yp1="60.49313" xp2="85.58917" yp2="60.58346" sp="0.05" color="silver" opacity="100"/>
<line xp1="85.58917" yp1="60.58346" xp2="85.44987" yp2="60.70921" sp="0.05" color="silver" opacity="100"/>
<line xp1="85.44987" yp1="60.70921" xp2="85.08475" yp2="61.02121" sp="0.05" color="silver" opacity="100"/>
<line xp1="85.08475" yp1="61.02121" xp2="84.98412" yp2="60.97236" sp="0.05" color="silver" opacity="100"/>
<line xp1="84.98412" yp1="60.97236" xp2="84.89892" yp2="60.84615" sp="0.05" color="silver" opacity="100"/>
<line xp1="84.89892" yp1="60.84615" xp2="84.81938" yp2="60.65077" sp="0.05" color="silver" opacity="100"/>
<line xp1="84.81938" yp1="60.65077" xp2="84.76114" yp2="60.44477" sp="0.05" color="silver" opacity="100"/>
<line xp1="84.76114" yp1="60.44477" xp2="84.64635" yp2="60.31549" sp="0.05" color="silver" opacity="100"/>
<line xp1="84.64635" yp1="60.31549" xp2="84.64147" yp2="60.30291" sp="0.05" color="silver" opacity="100"/>
<line xp1="84.64147" yp1="60.30291" xp2="84.62710" yp2="60.26579" sp="0.05" color="silver" opacity="100"/>
<line xp1="84.62710" yp1="60.26579" xp2="84.59189" yp2="60.17490" sp="0.05" color="silver" opacity="100"/>
<line xp1="84.59189" yp1="60.17490" xp2="84.53483" yp2="60.09322" sp="0.05" color="silver" opacity="100"/>
<line xp1="84.53483" yp1="60.09322" xp2="84.50687" yp2="60.05320" sp="0.05" color="silver" opacity="100"/>
<line xp1="84.50687" yp1="60.05320" xp2="84.41064" yp2="59.94337" sp="0.05" color="silver" opacity="100"/>
<line xp1="84.41064" yp1="59.94337" xp2="84.42576" yp2="59.90087" sp="0.05" color="silver" opacity="100"/>
<line xp1="84.42576" yp1="59.90087" xp2="84.46505" yp2="59.79051" sp="0.05" color="silver" opacity="100"/>
<line xp1="84.46505" yp1="59.79051" xp2="84.51471" yp2="59.67338" sp="0.05" color="silver" opacity="100"/>
<line xp1="84.51471" yp1="59.67338" xp2="84.47544" yp2="59.56911" sp="0.05" color="silver" opacity="100"/>
<line xp1="84.47544" yp1="59.56911" xp2="84.44845" yp2="59.40313" sp="0.05" color="silver" opacity="100"/>
<line xp1="84.44845" yp1="59.40313" xp2="84.44406" yp2="59.39995" sp="0.05" color="silver" opacity="100"/>
<line xp1="84.44406" yp1="59.39995" xp2="84.34234" yp2="59.32636" sp="0.05" color="silver" opacity="100"/>
<line xp1="84.34234" yp1="59.32636" xp2="84.31906" yp2="59.18821" sp="0.05" color="silver" opacity="100"/>
<line xp1="84.31906" yp1="59.18821" xp2="84.32145" yp2="58.96563" sp="0.05" color="silver" opacity="100"/>
<line xp1="84.32145" yp1="58.96563" xp2="84.32425" yp2="58.88302" sp="0.05" color="silver" opacity="100"/>
<line xp1="84.32425" yp1="58.88302" xp2="84.32585" yp2="58.83604" sp="0.05" color="silver" opacity="100"/>
<line xp1="84.32585" yp1="58.83604" xp2="84.32810" yp2="58.76973" sp="0.05" color="silver" opacity="100"/>
<line xp1="84.32810" yp1="58.76973" xp2="84.40500" yp2="58.78780" sp="0.05" color="silver" opacity="100"/>
<line xp1="84.40500" yp1="58.78780" xp2="84.49461" yp2="58.70942" sp="0.05" color="silver" opacity="100"/>
<line xp1="84.49461" yp1="58.70942" xp2="84.51965" yp2="58.51826" sp="0.05" color="silver" opacity="100"/>
<line xp1="84.51965" yp1="58.51826" xp2="84.50682" yp2="58.44333" sp="0.05" color="silver" opacity="100"/>
<line xp1="84.50682" yp1="58.44333" xp2="84.52907" yp2="58.33162" sp="0.05" color="silver" opacity="100"/>
<line xp1="84.52907" yp1="58.33162" xp2="84.57727" yp2="58.29559" sp="0.05" color="silver" opacity="100"/>
<line xp1="84.57727" yp1="58.29559" xp2="84.66216" yp2="58.28506" sp="0.05" color="silver" opacity="100"/>
<line xp1="84.66216" yp1="58.28506" xp2="84.69845" yp2="58.16373" sp="0.05" color="silver" opacity="100"/>
<line xp1="84.69845" yp1="58.16373" xp2="84.72598" yp2="58.11380" sp="0.05" color="silver" opacity="100"/>
<line xp1="84.72598" yp1="58.11380" xp2="84.76414" yp2="58.04459" sp="0.05" color="silver" opacity="100"/>
<line xp1="84.76414" yp1="58.04459" xp2="84.83614" yp2="57.93545" sp="0.05" color="silver" opacity="100"/>
<line xp1="84.83614" yp1="57.93545" xp2="84.88630" yp2="57.83288" sp="0.05" color="silver" opacity="100"/>
<line xp1="84.88630" yp1="57.83288" xp2="84.98368" yp2="57.71117" sp="0.05" color="silver" opacity="100"/>
<line xp1="84.98368" yp1="57.71117" xp2="85.00231" yp2="57.67117" sp="0.05" color="silver" opacity="100"/>
<line xp1="85.00231" yp1="57.67117" xp2="85.04369" yp2="57.58231" sp="0.05" color="silver" opacity="100"/>
<line xp1="85.04369" yp1="57.58231" xp2="85.04095" yp2="57.57970" sp="0.05" color="silver" opacity="100"/>
<line xp1="85.04095" yp1="57.57970" xp2="84.97002" yp2="57.51184" sp="0.05" color="silver" opacity="100"/>
<line xp1="84.97002" yp1="57.51184" xp2="84.88322" yp2="57.49689" sp="0.05" color="silver" opacity="100"/>
<line xp1="84.88322" yp1="57.49689" xp2="84.82491" yp2="57.37774" sp="0.05" color="silver" opacity="100"/>
<line xp1="84.82491" yp1="57.37774" xp2="84.71968" yp2="57.33832" sp="0.05" color="silver" opacity="100"/>
<line xp1="84.71968" yp1="57.33832" xp2="84.65715" yp2="57.27573" sp="0.05" color="silver" opacity="100"/>
<line xp1="84.65715" yp1="57.27573" xp2="84.63090" yp2="57.24946" sp="0.05" color="silver" opacity="100"/>
<line xp1="84.63090" yp1="57.24946" xp2="84.52459" yp2="57.12146" sp="0.05" color="silver" opacity="100"/>
<line xp1="84.52459" yp1="57.12146" xp2="84.52288" yp2="57.12003" sp="0.05" color="silver" opacity="100"/>
<line xp1="84.52288" yp1="57.12003" xp2="84.43197" yp2="57.04403" sp="0.05" color="silver" opacity="100"/>
<line xp1="84.43197" yp1="57.04403" xp2="84.41190" yp2="57.00270" sp="0.05" color="silver" opacity="100"/>
<line xp1="84.41190" yp1="57.00270" xp2="84.40658" yp2="56.99175" sp="0.05" color="silver" opacity="100"/>
<line xp1="84.40658" yp1="56.99175" xp2="84.40833" yp2="56.92019" sp="0.05" color="silver" opacity="100"/>
<line xp1="84.40833" yp1="56.92019" xp2="84.41012" yp2="56.84632" sp="0.05" color="silver" opacity="100"/>
<line xp1="84.41012" yp1="56.84632" xp2="84.39779" yp2="56.83977" sp="0.05" color="silver" opacity="100"/>
<line xp1="84.39779" yp1="56.83977" xp2="84.33381" yp2="56.80575" sp="0.05" color="silver" opacity="100"/>
<line xp1="84.33381" yp1="56.80575" xp2="84.29047" yp2="56.76148" sp="0.05" color="silver" opacity="100"/>
<line xp1="84.29047" yp1="56.76148" xp2="84.27535" yp2="56.74604" sp="0.05" color="silver" opacity="100"/>
<line xp1="84.27535" yp1="56.74604" xp2="84.16404" yp2="56.71081" sp="0.05" color="silver" opacity="100"/>
<line xp1="84.16404" yp1="56.71081" xp2="84.08959" yp2="56.70309" sp="0.05" color="silver" opacity="100"/>
<line xp1="84.08959" yp1="56.70309" xp2="83.98386" yp2="56.58478" sp="0.05" color="silver" opacity="100"/>
<line xp1="83.98386" yp1="56.58478" xp2="83.97683" yp2="56.57691" sp="0.05" color="silver" opacity="100"/>
<line xp1="83.97683" yp1="56.57691" xp2="83.90856" yp2="56.47375" sp="0.05" color="silver" opacity="100"/>
<line xp1="83.90856" yp1="56.47375" xp2="83.88055" yp2="56.32861" sp="0.05" color="silver" opacity="100"/>
<line xp1="83.88055" yp1="56.32861" xp2="83.83117" yp2="56.24604" sp="0.05" color="silver" opacity="100"/>
<line xp1="83.83117" yp1="56.24604" xp2="83.79209" yp2="56.13489" sp="0.05" color="silver" opacity="100"/>
<line xp1="83.79209" yp1="56.13489" xp2="83.75470" yp2="56.08518" sp="0.05" color="silver" opacity="100"/>
<line xp1="83.75470" yp1="56.08518" xp2="83.75470" yp2="56.08518" sp="0.05" color="silver" opacity="100"/>
<line xp1="32.23201" yp1="33.70443" xp2="32.23070" yp2="32.37858" sp="0.05" color="silver" opacity="100"/>
<line xp1="32.23070" yp1="32.37858" xp2="32.52150" yp2="32.37804" sp="0.05" color="silver" opacity="100"/>
<line xp1="32.52150" yp1="32.37804" xp2="32.75745" yp2="32.38055" sp="0.05" color="silver" opacity="100"/>
<line xp1="32.75745" yp1="32.38055" xp2="33.52527" yp2="32.38113" sp="0.05" color="silver" opacity="100"/>
<line xp1="33.52527" yp1="32.38113" xp2="33.52527" yp2="32.85641" sp="0.05" color="silver" opacity="100"/>
<line xp1="33.52527" yp1="32.85641" xp2="33.52555" yp2="33.66743" sp="0.05" color="silver" opacity="100"/>
<line xp1="33.52555" yp1="33.66743" xp2="34.73501" yp2="33.66743" sp="0.05" color="silver" opacity="100"/>
<line xp1="34.73501" yp1="33.66743" xp2="34.92801" yp2="33.66750" sp="0.05" color="silver" opacity="100"/>
<line xp1="34.92801" yp1="33.66750" xp2="35.39455" yp2="33.66768" sp="0.05" color="silver" opacity="100"/>
<line xp1="35.39455" yp1="33.66768" xp2="36.10503" yp2="33.66831" sp="0.05" color="silver" opacity="100"/>
<line xp1="36.10503" yp1="33.66831" xp2="36.11040" yp2="33.66614" sp="0.05" color="silver" opacity="100"/>
<line xp1="36.11040" yp1="33.66614" xp2="36.02870" yp2="33.75402" sp="0.05" color="silver" opacity="100"/>
<line xp1="36.02870" yp1="33.75402" xp2="35.94480" yp2="33.91861" sp="0.05" color="silver" opacity="100"/>
<line xp1="35.94480" yp1="33.91861" xp2="35.96393" yp2="34.04010" sp="0.05" color="silver" opacity="100"/>
<line xp1="35.96393" yp1="34.04010" xp2="35.95367" yp2="34.20359" sp="0.05" color="silver" opacity="100"/>
<line xp1="35.95367" yp1="34.20359" xp2="35.97156" yp2="34.28713" sp="0.05" color="silver" opacity="100"/>
<line xp1="35.97156" yp1="34.28713" xp2="36.34281" yp2="34.28926" sp="0.05" color="silver" opacity="100"/>
<line xp1="36.34281" yp1="34.28926" xp2="36.61431" yp2="34.29081" sp="0.05" color="silver" opacity="100"/>
<line xp1="36.61431" yp1="34.29081" xp2="36.92620" yp2="34.29136" sp="0.05" color="silver" opacity="100"/>
<line xp1="36.92620" yp1="34.29136" xp2="37.30688" yp2="34.29202" sp="0.05" color="silver" opacity="100"/>
<line xp1="37.30688" yp1="34.29202" xp2="38.22462" yp2="34.28713" sp="0.05" color="silver" opacity="100"/>
<line xp1="38.22462" yp1="34.28713" xp2="38.58714" yp2="34.28706" sp="0.05" color="silver" opacity="100"/>
<line xp1="38.58714" yp1="34.28706" xp2="38.69578" yp2="34.28704" sp="0.05" color="silver" opacity="100"/>
<line xp1="38.69578" yp1="34.28704" xp2="39.00996" yp2="34.28698" sp="0.05" color="silver" opacity="100"/>
<line xp1="39.00996" yp1="34.28698" xp2="39.96228" yp2="34.28574" sp="0.05" color="silver" opacity="100"/>
<line xp1="39.96228" yp1="34.28574" xp2="40.03044" yp2="34.28581" sp="0.05" color="silver" opacity="100"/>
<line xp1="40.03044" yp1="34.28581" xp2="40.42634" yp2="34.28619" sp="0.05" color="silver" opacity="100"/>
<line xp1="40.42634" yp1="34.28619" xp2="41.03615" yp2="34.28677" sp="0.05" color="silver" opacity="100"/>
<line xp1="41.03615" yp1="34.28677" xp2="41.43935" yp2="34.28719" sp="0.05" color="silver" opacity="100"/>
<line xp1="41.43935" yp1="34.28719" xp2="41.43935" yp2="34.53443" sp="0.05" color="silver" opacity="100"/>
<line xp1="41.43935" yp1="34.53443" xp2="41.43935" yp2="34.70002" sp="0.05" color="silver" opacity="100"/>
<line xp1="41.43935" yp1="34.70002" xp2="41.43893" yp2="35.77769" sp="0.05" color="silver" opacity="100"/>
<line xp1="41.43893" yp1="35.77769" xp2="41.43883" yp2="35.96567" sp="0.05" color="silver" opacity="100"/>
<line xp1="41.43883" yp1="35.96567" xp2="41.43863" yp2="36.71245" sp="0.05" color="silver" opacity="100"/>
<line xp1="41.43863" yp1="36.71245" xp2="41.44082" yp2="37.02602" sp="0.05" color="silver" opacity="100"/>
<line xp1="41.44082" yp1="37.02602" xp2="41.44600" yp2="37.76921" sp="0.05" color="silver" opacity="100"/>
<line xp1="41.44600" yp1="37.76921" xp2="41.45155" yp2="38.25261" sp="0.05" color="silver" opacity="100"/>
<line xp1="41.45155" yp1="38.25261" xp2="41.45752" yp2="38.77307" sp="0.05" color="silver" opacity="100"/>
<line xp1="41.45752" yp1="38.77307" xp2="41.45752" yp2="38.77314" sp="0.05" color="silver" opacity="100"/>
<line xp1="41.45752" yp1="38.77314" xp2="41.46562" yp2="39.49907" sp="0.05" color="silver" opacity="100"/>
<line xp1="41.46562" yp1="39.49907" xp2="41.47151" yp2="40.22681" sp="0.05" color="silver" opacity="100"/>
<line xp1="41.47151" yp1="40.22681" xp2="41.47144" yp2="40.32238" sp="0.05" color="silver" opacity="100"/>
<line xp1="41.47144" yp1="40.32238" xp2="41.47102" yp2="40.86471" sp="0.05" color="silver" opacity="100"/>
<line xp1="41.47102" yp1="40.86471" xp2="41.47100" yp2="40.89357" sp="0.05" color="silver" opacity="100"/>
<line xp1="41.47100" yp1="40.89357" xp2="41.47085" yp2="41.08444" sp="0.05" color="silver" opacity="100"/>
<line xp1="41.47085" yp1="41.08444" xp2="41.47220" yp2="41.77081" sp="0.05" color="silver" opacity="100"/>
<line xp1="41.47220" yp1="41.77081" xp2="41.47266" yp2="42.13532" sp="0.05" color="silver" opacity="100"/>
<line xp1="41.47266" yp1="42.13532" xp2="41.47271" yp2="42.72612" sp="0.05" color="silver" opacity="100"/>
<line xp1="41.47271" yp1="42.72612" xp2="41.47275" yp2="43.27067" sp="0.05" color="silver" opacity="100"/>
<line xp1="41.47275" yp1="43.27067" xp2="41.47290" yp2="43.38045" sp="0.05" color="silver" opacity="100"/>
<line xp1="41.47290" yp1="43.38045" xp2="41.47453" yp2="44.63568" sp="0.05" color="silver" opacity="100"/>
<line xp1="41.47453" yp1="44.63568" xp2="41.47484" yp2="44.96981" sp="0.05" color="silver" opacity="100"/>
<line xp1="41.47484" yp1="44.96981" xp2="41.47566" yp2="45.87209" sp="0.05" color="silver" opacity="100"/>
<line xp1="41.47566" yp1="45.87209" xp2="41.47396" yp2="47.14411" sp="0.05" color="silver" opacity="100"/>
<line xp1="41.47396" yp1="47.14411" xp2="41.53472" yp2="47.14399" sp="0.05" color="silver" opacity="100"/>
<line xp1="41.53472" yp1="47.14399" xp2="41.53510" yp2="47.43633" sp="0.05" color="silver" opacity="100"/>
<line xp1="41.53510" yp1="47.43633" xp2="41.53459" yp2="47.64339" sp="0.05" color="silver" opacity="100"/>
<line xp1="41.53459" yp1="47.64339" xp2="41.53544" yp2="48.31307" sp="0.05" color="silver" opacity="100"/>
<line xp1="41.53544" yp1="48.31307" xp2="41.53508" yp2="48.57173" sp="0.05" color="silver" opacity="100"/>
<line xp1="41.53508" yp1="48.57173" xp2="41.40600" yp2="48.57104" sp="0.05" color="silver" opacity="100"/>
<line xp1="41.40600" yp1="48.57104" xp2="40.41039" yp2="48.56576" sp="0.05" color="silver" opacity="100"/>
<line xp1="40.41039" yp1="48.56576" xp2="39.98792" yp2="48.55995" sp="0.05" color="silver" opacity="100"/>
<line xp1="39.98792" yp1="48.55995" xp2="39.47872" yp2="48.55296" sp="0.05" color="silver" opacity="100"/>
<line xp1="39.47872" yp1="48.55296" xp2="38.87380" yp2="48.55271" sp="0.05" color="silver" opacity="100"/>
<line xp1="38.87380" yp1="48.55271" xp2="38.27569" yp2="48.55837" sp="0.05" color="silver" opacity="100"/>
<line xp1="38.27569" yp1="48.55837" xp2="38.22301" yp2="48.55850" sp="0.05" color="silver" opacity="100"/>
<line xp1="38.22301" yp1="48.55850" xp2="38.12230" yp2="48.55875" sp="0.05" color="silver" opacity="100"/>
<line xp1="38.12230" yp1="48.55875" xp2="38.07493" yp2="48.55887" sp="0.05" color="silver" opacity="100"/>
<line xp1="38.07493" yp1="48.55887" xp2="37.81645" yp2="48.55959" sp="0.05" color="silver" opacity="100"/>
<line xp1="37.81645" yp1="48.55959" xp2="37.64012" yp2="48.55964" sp="0.05" color="silver" opacity="100"/>
<line xp1="37.64012" yp1="48.55964" xp2="37.35928" yp2="48.55957" sp="0.05" color="silver" opacity="100"/>
<line xp1="37.35928" yp1="48.55957" xp2="37.35620" yp2="48.55956" sp="0.05" color="silver" opacity="100"/>
<line xp1="37.35620" yp1="48.55956" xp2="36.92697" yp2="48.55833" sp="0.05" color="silver" opacity="100"/>
<line xp1="36.92697" yp1="48.55833" xp2="36.91336" yp2="48.55825" sp="0.05" color="silver" opacity="100"/>
<line xp1="36.91336" yp1="48.55825" xp2="36.39517" yp2="48.55494" sp="0.05" color="silver" opacity="100"/>
<line xp1="36.39517" yp1="48.55494" xp2="36.19041" yp2="48.55364" sp="0.05" color="silver" opacity="100"/>
<line xp1="36.19041" yp1="48.55364" xp2="35.58493" yp2="48.54979" sp="0.05" color="silver" opacity="100"/>
<line xp1="35.58493" yp1="48.54979" xp2="35.57340" yp2="48.57183" sp="0.05" color="silver" opacity="100"/>
<line xp1="35.57340" yp1="48.57183" xp2="34.73706" yp2="48.57144" sp="0.05" color="silver" opacity="100"/>
<line xp1="34.73706" yp1="48.57144" xp2="34.64348" yp2="48.57144" sp="0.05" color="silver" opacity="100"/>
<line xp1="34.64348" yp1="48.57144" xp2="33.84520" yp2="48.57143" sp="0.05" color="silver" opacity="100"/>
<line xp1="33.84520" yp1="48.57143" xp2="33.26261" yp2="48.57018" sp="0.05" color="silver" opacity="100"/>
<line xp1="33.26261" yp1="48.57018" xp2="32.89183" yp2="48.56939" sp="0.05" color="silver" opacity="100"/>
<line xp1="32.89183" yp1="48.56939" xp2="32.23812" yp2="48.56881" sp="0.05" color="silver" opacity="100"/>
<line xp1="32.23812" yp1="48.56881" xp2="32.23780" yp2="48.21311" sp="0.05" color="silver" opacity="100"/>
<line xp1="32.23780" yp1="48.21311" xp2="32.23734" yp2="46.04865" sp="0.05" color="silver" opacity="100"/>
<line xp1="32.23734" yp1="46.04865" xp2="32.23712" yp2="45.72200" sp="0.05" color="silver" opacity="100"/>
<line xp1="32.23712" yp1="45.72200" xp2="32.23689" yp2="45.37086" sp="0.05" color="silver" opacity="100"/>
<line xp1="32.23689" yp1="45.37086" xp2="32.23647" yp2="44.61215" sp="0.05" color="silver" opacity="100"/>
<line xp1="32.23647" yp1="44.61215" xp2="32.23570" yp2="43.89602" sp="0.05" color="silver" opacity="100"/>
<line xp1="32.23570" yp1="43.89602" xp2="32.23638" yp2="43.35859" sp="0.05" color="silver" opacity="100"/>
<line xp1="32.23638" yp1="43.35859" xp2="32.23715" yp2="42.74234" sp="0.05" color="silver" opacity="100"/>
<line xp1="32.23715" yp1="42.74234" xp2="32.23715" yp2="42.74205" sp="0.05" color="silver" opacity="100"/>
<line xp1="32.23715" yp1="42.74205" xp2="32.23671" yp2="41.65512" sp="0.05" color="silver" opacity="100"/>
<line xp1="32.23671" yp1="41.65512" xp2="32.23664" yp2="41.49255" sp="0.05" color="silver" opacity="100"/>
<line xp1="32.23664" yp1="41.49255" xp2="32.23627" yp2="39.64301" sp="0.05" color="silver" opacity="100"/>
<line xp1="32.23627" yp1="39.64301" xp2="32.23599" yp2="39.36402" sp="0.05" color="silver" opacity="100"/>
<line xp1="32.23599" yp1="39.36402" xp2="32.23493" yp2="38.31367" sp="0.05" color="silver" opacity="100"/>
<line xp1="32.23493" yp1="38.31367" xp2="32.23502" yp2="37.73990" sp="0.05" color="silver" opacity="100"/>
<line xp1="32.23502" yp1="37.73990" xp2="32.23502" yp2="37.73970" sp="0.05" color="silver" opacity="100"/>
<line xp1="32.23502" yp1="37.73970" xp2="32.23520" yp2="36.50798" sp="0.05" color="silver" opacity="100"/>
<line xp1="32.23520" yp1="36.50798" xp2="32.23520" yp2="36.50734" sp="0.05" color="silver" opacity="100"/>
<line xp1="32.23520" yp1="36.50734" xp2="32.23444" yp2="35.50393" sp="0.05" color="silver" opacity="100"/>
<line xp1="32.23444" yp1="35.50393" xp2="32.23339" yp2="34.52598" sp="0.05" color="silver" opacity="100"/>
<line xp1="32.23339" yp1="34.52598" xp2="32.23201" yp2="33.70443" sp="0.05" color="silver" opacity="100"/>
<line xp1="32.23201" yp1="33.70443" xp2="32.23201" yp2="33.70443" sp="0.05" color="silver" opacity="100"/>
<line xp1="89.20165" yp1="60.78318" xp2="89.17730" yp2="60.67091" sp="0.05" color="silver" opacity="100"/>
<line xp1="89.17730" yp1="60.67091" xp2="89.35803" yp2="60.71809" sp="0.05" color="silver" opacity="100"/>
<line xp1="89.35803" yp1="60.71809" xp2="89.34338" yp2="60.82892" sp="0.05" color="silver" opacity="100"/>
<line xp1="89.34338" yp1="60.82892" xp2="89.20165" yp2="60.78318" sp="0.05" color="silver" opacity="100"/>
<line xp1="89.20165" yp1="60.78318" xp2="89.20165" yp2="60.78318" sp="0.05" color="silver" opacity="100"/>
<line xp1="77.28931" yp1="63.62817" xp2="77.28904" yp2="63.23213" sp="0.05" color="silver" opacity="100"/>
<line xp1="77.28904" yp1="63.23213" xp2="77.29029" yp2="62.85374" sp="0.05" color="silver" opacity="100"/>
<line xp1="77.29029" yp1="62.85374" xp2="77.52179" yp2="62.85291" sp="0.05" color="silver" opacity="100"/>
<line xp1="77.52179" yp1="62.85291" xp2="77.73466" yp2="62.85216" sp="0.05" color="silver" opacity="100"/>
<line xp1="77.73466" yp1="62.85216" xp2="78.36730" yp2="62.85382" sp="0.05" color="silver" opacity="100"/>
<line xp1="78.36730" yp1="62.85382" xp2="78.48759" yp2="62.85414" sp="0.05" color="silver" opacity="100"/>
<line xp1="78.48759" yp1="62.85414" xp2="78.58631" yp2="62.85458" sp="0.05" color="silver" opacity="100"/>
<line xp1="78.58631" yp1="62.85458" xp2="79.08208" yp2="62.85679" sp="0.05" color="silver" opacity="100"/>
<line xp1="79.08208" yp1="62.85679" xp2="79.52593" yp2="62.85449" sp="0.05" color="silver" opacity="100"/>
<line xp1="79.52593" yp1="62.85449" xp2="79.58276" yp2="62.85419" sp="0.05" color="silver" opacity="100"/>
<line xp1="79.58276" yp1="62.85419" xp2="79.68249" yp2="62.85454" sp="0.05" color="silver" opacity="100"/>
<line xp1="79.68249" yp1="62.85454" xp2="79.95204" yp2="62.85547" sp="0.05" color="silver" opacity="100"/>
<line xp1="79.95204" yp1="62.85547" xp2="80.25842" yp2="62.85293" sp="0.05" color="silver" opacity="100"/>
<line xp1="80.25842" yp1="62.85293" xp2="80.38472" yp2="62.85359" sp="0.05" color="silver" opacity="100"/>
<line xp1="80.38472" yp1="62.85359" xp2="80.59997" yp2="62.85471" sp="0.05" color="silver" opacity="100"/>
<line xp1="80.59997" yp1="62.85471" xp2="81.52672" yp2="62.85957" sp="0.05" color="silver" opacity="100"/>
<line xp1="81.52672" yp1="62.85957" xp2="81.59109" yp2="62.85938" sp="0.05" color="silver" opacity="100"/>
<line xp1="81.59109" yp1="62.85938" xp2="81.65088" yp2="62.85921" sp="0.05" color="silver" opacity="100"/>
<line xp1="81.65088" yp1="62.85921" xp2="82.21828" yp2="62.85759" sp="0.05" color="silver" opacity="100"/>
<line xp1="82.21828" yp1="62.85759" xp2="82.21893" yp2="62.85757" sp="0.05" color="silver" opacity="100"/>
<line xp1="82.21893" yp1="62.85757" xp2="82.34918" yp2="62.85449" sp="0.05" color="silver" opacity="100"/>
<line xp1="82.34918" yp1="62.85449" xp2="82.36592" yp2="62.85410" sp="0.05" color="silver" opacity="100"/>
<line xp1="82.36592" yp1="62.85410" xp2="82.85305" yp2="62.85390" sp="0.05" color="silver" opacity="100"/>
<line xp1="82.85305" yp1="62.85390" xp2="82.91409" yp2="62.85388" sp="0.05" color="silver" opacity="100"/>
<line xp1="82.91409" yp1="62.85388" xp2="83.27588" yp2="62.85379" sp="0.05" color="silver" opacity="100"/>
<line xp1="83.27588" yp1="62.85379" xp2="83.76443" yp2="62.85513" sp="0.05" color="silver" opacity="100"/>
<line xp1="83.76443" yp1="62.85513" xp2="83.87209" yp2="62.85542" sp="0.05" color="silver" opacity="100"/>
<line xp1="83.87209" yp1="62.85542" xp2="83.88132" yp2="62.85545" sp="0.05" color="silver" opacity="100"/>
<line xp1="83.88132" yp1="62.85545" xp2="84.06164" yp2="62.83911" sp="0.05" color="silver" opacity="100"/>
<line xp1="84.06164" yp1="62.83911" xp2="84.09058" yp2="62.83649" sp="0.05" color="silver" opacity="100"/>
<line xp1="84.09058" yp1="62.83649" xp2="84.16652" yp2="62.70598" sp="0.05" color="silver" opacity="100"/>
<line xp1="84.16652" yp1="62.70598" xp2="84.21076" yp2="62.52888" sp="0.05" color="silver" opacity="100"/>
<line xp1="84.21076" yp1="62.52888" xp2="84.32276" yp2="62.46415" sp="0.05" color="silver" opacity="100"/>
<line xp1="84.32276" yp1="62.46415" xp2="84.39186" yp2="62.42782" sp="0.05" color="silver" opacity="100"/>
<line xp1="84.39186" yp1="62.42782" xp2="84.44097" yp2="62.40199" sp="0.05" color="silver" opacity="100"/>
<line xp1="84.44097" yp1="62.40199" xp2="84.50090" yp2="62.29197" sp="0.05" color="silver" opacity="100"/>
<line xp1="84.50090" yp1="62.29197" xp2="84.53318" yp2="62.15011" sp="0.05" color="silver" opacity="100"/>
<line xp1="84.53318" yp1="62.15011" xp2="84.53957" yp2="61.83389" sp="0.05" color="silver" opacity="100"/>
<line xp1="84.53957" yp1="61.83389" xp2="84.54431" yp2="61.72504" sp="0.05" color="silver" opacity="100"/>
<line xp1="84.54431" yp1="61.72504" xp2="84.54788" yp2="61.64313" sp="0.05" color="silver" opacity="100"/>
<line xp1="84.54788" yp1="61.64313" xp2="84.64236" yp2="61.41848" sp="0.05" color="silver" opacity="100"/>
<line xp1="84.64236" yp1="61.41848" xp2="84.78406" yp2="61.30093" sp="0.05" color="silver" opacity="100"/>
<line xp1="84.78406" yp1="61.30093" xp2="84.92378" yp2="61.23226" sp="0.05" color="silver" opacity="100"/>
<line xp1="84.92378" yp1="61.23226" xp2="84.99035" yp2="61.22179" sp="0.05" color="silver" opacity="100"/>
<line xp1="84.99035" yp1="61.22179" xp2="85.02324" yp2="61.21662" sp="0.05" color="silver" opacity="100"/>
<line xp1="85.02324" yp1="61.21662" xp2="85.08475" yp2="61.02121" sp="0.05" color="silver" opacity="100"/>
<line xp1="85.08475" yp1="61.02121" xp2="85.44987" yp2="60.70921" sp="0.05" color="silver" opacity="100"/>
<line xp1="85.44987" yp1="60.70921" xp2="85.58917" yp2="60.58346" sp="0.05" color="silver" opacity="100"/>
<line xp1="85.58917" yp1="60.58346" xp2="85.68924" yp2="60.49313" sp="0.05" color="silver" opacity="100"/>
<line xp1="85.68924" yp1="60.49313" xp2="85.79309" yp2="60.40826" sp="0.05" color="silver" opacity="100"/>
<line xp1="85.79309" yp1="60.40826" xp2="85.79312" yp2="60.40824" sp="0.05" color="silver" opacity="100"/>
<line xp1="85.79312" yp1="60.40824" xp2="85.82828" yp2="60.37995" sp="0.05" color="silver" opacity="100"/>
<line xp1="85.82828" yp1="60.37995" xp2="86.09069" yp2="60.16882" sp="0.05" color="silver" opacity="100"/>
<line xp1="86.09069" yp1="60.16882" xp2="86.31696" yp2="59.99199" sp="0.05" color="silver" opacity="100"/>
<line xp1="86.31696" yp1="59.99199" xp2="86.29649" yp2="59.86142" sp="0.05" color="silver" opacity="100"/>
<line xp1="86.29649" yp1="59.86142" xp2="86.27618" yp2="59.76736" sp="0.05" color="silver" opacity="100"/>
<line xp1="86.27618" yp1="59.76736" xp2="86.27380" yp2="59.75634" sp="0.05" color="silver" opacity="100"/>
<line xp1="86.27380" yp1="59.75634" xp2="86.25401" yp2="59.66471" sp="0.05" color="silver" opacity="100"/>
<line xp1="86.25401" yp1="59.66471" xp2="86.24911" yp2="59.64200" sp="0.05" color="silver" opacity="100"/>
<line xp1="86.24911" yp1="59.64200" xp2="86.23464" yp2="59.59364" sp="0.05" color="silver" opacity="100"/>
<line xp1="86.23464" yp1="59.59364" xp2="86.20641" yp2="59.49927" sp="0.05" color="silver" opacity="100"/>
<line xp1="86.20641" yp1="59.49927" xp2="86.20295" yp2="59.48771" sp="0.05" color="silver" opacity="100"/>
<line xp1="86.20295" yp1="59.48771" xp2="86.19814" yp2="59.47517" sp="0.05" color="silver" opacity="100"/>
<line xp1="86.19814" yp1="59.47517" xp2="86.17756" yp2="59.42158" sp="0.05" color="silver" opacity="100"/>
<line xp1="86.17756" yp1="59.42158" xp2="86.13264" yp2="59.30457" sp="0.05" color="silver" opacity="100"/>
<line xp1="86.13264" yp1="59.30457" xp2="86.11771" yp2="59.24987" sp="0.05" color="silver" opacity="100"/>
<line xp1="86.11771" yp1="59.24987" xp2="86.11441" yp2="59.23778" sp="0.05" color="silver" opacity="100"/>
<line xp1="86.11441" yp1="59.23778" xp2="86.10627" yp2="59.20796" sp="0.05" color="silver" opacity="100"/>
<line xp1="86.10627" yp1="59.20796" xp2="86.09053" yp2="59.15031" sp="0.05" color="silver" opacity="100"/>
<line xp1="86.09053" yp1="59.15031" xp2="86.08148" yp2="59.11716" sp="0.05" color="silver" opacity="100"/>
<line xp1="86.08148" yp1="59.11716" xp2="86.08106" yp2="59.11562" sp="0.05" color="silver" opacity="100"/>
<line xp1="86.08106" yp1="59.11562" xp2="86.04966" yp2="59.05823" sp="0.05" color="silver" opacity="100"/>
<line xp1="86.04966" yp1="59.05823" xp2="86.04448" yp2="59.04875" sp="0.05" color="silver" opacity="100"/>
<line xp1="86.04448" yp1="59.04875" xp2="86.02030" yp2="59.00456" sp="0.05" color="silver" opacity="100"/>
<line xp1="86.02030" yp1="59.00456" xp2="85.90747" yp2="58.98879" sp="0.05" color="silver" opacity="100"/>
<line xp1="85.90747" yp1="58.98879" xp2="85.89137" yp2="58.98654" sp="0.05" color="silver" opacity="100"/>
<line xp1="85.89137" yp1="58.98654" xp2="85.84587" yp2="58.94811" sp="0.05" color="silver" opacity="100"/>
<line xp1="85.84587" yp1="58.94811" xp2="85.84270" yp2="58.94544" sp="0.05" color="silver" opacity="100"/>
<line xp1="85.84270" yp1="58.94544" xp2="85.84048" yp2="58.83626" sp="0.05" color="silver" opacity="100"/>
<line xp1="85.84048" yp1="58.83626" xp2="85.82025" yp2="58.73891" sp="0.05" color="silver" opacity="100"/>
<line xp1="85.82025" yp1="58.73891" xp2="85.77044" yp2="58.70018" sp="0.05" color="silver" opacity="100"/>
<line xp1="85.77044" yp1="58.70018" xp2="85.75291" yp2="58.57839" sp="0.05" color="silver" opacity="100"/>
<line xp1="85.75291" yp1="58.57839" xp2="85.84627" yp2="58.60494" sp="0.05" color="silver" opacity="100"/>
<line xp1="85.84627" yp1="58.60494" xp2="85.98064" yp2="58.70744" sp="0.05" color="silver" opacity="100"/>
<line xp1="85.98064" yp1="58.70744" xp2="86.06567" yp2="58.85013" sp="0.05" color="silver" opacity="100"/>
<line xp1="86.06567" yp1="58.85013" xp2="86.09543" yp2="58.82735" sp="0.05" color="silver" opacity="100"/>
<line xp1="86.09543" yp1="58.82735" xp2="86.09760" yp2="58.82568" sp="0.05" color="silver" opacity="100"/>
<line xp1="86.09760" yp1="58.82568" xp2="86.16716" yp2="58.77243" sp="0.05" color="silver" opacity="100"/>
<line xp1="86.16716" yp1="58.77243" xp2="86.19417" yp2="58.74530" sp="0.05" color="silver" opacity="100"/>
<line xp1="86.19417" yp1="58.74530" xp2="86.24524" yp2="58.69399" sp="0.05" color="silver" opacity="100"/>
<line xp1="86.24524" yp1="58.69399" xp2="86.42232" yp2="58.78900" sp="0.05" color="silver" opacity="100"/>
<line xp1="86.42232" yp1="58.78900" xp2="86.50011" yp2="58.83074" sp="0.05" color="silver" opacity="100"/>
<line xp1="86.50011" yp1="58.83074" xp2="86.53751" yp2="58.82663" sp="0.05" color="silver" opacity="100"/>
<line xp1="86.53751" yp1="58.82663" xp2="86.70630" yp2="58.80807" sp="0.05" color="silver" opacity="100"/>
<line xp1="86.70630" yp1="58.80807" xp2="86.91181" yp2="58.83832" sp="0.05" color="silver" opacity="100"/>
<line xp1="86.91181" yp1="58.83832" xp2="86.94636" yp2="58.85359" sp="0.05" color="silver" opacity="100"/>
<line xp1="86.94636" yp1="58.85359" xp2="87.03982" yp2="58.89489" sp="0.05" color="silver" opacity="100"/>
<line xp1="87.03982" yp1="58.89489" xp2="87.15159" yp2="58.94429" sp="0.05" color="silver" opacity="100"/>
<line xp1="87.15159" yp1="58.94429" xp2="87.22093" yp2="58.91645" sp="0.05" color="silver" opacity="100"/>
<line xp1="87.22093" yp1="58.91645" xp2="87.37163" yp2="58.94538" sp="0.05" color="silver" opacity="100"/>
<line xp1="87.37163" yp1="58.94538" xp2="87.46757" yp2="58.98974" sp="0.05" color="silver" opacity="100"/>
<line xp1="87.46757" yp1="58.98974" xp2="87.67301" yp2="59.08472" sp="0.05" color="silver" opacity="100"/>
<line xp1="87.67301" yp1="59.08472" xp2="87.81044" yp2="59.18081" sp="0.05" color="silver" opacity="100"/>
<line xp1="87.81044" yp1="59.18081" xp2="88.06588" yp2="59.32677" sp="0.05" color="silver" opacity="100"/>
<line xp1="88.06588" yp1="59.32677" xp2="88.62177" yp2="59.61903" sp="0.05" color="silver" opacity="100"/>
<line xp1="88.62177" yp1="59.61903" xp2="88.77119" yp2="59.72329" sp="0.05" color="silver" opacity="100"/>
<line xp1="88.77119" yp1="59.72329" xp2="89.08097" yp2="59.88251" sp="0.05" color="silver" opacity="100"/>
<line xp1="89.08097" yp1="59.88251" xp2="89.32773" yp2="60.01753" sp="0.05" color="silver" opacity="100"/>
<line xp1="89.32773" yp1="60.01753" xp2="89.45198" yp2="60.20171" sp="0.05" color="silver" opacity="100"/>
<line xp1="89.45198" yp1="60.20171" xp2="89.35479" yp2="60.23005" sp="0.05" color="silver" opacity="100"/>
<line xp1="89.35479" yp1="60.23005" xp2="89.29293" yp2="60.20353" sp="0.05" color="silver" opacity="100"/>
<line xp1="89.29293" yp1="60.20353" xp2="89.15088" yp2="60.05859" sp="0.05" color="silver" opacity="100"/>
<line xp1="89.15088" yp1="60.05859" xp2="89.08352" yp2="60.15434" sp="0.05" color="silver" opacity="100"/>
<line xp1="89.08352" yp1="60.15434" xp2="89.10122" yp2="60.29007" sp="0.05" color="silver" opacity="100"/>
<line xp1="89.10122" yp1="60.29007" xp2="89.03584" yp2="60.32897" sp="0.05" color="silver" opacity="100"/>
<line xp1="89.03584" yp1="60.32897" xp2="88.98016" yp2="60.15196" sp="0.05" color="silver" opacity="100"/>
<line xp1="88.98016" yp1="60.15196" xp2="88.89619" yp2="60.11603" sp="0.05" color="silver" opacity="100"/>
<line xp1="88.89619" yp1="60.11603" xp2="88.79524" yp2="60.19393" sp="0.05" color="silver" opacity="100"/>
<line xp1="88.79524" yp1="60.19393" xp2="88.83892" yp2="60.31672" sp="0.05" color="silver" opacity="100"/>
<line xp1="88.83892" yp1="60.31672" xp2="88.95072" yp2="60.50956" sp="0.05" color="silver" opacity="100"/>
<line xp1="88.95072" yp1="60.50956" xp2="88.93975" yp2="60.55300" sp="0.05" color="silver" opacity="100"/>
<line xp1="88.93975" yp1="60.55300" xp2="88.78291" yp2="60.44535" sp="0.05" color="silver" opacity="100"/>
<line xp1="88.78291" yp1="60.44535" xp2="88.68596" yp2="60.39986" sp="0.05" color="silver" opacity="100"/>
<line xp1="88.68596" yp1="60.39986" xp2="88.63106" yp2="60.30944" sp="0.05" color="silver" opacity="100"/>
<line xp1="88.63106" yp1="60.30944" xp2="88.54578" yp2="60.24605" sp="0.05" color="silver" opacity="100"/>
<line xp1="88.54578" yp1="60.24605" xp2="88.45492" yp2="60.12380" sp="0.05" color="silver" opacity="100"/>
<line xp1="88.45492" yp1="60.12380" xp2="88.33027" yp2="59.99311" sp="0.05" color="silver" opacity="100"/>
<line xp1="88.33027" yp1="59.99311" xp2="88.14143" yp2="59.93672" sp="0.05" color="silver" opacity="100"/>
<line xp1="88.14143" yp1="59.93672" xp2="87.90795" yp2="59.90311" sp="0.05" color="silver" opacity="100"/>
<line xp1="87.90795" yp1="59.90311" xp2="87.63008" yp2="59.89857" sp="0.05" color="silver" opacity="100"/>
<line xp1="87.63008" yp1="59.89857" xp2="87.52251" yp2="59.91982" sp="0.05" color="silver" opacity="100"/>
<line xp1="87.52251" yp1="59.91982" xp2="87.46973" yp2="59.87383" sp="0.05" color="silver" opacity="100"/>
<line xp1="87.46973" yp1="59.87383" xp2="87.46309" yp2="59.79685" sp="0.05" color="silver" opacity="100"/>
<line xp1="87.46309" yp1="59.79685" xp2="87.33956" yp2="59.72892" sp="0.05" color="silver" opacity="100"/>
<line xp1="87.33956" yp1="59.72892" xp2="87.32950" yp2="59.73340" sp="0.05" color="silver" opacity="100"/>
<line xp1="87.32950" yp1="59.73340" xp2="87.18252" yp2="59.79885" sp="0.05" color="silver" opacity="100"/>
<line xp1="87.18252" yp1="59.79885" xp2="87.08790" yp2="59.87228" sp="0.05" color="silver" opacity="100"/>
<line xp1="87.08790" yp1="59.87228" xp2="87.02052" yp2="59.81399" sp="0.05" color="silver" opacity="100"/>
<line xp1="87.02052" yp1="59.81399" xp2="86.94559" yp2="59.84685" sp="0.05" color="silver" opacity="100"/>
<line xp1="86.94559" yp1="59.84685" xp2="86.92715" yp2="59.78052" sp="0.05" color="silver" opacity="100"/>
<line xp1="86.92715" yp1="59.78052" xp2="86.92317" yp2="59.76619" sp="0.05" color="silver" opacity="100"/>
<line xp1="86.92317" yp1="59.76619" xp2="86.74220" yp2="59.70828" sp="0.05" color="silver" opacity="100"/>
<line xp1="86.74220" yp1="59.70828" xp2="86.68558" yp2="59.65200" sp="0.05" color="silver" opacity="100"/>
<line xp1="86.68558" yp1="59.65200" xp2="86.59435" yp2="59.62885" sp="0.05" color="silver" opacity="100"/>
<line xp1="86.59435" yp1="59.62885" xp2="86.55200" yp2="59.64530" sp="0.05" color="silver" opacity="100"/>
<line xp1="86.55200" yp1="59.64530" xp2="86.51342" yp2="59.66028" sp="0.05" color="silver" opacity="100"/>
<line xp1="86.51342" yp1="59.66028" xp2="86.52804" yp2="59.75028" sp="0.05" color="silver" opacity="100"/>
<line xp1="86.52804" yp1="59.75028" xp2="86.61850" yp2="59.82742" sp="0.05" color="silver" opacity="100"/>
<line xp1="86.61850" yp1="59.82742" xp2="86.68102" yp2="59.95763" sp="0.05" color="silver" opacity="100"/>
<line xp1="86.68102" yp1="59.95763" xp2="86.68096" yp2="59.95864" sp="0.05" color="silver" opacity="100"/>
<line xp1="86.68096" yp1="59.95864" xp2="86.67790" yp2="60.01153" sp="0.05" color="silver" opacity="100"/>
<line xp1="86.67790" yp1="60.01153" xp2="86.67764" yp2="60.05102" sp="0.05" color="silver" opacity="100"/>
<line xp1="86.67764" yp1="60.05102" xp2="86.57265" yp2="60.28770" sp="0.05" color="silver" opacity="100"/>
<line xp1="86.57265" yp1="60.28770" xp2="86.62164" yp2="60.32930" sp="0.05" color="silver" opacity="100"/>
<line xp1="86.62164" yp1="60.32930" xp2="86.94968" yp2="60.60789" sp="0.05" color="silver" opacity="100"/>
<line xp1="86.94968" yp1="60.60789" xp2="86.84468" yp2="60.84406" sp="0.05" color="silver" opacity="100"/>
<line xp1="86.84468" yp1="60.84406" xp2="86.85518" yp2="61.04710" sp="0.05" color="silver" opacity="100"/>
<line xp1="86.85518" yp1="61.04710" xp2="86.85645" yp2="61.07175" sp="0.05" color="silver" opacity="100"/>
<line xp1="86.85645" yp1="61.07175" xp2="86.85664" yp2="61.07542" sp="0.05" color="silver" opacity="100"/>
<line xp1="86.85664" yp1="61.07542" xp2="86.85670" yp2="61.07649" sp="0.05" color="silver" opacity="100"/>
<line xp1="86.85670" yp1="61.07649" xp2="86.86620" yp2="61.26027" sp="0.05" color="silver" opacity="100"/>
<line xp1="86.86620" yp1="61.26027" xp2="86.87742" yp2="61.50617" sp="0.05" color="silver" opacity="100"/>
<line xp1="86.87742" yp1="61.50617" xp2="86.89228" yp2="61.83199" sp="0.05" color="silver" opacity="100"/>
<line xp1="86.89228" yp1="61.83199" xp2="86.89551" yp2="61.90492" sp="0.05" color="silver" opacity="100"/>
<line xp1="86.89551" yp1="61.90492" xp2="86.91537" yp2="62.35364" sp="0.05" color="silver" opacity="100"/>
<line xp1="86.91537" yp1="62.35364" xp2="86.94259" yp2="62.99897" sp="0.05" color="silver" opacity="100"/>
<line xp1="86.94259" yp1="62.99897" xp2="86.93895" yp2="63.01085" sp="0.05" color="silver" opacity="100"/>
<line xp1="86.93895" yp1="63.01085" xp2="86.91055" yp2="63.10359" sp="0.05" color="silver" opacity="100"/>
<line xp1="86.91055" yp1="63.10359" xp2="87.06055" yp2="63.86213" sp="0.05" color="silver" opacity="100"/>
<line xp1="87.06055" yp1="63.86213" xp2="87.14996" yp2="64.31429" sp="0.05" color="silver" opacity="100"/>
<line xp1="87.14996" yp1="64.31429" xp2="87.21999" yp2="64.66472" sp="0.05" color="silver" opacity="100"/>
<line xp1="87.21999" yp1="64.66472" xp2="87.28468" yp2="64.98840" sp="0.05" color="silver" opacity="100"/>
<line xp1="87.28468" yp1="64.98840" xp2="87.24470" yp2="65.14834" sp="0.05" color="silver" opacity="100"/>
<line xp1="87.24470" yp1="65.14834" xp2="87.26358" yp2="65.23831" sp="0.05" color="silver" opacity="100"/>
<line xp1="87.26358" yp1="65.23831" xp2="87.27103" yp2="65.55323" sp="0.05" color="silver" opacity="100"/>
<line xp1="87.27103" yp1="65.55323" xp2="87.27686" yp2="65.80012" sp="0.05" color="silver" opacity="100"/>
<line xp1="87.27686" yp1="65.80012" xp2="87.27726" yp2="65.81692" sp="0.05" color="silver" opacity="100"/>
<line xp1="87.27726" yp1="65.81692" xp2="87.29944" yp2="66.61296" sp="0.05" color="silver" opacity="100"/>
<line xp1="87.29944" yp1="66.61296" xp2="87.30334" yp2="66.75284" sp="0.05" color="silver" opacity="100"/>
<line xp1="87.30334" yp1="66.75284" xp2="87.31994" yp2="67.24264" sp="0.05" color="silver" opacity="100"/>
<line xp1="87.31994" yp1="67.24264" xp2="87.24290" yp2="67.38431" sp="0.05" color="silver" opacity="100"/>
<line xp1="87.24290" yp1="67.38431" xp2="87.18815" yp2="67.50261" sp="0.05" color="silver" opacity="100"/>
<line xp1="87.18815" yp1="67.50261" xp2="87.08344" yp2="67.33739" sp="0.05" color="silver" opacity="100"/>
<line xp1="87.08344" yp1="67.33739" xp2="87.03850" yp2="67.42507" sp="0.05" color="silver" opacity="100"/>
<line xp1="87.03850" yp1="67.42507" xp2="87.05454" yp2="67.59488" sp="0.05" color="silver" opacity="100"/>
<line xp1="87.05454" yp1="67.59488" xp2="87.08658" yp2="67.71200" sp="0.05" color="silver" opacity="100"/>
<line xp1="87.08658" yp1="67.71200" xp2="87.13676" yp2="67.86638" sp="0.05" color="silver" opacity="100"/>
<line xp1="87.13676" yp1="67.86638" xp2="87.15276" yp2="67.91561" sp="0.05" color="silver" opacity="100"/>
<line xp1="87.15276" yp1="67.91561" xp2="87.10381" yp2="68.02331" sp="0.05" color="silver" opacity="100"/>
<line xp1="87.10381" yp1="68.02331" xp2="87.09184" yp2="68.04963" sp="0.05" color="silver" opacity="100"/>
<line xp1="87.09184" yp1="68.04963" xp2="87.11684" yp2="68.21589" sp="0.05" color="silver" opacity="100"/>
<line xp1="87.11684" yp1="68.21589" xp2="87.06501" yp2="68.37111" sp="0.05" color="silver" opacity="100"/>
<line xp1="87.06501" yp1="68.37111" xp2="87.05962" yp2="68.50170" sp="0.05" color="silver" opacity="100"/>
<line xp1="87.05962" yp1="68.50170" xp2="87.06773" yp2="68.60424" sp="0.05" color="silver" opacity="100"/>
<line xp1="87.06773" yp1="68.60424" xp2="87.02018" yp2="68.69308" sp="0.05" color="silver" opacity="100"/>
<line xp1="87.02018" yp1="68.69308" xp2="87.05182" yp2="68.85549" sp="0.05" color="silver" opacity="100"/>
<line xp1="87.05182" yp1="68.85549" xp2="87.07728" yp2="69.00803" sp="0.05" color="silver" opacity="100"/>
<line xp1="87.07728" yp1="69.00803" xp2="87.08400" yp2="69.04829" sp="0.05" color="silver" opacity="100"/>
<line xp1="87.08400" yp1="69.04829" xp2="87.15402" yp2="69.22959" sp="0.05" color="silver" opacity="100"/>
<line xp1="87.15402" yp1="69.22959" xp2="87.20520" yp2="69.30791" sp="0.05" color="silver" opacity="100"/>
<line xp1="87.20520" yp1="69.30791" xp2="87.20391" yp2="69.32435" sp="0.05" color="silver" opacity="100"/>
<line xp1="87.20391" yp1="69.32435" xp2="87.19349" yp2="69.45721" sp="0.05" color="silver" opacity="100"/>
<line xp1="87.19349" yp1="69.45721" xp2="87.17748" yp2="69.59108" sp="0.05" color="silver" opacity="100"/>
<line xp1="87.17748" yp1="69.59108" xp2="87.19853" yp2="69.66477" sp="0.05" color="silver" opacity="100"/>
<line xp1="87.19853" yp1="69.66477" xp2="87.24060" yp2="69.83017" sp="0.05" color="silver" opacity="100"/>
<line xp1="87.24060" yp1="69.83017" xp2="87.21097" yp2="70.02070" sp="0.05" color="silver" opacity="100"/>
<line xp1="87.21097" yp1="70.02070" xp2="87.15695" yp2="70.13189" sp="0.05" color="silver" opacity="100"/>
<line xp1="87.15695" yp1="70.13189" xp2="87.13283" yp2="70.18154" sp="0.05" color="silver" opacity="100"/>
<line xp1="87.13283" yp1="70.18154" xp2="87.12727" yp2="70.19299" sp="0.05" color="silver" opacity="100"/>
<line xp1="87.12727" yp1="70.19299" xp2="87.09236" yp2="70.34177" sp="0.05" color="silver" opacity="100"/>
<line xp1="87.09236" yp1="70.34177" xp2="87.12991" yp2="70.57228" sp="0.05" color="silver" opacity="100"/>
<line xp1="87.12991" yp1="70.57228" xp2="87.14204" yp2="70.71719" sp="0.05" color="silver" opacity="100"/>
<line xp1="87.14204" yp1="70.71719" xp2="87.17568" yp2="70.85473" sp="0.05" color="silver" opacity="100"/>
<line xp1="87.17568" yp1="70.85473" xp2="87.17780" yp2="70.86339" sp="0.05" color="silver" opacity="100"/>
<line xp1="87.17780" yp1="70.86339" xp2="87.12973" yp2="70.93272" sp="0.05" color="silver" opacity="100"/>
<line xp1="87.12973" yp1="70.93272" xp2="87.10797" yp2="71.02011" sp="0.05" color="silver" opacity="100"/>
<line xp1="87.10797" yp1="71.02011" xp2="87.17080" yp2="71.19337" sp="0.05" color="silver" opacity="100"/>
<line xp1="87.17080" yp1="71.19337" xp2="87.16194" yp2="71.34419" sp="0.05" color="silver" opacity="100"/>
<line xp1="87.16194" yp1="71.34419" xp2="87.16442" yp2="71.45954" sp="0.05" color="silver" opacity="100"/>
<line xp1="87.16442" yp1="71.45954" xp2="86.70813" yp2="71.43847" sp="0.05" color="silver" opacity="100"/>
<line xp1="86.70813" yp1="71.43847" xp2="86.34677" yp2="71.43207" sp="0.05" color="silver" opacity="100"/>
<line xp1="86.34677" yp1="71.43207" xp2="86.11164" yp2="71.42104" sp="0.05" color="silver" opacity="100"/>
<line xp1="86.11164" yp1="71.42104" xp2="85.79364" yp2="71.40614" sp="0.05" color="silver" opacity="100"/>
<line xp1="85.79364" yp1="71.40614" xp2="85.48164" yp2="71.41765" sp="0.05" color="silver" opacity="100"/>
<line xp1="85.48164" yp1="71.41765" xp2="85.21377" yp2="71.42629" sp="0.05" color="silver" opacity="100"/>
<line xp1="85.21377" yp1="71.42629" xp2="85.16194" yp2="71.42008" sp="0.05" color="silver" opacity="100"/>
<line xp1="85.16194" yp1="71.42008" xp2="85.03721" yp2="71.40512" sp="0.05" color="silver" opacity="100"/>
<line xp1="85.03721" yp1="71.40512" xp2="85.00825" yp2="71.40165" sp="0.05" color="silver" opacity="100"/>
<line xp1="85.00825" yp1="71.40165" xp2="84.86974" yp2="71.47052" sp="0.05" color="silver" opacity="100"/>
<line xp1="84.86974" yp1="71.47052" xp2="84.75699" yp2="71.38103" sp="0.05" color="silver" opacity="100"/>
<line xp1="84.75699" yp1="71.38103" xp2="84.62653" yp2="71.36414" sp="0.05" color="silver" opacity="100"/>
<line xp1="84.62653" yp1="71.36414" xp2="84.60745" yp2="71.30972" sp="0.05" color="silver" opacity="100"/>
<line xp1="84.60745" yp1="71.30972" xp2="84.51347" yp2="71.22907" sp="0.05" color="silver" opacity="100"/>
<line xp1="84.51347" yp1="71.22907" xp2="84.39545" yp2="71.14353" sp="0.05" color="silver" opacity="100"/>
<line xp1="84.39545" yp1="71.14353" xp2="84.22228" yp2="71.02186" sp="0.05" color="silver" opacity="100"/>
<line xp1="84.22228" yp1="71.02186" xp2="84.10193" yp2="70.87537" sp="0.05" color="silver" opacity="100"/>
<line xp1="84.10193" yp1="70.87537" xp2="83.96316" yp2="70.73237" sp="0.05" color="silver" opacity="100"/>
<line xp1="83.96316" yp1="70.73237" xp2="83.74244" yp2="70.45345" sp="0.05" color="silver" opacity="100"/>
<line xp1="83.74244" yp1="70.45345" xp2="83.43657" yp2="70.04529" sp="0.05" color="silver" opacity="100"/>
<line xp1="83.43657" yp1="70.04529" xp2="83.37265" yp2="69.91898" sp="0.05" color="silver" opacity="100"/>
<line xp1="83.37265" yp1="69.91898" xp2="83.33211" yp2="69.77838" sp="0.05" color="silver" opacity="100"/>
<line xp1="83.33211" yp1="69.77838" xp2="83.29035" yp2="69.72912" sp="0.05" color="silver" opacity="100"/>
<line xp1="83.29035" yp1="69.72912" xp2="83.15455" yp2="69.56894" sp="0.05" color="silver" opacity="100"/>
<line xp1="83.15455" yp1="69.56894" xp2="83.07539" yp2="69.56438" sp="0.05" color="silver" opacity="100"/>
<line xp1="83.07539" yp1="69.56438" xp2="82.92715" yp2="69.42728" sp="0.05" color="silver" opacity="100"/>
<line xp1="82.92715" yp1="69.42728" xp2="82.82795" yp2="69.37365" sp="0.05" color="silver" opacity="100"/>
<line xp1="82.82795" yp1="69.37365" xp2="82.82421" yp2="69.25601" sp="0.05" color="silver" opacity="100"/>
<line xp1="82.82421" yp1="69.25601" xp2="82.75880" yp2="69.18441" sp="0.05" color="silver" opacity="100"/>
<line xp1="82.75880" yp1="69.18441" xp2="82.63608" yp2="69.15364" sp="0.05" color="silver" opacity="100"/>
<line xp1="82.63608" yp1="69.15364" xp2="82.56218" yp2="69.04270" sp="0.05" color="silver" opacity="100"/>
<line xp1="82.56218" yp1="69.04270" xp2="82.52972" yp2="68.95217" sp="0.05" color="silver" opacity="100"/>
<line xp1="82.52972" yp1="68.95217" xp2="82.50661" yp2="68.85857" sp="0.05" color="silver" opacity="100"/>
<line xp1="82.50661" yp1="68.85857" xp2="82.52025" yp2="68.77920" sp="0.05" color="silver" opacity="100"/>
<line xp1="82.52025" yp1="68.77920" xp2="82.49914" yp2="68.66153" sp="0.05" color="silver" opacity="100"/>
<line xp1="82.49914" yp1="68.66153" xp2="82.60358" yp2="68.64365" sp="0.05" color="silver" opacity="100"/>
<line xp1="82.60358" yp1="68.64365" xp2="82.64721" yp2="68.49275" sp="0.05" color="silver" opacity="100"/>
<line xp1="82.64721" yp1="68.49275" xp2="82.44286" yp2="68.35907" sp="0.05" color="silver" opacity="100"/>
<line xp1="82.44286" yp1="68.35907" xp2="82.39716" yp2="68.23675" sp="0.05" color="silver" opacity="100"/>
<line xp1="82.39716" yp1="68.23675" xp2="82.52148" yp2="68.20739" sp="0.05" color="silver" opacity="100"/>
<line xp1="82.52148" yp1="68.20739" xp2="82.62037" yp2="68.16308" sp="0.05" color="silver" opacity="100"/>
<line xp1="82.62037" yp1="68.16308" xp2="82.72420" yp2="68.01181" sp="0.05" color="silver" opacity="100"/>
<line xp1="82.72420" yp1="68.01181" xp2="82.74892" yp2="67.86718" sp="0.05" color="silver" opacity="100"/>
<line xp1="82.74892" yp1="67.86718" xp2="82.76695" yp2="67.65796" sp="0.05" color="silver" opacity="100"/>
<line xp1="82.76695" yp1="67.65796" xp2="82.77447" yp2="67.57075" sp="0.05" color="silver" opacity="100"/>
<line xp1="82.77447" yp1="67.57075" xp2="82.76389" yp2="67.35708" sp="0.05" color="silver" opacity="100"/>
<line xp1="82.76389" yp1="67.35708" xp2="82.71410" yp2="67.22645" sp="0.05" color="silver" opacity="100"/>
<line xp1="82.71410" yp1="67.22645" xp2="82.58508" yp2="67.17793" sp="0.05" color="silver" opacity="100"/>
<line xp1="82.58508" yp1="67.17793" xp2="82.50946" yp2="67.21663" sp="0.05" color="silver" opacity="100"/>
<line xp1="82.50946" yp1="67.21663" xp2="82.50624" yp2="67.21608" sp="0.05" color="silver" opacity="100"/>
<line xp1="82.50624" yp1="67.21608" xp2="82.43449" yp2="67.20367" sp="0.05" color="silver" opacity="100"/>
<line xp1="82.43449" yp1="67.20367" xp2="82.28326" yp2="67.06039" sp="0.05" color="silver" opacity="100"/>
<line xp1="82.28326" yp1="67.06039" xp2="82.12736" yp2="66.91479" sp="0.05" color="silver" opacity="100"/>
<line xp1="82.12736" yp1="66.91479" xp2="82.10650" yp2="66.89530" sp="0.05" color="silver" opacity="100"/>
<line xp1="82.10650" yp1="66.89530" xp2="82.02330" yp2="66.72197" sp="0.05" color="silver" opacity="100"/>
<line xp1="82.02330" yp1="66.72197" xp2="81.96615" yp2="66.67880" sp="0.05" color="silver" opacity="100"/>
<line xp1="81.96615" yp1="66.67880" xp2="81.89381" yp2="66.62415" sp="0.05" color="silver" opacity="100"/>
<line xp1="81.89381" yp1="66.62415" xp2="81.78204" yp2="66.58685" sp="0.05" color="silver" opacity="100"/>
<line xp1="81.78204" yp1="66.58685" xp2="81.61204" yp2="66.48769" sp="0.05" color="silver" opacity="100"/>
<line xp1="81.61204" yp1="66.48769" xp2="81.53894" yp2="66.48987" sp="0.05" color="silver" opacity="100"/>
<line xp1="81.53894" yp1="66.48987" xp2="81.33780" yp2="66.53039" sp="0.05" color="silver" opacity="100"/>
<line xp1="81.33780" yp1="66.53039" xp2="81.13204" yp2="66.50675" sp="0.05" color="silver" opacity="100"/>
<line xp1="81.13204" yp1="66.50675" xp2="81.01370" yp2="66.51617" sp="0.05" color="silver" opacity="100"/>
<line xp1="81.01370" yp1="66.51617" xp2="80.95992" yp2="66.49724" sp="0.05" color="silver" opacity="100"/>
<line xp1="80.95992" yp1="66.49724" xp2="80.76782" yp2="66.42961" sp="0.05" color="silver" opacity="100"/>
<line xp1="80.76782" yp1="66.42961" xp2="80.69074" yp2="66.38789" sp="0.05" color="silver" opacity="100"/>
<line xp1="80.69074" yp1="66.38789" xp2="80.52252" yp2="66.52285" sp="0.05" color="silver" opacity="100"/>
<line xp1="80.52252" yp1="66.52285" xp2="80.36888" yp2="66.68903" sp="0.05" color="silver" opacity="100"/>
<line xp1="80.36888" yp1="66.68903" xp2="80.29498" yp2="66.69488" sp="0.05" color="silver" opacity="100"/>
<line xp1="80.29498" yp1="66.69488" xp2="80.28226" yp2="66.69589" sp="0.05" color="silver" opacity="100"/>
<line xp1="80.28226" yp1="66.69589" xp2="80.00794" yp2="66.75788" sp="0.05" color="silver" opacity="100"/>
<line xp1="80.00794" yp1="66.75788" xp2="80.00678" yp2="66.75803" sp="0.05" color="silver" opacity="100"/>
<line xp1="80.00678" yp1="66.75803" xp2="79.77662" yp2="66.78717" sp="0.05" color="silver" opacity="100"/>
<line xp1="79.77662" yp1="66.78717" xp2="79.49327" yp2="66.78043" sp="0.05" color="silver" opacity="100"/>
<line xp1="79.49327" yp1="66.78043" xp2="79.28377" yp2="66.77399" sp="0.05" color="silver" opacity="100"/>
<line xp1="79.28377" yp1="66.77399" xp2="79.15785" yp2="66.77012" sp="0.05" color="silver" opacity="100"/>
<line xp1="79.15785" yp1="66.77012" xp2="78.71683" yp2="66.62159" sp="0.05" color="silver" opacity="100"/>
<line xp1="78.71683" yp1="66.62159" xp2="78.35312" yp2="66.46415" sp="0.05" color="silver" opacity="100"/>
<line xp1="78.35312" yp1="66.46415" xp2="78.38020" yp2="66.34873" sp="0.05" color="silver" opacity="100"/>
<line xp1="78.38020" yp1="66.34873" xp2="78.39297" yp2="66.15216" sp="0.05" color="silver" opacity="100"/>
<line xp1="78.39297" yp1="66.15216" xp2="78.37653" yp2="66.09661" sp="0.05" color="silver" opacity="100"/>
<line xp1="78.37653" yp1="66.09661" xp2="78.36891" yp2="66.07085" sp="0.05" color="silver" opacity="100"/>
<line xp1="78.36891" yp1="66.07085" xp2="78.34697" yp2="65.93673" sp="0.05" color="silver" opacity="100"/>
<line xp1="78.34697" yp1="65.93673" xp2="78.43142" yp2="65.90370" sp="0.05" color="silver" opacity="100"/>
<line xp1="78.43142" yp1="65.90370" xp2="78.43347" yp2="65.90290" sp="0.05" color="silver" opacity="100"/>
<line xp1="78.43347" yp1="65.90290" xp2="78.45315" yp2="65.87780" sp="0.05" color="silver" opacity="100"/>
<line xp1="78.45315" yp1="65.87780" xp2="78.43082" yp2="65.69930" sp="0.05" color="silver" opacity="100"/>
<line xp1="78.43082" yp1="65.69930" xp2="78.52037" yp2="65.59359" sp="0.05" color="silver" opacity="100"/>
<line xp1="78.52037" yp1="65.59359" xp2="78.57237" yp2="65.57978" sp="0.05" color="silver" opacity="100"/>
<line xp1="78.57237" yp1="65.57978" xp2="78.60129" yp2="65.52359" sp="0.05" color="silver" opacity="100"/>
<line xp1="78.60129" yp1="65.52359" xp2="78.59622" yp2="65.39016" sp="0.05" color="silver" opacity="100"/>
<line xp1="78.59622" yp1="65.39016" xp2="78.64222" yp2="65.33502" sp="0.05" color="silver" opacity="100"/>
<line xp1="78.64222" yp1="65.33502" xp2="78.66822" yp2="65.21931" sp="0.05" color="silver" opacity="100"/>
<line xp1="78.66822" yp1="65.21931" xp2="78.68172" yp2="65.15798" sp="0.05" color="silver" opacity="100"/>
<line xp1="78.68172" yp1="65.15798" xp2="78.69022" yp2="65.11931" sp="0.05" color="silver" opacity="100"/>
<line xp1="78.69022" yp1="65.11931" xp2="78.60793" yp2="64.98892" sp="0.05" color="silver" opacity="100"/>
<line xp1="78.60793" yp1="64.98892" xp2="78.50403" yp2="64.90283" sp="0.05" color="silver" opacity="100"/>
<line xp1="78.50403" yp1="64.90283" xp2="78.38637" yp2="64.82617" sp="0.05" color="silver" opacity="100"/>
<line xp1="78.38637" yp1="64.82617" xp2="78.36345" yp2="64.69931" sp="0.05" color="silver" opacity="100"/>
<line xp1="78.36345" yp1="64.69931" xp2="78.29021" yp2="64.60959" sp="0.05" color="silver" opacity="100"/>
<line xp1="78.29021" yp1="64.60959" xp2="78.25239" yp2="64.48337" sp="0.05" color="silver" opacity="100"/>
<line xp1="78.25239" yp1="64.48337" xp2="78.24836" yp2="64.46989" sp="0.05" color="silver" opacity="100"/>
<line xp1="78.24836" yp1="64.46989" xp2="78.16426" yp2="64.41680" sp="0.05" color="silver" opacity="100"/>
<line xp1="78.16426" yp1="64.41680" xp2="78.02559" yp2="64.31779" sp="0.05" color="silver" opacity="100"/>
<line xp1="78.02559" yp1="64.31779" xp2="77.87393" yp2="64.18997" sp="0.05" color="silver" opacity="100"/>
<line xp1="77.87393" yp1="64.18997" xp2="77.76380" yp2="64.03188" sp="0.05" color="silver" opacity="100"/>
<line xp1="77.76380" yp1="64.03188" xp2="77.49618" yp2="63.78482" sp="0.05" color="silver" opacity="100"/>
<line xp1="77.49618" yp1="63.78482" xp2="77.28931" yp2="63.62817" sp="0.05" color="silver" opacity="100"/>
<line xp1="77.28931" yp1="63.62817" xp2="77.28931" yp2="63.62817" sp="0.05" color="silver" opacity="100"/>
<line xp1="70.32831" yp1="43.44502" xp2="70.27405" yp2="42.82402" sp="0.05" color="silver" opacity="100"/>
<line xp1="70.27405" yp1="42.82402" xp2="70.57008" yp2="42.82271" sp="0.05" color="silver" opacity="100"/>
<line xp1="70.57008" yp1="42.82271" xp2="70.76102" yp2="42.82186" sp="0.05" color="silver" opacity="100"/>
<line xp1="70.76102" yp1="42.82186" xp2="70.86670" yp2="42.82139" sp="0.05" color="silver" opacity="100"/>
<line xp1="70.86670" yp1="42.82139" xp2="70.86703" yp2="42.82138" sp="0.05" color="silver" opacity="100"/>
<line xp1="70.86703" yp1="42.82138" xp2="71.35387" yp2="42.81883" sp="0.05" color="silver" opacity="100"/>
<line xp1="71.35387" yp1="42.81883" xp2="71.46280" yp2="42.82515" sp="0.05" color="silver" opacity="100"/>
<line xp1="71.46280" yp1="42.82515" xp2="71.56481" yp2="42.83107" sp="0.05" color="silver" opacity="100"/>
<line xp1="71.56481" yp1="42.83107" xp2="71.81113" yp2="42.84535" sp="0.05" color="silver" opacity="100"/>
<line xp1="71.81113" yp1="42.84535" xp2="72.14061" yp2="42.85903" sp="0.05" color="silver" opacity="100"/>
<line xp1="72.14061" yp1="42.85903" xp2="72.14092" yp2="42.85918" sp="0.05" color="silver" opacity="100"/>
<line xp1="72.14092" yp1="42.85918" xp2="72.29475" yp2="42.93410" sp="0.05" color="silver" opacity="100"/>
<line xp1="72.29475" yp1="42.93410" xp2="72.46529" yp2="43.01716" sp="0.05" color="silver" opacity="100"/>
<line xp1="72.46529" yp1="43.01716" xp2="72.46539" yp2="43.01720" sp="0.05" color="silver" opacity="100"/>
<line xp1="72.46539" yp1="43.01720" xp2="72.64110" yp2="43.10171" sp="0.05" color="silver" opacity="100"/>
<line xp1="72.64110" yp1="43.10171" xp2="72.67416" yp2="43.09094" sp="0.05" color="silver" opacity="100"/>
<line xp1="72.67416" yp1="43.09094" xp2="72.69780" yp2="43.08323" sp="0.05" color="silver" opacity="100"/>
<line xp1="72.69780" yp1="43.08323" xp2="72.79071" yp2="43.21299" sp="0.05" color="silver" opacity="100"/>
<line xp1="72.79071" yp1="43.21299" xp2="72.95736" yp2="43.27564" sp="0.05" color="silver" opacity="100"/>
<line xp1="72.95736" yp1="43.27564" xp2="73.02683" yp2="43.30176" sp="0.05" color="silver" opacity="100"/>
<line xp1="73.02683" yp1="43.30176" xp2="73.14522" yp2="43.36407" sp="0.05" color="silver" opacity="100"/>
<line xp1="73.14522" yp1="43.36407" xp2="73.21338" yp2="43.43567" sp="0.05" color="silver" opacity="100"/>
<line xp1="73.21338" yp1="43.43567" xp2="73.30281" yp2="43.42490" sp="0.05" color="silver" opacity="100"/>
<line xp1="73.30281" yp1="43.42490" xp2="73.39176" yp2="43.41419" sp="0.05" color="silver" opacity="100"/>
<line xp1="73.39176" yp1="43.41419" xp2="73.51385" yp2="43.40929" sp="0.05" color="silver" opacity="100"/>
<line xp1="73.51385" yp1="43.40929" xp2="73.77171" yp2="43.39896" sp="0.05" color="silver" opacity="100"/>
<line xp1="73.77171" yp1="43.39896" xp2="73.78515" yp2="43.39843" sp="0.05" color="silver" opacity="100"/>
<line xp1="73.78515" yp1="43.39843" xp2="73.89329" yp2="43.39122" sp="0.05" color="silver" opacity="100"/>
<line xp1="73.89329" yp1="43.39122" xp2="74.03937" yp2="43.38149" sp="0.05" color="silver" opacity="100"/>
<line xp1="74.03937" yp1="43.38149" xp2="74.20287" yp2="43.37059" sp="0.05" color="silver" opacity="100"/>
<line xp1="74.20287" yp1="43.37059" xp2="74.62421" yp2="43.34252" sp="0.05" color="silver" opacity="100"/>
<line xp1="74.62421" yp1="43.34252" xp2="74.81907" yp2="43.32598" sp="0.05" color="silver" opacity="100"/>
<line xp1="74.81907" yp1="43.32598" xp2="74.87986" yp2="43.32082" sp="0.05" color="silver" opacity="100"/>
<line xp1="74.87986" yp1="43.32082" xp2="75.31866" yp2="43.28357" sp="0.05" color="silver" opacity="100"/>
<line xp1="75.31866" yp1="43.28357" xp2="75.31953" yp2="43.27648" sp="0.05" color="silver" opacity="100"/>
<line xp1="75.31953" yp1="43.27648" xp2="75.32806" yp2="43.20729" sp="0.05" color="silver" opacity="100"/>
<line xp1="75.32806" yp1="43.20729" xp2="75.29534" yp2="43.06626" sp="0.05" color="silver" opacity="100"/>
<line xp1="75.29534" yp1="43.06626" xp2="75.32079" yp2="42.98487" sp="0.05" color="silver" opacity="100"/>
<line xp1="75.32079" yp1="42.98487" xp2="75.48469" yp2="43.16403" sp="0.05" color="silver" opacity="100"/>
<line xp1="75.48469" yp1="43.16403" xp2="75.52886" yp2="43.07196" sp="0.05" color="silver" opacity="100"/>
<line xp1="75.52886" yp1="43.07196" xp2="75.53311" yp2="43.06311" sp="0.05" color="silver" opacity="100"/>
<line xp1="75.53311" yp1="43.06311" xp2="75.62993" yp2="42.86129" sp="0.05" color="silver" opacity="100"/>
<line xp1="75.62993" yp1="42.86129" xp2="75.71994" yp2="42.67366" sp="0.05" color="silver" opacity="100"/>
<line xp1="75.71994" yp1="42.67366" xp2="75.69693" yp2="42.35393" sp="0.05" color="silver" opacity="100"/>
<line xp1="75.69693" yp1="42.35393" xp2="76.05891" yp2="42.33566" sp="0.05" color="silver" opacity="100"/>
<line xp1="76.05891" yp1="42.33566" xp2="76.05899" yp2="42.33566" sp="0.05" color="silver" opacity="100"/>
<line xp1="76.05899" yp1="42.33566" xp2="76.42949" yp2="42.32463" sp="0.05" color="silver" opacity="100"/>
<line xp1="76.42949" yp1="42.32463" xp2="76.80427" yp2="42.31347" sp="0.05" color="silver" opacity="100"/>
<line xp1="76.80427" yp1="42.31347" xp2="77.03477" yp2="42.30818" sp="0.05" color="silver" opacity="100"/>
<line xp1="77.03477" yp1="42.30818" xp2="77.03895" yp2="42.30808" sp="0.05" color="silver" opacity="100"/>
<line xp1="77.03895" yp1="42.30808" xp2="77.39547" yp2="42.29989" sp="0.05" color="silver" opacity="100"/>
<line xp1="77.39547" yp1="42.29989" xp2="77.42262" yp2="42.29927" sp="0.05" color="silver" opacity="100"/>
<line xp1="77.42262" yp1="42.29927" xp2="77.75109" yp2="41.80009" sp="0.05" color="silver" opacity="100"/>
<line xp1="77.75109" yp1="41.80009" xp2="77.76880" yp2="41.77317" sp="0.05" color="silver" opacity="100"/>
<line xp1="77.76880" yp1="41.77317" xp2="77.91028" yp2="41.55817" sp="0.05" color="silver" opacity="100"/>
<line xp1="77.91028" yp1="41.55817" xp2="78.35192" yp2="40.85518" sp="0.05" color="silver" opacity="100"/>
<line xp1="78.35192" yp1="40.85518" xp2="78.35193" yp2="40.85515" sp="0.05" color="silver" opacity="100"/>
<line xp1="78.35193" yp1="40.85515" xp2="78.35205" yp2="40.85497" sp="0.05" color="silver" opacity="100"/>
<line xp1="78.35205" yp1="40.85497" xp2="78.75122" yp2="40.23145" sp="0.05" color="silver" opacity="100"/>
<line xp1="78.75122" yp1="40.23145" xp2="78.99866" yp2="39.84302" sp="0.05" color="silver" opacity="100"/>
<line xp1="78.99866" yp1="39.84302" xp2="79.05241" yp2="39.75864" sp="0.05" color="silver" opacity="100"/>
<line xp1="79.05241" yp1="39.75864" xp2="79.16756" yp2="39.57461" sp="0.05" color="silver" opacity="100"/>
<line xp1="79.16756" yp1="39.57461" xp2="79.40929" yp2="39.71985" sp="0.05" color="silver" opacity="100"/>
<line xp1="79.40929" yp1="39.71985" xp2="79.57516" yp2="39.74961" sp="0.05" color="silver" opacity="100"/>
<line xp1="79.57516" yp1="39.74961" xp2="79.78930" yp2="39.74908" sp="0.05" color="silver" opacity="100"/>
<line xp1="79.78930" yp1="39.74908" xp2="79.97125" yp2="39.68083" sp="0.05" color="silver" opacity="100"/>
<line xp1="79.97125" yp1="39.68083" xp2="79.98959" yp2="39.59630" sp="0.05" color="silver" opacity="100"/>
<line xp1="79.98959" yp1="39.59630" xp2="80.06127" yp2="39.58090" sp="0.05" color="silver" opacity="100"/>
<line xp1="80.06127" yp1="39.58090" xp2="80.10027" yp2="39.77300" sp="0.05" color="silver" opacity="100"/>
<line xp1="80.10027" yp1="39.77300" xp2="80.12994" yp2="39.91921" sp="0.05" color="silver" opacity="100"/>
<line xp1="80.12994" yp1="39.91921" xp2="80.17622" yp2="40.10926" sp="0.05" color="silver" opacity="100"/>
<line xp1="80.17622" yp1="40.10926" xp2="80.26276" yp2="40.46462" sp="0.05" color="silver" opacity="100"/>
<line xp1="80.26276" yp1="40.46462" xp2="80.36304" yp2="40.70183" sp="0.05" color="silver" opacity="100"/>
<line xp1="80.36304" yp1="40.70183" xp2="80.44075" yp2="40.82928" sp="0.05" color="silver" opacity="100"/>
<line xp1="80.44075" yp1="40.82928" xp2="80.56149" yp2="41.02730" sp="0.05" color="silver" opacity="100"/>
<line xp1="80.56149" yp1="41.02730" xp2="80.74582" yp2="41.24967" sp="0.05" color="silver" opacity="100"/>
<line xp1="80.74582" yp1="41.24967" xp2="80.82627" yp2="41.34673" sp="0.05" color="silver" opacity="100"/>
<line xp1="80.82627" yp1="41.34673" xp2="81.04227" yp2="41.53021" sp="0.05" color="silver" opacity="100"/>
<line xp1="81.04227" yp1="41.53021" xp2="81.16771" yp2="41.67859" sp="0.05" color="silver" opacity="100"/>
<line xp1="81.16771" yp1="41.67859" xp2="81.32793" yp2="41.80836" sp="0.05" color="silver" opacity="100"/>
<line xp1="81.32793" yp1="41.80836" xp2="81.36467" yp2="41.82312" sp="0.05" color="silver" opacity="100"/>
<line xp1="81.36467" yp1="41.82312" xp2="81.68268" yp2="41.95091" sp="0.05" color="silver" opacity="100"/>
<line xp1="81.68268" yp1="41.95091" xp2="81.95851" yp2="41.99054" sp="0.05" color="silver" opacity="100"/>
<line xp1="81.95851" yp1="41.99054" xp2="82.12505" yp2="41.92157" sp="0.05" color="silver" opacity="100"/>
<line xp1="82.12505" yp1="41.92157" xp2="82.22491" yp2="41.79501" sp="0.05" color="silver" opacity="100"/>
<line xp1="82.22491" yp1="41.79501" xp2="82.25239" yp2="41.68165" sp="0.05" color="silver" opacity="100"/>
<line xp1="82.25239" yp1="41.68165" xp2="82.38392" yp2="42.04129" sp="0.05" color="silver" opacity="100"/>
<line xp1="82.38392" yp1="42.04129" xp2="82.48184" yp2="42.24165" sp="0.05" color="silver" opacity="100"/>
<line xp1="82.48184" yp1="42.24165" xp2="82.59968" yp2="42.43517" sp="0.05" color="silver" opacity="100"/>
<line xp1="82.59968" yp1="42.43517" xp2="82.71833" yp2="42.58708" sp="0.05" color="silver" opacity="100"/>
<line xp1="82.71833" yp1="42.58708" xp2="82.86574" yp2="42.82245" sp="0.05" color="silver" opacity="100"/>
<line xp1="82.86574" yp1="42.82245" xp2="83.05670" yp2="43.03387" sp="0.05" color="silver" opacity="100"/>
<line xp1="83.05670" yp1="43.03387" xp2="83.21079" yp2="43.19886" sp="0.05" color="silver" opacity="100"/>
<line xp1="83.21079" yp1="43.19886" xp2="83.44936" yp2="43.38023" sp="0.05" color="silver" opacity="100"/>
<line xp1="83.44936" yp1="43.38023" xp2="83.46221" yp2="43.38748" sp="0.05" color="silver" opacity="100"/>
<line xp1="83.46221" yp1="43.38748" xp2="83.63770" yp2="43.48646" sp="0.05" color="silver" opacity="100"/>
<line xp1="83.63770" yp1="43.48646" xp2="83.79442" yp2="43.50236" sp="0.05" color="silver" opacity="100"/>
<line xp1="83.79442" yp1="43.50236" xp2="83.86651" yp2="43.97615" sp="0.05" color="silver" opacity="100"/>
<line xp1="83.86651" yp1="43.97615" xp2="83.90976" yp2="44.56171" sp="0.05" color="silver" opacity="100"/>
<line xp1="83.90976" yp1="44.56171" xp2="83.85218" yp2="44.93861" sp="0.05" color="silver" opacity="100"/>
<line xp1="83.85218" yp1="44.93861" xp2="83.81691" yp2="45.05453" sp="0.05" color="silver" opacity="100"/>
<line xp1="83.81691" yp1="45.05453" xp2="83.73878" yp2="45.32372" sp="0.05" color="silver" opacity="100"/>
<line xp1="83.73878" yp1="45.32372" xp2="83.60225" yp2="45.77266" sp="0.05" color="silver" opacity="100"/>
<line xp1="83.60225" yp1="45.77266" xp2="83.51029" yp2="46.03907" sp="0.05" color="silver" opacity="100"/>
<line xp1="83.51029" yp1="46.03907" xp2="83.42977" yp2="46.37737" sp="0.05" color="silver" opacity="100"/>
<line xp1="83.42977" yp1="46.37737" xp2="83.39014" yp2="46.54386" sp="0.05" color="silver" opacity="100"/>
<line xp1="83.39014" yp1="46.54386" xp2="83.32548" yp2="46.95685" sp="0.05" color="silver" opacity="100"/>
<line xp1="83.32548" yp1="46.95685" xp2="83.28147" yp2="47.28787" sp="0.05" color="silver" opacity="100"/>
<line xp1="83.28147" yp1="47.28787" xp2="83.03577" yp2="47.28729" sp="0.05" color="silver" opacity="100"/>
<line xp1="83.03577" yp1="47.28729" xp2="82.88869" yp2="47.28729" sp="0.05" color="silver" opacity="100"/>
<line xp1="82.88869" yp1="47.28729" xp2="82.59505" yp2="47.28729" sp="0.05" color="silver" opacity="100"/>
<line xp1="82.59505" yp1="47.28729" xp2="82.59492" yp2="47.28729" sp="0.05" color="silver" opacity="100"/>
<line xp1="82.59492" yp1="47.28729" xp2="82.32080" yp2="47.28781" sp="0.05" color="silver" opacity="100"/>
<line xp1="82.32080" yp1="47.28781" xp2="82.24313" yp2="47.28796" sp="0.05" color="silver" opacity="100"/>
<line xp1="82.24313" yp1="47.28796" xp2="81.94103" yp2="47.28853" sp="0.05" color="silver" opacity="100"/>
<line xp1="81.94103" yp1="47.28853" xp2="81.66810" yp2="47.27454" sp="0.05" color="silver" opacity="100"/>
<line xp1="81.66810" yp1="47.27454" xp2="81.66763" yp2="47.27452" sp="0.05" color="silver" opacity="100"/>
<line xp1="81.66763" yp1="47.27452" xp2="81.66566" yp2="47.27442" sp="0.05" color="silver" opacity="100"/>
<line xp1="81.66566" yp1="47.27442" xp2="81.28566" yp2="47.27472" sp="0.05" color="silver" opacity="100"/>
<line xp1="81.28566" yp1="47.27472" xp2="81.24588" yp2="47.27475" sp="0.05" color="silver" opacity="100"/>
<line xp1="81.24588" yp1="47.27475" xp2="81.07882" yp2="47.27440" sp="0.05" color="silver" opacity="100"/>
<line xp1="81.07882" yp1="47.27440" xp2="80.38507" yp2="47.27291" sp="0.05" color="silver" opacity="100"/>
<line xp1="80.38507" yp1="47.27291" xp2="80.35830" yp2="47.27269" sp="0.05" color="silver" opacity="100"/>
<line xp1="80.35830" yp1="47.27269" xp2="80.15419" yp2="47.27100" sp="0.05" color="silver" opacity="100"/>
<line xp1="80.15419" yp1="47.27100" xp2="79.92891" yp2="47.26914" sp="0.05" color="silver" opacity="100"/>
<line xp1="79.92891" yp1="47.26914" xp2="79.79552" yp2="47.26803" sp="0.05" color="silver" opacity="100"/>
<line xp1="79.79552" yp1="47.26803" xp2="79.50197" yp2="47.26406" sp="0.05" color="silver" opacity="100"/>
<line xp1="79.50197" yp1="47.26406" xp2="79.29650" yp2="47.26128" sp="0.05" color="silver" opacity="100"/>
<line xp1="79.29650" yp1="47.26128" xp2="79.21544" yp2="47.26019" sp="0.05" color="silver" opacity="100"/>
<line xp1="79.21544" yp1="47.26019" xp2="78.87058" yp2="47.26174" sp="0.05" color="silver" opacity="100"/>
<line xp1="78.87058" yp1="47.26174" xp2="78.77496" yp2="47.26217" sp="0.05" color="silver" opacity="100"/>
<line xp1="78.77496" yp1="47.26217" xp2="78.55076" yp2="47.26318" sp="0.05" color="silver" opacity="100"/>
<line xp1="78.55076" yp1="47.26318" xp2="78.24871" yp2="47.26182" sp="0.05" color="silver" opacity="100"/>
<line xp1="78.24871" yp1="47.26182" xp2="78.12545" yp2="47.26127" sp="0.05" color="silver" opacity="100"/>
<line xp1="78.12545" yp1="47.26127" xp2="77.93367" yp2="47.26041" sp="0.05" color="silver" opacity="100"/>
<line xp1="77.93367" yp1="47.26041" xp2="77.73837" yp2="47.25953" sp="0.05" color="silver" opacity="100"/>
<line xp1="77.73837" yp1="47.25953" xp2="77.67593" yp2="47.25925" sp="0.05" color="silver" opacity="100"/>
<line xp1="77.67593" yp1="47.25925" xp2="77.67131" yp2="47.25928" sp="0.05" color="silver" opacity="100"/>
<line xp1="77.67131" yp1="47.25928" xp2="77.36177" yp2="47.26124" sp="0.05" color="silver" opacity="100"/>
<line xp1="77.36177" yp1="47.26124" xp2="77.08974" yp2="47.26295" sp="0.05" color="silver" opacity="100"/>
<line xp1="77.08974" yp1="47.26295" xp2="76.88112" yp2="47.26427" sp="0.05" color="silver" opacity="100"/>
<line xp1="76.88112" yp1="47.26427" xp2="76.88102" yp2="47.26427" sp="0.05" color="silver" opacity="100"/>
<line xp1="76.88102" yp1="47.26427" xp2="76.84084" yp2="47.26468" sp="0.05" color="silver" opacity="100"/>
<line xp1="76.84084" yp1="47.26468" xp2="76.46886" yp2="47.26849" sp="0.05" color="silver" opacity="100"/>
<line xp1="76.46886" yp1="47.26849" xp2="76.25907" yp2="47.28634" sp="0.05" color="silver" opacity="100"/>
<line xp1="76.25907" yp1="47.28634" xp2="76.24563" yp2="47.28745" sp="0.05" color="silver" opacity="100"/>
<line xp1="76.24563" yp1="47.28745" xp2="75.98125" yp2="47.30919" sp="0.05" color="silver" opacity="100"/>
<line xp1="75.98125" yp1="47.30919" xp2="75.83872" yp2="47.32091" sp="0.05" color="silver" opacity="100"/>
<line xp1="75.83872" yp1="47.32091" xp2="75.63044" yp2="47.31980" sp="0.05" color="silver" opacity="100"/>
<line xp1="75.63044" yp1="47.31980" xp2="75.53591" yp2="47.31929" sp="0.05" color="silver" opacity="100"/>
<line xp1="75.53591" yp1="47.31929" xp2="75.53581" yp2="47.31929" sp="0.05" color="silver" opacity="100"/>
<line xp1="75.53581" yp1="47.31929" xp2="75.28944" yp2="47.33434" sp="0.05" color="silver" opacity="100"/>
<line xp1="75.28944" yp1="47.33434" xp2="75.11275" yp2="47.34836" sp="0.05" color="silver" opacity="100"/>
<line xp1="75.11275" yp1="47.34836" xp2="74.84120" yp2="47.36068" sp="0.05" color="silver" opacity="100"/>
<line xp1="74.84120" yp1="47.36068" xp2="74.61564" yp2="47.37091" sp="0.05" color="silver" opacity="100"/>
<line xp1="74.61564" yp1="47.37091" xp2="74.34225" yp2="47.39462" sp="0.05" color="silver" opacity="100"/>
<line xp1="74.34225" yp1="47.39462" xp2="74.30775" yp2="47.24808" sp="0.05" color="silver" opacity="100"/>
<line xp1="74.30775" yp1="47.24808" xp2="74.31491" yp2="47.05118" sp="0.05" color="silver" opacity="100"/>
<line xp1="74.31491" yp1="47.05118" xp2="74.25490" yp2="46.89526" sp="0.05" color="silver" opacity="100"/>
<line xp1="74.25490" yp1="46.89526" xp2="74.26866" yp2="46.82782" sp="0.05" color="silver" opacity="100"/>
<line xp1="74.26866" yp1="46.82782" xp2="74.29851" yp2="46.68142" sp="0.05" color="silver" opacity="100"/>
<line xp1="74.29851" yp1="46.68142" xp2="74.20157" yp2="46.68869" sp="0.05" color="silver" opacity="100"/>
<line xp1="74.20157" yp1="46.68869" xp2="74.10277" yp2="46.70668" sp="0.05" color="silver" opacity="100"/>
<line xp1="74.10277" yp1="46.70668" xp2="73.98748" yp2="46.57718" sp="0.05" color="silver" opacity="100"/>
<line xp1="73.98748" yp1="46.57718" xp2="73.97162" yp2="46.53531" sp="0.05" color="silver" opacity="100"/>
<line xp1="73.97162" yp1="46.53531" xp2="73.94712" yp2="46.47062" sp="0.05" color="silver" opacity="100"/>
<line xp1="73.94712" yp1="46.47062" xp2="73.90754" yp2="46.36609" sp="0.05" color="silver" opacity="100"/>
<line xp1="73.90754" yp1="46.36609" xp2="73.80194" yp2="46.06949" sp="0.05" color="silver" opacity="100"/>
<line xp1="73.80194" yp1="46.06949" xp2="73.72286" yp2="46.01634" sp="0.05" color="silver" opacity="100"/>
<line xp1="73.72286" yp1="46.01634" xp2="73.72131" yp2="46.01626" sp="0.05" color="silver" opacity="100"/>
<line xp1="73.72131" yp1="46.01626" xp2="73.65054" yp2="46.01262" sp="0.05" color="silver" opacity="100"/>
<line xp1="73.65054" yp1="46.01262" xp2="73.62947" yp2="46.10347" sp="0.05" color="silver" opacity="100"/>
<line xp1="73.62947" yp1="46.10347" xp2="73.52115" yp2="46.16861" sp="0.05" color="silver" opacity="100"/>
<line xp1="73.52115" yp1="46.16861" xp2="73.50730" yp2="46.15377" sp="0.05" color="silver" opacity="100"/>
<line xp1="73.50730" yp1="46.15377" xp2="73.43740" yp2="46.07890" sp="0.05" color="silver" opacity="100"/>
<line xp1="73.43740" yp1="46.07890" xp2="73.38822" yp2="46.09574" sp="0.05" color="silver" opacity="100"/>
<line xp1="73.38822" yp1="46.09574" xp2="73.31253" yp2="46.04345" sp="0.05" color="silver" opacity="100"/>
<line xp1="73.31253" yp1="46.04345" xp2="73.21622" yp2="45.95260" sp="0.05" color="silver" opacity="100"/>
<line xp1="73.21622" yp1="45.95260" xp2="73.20471" yp2="45.92277" sp="0.05" color="silver" opacity="100"/>
<line xp1="73.20471" yp1="45.92277" xp2="73.13145" yp2="45.73288" sp="0.05" color="silver" opacity="100"/>
<line xp1="73.13145" yp1="45.73288" xp2="73.06460" yp2="45.66289" sp="0.05" color="silver" opacity="100"/>
<line xp1="73.06460" yp1="45.66289" xp2="72.98789" yp2="45.58257" sp="0.05" color="silver" opacity="100"/>
<line xp1="72.98789" yp1="45.58257" xp2="72.90633" yp2="45.64126" sp="0.05" color="silver" opacity="100"/>
<line xp1="72.90633" yp1="45.64126" xp2="72.92996" yp2="45.78861" sp="0.05" color="silver" opacity="100"/>
<line xp1="72.92996" yp1="45.78861" xp2="72.91430" yp2="45.82057" sp="0.05" color="silver" opacity="100"/>
<line xp1="72.91430" yp1="45.82057" xp2="72.87944" yp2="45.89173" sp="0.05" color="silver" opacity="100"/>
<line xp1="72.87944" yp1="45.89173" xp2="72.73067" yp2="45.76630" sp="0.05" color="silver" opacity="100"/>
<line xp1="72.73067" yp1="45.76630" xp2="72.64708" yp2="45.69289" sp="0.05" color="silver" opacity="100"/>
<line xp1="72.64708" yp1="45.69289" xp2="72.63467" yp2="45.57761" sp="0.05" color="silver" opacity="100"/>
<line xp1="72.63467" yp1="45.57761" xp2="72.59057" yp2="45.49710" sp="0.05" color="silver" opacity="100"/>
<line xp1="72.59057" yp1="45.49710" xp2="72.52196" yp2="45.56409" sp="0.05" color="silver" opacity="100"/>
<line xp1="72.52196" yp1="45.56409" xp2="72.47115" yp2="45.52531" sp="0.05" color="silver" opacity="100"/>
<line xp1="72.47115" yp1="45.52531" xp2="72.44522" yp2="45.50551" sp="0.05" color="silver" opacity="100"/>
<line xp1="72.44522" yp1="45.50551" xp2="72.46197" yp2="45.35601" sp="0.05" color="silver" opacity="100"/>
<line xp1="72.46197" yp1="45.35601" xp2="72.40394" yp2="45.22091" sp="0.05" color="silver" opacity="100"/>
<line xp1="72.40394" yp1="45.22091" xp2="72.35900" yp2="45.12985" sp="0.05" color="silver" opacity="100"/>
<line xp1="72.35900" yp1="45.12985" xp2="72.34090" yp2="45.09317" sp="0.05" color="silver" opacity="100"/>
<line xp1="72.34090" yp1="45.09317" xp2="72.23303" yp2="45.10773" sp="0.05" color="silver" opacity="100"/>
<line xp1="72.23303" yp1="45.10773" xp2="72.15816" yp2="45.07448" sp="0.05" color="silver" opacity="100"/>
<line xp1="72.15816" yp1="45.07448" xp2="72.05917" yp2="45.03818" sp="0.05" color="silver" opacity="100"/>
<line xp1="72.05917" yp1="45.03818" xp2="72.00267" yp2="44.92998" sp="0.05" color="silver" opacity="100"/>
<line xp1="72.00267" yp1="44.92998" xp2="71.91484" yp2="44.90351" sp="0.05" color="silver" opacity="100"/>
<line xp1="71.91484" yp1="44.90351" xp2="71.91363" yp2="44.90035" sp="0.05" color="silver" opacity="100"/>
<line xp1="71.91363" yp1="44.90035" xp2="71.90039" yp2="44.86597" sp="0.05" color="silver" opacity="100"/>
<line xp1="71.90039" yp1="44.86597" xp2="71.85053" yp2="44.73643" sp="0.05" color="silver" opacity="100"/>
<line xp1="71.85053" yp1="44.73643" xp2="71.77344" yp2="44.74421" sp="0.05" color="silver" opacity="100"/>
<line xp1="71.77344" yp1="44.74421" xp2="71.65911" yp2="44.60339" sp="0.05" color="silver" opacity="100"/>
<line xp1="71.65911" yp1="44.60339" xp2="71.61164" yp2="44.57977" sp="0.05" color="silver" opacity="100"/>
<line xp1="71.61164" yp1="44.57977" xp2="71.54102" yp2="44.46566" sp="0.05" color="silver" opacity="100"/>
<line xp1="71.54102" yp1="44.46566" xp2="71.40334" yp2="44.47704" sp="0.05" color="silver" opacity="100"/>
<line xp1="71.40334" yp1="44.47704" xp2="71.30283" yp2="44.48088" sp="0.05" color="silver" opacity="100"/>
<line xp1="71.30283" yp1="44.48088" xp2="71.28783" yp2="44.47943" sp="0.05" color="silver" opacity="100"/>
<line xp1="71.28783" yp1="44.47943" xp2="71.12041" yp2="44.46319" sp="0.05" color="silver" opacity="100"/>
<line xp1="71.12041" yp1="44.46319" xp2="71.00230" yp2="44.34074" sp="0.05" color="silver" opacity="100"/>
<line xp1="71.00230" yp1="44.34074" xp2="70.89723" yp2="44.21032" sp="0.05" color="silver" opacity="100"/>
<line xp1="70.89723" yp1="44.21032" xp2="70.84118" yp2="44.17149" sp="0.05" color="silver" opacity="100"/>
<line xp1="70.84118" yp1="44.17149" xp2="70.83243" yp2="44.16543" sp="0.05" color="silver" opacity="100"/>
<line xp1="70.83243" yp1="44.16543" xp2="70.81051" yp2="44.15023" sp="0.05" color="silver" opacity="100"/>
<line xp1="70.81051" yp1="44.15023" xp2="70.73572" yp2="44.02119" sp="0.05" color="silver" opacity="100"/>
<line xp1="70.73572" yp1="44.02119" xp2="70.75756" yp2="43.91903" sp="0.05" color="silver" opacity="100"/>
<line xp1="70.75756" yp1="43.91903" xp2="70.71064" yp2="43.85247" sp="0.05" color="silver" opacity="100"/>
<line xp1="70.71064" yp1="43.85247" xp2="70.73306" yp2="43.70224" sp="0.05" color="silver" opacity="100"/>
<line xp1="70.73306" yp1="43.70224" xp2="70.72445" yp2="43.69178" sp="0.05" color="silver" opacity="100"/>
<line xp1="70.72445" yp1="43.69178" xp2="70.61922" yp2="43.56395" sp="0.05" color="silver" opacity="100"/>
<line xp1="70.61922" yp1="43.56395" xp2="70.49459" yp2="43.54480" sp="0.05" color="silver" opacity="100"/>
<line xp1="70.49459" yp1="43.54480" xp2="70.42505" yp2="43.62594" sp="0.05" color="silver" opacity="100"/>
<line xp1="70.42505" yp1="43.62594" xp2="70.33351" yp2="43.50451" sp="0.05" color="silver" opacity="100"/>
<line xp1="70.33351" yp1="43.50451" xp2="70.32831" yp2="43.44502" sp="0.05" color="silver" opacity="100"/>
<line xp1="70.32831" yp1="43.44502" xp2="70.32831" yp2="43.44502" sp="0.05" color="silver" opacity="100"/>
<line xp1="39.92502" yp1="82.85679" xp2="39.92477" yp2="82.42111" sp="0.05" color="silver" opacity="100"/>
<line xp1="39.92477" yp1="82.42111" xp2="39.92602" yp2="81.81117" sp="0.05" color="silver" opacity="100"/>
<line xp1="39.92602" yp1="81.81117" xp2="39.92684" yp2="81.41183" sp="0.05" color="silver" opacity="100"/>
<line xp1="39.92684" yp1="81.41183" xp2="39.92803" yp2="81.11228" sp="0.05" color="silver" opacity="100"/>
<line xp1="39.92803" yp1="81.11228" xp2="39.92970" yp2="80.68976" sp="0.05" color="silver" opacity="100"/>
<line xp1="39.92970" yp1="80.68976" xp2="39.93216" yp2="79.98885" sp="0.05" color="silver" opacity="100"/>
<line xp1="39.93216" yp1="79.98885" xp2="39.93216" yp2="79.98880" sp="0.05" color="silver" opacity="100"/>
<line xp1="39.93216" yp1="79.98880" xp2="39.93241" yp2="79.91861" sp="0.05" color="silver" opacity="100"/>
<line xp1="39.93241" yp1="79.91861" xp2="39.93479" yp2="79.43787" sp="0.05" color="silver" opacity="100"/>
<line xp1="39.93479" yp1="79.43787" xp2="39.93244" yp2="78.86637" sp="0.05" color="silver" opacity="100"/>
<line xp1="39.93244" yp1="78.86637" xp2="39.93081" yp2="78.27733" sp="0.05" color="silver" opacity="100"/>
<line xp1="39.93081" yp1="78.27733" xp2="39.93029" yp2="78.09130" sp="0.05" color="silver" opacity="100"/>
<line xp1="39.93029" yp1="78.09130" xp2="39.93029" yp2="78.08611" sp="0.05" color="silver" opacity="100"/>
<line xp1="39.93029" yp1="78.08611" xp2="39.93110" yp2="77.50694" sp="0.05" color="silver" opacity="100"/>
<line xp1="39.93110" yp1="77.50694" xp2="39.92994" yp2="76.95396" sp="0.05" color="silver" opacity="100"/>
<line xp1="39.92994" yp1="76.95396" xp2="39.92989" yp2="76.32537" sp="0.05" color="silver" opacity="100"/>
<line xp1="39.92989" yp1="76.32537" xp2="39.93018" yp2="76.11858" sp="0.05" color="silver" opacity="100"/>
<line xp1="39.93018" yp1="76.11858" xp2="39.93058" yp2="75.83103" sp="0.05" color="silver" opacity="100"/>
<line xp1="39.93058" yp1="75.83103" xp2="39.93070" yp2="75.74225" sp="0.05" color="silver" opacity="100"/>
<line xp1="39.93070" yp1="75.74225" xp2="39.93005" yp2="75.21299" sp="0.05" color="silver" opacity="100"/>
<line xp1="39.93005" yp1="75.21299" xp2="39.93005" yp2="75.08595" sp="0.05" color="silver" opacity="100"/>
<line xp1="39.93005" yp1="75.08595" xp2="39.93009" yp2="74.12946" sp="0.05" color="silver" opacity="100"/>
<line xp1="39.93009" yp1="74.12946" xp2="40.52188" yp2="74.12926" sp="0.05" color="silver" opacity="100"/>
<line xp1="40.52188" yp1="74.12926" xp2="40.86946" yp2="74.12940" sp="0.05" color="silver" opacity="100"/>
<line xp1="40.86946" yp1="74.12940" xp2="41.20247" yp2="74.12917" sp="0.05" color="silver" opacity="100"/>
<line xp1="41.20247" yp1="74.12917" xp2="41.54577" yp2="74.12890" sp="0.05" color="silver" opacity="100"/>
<line xp1="41.54577" yp1="74.12890" xp2="41.62758" yp2="74.12884" sp="0.05" color="silver" opacity="100"/>
<line xp1="41.62758" yp1="74.12884" xp2="41.72269" yp2="74.12877" sp="0.05" color="silver" opacity="100"/>
<line xp1="41.72269" yp1="74.12877" xp2="41.99251" yp2="74.12878" sp="0.05" color="silver" opacity="100"/>
<line xp1="41.99251" yp1="74.12878" xp2="42.22931" yp2="74.12861" sp="0.05" color="silver" opacity="100"/>
<line xp1="42.22931" yp1="74.12861" xp2="42.57195" yp2="74.12802" sp="0.05" color="silver" opacity="100"/>
<line xp1="42.57195" yp1="74.12802" xp2="42.94222" yp2="74.12742" sp="0.05" color="silver" opacity="100"/>
<line xp1="42.94222" yp1="74.12742" xp2="43.07588" yp2="74.12725" sp="0.05" color="silver" opacity="100"/>
<line xp1="43.07588" yp1="74.12725" xp2="43.07887" yp2="74.12725" sp="0.05" color="silver" opacity="100"/>
<line xp1="43.07887" yp1="74.12725" xp2="43.39291" yp2="74.12685" sp="0.05" color="silver" opacity="100"/>
<line xp1="43.39291" yp1="74.12685" xp2="43.75804" yp2="74.12600" sp="0.05" color="silver" opacity="100"/>
<line xp1="43.75804" yp1="74.12600" xp2="44.05341" yp2="74.12598" sp="0.05" color="silver" opacity="100"/>
<line xp1="44.05341" yp1="74.12598" xp2="44.45104" yp2="74.12567" sp="0.05" color="silver" opacity="100"/>
<line xp1="44.45104" yp1="74.12567" xp2="44.98137" yp2="74.12505" sp="0.05" color="silver" opacity="100"/>
<line xp1="44.98137" yp1="74.12505" xp2="45.36623" yp2="74.12473" sp="0.05" color="silver" opacity="100"/>
<line xp1="45.36623" yp1="74.12473" xp2="45.36647" yp2="74.12473" sp="0.05" color="silver" opacity="100"/>
<line xp1="45.36647" yp1="74.12473" xp2="45.38561" yp2="74.12466" sp="0.05" color="silver" opacity="100"/>
<line xp1="45.38561" yp1="74.12466" xp2="45.70134" yp2="74.12363" sp="0.05" color="silver" opacity="100"/>
<line xp1="45.70134" yp1="74.12363" xp2="45.91987" yp2="74.12139" sp="0.05" color="silver" opacity="100"/>
<line xp1="45.91987" yp1="74.12139" xp2="46.33801" yp2="74.11906" sp="0.05" color="silver" opacity="100"/>
<line xp1="46.33801" yp1="74.11906" xp2="46.33837" yp2="74.11906" sp="0.05" color="silver" opacity="100"/>
<line xp1="46.33837" yp1="74.11906" xp2="46.58758" yp2="74.11688" sp="0.05" color="silver" opacity="100"/>
<line xp1="46.58758" yp1="74.11688" xp2="46.75206" yp2="74.11742" sp="0.05" color="silver" opacity="100"/>
<line xp1="46.75206" yp1="74.11742" xp2="46.93807" yp2="74.11532" sp="0.05" color="silver" opacity="100"/>
<line xp1="46.93807" yp1="74.11532" xp2="47.16160" yp2="74.11514" sp="0.05" color="silver" opacity="100"/>
<line xp1="47.16160" yp1="74.11514" xp2="47.54943" yp2="74.11481" sp="0.05" color="silver" opacity="100"/>
<line xp1="47.54943" yp1="74.11481" xp2="47.68345" yp2="74.11413" sp="0.05" color="silver" opacity="100"/>
<line xp1="47.68345" yp1="74.11413" xp2="47.68363" yp2="74.11413" sp="0.05" color="silver" opacity="100"/>
<line xp1="47.68363" yp1="74.11413" xp2="48.11635" yp2="74.11050" sp="0.05" color="silver" opacity="100"/>
<line xp1="48.11635" yp1="74.11050" xp2="48.26865" yp2="74.10922" sp="0.05" color="silver" opacity="100"/>
<line xp1="48.26865" yp1="74.10922" xp2="48.59305" yp2="74.10430" sp="0.05" color="silver" opacity="100"/>
<line xp1="48.59305" yp1="74.10430" xp2="49.12228" yp2="74.10337" sp="0.05" color="silver" opacity="100"/>
<line xp1="49.12228" yp1="74.10337" xp2="49.21830" yp2="74.10289" sp="0.05" color="silver" opacity="100"/>
<line xp1="49.21830" yp1="74.10289" xp2="49.26342" yp2="74.10267" sp="0.05" color="silver" opacity="100"/>
<line xp1="49.26342" yp1="74.10267" xp2="49.57378" yp2="74.10112" sp="0.05" color="silver" opacity="100"/>
<line xp1="49.57378" yp1="74.10112" xp2="49.93446" yp2="74.10074" sp="0.05" color="silver" opacity="100"/>
<line xp1="49.93446" yp1="74.10074" xp2="50.41801" yp2="74.10188" sp="0.05" color="silver" opacity="100"/>
<line xp1="50.41801" yp1="74.10188" xp2="50.64293" yp2="74.10241" sp="0.05" color="silver" opacity="100"/>
<line xp1="50.64293" yp1="74.10241" xp2="51.44050" yp2="74.10070" sp="0.05" color="silver" opacity="100"/>
<line xp1="51.44050" yp1="74.10070" xp2="51.42421" yp2="74.33299" sp="0.05" color="silver" opacity="100"/>
<line xp1="51.42421" yp1="74.33299" xp2="51.42662" yp2="74.34826" sp="0.05" color="silver" opacity="100"/>
<line xp1="51.42662" yp1="74.34826" xp2="51.45460" yp2="74.52565" sp="0.05" color="silver" opacity="100"/>
<line xp1="51.45460" yp1="74.52565" xp2="51.39128" yp2="74.91386" sp="0.05" color="silver" opacity="100"/>
<line xp1="51.39128" yp1="74.91386" xp2="51.38302" yp2="75.19873" sp="0.05" color="silver" opacity="100"/>
<line xp1="51.38302" yp1="75.19873" xp2="51.31185" yp2="75.31000" sp="0.05" color="silver" opacity="100"/>
<line xp1="51.31185" yp1="75.31000" xp2="51.21678" yp2="75.52941" sp="0.05" color="silver" opacity="100"/>
<line xp1="51.21678" yp1="75.52941" xp2="51.16241" yp2="75.90274" sp="0.05" color="silver" opacity="100"/>
<line xp1="51.16241" yp1="75.90274" xp2="51.09879" yp2="76.08455" sp="0.05" color="silver" opacity="100"/>
<line xp1="51.09879" yp1="76.08455" xp2="51.09264" yp2="76.10213" sp="0.05" color="silver" opacity="100"/>
<line xp1="51.09264" yp1="76.10213" xp2="51.09150" yp2="76.10537" sp="0.05" color="silver" opacity="100"/>
<line xp1="51.09150" yp1="76.10537" xp2="51.09716" yp2="76.26516" sp="0.05" color="silver" opacity="100"/>
<line xp1="51.09716" yp1="76.26516" xp2="51.09415" yp2="76.50736" sp="0.05" color="silver" opacity="100"/>
<line xp1="51.09415" yp1="76.50736" xp2="51.13235" yp2="76.89288" sp="0.05" color="silver" opacity="100"/>
<line xp1="51.13235" yp1="76.89288" xp2="51.02538" yp2="77.17174" sp="0.05" color="silver" opacity="100"/>
<line xp1="51.02538" yp1="77.17174" xp2="51.04757" yp2="77.37472" sp="0.05" color="silver" opacity="100"/>
<line xp1="51.04757" yp1="77.37472" xp2="51.03605" yp2="77.57297" sp="0.05" color="silver" opacity="100"/>
<line xp1="51.03605" yp1="77.57297" xp2="51.02152" yp2="77.82281" sp="0.05" color="silver" opacity="100"/>
<line xp1="51.02152" yp1="77.82281" xp2="51.01505" yp2="77.93423" sp="0.05" color="silver" opacity="100"/>
<line xp1="51.01505" yp1="77.93423" xp2="50.98849" yp2="78.40131" sp="0.05" color="silver" opacity="100"/>
<line xp1="50.98849" yp1="78.40131" xp2="50.99083" yp2="78.56907" sp="0.05" color="silver" opacity="100"/>
<line xp1="50.99083" yp1="78.56907" xp2="50.99373" yp2="78.77717" sp="0.05" color="silver" opacity="100"/>
<line xp1="50.99373" yp1="78.77717" xp2="50.95019" yp2="78.99721" sp="0.05" color="silver" opacity="100"/>
<line xp1="50.95019" yp1="78.99721" xp2="50.93309" yp2="79.06322" sp="0.05" color="silver" opacity="100"/>
<line xp1="50.93309" yp1="79.06322" xp2="50.87922" yp2="79.27110" sp="0.05" color="silver" opacity="100"/>
<line xp1="50.87922" yp1="79.27110" xp2="50.77482" yp2="79.55542" sp="0.05" color="silver" opacity="100"/>
<line xp1="50.77482" yp1="79.55542" xp2="50.71176" yp2="79.80937" sp="0.05" color="silver" opacity="100"/>
<line xp1="50.71176" yp1="79.80937" xp2="50.66310" yp2="80.07505" sp="0.05" color="silver" opacity="100"/>
<line xp1="50.66310" yp1="80.07505" xp2="50.60674" yp2="80.26103" sp="0.05" color="silver" opacity="100"/>
<line xp1="50.60674" yp1="80.26103" xp2="50.54347" yp2="80.48159" sp="0.05" color="silver" opacity="100"/>
<line xp1="50.54347" yp1="80.48159" xp2="50.54485" yp2="80.49492" sp="0.05" color="silver" opacity="100"/>
<line xp1="50.54485" yp1="80.49492" xp2="50.55093" yp2="80.55342" sp="0.05" color="silver" opacity="100"/>
<line xp1="50.55093" yp1="80.55342" xp2="50.56995" yp2="80.73661" sp="0.05" color="silver" opacity="100"/>
<line xp1="50.56995" yp1="80.73661" xp2="50.55707" yp2="80.98453" sp="0.05" color="silver" opacity="100"/>
<line xp1="50.55707" yp1="80.98453" xp2="50.55512" yp2="81.23008" sp="0.05" color="silver" opacity="100"/>
<line xp1="50.55512" yp1="81.23008" xp2="50.53981" yp2="81.52087" sp="0.05" color="silver" opacity="100"/>
<line xp1="50.53981" yp1="81.52087" xp2="50.54138" yp2="81.54498" sp="0.05" color="silver" opacity="100"/>
<line xp1="50.54138" yp1="81.54498" xp2="50.54196" yp2="81.55398" sp="0.05" color="silver" opacity="100"/>
<line xp1="50.54196" yp1="81.55398" xp2="50.54936" yp2="81.66781" sp="0.05" color="silver" opacity="100"/>
<line xp1="50.54936" yp1="81.66781" xp2="50.61537" yp2="81.90836" sp="0.05" color="silver" opacity="100"/>
<line xp1="50.61537" yp1="81.90836" xp2="50.58269" yp2="82.03884" sp="0.05" color="silver" opacity="100"/>
<line xp1="50.58269" yp1="82.03884" xp2="50.53448" yp2="82.20743" sp="0.05" color="silver" opacity="100"/>
<line xp1="50.53448" yp1="82.20743" xp2="50.48098" yp2="82.47885" sp="0.05" color="silver" opacity="100"/>
<line xp1="50.48098" yp1="82.47885" xp2="50.41869" yp2="82.70247" sp="0.05" color="silver" opacity="100"/>
<line xp1="50.41869" yp1="82.70247" xp2="50.41686" yp2="82.85911" sp="0.05" color="silver" opacity="100"/>
<line xp1="50.41686" yp1="82.85911" xp2="49.57577" yp2="82.85878" sp="0.05" color="silver" opacity="100"/>
<line xp1="49.57577" yp1="82.85878" xp2="49.30767" yp2="82.85861" sp="0.05" color="silver" opacity="100"/>
<line xp1="49.30767" yp1="82.85861" xp2="47.89379" yp2="82.85773" sp="0.05" color="silver" opacity="100"/>
<line xp1="47.89379" yp1="82.85773" xp2="47.69259" yp2="82.85710" sp="0.05" color="silver" opacity="100"/>
<line xp1="47.69259" yp1="82.85710" xp2="47.11374" yp2="82.85531" sp="0.05" color="silver" opacity="100"/>
<line xp1="47.11374" yp1="82.85531" xp2="46.88342" yp2="82.85506" sp="0.05" color="silver" opacity="100"/>
<line xp1="46.88342" yp1="82.85506" xp2="46.28649" yp2="82.85443" sp="0.05" color="silver" opacity="100"/>
<line xp1="46.28649" yp1="82.85443" xp2="45.87291" yp2="82.85494" sp="0.05" color="silver" opacity="100"/>
<line xp1="45.87291" yp1="82.85494" xp2="45.48973" yp2="82.85542" sp="0.05" color="silver" opacity="100"/>
<line xp1="45.48973" yp1="82.85542" xp2="44.42241" yp2="82.85451" sp="0.05" color="silver" opacity="100"/>
<line xp1="44.42241" yp1="82.85451" xp2="43.85146" yp2="82.85470" sp="0.05" color="silver" opacity="100"/>
<line xp1="43.85146" yp1="82.85470" xp2="43.65317" yp2="82.85477" sp="0.05" color="silver" opacity="100"/>
<line xp1="43.65317" yp1="82.85477" xp2="43.04428" yp2="82.85359" sp="0.05" color="silver" opacity="100"/>
<line xp1="43.04428" yp1="82.85359" xp2="42.74309" yp2="82.85301" sp="0.05" color="silver" opacity="100"/>
<line xp1="42.74309" yp1="82.85301" xp2="41.76853" yp2="82.85552" sp="0.05" color="silver" opacity="100"/>
<line xp1="41.76853" yp1="82.85552" xp2="41.63237" yp2="82.85529" sp="0.05" color="silver" opacity="100"/>
<line xp1="41.63237" yp1="82.85529" xp2="40.96082" yp2="82.85415" sp="0.05" color="silver" opacity="100"/>
<line xp1="40.96082" yp1="82.85415" xp2="39.92502" yp2="82.85679" sp="0.05" color="silver" opacity="100"/>
<line xp1="39.92502" yp1="82.85679" xp2="39.92502" yp2="82.85679" sp="0.05" color="silver" opacity="100"/>
<line xp1="72.51794" yp1="61.98198" xp2="72.55062" yp2="61.79521" sp="0.05" color="silver" opacity="100"/>
<line xp1="72.55062" yp1="61.79521" xp2="72.63250" yp2="61.83728" sp="0.05" color="silver" opacity="100"/>
<line xp1="72.63250" yp1="61.83728" xp2="72.64197" yp2="61.98287" sp="0.05" color="silver" opacity="100"/>
<line xp1="72.64197" yp1="61.98287" xp2="72.57582" yp2="62.06517" sp="0.05" color="silver" opacity="100"/>
<line xp1="72.57582" yp1="62.06517" xp2="72.51794" yp2="61.98198" sp="0.05" color="silver" opacity="100"/>
<line xp1="72.51794" yp1="61.98198" xp2="72.51794" yp2="61.98198" sp="0.05" color="silver" opacity="100"/>
<line xp1="69.50745" yp1="54.93493" xp2="69.50745" yp2="54.58709" sp="0.05" color="silver" opacity="100"/>
<line xp1="69.50745" yp1="54.58709" xp2="69.61423" yp2="54.70674" sp="0.05" color="silver" opacity="100"/>
<line xp1="69.61423" yp1="54.70674" xp2="69.67070" yp2="54.66474" sp="0.05" color="silver" opacity="100"/>
<line xp1="69.67070" yp1="54.66474" xp2="69.72731" yp2="54.56646" sp="0.05" color="silver" opacity="100"/>
<line xp1="69.72731" yp1="54.56646" xp2="69.81223" yp2="54.50953" sp="0.05" color="silver" opacity="100"/>
<line xp1="69.81223" yp1="54.50953" xp2="69.83396" yp2="54.49497" sp="0.05" color="silver" opacity="100"/>
<line xp1="69.83396" yp1="54.49497" xp2="69.92178" yp2="54.56960" sp="0.05" color="silver" opacity="100"/>
<line xp1="69.92178" yp1="54.56960" xp2="69.98997" yp2="54.57648" sp="0.05" color="silver" opacity="100"/>
<line xp1="69.98997" yp1="54.57648" xp2="70.00125" yp2="54.57761" sp="0.05" color="silver" opacity="100"/>
<line xp1="70.00125" yp1="54.57761" xp2="70.00963" yp2="54.57846" sp="0.05" color="silver" opacity="100"/>
<line xp1="70.00963" yp1="54.57846" xp2="70.02932" yp2="54.61931" sp="0.05" color="silver" opacity="100"/>
<line xp1="70.02932" yp1="54.61931" xp2="70.05840" yp2="54.63360" sp="0.05" color="silver" opacity="100"/>
<line xp1="70.05840" yp1="54.63360" xp2="70.08424" yp2="54.61275" sp="0.05" color="silver" opacity="100"/>
<line xp1="70.08424" yp1="54.61275" xp2="70.10317" yp2="54.52560" sp="0.05" color="silver" opacity="100"/>
<line xp1="70.10317" yp1="54.52560" xp2="70.15240" yp2="54.41818" sp="0.05" color="silver" opacity="100"/>
<line xp1="70.15240" yp1="54.41818" xp2="70.26686" yp2="54.36418" sp="0.05" color="silver" opacity="100"/>
<line xp1="70.26686" yp1="54.36418" xp2="70.27507" yp2="54.34453" sp="0.05" color="silver" opacity="100"/>
<line xp1="70.27507" yp1="54.34453" xp2="70.31192" yp2="54.25627" sp="0.05" color="silver" opacity="100"/>
<line xp1="70.31192" yp1="54.25627" xp2="70.32590" yp2="54.15940" sp="0.05" color="silver" opacity="100"/>
<line xp1="70.32590" yp1="54.15940" xp2="70.41210" yp2="53.94424" sp="0.05" color="silver" opacity="100"/>
<line xp1="70.41210" yp1="53.94424" xp2="70.41184" yp2="53.92774" sp="0.05" color="silver" opacity="100"/>
<line xp1="70.41184" yp1="53.92774" xp2="70.41036" yp2="53.83620" sp="0.05" color="silver" opacity="100"/>
<line xp1="70.41036" yp1="53.83620" xp2="70.42130" yp2="53.79932" sp="0.05" color="silver" opacity="100"/>
<line xp1="70.42130" yp1="53.79932" xp2="70.44169" yp2="53.73059" sp="0.05" color="silver" opacity="100"/>
<line xp1="70.44169" yp1="53.73059" xp2="70.56140" yp2="53.68424" sp="0.05" color="silver" opacity="100"/>
<line xp1="70.56140" yp1="53.68424" xp2="70.68829" yp2="53.63316" sp="0.05" color="silver" opacity="100"/>
<line xp1="70.68829" yp1="53.63316" xp2="70.68978" yp2="53.63256" sp="0.05" color="silver" opacity="100"/>
<line xp1="70.68978" yp1="53.63256" xp2="70.80182" yp2="53.67744" sp="0.05" color="silver" opacity="100"/>
<line xp1="70.80182" yp1="53.67744" xp2="70.87930" yp2="53.64167" sp="0.05" color="silver" opacity="100"/>
<line xp1="70.87930" yp1="53.64167" xp2="70.91635" yp2="53.62081" sp="0.05" color="silver" opacity="100"/>
<line xp1="70.91635" yp1="53.62081" xp2="70.99679" yp2="53.57552" sp="0.05" color="silver" opacity="100"/>
<line xp1="70.99679" yp1="53.57552" xp2="71.02459" yp2="53.47431" sp="0.05" color="silver" opacity="100"/>
<line xp1="71.02459" yp1="53.47431" xp2="71.10212" yp2="53.41612" sp="0.05" color="silver" opacity="100"/>
<line xp1="71.10212" yp1="53.41612" xp2="71.11975" yp2="53.30900" sp="0.05" color="silver" opacity="100"/>
<line xp1="71.11975" yp1="53.30900" xp2="71.22176" yp2="53.25153" sp="0.05" color="silver" opacity="100"/>
<line xp1="71.22176" yp1="53.25153" xp2="71.26233" yp2="53.22867" sp="0.05" color="silver" opacity="100"/>
<line xp1="71.26233" yp1="53.22867" xp2="71.31237" yp2="53.26238" sp="0.05" color="silver" opacity="100"/>
<line xp1="71.31237" yp1="53.26238" xp2="71.31847" yp2="53.26649" sp="0.05" color="silver" opacity="100"/>
<line xp1="71.31847" yp1="53.26649" xp2="71.34320" yp2="53.36968" sp="0.05" color="silver" opacity="100"/>
<line xp1="71.34320" yp1="53.36968" xp2="71.48717" yp2="53.43459" sp="0.05" color="silver" opacity="100"/>
<line xp1="71.48717" yp1="53.43459" xp2="71.63015" yp2="53.34103" sp="0.05" color="silver" opacity="100"/>
<line xp1="71.63015" yp1="53.34103" xp2="71.72877" yp2="53.31849" sp="0.05" color="silver" opacity="100"/>
<line xp1="71.72877" yp1="53.31849" xp2="71.81457" yp2="53.20775" sp="0.05" color="silver" opacity="100"/>
<line xp1="71.81457" yp1="53.20775" xp2="71.86690" yp2="53.14069" sp="0.05" color="silver" opacity="100"/>
<line xp1="71.86690" yp1="53.14069" xp2="71.90113" yp2="53.18038" sp="0.05" color="silver" opacity="100"/>
<line xp1="71.90113" yp1="53.18038" xp2="71.93921" yp2="53.22454" sp="0.05" color="silver" opacity="100"/>
<line xp1="71.93921" yp1="53.22454" xp2="72.04208" yp2="53.20072" sp="0.05" color="silver" opacity="100"/>
<line xp1="72.04208" yp1="53.20072" xp2="72.10927" yp2="53.25780" sp="0.05" color="silver" opacity="100"/>
<line xp1="72.10927" yp1="53.25780" xp2="72.13481" yp2="53.34767" sp="0.05" color="silver" opacity="100"/>
<line xp1="72.13481" yp1="53.34767" xp2="72.24256" yp2="53.45234" sp="0.05" color="silver" opacity="100"/>
<line xp1="72.24256" yp1="53.45234" xp2="72.26102" yp2="53.47676" sp="0.05" color="silver" opacity="100"/>
<line xp1="72.26102" yp1="53.47676" xp2="72.28951" yp2="53.51445" sp="0.05" color="silver" opacity="100"/>
<line xp1="72.28951" yp1="53.51445" xp2="72.39516" yp2="53.55223" sp="0.05" color="silver" opacity="100"/>
<line xp1="72.39516" yp1="53.55223" xp2="72.47816" yp2="53.58879" sp="0.05" color="silver" opacity="100"/>
<line xp1="72.47816" yp1="53.58879" xp2="72.48879" yp2="53.54745" sp="0.05" color="silver" opacity="100"/>
<line xp1="72.48879" yp1="53.54745" xp2="72.50586" yp2="53.48108" sp="0.05" color="silver" opacity="100"/>
<line xp1="72.50586" yp1="53.48108" xp2="72.50832" yp2="53.36622" sp="0.05" color="silver" opacity="100"/>
<line xp1="72.50832" yp1="53.36622" xp2="72.53644" yp2="53.15524" sp="0.05" color="silver" opacity="100"/>
<line xp1="72.53644" yp1="53.15524" xp2="72.59763" yp2="53.06391" sp="0.05" color="silver" opacity="100"/>
<line xp1="72.59763" yp1="53.06391" xp2="72.61521" yp2="53.03767" sp="0.05" color="silver" opacity="100"/>
<line xp1="72.61521" yp1="53.03767" xp2="72.73101" yp2="53.02171" sp="0.05" color="silver" opacity="100"/>
<line xp1="72.73101" yp1="53.02171" xp2="72.80658" yp2="52.90144" sp="0.05" color="silver" opacity="100"/>
<line xp1="72.80658" yp1="52.90144" xp2="72.82443" yp2="52.87919" sp="0.05" color="silver" opacity="100"/>
<line xp1="72.82443" yp1="52.87919" xp2="72.89466" yp2="52.79168" sp="0.05" color="silver" opacity="100"/>
<line xp1="72.89466" yp1="52.79168" xp2="72.93281" yp2="52.63374" sp="0.05" color="silver" opacity="100"/>
<line xp1="72.93281" yp1="52.63374" xp2="72.98359" yp2="52.58382" sp="0.05" color="silver" opacity="100"/>
<line xp1="72.98359" yp1="52.58382" xp2="73.06313" yp2="52.61327" sp="0.05" color="silver" opacity="100"/>
<line xp1="73.06313" yp1="52.61327" xp2="73.15834" yp2="52.64852" sp="0.05" color="silver" opacity="100"/>
<line xp1="73.15834" yp1="52.64852" xp2="73.25881" yp2="52.67081" sp="0.05" color="silver" opacity="100"/>
<line xp1="73.25881" yp1="52.67081" xp2="73.34769" yp2="52.71219" sp="0.05" color="silver" opacity="100"/>
<line xp1="73.34769" yp1="52.71219" xp2="73.37812" yp2="52.84659" sp="0.05" color="silver" opacity="100"/>
<line xp1="73.37812" yp1="52.84659" xp2="73.39497" yp2="53.02938" sp="0.05" color="silver" opacity="100"/>
<line xp1="73.39497" yp1="53.02938" xp2="73.41210" yp2="53.08532" sp="0.05" color="silver" opacity="100"/>
<line xp1="73.41210" yp1="53.08532" xp2="73.42420" yp2="53.12481" sp="0.05" color="silver" opacity="100"/>
<line xp1="73.42420" yp1="53.12481" xp2="73.50928" yp2="53.11909" sp="0.05" color="silver" opacity="100"/>
<line xp1="73.50928" yp1="53.11909" xp2="73.57667" yp2="53.16710" sp="0.05" color="silver" opacity="100"/>
<line xp1="73.57667" yp1="53.16710" xp2="73.56067" yp2="53.31309" sp="0.05" color="silver" opacity="100"/>
<line xp1="73.56067" yp1="53.31309" xp2="73.53610" yp2="53.60106" sp="0.05" color="silver" opacity="100"/>
<line xp1="73.53610" yp1="53.60106" xp2="73.52417" yp2="53.72192" sp="0.05" color="silver" opacity="100"/>
<line xp1="73.52417" yp1="53.72192" xp2="73.59758" yp2="53.78466" sp="0.05" color="silver" opacity="100"/>
<line xp1="73.59758" yp1="53.78466" xp2="73.63882" yp2="54.01594" sp="0.05" color="silver" opacity="100"/>
<line xp1="73.63882" yp1="54.01594" xp2="73.69405" yp2="54.17394" sp="0.05" color="silver" opacity="100"/>
<line xp1="73.69405" yp1="54.17394" xp2="73.70913" yp2="54.21708" sp="0.05" color="silver" opacity="100"/>
<line xp1="73.70913" yp1="54.21708" xp2="73.78221" yp2="54.33679" sp="0.05" color="silver" opacity="100"/>
<line xp1="73.78221" yp1="54.33679" xp2="73.83529" yp2="54.37022" sp="0.05" color="silver" opacity="100"/>
<line xp1="73.83529" yp1="54.37022" xp2="73.93565" yp2="54.26656" sp="0.05" color="silver" opacity="100"/>
<line xp1="73.93565" yp1="54.26656" xp2="74.00235" yp2="54.08458" sp="0.05" color="silver" opacity="100"/>
<line xp1="74.00235" yp1="54.08458" xp2="74.11176" yp2="54.13114" sp="0.05" color="silver" opacity="100"/>
<line xp1="74.11176" yp1="54.13114" xp2="74.19118" yp2="54.23068" sp="0.05" color="silver" opacity="100"/>
<line xp1="74.19118" yp1="54.23068" xp2="74.16415" yp2="54.40101" sp="0.05" color="silver" opacity="100"/>
<line xp1="74.16415" yp1="54.40101" xp2="74.14176" yp2="54.52565" sp="0.05" color="silver" opacity="100"/>
<line xp1="74.14176" yp1="54.52565" xp2="74.23036" yp2="54.58295" sp="0.05" color="silver" opacity="100"/>
<line xp1="74.23036" yp1="54.58295" xp2="74.24161" yp2="54.59022" sp="0.05" color="silver" opacity="100"/>
<line xp1="74.24161" yp1="54.59022" xp2="74.22724" yp2="54.80296" sp="0.05" color="silver" opacity="100"/>
<line xp1="74.22724" yp1="54.80296" xp2="74.22653" yp2="54.81336" sp="0.05" color="silver" opacity="100"/>
<line xp1="74.22653" yp1="54.81336" xp2="74.27466" yp2="54.88846" sp="0.05" color="silver" opacity="100"/>
<line xp1="74.27466" yp1="54.88846" xp2="74.28980" yp2="54.91208" sp="0.05" color="silver" opacity="100"/>
<line xp1="74.28980" yp1="54.91208" xp2="74.34103" yp2="55.06787" sp="0.05" color="silver" opacity="100"/>
<line xp1="74.34103" yp1="55.06787" xp2="74.44016" yp2="55.07240" sp="0.05" color="silver" opacity="100"/>
<line xp1="74.44016" yp1="55.07240" xp2="74.51500" yp2="55.07479" sp="0.05" color="silver" opacity="100"/>
<line xp1="74.51500" yp1="55.07479" xp2="74.52362" yp2="55.23078" sp="0.05" color="silver" opacity="100"/>
<line xp1="74.52362" yp1="55.23078" xp2="74.61048" yp2="55.35212" sp="0.05" color="silver" opacity="100"/>
<line xp1="74.61048" yp1="55.35212" xp2="74.68286" yp2="55.45507" sp="0.05" color="silver" opacity="100"/>
<line xp1="74.68286" yp1="55.45507" xp2="74.74968" yp2="55.41319" sp="0.05" color="silver" opacity="100"/>
<line xp1="74.74968" yp1="55.41319" xp2="74.77878" yp2="55.29059" sp="0.05" color="silver" opacity="100"/>
<line xp1="74.77878" yp1="55.29059" xp2="74.81478" yp2="55.28200" sp="0.05" color="silver" opacity="100"/>
<line xp1="74.81478" yp1="55.28200" xp2="74.84990" yp2="55.27363" sp="0.05" color="silver" opacity="100"/>
<line xp1="74.84990" yp1="55.27363" xp2="75.00140" yp2="55.39998" sp="0.05" color="silver" opacity="100"/>
<line xp1="75.00140" yp1="55.39998" xp2="75.09854" yp2="55.51637" sp="0.05" color="silver" opacity="100"/>
<line xp1="75.09854" yp1="55.51637" xp2="75.18687" yp2="55.56964" sp="0.05" color="silver" opacity="100"/>
<line xp1="75.18687" yp1="55.56964" xp2="75.19804" yp2="55.59342" sp="0.05" color="silver" opacity="100"/>
<line xp1="75.19804" yp1="55.59342" xp2="75.26777" yp2="55.74189" sp="0.05" color="silver" opacity="100"/>
<line xp1="75.26777" yp1="55.74189" xp2="75.32713" yp2="55.82302" sp="0.05" color="silver" opacity="100"/>
<line xp1="75.32713" yp1="55.82302" xp2="75.47110" yp2="56.01979" sp="0.05" color="silver" opacity="100"/>
<line xp1="75.47110" yp1="56.01979" xp2="75.59142" yp2="56.17929" sp="0.05" color="silver" opacity="100"/>
<line xp1="75.59142" yp1="56.17929" xp2="75.64652" yp2="56.31954" sp="0.05" color="silver" opacity="100"/>
<line xp1="75.64652" yp1="56.31954" xp2="75.63766" yp2="56.34072" sp="0.05" color="silver" opacity="100"/>
<line xp1="75.63766" yp1="56.34072" xp2="75.58472" yp2="56.46730" sp="0.05" color="silver" opacity="100"/>
<line xp1="75.58472" yp1="56.46730" xp2="75.65389" yp2="56.57455" sp="0.05" color="silver" opacity="100"/>
<line xp1="75.65389" yp1="56.57455" xp2="75.65496" yp2="56.70617" sp="0.05" color="silver" opacity="100"/>
<line xp1="75.65496" yp1="56.70617" xp2="75.65625" yp2="56.71438" sp="0.05" color="silver" opacity="100"/>
<line xp1="75.65625" yp1="56.71438" xp2="75.68709" yp2="56.91075" sp="0.05" color="silver" opacity="100"/>
<line xp1="75.68709" yp1="56.91075" xp2="75.74696" yp2="57.00071" sp="0.05" color="silver" opacity="100"/>
<line xp1="75.74696" yp1="57.00071" xp2="75.78442" yp2="57.05941" sp="0.05" color="silver" opacity="100"/>
<line xp1="75.78442" yp1="57.05941" xp2="75.78736" yp2="57.23869" sp="0.05" color="silver" opacity="100"/>
<line xp1="75.78736" yp1="57.23869" xp2="75.78953" yp2="57.37163" sp="0.05" color="silver" opacity="100"/>
<line xp1="75.78953" yp1="57.37163" xp2="75.83693" yp2="57.57597" sp="0.05" color="silver" opacity="100"/>
<line xp1="75.83693" yp1="57.57597" xp2="75.84219" yp2="57.59183" sp="0.05" color="silver" opacity="100"/>
<line xp1="75.84219" yp1="57.59183" xp2="75.87050" yp2="57.67719" sp="0.05" color="silver" opacity="100"/>
<line xp1="75.87050" yp1="57.67719" xp2="75.93139" yp2="57.86077" sp="0.05" color="silver" opacity="100"/>
<line xp1="75.93139" yp1="57.86077" xp2="75.98985" yp2="58.01105" sp="0.05" color="silver" opacity="100"/>
<line xp1="75.98985" yp1="58.01105" xp2="75.95139" yp2="58.24419" sp="0.05" color="silver" opacity="100"/>
<line xp1="75.95139" yp1="58.24419" xp2="75.95790" yp2="58.27192" sp="0.05" color="silver" opacity="100"/>
<line xp1="75.95790" yp1="58.27192" xp2="75.99247" yp2="58.41905" sp="0.05" color="silver" opacity="100"/>
<line xp1="75.99247" yp1="58.41905" xp2="75.96585" yp2="58.62999" sp="0.05" color="silver" opacity="100"/>
<line xp1="75.96585" yp1="58.62999" xp2="75.89545" yp2="58.80713" sp="0.05" color="silver" opacity="100"/>
<line xp1="75.89545" yp1="58.80713" xp2="75.95820" yp2="58.91410" sp="0.05" color="silver" opacity="100"/>
<line xp1="75.95820" yp1="58.91410" xp2="76.02518" yp2="58.90149" sp="0.05" color="silver" opacity="100"/>
<line xp1="76.02518" yp1="58.90149" xp2="76.12463" yp2="58.96800" sp="0.05" color="silver" opacity="100"/>
<line xp1="76.12463" yp1="58.96800" xp2="76.12353" yp2="59.57525" sp="0.05" color="silver" opacity="100"/>
<line xp1="76.12353" yp1="59.57525" xp2="76.12328" yp2="59.71521" sp="0.05" color="silver" opacity="100"/>
<line xp1="76.12328" yp1="59.71521" xp2="76.12324" yp2="59.73332" sp="0.05" color="silver" opacity="100"/>
<line xp1="76.12324" yp1="59.73332" xp2="76.12362" yp2="59.96398" sp="0.05" color="silver" opacity="100"/>
<line xp1="76.12362" yp1="59.96398" xp2="76.12427" yp2="60.35741" sp="0.05" color="silver" opacity="100"/>
<line xp1="76.12427" yp1="60.35741" xp2="76.12431" yp2="60.38110" sp="0.05" color="silver" opacity="100"/>
<line xp1="76.12431" yp1="60.38110" xp2="76.12478" yp2="60.66445" sp="0.05" color="silver" opacity="100"/>
<line xp1="76.12478" yp1="60.66445" xp2="76.12462" yp2="60.95286" sp="0.05" color="silver" opacity="100"/>
<line xp1="76.12462" yp1="60.95286" xp2="76.12436" yp2="61.39746" sp="0.05" color="silver" opacity="100"/>
<line xp1="76.12436" yp1="61.39746" xp2="76.12434" yp2="61.42835" sp="0.05" color="silver" opacity="100"/>
<line xp1="76.12434" yp1="61.42835" xp2="76.12407" yp2="61.91362" sp="0.05" color="silver" opacity="100"/>
<line xp1="76.12407" yp1="61.91362" xp2="76.12401" yp2="62.42732" sp="0.05" color="silver" opacity="100"/>
<line xp1="76.12401" yp1="62.42732" xp2="76.12396" yp2="62.79292" sp="0.05" color="silver" opacity="100"/>
<line xp1="76.12396" yp1="62.79292" xp2="76.02787" yp2="62.73603" sp="0.05" color="silver" opacity="100"/>
<line xp1="76.02787" yp1="62.73603" xp2="75.69109" yp2="62.59896" sp="0.05" color="silver" opacity="100"/>
<line xp1="75.69109" yp1="62.59896" xp2="75.53794" yp2="62.48261" sp="0.05" color="silver" opacity="100"/>
<line xp1="75.53794" yp1="62.48261" xp2="75.38112" yp2="62.42621" sp="0.05" color="silver" opacity="100"/>
<line xp1="75.38112" yp1="62.42621" xp2="75.30474" yp2="62.39873" sp="0.05" color="silver" opacity="100"/>
<line xp1="75.30474" yp1="62.39873" xp2="75.10097" yp2="62.24763" sp="0.05" color="silver" opacity="100"/>
<line xp1="75.10097" yp1="62.24763" xp2="74.94319" yp2="62.17212" sp="0.05" color="silver" opacity="100"/>
<line xp1="74.94319" yp1="62.17212" xp2="74.78672" yp2="62.02041" sp="0.05" color="silver" opacity="100"/>
<line xp1="74.78672" yp1="62.02041" xp2="74.66763" yp2="61.85471" sp="0.05" color="silver" opacity="100"/>
<line xp1="74.66763" yp1="61.85471" xp2="74.63280" yp2="61.81275" sp="0.05" color="silver" opacity="100"/>
<line xp1="74.63280" yp1="61.81275" xp2="74.40977" yp2="61.54417" sp="0.05" color="silver" opacity="100"/>
<line xp1="74.40977" yp1="61.54417" xp2="74.24807" yp2="61.39586" sp="0.05" color="silver" opacity="100"/>
<line xp1="74.24807" yp1="61.39586" xp2="74.20219" yp2="61.40426" sp="0.05" color="silver" opacity="100"/>
<line xp1="74.20219" yp1="61.40426" xp2="74.13730" yp2="61.41614" sp="0.05" color="silver" opacity="100"/>
<line xp1="74.13730" yp1="61.41614" xp2="74.11923" yp2="61.41503" sp="0.05" color="silver" opacity="100"/>
<line xp1="74.11923" yp1="61.41503" xp2="73.94175" yp2="61.40412" sp="0.05" color="silver" opacity="100"/>
<line xp1="73.94175" yp1="61.40412" xp2="73.90719" yp2="61.43015" sp="0.05" color="silver" opacity="100"/>
<line xp1="73.90719" yp1="61.43015" xp2="73.89465" yp2="61.43960" sp="0.05" color="silver" opacity="100"/>
<line xp1="73.89465" yp1="61.43960" xp2="73.85452" yp2="61.46983" sp="0.05" color="silver" opacity="100"/>
<line xp1="73.85452" yp1="61.46983" xp2="73.73669" yp2="61.41975" sp="0.05" color="silver" opacity="100"/>
<line xp1="73.73669" yp1="61.41975" xp2="73.56677" yp2="61.34753" sp="0.05" color="silver" opacity="100"/>
<line xp1="73.56677" yp1="61.34753" xp2="73.43311" yp2="61.23098" sp="0.05" color="silver" opacity="100"/>
<line xp1="73.43311" yp1="61.23098" xp2="73.31074" yp2="61.22075" sp="0.05" color="silver" opacity="100"/>
<line xp1="73.31074" yp1="61.22075" xp2="73.28956" yp2="61.21898" sp="0.05" color="silver" opacity="100"/>
<line xp1="73.28956" yp1="61.21898" xp2="73.13754" yp2="61.10376" sp="0.05" color="silver" opacity="100"/>
<line xp1="73.13754" yp1="61.10376" xp2="73.02583" yp2="61.11759" sp="0.05" color="silver" opacity="100"/>
<line xp1="73.02583" yp1="61.11759" xp2="72.89700" yp2="61.22407" sp="0.05" color="silver" opacity="100"/>
<line xp1="72.89700" yp1="61.22407" xp2="72.78781" yp2="61.40664" sp="0.05" color="silver" opacity="100"/>
<line xp1="72.78781" yp1="61.40664" xp2="72.78374" yp2="61.41916" sp="0.05" color="silver" opacity="100"/>
<line xp1="72.78374" yp1="61.41916" xp2="72.74173" yp2="61.54837" sp="0.05" color="silver" opacity="100"/>
<line xp1="72.74173" yp1="61.54837" xp2="72.56292" yp2="61.67882" sp="0.05" color="silver" opacity="100"/>
<line xp1="72.56292" yp1="61.67882" xp2="72.52380" yp2="61.64677" sp="0.05" color="silver" opacity="100"/>
<line xp1="72.52380" yp1="61.64677" xp2="72.40866" yp2="61.46958" sp="0.05" color="silver" opacity="100"/>
<line xp1="72.40866" yp1="61.46958" xp2="72.26450" yp2="61.58759" sp="0.05" color="silver" opacity="100"/>
<line xp1="72.26450" yp1="61.58759" xp2="72.20524" yp2="61.70097" sp="0.05" color="silver" opacity="100"/>
<line xp1="72.20524" yp1="61.70097" xp2="72.05566" yp2="61.78323" sp="0.05" color="silver" opacity="100"/>
<line xp1="72.05566" yp1="61.78323" xp2="71.95129" yp2="61.84062" sp="0.05" color="silver" opacity="100"/>
<line xp1="71.95129" yp1="61.84062" xp2="71.80488" yp2="62.00446" sp="0.05" color="silver" opacity="100"/>
<line xp1="71.80488" yp1="62.00446" xp2="71.67764" yp2="61.97499" sp="0.05" color="silver" opacity="100"/>
<line xp1="71.67764" yp1="61.97499" xp2="71.60949" yp2="62.09328" sp="0.05" color="silver" opacity="100"/>
<line xp1="71.60949" yp1="62.09328" xp2="71.40686" yp2="62.08221" sp="0.05" color="silver" opacity="100"/>
<line xp1="71.40686" yp1="62.08221" xp2="71.13379" yp2="62.06729" sp="0.05" color="silver" opacity="100"/>
<line xp1="71.13379" yp1="62.06729" xp2="71.13362" yp2="62.06728" sp="0.05" color="silver" opacity="100"/>
<line xp1="71.13362" yp1="62.06728" xp2="70.95325" yp2="62.05770" sp="0.05" color="silver" opacity="100"/>
<line xp1="70.95325" yp1="62.05770" xp2="70.56244" yp2="62.03695" sp="0.05" color="silver" opacity="100"/>
<line xp1="70.56244" yp1="62.03695" xp2="70.21474" yp2="62.01987" sp="0.05" color="silver" opacity="100"/>
<line xp1="70.21474" yp1="62.01987" xp2="70.15454" yp2="62.01692" sp="0.05" color="silver" opacity="100"/>
<line xp1="70.15454" yp1="62.01692" xp2="70.09528" yp2="62.01401" sp="0.05" color="silver" opacity="100"/>
<line xp1="70.09528" yp1="62.01401" xp2="69.52910" yp2="61.98883" sp="0.05" color="silver" opacity="100"/>
<line xp1="69.52910" yp1="61.98883" xp2="69.53083" yp2="61.51468" sp="0.05" color="silver" opacity="100"/>
<line xp1="69.53083" yp1="61.51468" xp2="69.53192" yp2="61.21728" sp="0.05" color="silver" opacity="100"/>
<line xp1="69.53192" yp1="61.21728" xp2="69.53210" yp2="61.16655" sp="0.05" color="silver" opacity="100"/>
<line xp1="69.53210" yp1="61.16655" xp2="69.53276" yp2="60.77502" sp="0.05" color="silver" opacity="100"/>
<line xp1="69.53276" yp1="60.77502" xp2="69.53285" yp2="60.72160" sp="0.05" color="silver" opacity="100"/>
<line xp1="69.53285" yp1="60.72160" xp2="69.53349" yp2="60.34690" sp="0.05" color="silver" opacity="100"/>
<line xp1="69.53349" yp1="60.34690" xp2="69.53406" yp2="59.96964" sp="0.05" color="silver" opacity="100"/>
<line xp1="69.53406" yp1="59.96964" xp2="69.53435" yp2="59.77877" sp="0.05" color="silver" opacity="100"/>
<line xp1="69.53435" yp1="59.77877" xp2="69.53520" yp2="59.22332" sp="0.05" color="silver" opacity="100"/>
<line xp1="69.53520" yp1="59.22332" xp2="69.53520" yp2="59.22327" sp="0.05" color="silver" opacity="100"/>
<line xp1="69.53520" yp1="59.22327" xp2="69.53475" yp2="58.77775" sp="0.05" color="silver" opacity="100"/>
<line xp1="69.53475" yp1="58.77775" xp2="69.53454" yp2="58.57660" sp="0.05" color="silver" opacity="100"/>
<line xp1="69.53454" yp1="58.57660" xp2="69.53395" yp2="58.47253" sp="0.05" color="silver" opacity="100"/>
<line xp1="69.53395" yp1="58.47253" xp2="69.53212" yp2="58.15098" sp="0.05" color="silver" opacity="100"/>
<line xp1="69.53212" yp1="58.15098" xp2="69.53212" yp2="58.15075" sp="0.05" color="silver" opacity="100"/>
<line xp1="69.53212" yp1="58.15075" xp2="69.53090" yp2="58.02885" sp="0.05" color="silver" opacity="100"/>
<line xp1="69.53090" yp1="58.02885" xp2="69.52507" yp2="57.44919" sp="0.05" color="silver" opacity="100"/>
<line xp1="69.52507" yp1="57.44919" xp2="69.52283" yp2="57.15734" sp="0.05" color="silver" opacity="100"/>
<line xp1="69.52283" yp1="57.15734" xp2="69.52090" yp2="56.90547" sp="0.05" color="silver" opacity="100"/>
<line xp1="69.52090" yp1="56.90547" xp2="69.51673" yp2="56.36176" sp="0.05" color="silver" opacity="100"/>
<line xp1="69.51673" yp1="56.36176" xp2="69.51672" yp2="56.36159" sp="0.05" color="silver" opacity="100"/>
<line xp1="69.51672" yp1="56.36159" xp2="69.51430" yp2="55.90778" sp="0.05" color="silver" opacity="100"/>
<line xp1="69.51430" yp1="55.90778" xp2="69.51360" yp2="55.77705" sp="0.05" color="silver" opacity="100"/>
<line xp1="69.51360" yp1="55.77705" xp2="69.51161" yp2="55.40501" sp="0.05" color="silver" opacity="100"/>
<line xp1="69.51161" yp1="55.40501" xp2="69.50942" yp2="55.15762" sp="0.05" color="silver" opacity="100"/>
<line xp1="69.50942" yp1="55.15762" xp2="69.50942" yp2="55.15755" sp="0.05" color="silver" opacity="100"/>
<line xp1="69.50942" yp1="55.15755" xp2="69.50745" yp2="54.93493" sp="0.05" color="silver" opacity="100"/>
<line xp1="69.50745" yp1="54.93493" xp2="69.50745" yp2="54.93493" sp="0.05" color="silver" opacity="100"/>
<line xp1="41.53459" yp1="47.64339" xp2="41.53510" yp2="47.43633" sp="0.05" color="silver" opacity="100"/>
<line xp1="41.53510" yp1="47.43633" xp2="41.53472" yp2="47.14399" sp="0.05" color="silver" opacity="100"/>
<line xp1="41.53472" yp1="47.14399" xp2="42.82698" yp2="47.14379" sp="0.05" color="silver" opacity="100"/>
<line xp1="42.82698" yp1="47.14379" xp2="43.02717" yp2="47.14304" sp="0.05" color="silver" opacity="100"/>
<line xp1="43.02717" yp1="47.14304" xp2="43.34375" yp2="47.14187" sp="0.05" color="silver" opacity="100"/>
<line xp1="43.34375" yp1="47.14187" xp2="43.65552" yp2="47.14151" sp="0.05" color="silver" opacity="100"/>
<line xp1="43.65552" yp1="47.14151" xp2="44.48438" yp2="47.14070" sp="0.05" color="silver" opacity="100"/>
<line xp1="44.48438" yp1="47.14070" xp2="44.68592" yp2="47.14151" sp="0.05" color="silver" opacity="100"/>
<line xp1="44.68592" yp1="47.14151" xp2="44.79358" yp2="47.14195" sp="0.05" color="silver" opacity="100"/>
<line xp1="44.79358" yp1="47.14195" xp2="45.24213" yp2="47.14134" sp="0.05" color="silver" opacity="100"/>
<line xp1="45.24213" yp1="47.14134" xp2="45.31362" yp2="47.14144" sp="0.05" color="silver" opacity="100"/>
<line xp1="45.31362" yp1="47.14144" xp2="45.67536" yp2="47.14197" sp="0.05" color="silver" opacity="100"/>
<line xp1="45.67536" yp1="47.14197" xp2="46.14806" yp2="47.14201" sp="0.05" color="silver" opacity="100"/>
<line xp1="46.14806" yp1="47.14201" xp2="46.15322" yp2="47.14201" sp="0.05" color="silver" opacity="100"/>
<line xp1="46.15322" yp1="47.14201" xp2="46.15323" yp2="45.87336" sp="0.05" color="silver" opacity="100"/>
<line xp1="46.15323" yp1="45.87336" xp2="46.15324" yp2="45.37495" sp="0.05" color="silver" opacity="100"/>
<line xp1="46.15324" yp1="45.37495" xp2="46.15324" yp2="44.62604" sp="0.05" color="silver" opacity="100"/>
<line xp1="46.15324" yp1="44.62604" xp2="46.15325" yp2="44.06390" sp="0.05" color="silver" opacity="100"/>
<line xp1="46.15325" yp1="44.06390" xp2="46.15325" yp2="43.37915" sp="0.05" color="silver" opacity="100"/>
<line xp1="46.15325" yp1="43.37915" xp2="46.15326" yp2="42.94266" sp="0.05" color="silver" opacity="100"/>
<line xp1="46.15326" yp1="42.94266" xp2="46.15326" yp2="42.13246" sp="0.05" color="silver" opacity="100"/>
<line xp1="46.15326" yp1="42.13246" xp2="46.15326" yp2="41.60145" sp="0.05" color="silver" opacity="100"/>
<line xp1="46.15326" yp1="41.60145" xp2="46.15749" yp2="41.60325" sp="0.05" color="silver" opacity="100"/>
<line xp1="46.15749" yp1="41.60325" xp2="46.26256" yp2="41.64775" sp="0.05" color="silver" opacity="100"/>
<line xp1="46.26256" yp1="41.64775" xp2="46.39682" yp2="41.44838" sp="0.05" color="silver" opacity="100"/>
<line xp1="46.39682" yp1="41.44838" xp2="46.43356" yp2="41.39383" sp="0.05" color="silver" opacity="100"/>
<line xp1="46.43356" yp1="41.39383" xp2="46.51557" yp2="41.24362" sp="0.05" color="silver" opacity="100"/>
<line xp1="46.51557" yp1="41.24362" xp2="46.62083" yp2="41.08867" sp="0.05" color="silver" opacity="100"/>
<line xp1="46.62083" yp1="41.08867" xp2="46.76919" yp2="41.07054" sp="0.05" color="silver" opacity="100"/>
<line xp1="46.76919" yp1="41.07054" xp2="46.79311" yp2="41.16478" sp="0.05" color="silver" opacity="100"/>
<line xp1="46.79311" yp1="41.16478" xp2="46.96150" yp2="41.13392" sp="0.05" color="silver" opacity="100"/>
<line xp1="46.96150" yp1="41.13392" xp2="46.96774" yp2="41.13277" sp="0.05" color="silver" opacity="100"/>
<line xp1="46.96774" yp1="41.13277" xp2="47.04549" yp2="41.08704" sp="0.05" color="silver" opacity="100"/>
<line xp1="47.04549" yp1="41.08704" xp2="47.08468" yp2="41.26314" sp="0.05" color="silver" opacity="100"/>
<line xp1="47.08468" yp1="41.26314" xp2="47.15322" yp2="41.24881" sp="0.05" color="silver" opacity="100"/>
<line xp1="47.15322" yp1="41.24881" xp2="47.26871" yp2="41.10457" sp="0.05" color="silver" opacity="100"/>
<line xp1="47.26871" yp1="41.10457" xp2="47.35137" yp2="40.92964" sp="0.05" color="silver" opacity="100"/>
<line xp1="47.35137" yp1="40.92964" xp2="47.36677" yp2="40.89706" sp="0.05" color="silver" opacity="100"/>
<line xp1="47.36677" yp1="40.89706" xp2="47.40075" yp2="40.61232" sp="0.05" color="silver" opacity="100"/>
<line xp1="47.40075" yp1="40.61232" xp2="47.48992" yp2="40.59815" sp="0.05" color="silver" opacity="100"/>
<line xp1="47.48992" yp1="40.59815" xp2="47.60185" yp2="40.57502" sp="0.05" color="silver" opacity="100"/>
<line xp1="47.60185" yp1="40.57502" xp2="47.68782" yp2="40.59652" sp="0.05" color="silver" opacity="100"/>
<line xp1="47.68782" yp1="40.59652" xp2="47.76565" yp2="40.58477" sp="0.05" color="silver" opacity="100"/>
<line xp1="47.76565" yp1="40.58477" xp2="47.78428" yp2="40.58196" sp="0.05" color="silver" opacity="100"/>
<line xp1="47.78428" yp1="40.58196" xp2="47.88888" yp2="40.45842" sp="0.05" color="silver" opacity="100"/>
<line xp1="47.88888" yp1="40.45842" xp2="47.98952" yp2="40.44543" sp="0.05" color="silver" opacity="100"/>
<line xp1="47.98952" yp1="40.44543" xp2="48.09657" yp2="40.37426" sp="0.05" color="silver" opacity="100"/>
<line xp1="48.09657" yp1="40.37426" xp2="48.16912" yp2="40.38044" sp="0.05" color="silver" opacity="100"/>
<line xp1="48.16912" yp1="40.38044" xp2="48.23373" yp2="40.46983" sp="0.05" color="silver" opacity="100"/>
<line xp1="48.23373" yp1="40.46983" xp2="48.29200" yp2="40.44622" sp="0.05" color="silver" opacity="100"/>
<line xp1="48.29200" yp1="40.44622" xp2="48.34287" yp2="40.42561" sp="0.05" color="silver" opacity="100"/>
<line xp1="48.34287" yp1="40.42561" xp2="48.41815" yp2="40.27132" sp="0.05" color="silver" opacity="100"/>
<line xp1="48.41815" yp1="40.27132" xp2="48.49990" yp2="40.18363" sp="0.05" color="silver" opacity="100"/>
<line xp1="48.49990" yp1="40.18363" xp2="48.57918" yp2="40.23414" sp="0.05" color="silver" opacity="100"/>
<line xp1="48.57918" yp1="40.23414" xp2="48.59319" yp2="40.24307" sp="0.05" color="silver" opacity="100"/>
<line xp1="48.59319" yp1="40.24307" xp2="48.61778" yp2="40.36702" sp="0.05" color="silver" opacity="100"/>
<line xp1="48.61778" yp1="40.36702" xp2="48.67073" yp2="40.44888" sp="0.05" color="silver" opacity="100"/>
<line xp1="48.67073" yp1="40.44888" xp2="48.74038" yp2="40.41835" sp="0.05" color="silver" opacity="100"/>
<line xp1="48.74038" yp1="40.41835" xp2="48.88418" yp2="40.36356" sp="0.05" color="silver" opacity="100"/>
<line xp1="48.88418" yp1="40.36356" xp2="48.97058" yp2="40.32620" sp="0.05" color="silver" opacity="100"/>
<line xp1="48.97058" yp1="40.32620" xp2="49.01771" yp2="40.40345" sp="0.05" color="silver" opacity="100"/>
<line xp1="49.01771" yp1="40.40345" xp2="49.04096" yp2="40.44154" sp="0.05" color="silver" opacity="100"/>
<line xp1="49.04096" yp1="40.44154" xp2="49.07796" yp2="40.29799" sp="0.05" color="silver" opacity="100"/>
<line xp1="49.07796" yp1="40.29799" xp2="49.07831" yp2="40.13897" sp="0.05" color="silver" opacity="100"/>
<line xp1="49.07831" yp1="40.13897" xp2="49.10332" yp2="40.00689" sp="0.05" color="silver" opacity="100"/>
<line xp1="49.10332" yp1="40.00689" xp2="49.22205" yp2="39.98847" sp="0.05" color="silver" opacity="100"/>
<line xp1="49.22205" yp1="39.98847" xp2="49.31143" yp2="39.97444" sp="0.05" color="silver" opacity="100"/>
<line xp1="49.31143" yp1="39.97444" xp2="49.30201" yp2="39.78392" sp="0.05" color="silver" opacity="100"/>
<line xp1="49.30201" yp1="39.78392" xp2="49.30476" yp2="39.68922" sp="0.05" color="silver" opacity="100"/>
<line xp1="49.30476" yp1="39.68922" xp2="49.30582" yp2="39.65264" sp="0.05" color="silver" opacity="100"/>
<line xp1="49.30582" yp1="39.65264" xp2="49.43728" yp2="39.56969" sp="0.05" color="silver" opacity="100"/>
<line xp1="49.43728" yp1="39.56969" xp2="49.53312" yp2="39.65769" sp="0.05" color="silver" opacity="100"/>
<line xp1="49.53312" yp1="39.65769" xp2="49.60026" yp2="39.78631" sp="0.05" color="silver" opacity="100"/>
<line xp1="49.60026" yp1="39.78631" xp2="49.73574" yp2="39.97534" sp="0.05" color="silver" opacity="100"/>
<line xp1="49.73574" yp1="39.97534" xp2="49.83217" yp2="39.90884" sp="0.05" color="silver" opacity="100"/>
<line xp1="49.83217" yp1="39.90884" xp2="49.85207" yp2="39.77745" sp="0.05" color="silver" opacity="100"/>
<line xp1="49.85207" yp1="39.77745" xp2="49.90578" yp2="39.71160" sp="0.05" color="silver" opacity="100"/>
<line xp1="49.90578" yp1="39.71160" xp2="49.91035" yp2="39.70600" sp="0.05" color="silver" opacity="100"/>
<line xp1="49.91035" yp1="39.70600" xp2="50.02076" yp2="39.76284" sp="0.05" color="silver" opacity="100"/>
<line xp1="50.02076" yp1="39.76284" xp2="50.02439" yp2="39.75397" sp="0.05" color="silver" opacity="100"/>
<line xp1="50.02439" yp1="39.75397" xp2="50.07466" yp2="39.63123" sp="0.05" color="silver" opacity="100"/>
<line xp1="50.07466" yp1="39.63123" xp2="50.08586" yp2="39.49649" sp="0.05" color="silver" opacity="100"/>
<line xp1="50.08586" yp1="39.49649" xp2="50.19548" yp2="39.48415" sp="0.05" color="silver" opacity="100"/>
<line xp1="50.19548" yp1="39.48415" xp2="50.27963" yp2="39.61463" sp="0.05" color="silver" opacity="100"/>
<line xp1="50.27963" yp1="39.61463" xp2="50.39049" yp2="39.71527" sp="0.05" color="silver" opacity="100"/>
<line xp1="50.39049" yp1="39.71527" xp2="50.45209" yp2="39.75509" sp="0.05" color="silver" opacity="100"/>
<line xp1="50.45209" yp1="39.75509" xp2="50.51288" yp2="39.56375" sp="0.05" color="silver" opacity="100"/>
<line xp1="50.51288" yp1="39.56375" xp2="50.45284" yp2="39.45664" sp="0.05" color="silver" opacity="100"/>
<line xp1="50.45284" yp1="39.45664" xp2="50.53939" yp2="39.20562" sp="0.05" color="silver" opacity="100"/>
<line xp1="50.53939" yp1="39.20562" xp2="50.62912" yp2="39.24319" sp="0.05" color="silver" opacity="100"/>
<line xp1="50.62912" yp1="39.24319" xp2="50.63407" yp2="39.35457" sp="0.05" color="silver" opacity="100"/>
<line xp1="50.63407" yp1="39.35457" xp2="50.64832" yp2="39.46502" sp="0.05" color="silver" opacity="100"/>
<line xp1="50.64832" yp1="39.46502" xp2="50.68333" yp2="39.58783" sp="0.05" color="silver" opacity="100"/>
<line xp1="50.68333" yp1="39.58783" xp2="50.79144" yp2="39.67578" sp="0.05" color="silver" opacity="100"/>
<line xp1="50.79144" yp1="39.67578" xp2="50.78655" yp2="39.76705" sp="0.05" color="silver" opacity="100"/>
<line xp1="50.78655" yp1="39.76705" xp2="50.84260" yp2="39.84166" sp="0.05" color="silver" opacity="100"/>
<line xp1="50.84260" yp1="39.84166" xp2="50.85444" yp2="39.84290" sp="0.05" color="silver" opacity="100"/>
<line xp1="50.85444" yp1="39.84290" xp2="50.87024" yp2="39.84454" sp="0.05" color="silver" opacity="100"/>
<line xp1="50.87024" yp1="39.84454" xp2="50.91500" yp2="39.84920" sp="0.05" color="silver" opacity="100"/>
<line xp1="50.91500" yp1="39.84920" xp2="50.92739" yp2="39.72273" sp="0.05" color="silver" opacity="100"/>
<line xp1="50.92739" yp1="39.72273" xp2="50.99909" yp2="39.56346" sp="0.05" color="silver" opacity="100"/>
<line xp1="50.99909" yp1="39.56346" xp2="51.08573" yp2="39.62539" sp="0.05" color="silver" opacity="100"/>
<line xp1="51.08573" yp1="39.62539" xp2="51.11267" yp2="39.54850" sp="0.05" color="silver" opacity="100"/>
<line xp1="51.11267" yp1="39.54850" xp2="51.21166" yp2="39.51895" sp="0.05" color="silver" opacity="100"/>
<line xp1="51.21166" yp1="39.51895" xp2="51.25830" yp2="39.64756" sp="0.05" color="silver" opacity="100"/>
<line xp1="51.25830" yp1="39.64756" xp2="51.29247" yp2="39.76190" sp="0.05" color="silver" opacity="100"/>
<line xp1="51.29247" yp1="39.76190" xp2="51.39281" yp2="39.66577" sp="0.05" color="silver" opacity="100"/>
<line xp1="51.39281" yp1="39.66577" xp2="51.39983" yp2="39.65904" sp="0.05" color="silver" opacity="100"/>
<line xp1="51.39983" yp1="39.65904" xp2="51.39550" yp2="39.51690" sp="0.05" color="silver" opacity="100"/>
<line xp1="51.39550" yp1="39.51690" xp2="51.42625" yp2="39.48314" sp="0.05" color="silver" opacity="100"/>
<line xp1="51.42625" yp1="39.48314" xp2="51.50175" yp2="39.48033" sp="0.05" color="silver" opacity="100"/>
<line xp1="51.50175" yp1="39.48033" xp2="51.53494" yp2="39.35274" sp="0.05" color="silver" opacity="100"/>
<line xp1="51.53494" yp1="39.35274" xp2="51.63622" yp2="39.37157" sp="0.05" color="silver" opacity="100"/>
<line xp1="51.63622" yp1="39.37157" xp2="51.68691" yp2="39.27511" sp="0.05" color="silver" opacity="100"/>
<line xp1="51.68691" yp1="39.27511" xp2="51.72360" yp2="39.18723" sp="0.05" color="silver" opacity="100"/>
<line xp1="51.72360" yp1="39.18723" xp2="51.74902" yp2="39.12633" sp="0.05" color="silver" opacity="100"/>
<line xp1="51.74902" yp1="39.12633" xp2="51.83479" yp2="39.24287" sp="0.05" color="silver" opacity="100"/>
<line xp1="51.83479" yp1="39.24287" xp2="51.88112" yp2="39.34210" sp="0.05" color="silver" opacity="100"/>
<line xp1="51.88112" yp1="39.34210" xp2="51.95535" yp2="39.28006" sp="0.05" color="silver" opacity="100"/>
<line xp1="51.95535" yp1="39.28006" xp2="52.04150" yp2="39.43017" sp="0.05" color="silver" opacity="100"/>
<line xp1="52.04150" yp1="39.43017" xp2="52.07442" yp2="39.51985" sp="0.05" color="silver" opacity="100"/>
<line xp1="52.07442" yp1="39.51985" xp2="52.20935" yp2="39.54721" sp="0.05" color="silver" opacity="100"/>
<line xp1="52.20935" yp1="39.54721" xp2="52.40719" yp2="39.64314" sp="0.05" color="silver" opacity="100"/>
<line xp1="52.40719" yp1="39.64314" xp2="52.48078" yp2="39.61102" sp="0.05" color="silver" opacity="100"/>
<line xp1="52.48078" yp1="39.61102" xp2="52.54634" yp2="39.60121" sp="0.05" color="silver" opacity="100"/>
<line xp1="52.54634" yp1="39.60121" xp2="52.58370" yp2="39.59561" sp="0.05" color="silver" opacity="100"/>
<line xp1="52.58370" yp1="39.59561" xp2="52.63132" yp2="39.63554" sp="0.05" color="silver" opacity="100"/>
<line xp1="52.63132" yp1="39.63554" xp2="52.71153" yp2="39.70276" sp="0.05" color="silver" opacity="100"/>
<line xp1="52.71153" yp1="39.70276" xp2="52.81542" yp2="39.73098" sp="0.05" color="silver" opacity="100"/>
<line xp1="52.81542" yp1="39.73098" xp2="52.91745" yp2="39.79199" sp="0.05" color="silver" opacity="100"/>
<line xp1="52.91745" yp1="39.79199" xp2="52.98936" yp2="39.79149" sp="0.05" color="silver" opacity="100"/>
<line xp1="52.98936" yp1="39.79149" xp2="53.03797" yp2="39.67282" sp="0.05" color="silver" opacity="100"/>
<line xp1="53.03797" yp1="39.67282" xp2="53.15789" yp2="39.62529" sp="0.05" color="silver" opacity="100"/>
<line xp1="53.15789" yp1="39.62529" xp2="53.30410" yp2="39.62225" sp="0.05" color="silver" opacity="100"/>
<line xp1="53.30410" yp1="39.62225" xp2="53.36854" yp2="39.63955" sp="0.05" color="silver" opacity="100"/>
<line xp1="53.36854" yp1="39.63955" xp2="53.41008" yp2="39.65070" sp="0.05" color="silver" opacity="100"/>
<line xp1="53.41008" yp1="39.65070" xp2="53.45596" yp2="39.79917" sp="0.05" color="silver" opacity="100"/>
<line xp1="53.45596" yp1="39.79917" xp2="53.49786" yp2="39.89130" sp="0.05" color="silver" opacity="100"/>
<line xp1="53.49786" yp1="39.89130" xp2="53.60630" yp2="39.82424" sp="0.05" color="silver" opacity="100"/>
<line xp1="53.60630" yp1="39.82424" xp2="53.61621" yp2="39.81810" sp="0.05" color="silver" opacity="100"/>
<line xp1="53.61621" yp1="39.81810" xp2="53.70000" yp2="39.72805" sp="0.05" color="silver" opacity="100"/>
<line xp1="53.70000" yp1="39.72805" xp2="53.77451" yp2="39.60733" sp="0.05" color="silver" opacity="100"/>
<line xp1="53.77451" yp1="39.60733" xp2="53.87438" yp2="39.57795" sp="0.05" color="silver" opacity="100"/>
<line xp1="53.87438" yp1="39.57795" xp2="53.93914" yp2="39.45858" sp="0.05" color="silver" opacity="100"/>
<line xp1="53.93914" yp1="39.45858" xp2="53.99650" yp2="39.36083" sp="0.05" color="silver" opacity="100"/>
<line xp1="53.99650" yp1="39.36083" xp2="54.08979" yp2="39.25552" sp="0.05" color="silver" opacity="100"/>
<line xp1="54.08979" yp1="39.25552" xp2="54.20593" yp2="39.28009" sp="0.05" color="silver" opacity="100"/>
<line xp1="54.20593" yp1="39.28009" xp2="54.25856" yp2="39.20237" sp="0.05" color="silver" opacity="100"/>
<line xp1="54.25856" yp1="39.20237" xp2="54.28482" yp2="39.16360" sp="0.05" color="silver" opacity="100"/>
<line xp1="54.28482" yp1="39.16360" xp2="54.41448" yp2="39.06686" sp="0.05" color="silver" opacity="100"/>
<line xp1="54.41448" yp1="39.06686" xp2="54.50327" yp2="39.05682" sp="0.05" color="silver" opacity="100"/>
<line xp1="54.50327" yp1="39.05682" xp2="54.57088" yp2="38.91954" sp="0.05" color="silver" opacity="100"/>
<line xp1="54.57088" yp1="38.91954" xp2="54.63712" yp2="38.96533" sp="0.05" color="silver" opacity="100"/>
<line xp1="54.63712" yp1="38.96533" xp2="54.64332" yp2="39.39717" sp="0.05" color="silver" opacity="100"/>
<line xp1="54.64332" yp1="39.39717" xp2="54.65036" yp2="39.83094" sp="0.05" color="silver" opacity="100"/>
<line xp1="54.65036" yp1="39.83094" xp2="54.65401" yp2="40.05616" sp="0.05" color="silver" opacity="100"/>
<line xp1="54.65401" yp1="40.05616" xp2="54.66132" yp2="40.54336" sp="0.05" color="silver" opacity="100"/>
<line xp1="54.66132" yp1="40.54336" xp2="54.66858" yp2="41.02728" sp="0.05" color="silver" opacity="100"/>
<line xp1="54.66858" yp1="41.02728" xp2="54.67513" yp2="41.44988" sp="0.05" color="silver" opacity="100"/>
<line xp1="54.67513" yp1="41.44988" xp2="54.68077" yp2="41.81413" sp="0.05" color="silver" opacity="100"/>
<line xp1="54.68077" yp1="41.81413" xp2="54.68555" yp2="42.08270" sp="0.05" color="silver" opacity="100"/>
<line xp1="54.68555" yp1="42.08270" xp2="54.69376" yp2="42.54445" sp="0.05" color="silver" opacity="100"/>
<line xp1="54.69376" yp1="42.54445" xp2="54.69614" yp2="42.66878" sp="0.05" color="silver" opacity="100"/>
<line xp1="54.69614" yp1="42.66878" xp2="54.70319" yp2="43.03567" sp="0.05" color="silver" opacity="100"/>
<line xp1="54.70319" yp1="43.03567" xp2="54.71490" yp2="43.64541" sp="0.05" color="silver" opacity="100"/>
<line xp1="54.71490" yp1="43.64541" xp2="54.72075" yp2="43.91312" sp="0.05" color="silver" opacity="100"/>
<line xp1="54.72075" yp1="43.91312" xp2="54.71681" yp2="43.96421" sp="0.05" color="silver" opacity="100"/>
<line xp1="54.71681" yp1="43.96421" xp2="54.71568" yp2="43.97893" sp="0.05" color="silver" opacity="100"/>
<line xp1="54.71568" yp1="43.97893" xp2="54.69278" yp2="44.27634" sp="0.05" color="silver" opacity="100"/>
<line xp1="54.69278" yp1="44.27634" xp2="54.65674" yp2="44.68156" sp="0.05" color="silver" opacity="100"/>
<line xp1="54.65674" yp1="44.68156" xp2="54.62607" yp2="45.02642" sp="0.05" color="silver" opacity="100"/>
<line xp1="54.62607" yp1="45.02642" xp2="54.62377" yp2="45.05229" sp="0.05" color="silver" opacity="100"/>
<line xp1="54.62377" yp1="45.05229" xp2="54.56604" yp2="45.67958" sp="0.05" color="silver" opacity="100"/>
<line xp1="54.56604" yp1="45.67958" xp2="54.53556" yp2="46.00607" sp="0.05" color="silver" opacity="100"/>
<line xp1="54.53556" yp1="46.00607" xp2="54.51959" yp2="46.17706" sp="0.05" color="silver" opacity="100"/>
<line xp1="54.51959" yp1="46.17706" xp2="54.48277" yp2="46.57134" sp="0.05" color="silver" opacity="100"/>
<line xp1="54.48277" yp1="46.57134" xp2="54.43397" yp2="47.14118" sp="0.05" color="silver" opacity="100"/>
<line xp1="54.43397" yp1="47.14118" xp2="54.43413" yp2="47.46458" sp="0.05" color="silver" opacity="100"/>
<line xp1="54.43413" yp1="47.46458" xp2="54.43386" yp2="47.62263" sp="0.05" color="silver" opacity="100"/>
<line xp1="54.43386" yp1="47.62263" xp2="54.43337" yp2="47.90446" sp="0.05" color="silver" opacity="100"/>
<line xp1="54.43337" yp1="47.90446" xp2="54.43390" yp2="48.56830" sp="0.05" color="silver" opacity="100"/>
<line xp1="54.43390" yp1="48.56830" xp2="54.28805" yp2="48.56798" sp="0.05" color="silver" opacity="100"/>
<line xp1="54.28805" yp1="48.56798" xp2="53.85340" yp2="48.57008" sp="0.05" color="silver" opacity="100"/>
<line xp1="53.85340" yp1="48.57008" xp2="53.83443" yp2="48.57006" sp="0.05" color="silver" opacity="100"/>
<line xp1="53.83443" yp1="48.57006" xp2="53.73307" yp2="48.56997" sp="0.05" color="silver" opacity="100"/>
<line xp1="53.73307" yp1="48.56997" xp2="53.34990" yp2="48.56959" sp="0.05" color="silver" opacity="100"/>
<line xp1="53.34990" yp1="48.56959" xp2="53.21887" yp2="48.56955" sp="0.05" color="silver" opacity="100"/>
<line xp1="53.21887" yp1="48.56955" xp2="53.04244" yp2="48.56949" sp="0.05" color="silver" opacity="100"/>
<line xp1="53.04244" yp1="48.56949" xp2="52.96370" yp2="48.56946" sp="0.05" color="silver" opacity="100"/>
<line xp1="52.96370" yp1="48.56946" xp2="52.63575" yp2="48.56935" sp="0.05" color="silver" opacity="100"/>
<line xp1="52.63575" yp1="48.56935" xp2="52.41827" yp2="48.56927" sp="0.05" color="silver" opacity="100"/>
<line xp1="52.41827" yp1="48.56927" xp2="52.36266" yp2="48.56921" sp="0.05" color="silver" opacity="100"/>
<line xp1="52.36266" yp1="48.56921" xp2="52.30645" yp2="48.56915" sp="0.05" color="silver" opacity="100"/>
<line xp1="52.30645" yp1="48.56915" xp2="51.97297" yp2="48.56877" sp="0.05" color="silver" opacity="100"/>
<line xp1="51.97297" yp1="48.56877" xp2="51.53802" yp2="48.56755" sp="0.05" color="silver" opacity="100"/>
<line xp1="51.53802" yp1="48.56755" xp2="51.49910" yp2="48.56765" sp="0.05" color="silver" opacity="100"/>
<line xp1="51.49910" yp1="48.56765" xp2="51.15410" yp2="48.56854" sp="0.05" color="silver" opacity="100"/>
<line xp1="51.15410" yp1="48.56854" xp2="50.61438" yp2="48.56857" sp="0.05" color="silver" opacity="100"/>
<line xp1="50.61438" yp1="48.56857" xp2="50.54197" yp2="48.56849" sp="0.05" color="silver" opacity="100"/>
<line xp1="50.54197" yp1="48.56849" xp2="50.17704" yp2="48.56812" sp="0.05" color="silver" opacity="100"/>
<line xp1="50.17704" yp1="48.56812" xp2="50.05793" yp2="48.56807" sp="0.05" color="silver" opacity="100"/>
<line xp1="50.05793" yp1="48.56807" xp2="49.58661" yp2="48.56786" sp="0.05" color="silver" opacity="100"/>
<line xp1="49.58661" yp1="48.56786" xp2="49.53490" yp2="48.56771" sp="0.05" color="silver" opacity="100"/>
<line xp1="49.53490" yp1="48.56771" xp2="49.16101" yp2="48.56665" sp="0.05" color="silver" opacity="100"/>
<line xp1="49.16101" yp1="48.56665" xp2="49.05848" yp2="48.56642" sp="0.05" color="silver" opacity="100"/>
<line xp1="49.05848" yp1="48.56642" xp2="48.69669" yp2="48.56563" sp="0.05" color="silver" opacity="100"/>
<line xp1="48.69669" yp1="48.56563" xp2="48.68604" yp2="48.56560" sp="0.05" color="silver" opacity="100"/>
<line xp1="48.68604" yp1="48.56560" xp2="48.39283" yp2="48.56721" sp="0.05" color="silver" opacity="100"/>
<line xp1="48.39283" yp1="48.56721" xp2="48.01241" yp2="48.56930" sp="0.05" color="silver" opacity="100"/>
<line xp1="48.01241" yp1="48.56930" xp2="47.69184" yp2="48.56959" sp="0.05" color="silver" opacity="100"/>
<line xp1="47.69184" yp1="48.56959" xp2="47.49316" yp2="48.56978" sp="0.05" color="silver" opacity="100"/>
<line xp1="47.49316" yp1="48.56978" xp2="47.06613" yp2="48.57023" sp="0.05" color="silver" opacity="100"/>
<line xp1="47.06613" yp1="48.57023" xp2="46.99046" yp2="48.57057" sp="0.05" color="silver" opacity="100"/>
<line xp1="46.99046" yp1="48.57057" xp2="46.85982" yp2="48.57117" sp="0.05" color="silver" opacity="100"/>
<line xp1="46.85982" yp1="48.57117" xp2="46.68053" yp2="48.57199" sp="0.05" color="silver" opacity="100"/>
<line xp1="46.68053" yp1="48.57199" xp2="46.16123" yp2="48.57609" sp="0.05" color="silver" opacity="100"/>
<line xp1="46.16123" yp1="48.57609" xp2="46.14989" yp2="48.57605" sp="0.05" color="silver" opacity="100"/>
<line xp1="46.14989" yp1="48.57605" xp2="46.01618" yp2="48.57566" sp="0.05" color="silver" opacity="100"/>
<line xp1="46.01618" yp1="48.57566" xp2="45.30356" yp2="48.57353" sp="0.05" color="silver" opacity="100"/>
<line xp1="45.30356" yp1="48.57353" xp2="45.17950" yp2="48.57192" sp="0.05" color="silver" opacity="100"/>
<line xp1="45.17950" yp1="48.57192" xp2="44.83749" yp2="48.56750" sp="0.05" color="silver" opacity="100"/>
<line xp1="44.83749" yp1="48.56750" xp2="44.69928" yp2="48.56642" sp="0.05" color="silver" opacity="100"/>
<line xp1="44.69928" yp1="48.56642" xp2="44.51315" yp2="48.56496" sp="0.05" color="silver" opacity="100"/>
<line xp1="44.51315" yp1="48.56496" xp2="44.29002" yp2="48.56321" sp="0.05" color="silver" opacity="100"/>
<line xp1="44.29002" yp1="48.56321" xp2="43.86873" yp2="48.55889" sp="0.05" color="silver" opacity="100"/>
<line xp1="43.86873" yp1="48.55889" xp2="43.76114" yp2="48.55797" sp="0.05" color="silver" opacity="100"/>
<line xp1="43.76114" yp1="48.55797" xp2="43.22702" yp2="48.55343" sp="0.05" color="silver" opacity="100"/>
<line xp1="43.22702" yp1="48.55343" xp2="43.03353" yp2="48.55184" sp="0.05" color="silver" opacity="100"/>
<line xp1="43.03353" yp1="48.55184" xp2="43.01194" yp2="48.55167" sp="0.05" color="silver" opacity="100"/>
<line xp1="43.01194" yp1="48.55167" xp2="42.53033" yp2="48.55573" sp="0.05" color="silver" opacity="100"/>
<line xp1="42.53033" yp1="48.55573" xp2="42.00286" yp2="48.55757" sp="0.05" color="silver" opacity="100"/>
<line xp1="42.00286" yp1="48.55757" xp2="41.78156" yp2="48.57028" sp="0.05" color="silver" opacity="100"/>
<line xp1="41.78156" yp1="48.57028" xp2="41.53508" yp2="48.57173" sp="0.05" color="silver" opacity="100"/>
<line xp1="41.53508" yp1="48.57173" xp2="41.53544" yp2="48.31307" sp="0.05" color="silver" opacity="100"/>
<line xp1="41.53544" yp1="48.31307" xp2="41.53459" yp2="47.64339" sp="0.05" color="silver" opacity="100"/>
<line xp1="41.53459" yp1="47.64339" xp2="41.53459" yp2="47.64339" sp="0.05" color="silver" opacity="100"/>
<line xp1="8.38086" yp1="65.25877" xp2="8.44613" yp2="64.95642" sp="0.05" color="silver" opacity="100"/>
<line xp1="8.44613" yp1="64.95642" xp2="8.54090" yp2="64.82831" sp="0.05" color="silver" opacity="100"/>
<line xp1="8.54090" yp1="64.82831" xp2="8.53732" yp2="64.78799" sp="0.05" color="silver" opacity="100"/>
<line xp1="8.53732" yp1="64.78799" xp2="8.59520" yp2="64.73695" sp="0.05" color="silver" opacity="100"/>
<line xp1="8.59520" yp1="64.73695" xp2="8.61397" yp2="64.56434" sp="0.05" color="silver" opacity="100"/>
<line xp1="8.61397" yp1="64.56434" xp2="8.61682" yp2="64.39979" sp="0.05" color="silver" opacity="100"/>
<line xp1="8.61682" yp1="64.39979" xp2="8.56138" yp2="64.11475" sp="0.05" color="silver" opacity="100"/>
<line xp1="8.56138" yp1="64.11475" xp2="8.57607" yp2="63.86250" sp="0.05" color="silver" opacity="100"/>
<line xp1="8.57607" yp1="63.86250" xp2="8.59914" yp2="63.73552" sp="0.05" color="silver" opacity="100"/>
<line xp1="8.59914" yp1="63.73552" xp2="8.59849" yp2="63.57299" sp="0.05" color="silver" opacity="100"/>
<line xp1="8.59849" yp1="63.57299" xp2="8.64056" yp2="63.50617" sp="0.05" color="silver" opacity="100"/>
<line xp1="8.64056" yp1="63.50617" xp2="8.67537" yp2="63.37358" sp="0.05" color="silver" opacity="100"/>
<line xp1="8.67537" yp1="63.37358" xp2="8.68995" yp2="63.22799" sp="0.05" color="silver" opacity="100"/>
<line xp1="8.68995" yp1="63.22799" xp2="8.74725" yp2="63.05104" sp="0.05" color="silver" opacity="100"/>
<line xp1="8.74725" yp1="63.05104" xp2="8.81467" yp2="62.98729" sp="0.05" color="silver" opacity="100"/>
<line xp1="8.81467" yp1="62.98729" xp2="8.90522" yp2="62.85274" sp="0.05" color="silver" opacity="100"/>
<line xp1="8.90522" yp1="62.85274" xp2="9.22894" yp2="62.84613" sp="0.05" color="silver" opacity="100"/>
<line xp1="9.22894" yp1="62.84613" xp2="9.50456" yp2="62.84463" sp="0.05" color="silver" opacity="100"/>
<line xp1="9.50456" yp1="62.84463" xp2="9.75846" yp2="62.84325" sp="0.05" color="silver" opacity="100"/>
<line xp1="9.75846" yp1="62.84325" xp2="9.97060" yp2="62.85478" sp="0.05" color="silver" opacity="100"/>
<line xp1="9.97060" yp1="62.85478" xp2="10.10035" yp2="62.86183" sp="0.05" color="silver" opacity="100"/>
<line xp1="10.10035" yp1="62.86183" xp2="10.23452" yp2="62.85459" sp="0.05" color="silver" opacity="100"/>
<line xp1="10.23452" yp1="62.85459" xp2="10.41384" yp2="62.87134" sp="0.05" color="silver" opacity="100"/>
<line xp1="10.41384" yp1="62.87134" xp2="10.54468" yp2="62.88356" sp="0.05" color="silver" opacity="100"/>
<line xp1="10.54468" yp1="62.88356" xp2="10.69961" yp2="62.86585" sp="0.05" color="silver" opacity="100"/>
<line xp1="10.69961" yp1="62.86585" xp2="11.07680" yp2="62.86877" sp="0.05" color="silver" opacity="100"/>
<line xp1="11.07680" yp1="62.86877" xp2="11.53672" yp2="62.88131" sp="0.05" color="silver" opacity="100"/>
<line xp1="11.53672" yp1="62.88131" xp2="11.86192" yp2="62.87933" sp="0.05" color="silver" opacity="100"/>
<line xp1="11.86192" yp1="62.87933" xp2="11.86227" yp2="62.87933" sp="0.05" color="silver" opacity="100"/>
<line xp1="11.86227" yp1="62.87933" xp2="12.15089" yp2="62.87362" sp="0.05" color="silver" opacity="100"/>
<line xp1="12.15089" yp1="62.87362" xp2="12.54352" yp2="62.86591" sp="0.05" color="silver" opacity="100"/>
<line xp1="12.54352" yp1="62.86591" xp2="12.80716" yp2="62.85815" sp="0.05" color="silver" opacity="100"/>
<line xp1="12.80716" yp1="62.85815" xp2="13.15763" yp2="62.84911" sp="0.05" color="silver" opacity="100"/>
<line xp1="13.15763" yp1="62.84911" xp2="13.16983" yp2="62.84880" sp="0.05" color="silver" opacity="100"/>
<line xp1="13.16983" yp1="62.84880" xp2="13.45985" yp2="62.85020" sp="0.05" color="silver" opacity="100"/>
<line xp1="13.45985" yp1="62.85020" xp2="13.79201" yp2="62.83807" sp="0.05" color="silver" opacity="100"/>
<line xp1="13.79201" yp1="62.83807" xp2="14.03088" yp2="62.83852" sp="0.05" color="silver" opacity="100"/>
<line xp1="14.03088" yp1="62.83852" xp2="14.31966" yp2="62.83908" sp="0.05" color="silver" opacity="100"/>
<line xp1="14.31966" yp1="62.83908" xp2="14.61374" yp2="62.83939" sp="0.05" color="silver" opacity="100"/>
<line xp1="14.61374" yp1="62.83939" xp2="15.10529" yp2="62.84168" sp="0.05" color="silver" opacity="100"/>
<line xp1="15.10529" yp1="62.84168" xp2="15.38590" yp2="62.84154" sp="0.05" color="silver" opacity="100"/>
<line xp1="15.38590" yp1="62.84154" xp2="15.80657" yp2="62.84656" sp="0.05" color="silver" opacity="100"/>
<line xp1="15.80657" yp1="62.84656" xp2="16.36904" yp2="62.84026" sp="0.05" color="silver" opacity="100"/>
<line xp1="16.36904" yp1="62.84026" xp2="16.42433" yp2="62.83964" sp="0.05" color="silver" opacity="100"/>
<line xp1="16.42433" yp1="62.83964" xp2="16.60265" yp2="62.83765" sp="0.05" color="silver" opacity="100"/>
<line xp1="16.60265" yp1="62.83765" xp2="16.92150" yp2="62.83941" sp="0.05" color="silver" opacity="100"/>
<line xp1="16.92150" yp1="62.83941" xp2="17.26789" yp2="62.83626" sp="0.05" color="silver" opacity="100"/>
<line xp1="17.26789" yp1="62.83626" xp2="17.69077" yp2="62.84413" sp="0.05" color="silver" opacity="100"/>
<line xp1="17.69077" yp1="62.84413" xp2="18.15789" yp2="62.84855" sp="0.05" color="silver" opacity="100"/>
<line xp1="18.15789" yp1="62.84855" xp2="18.15817" yp2="62.84856" sp="0.05" color="silver" opacity="100"/>
<line xp1="18.15817" yp1="62.84856" xp2="18.65620" yp2="62.85239" sp="0.05" color="silver" opacity="100"/>
<line xp1="18.65620" yp1="62.85239" xp2="19.04041" yp2="62.85276" sp="0.05" color="silver" opacity="100"/>
<line xp1="19.04041" yp1="62.85276" xp2="19.37906" yp2="62.85511" sp="0.05" color="silver" opacity="100"/>
<line xp1="19.37906" yp1="62.85511" xp2="19.69570" yp2="62.85823" sp="0.05" color="silver" opacity="100"/>
<line xp1="19.69570" yp1="62.85823" xp2="19.95970" yp2="62.85683" sp="0.05" color="silver" opacity="100"/>
<line xp1="19.95970" yp1="62.85683" xp2="19.95915" yp2="63.93873" sp="0.05" color="silver" opacity="100"/>
<line xp1="19.95915" yp1="63.93873" xp2="19.95961" yp2="65.16413" sp="0.05" color="silver" opacity="100"/>
<line xp1="19.95961" yp1="65.16413" xp2="19.95900" yp2="65.78608" sp="0.05" color="silver" opacity="100"/>
<line xp1="19.95900" yp1="65.78608" xp2="19.95863" yp2="67.41724" sp="0.05" color="silver" opacity="100"/>
<line xp1="19.95863" yp1="67.41724" xp2="19.96052" yp2="67.65798" sp="0.05" color="silver" opacity="100"/>
<line xp1="19.96052" yp1="67.65798" xp2="19.96373" yp2="68.06803" sp="0.05" color="silver" opacity="100"/>
<line xp1="19.96373" yp1="68.06803" xp2="20.02224" yp2="68.23196" sp="0.05" color="silver" opacity="100"/>
<line xp1="20.02224" yp1="68.23196" xp2="20.03689" yp2="68.27299" sp="0.05" color="silver" opacity="100"/>
<line xp1="20.03689" yp1="68.27299" xp2="20.06174" yp2="68.52264" sp="0.05" color="silver" opacity="100"/>
<line xp1="20.06174" yp1="68.52264" xp2="20.09640" yp2="68.65536" sp="0.05" color="silver" opacity="100"/>
<line xp1="20.09640" yp1="68.65536" xp2="20.03484" yp2="68.81533" sp="0.05" color="silver" opacity="100"/>
<line xp1="20.03484" yp1="68.81533" xp2="20.15715" yp2="69.00762" sp="0.05" color="silver" opacity="100"/>
<line xp1="20.15715" yp1="69.00762" xp2="20.16011" yp2="69.01227" sp="0.05" color="silver" opacity="100"/>
<line xp1="20.16011" yp1="69.01227" xp2="20.14961" yp2="69.08419" sp="0.05" color="silver" opacity="100"/>
<line xp1="20.14961" yp1="69.08419" xp2="20.05308" yp2="69.12607" sp="0.05" color="silver" opacity="100"/>
<line xp1="20.05308" yp1="69.12607" xp2="20.04314" yp2="69.24479" sp="0.05" color="silver" opacity="100"/>
<line xp1="20.04314" yp1="69.24479" xp2="19.90869" yp2="69.24927" sp="0.05" color="silver" opacity="100"/>
<line xp1="19.90869" yp1="69.24927" xp2="19.81379" yp2="69.36453" sp="0.05" color="silver" opacity="100"/>
<line xp1="19.81379" yp1="69.36453" xp2="19.73794" yp2="69.31111" sp="0.05" color="silver" opacity="100"/>
<line xp1="19.73794" yp1="69.31111" xp2="19.66619" yp2="69.39531" sp="0.05" color="silver" opacity="100"/>
<line xp1="19.66619" yp1="69.39531" xp2="19.67385" yp2="69.41843" sp="0.05" color="silver" opacity="100"/>
<line xp1="19.67385" yp1="69.41843" xp2="19.70430" yp2="69.51037" sp="0.05" color="silver" opacity="100"/>
<line xp1="19.70430" yp1="69.51037" xp2="19.66629" yp2="69.60047" sp="0.05" color="silver" opacity="100"/>
<line xp1="19.66629" yp1="69.60047" xp2="19.62611" yp2="69.68850" sp="0.05" color="silver" opacity="100"/>
<line xp1="19.62611" yp1="69.68850" xp2="19.66912" yp2="69.79189" sp="0.05" color="silver" opacity="100"/>
<line xp1="19.66912" yp1="69.79189" xp2="19.65241" yp2="69.94111" sp="0.05" color="silver" opacity="100"/>
<line xp1="19.65241" yp1="69.94111" xp2="19.74279" yp2="70.06695" sp="0.05" color="silver" opacity="100"/>
<line xp1="19.74279" yp1="70.06695" xp2="19.78011" yp2="70.16353" sp="0.05" color="silver" opacity="100"/>
<line xp1="19.78011" yp1="70.16353" xp2="19.85390" yp2="70.43432" sp="0.05" color="silver" opacity="100"/>
<line xp1="19.85390" yp1="70.43432" xp2="19.90420" yp2="70.64898" sp="0.05" color="silver" opacity="100"/>
<line xp1="19.90420" yp1="70.64898" xp2="19.97877" yp2="70.73383" sp="0.05" color="silver" opacity="100"/>
<line xp1="19.97877" yp1="70.73383" xp2="20.10492" yp2="70.82052" sp="0.05" color="silver" opacity="100"/>
<line xp1="20.10492" yp1="70.82052" xp2="20.17032" yp2="70.97294" sp="0.05" color="silver" opacity="100"/>
<line xp1="20.17032" yp1="70.97294" xp2="20.20717" yp2="71.05885" sp="0.05" color="silver" opacity="100"/>
<line xp1="20.20717" yp1="71.05885" xp2="20.25595" yp2="71.22565" sp="0.05" color="silver" opacity="100"/>
<line xp1="20.25595" yp1="71.22565" xp2="20.21798" yp2="71.36789" sp="0.05" color="silver" opacity="100"/>
<line xp1="20.21798" yp1="71.36789" xp2="20.24413" yp2="71.51688" sp="0.05" color="silver" opacity="100"/>
<line xp1="20.24413" yp1="71.51688" xp2="20.33275" yp2="71.64849" sp="0.05" color="silver" opacity="100"/>
<line xp1="20.33275" yp1="71.64849" xp2="20.33365" yp2="71.65061" sp="0.05" color="silver" opacity="100"/>
<line xp1="20.33365" yp1="71.65061" xp2="20.37747" yp2="71.75421" sp="0.05" color="silver" opacity="100"/>
<line xp1="20.37747" yp1="71.75421" xp2="20.46762" yp2="72.15623" sp="0.05" color="silver" opacity="100"/>
<line xp1="20.46762" yp1="72.15623" xp2="20.47551" yp2="72.19710" sp="0.05" color="silver" opacity="100"/>
<line xp1="20.47551" yp1="72.19710" xp2="20.50054" yp2="72.32669" sp="0.05" color="silver" opacity="100"/>
<line xp1="20.50054" yp1="72.32669" xp2="20.63355" yp2="72.69406" sp="0.05" color="silver" opacity="100"/>
<line xp1="20.63355" yp1="72.69406" xp2="20.76499" yp2="73.04745" sp="0.05" color="silver" opacity="100"/>
<line xp1="20.76499" yp1="73.04745" xp2="20.82538" yp2="73.18796" sp="0.05" color="silver" opacity="100"/>
<line xp1="20.82538" yp1="73.18796" xp2="20.72574" yp2="73.37564" sp="0.05" color="silver" opacity="100"/>
<line xp1="20.72574" yp1="73.37564" xp2="20.71431" yp2="73.52637" sp="0.05" color="silver" opacity="100"/>
<line xp1="20.71431" yp1="73.52637" xp2="20.62615" yp2="73.65297" sp="0.05" color="silver" opacity="100"/>
<line xp1="20.62615" yp1="73.65297" xp2="20.51486" yp2="73.66285" sp="0.05" color="silver" opacity="100"/>
<line xp1="20.51486" yp1="73.66285" xp2="20.40574" yp2="73.78908" sp="0.05" color="silver" opacity="100"/>
<line xp1="20.40574" yp1="73.78908" xp2="20.32689" yp2="73.82915" sp="0.05" color="silver" opacity="100"/>
<line xp1="20.32689" yp1="73.82915" xp2="20.30892" yp2="73.86013" sp="0.05" color="silver" opacity="100"/>
<line xp1="20.30892" yp1="73.86013" xp2="20.21570" yp2="74.02075" sp="0.05" color="silver" opacity="100"/>
<line xp1="20.21570" yp1="74.02075" xp2="20.17409" yp2="74.16748" sp="0.05" color="silver" opacity="100"/>
<line xp1="20.17409" yp1="74.16748" xp2="20.12925" yp2="74.27261" sp="0.05" color="silver" opacity="100"/>
<line xp1="20.12925" yp1="74.27261" xp2="19.45550" yp2="74.27528" sp="0.05" color="silver" opacity="100"/>
<line xp1="19.45550" yp1="74.27528" xp2="19.26163" yp2="74.27876" sp="0.05" color="silver" opacity="100"/>
<line xp1="19.26163" yp1="74.27876" xp2="19.07165" yp2="74.28217" sp="0.05" color="silver" opacity="100"/>
<line xp1="19.07165" yp1="74.28217" xp2="18.89561" yp2="74.28533" sp="0.05" color="silver" opacity="100"/>
<line xp1="18.89561" yp1="74.28533" xp2="18.49591" yp2="74.28619" sp="0.05" color="silver" opacity="100"/>
<line xp1="18.49591" yp1="74.28619" xp2="18.46620" yp2="74.28626" sp="0.05" color="silver" opacity="100"/>
<line xp1="18.46620" yp1="74.28626" xp2="17.89571" yp2="74.28749" sp="0.05" color="silver" opacity="100"/>
<line xp1="17.89571" yp1="74.28749" xp2="17.52802" yp2="74.28818" sp="0.05" color="silver" opacity="100"/>
<line xp1="17.52802" yp1="74.28818" xp2="17.41866" yp2="74.28839" sp="0.05" color="silver" opacity="100"/>
<line xp1="17.41866" yp1="74.28839" xp2="16.94288" yp2="74.28530" sp="0.05" color="silver" opacity="100"/>
<line xp1="16.94288" yp1="74.28530" xp2="16.94273" yp2="74.28514" sp="0.05" color="silver" opacity="100"/>
<line xp1="16.94273" yp1="74.28514" xp2="16.82852" yp2="74.16722" sp="0.05" color="silver" opacity="100"/>
<line xp1="16.82852" yp1="74.16722" xp2="16.72905" yp2="74.09388" sp="0.05" color="silver" opacity="100"/>
<line xp1="16.72905" yp1="74.09388" xp2="16.52746" yp2="74.11407" sp="0.05" color="silver" opacity="100"/>
<line xp1="16.52746" yp1="74.11407" xp2="16.36247" yp2="74.06173" sp="0.05" color="silver" opacity="100"/>
<line xp1="16.36247" yp1="74.06173" xp2="16.25825" yp2="74.03774" sp="0.05" color="silver" opacity="100"/>
<line xp1="16.25825" yp1="74.03774" xp2="16.17257" yp2="74.01802" sp="0.05" color="silver" opacity="100"/>
<line xp1="16.17257" yp1="74.01802" xp2="16.04372" yp2="74.07273" sp="0.05" color="silver" opacity="100"/>
<line xp1="16.04372" yp1="74.07273" xp2="15.99916" yp2="74.05595" sp="0.05" color="silver" opacity="100"/>
<line xp1="15.99916" yp1="74.05595" xp2="15.89250" yp2="73.87676" sp="0.05" color="silver" opacity="100"/>
<line xp1="15.89250" yp1="73.87676" xp2="15.68822" yp2="73.85009" sp="0.05" color="silver" opacity="100"/>
<line xp1="15.68822" yp1="73.85009" xp2="15.58746" yp2="73.82350" sp="0.05" color="silver" opacity="100"/>
<line xp1="15.58746" yp1="73.82350" xp2="15.43732" yp2="73.78390" sp="0.05" color="silver" opacity="100"/>
<line xp1="15.43732" yp1="73.78390" xp2="15.38538" yp2="73.74767" sp="0.05" color="silver" opacity="100"/>
<line xp1="15.38538" yp1="73.74767" xp2="15.27669" yp2="73.67186" sp="0.05" color="silver" opacity="100"/>
<line xp1="15.27669" yp1="73.67186" xp2="15.16715" yp2="73.63758" sp="0.05" color="silver" opacity="100"/>
<line xp1="15.16715" yp1="73.63758" xp2="15.06038" yp2="73.50272" sp="0.05" color="silver" opacity="100"/>
<line xp1="15.06038" yp1="73.50272" xp2="14.95053" yp2="73.48929" sp="0.05" color="silver" opacity="100"/>
<line xp1="14.95053" yp1="73.48929" xp2="14.76314" yp2="73.42643" sp="0.05" color="silver" opacity="100"/>
<line xp1="14.76314" yp1="73.42643" xp2="14.63300" yp2="73.42832" sp="0.05" color="silver" opacity="100"/>
<line xp1="14.63300" yp1="73.42832" xp2="14.60636" yp2="73.42871" sp="0.05" color="silver" opacity="100"/>
<line xp1="14.60636" yp1="73.42871" xp2="14.47513" yp2="73.56156" sp="0.05" color="silver" opacity="100"/>
<line xp1="14.47513" yp1="73.56156" xp2="14.40774" yp2="73.55956" sp="0.05" color="silver" opacity="100"/>
<line xp1="14.40774" yp1="73.55956" xp2="14.38074" yp2="73.53191" sp="0.05" color="silver" opacity="100"/>
<line xp1="14.38074" yp1="73.53191" xp2="14.32405" yp2="73.47385" sp="0.05" color="silver" opacity="100"/>
<line xp1="14.32405" yp1="73.47385" xp2="14.06819" yp2="73.34727" sp="0.05" color="silver" opacity="100"/>
<line xp1="14.06819" yp1="73.34727" xp2="14.00681" yp2="73.26556" sp="0.05" color="silver" opacity="100"/>
<line xp1="14.00681" yp1="73.26556" xp2="13.97856" yp2="73.28019" sp="0.05" color="silver" opacity="100"/>
<line xp1="13.97856" yp1="73.28019" xp2="13.93234" yp2="73.30413" sp="0.05" color="silver" opacity="100"/>
<line xp1="13.93234" yp1="73.30413" xp2="13.71549" yp2="73.27969" sp="0.05" color="silver" opacity="100"/>
<line xp1="13.71549" yp1="73.27969" xp2="13.65815" yp2="73.18876" sp="0.05" color="silver" opacity="100"/>
<line xp1="13.65815" yp1="73.18876" xp2="13.56332" yp2="73.16126" sp="0.05" color="silver" opacity="100"/>
<line xp1="13.56332" yp1="73.16126" xp2="13.51419" yp2="73.34639" sp="0.05" color="silver" opacity="100"/>
<line xp1="13.51419" yp1="73.34639" xp2="13.32651" yp2="73.44271" sp="0.05" color="silver" opacity="100"/>
<line xp1="13.32651" yp1="73.44271" xp2="13.19447" yp2="73.41140" sp="0.05" color="silver" opacity="100"/>
<line xp1="13.19447" yp1="73.41140" xp2="13.16816" yp2="73.42593" sp="0.05" color="silver" opacity="100"/>
<line xp1="13.16816" yp1="73.42593" xp2="13.03999" yp2="73.49667" sp="0.05" color="silver" opacity="100"/>
<line xp1="13.03999" yp1="73.49667" xp2="13.02599" yp2="73.50440" sp="0.05" color="silver" opacity="100"/>
<line xp1="13.02599" yp1="73.50440" xp2="12.81790" yp2="73.44309" sp="0.05" color="silver" opacity="100"/>
<line xp1="12.81790" yp1="73.44309" xp2="12.71522" yp2="73.41154" sp="0.05" color="silver" opacity="100"/>
<line xp1="12.71522" yp1="73.41154" xp2="12.59799" yp2="73.44789" sp="0.05" color="silver" opacity="100"/>
<line xp1="12.59799" yp1="73.44789" xp2="12.51205" yp2="73.40936" sp="0.05" color="silver" opacity="100"/>
<line xp1="12.51205" yp1="73.40936" xp2="12.46022" yp2="73.32003" sp="0.05" color="silver" opacity="100"/>
<line xp1="12.46022" yp1="73.32003" xp2="12.42500" yp2="73.29814" sp="0.05" color="silver" opacity="100"/>
<line xp1="12.42500" yp1="73.29814" xp2="12.38179" yp2="73.27129" sp="0.05" color="silver" opacity="100"/>
<line xp1="12.38179" yp1="73.27129" xp2="12.30202" yp2="73.18837" sp="0.05" color="silver" opacity="100"/>
<line xp1="12.30202" yp1="73.18837" xp2="12.15127" yp2="73.09576" sp="0.05" color="silver" opacity="100"/>
<line xp1="12.15127" yp1="73.09576" xp2="12.02508" yp2="73.07913" sp="0.05" color="silver" opacity="100"/>
<line xp1="12.02508" yp1="73.07913" xp2="11.92431" yp2="73.00000" sp="0.05" color="silver" opacity="100"/>
<line xp1="11.92431" yp1="73.00000" xp2="11.90365" yp2="72.98377" sp="0.05" color="silver" opacity="100"/>
<line xp1="11.90365" yp1="72.98377" xp2="11.79769" yp2="72.99497" sp="0.05" color="silver" opacity="100"/>
<line xp1="11.79769" yp1="72.99497" xp2="11.72261" yp2="73.07412" sp="0.05" color="silver" opacity="100"/>
<line xp1="11.72261" yp1="73.07412" xp2="11.63281" yp2="73.03881" sp="0.05" color="silver" opacity="100"/>
<line xp1="11.63281" yp1="73.03881" xp2="11.55037" yp2="73.09509" sp="0.05" color="silver" opacity="100"/>
<line xp1="11.55037" yp1="73.09509" xp2="11.31707" yp2="73.17068" sp="0.05" color="silver" opacity="100"/>
<line xp1="11.31707" yp1="73.17068" xp2="11.17214" yp2="73.26897" sp="0.05" color="silver" opacity="100"/>
<line xp1="11.17214" yp1="73.26897" xp2="11.14393" yp2="73.32120" sp="0.05" color="silver" opacity="100"/>
<line xp1="11.14393" yp1="73.32120" xp2="11.11614" yp2="73.37268" sp="0.05" color="silver" opacity="100"/>
<line xp1="11.11614" yp1="73.37268" xp2="11.12844" yp2="73.51046" sp="0.05" color="silver" opacity="100"/>
<line xp1="11.12844" yp1="73.51046" xp2="11.13623" yp2="73.59761" sp="0.05" color="silver" opacity="100"/>
<line xp1="11.13623" yp1="73.59761" xp2="11.08368" yp2="73.74286" sp="0.05" color="silver" opacity="100"/>
<line xp1="11.08368" yp1="73.74286" xp2="11.09525" yp2="73.86002" sp="0.05" color="silver" opacity="100"/>
<line xp1="11.09525" yp1="73.86002" xp2="11.09996" yp2="73.90771" sp="0.05" color="silver" opacity="100"/>
<line xp1="11.09996" yp1="73.90771" xp2="11.05922" yp2="74.03636" sp="0.05" color="silver" opacity="100"/>
<line xp1="11.05922" yp1="74.03636" xp2="11.05539" yp2="74.17424" sp="0.05" color="silver" opacity="100"/>
<line xp1="11.05539" yp1="74.17424" xp2="10.99053" yp2="74.32705" sp="0.05" color="silver" opacity="100"/>
<line xp1="10.99053" yp1="74.32705" xp2="10.91674" yp2="74.52495" sp="0.05" color="silver" opacity="100"/>
<line xp1="10.91674" yp1="74.52495" xp2="10.82664" yp2="74.58519" sp="0.05" color="silver" opacity="100"/>
<line xp1="10.82664" yp1="74.58519" xp2="10.76272" yp2="74.66807" sp="0.05" color="silver" opacity="100"/>
<line xp1="10.76272" yp1="74.66807" xp2="10.59092" yp2="74.81505" sp="0.05" color="silver" opacity="100"/>
<line xp1="10.59092" yp1="74.81505" xp2="10.51321" yp2="74.82564" sp="0.05" color="silver" opacity="100"/>
<line xp1="10.51321" yp1="74.82564" xp2="10.44232" yp2="74.77456" sp="0.05" color="silver" opacity="100"/>
<line xp1="10.44232" yp1="74.77456" xp2="10.33821" yp2="74.69955" sp="0.05" color="silver" opacity="100"/>
<line xp1="10.33821" yp1="74.69955" xp2="10.20962" yp2="74.70355" sp="0.05" color="silver" opacity="100"/>
<line xp1="10.20962" yp1="74.70355" xp2="10.19780" yp2="74.70392" sp="0.05" color="silver" opacity="100"/>
<line xp1="10.19780" yp1="74.70392" xp2="10.10639" yp2="74.80522" sp="0.05" color="silver" opacity="100"/>
<line xp1="10.10639" yp1="74.80522" xp2="10.11134" yp2="74.94099" sp="0.05" color="silver" opacity="100"/>
<line xp1="10.11134" yp1="74.94099" xp2="10.03132" yp2="75.05466" sp="0.05" color="silver" opacity="100"/>
<line xp1="10.03132" yp1="75.05466" xp2="9.92668" yp2="75.02603" sp="0.05" color="silver" opacity="100"/>
<line xp1="9.92668" yp1="75.02603" xp2="9.86738" yp2="74.93901" sp="0.05" color="silver" opacity="100"/>
<line xp1="9.86738" yp1="74.93901" xp2="9.75251" yp2="74.90370" sp="0.05" color="silver" opacity="100"/>
<line xp1="9.75251" yp1="74.90370" xp2="9.66439" yp2="74.82568" sp="0.05" color="silver" opacity="100"/>
<line xp1="9.66439" yp1="74.82568" xp2="9.60371" yp2="74.89429" sp="0.05" color="silver" opacity="100"/>
<line xp1="9.60371" yp1="74.89429" xp2="9.47877" yp2="74.83489" sp="0.05" color="silver" opacity="100"/>
<line xp1="9.47877" yp1="74.83489" xp2="9.36553" yp2="74.79843" sp="0.05" color="silver" opacity="100"/>
<line xp1="9.36553" yp1="74.79843" xp2="9.23377" yp2="74.95808" sp="0.05" color="silver" opacity="100"/>
<line xp1="9.23377" yp1="74.95808" xp2="9.16750" yp2="74.85049" sp="0.05" color="silver" opacity="100"/>
<line xp1="9.16750" yp1="74.85049" xp2="9.29355" yp2="74.69050" sp="0.05" color="silver" opacity="100"/>
<line xp1="9.29355" yp1="74.69050" xp2="9.33949" yp2="74.40565" sp="0.05" color="silver" opacity="100"/>
<line xp1="9.33949" yp1="74.40565" xp2="9.32697" yp2="74.22087" sp="0.05" color="silver" opacity="100"/>
<line xp1="9.32697" yp1="74.22087" xp2="9.24046" yp2="74.13266" sp="0.05" color="silver" opacity="100"/>
<line xp1="9.24046" yp1="74.13266" xp2="9.28057" yp2="74.02231" sp="0.05" color="silver" opacity="100"/>
<line xp1="9.28057" yp1="74.02231" xp2="9.28993" yp2="73.82029" sp="0.05" color="silver" opacity="100"/>
<line xp1="9.28993" yp1="73.82029" xp2="9.28265" yp2="73.66596" sp="0.05" color="silver" opacity="100"/>
<line xp1="9.28265" yp1="73.66596" xp2="9.27913" yp2="73.59148" sp="0.05" color="silver" opacity="100"/>
<line xp1="9.27913" yp1="73.59148" xp2="9.32393" yp2="73.45370" sp="0.05" color="silver" opacity="100"/>
<line xp1="9.32393" yp1="73.45370" xp2="9.32461" yp2="73.31978" sp="0.05" color="silver" opacity="100"/>
<line xp1="9.32461" yp1="73.31978" xp2="9.31145" yp2="73.04251" sp="0.05" color="silver" opacity="100"/>
<line xp1="9.31145" yp1="73.04251" xp2="9.26686" yp2="72.82781" sp="0.05" color="silver" opacity="100"/>
<line xp1="9.26686" yp1="72.82781" xp2="9.29145" yp2="72.65937" sp="0.05" color="silver" opacity="100"/>
<line xp1="9.29145" yp1="72.65937" xp2="9.26198" yp2="72.42207" sp="0.05" color="silver" opacity="100"/>
<line xp1="9.26198" yp1="72.42207" xp2="9.28787" yp2="72.22919" sp="0.05" color="silver" opacity="100"/>
<line xp1="9.28787" yp1="72.22919" xp2="9.27243" yp2="72.04795" sp="0.05" color="silver" opacity="100"/>
<line xp1="9.27243" yp1="72.04795" xp2="9.26858" yp2="71.84422" sp="0.05" color="silver" opacity="100"/>
<line xp1="9.26858" yp1="71.84422" xp2="9.21574" yp2="71.56362" sp="0.05" color="silver" opacity="100"/>
<line xp1="9.21574" yp1="71.56362" xp2="9.21524" yp2="71.55714" sp="0.05" color="silver" opacity="100"/>
<line xp1="9.21524" yp1="71.55714" xp2="9.19410" yp2="71.28521" sp="0.05" color="silver" opacity="100"/>
<line xp1="9.19410" yp1="71.28521" xp2="9.13361" yp2="70.95809" sp="0.05" color="silver" opacity="100"/>
<line xp1="9.13361" yp1="70.95809" xp2="9.11682" yp2="70.85173" sp="0.05" color="silver" opacity="100"/>
<line xp1="9.11682" yp1="70.85173" xp2="9.13322" yp2="70.58051" sp="0.05" color="silver" opacity="100"/>
<line xp1="9.13322" yp1="70.58051" xp2="9.13076" yp2="70.37858" sp="0.05" color="silver" opacity="100"/>
<line xp1="9.13076" yp1="70.37858" xp2="9.10215" yp2="70.00321" sp="0.05" color="silver" opacity="100"/>
<line xp1="9.10215" yp1="70.00321" xp2="9.10092" yp2="69.75889" sp="0.05" color="silver" opacity="100"/>
<line xp1="9.10092" yp1="69.75889" xp2="9.05354" yp2="69.38996" sp="0.05" color="silver" opacity="100"/>
<line xp1="9.05354" yp1="69.38996" xp2="9.05482" yp2="69.36055" sp="0.05" color="silver" opacity="100"/>
<line xp1="9.05482" yp1="69.36055" xp2="9.05992" yp2="69.24306" sp="0.05" color="silver" opacity="100"/>
<line xp1="9.05992" yp1="69.24306" xp2="9.04245" yp2="68.86983" sp="0.05" color="silver" opacity="100"/>
<line xp1="9.04245" yp1="68.86983" xp2="8.99959" yp2="68.31671" sp="0.05" color="silver" opacity="100"/>
<line xp1="8.99959" yp1="68.31671" xp2="8.98430" yp2="68.18206" sp="0.05" color="silver" opacity="100"/>
<line xp1="8.98430" yp1="68.18206" xp2="8.93315" yp2="67.73167" sp="0.05" color="silver" opacity="100"/>
<line xp1="8.93315" yp1="67.73167" xp2="8.89376" yp2="67.45981" sp="0.05" color="silver" opacity="100"/>
<line xp1="8.89376" yp1="67.45981" xp2="8.87149" yp2="67.30609" sp="0.05" color="silver" opacity="100"/>
<line xp1="8.87149" yp1="67.30609" xp2="8.78939" yp2="66.96085" sp="0.05" color="silver" opacity="100"/>
<line xp1="8.78939" yp1="66.96085" xp2="8.68718" yp2="66.69333" sp="0.05" color="silver" opacity="100"/>
<line xp1="8.68718" yp1="66.69333" xp2="8.61476" yp2="66.57749" sp="0.05" color="silver" opacity="100"/>
<line xp1="8.61476" yp1="66.57749" xp2="8.64237" yp2="66.48619" sp="0.05" color="silver" opacity="100"/>
<line xp1="8.64237" yp1="66.48619" xp2="8.62214" yp2="66.35402" sp="0.05" color="silver" opacity="100"/>
<line xp1="8.62214" yp1="66.35402" xp2="8.59786" yp2="66.17101" sp="0.05" color="silver" opacity="100"/>
<line xp1="8.59786" yp1="66.17101" xp2="8.55970" yp2="65.91803" sp="0.05" color="silver" opacity="100"/>
<line xp1="8.55970" yp1="65.91803" xp2="8.49249" yp2="65.58378" sp="0.05" color="silver" opacity="100"/>
<line xp1="8.49249" yp1="65.58378" xp2="8.49086" yp2="65.57570" sp="0.05" color="silver" opacity="100"/>
<line xp1="8.49086" yp1="65.57570" xp2="8.38086" yp2="65.25877" sp="0.05" color="silver" opacity="100"/>
<line xp1="8.38086" yp1="65.25877" xp2="8.38086" yp2="65.25877" sp="0.05" color="silver" opacity="100"/>
<line xp1="76.12324" yp1="59.73332" xp2="76.12328" yp2="59.71521" sp="0.05" color="silver" opacity="100"/>
<line xp1="76.12328" yp1="59.71521" xp2="76.12353" yp2="59.57525" sp="0.05" color="silver" opacity="100"/>
<line xp1="76.12353" yp1="59.57525" xp2="76.12463" yp2="58.96800" sp="0.05" color="silver" opacity="100"/>
<line xp1="76.12463" yp1="58.96800" xp2="76.12459" yp2="58.50675" sp="0.05" color="silver" opacity="100"/>
<line xp1="76.12459" yp1="58.50675" xp2="76.12457" yp2="58.28469" sp="0.05" color="silver" opacity="100"/>
<line xp1="76.12457" yp1="58.28469" xp2="76.12456" yp2="58.12029" sp="0.05" color="silver" opacity="100"/>
<line xp1="76.12456" yp1="58.12029" xp2="76.12449" yp2="57.59906" sp="0.05" color="silver" opacity="100"/>
<line xp1="76.12449" yp1="57.59906" xp2="76.12443" yp2="57.18974" sp="0.05" color="silver" opacity="100"/>
<line xp1="76.12443" yp1="57.18974" xp2="76.12437" yp2="57.03486" sp="0.05" color="silver" opacity="100"/>
<line xp1="76.12437" yp1="57.03486" xp2="76.12409" yp2="56.34687" sp="0.05" color="silver" opacity="100"/>
<line xp1="76.12409" yp1="56.34687" xp2="76.27479" yp2="56.34625" sp="0.05" color="silver" opacity="100"/>
<line xp1="76.27479" yp1="56.34625" xp2="76.80624" yp2="56.34671" sp="0.05" color="silver" opacity="100"/>
<line xp1="76.80624" yp1="56.34671" xp2="77.05228" yp2="56.34587" sp="0.05" color="silver" opacity="100"/>
<line xp1="77.05228" yp1="56.34587" xp2="77.28650" yp2="56.34507" sp="0.05" color="silver" opacity="100"/>
<line xp1="77.28650" yp1="56.34507" xp2="77.72821" yp2="56.34594" sp="0.05" color="silver" opacity="100"/>
<line xp1="77.72821" yp1="56.34594" xp2="77.85776" yp2="56.34697" sp="0.05" color="silver" opacity="100"/>
<line xp1="77.85776" yp1="56.34697" xp2="78.39142" yp2="56.35122" sp="0.05" color="silver" opacity="100"/>
<line xp1="78.39142" yp1="56.35122" xp2="78.57167" yp2="56.35142" sp="0.05" color="silver" opacity="100"/>
<line xp1="78.57167" yp1="56.35142" xp2="78.75646" yp2="56.35163" sp="0.05" color="silver" opacity="100"/>
<line xp1="78.75646" yp1="56.35163" xp2="78.88680" yp2="56.35178" sp="0.05" color="silver" opacity="100"/>
<line xp1="78.88680" yp1="56.35178" xp2="79.41465" yp2="56.35058" sp="0.05" color="silver" opacity="100"/>
<line xp1="79.41465" yp1="56.35058" xp2="79.47256" yp2="56.35045" sp="0.05" color="silver" opacity="100"/>
<line xp1="79.47256" yp1="56.35045" xp2="79.47293" yp2="56.35045" sp="0.05" color="silver" opacity="100"/>
<line xp1="79.47293" yp1="56.35045" xp2="79.84774" yp2="56.34990" sp="0.05" color="silver" opacity="100"/>
<line xp1="79.84774" yp1="56.34990" xp2="79.88329" yp2="56.34985" sp="0.05" color="silver" opacity="100"/>
<line xp1="79.88329" yp1="56.34985" xp2="80.35593" yp2="56.34725" sp="0.05" color="silver" opacity="100"/>
<line xp1="80.35593" yp1="56.34725" xp2="80.81650" yp2="56.34351" sp="0.05" color="silver" opacity="100"/>
<line xp1="80.81650" yp1="56.34351" xp2="80.81670" yp2="56.34351" sp="0.05" color="silver" opacity="100"/>
<line xp1="80.81670" yp1="56.34351" xp2="80.83209" yp2="56.34351" sp="0.05" color="silver" opacity="100"/>
<line xp1="80.83209" yp1="56.34351" xp2="81.16931" yp2="56.34352" sp="0.05" color="silver" opacity="100"/>
<line xp1="81.16931" yp1="56.34352" xp2="81.20458" yp2="56.34348" sp="0.05" color="silver" opacity="100"/>
<line xp1="81.20458" yp1="56.34348" xp2="81.53951" yp2="56.34305" sp="0.05" color="silver" opacity="100"/>
<line xp1="81.53951" yp1="56.34305" xp2="81.55221" yp2="56.34303" sp="0.05" color="silver" opacity="100"/>
<line xp1="81.55221" yp1="56.34303" xp2="81.86600" yp2="56.34585" sp="0.05" color="silver" opacity="100"/>
<line xp1="81.86600" yp1="56.34585" xp2="81.97574" yp2="56.34684" sp="0.05" color="silver" opacity="100"/>
<line xp1="81.97574" yp1="56.34684" xp2="82.20085" yp2="56.34702" sp="0.05" color="silver" opacity="100"/>
<line xp1="82.20085" yp1="56.34702" xp2="82.43234" yp2="56.34722" sp="0.05" color="silver" opacity="100"/>
<line xp1="82.43234" yp1="56.34722" xp2="82.70818" yp2="56.34755" sp="0.05" color="silver" opacity="100"/>
<line xp1="82.70818" yp1="56.34755" xp2="82.71772" yp2="56.34756" sp="0.05" color="silver" opacity="100"/>
<line xp1="82.71772" yp1="56.34756" xp2="82.71803" yp2="56.34756" sp="0.05" color="silver" opacity="100"/>
<line xp1="82.71803" yp1="56.34756" xp2="82.86816" yp2="56.34791" sp="0.05" color="silver" opacity="100"/>
<line xp1="82.86816" yp1="56.34791" xp2="83.40216" yp2="56.34914" sp="0.05" color="silver" opacity="100"/>
<line xp1="83.40216" yp1="56.34914" xp2="83.42494" yp2="56.34914" sp="0.05" color="silver" opacity="100"/>
<line xp1="83.42494" yp1="56.34914" xp2="83.45657" yp2="56.45140" sp="0.05" color="silver" opacity="100"/>
<line xp1="83.45657" yp1="56.45140" xp2="83.51222" yp2="56.54950" sp="0.05" color="silver" opacity="100"/>
<line xp1="83.51222" yp1="56.54950" xp2="83.59562" yp2="56.63264" sp="0.05" color="silver" opacity="100"/>
<line xp1="83.59562" yp1="56.63264" xp2="83.70105" yp2="56.67027" sp="0.05" color="silver" opacity="100"/>
<line xp1="83.70105" yp1="56.67027" xp2="83.70375" yp2="56.67123" sp="0.05" color="silver" opacity="100"/>
<line xp1="83.70375" yp1="56.67123" xp2="83.72362" yp2="56.67833" sp="0.05" color="silver" opacity="100"/>
<line xp1="83.72362" yp1="56.67833" xp2="83.73780" yp2="56.68339" sp="0.05" color="silver" opacity="100"/>
<line xp1="83.73780" yp1="56.68339" xp2="83.87507" yp2="56.65483" sp="0.05" color="silver" opacity="100"/>
<line xp1="83.87507" yp1="56.65483" xp2="83.97683" yp2="56.57691" sp="0.05" color="silver" opacity="100"/>
<line xp1="83.97683" yp1="56.57691" xp2="83.98386" yp2="56.58478" sp="0.05" color="silver" opacity="100"/>
<line xp1="83.98386" yp1="56.58478" xp2="84.08959" yp2="56.70309" sp="0.05" color="silver" opacity="100"/>
<line xp1="84.08959" yp1="56.70309" xp2="84.16404" yp2="56.71081" sp="0.05" color="silver" opacity="100"/>
<line xp1="84.16404" yp1="56.71081" xp2="84.27535" yp2="56.74604" sp="0.05" color="silver" opacity="100"/>
<line xp1="84.27535" yp1="56.74604" xp2="84.29047" yp2="56.76148" sp="0.05" color="silver" opacity="100"/>
<line xp1="84.29047" yp1="56.76148" xp2="84.33381" yp2="56.80575" sp="0.05" color="silver" opacity="100"/>
<line xp1="84.33381" yp1="56.80575" xp2="84.39779" yp2="56.83977" sp="0.05" color="silver" opacity="100"/>
<line xp1="84.39779" yp1="56.83977" xp2="84.41012" yp2="56.84632" sp="0.05" color="silver" opacity="100"/>
<line xp1="84.41012" yp1="56.84632" xp2="84.40833" yp2="56.92019" sp="0.05" color="silver" opacity="100"/>
<line xp1="84.40833" yp1="56.92019" xp2="84.40658" yp2="56.99175" sp="0.05" color="silver" opacity="100"/>
<line xp1="84.40658" yp1="56.99175" xp2="84.41190" yp2="57.00270" sp="0.05" color="silver" opacity="100"/>
<line xp1="84.41190" yp1="57.00270" xp2="84.43197" yp2="57.04403" sp="0.05" color="silver" opacity="100"/>
<line xp1="84.43197" yp1="57.04403" xp2="84.52288" yp2="57.12003" sp="0.05" color="silver" opacity="100"/>
<line xp1="84.52288" yp1="57.12003" xp2="84.52459" yp2="57.12146" sp="0.05" color="silver" opacity="100"/>
<line xp1="84.52459" yp1="57.12146" xp2="84.63090" yp2="57.24946" sp="0.05" color="silver" opacity="100"/>
<line xp1="84.63090" yp1="57.24946" xp2="84.65715" yp2="57.27573" sp="0.05" color="silver" opacity="100"/>
<line xp1="84.65715" yp1="57.27573" xp2="84.71968" yp2="57.33832" sp="0.05" color="silver" opacity="100"/>
<line xp1="84.71968" yp1="57.33832" xp2="84.82491" yp2="57.37774" sp="0.05" color="silver" opacity="100"/>
<line xp1="84.82491" yp1="57.37774" xp2="84.88322" yp2="57.49689" sp="0.05" color="silver" opacity="100"/>
<line xp1="84.88322" yp1="57.49689" xp2="84.97002" yp2="57.51184" sp="0.05" color="silver" opacity="100"/>
<line xp1="84.97002" yp1="57.51184" xp2="85.04095" yp2="57.57970" sp="0.05" color="silver" opacity="100"/>
<line xp1="85.04095" yp1="57.57970" xp2="85.04369" yp2="57.58231" sp="0.05" color="silver" opacity="100"/>
<line xp1="85.04369" yp1="57.58231" xp2="85.00231" yp2="57.67117" sp="0.05" color="silver" opacity="100"/>
<line xp1="85.00231" yp1="57.67117" xp2="84.98368" yp2="57.71117" sp="0.05" color="silver" opacity="100"/>
<line xp1="84.98368" yp1="57.71117" xp2="84.88630" yp2="57.83288" sp="0.05" color="silver" opacity="100"/>
<line xp1="84.88630" yp1="57.83288" xp2="84.83614" yp2="57.93545" sp="0.05" color="silver" opacity="100"/>
<line xp1="84.83614" yp1="57.93545" xp2="84.76414" yp2="58.04459" sp="0.05" color="silver" opacity="100"/>
<line xp1="84.76414" yp1="58.04459" xp2="84.72598" yp2="58.11380" sp="0.05" color="silver" opacity="100"/>
<line xp1="84.72598" yp1="58.11380" xp2="84.69845" yp2="58.16373" sp="0.05" color="silver" opacity="100"/>
<line xp1="84.69845" yp1="58.16373" xp2="84.66216" yp2="58.28506" sp="0.05" color="silver" opacity="100"/>
<line xp1="84.66216" yp1="58.28506" xp2="84.57727" yp2="58.29559" sp="0.05" color="silver" opacity="100"/>
<line xp1="84.57727" yp1="58.29559" xp2="84.52907" yp2="58.33162" sp="0.05" color="silver" opacity="100"/>
<line xp1="84.52907" yp1="58.33162" xp2="84.50682" yp2="58.44333" sp="0.05" color="silver" opacity="100"/>
<line xp1="84.50682" yp1="58.44333" xp2="84.51965" yp2="58.51826" sp="0.05" color="silver" opacity="100"/>
<line xp1="84.51965" yp1="58.51826" xp2="84.49461" yp2="58.70942" sp="0.05" color="silver" opacity="100"/>
<line xp1="84.49461" yp1="58.70942" xp2="84.40500" yp2="58.78780" sp="0.05" color="silver" opacity="100"/>
<line xp1="84.40500" yp1="58.78780" xp2="84.32810" yp2="58.76973" sp="0.05" color="silver" opacity="100"/>
<line xp1="84.32810" yp1="58.76973" xp2="84.32585" yp2="58.83604" sp="0.05" color="silver" opacity="100"/>
<line xp1="84.32585" yp1="58.83604" xp2="84.32425" yp2="58.88302" sp="0.05" color="silver" opacity="100"/>
<line xp1="84.32425" yp1="58.88302" xp2="84.32145" yp2="58.96563" sp="0.05" color="silver" opacity="100"/>
<line xp1="84.32145" yp1="58.96563" xp2="84.31906" yp2="59.18821" sp="0.05" color="silver" opacity="100"/>
<line xp1="84.31906" yp1="59.18821" xp2="84.34234" yp2="59.32636" sp="0.05" color="silver" opacity="100"/>
<line xp1="84.34234" yp1="59.32636" xp2="84.44406" yp2="59.39995" sp="0.05" color="silver" opacity="100"/>
<line xp1="84.44406" yp1="59.39995" xp2="84.44845" yp2="59.40313" sp="0.05" color="silver" opacity="100"/>
<line xp1="84.44845" yp1="59.40313" xp2="84.47544" yp2="59.56911" sp="0.05" color="silver" opacity="100"/>
<line xp1="84.47544" yp1="59.56911" xp2="84.51471" yp2="59.67338" sp="0.05" color="silver" opacity="100"/>
<line xp1="84.51471" yp1="59.67338" xp2="84.46505" yp2="59.79051" sp="0.05" color="silver" opacity="100"/>
<line xp1="84.46505" yp1="59.79051" xp2="84.42576" yp2="59.90087" sp="0.05" color="silver" opacity="100"/>
<line xp1="84.42576" yp1="59.90087" xp2="84.41064" yp2="59.94337" sp="0.05" color="silver" opacity="100"/>
<line xp1="84.41064" yp1="59.94337" xp2="84.50687" yp2="60.05320" sp="0.05" color="silver" opacity="100"/>
<line xp1="84.50687" yp1="60.05320" xp2="84.53483" yp2="60.09322" sp="0.05" color="silver" opacity="100"/>
<line xp1="84.53483" yp1="60.09322" xp2="84.59189" yp2="60.17490" sp="0.05" color="silver" opacity="100"/>
<line xp1="84.59189" yp1="60.17490" xp2="84.62710" yp2="60.26579" sp="0.05" color="silver" opacity="100"/>
<line xp1="84.62710" yp1="60.26579" xp2="84.64147" yp2="60.30291" sp="0.05" color="silver" opacity="100"/>
<line xp1="84.64147" yp1="60.30291" xp2="84.64635" yp2="60.31549" sp="0.05" color="silver" opacity="100"/>
<line xp1="84.64635" yp1="60.31549" xp2="84.76114" yp2="60.44477" sp="0.05" color="silver" opacity="100"/>
<line xp1="84.76114" yp1="60.44477" xp2="84.81938" yp2="60.65077" sp="0.05" color="silver" opacity="100"/>
<line xp1="84.81938" yp1="60.65077" xp2="84.89892" yp2="60.84615" sp="0.05" color="silver" opacity="100"/>
<line xp1="84.89892" yp1="60.84615" xp2="84.98412" yp2="60.97236" sp="0.05" color="silver" opacity="100"/>
<line xp1="84.98412" yp1="60.97236" xp2="85.08475" yp2="61.02121" sp="0.05" color="silver" opacity="100"/>
<line xp1="85.08475" yp1="61.02121" xp2="85.02324" yp2="61.21662" sp="0.05" color="silver" opacity="100"/>
<line xp1="85.02324" yp1="61.21662" xp2="84.99035" yp2="61.22179" sp="0.05" color="silver" opacity="100"/>
<line xp1="84.99035" yp1="61.22179" xp2="84.92378" yp2="61.23226" sp="0.05" color="silver" opacity="100"/>
<line xp1="84.92378" yp1="61.23226" xp2="84.78406" yp2="61.30093" sp="0.05" color="silver" opacity="100"/>
<line xp1="84.78406" yp1="61.30093" xp2="84.64236" yp2="61.41848" sp="0.05" color="silver" opacity="100"/>
<line xp1="84.64236" yp1="61.41848" xp2="84.54788" yp2="61.64313" sp="0.05" color="silver" opacity="100"/>
<line xp1="84.54788" yp1="61.64313" xp2="84.54431" yp2="61.72504" sp="0.05" color="silver" opacity="100"/>
<line xp1="84.54431" yp1="61.72504" xp2="84.53957" yp2="61.83389" sp="0.05" color="silver" opacity="100"/>
<line xp1="84.53957" yp1="61.83389" xp2="84.53318" yp2="62.15011" sp="0.05" color="silver" opacity="100"/>
<line xp1="84.53318" yp1="62.15011" xp2="84.50090" yp2="62.29197" sp="0.05" color="silver" opacity="100"/>
<line xp1="84.50090" yp1="62.29197" xp2="84.44097" yp2="62.40199" sp="0.05" color="silver" opacity="100"/>
<line xp1="84.44097" yp1="62.40199" xp2="84.39186" yp2="62.42782" sp="0.05" color="silver" opacity="100"/>
<line xp1="84.39186" yp1="62.42782" xp2="84.32276" yp2="62.46415" sp="0.05" color="silver" opacity="100"/>
<line xp1="84.32276" yp1="62.46415" xp2="84.21076" yp2="62.52888" sp="0.05" color="silver" opacity="100"/>
<line xp1="84.21076" yp1="62.52888" xp2="84.16652" yp2="62.70598" sp="0.05" color="silver" opacity="100"/>
<line xp1="84.16652" yp1="62.70598" xp2="84.09058" yp2="62.83649" sp="0.05" color="silver" opacity="100"/>
<line xp1="84.09058" yp1="62.83649" xp2="84.06164" yp2="62.83911" sp="0.05" color="silver" opacity="100"/>
<line xp1="84.06164" yp1="62.83911" xp2="83.88132" yp2="62.85545" sp="0.05" color="silver" opacity="100"/>
<line xp1="83.88132" yp1="62.85545" xp2="83.87209" yp2="62.85542" sp="0.05" color="silver" opacity="100"/>
<line xp1="83.87209" yp1="62.85542" xp2="83.76443" yp2="62.85513" sp="0.05" color="silver" opacity="100"/>
<line xp1="83.76443" yp1="62.85513" xp2="83.27588" yp2="62.85379" sp="0.05" color="silver" opacity="100"/>
<line xp1="83.27588" yp1="62.85379" xp2="82.91409" yp2="62.85388" sp="0.05" color="silver" opacity="100"/>
<line xp1="82.91409" yp1="62.85388" xp2="82.85305" yp2="62.85390" sp="0.05" color="silver" opacity="100"/>
<line xp1="82.85305" yp1="62.85390" xp2="82.36592" yp2="62.85410" sp="0.05" color="silver" opacity="100"/>
<line xp1="82.36592" yp1="62.85410" xp2="82.34918" yp2="62.85449" sp="0.05" color="silver" opacity="100"/>
<line xp1="82.34918" yp1="62.85449" xp2="82.21893" yp2="62.85757" sp="0.05" color="silver" opacity="100"/>
<line xp1="82.21893" yp1="62.85757" xp2="82.21828" yp2="62.85759" sp="0.05" color="silver" opacity="100"/>
<line xp1="82.21828" yp1="62.85759" xp2="81.65088" yp2="62.85921" sp="0.05" color="silver" opacity="100"/>
<line xp1="81.65088" yp1="62.85921" xp2="81.59109" yp2="62.85938" sp="0.05" color="silver" opacity="100"/>
<line xp1="81.59109" yp1="62.85938" xp2="81.52672" yp2="62.85957" sp="0.05" color="silver" opacity="100"/>
<line xp1="81.52672" yp1="62.85957" xp2="80.59997" yp2="62.85471" sp="0.05" color="silver" opacity="100"/>
<line xp1="80.59997" yp1="62.85471" xp2="80.38472" yp2="62.85359" sp="0.05" color="silver" opacity="100"/>
<line xp1="80.38472" yp1="62.85359" xp2="80.25842" yp2="62.85293" sp="0.05" color="silver" opacity="100"/>
<line xp1="80.25842" yp1="62.85293" xp2="79.95204" yp2="62.85547" sp="0.05" color="silver" opacity="100"/>
<line xp1="79.95204" yp1="62.85547" xp2="79.68249" yp2="62.85454" sp="0.05" color="silver" opacity="100"/>
<line xp1="79.68249" yp1="62.85454" xp2="79.58276" yp2="62.85419" sp="0.05" color="silver" opacity="100"/>
<line xp1="79.58276" yp1="62.85419" xp2="79.52593" yp2="62.85449" sp="0.05" color="silver" opacity="100"/>
<line xp1="79.52593" yp1="62.85449" xp2="79.08208" yp2="62.85679" sp="0.05" color="silver" opacity="100"/>
<line xp1="79.08208" yp1="62.85679" xp2="78.58631" yp2="62.85458" sp="0.05" color="silver" opacity="100"/>
<line xp1="78.58631" yp1="62.85458" xp2="78.48759" yp2="62.85414" sp="0.05" color="silver" opacity="100"/>
<line xp1="78.48759" yp1="62.85414" xp2="78.36730" yp2="62.85382" sp="0.05" color="silver" opacity="100"/>
<line xp1="78.36730" yp1="62.85382" xp2="77.73466" yp2="62.85216" sp="0.05" color="silver" opacity="100"/>
<line xp1="77.73466" yp1="62.85216" xp2="77.52179" yp2="62.85291" sp="0.05" color="silver" opacity="100"/>
<line xp1="77.52179" yp1="62.85291" xp2="77.29029" yp2="62.85374" sp="0.05" color="silver" opacity="100"/>
<line xp1="77.29029" yp1="62.85374" xp2="77.28904" yp2="63.23213" sp="0.05" color="silver" opacity="100"/>
<line xp1="77.28904" yp1="63.23213" xp2="77.28931" yp2="63.62817" sp="0.05" color="silver" opacity="100"/>
<line xp1="77.28931" yp1="63.62817" xp2="77.16206" yp2="63.52996" sp="0.05" color="silver" opacity="100"/>
<line xp1="77.16206" yp1="63.52996" xp2="77.04012" yp2="63.45013" sp="0.05" color="silver" opacity="100"/>
<line xp1="77.04012" yp1="63.45013" xp2="76.89181" yp2="63.32319" sp="0.05" color="silver" opacity="100"/>
<line xp1="76.89181" yp1="63.32319" xp2="76.78690" yp2="63.35195" sp="0.05" color="silver" opacity="100"/>
<line xp1="76.78690" yp1="63.35195" xp2="76.71352" yp2="63.28553" sp="0.05" color="silver" opacity="100"/>
<line xp1="76.71352" yp1="63.28553" xp2="76.68602" yp2="63.18502" sp="0.05" color="silver" opacity="100"/>
<line xp1="76.68602" yp1="63.18502" xp2="76.41542" yp2="62.96048" sp="0.05" color="silver" opacity="100"/>
<line xp1="76.41542" yp1="62.96048" xp2="76.12396" yp2="62.79292" sp="0.05" color="silver" opacity="100"/>
<line xp1="76.12396" yp1="62.79292" xp2="76.12401" yp2="62.42732" sp="0.05" color="silver" opacity="100"/>
<line xp1="76.12401" yp1="62.42732" xp2="76.12407" yp2="61.91362" sp="0.05" color="silver" opacity="100"/>
<line xp1="76.12407" yp1="61.91362" xp2="76.12434" yp2="61.42835" sp="0.05" color="silver" opacity="100"/>
<line xp1="76.12434" yp1="61.42835" xp2="76.12436" yp2="61.39746" sp="0.05" color="silver" opacity="100"/>
<line xp1="76.12436" yp1="61.39746" xp2="76.12462" yp2="60.95286" sp="0.05" color="silver" opacity="100"/>
<line xp1="76.12462" yp1="60.95286" xp2="76.12478" yp2="60.66445" sp="0.05" color="silver" opacity="100"/>
<line xp1="76.12478" yp1="60.66445" xp2="76.12431" yp2="60.38110" sp="0.05" color="silver" opacity="100"/>
<line xp1="76.12431" yp1="60.38110" xp2="76.12427" yp2="60.35741" sp="0.05" color="silver" opacity="100"/>
<line xp1="76.12427" yp1="60.35741" xp2="76.12362" yp2="59.96398" sp="0.05" color="silver" opacity="100"/>
<line xp1="76.12362" yp1="59.96398" xp2="76.12324" yp2="59.73332" sp="0.05" color="silver" opacity="100"/>
<line xp1="76.12324" yp1="59.73332" xp2="76.12324" yp2="59.73332" sp="0.05" color="silver" opacity="100"/>
<line xp1="89.79774" yp1="60.47622" xp2="89.85585" yp2="60.41811" sp="0.05" color="silver" opacity="100"/>
<line xp1="89.85585" yp1="60.41811" xp2="89.97045" yp2="60.42750" sp="0.05" color="silver" opacity="100"/>
<line xp1="89.97045" yp1="60.42750" xp2="89.94756" yp2="60.51961" sp="0.05" color="silver" opacity="100"/>
<line xp1="89.94756" yp1="60.51961" xp2="89.93014" yp2="60.69351" sp="0.05" color="silver" opacity="100"/>
<line xp1="89.93014" yp1="60.69351" xp2="89.85640" yp2="60.67837" sp="0.05" color="silver" opacity="100"/>
<line xp1="89.85640" yp1="60.67837" xp2="89.79774" yp2="60.47622" sp="0.05" color="silver" opacity="100"/>
<line xp1="89.79774" yp1="60.47622" xp2="89.79774" yp2="60.47622" sp="0.05" color="silver" opacity="100"/>
<line xp1="89.44536" yp1="60.91499" xp2="89.44189" yp2="60.88512" sp="0.05" color="silver" opacity="100"/>
<line xp1="89.44189" yp1="60.88512" xp2="89.56007" yp2="60.93068" sp="0.05" color="silver" opacity="100"/>
<line xp1="89.56007" yp1="60.93068" xp2="89.64623" yp2="60.95199" sp="0.05" color="silver" opacity="100"/>
<line xp1="89.64623" yp1="60.95199" xp2="89.68980" yp2="60.96277" sp="0.05" color="silver" opacity="100"/>
<line xp1="89.68980" yp1="60.96277" xp2="89.80845" yp2="61.03106" sp="0.05" color="silver" opacity="100"/>
<line xp1="89.80845" yp1="61.03106" xp2="89.91480" yp2="61.06662" sp="0.05" color="silver" opacity="100"/>
<line xp1="89.91480" yp1="61.06662" xp2="90.02570" yp2="61.06206" sp="0.05" color="silver" opacity="100"/>
<line xp1="90.02570" yp1="61.06206" xp2="90.06866" yp2="61.16561" sp="0.05" color="silver" opacity="100"/>
<line xp1="90.06866" yp1="61.16561" xp2="90.10977" yp2="61.29759" sp="0.05" color="silver" opacity="100"/>
<line xp1="90.10977" yp1="61.29759" xp2="90.12736" yp2="61.30295" sp="0.05" color="silver" opacity="100"/>
<line xp1="90.12736" yp1="61.30295" xp2="90.17033" yp2="61.31601" sp="0.05" color="silver" opacity="100"/>
<line xp1="90.17033" yp1="61.31601" xp2="90.22908" yp2="61.28801" sp="0.05" color="silver" opacity="100"/>
<line xp1="90.22908" yp1="61.28801" xp2="90.28816" yp2="61.28972" sp="0.05" color="silver" opacity="100"/>
<line xp1="90.28816" yp1="61.28972" xp2="90.32979" yp2="61.39373" sp="0.05" color="silver" opacity="100"/>
<line xp1="90.32979" yp1="61.39373" xp2="90.39078" yp2="61.37515" sp="0.05" color="silver" opacity="100"/>
<line xp1="90.39078" yp1="61.37515" xp2="90.40030" yp2="61.36735" sp="0.05" color="silver" opacity="100"/>
<line xp1="90.40030" yp1="61.36735" xp2="90.44204" yp2="61.33315" sp="0.05" color="silver" opacity="100"/>
<line xp1="90.44204" yp1="61.33315" xp2="90.47228" yp2="61.30837" sp="0.05" color="silver" opacity="100"/>
<line xp1="90.47228" yp1="61.30837" xp2="90.55350" yp2="61.38816" sp="0.05" color="silver" opacity="100"/>
<line xp1="90.55350" yp1="61.38816" xp2="90.58374" yp2="61.42128" sp="0.05" color="silver" opacity="100"/>
<line xp1="90.58374" yp1="61.42128" xp2="90.55770" yp2="61.72160" sp="0.05" color="silver" opacity="100"/>
<line xp1="90.55770" yp1="61.72160" xp2="90.56479" yp2="61.88601" sp="0.05" color="silver" opacity="100"/>
<line xp1="90.56479" yp1="61.88601" xp2="90.46825" yp2="61.92883" sp="0.05" color="silver" opacity="100"/>
<line xp1="90.46825" yp1="61.92883" xp2="90.45950" yp2="61.94791" sp="0.05" color="silver" opacity="100"/>
<line xp1="90.45950" yp1="61.94791" xp2="90.44831" yp2="61.97231" sp="0.05" color="silver" opacity="100"/>
<line xp1="90.44831" yp1="61.97231" xp2="90.36709" yp2="62.14943" sp="0.05" color="silver" opacity="100"/>
<line xp1="90.36709" yp1="62.14943" xp2="90.28092" yp2="62.22073" sp="0.05" color="silver" opacity="100"/>
<line xp1="90.28092" yp1="62.22073" xp2="90.26247" yp2="62.23600" sp="0.05" color="silver" opacity="100"/>
<line xp1="90.26247" yp1="62.23600" xp2="90.24677" yp2="62.37714" sp="0.05" color="silver" opacity="100"/>
<line xp1="90.24677" yp1="62.37714" xp2="90.24723" yp2="62.55257" sp="0.05" color="silver" opacity="100"/>
<line xp1="90.24723" yp1="62.55257" xp2="90.18200" yp2="62.55200" sp="0.05" color="silver" opacity="100"/>
<line xp1="90.18200" yp1="62.55200" xp2="90.18237" yp2="62.72040" sp="0.05" color="silver" opacity="100"/>
<line xp1="90.18237" yp1="62.72040" xp2="90.18241" yp2="62.81453" sp="0.05" color="silver" opacity="100"/>
<line xp1="90.18241" yp1="62.81453" xp2="90.18246" yp2="62.91085" sp="0.05" color="silver" opacity="100"/>
<line xp1="90.18246" yp1="62.91085" xp2="90.06449" yp2="62.90537" sp="0.05" color="silver" opacity="100"/>
<line xp1="90.06449" yp1="62.90537" xp2="90.00273" yp2="62.90250" sp="0.05" color="silver" opacity="100"/>
<line xp1="90.00273" yp1="62.90250" xp2="89.90856" yp2="62.89812" sp="0.05" color="silver" opacity="100"/>
<line xp1="89.90856" yp1="62.89812" xp2="89.85985" yp2="62.89575" sp="0.05" color="silver" opacity="100"/>
<line xp1="89.85985" yp1="62.89575" xp2="89.83585" yp2="62.89459" sp="0.05" color="silver" opacity="100"/>
<line xp1="89.83585" yp1="62.89459" xp2="89.53963" yp2="62.88019" sp="0.05" color="silver" opacity="100"/>
<line xp1="89.53963" yp1="62.88019" xp2="89.54959" yp2="62.30572" sp="0.05" color="silver" opacity="100"/>
<line xp1="89.54959" yp1="62.30572" xp2="89.55431" yp2="62.07199" sp="0.05" color="silver" opacity="100"/>
<line xp1="89.55431" yp1="62.07199" xp2="89.55434" yp2="62.07067" sp="0.05" color="silver" opacity="100"/>
<line xp1="89.55434" yp1="62.07067" xp2="89.55467" yp2="61.82862" sp="0.05" color="silver" opacity="100"/>
<line xp1="89.55467" yp1="61.82862" xp2="89.55484" yp2="61.70546" sp="0.05" color="silver" opacity="100"/>
<line xp1="89.55484" yp1="61.70546" xp2="89.55483" yp2="61.70529" sp="0.05" color="silver" opacity="100"/>
<line xp1="89.55483" yp1="61.70529" xp2="89.54204" yp2="61.19117" sp="0.05" color="silver" opacity="100"/>
<line xp1="89.54204" yp1="61.19117" xp2="89.54203" yp2="61.19060" sp="0.05" color="silver" opacity="100"/>
<line xp1="89.54203" yp1="61.19060" xp2="89.47746" yp2="61.17748" sp="0.05" color="silver" opacity="100"/>
<line xp1="89.47746" yp1="61.17748" xp2="89.48315" yp2="61.01124" sp="0.05" color="silver" opacity="100"/>
<line xp1="89.48315" yp1="61.01124" xp2="89.44536" yp2="60.91499" sp="0.05" color="silver" opacity="100"/>
<line xp1="89.44536" yp1="60.91499" xp2="89.44536" yp2="60.91499" sp="0.05" color="silver" opacity="100"/>
<line xp1="71.76425" yp1="42.08185" xp2="71.76983" yp2="42.04860" sp="0.05" color="silver" opacity="100"/>
<line xp1="71.76983" yp1="42.04860" xp2="71.78456" yp2="41.96094" sp="0.05" color="silver" opacity="100"/>
<line xp1="71.78456" yp1="41.96094" xp2="71.78663" yp2="41.94858" sp="0.05" color="silver" opacity="100"/>
<line xp1="71.78663" yp1="41.94858" xp2="71.88006" yp2="41.84244" sp="0.05" color="silver" opacity="100"/>
<line xp1="71.88006" yp1="41.84244" xp2="71.96707" yp2="41.74271" sp="0.05" color="silver" opacity="100"/>
<line xp1="71.96707" yp1="41.74271" xp2="72.06988" yp2="41.68057" sp="0.05" color="silver" opacity="100"/>
<line xp1="72.06988" yp1="41.68057" xp2="72.14942" yp2="41.53552" sp="0.05" color="silver" opacity="100"/>
<line xp1="72.14942" yp1="41.53552" xp2="72.15868" yp2="41.51864" sp="0.05" color="silver" opacity="100"/>
<line xp1="72.15868" yp1="41.51864" xp2="72.22989" yp2="41.41444" sp="0.05" color="silver" opacity="100"/>
<line xp1="72.22989" yp1="41.41444" xp2="72.23340" yp2="41.40930" sp="0.05" color="silver" opacity="100"/>
<line xp1="72.23340" yp1="41.40930" xp2="72.31525" yp2="41.34995" sp="0.05" color="silver" opacity="100"/>
<line xp1="72.31525" yp1="41.34995" xp2="72.32094" yp2="41.35137" sp="0.05" color="silver" opacity="100"/>
<line xp1="72.32094" yp1="41.35137" xp2="72.42190" yp2="41.37658" sp="0.05" color="silver" opacity="100"/>
<line xp1="72.42190" yp1="41.37658" xp2="72.50180" yp2="41.34717" sp="0.05" color="silver" opacity="100"/>
<line xp1="72.50180" yp1="41.34717" xp2="72.55077" yp2="41.14219" sp="0.05" color="silver" opacity="100"/>
<line xp1="72.55077" yp1="41.14219" xp2="72.57935" yp2="41.02535" sp="0.05" color="silver" opacity="100"/>
<line xp1="72.57935" yp1="41.02535" xp2="72.64568" yp2="40.84772" sp="0.05" color="silver" opacity="100"/>
<line xp1="72.64568" yp1="40.84772" xp2="72.65442" yp2="40.82391" sp="0.05" color="silver" opacity="100"/>
<line xp1="72.65442" yp1="40.82391" xp2="72.70003" yp2="40.69960" sp="0.05" color="silver" opacity="100"/>
<line xp1="72.70003" yp1="40.69960" xp2="72.71388" yp2="40.61561" sp="0.05" color="silver" opacity="100"/>
<line xp1="72.71388" yp1="40.61561" xp2="72.74558" yp2="40.42333" sp="0.05" color="silver" opacity="100"/>
<line xp1="72.74558" yp1="40.42333" xp2="72.85724" yp2="40.23232" sp="0.05" color="silver" opacity="100"/>
<line xp1="72.85724" yp1="40.23232" xp2="72.93073" yp2="40.03862" sp="0.05" color="silver" opacity="100"/>
<line xp1="72.93073" yp1="40.03862" xp2="72.93561" yp2="40.02577" sp="0.05" color="silver" opacity="100"/>
<line xp1="72.93561" yp1="40.02577" xp2="72.98000" yp2="39.87587" sp="0.05" color="silver" opacity="100"/>
<line xp1="72.98000" yp1="39.87587" xp2="72.98948" yp2="39.84387" sp="0.05" color="silver" opacity="100"/>
<line xp1="72.98948" yp1="39.84387" xp2="73.05700" yp2="39.81991" sp="0.05" color="silver" opacity="100"/>
<line xp1="73.05700" yp1="39.81991" xp2="73.18285" yp2="39.62015" sp="0.05" color="silver" opacity="100"/>
<line xp1="73.18285" yp1="39.62015" xp2="73.34695" yp2="39.48581" sp="0.05" color="silver" opacity="100"/>
<line xp1="73.34695" yp1="39.48581" xp2="73.47831" yp2="39.23106" sp="0.05" color="silver" opacity="100"/>
<line xp1="73.47831" yp1="39.23106" xp2="73.51394" yp2="39.10787" sp="0.05" color="silver" opacity="100"/>
<line xp1="73.51394" yp1="39.10787" xp2="73.53885" yp2="39.02175" sp="0.05" color="silver" opacity="100"/>
<line xp1="73.53885" yp1="39.02175" xp2="73.59706" yp2="38.88755" sp="0.05" color="silver" opacity="100"/>
<line xp1="73.59706" yp1="38.88755" xp2="73.62699" yp2="38.87257" sp="0.05" color="silver" opacity="100"/>
<line xp1="73.62699" yp1="38.87257" xp2="73.66976" yp2="38.85116" sp="0.05" color="silver" opacity="100"/>
<line xp1="73.66976" yp1="38.85116" xp2="73.68271" yp2="38.84468" sp="0.05" color="silver" opacity="100"/>
<line xp1="73.68271" yp1="38.84468" xp2="73.80271" yp2="38.69981" sp="0.05" color="silver" opacity="100"/>
<line xp1="73.80271" yp1="38.69981" xp2="73.82064" yp2="38.65455" sp="0.05" color="silver" opacity="100"/>
<line xp1="73.82064" yp1="38.65455" xp2="73.86010" yp2="38.55496" sp="0.05" color="silver" opacity="100"/>
<line xp1="73.86010" yp1="38.55496" xp2="73.95948" yp2="38.46553" sp="0.05" color="silver" opacity="100"/>
<line xp1="73.95948" yp1="38.46553" xp2="73.96904" yp2="38.31644" sp="0.05" color="silver" opacity="100"/>
<line xp1="73.96904" yp1="38.31644" xp2="73.94964" yp2="38.12440" sp="0.05" color="silver" opacity="100"/>
<line xp1="73.94964" yp1="38.12440" xp2="74.08287" yp2="38.01098" sp="0.05" color="silver" opacity="100"/>
<line xp1="74.08287" yp1="38.01098" xp2="74.08231" yp2="37.84929" sp="0.05" color="silver" opacity="100"/>
<line xp1="74.08231" yp1="37.84929" xp2="74.08225" yp2="37.83356" sp="0.05" color="silver" opacity="100"/>
<line xp1="74.08225" yp1="37.83356" xp2="74.20995" yp2="37.72471" sp="0.05" color="silver" opacity="100"/>
<line xp1="74.20995" yp1="37.72471" xp2="74.21153" yp2="37.70647" sp="0.05" color="silver" opacity="100"/>
<line xp1="74.21153" yp1="37.70647" xp2="74.22287" yp2="37.57586" sp="0.05" color="silver" opacity="100"/>
<line xp1="74.22287" yp1="37.57586" xp2="74.37164" yp2="37.43758" sp="0.05" color="silver" opacity="100"/>
<line xp1="74.37164" yp1="37.43758" xp2="74.43699" yp2="37.39811" sp="0.05" color="silver" opacity="100"/>
<line xp1="74.43699" yp1="37.39811" xp2="74.45899" yp2="37.38482" sp="0.05" color="silver" opacity="100"/>
<line xp1="74.45899" yp1="37.38482" xp2="74.54774" yp2="37.26971" sp="0.05" color="silver" opacity="100"/>
<line xp1="74.54774" yp1="37.26971" xp2="74.61226" yp2="37.18604" sp="0.05" color="silver" opacity="100"/>
<line xp1="74.61226" yp1="37.18604" xp2="74.61605" yp2="36.98206" sp="0.05" color="silver" opacity="100"/>
<line xp1="74.61605" yp1="36.98206" xp2="74.67066" yp2="36.85090" sp="0.05" color="silver" opacity="100"/>
<line xp1="74.67066" yp1="36.85090" xp2="74.73751" yp2="36.66064" sp="0.05" color="silver" opacity="100"/>
<line xp1="74.73751" yp1="36.66064" xp2="74.74905" yp2="36.41218" sp="0.05" color="silver" opacity="100"/>
<line xp1="74.74905" yp1="36.41218" xp2="74.74974" yp2="36.39738" sp="0.05" color="silver" opacity="100"/>
<line xp1="74.74974" yp1="36.39738" xp2="74.77874" yp2="36.15283" sp="0.05" color="silver" opacity="100"/>
<line xp1="74.77874" yp1="36.15283" xp2="74.77368" yp2="36.01596" sp="0.05" color="silver" opacity="100"/>
<line xp1="74.77368" yp1="36.01596" xp2="74.78938" yp2="35.99704" sp="0.05" color="silver" opacity="100"/>
<line xp1="74.78938" yp1="35.99704" xp2="74.87884" yp2="35.88922" sp="0.05" color="silver" opacity="100"/>
<line xp1="74.87884" yp1="35.88922" xp2="74.94733" yp2="35.84889" sp="0.05" color="silver" opacity="100"/>
<line xp1="74.94733" yp1="35.84889" xp2="74.96165" yp2="35.84045" sp="0.05" color="silver" opacity="100"/>
<line xp1="74.96165" yp1="35.84045" xp2="75.08488" yp2="35.61453" sp="0.05" color="silver" opacity="100"/>
<line xp1="75.08488" yp1="35.61453" xp2="75.08472" yp2="35.46140" sp="0.05" color="silver" opacity="100"/>
<line xp1="75.08472" yp1="35.46140" xp2="75.11773" yp2="35.38544" sp="0.05" color="silver" opacity="100"/>
<line xp1="75.11773" yp1="35.38544" xp2="75.17995" yp2="35.24227" sp="0.05" color="silver" opacity="100"/>
<line xp1="75.17995" yp1="35.24227" xp2="75.18764" yp2="35.07513" sp="0.05" color="silver" opacity="100"/>
<line xp1="75.18764" yp1="35.07513" xp2="75.14841" yp2="34.96482" sp="0.05" color="silver" opacity="100"/>
<line xp1="75.14841" yp1="34.96482" xp2="75.15755" yp2="34.93477" sp="0.05" color="silver" opacity="100"/>
<line xp1="75.15755" yp1="34.93477" xp2="75.20098" yp2="34.79183" sp="0.05" color="silver" opacity="100"/>
<line xp1="75.20098" yp1="34.79183" xp2="75.21026" yp2="34.60916" sp="0.05" color="silver" opacity="100"/>
<line xp1="75.21026" yp1="34.60916" xp2="75.32575" yp2="34.52705" sp="0.05" color="silver" opacity="100"/>
<line xp1="75.32575" yp1="34.52705" xp2="75.37424" yp2="34.57472" sp="0.05" color="silver" opacity="100"/>
<line xp1="75.37424" yp1="34.57472" xp2="75.47196" yp2="34.45093" sp="0.05" color="silver" opacity="100"/>
<line xp1="75.47196" yp1="34.45093" xp2="75.56074" yp2="34.38457" sp="0.05" color="silver" opacity="100"/>
<line xp1="75.56074" yp1="34.38457" xp2="75.58857" yp2="34.50997" sp="0.05" color="silver" opacity="100"/>
<line xp1="75.58857" yp1="34.50997" xp2="75.60195" yp2="34.57023" sp="0.05" color="silver" opacity="100"/>
<line xp1="75.60195" yp1="34.57023" xp2="75.67307" yp2="34.59927" sp="0.05" color="silver" opacity="100"/>
<line xp1="75.67307" yp1="34.59927" xp2="75.81313" yp2="34.74408" sp="0.05" color="silver" opacity="100"/>
<line xp1="75.81313" yp1="34.74408" xp2="75.89359" yp2="34.90509" sp="0.05" color="silver" opacity="100"/>
<line xp1="75.89359" yp1="34.90509" xp2="75.80467" yp2="35.04487" sp="0.05" color="silver" opacity="100"/>
<line xp1="75.80467" yp1="35.04487" xp2="75.74456" yp2="35.12174" sp="0.05" color="silver" opacity="100"/>
<line xp1="75.74456" yp1="35.12174" xp2="75.82369" yp2="35.21616" sp="0.05" color="silver" opacity="100"/>
<line xp1="75.82369" yp1="35.21616" xp2="75.93109" yp2="35.11856" sp="0.05" color="silver" opacity="100"/>
<line xp1="75.93109" yp1="35.11856" xp2="76.00555" yp2="35.06728" sp="0.05" color="silver" opacity="100"/>
<line xp1="76.00555" yp1="35.06728" xp2="76.09319" yp2="35.10578" sp="0.05" color="silver" opacity="100"/>
<line xp1="76.09319" yp1="35.10578" xp2="76.22278" yp2="35.21845" sp="0.05" color="silver" opacity="100"/>
<line xp1="76.22278" yp1="35.21845" xp2="76.25492" yp2="35.35769" sp="0.05" color="silver" opacity="100"/>
<line xp1="76.25492" yp1="35.35769" xp2="76.21923" yp2="35.45790" sp="0.05" color="silver" opacity="100"/>
<line xp1="76.21923" yp1="35.45790" xp2="76.17751" yp2="35.60279" sp="0.05" color="silver" opacity="100"/>
<line xp1="76.17751" yp1="35.60279" xp2="76.19647" yp2="35.66671" sp="0.05" color="silver" opacity="100"/>
<line xp1="76.19647" yp1="35.66671" xp2="76.19790" yp2="35.67154" sp="0.05" color="silver" opacity="100"/>
<line xp1="76.19790" yp1="35.67154" xp2="76.20137" yp2="35.68322" sp="0.05" color="silver" opacity="100"/>
<line xp1="76.20137" yp1="35.68322" xp2="76.20660" yp2="35.70086" sp="0.05" color="silver" opacity="100"/>
<line xp1="76.20660" yp1="35.70086" xp2="76.28692" yp2="35.63193" sp="0.05" color="silver" opacity="100"/>
<line xp1="76.28692" yp1="35.63193" xp2="76.30265" yp2="35.63486" sp="0.05" color="silver" opacity="100"/>
<line xp1="76.30265" yp1="35.63486" xp2="76.40253" yp2="35.65351" sp="0.05" color="silver" opacity="100"/>
<line xp1="76.40253" yp1="35.65351" xp2="76.53932" yp2="35.79817" sp="0.05" color="silver" opacity="100"/>
<line xp1="76.53932" yp1="35.79817" xp2="76.54406" yp2="35.80318" sp="0.05" color="silver" opacity="100"/>
<line xp1="76.54406" yp1="35.80318" xp2="76.63060" yp2="35.84812" sp="0.05" color="silver" opacity="100"/>
<line xp1="76.63060" yp1="35.84812" xp2="76.69476" yp2="35.93851" sp="0.05" color="silver" opacity="100"/>
<line xp1="76.69476" yp1="35.93851" xp2="76.80456" yp2="36.00948" sp="0.05" color="silver" opacity="100"/>
<line xp1="76.80456" yp1="36.00948" xp2="76.92184" yp2="36.01683" sp="0.05" color="silver" opacity="100"/>
<line xp1="76.92184" yp1="36.01683" xp2="76.97159" yp2="36.11352" sp="0.05" color="silver" opacity="100"/>
<line xp1="76.97159" yp1="36.11352" xp2="77.10006" yp2="36.24115" sp="0.05" color="silver" opacity="100"/>
<line xp1="77.10006" yp1="36.24115" xp2="77.12561" yp2="36.38528" sp="0.05" color="silver" opacity="100"/>
<line xp1="77.12561" yp1="36.38528" xp2="77.20271" yp2="36.47529" sp="0.05" color="silver" opacity="100"/>
<line xp1="77.20271" yp1="36.47529" xp2="77.34402" yp2="36.58856" sp="0.05" color="silver" opacity="100"/>
<line xp1="77.34402" yp1="36.58856" xp2="77.39209" yp2="36.71542" sp="0.05" color="silver" opacity="100"/>
<line xp1="77.39209" yp1="36.71542" xp2="77.53645" yp2="36.85186" sp="0.05" color="silver" opacity="100"/>
<line xp1="77.53645" yp1="36.85186" xp2="77.58498" yp2="36.93341" sp="0.05" color="silver" opacity="100"/>
<line xp1="77.58498" yp1="36.93341" xp2="77.52828" yp2="37.06357" sp="0.05" color="silver" opacity="100"/>
<line xp1="77.52828" yp1="37.06357" xp2="77.56812" yp2="37.16128" sp="0.05" color="silver" opacity="100"/>
<line xp1="77.56812" yp1="37.16128" xp2="77.65777" yp2="37.24386" sp="0.05" color="silver" opacity="100"/>
<line xp1="77.65777" yp1="37.24386" xp2="77.71769" yp2="37.14647" sp="0.05" color="silver" opacity="100"/>
<line xp1="77.71769" yp1="37.14647" xp2="77.81008" yp2="37.18596" sp="0.05" color="silver" opacity="100"/>
<line xp1="77.81008" yp1="37.18596" xp2="77.90775" yp2="37.16192" sp="0.05" color="silver" opacity="100"/>
<line xp1="77.90775" yp1="37.16192" xp2="77.93952" yp2="37.28667" sp="0.05" color="silver" opacity="100"/>
<line xp1="77.93952" yp1="37.28667" xp2="77.95399" yp2="37.39996" sp="0.05" color="silver" opacity="100"/>
<line xp1="77.95399" yp1="37.39996" xp2="78.01294" yp2="37.45649" sp="0.05" color="silver" opacity="100"/>
<line xp1="78.01294" yp1="37.45649" xp2="78.03924" yp2="37.48588" sp="0.05" color="silver" opacity="100"/>
<line xp1="78.03924" yp1="37.48588" xp2="78.13007" yp2="37.58734" sp="0.05" color="silver" opacity="100"/>
<line xp1="78.13007" yp1="37.58734" xp2="78.19632" yp2="37.73308" sp="0.05" color="silver" opacity="100"/>
<line xp1="78.19632" yp1="37.73308" xp2="78.18375" yp2="37.82273" sp="0.05" color="silver" opacity="100"/>
<line xp1="78.18375" yp1="37.82273" xp2="78.21180" yp2="38.07785" sp="0.05" color="silver" opacity="100"/>
<line xp1="78.21180" yp1="38.07785" xp2="78.25317" yp2="38.29676" sp="0.05" color="silver" opacity="100"/>
<line xp1="78.25317" yp1="38.29676" xp2="78.33140" yp2="38.52477" sp="0.05" color="silver" opacity="100"/>
<line xp1="78.33140" yp1="38.52477" xp2="78.41767" yp2="38.66676" sp="0.05" color="silver" opacity="100"/>
<line xp1="78.41767" yp1="38.66676" xp2="78.46903" yp2="38.77904" sp="0.05" color="silver" opacity="100"/>
<line xp1="78.46903" yp1="38.77904" xp2="78.55681" yp2="38.97093" sp="0.05" color="silver" opacity="100"/>
<line xp1="78.55681" yp1="38.97093" xp2="78.67241" yp2="39.15901" sp="0.05" color="silver" opacity="100"/>
<line xp1="78.67241" yp1="39.15901" xp2="78.81117" yp2="39.33860" sp="0.05" color="silver" opacity="100"/>
<line xp1="78.81117" yp1="39.33860" xp2="78.96575" yp2="39.47882" sp="0.05" color="silver" opacity="100"/>
<line xp1="78.96575" yp1="39.47882" xp2="79.16756" yp2="39.57461" sp="0.05" color="silver" opacity="100"/>
<line xp1="79.16756" yp1="39.57461" xp2="79.05241" yp2="39.75864" sp="0.05" color="silver" opacity="100"/>
<line xp1="79.05241" yp1="39.75864" xp2="78.99866" yp2="39.84302" sp="0.05" color="silver" opacity="100"/>
<line xp1="78.99866" yp1="39.84302" xp2="78.75122" yp2="40.23145" sp="0.05" color="silver" opacity="100"/>
<line xp1="78.75122" yp1="40.23145" xp2="78.35205" yp2="40.85497" sp="0.05" color="silver" opacity="100"/>
<line xp1="78.35205" yp1="40.85497" xp2="78.35193" yp2="40.85515" sp="0.05" color="silver" opacity="100"/>
<line xp1="78.35193" yp1="40.85515" xp2="78.35192" yp2="40.85518" sp="0.05" color="silver" opacity="100"/>
<line xp1="78.35192" yp1="40.85518" xp2="77.91028" yp2="41.55817" sp="0.05" color="silver" opacity="100"/>
<line xp1="77.91028" yp1="41.55817" xp2="77.76880" yp2="41.77317" sp="0.05" color="silver" opacity="100"/>
<line xp1="77.76880" yp1="41.77317" xp2="77.75109" yp2="41.80009" sp="0.05" color="silver" opacity="100"/>
<line xp1="77.75109" yp1="41.80009" xp2="77.42262" yp2="42.29927" sp="0.05" color="silver" opacity="100"/>
<line xp1="77.42262" yp1="42.29927" xp2="77.39547" yp2="42.29989" sp="0.05" color="silver" opacity="100"/>
<line xp1="77.39547" yp1="42.29989" xp2="77.03895" yp2="42.30808" sp="0.05" color="silver" opacity="100"/>
<line xp1="77.03895" yp1="42.30808" xp2="77.03477" yp2="42.30818" sp="0.05" color="silver" opacity="100"/>
<line xp1="77.03477" yp1="42.30818" xp2="76.80427" yp2="42.31347" sp="0.05" color="silver" opacity="100"/>
<line xp1="76.80427" yp1="42.31347" xp2="76.42949" yp2="42.32463" sp="0.05" color="silver" opacity="100"/>
<line xp1="76.42949" yp1="42.32463" xp2="76.05899" yp2="42.33566" sp="0.05" color="silver" opacity="100"/>
<line xp1="76.05899" yp1="42.33566" xp2="76.05891" yp2="42.33566" sp="0.05" color="silver" opacity="100"/>
<line xp1="76.05891" yp1="42.33566" xp2="75.69693" yp2="42.35393" sp="0.05" color="silver" opacity="100"/>
<line xp1="75.69693" yp1="42.35393" xp2="75.71994" yp2="42.67366" sp="0.05" color="silver" opacity="100"/>
<line xp1="75.71994" yp1="42.67366" xp2="75.62993" yp2="42.86129" sp="0.05" color="silver" opacity="100"/>
<line xp1="75.62993" yp1="42.86129" xp2="75.53311" yp2="43.06311" sp="0.05" color="silver" opacity="100"/>
<line xp1="75.53311" yp1="43.06311" xp2="75.52886" yp2="43.07196" sp="0.05" color="silver" opacity="100"/>
<line xp1="75.52886" yp1="43.07196" xp2="75.48469" yp2="43.16403" sp="0.05" color="silver" opacity="100"/>
<line xp1="75.48469" yp1="43.16403" xp2="75.32079" yp2="42.98487" sp="0.05" color="silver" opacity="100"/>
<line xp1="75.32079" yp1="42.98487" xp2="75.29534" yp2="43.06626" sp="0.05" color="silver" opacity="100"/>
<line xp1="75.29534" yp1="43.06626" xp2="75.32806" yp2="43.20729" sp="0.05" color="silver" opacity="100"/>
<line xp1="75.32806" yp1="43.20729" xp2="75.31953" yp2="43.27648" sp="0.05" color="silver" opacity="100"/>
<line xp1="75.31953" yp1="43.27648" xp2="75.31866" yp2="43.28357" sp="0.05" color="silver" opacity="100"/>
<line xp1="75.31866" yp1="43.28357" xp2="74.87986" yp2="43.32082" sp="0.05" color="silver" opacity="100"/>
<line xp1="74.87986" yp1="43.32082" xp2="74.81907" yp2="43.32598" sp="0.05" color="silver" opacity="100"/>
<line xp1="74.81907" yp1="43.32598" xp2="74.62421" yp2="43.34252" sp="0.05" color="silver" opacity="100"/>
<line xp1="74.62421" yp1="43.34252" xp2="74.20287" yp2="43.37059" sp="0.05" color="silver" opacity="100"/>
<line xp1="74.20287" yp1="43.37059" xp2="74.03937" yp2="43.38149" sp="0.05" color="silver" opacity="100"/>
<line xp1="74.03937" yp1="43.38149" xp2="73.89329" yp2="43.39122" sp="0.05" color="silver" opacity="100"/>
<line xp1="73.89329" yp1="43.39122" xp2="73.78515" yp2="43.39843" sp="0.05" color="silver" opacity="100"/>
<line xp1="73.78515" yp1="43.39843" xp2="73.77171" yp2="43.39896" sp="0.05" color="silver" opacity="100"/>
<line xp1="73.77171" yp1="43.39896" xp2="73.51385" yp2="43.40929" sp="0.05" color="silver" opacity="100"/>
<line xp1="73.51385" yp1="43.40929" xp2="73.39176" yp2="43.41419" sp="0.05" color="silver" opacity="100"/>
<line xp1="73.39176" yp1="43.41419" xp2="73.30281" yp2="43.42490" sp="0.05" color="silver" opacity="100"/>
<line xp1="73.30281" yp1="43.42490" xp2="73.21338" yp2="43.43567" sp="0.05" color="silver" opacity="100"/>
<line xp1="73.21338" yp1="43.43567" xp2="73.14522" yp2="43.36407" sp="0.05" color="silver" opacity="100"/>
<line xp1="73.14522" yp1="43.36407" xp2="73.02683" yp2="43.30176" sp="0.05" color="silver" opacity="100"/>
<line xp1="73.02683" yp1="43.30176" xp2="72.95736" yp2="43.27564" sp="0.05" color="silver" opacity="100"/>
<line xp1="72.95736" yp1="43.27564" xp2="72.79071" yp2="43.21299" sp="0.05" color="silver" opacity="100"/>
<line xp1="72.79071" yp1="43.21299" xp2="72.69780" yp2="43.08323" sp="0.05" color="silver" opacity="100"/>
<line xp1="72.69780" yp1="43.08323" xp2="72.67416" yp2="43.09094" sp="0.05" color="silver" opacity="100"/>
<line xp1="72.67416" yp1="43.09094" xp2="72.64110" yp2="43.10171" sp="0.05" color="silver" opacity="100"/>
<line xp1="72.64110" yp1="43.10171" xp2="72.46539" yp2="43.01720" sp="0.05" color="silver" opacity="100"/>
<line xp1="72.46539" yp1="43.01720" xp2="72.46529" yp2="43.01716" sp="0.05" color="silver" opacity="100"/>
<line xp1="72.46529" yp1="43.01716" xp2="72.29475" yp2="42.93410" sp="0.05" color="silver" opacity="100"/>
<line xp1="72.29475" yp1="42.93410" xp2="72.14092" yp2="42.85918" sp="0.05" color="silver" opacity="100"/>
<line xp1="72.14092" yp1="42.85918" xp2="72.14061" yp2="42.85903" sp="0.05" color="silver" opacity="100"/>
<line xp1="72.14061" yp1="42.85903" xp2="72.11634" yp2="42.72926" sp="0.05" color="silver" opacity="100"/>
<line xp1="72.11634" yp1="42.72926" xp2="72.09135" yp2="42.64261" sp="0.05" color="silver" opacity="100"/>
<line xp1="72.09135" yp1="42.64261" xp2="71.99818" yp2="42.52758" sp="0.05" color="silver" opacity="100"/>
<line xp1="71.99818" yp1="42.52758" xp2="71.91910" yp2="42.43852" sp="0.05" color="silver" opacity="100"/>
<line xp1="71.91910" yp1="42.43852" xp2="71.86952" yp2="42.35155" sp="0.05" color="silver" opacity="100"/>
<line xp1="71.86952" yp1="42.35155" xp2="71.80944" yp2="42.25632" sp="0.05" color="silver" opacity="100"/>
<line xp1="71.80944" yp1="42.25632" xp2="71.81529" yp2="42.17033" sp="0.05" color="silver" opacity="100"/>
<line xp1="71.81529" yp1="42.17033" xp2="71.76425" yp2="42.08185" sp="0.05" color="silver" opacity="100"/>
<line xp1="71.76425" yp1="42.08185" xp2="71.76425" yp2="42.08185" sp="0.05" color="silver" opacity="100"/>
<line xp1="39.91123" yp1="71.42123" xp2="39.91414" yp2="70.54669" sp="0.05" color="silver" opacity="100"/>
<line xp1="39.91414" yp1="70.54669" xp2="39.91432" yp2="70.20283" sp="0.05" color="silver" opacity="100"/>
<line xp1="39.91432" yp1="70.20283" xp2="39.91479" yp2="69.28567" sp="0.05" color="silver" opacity="100"/>
<line xp1="39.91479" yp1="69.28567" xp2="39.91476" yp2="69.08681" sp="0.05" color="silver" opacity="100"/>
<line xp1="39.91476" yp1="69.08681" xp2="39.91474" yp2="68.97452" sp="0.05" color="silver" opacity="100"/>
<line xp1="39.91474" yp1="68.97452" xp2="39.91463" yp2="68.15279" sp="0.05" color="silver" opacity="100"/>
<line xp1="39.91463" yp1="68.15279" xp2="39.91534" yp2="67.31029" sp="0.05" color="silver" opacity="100"/>
<line xp1="39.91534" yp1="67.31029" xp2="39.91570" yp2="67.15236" sp="0.05" color="silver" opacity="100"/>
<line xp1="39.91570" yp1="67.15236" xp2="39.91587" yp2="67.07947" sp="0.05" color="silver" opacity="100"/>
<line xp1="39.91587" yp1="67.07947" xp2="39.91711" yp2="66.54229" sp="0.05" color="silver" opacity="100"/>
<line xp1="39.91711" yp1="66.54229" xp2="39.91827" yp2="65.71596" sp="0.05" color="silver" opacity="100"/>
<line xp1="39.91827" yp1="65.71596" xp2="40.76138" yp2="65.71645" sp="0.05" color="silver" opacity="100"/>
<line xp1="40.76138" yp1="65.71645" xp2="40.80595" yp2="65.71648" sp="0.05" color="silver" opacity="100"/>
<line xp1="40.80595" yp1="65.71648" xp2="41.53752" yp2="65.71503" sp="0.05" color="silver" opacity="100"/>
<line xp1="41.53752" yp1="65.71503" xp2="41.85829" yp2="65.71439" sp="0.05" color="silver" opacity="100"/>
<line xp1="41.85829" yp1="65.71439" xp2="42.44825" yp2="65.71322" sp="0.05" color="silver" opacity="100"/>
<line xp1="42.44825" yp1="65.71322" xp2="42.94993" yp2="65.71183" sp="0.05" color="silver" opacity="100"/>
<line xp1="42.94993" yp1="65.71183" xp2="42.95002" yp2="65.71183" sp="0.05" color="silver" opacity="100"/>
<line xp1="42.95002" yp1="65.71183" xp2="44.26459" yp2="65.70820" sp="0.05" color="silver" opacity="100"/>
<line xp1="44.26459" yp1="65.70820" xp2="44.61472" yp2="65.70723" sp="0.05" color="silver" opacity="100"/>
<line xp1="44.61472" yp1="65.70723" xp2="45.84859" yp2="65.70851" sp="0.05" color="silver" opacity="100"/>
<line xp1="45.84859" yp1="65.70851" xp2="45.84860" yp2="65.70851" sp="0.05" color="silver" opacity="100"/>
<line xp1="45.84860" yp1="65.70851" xp2="46.38456" yp2="65.70906" sp="0.05" color="silver" opacity="100"/>
<line xp1="46.38456" yp1="65.70906" xp2="46.87068" yp2="65.70914" sp="0.05" color="silver" opacity="100"/>
<line xp1="46.87068" yp1="65.70914" xp2="47.30084" yp2="65.70920" sp="0.05" color="silver" opacity="100"/>
<line xp1="47.30084" yp1="65.70920" xp2="47.92617" yp2="65.70930" sp="0.05" color="silver" opacity="100"/>
<line xp1="47.92617" yp1="65.70930" xp2="48.46377" yp2="65.71017" sp="0.05" color="silver" opacity="100"/>
<line xp1="48.46377" yp1="65.71017" xp2="48.49397" yp2="65.61011" sp="0.05" color="silver" opacity="100"/>
<line xp1="48.49397" yp1="65.61011" xp2="48.56230" yp2="65.51208" sp="0.05" color="silver" opacity="100"/>
<line xp1="48.56230" yp1="65.51208" xp2="48.63624" yp2="65.48116" sp="0.05" color="silver" opacity="100"/>
<line xp1="48.63624" yp1="65.48116" xp2="48.75664" yp2="65.38997" sp="0.05" color="silver" opacity="100"/>
<line xp1="48.75664" yp1="65.38997" xp2="48.79999" yp2="65.35713" sp="0.05" color="silver" opacity="100"/>
<line xp1="48.79999" yp1="65.35713" xp2="48.87397" yp2="65.31754" sp="0.05" color="silver" opacity="100"/>
<line xp1="48.87397" yp1="65.31754" xp2="48.99602" yp2="65.26044" sp="0.05" color="silver" opacity="100"/>
<line xp1="48.99602" yp1="65.26044" xp2="49.00298" yp2="65.25718" sp="0.05" color="silver" opacity="100"/>
<line xp1="49.00298" yp1="65.25718" xp2="49.06969" yp2="65.16707" sp="0.05" color="silver" opacity="100"/>
<line xp1="49.06969" yp1="65.16707" xp2="49.17687" yp2="65.04059" sp="0.05" color="silver" opacity="100"/>
<line xp1="49.17687" yp1="65.04059" xp2="49.30747" yp2="65.05605" sp="0.05" color="silver" opacity="100"/>
<line xp1="49.30747" yp1="65.05605" xp2="49.37692" yp2="65.13963" sp="0.05" color="silver" opacity="100"/>
<line xp1="49.37692" yp1="65.13963" xp2="49.42017" yp2="65.29332" sp="0.05" color="silver" opacity="100"/>
<line xp1="49.42017" yp1="65.29332" xp2="49.44930" yp2="65.32884" sp="0.05" color="silver" opacity="100"/>
<line xp1="49.44930" yp1="65.32884" xp2="49.53639" yp2="65.30858" sp="0.05" color="silver" opacity="100"/>
<line xp1="49.53639" yp1="65.30858" xp2="49.69072" yp2="65.26799" sp="0.05" color="silver" opacity="100"/>
<line xp1="49.69072" yp1="65.26799" xp2="49.79163" yp2="65.29088" sp="0.05" color="silver" opacity="100"/>
<line xp1="49.79163" yp1="65.29088" xp2="49.84729" yp2="65.30351" sp="0.05" color="silver" opacity="100"/>
<line xp1="49.84729" yp1="65.30351" xp2="49.97546" yp2="65.29643" sp="0.05" color="silver" opacity="100"/>
<line xp1="49.97546" yp1="65.29643" xp2="50.02320" yp2="65.28572" sp="0.05" color="silver" opacity="100"/>
<line xp1="50.02320" yp1="65.28572" xp2="50.07357" yp2="65.27442" sp="0.05" color="silver" opacity="100"/>
<line xp1="50.07357" yp1="65.27442" xp2="50.12759" yp2="65.33119" sp="0.05" color="silver" opacity="100"/>
<line xp1="50.12759" yp1="65.33119" xp2="50.24434" yp2="65.30252" sp="0.05" color="silver" opacity="100"/>
<line xp1="50.24434" yp1="65.30252" xp2="50.30450" yp2="65.33046" sp="0.05" color="silver" opacity="100"/>
<line xp1="50.30450" yp1="65.33046" xp2="50.40328" yp2="65.29468" sp="0.05" color="silver" opacity="100"/>
<line xp1="50.40328" yp1="65.29468" xp2="50.44007" yp2="65.20041" sp="0.05" color="silver" opacity="100"/>
<line xp1="50.44007" yp1="65.20041" xp2="50.51528" yp2="65.11890" sp="0.05" color="silver" opacity="100"/>
<line xp1="50.51528" yp1="65.11890" xp2="50.56718" yp2="65.06265" sp="0.05" color="silver" opacity="100"/>
<line xp1="50.56718" yp1="65.06265" xp2="50.73100" yp2="65.03551" sp="0.05" color="silver" opacity="100"/>
<line xp1="50.73100" yp1="65.03551" xp2="50.74518" yp2="65.01864" sp="0.05" color="silver" opacity="100"/>
<line xp1="50.74518" yp1="65.01864" xp2="50.82203" yp2="64.92723" sp="0.05" color="silver" opacity="100"/>
<line xp1="50.82203" yp1="64.92723" xp2="50.91262" yp2="64.95371" sp="0.05" color="silver" opacity="100"/>
<line xp1="50.91262" yp1="64.95371" xp2="51.06558" yp2="64.85908" sp="0.05" color="silver" opacity="100"/>
<line xp1="51.06558" yp1="64.85908" xp2="51.07438" yp2="64.85364" sp="0.05" color="silver" opacity="100"/>
<line xp1="51.07438" yp1="64.85364" xp2="51.11049" yp2="64.75141" sp="0.05" color="silver" opacity="100"/>
<line xp1="51.11049" yp1="64.75141" xp2="51.23440" yp2="64.74041" sp="0.05" color="silver" opacity="100"/>
<line xp1="51.23440" yp1="64.74041" xp2="51.21646" yp2="64.58215" sp="0.05" color="silver" opacity="100"/>
<line xp1="51.21646" yp1="64.58215" xp2="51.29422" yp2="64.47550" sp="0.05" color="silver" opacity="100"/>
<line xp1="51.29422" yp1="64.47550" xp2="51.34162" yp2="64.36313" sp="0.05" color="silver" opacity="100"/>
<line xp1="51.34162" yp1="64.36313" xp2="51.36694" yp2="64.30311" sp="0.05" color="silver" opacity="100"/>
<line xp1="51.36694" yp1="64.30311" xp2="51.49978" yp2="64.31495" sp="0.05" color="silver" opacity="100"/>
<line xp1="51.49978" yp1="64.31495" xp2="51.53643" yp2="64.23643" sp="0.05" color="silver" opacity="100"/>
<line xp1="51.53643" yp1="64.23643" xp2="51.62230" yp2="64.25894" sp="0.05" color="silver" opacity="100"/>
<line xp1="51.62230" yp1="64.25894" xp2="51.57315" yp2="64.31311" sp="0.05" color="silver" opacity="100"/>
<line xp1="51.57315" yp1="64.31311" xp2="51.54928" yp2="64.33509" sp="0.05" color="silver" opacity="100"/>
<line xp1="51.54928" yp1="64.33509" xp2="51.57392" yp2="64.44594" sp="0.05" color="silver" opacity="100"/>
<line xp1="51.57392" yp1="64.44594" xp2="51.56920" yp2="64.46093" sp="0.05" color="silver" opacity="100"/>
<line xp1="51.56920" yp1="64.46093" xp2="51.49728" yp2="64.68910" sp="0.05" color="silver" opacity="100"/>
<line xp1="51.49728" yp1="64.68910" xp2="51.39754" yp2="64.82309" sp="0.05" color="silver" opacity="100"/>
<line xp1="51.39754" yp1="64.82309" xp2="51.34661" yp2="64.92999" sp="0.05" color="silver" opacity="100"/>
<line xp1="51.34661" yp1="64.92999" xp2="51.35096" yp2="65.08359" sp="0.05" color="silver" opacity="100"/>
<line xp1="51.35096" yp1="65.08359" xp2="51.41856" yp2="65.22184" sp="0.05" color="silver" opacity="100"/>
<line xp1="51.41856" yp1="65.22184" xp2="51.48023" yp2="65.36707" sp="0.05" color="silver" opacity="100"/>
<line xp1="51.48023" yp1="65.36707" xp2="51.47620" yp2="65.45313" sp="0.05" color="silver" opacity="100"/>
<line xp1="51.47620" yp1="65.45313" xp2="51.47432" yp2="65.49307" sp="0.05" color="silver" opacity="100"/>
<line xp1="51.47432" yp1="65.49307" xp2="51.53799" yp2="65.59826" sp="0.05" color="silver" opacity="100"/>
<line xp1="51.53799" yp1="65.59826" xp2="51.50731" yp2="65.65041" sp="0.05" color="silver" opacity="100"/>
<line xp1="51.50731" yp1="65.65041" xp2="51.54970" yp2="65.72883" sp="0.05" color="silver" opacity="100"/>
<line xp1="51.54970" yp1="65.72883" xp2="51.52061" yp2="65.82836" sp="0.05" color="silver" opacity="100"/>
<line xp1="51.52061" yp1="65.82836" xp2="51.60277" yp2="65.90730" sp="0.05" color="silver" opacity="100"/>
<line xp1="51.60277" yp1="65.90730" xp2="51.61216" yp2="65.95015" sp="0.05" color="silver" opacity="100"/>
<line xp1="51.61216" yp1="65.95015" xp2="51.63179" yp2="66.03976" sp="0.05" color="silver" opacity="100"/>
<line xp1="51.63179" yp1="66.03976" xp2="51.60176" yp2="66.12387" sp="0.05" color="silver" opacity="100"/>
<line xp1="51.60176" yp1="66.12387" xp2="51.57604" yp2="66.34587" sp="0.05" color="silver" opacity="100"/>
<line xp1="51.57604" yp1="66.34587" xp2="51.50449" yp2="66.34560" sp="0.05" color="silver" opacity="100"/>
<line xp1="51.50449" yp1="66.34560" xp2="51.45698" yp2="66.42080" sp="0.05" color="silver" opacity="100"/>
<line xp1="51.45698" yp1="66.42080" xp2="51.44765" yp2="66.45016" sp="0.05" color="silver" opacity="100"/>
<line xp1="51.44765" yp1="66.45016" xp2="51.41720" yp2="66.54599" sp="0.05" color="silver" opacity="100"/>
<line xp1="51.41720" yp1="66.54599" xp2="51.49170" yp2="66.57153" sp="0.05" color="silver" opacity="100"/>
<line xp1="51.49170" yp1="66.57153" xp2="51.50109" yp2="66.70633" sp="0.05" color="silver" opacity="100"/>
<line xp1="51.50109" yp1="66.70633" xp2="51.50527" yp2="66.81611" sp="0.05" color="silver" opacity="100"/>
<line xp1="51.50527" yp1="66.81611" xp2="51.39346" yp2="66.95472" sp="0.05" color="silver" opacity="100"/>
<line xp1="51.39346" yp1="66.95472" xp2="51.40830" yp2="67.05603" sp="0.05" color="silver" opacity="100"/>
<line xp1="51.40830" yp1="67.05603" xp2="51.38626" yp2="67.14416" sp="0.05" color="silver" opacity="100"/>
<line xp1="51.38626" yp1="67.14416" xp2="51.61037" yp2="67.14397" sp="0.05" color="silver" opacity="100"/>
<line xp1="51.61037" yp1="67.14397" xp2="51.61028" yp2="67.29228" sp="0.05" color="silver" opacity="100"/>
<line xp1="51.61028" yp1="67.29228" xp2="51.61091" yp2="68.14145" sp="0.05" color="silver" opacity="100"/>
<line xp1="51.61091" yp1="68.14145" xp2="51.61091" yp2="68.14145" sp="0.05" color="silver" opacity="100"/>
<line xp1="51.61091" yp1="68.14145" xp2="51.61164" yp2="69.13366" sp="0.05" color="silver" opacity="100"/>
<line xp1="51.61164" yp1="69.13366" xp2="51.61164" yp2="69.13372" sp="0.05" color="silver" opacity="100"/>
<line xp1="51.61164" yp1="69.13372" xp2="51.61198" yp2="69.60043" sp="0.05" color="silver" opacity="100"/>
<line xp1="51.61198" yp1="69.60043" xp2="51.61032" yp2="70.12468" sp="0.05" color="silver" opacity="100"/>
<line xp1="51.61032" yp1="70.12468" xp2="51.60953" yp2="70.37525" sp="0.05" color="silver" opacity="100"/>
<line xp1="51.60953" yp1="70.37525" xp2="51.60795" yp2="70.87300" sp="0.05" color="silver" opacity="100"/>
<line xp1="51.60795" yp1="70.87300" xp2="51.60640" yp2="71.36384" sp="0.05" color="silver" opacity="100"/>
<line xp1="51.60640" yp1="71.36384" xp2="51.60376" yp2="72.19685" sp="0.05" color="silver" opacity="100"/>
<line xp1="51.60376" yp1="72.19685" xp2="51.60341" yp2="72.30746" sp="0.05" color="silver" opacity="100"/>
<line xp1="51.60341" yp1="72.30746" xp2="51.58450" yp2="72.36228" sp="0.05" color="silver" opacity="100"/>
<line xp1="51.58450" yp1="72.36228" xp2="51.56530" yp2="72.41792" sp="0.05" color="silver" opacity="100"/>
<line xp1="51.56530" yp1="72.41792" xp2="51.50494" yp2="72.50184" sp="0.05" color="silver" opacity="100"/>
<line xp1="51.50494" yp1="72.50184" xp2="51.44286" yp2="72.53169" sp="0.05" color="silver" opacity="100"/>
<line xp1="51.44286" yp1="72.53169" xp2="51.35734" yp2="72.59455" sp="0.05" color="silver" opacity="100"/>
<line xp1="51.35734" yp1="72.59455" xp2="51.26854" yp2="72.60062" sp="0.05" color="silver" opacity="100"/>
<line xp1="51.26854" yp1="72.60062" xp2="51.21418" yp2="72.67694" sp="0.05" color="silver" opacity="100"/>
<line xp1="51.21418" yp1="72.67694" xp2="51.16537" yp2="72.79635" sp="0.05" color="silver" opacity="100"/>
<line xp1="51.16537" yp1="72.79635" xp2="51.10610" yp2="72.95992" sp="0.05" color="silver" opacity="100"/>
<line xp1="51.10610" yp1="72.95992" xp2="51.02243" yp2="73.10322" sp="0.05" color="silver" opacity="100"/>
<line xp1="51.02243" yp1="73.10322" xp2="51.00930" yp2="73.12572" sp="0.05" color="silver" opacity="100"/>
<line xp1="51.00930" yp1="73.12572" xp2="50.99751" yp2="73.19832" sp="0.05" color="silver" opacity="100"/>
<line xp1="50.99751" yp1="73.19832" xp2="51.03668" yp2="73.29761" sp="0.05" color="silver" opacity="100"/>
<line xp1="51.03668" yp1="73.29761" xp2="51.16141" yp2="73.43307" sp="0.05" color="silver" opacity="100"/>
<line xp1="51.16141" yp1="73.43307" xp2="51.27282" yp2="73.52096" sp="0.05" color="silver" opacity="100"/>
<line xp1="51.27282" yp1="73.52096" xp2="51.33767" yp2="73.66045" sp="0.05" color="silver" opacity="100"/>
<line xp1="51.33767" yp1="73.66045" xp2="51.40447" yp2="73.76127" sp="0.05" color="silver" opacity="100"/>
<line xp1="51.40447" yp1="73.76127" xp2="51.42789" yp2="73.91956" sp="0.05" color="silver" opacity="100"/>
<line xp1="51.42789" yp1="73.91956" xp2="51.44050" yp2="74.10070" sp="0.05" color="silver" opacity="100"/>
<line xp1="51.44050" yp1="74.10070" xp2="50.64293" yp2="74.10241" sp="0.05" color="silver" opacity="100"/>
<line xp1="50.64293" yp1="74.10241" xp2="50.41801" yp2="74.10188" sp="0.05" color="silver" opacity="100"/>
<line xp1="50.41801" yp1="74.10188" xp2="49.93446" yp2="74.10074" sp="0.05" color="silver" opacity="100"/>
<line xp1="49.93446" yp1="74.10074" xp2="49.57378" yp2="74.10112" sp="0.05" color="silver" opacity="100"/>
<line xp1="49.57378" yp1="74.10112" xp2="49.26342" yp2="74.10267" sp="0.05" color="silver" opacity="100"/>
<line xp1="49.26342" yp1="74.10267" xp2="49.21830" yp2="74.10289" sp="0.05" color="silver" opacity="100"/>
<line xp1="49.21830" yp1="74.10289" xp2="49.12228" yp2="74.10337" sp="0.05" color="silver" opacity="100"/>
<line xp1="49.12228" yp1="74.10337" xp2="48.59305" yp2="74.10430" sp="0.05" color="silver" opacity="100"/>
<line xp1="48.59305" yp1="74.10430" xp2="48.26865" yp2="74.10922" sp="0.05" color="silver" opacity="100"/>
<line xp1="48.26865" yp1="74.10922" xp2="48.11635" yp2="74.11050" sp="0.05" color="silver" opacity="100"/>
<line xp1="48.11635" yp1="74.11050" xp2="47.68363" yp2="74.11413" sp="0.05" color="silver" opacity="100"/>
<line xp1="47.68363" yp1="74.11413" xp2="47.68345" yp2="74.11413" sp="0.05" color="silver" opacity="100"/>
<line xp1="47.68345" yp1="74.11413" xp2="47.54943" yp2="74.11481" sp="0.05" color="silver" opacity="100"/>
<line xp1="47.54943" yp1="74.11481" xp2="47.16160" yp2="74.11514" sp="0.05" color="silver" opacity="100"/>
<line xp1="47.16160" yp1="74.11514" xp2="46.93807" yp2="74.11532" sp="0.05" color="silver" opacity="100"/>
<line xp1="46.93807" yp1="74.11532" xp2="46.75206" yp2="74.11742" sp="0.05" color="silver" opacity="100"/>
<line xp1="46.75206" yp1="74.11742" xp2="46.58758" yp2="74.11688" sp="0.05" color="silver" opacity="100"/>
<line xp1="46.58758" yp1="74.11688" xp2="46.33837" yp2="74.11906" sp="0.05" color="silver" opacity="100"/>
<line xp1="46.33837" yp1="74.11906" xp2="46.33801" yp2="74.11906" sp="0.05" color="silver" opacity="100"/>
<line xp1="46.33801" yp1="74.11906" xp2="45.91987" yp2="74.12139" sp="0.05" color="silver" opacity="100"/>
<line xp1="45.91987" yp1="74.12139" xp2="45.70134" yp2="74.12363" sp="0.05" color="silver" opacity="100"/>
<line xp1="45.70134" yp1="74.12363" xp2="45.38561" yp2="74.12466" sp="0.05" color="silver" opacity="100"/>
<line xp1="45.38561" yp1="74.12466" xp2="45.36647" yp2="74.12473" sp="0.05" color="silver" opacity="100"/>
<line xp1="45.36647" yp1="74.12473" xp2="45.36623" yp2="74.12473" sp="0.05" color="silver" opacity="100"/>
<line xp1="45.36623" yp1="74.12473" xp2="44.98137" yp2="74.12505" sp="0.05" color="silver" opacity="100"/>
<line xp1="44.98137" yp1="74.12505" xp2="44.45104" yp2="74.12567" sp="0.05" color="silver" opacity="100"/>
<line xp1="44.45104" yp1="74.12567" xp2="44.05341" yp2="74.12598" sp="0.05" color="silver" opacity="100"/>
<line xp1="44.05341" yp1="74.12598" xp2="43.75804" yp2="74.12600" sp="0.05" color="silver" opacity="100"/>
<line xp1="43.75804" yp1="74.12600" xp2="43.39291" yp2="74.12685" sp="0.05" color="silver" opacity="100"/>
<line xp1="43.39291" yp1="74.12685" xp2="43.07887" yp2="74.12725" sp="0.05" color="silver" opacity="100"/>
<line xp1="43.07887" yp1="74.12725" xp2="43.07588" yp2="74.12725" sp="0.05" color="silver" opacity="100"/>
<line xp1="43.07588" yp1="74.12725" xp2="42.94222" yp2="74.12742" sp="0.05" color="silver" opacity="100"/>
<line xp1="42.94222" yp1="74.12742" xp2="42.57195" yp2="74.12802" sp="0.05" color="silver" opacity="100"/>
<line xp1="42.57195" yp1="74.12802" xp2="42.22931" yp2="74.12861" sp="0.05" color="silver" opacity="100"/>
<line xp1="42.22931" yp1="74.12861" xp2="41.99251" yp2="74.12878" sp="0.05" color="silver" opacity="100"/>
<line xp1="41.99251" yp1="74.12878" xp2="41.72269" yp2="74.12877" sp="0.05" color="silver" opacity="100"/>
<line xp1="41.72269" yp1="74.12877" xp2="41.62758" yp2="74.12884" sp="0.05" color="silver" opacity="100"/>
<line xp1="41.62758" yp1="74.12884" xp2="41.54577" yp2="74.12890" sp="0.05" color="silver" opacity="100"/>
<line xp1="41.54577" yp1="74.12890" xp2="41.20247" yp2="74.12917" sp="0.05" color="silver" opacity="100"/>
<line xp1="41.20247" yp1="74.12917" xp2="40.86946" yp2="74.12940" sp="0.05" color="silver" opacity="100"/>
<line xp1="40.86946" yp1="74.12940" xp2="40.52188" yp2="74.12926" sp="0.05" color="silver" opacity="100"/>
<line xp1="40.52188" yp1="74.12926" xp2="39.93009" yp2="74.12946" sp="0.05" color="silver" opacity="100"/>
<line xp1="39.93009" yp1="74.12946" xp2="39.93210" yp2="73.94850" sp="0.05" color="silver" opacity="100"/>
<line xp1="39.93210" yp1="73.94850" xp2="39.93265" yp2="73.89916" sp="0.05" color="silver" opacity="100"/>
<line xp1="39.93265" yp1="73.89916" xp2="39.93447" yp2="73.57142" sp="0.05" color="silver" opacity="100"/>
<line xp1="39.93447" yp1="73.57142" xp2="39.93548" yp2="73.02261" sp="0.05" color="silver" opacity="100"/>
<line xp1="39.93548" yp1="73.02261" xp2="39.93575" yp2="72.83083" sp="0.05" color="silver" opacity="100"/>
<line xp1="39.93575" yp1="72.83083" xp2="39.93791" yp2="72.38842" sp="0.05" color="silver" opacity="100"/>
<line xp1="39.93791" yp1="72.38842" xp2="39.93825" yp2="72.03683" sp="0.05" color="silver" opacity="100"/>
<line xp1="39.93825" yp1="72.03683" xp2="39.93850" yp2="71.78568" sp="0.05" color="silver" opacity="100"/>
<line xp1="39.93850" yp1="71.78568" xp2="39.93979" yp2="71.42434" sp="0.05" color="silver" opacity="100"/>
<line xp1="39.93979" yp1="71.42434" xp2="39.91123" yp2="71.42123" sp="0.05" color="silver" opacity="100"/>
<line xp1="39.91123" yp1="71.42123" xp2="39.91123" yp2="71.42123" sp="0.05" color="silver" opacity="100"/>
<line xp1="61.07585" yp1="42.93941" xp2="61.06262" yp2="42.84484" sp="0.05" color="silver" opacity="100"/>
<line xp1="61.06262" yp1="42.84484" xp2="61.85356" yp2="42.84084" sp="0.05" color="silver" opacity="100"/>
<line xp1="61.85356" yp1="42.84084" xp2="61.90829" yp2="42.84069" sp="0.05" color="silver" opacity="100"/>
<line xp1="61.90829" yp1="42.84069" xp2="61.96259" yp2="42.84053" sp="0.05" color="silver" opacity="100"/>
<line xp1="61.96259" yp1="42.84053" xp2="62.08607" yp2="42.84019" sp="0.05" color="silver" opacity="100"/>
<line xp1="62.08607" yp1="42.84019" xp2="62.40776" yp2="42.83930" sp="0.05" color="silver" opacity="100"/>
<line xp1="62.40776" yp1="42.83930" xp2="62.53434" yp2="42.83999" sp="0.05" color="silver" opacity="100"/>
<line xp1="62.53434" yp1="42.83999" xp2="62.77186" yp2="42.84129" sp="0.05" color="silver" opacity="100"/>
<line xp1="62.77186" yp1="42.84129" xp2="63.03609" yp2="42.84273" sp="0.05" color="silver" opacity="100"/>
<line xp1="63.03609" yp1="42.84273" xp2="63.05057" yp2="42.84276" sp="0.05" color="silver" opacity="100"/>
<line xp1="63.05057" yp1="42.84276" xp2="63.34915" yp2="42.84345" sp="0.05" color="silver" opacity="100"/>
<line xp1="63.34915" yp1="42.84345" xp2="63.40521" yp2="42.84358" sp="0.05" color="silver" opacity="100"/>
<line xp1="63.40521" yp1="42.84358" xp2="63.89250" yp2="42.84581" sp="0.05" color="silver" opacity="100"/>
<line xp1="63.89250" yp1="42.84581" xp2="64.03001" yp2="42.84512" sp="0.05" color="silver" opacity="100"/>
<line xp1="64.03001" yp1="42.84512" xp2="64.05611" yp2="42.84499" sp="0.05" color="silver" opacity="100"/>
<line xp1="64.05611" yp1="42.84499" xp2="64.21829" yp2="42.84418" sp="0.05" color="silver" opacity="100"/>
<line xp1="64.21829" yp1="42.84418" xp2="64.30759" yp2="42.84467" sp="0.05" color="silver" opacity="100"/>
<line xp1="64.30759" yp1="42.84467" xp2="64.30314" yp2="42.88008" sp="0.05" color="silver" opacity="100"/>
<line xp1="64.30314" yp1="42.88008" xp2="64.61534" yp2="42.87411" sp="0.05" color="silver" opacity="100"/>
<line xp1="64.61534" yp1="42.87411" xp2="64.63859" yp2="42.87403" sp="0.05" color="silver" opacity="100"/>
<line xp1="64.63859" yp1="42.87403" xp2="64.84325" yp2="42.87330" sp="0.05" color="silver" opacity="100"/>
<line xp1="64.84325" yp1="42.87330" xp2="65.19227" yp2="42.86781" sp="0.05" color="silver" opacity="100"/>
<line xp1="65.19227" yp1="42.86781" xp2="65.22139" yp2="42.86720" sp="0.05" color="silver" opacity="100"/>
<line xp1="65.22139" yp1="42.86720" xp2="65.80915" yp2="42.85494" sp="0.05" color="silver" opacity="100"/>
<line xp1="65.80915" yp1="42.85494" xp2="65.82049" yp2="42.85471" sp="0.05" color="silver" opacity="100"/>
<line xp1="65.82049" yp1="42.85471" xp2="65.82960" yp2="42.85443" sp="0.05" color="silver" opacity="100"/>
<line xp1="65.82960" yp1="42.85443" xp2="66.40571" yp2="42.83658" sp="0.05" color="silver" opacity="100"/>
<line xp1="66.40571" yp1="42.83658" xp2="66.48670" yp2="42.83407" sp="0.05" color="silver" opacity="100"/>
<line xp1="66.48670" yp1="42.83407" xp2="66.48673" yp2="42.83407" sp="0.05" color="silver" opacity="100"/>
<line xp1="66.48673" yp1="42.83407" xp2="66.97262" yp2="42.83055" sp="0.05" color="silver" opacity="100"/>
<line xp1="66.97262" yp1="42.83055" xp2="67.20191" yp2="42.83165" sp="0.05" color="silver" opacity="100"/>
<line xp1="67.20191" yp1="42.83165" xp2="67.21342" yp2="42.83171" sp="0.05" color="silver" opacity="100"/>
<line xp1="67.21342" yp1="42.83171" xp2="67.90162" yp2="42.82009" sp="0.05" color="silver" opacity="100"/>
<line xp1="67.90162" yp1="42.82009" xp2="68.29975" yp2="42.81337" sp="0.05" color="silver" opacity="100"/>
<line xp1="68.29975" yp1="42.81337" xp2="68.50102" yp2="42.81050" sp="0.05" color="silver" opacity="100"/>
<line xp1="68.50102" yp1="42.81050" xp2="68.63851" yp2="42.80853" sp="0.05" color="silver" opacity="100"/>
<line xp1="68.63851" yp1="42.80853" xp2="68.67089" yp2="42.80965" sp="0.05" color="silver" opacity="100"/>
<line xp1="68.67089" yp1="42.80965" xp2="68.80376" yp2="42.81421" sp="0.05" color="silver" opacity="100"/>
<line xp1="68.80376" yp1="42.81421" xp2="68.82299" yp2="42.81451" sp="0.05" color="silver" opacity="100"/>
<line xp1="68.82299" yp1="42.81451" xp2="69.16126" yp2="42.81967" sp="0.05" color="silver" opacity="100"/>
<line xp1="69.16126" yp1="42.81967" xp2="69.26176" yp2="42.82059" sp="0.05" color="silver" opacity="100"/>
<line xp1="69.26176" yp1="42.82059" xp2="69.26619" yp2="42.82063" sp="0.05" color="silver" opacity="100"/>
<line xp1="69.26619" yp1="42.82063" xp2="69.44413" yp2="42.82226" sp="0.05" color="silver" opacity="100"/>
<line xp1="69.44413" yp1="42.82226" xp2="69.52234" yp2="42.82251" sp="0.05" color="silver" opacity="100"/>
<line xp1="69.52234" yp1="42.82251" xp2="69.57563" yp2="42.82268" sp="0.05" color="silver" opacity="100"/>
<line xp1="69.57563" yp1="42.82268" xp2="69.65010" yp2="42.82291" sp="0.05" color="silver" opacity="100"/>
<line xp1="69.65010" yp1="42.82291" xp2="69.81310" yp2="42.82380" sp="0.05" color="silver" opacity="100"/>
<line xp1="69.81310" yp1="42.82380" xp2="69.98607" yp2="42.82295" sp="0.05" color="silver" opacity="100"/>
<line xp1="69.98607" yp1="42.82295" xp2="70.27405" yp2="42.82402" sp="0.05" color="silver" opacity="100"/>
<line xp1="70.27405" yp1="42.82402" xp2="70.32831" yp2="43.44502" sp="0.05" color="silver" opacity="100"/>
<line xp1="70.32831" yp1="43.44502" xp2="70.33351" yp2="43.50451" sp="0.05" color="silver" opacity="100"/>
<line xp1="70.33351" yp1="43.50451" xp2="70.42505" yp2="43.62594" sp="0.05" color="silver" opacity="100"/>
<line xp1="70.42505" yp1="43.62594" xp2="70.49459" yp2="43.54480" sp="0.05" color="silver" opacity="100"/>
<line xp1="70.49459" yp1="43.54480" xp2="70.61922" yp2="43.56395" sp="0.05" color="silver" opacity="100"/>
<line xp1="70.61922" yp1="43.56395" xp2="70.72445" yp2="43.69178" sp="0.05" color="silver" opacity="100"/>
<line xp1="70.72445" yp1="43.69178" xp2="70.73306" yp2="43.70224" sp="0.05" color="silver" opacity="100"/>
<line xp1="70.73306" yp1="43.70224" xp2="70.71064" yp2="43.85247" sp="0.05" color="silver" opacity="100"/>
<line xp1="70.71064" yp1="43.85247" xp2="70.75756" yp2="43.91903" sp="0.05" color="silver" opacity="100"/>
<line xp1="70.75756" yp1="43.91903" xp2="70.73572" yp2="44.02119" sp="0.05" color="silver" opacity="100"/>
<line xp1="70.73572" yp1="44.02119" xp2="70.81051" yp2="44.15023" sp="0.05" color="silver" opacity="100"/>
<line xp1="70.81051" yp1="44.15023" xp2="70.83243" yp2="44.16543" sp="0.05" color="silver" opacity="100"/>
<line xp1="70.83243" yp1="44.16543" xp2="70.84118" yp2="44.17149" sp="0.05" color="silver" opacity="100"/>
<line xp1="70.84118" yp1="44.17149" xp2="70.89723" yp2="44.21032" sp="0.05" color="silver" opacity="100"/>
<line xp1="70.89723" yp1="44.21032" xp2="71.00230" yp2="44.34074" sp="0.05" color="silver" opacity="100"/>
<line xp1="71.00230" yp1="44.34074" xp2="71.12041" yp2="44.46319" sp="0.05" color="silver" opacity="100"/>
<line xp1="71.12041" yp1="44.46319" xp2="71.28783" yp2="44.47943" sp="0.05" color="silver" opacity="100"/>
<line xp1="71.28783" yp1="44.47943" xp2="71.30283" yp2="44.48088" sp="0.05" color="silver" opacity="100"/>
<line xp1="71.30283" yp1="44.48088" xp2="71.40334" yp2="44.47704" sp="0.05" color="silver" opacity="100"/>
<line xp1="71.40334" yp1="44.47704" xp2="71.54102" yp2="44.46566" sp="0.05" color="silver" opacity="100"/>
<line xp1="71.54102" yp1="44.46566" xp2="71.61164" yp2="44.57977" sp="0.05" color="silver" opacity="100"/>
<line xp1="71.61164" yp1="44.57977" xp2="71.65911" yp2="44.60339" sp="0.05" color="silver" opacity="100"/>
<line xp1="71.65911" yp1="44.60339" xp2="71.77344" yp2="44.74421" sp="0.05" color="silver" opacity="100"/>
<line xp1="71.77344" yp1="44.74421" xp2="71.85053" yp2="44.73643" sp="0.05" color="silver" opacity="100"/>
<line xp1="71.85053" yp1="44.73643" xp2="71.90039" yp2="44.86597" sp="0.05" color="silver" opacity="100"/>
<line xp1="71.90039" yp1="44.86597" xp2="71.91363" yp2="44.90035" sp="0.05" color="silver" opacity="100"/>
<line xp1="71.91363" yp1="44.90035" xp2="71.91484" yp2="44.90351" sp="0.05" color="silver" opacity="100"/>
<line xp1="71.91484" yp1="44.90351" xp2="72.00267" yp2="44.92998" sp="0.05" color="silver" opacity="100"/>
<line xp1="72.00267" yp1="44.92998" xp2="72.05917" yp2="45.03818" sp="0.05" color="silver" opacity="100"/>
<line xp1="72.05917" yp1="45.03818" xp2="72.15816" yp2="45.07448" sp="0.05" color="silver" opacity="100"/>
<line xp1="72.15816" yp1="45.07448" xp2="72.23303" yp2="45.10773" sp="0.05" color="silver" opacity="100"/>
<line xp1="72.23303" yp1="45.10773" xp2="72.34090" yp2="45.09317" sp="0.05" color="silver" opacity="100"/>
<line xp1="72.34090" yp1="45.09317" xp2="72.35900" yp2="45.12985" sp="0.05" color="silver" opacity="100"/>
<line xp1="72.35900" yp1="45.12985" xp2="72.40394" yp2="45.22091" sp="0.05" color="silver" opacity="100"/>
<line xp1="72.40394" yp1="45.22091" xp2="72.46197" yp2="45.35601" sp="0.05" color="silver" opacity="100"/>
<line xp1="72.46197" yp1="45.35601" xp2="72.44522" yp2="45.50551" sp="0.05" color="silver" opacity="100"/>
<line xp1="72.44522" yp1="45.50551" xp2="72.47115" yp2="45.52531" sp="0.05" color="silver" opacity="100"/>
<line xp1="72.47115" yp1="45.52531" xp2="72.52196" yp2="45.56409" sp="0.05" color="silver" opacity="100"/>
<line xp1="72.52196" yp1="45.56409" xp2="72.59057" yp2="45.49710" sp="0.05" color="silver" opacity="100"/>
<line xp1="72.59057" yp1="45.49710" xp2="72.63467" yp2="45.57761" sp="0.05" color="silver" opacity="100"/>
<line xp1="72.63467" yp1="45.57761" xp2="72.64708" yp2="45.69289" sp="0.05" color="silver" opacity="100"/>
<line xp1="72.64708" yp1="45.69289" xp2="72.73067" yp2="45.76630" sp="0.05" color="silver" opacity="100"/>
<line xp1="72.73067" yp1="45.76630" xp2="72.87944" yp2="45.89173" sp="0.05" color="silver" opacity="100"/>
<line xp1="72.87944" yp1="45.89173" xp2="72.91430" yp2="45.82057" sp="0.05" color="silver" opacity="100"/>
<line xp1="72.91430" yp1="45.82057" xp2="72.92996" yp2="45.78861" sp="0.05" color="silver" opacity="100"/>
<line xp1="72.92996" yp1="45.78861" xp2="72.90633" yp2="45.64126" sp="0.05" color="silver" opacity="100"/>
<line xp1="72.90633" yp1="45.64126" xp2="72.98789" yp2="45.58257" sp="0.05" color="silver" opacity="100"/>
<line xp1="72.98789" yp1="45.58257" xp2="73.06460" yp2="45.66289" sp="0.05" color="silver" opacity="100"/>
<line xp1="73.06460" yp1="45.66289" xp2="73.13145" yp2="45.73288" sp="0.05" color="silver" opacity="100"/>
<line xp1="73.13145" yp1="45.73288" xp2="73.20471" yp2="45.92277" sp="0.05" color="silver" opacity="100"/>
<line xp1="73.20471" yp1="45.92277" xp2="73.21622" yp2="45.95260" sp="0.05" color="silver" opacity="100"/>
<line xp1="73.21622" yp1="45.95260" xp2="73.31253" yp2="46.04345" sp="0.05" color="silver" opacity="100"/>
<line xp1="73.31253" yp1="46.04345" xp2="73.38822" yp2="46.09574" sp="0.05" color="silver" opacity="100"/>
<line xp1="73.38822" yp1="46.09574" xp2="73.43740" yp2="46.07890" sp="0.05" color="silver" opacity="100"/>
<line xp1="73.43740" yp1="46.07890" xp2="73.50730" yp2="46.15377" sp="0.05" color="silver" opacity="100"/>
<line xp1="73.50730" yp1="46.15377" xp2="73.52115" yp2="46.16861" sp="0.05" color="silver" opacity="100"/>
<line xp1="73.52115" yp1="46.16861" xp2="73.62947" yp2="46.10347" sp="0.05" color="silver" opacity="100"/>
<line xp1="73.62947" yp1="46.10347" xp2="73.65054" yp2="46.01262" sp="0.05" color="silver" opacity="100"/>
<line xp1="73.65054" yp1="46.01262" xp2="73.72131" yp2="46.01626" sp="0.05" color="silver" opacity="100"/>
<line xp1="73.72131" yp1="46.01626" xp2="73.72286" yp2="46.01634" sp="0.05" color="silver" opacity="100"/>
<line xp1="73.72286" yp1="46.01634" xp2="73.80194" yp2="46.06949" sp="0.05" color="silver" opacity="100"/>
<line xp1="73.80194" yp1="46.06949" xp2="73.90754" yp2="46.36609" sp="0.05" color="silver" opacity="100"/>
<line xp1="73.90754" yp1="46.36609" xp2="73.94712" yp2="46.47062" sp="0.05" color="silver" opacity="100"/>
<line xp1="73.94712" yp1="46.47062" xp2="73.97162" yp2="46.53531" sp="0.05" color="silver" opacity="100"/>
<line xp1="73.97162" yp1="46.53531" xp2="73.98748" yp2="46.57718" sp="0.05" color="silver" opacity="100"/>
<line xp1="73.98748" yp1="46.57718" xp2="74.10277" yp2="46.70668" sp="0.05" color="silver" opacity="100"/>
<line xp1="74.10277" yp1="46.70668" xp2="74.20157" yp2="46.68869" sp="0.05" color="silver" opacity="100"/>
<line xp1="74.20157" yp1="46.68869" xp2="74.29851" yp2="46.68142" sp="0.05" color="silver" opacity="100"/>
<line xp1="74.29851" yp1="46.68142" xp2="74.26866" yp2="46.82782" sp="0.05" color="silver" opacity="100"/>
<line xp1="74.26866" yp1="46.82782" xp2="74.25490" yp2="46.89526" sp="0.05" color="silver" opacity="100"/>
<line xp1="74.25490" yp1="46.89526" xp2="74.31491" yp2="47.05118" sp="0.05" color="silver" opacity="100"/>
<line xp1="74.31491" yp1="47.05118" xp2="74.30775" yp2="47.24808" sp="0.05" color="silver" opacity="100"/>
<line xp1="74.30775" yp1="47.24808" xp2="74.34225" yp2="47.39462" sp="0.05" color="silver" opacity="100"/>
<line xp1="74.34225" yp1="47.39462" xp2="74.38938" yp2="47.46262" sp="0.05" color="silver" opacity="100"/>
<line xp1="74.38938" yp1="47.46262" xp2="74.11272" yp2="47.47063" sp="0.05" color="silver" opacity="100"/>
<line xp1="74.11272" yp1="47.47063" xp2="73.96516" yp2="47.47489" sp="0.05" color="silver" opacity="100"/>
<line xp1="73.96516" yp1="47.47489" xp2="73.94747" yp2="47.41204" sp="0.05" color="silver" opacity="100"/>
<line xp1="73.94747" yp1="47.41204" xp2="73.62219" yp2="47.41303" sp="0.05" color="silver" opacity="100"/>
<line xp1="73.62219" yp1="47.41303" xp2="73.57849" yp2="47.41316" sp="0.05" color="silver" opacity="100"/>
<line xp1="73.57849" yp1="47.41316" xp2="73.47172" yp2="47.41393" sp="0.05" color="silver" opacity="100"/>
<line xp1="73.47172" yp1="47.41393" xp2="73.39364" yp2="47.41449" sp="0.05" color="silver" opacity="100"/>
<line xp1="73.39364" yp1="47.41449" xp2="73.09656" yp2="47.41663" sp="0.05" color="silver" opacity="100"/>
<line xp1="73.09656" yp1="47.41663" xp2="72.90895" yp2="47.41454" sp="0.05" color="silver" opacity="100"/>
<line xp1="72.90895" yp1="47.41454" xp2="72.56856" yp2="47.41075" sp="0.05" color="silver" opacity="100"/>
<line xp1="72.56856" yp1="47.41075" xp2="72.33160" yp2="47.41511" sp="0.05" color="silver" opacity="100"/>
<line xp1="72.33160" yp1="47.41511" xp2="71.88262" yp2="47.42339" sp="0.05" color="silver" opacity="100"/>
<line xp1="71.88262" yp1="47.42339" xp2="71.58139" yp2="47.42707" sp="0.05" color="silver" opacity="100"/>
<line xp1="71.58139" yp1="47.42707" xp2="71.26860" yp2="47.43090" sp="0.05" color="silver" opacity="100"/>
<line xp1="71.26860" yp1="47.43090" xp2="71.24506" yp2="47.37880" sp="0.05" color="silver" opacity="100"/>
<line xp1="71.24506" yp1="47.37880" xp2="70.93166" yp2="47.38995" sp="0.05" color="silver" opacity="100"/>
<line xp1="70.93166" yp1="47.38995" xp2="70.87575" yp2="47.39341" sp="0.05" color="silver" opacity="100"/>
<line xp1="70.87575" yp1="47.39341" xp2="70.78829" yp2="47.39884" sp="0.05" color="silver" opacity="100"/>
<line xp1="70.78829" yp1="47.39884" xp2="70.78794" yp2="47.39886" sp="0.05" color="silver" opacity="100"/>
<line xp1="70.78794" yp1="47.39886" xp2="70.41970" yp2="47.40623" sp="0.05" color="silver" opacity="100"/>
<line xp1="70.41970" yp1="47.40623" xp2="70.41949" yp2="47.40623" sp="0.05" color="silver" opacity="100"/>
<line xp1="70.41949" yp1="47.40623" xp2="70.36720" yp2="47.40783" sp="0.05" color="silver" opacity="100"/>
<line xp1="70.36720" yp1="47.40783" xp2="70.00010" yp2="47.41908" sp="0.05" color="silver" opacity="100"/>
<line xp1="70.00010" yp1="47.41908" xp2="69.57161" yp2="47.43774" sp="0.05" color="silver" opacity="100"/>
<line xp1="69.57161" yp1="47.43774" xp2="69.56101" yp2="47.43821" sp="0.05" color="silver" opacity="100"/>
<line xp1="69.56101" yp1="47.43821" xp2="69.56092" yp2="47.43822" sp="0.05" color="silver" opacity="100"/>
<line xp1="69.56092" yp1="47.43822" xp2="69.31700" yp2="47.46448" sp="0.05" color="silver" opacity="100"/>
<line xp1="69.31700" yp1="47.46448" xp2="69.26943" yp2="47.47024" sp="0.05" color="silver" opacity="100"/>
<line xp1="69.26943" yp1="47.47024" xp2="69.08288" yp2="47.49281" sp="0.05" color="silver" opacity="100"/>
<line xp1="69.08288" yp1="47.49281" xp2="68.80571" yp2="47.50331" sp="0.05" color="silver" opacity="100"/>
<line xp1="68.80571" yp1="47.50331" xp2="68.78365" yp2="47.50414" sp="0.05" color="silver" opacity="100"/>
<line xp1="68.78365" yp1="47.50414" xp2="68.77567" yp2="47.50328" sp="0.05" color="silver" opacity="100"/>
<line xp1="68.77567" yp1="47.50328" xp2="68.55938" yp2="47.48001" sp="0.05" color="silver" opacity="100"/>
<line xp1="68.55938" yp1="47.48001" xp2="68.47946" yp2="47.47141" sp="0.05" color="silver" opacity="100"/>
<line xp1="68.47946" yp1="47.47141" xp2="68.10483" yp2="47.48694" sp="0.05" color="silver" opacity="100"/>
<line xp1="68.10483" yp1="47.48694" xp2="68.01761" yp2="47.49061" sp="0.05" color="silver" opacity="100"/>
<line xp1="68.01761" yp1="47.49061" xp2="67.88637" yp2="47.49612" sp="0.05" color="silver" opacity="100"/>
<line xp1="67.88637" yp1="47.49612" xp2="67.72967" yp2="47.51039" sp="0.05" color="silver" opacity="100"/>
<line xp1="67.72967" yp1="47.51039" xp2="67.56624" yp2="47.52528" sp="0.05" color="silver" opacity="100"/>
<line xp1="67.56624" yp1="47.52528" xp2="67.37605" yp2="47.54071" sp="0.05" color="silver" opacity="100"/>
<line xp1="67.37605" yp1="47.54071" xp2="67.05924" yp2="47.56640" sp="0.05" color="silver" opacity="100"/>
<line xp1="67.05924" yp1="47.56640" xp2="66.91112" yp2="47.57841" sp="0.05" color="silver" opacity="100"/>
<line xp1="66.91112" yp1="47.57841" xp2="66.84417" yp2="47.53710" sp="0.05" color="silver" opacity="100"/>
<line xp1="66.84417" yp1="47.53710" xp2="66.82759" yp2="47.54499" sp="0.05" color="silver" opacity="100"/>
<line xp1="66.82759" yp1="47.54499" xp2="66.75939" yp2="47.57745" sp="0.05" color="silver" opacity="100"/>
<line xp1="66.75939" yp1="47.57745" xp2="66.51801" yp2="47.56777" sp="0.05" color="silver" opacity="100"/>
<line xp1="66.51801" yp1="47.56777" xp2="66.44148" yp2="47.56471" sp="0.05" color="silver" opacity="100"/>
<line xp1="66.44148" yp1="47.56471" xp2="66.06027" yp2="47.55649" sp="0.05" color="silver" opacity="100"/>
<line xp1="66.06027" yp1="47.55649" xp2="65.97692" yp2="47.55469" sp="0.05" color="silver" opacity="100"/>
<line xp1="65.97692" yp1="47.55469" xp2="65.63696" yp2="47.54736" sp="0.05" color="silver" opacity="100"/>
<line xp1="65.63696" yp1="47.54736" xp2="65.61878" yp2="47.54697" sp="0.05" color="silver" opacity="100"/>
<line xp1="65.61878" yp1="47.54697" xp2="65.16746" yp2="47.53725" sp="0.05" color="silver" opacity="100"/>
<line xp1="65.16746" yp1="47.53725" xp2="65.08587" yp2="47.53382" sp="0.05" color="silver" opacity="100"/>
<line xp1="65.08587" yp1="47.53382" xp2="64.84122" yp2="47.52356" sp="0.05" color="silver" opacity="100"/>
<line xp1="64.84122" yp1="47.52356" xp2="64.84682" yp2="47.61057" sp="0.05" color="silver" opacity="100"/>
<line xp1="64.84682" yp1="47.61057" xp2="64.59724" yp2="47.64864" sp="0.05" color="silver" opacity="100"/>
<line xp1="64.59724" yp1="47.64864" xp2="64.50687" yp2="47.65177" sp="0.05" color="silver" opacity="100"/>
<line xp1="64.50687" yp1="47.65177" xp2="64.52963" yp2="47.51564" sp="0.05" color="silver" opacity="100"/>
<line xp1="64.52963" yp1="47.51564" xp2="64.56338" yp2="47.29067" sp="0.05" color="silver" opacity="100"/>
<line xp1="64.56338" yp1="47.29067" xp2="64.53774" yp2="47.14301" sp="0.05" color="silver" opacity="100"/>
<line xp1="64.53774" yp1="47.14301" xp2="64.53331" yp2="47.14285" sp="0.05" color="silver" opacity="100"/>
<line xp1="64.53331" yp1="47.14285" xp2="64.41942" yp2="47.13869" sp="0.05" color="silver" opacity="100"/>
<line xp1="64.41942" yp1="47.13869" xp2="63.86296" yp2="47.14652" sp="0.05" color="silver" opacity="100"/>
<line xp1="63.86296" yp1="47.14652" xp2="63.82782" yp2="47.14702" sp="0.05" color="silver" opacity="100"/>
<line xp1="63.82782" yp1="47.14702" xp2="63.82099" yp2="47.14704" sp="0.05" color="silver" opacity="100"/>
<line xp1="63.82099" yp1="47.14704" xp2="63.35882" yp2="47.14843" sp="0.05" color="silver" opacity="100"/>
<line xp1="63.35882" yp1="47.14843" xp2="63.34280" yp2="47.14848" sp="0.05" color="silver" opacity="100"/>
<line xp1="63.34280" yp1="47.14848" xp2="63.33140" yp2="47.14852" sp="0.05" color="silver" opacity="100"/>
<line xp1="63.33140" yp1="47.14852" xp2="63.13158" yp2="47.14912" sp="0.05" color="silver" opacity="100"/>
<line xp1="63.13158" yp1="47.14912" xp2="62.75168" yp2="47.15894" sp="0.05" color="silver" opacity="100"/>
<line xp1="62.75168" yp1="47.15894" xp2="62.54585" yp2="47.14669" sp="0.05" color="silver" opacity="100"/>
<line xp1="62.54585" yp1="47.14669" xp2="62.43493" yp2="47.14009" sp="0.05" color="silver" opacity="100"/>
<line xp1="62.43493" yp1="47.14009" xp2="62.24734" yp2="47.13695" sp="0.05" color="silver" opacity="100"/>
<line xp1="62.24734" yp1="47.13695" xp2="62.27535" yp2="47.03410" sp="0.05" color="silver" opacity="100"/>
<line xp1="62.27535" yp1="47.03410" xp2="62.24256" yp2="46.91458" sp="0.05" color="silver" opacity="100"/>
<line xp1="62.24256" yp1="46.91458" xp2="62.29172" yp2="46.79530" sp="0.05" color="silver" opacity="100"/>
<line xp1="62.29172" yp1="46.79530" xp2="62.27278" yp2="46.69940" sp="0.05" color="silver" opacity="100"/>
<line xp1="62.27278" yp1="46.69940" xp2="62.23841" yp2="46.69792" sp="0.05" color="silver" opacity="100"/>
<line xp1="62.23841" yp1="46.69792" xp2="62.15301" yp2="46.69424" sp="0.05" color="silver" opacity="100"/>
<line xp1="62.15301" yp1="46.69424" xp2="62.13566" yp2="46.59739" sp="0.05" color="silver" opacity="100"/>
<line xp1="62.13566" yp1="46.59739" xp2="62.22417" yp2="46.50786" sp="0.05" color="silver" opacity="100"/>
<line xp1="62.22417" yp1="46.50786" xp2="62.15019" yp2="46.39459" sp="0.05" color="silver" opacity="100"/>
<line xp1="62.15019" yp1="46.39459" xp2="62.03378" yp2="46.42367" sp="0.05" color="silver" opacity="100"/>
<line xp1="62.03378" yp1="46.42367" xp2="62.01134" yp2="46.35703" sp="0.05" color="silver" opacity="100"/>
<line xp1="62.01134" yp1="46.35703" xp2="62.11132" yp2="46.24417" sp="0.05" color="silver" opacity="100"/>
<line xp1="62.11132" yp1="46.24417" xp2="62.11722" yp2="46.23751" sp="0.05" color="silver" opacity="100"/>
<line xp1="62.11722" yp1="46.23751" xp2="62.16600" yp2="46.10182" sp="0.05" color="silver" opacity="100"/>
<line xp1="62.16600" yp1="46.10182" xp2="62.08766" yp2="46.01034" sp="0.05" color="silver" opacity="100"/>
<line xp1="62.08766" yp1="46.01034" xp2="62.03072" yp2="45.94998" sp="0.05" color="silver" opacity="100"/>
<line xp1="62.03072" yp1="45.94998" xp2="62.01164" yp2="45.77288" sp="0.05" color="silver" opacity="100"/>
<line xp1="62.01164" yp1="45.77288" xp2="61.94908" yp2="45.71602" sp="0.05" color="silver" opacity="100"/>
<line xp1="61.94908" yp1="45.71602" xp2="62.02012" yp2="45.56490" sp="0.05" color="silver" opacity="100"/>
<line xp1="62.02012" yp1="45.56490" xp2="62.07342" yp2="45.48989" sp="0.05" color="silver" opacity="100"/>
<line xp1="62.07342" yp1="45.48989" xp2="62.07828" yp2="45.44204" sp="0.05" color="silver" opacity="100"/>
<line xp1="62.07828" yp1="45.44204" xp2="62.08112" yp2="45.41406" sp="0.05" color="silver" opacity="100"/>
<line xp1="62.08112" yp1="45.41406" xp2="61.96518" yp2="45.35348" sp="0.05" color="silver" opacity="100"/>
<line xp1="61.96518" yp1="45.35348" xp2="61.95459" yp2="45.27895" sp="0.05" color="silver" opacity="100"/>
<line xp1="61.95459" yp1="45.27895" xp2="61.96396" yp2="45.16966" sp="0.05" color="silver" opacity="100"/>
<line xp1="61.96396" yp1="45.16966" xp2="61.85069" yp2="45.09328" sp="0.05" color="silver" opacity="100"/>
<line xp1="61.85069" yp1="45.09328" xp2="61.74789" yp2="44.99312" sp="0.05" color="silver" opacity="100"/>
<line xp1="61.74789" yp1="44.99312" xp2="61.66848" yp2="45.01405" sp="0.05" color="silver" opacity="100"/>
<line xp1="61.66848" yp1="45.01405" xp2="61.60525" yp2="44.84425" sp="0.05" color="silver" opacity="100"/>
<line xp1="61.60525" yp1="44.84425" xp2="61.69398" yp2="44.71687" sp="0.05" color="silver" opacity="100"/>
<line xp1="61.69398" yp1="44.71687" xp2="61.72839" yp2="44.64758" sp="0.05" color="silver" opacity="100"/>
<line xp1="61.72839" yp1="44.64758" xp2="61.64231" yp2="44.59390" sp="0.05" color="silver" opacity="100"/>
<line xp1="61.64231" yp1="44.59390" xp2="61.62346" yp2="44.45802" sp="0.05" color="silver" opacity="100"/>
<line xp1="61.62346" yp1="44.45802" xp2="61.60231" yp2="44.40487" sp="0.05" color="silver" opacity="100"/>
<line xp1="61.60231" yp1="44.40487" xp2="61.48059" yp2="44.42951" sp="0.05" color="silver" opacity="100"/>
<line xp1="61.48059" yp1="44.42951" xp2="61.46799" yp2="44.27581" sp="0.05" color="silver" opacity="100"/>
<line xp1="61.46799" yp1="44.27581" xp2="61.50452" yp2="44.16393" sp="0.05" color="silver" opacity="100"/>
<line xp1="61.50452" yp1="44.16393" xp2="61.46876" yp2="44.04410" sp="0.05" color="silver" opacity="100"/>
<line xp1="61.46876" yp1="44.04410" xp2="61.42992" yp2="44.06655" sp="0.05" color="silver" opacity="100"/>
<line xp1="61.42992" yp1="44.06655" xp2="61.36538" yp2="44.02901" sp="0.05" color="silver" opacity="100"/>
<line xp1="61.36538" yp1="44.02901" xp2="61.40323" yp2="43.89506" sp="0.05" color="silver" opacity="100"/>
<line xp1="61.40323" yp1="43.89506" xp2="61.35098" yp2="43.72724" sp="0.05" color="silver" opacity="100"/>
<line xp1="61.35098" yp1="43.72724" xp2="61.28216" yp2="43.64168" sp="0.05" color="silver" opacity="100"/>
<line xp1="61.28216" yp1="43.64168" xp2="61.38777" yp2="43.57138" sp="0.05" color="silver" opacity="100"/>
<line xp1="61.38777" yp1="43.57138" xp2="61.39495" yp2="43.43795" sp="0.05" color="silver" opacity="100"/>
<line xp1="61.39495" yp1="43.43795" xp2="61.38496" yp2="43.32707" sp="0.05" color="silver" opacity="100"/>
<line xp1="61.38496" yp1="43.32707" xp2="61.39906" yp2="43.19511" sp="0.05" color="silver" opacity="100"/>
<line xp1="61.39906" yp1="43.19511" xp2="61.29222" yp2="43.22523" sp="0.05" color="silver" opacity="100"/>
<line xp1="61.29222" yp1="43.22523" xp2="61.25940" yp2="43.11829" sp="0.05" color="silver" opacity="100"/>
<line xp1="61.25940" yp1="43.11829" xp2="61.23516" yp2="43.00209" sp="0.05" color="silver" opacity="100"/>
<line xp1="61.23516" yp1="43.00209" xp2="61.13031" yp2="42.97227" sp="0.05" color="silver" opacity="100"/>
<line xp1="61.13031" yp1="42.97227" xp2="61.07585" yp2="42.93941" sp="0.05" color="silver" opacity="100"/>
<line xp1="61.07585" yp1="42.93941" xp2="61.07585" yp2="42.93941" sp="0.05" color="silver" opacity="100"/>
<line xp1="35.96393" yp1="34.04010" xp2="35.94480" yp2="33.91861" sp="0.05" color="silver" opacity="100"/>
<line xp1="35.94480" yp1="33.91861" xp2="36.02870" yp2="33.75402" sp="0.05" color="silver" opacity="100"/>
<line xp1="36.02870" yp1="33.75402" xp2="36.11040" yp2="33.66614" sp="0.05" color="silver" opacity="100"/>
<line xp1="36.11040" yp1="33.66614" xp2="36.17747" yp2="33.56517" sp="0.05" color="silver" opacity="100"/>
<line xp1="36.17747" yp1="33.56517" xp2="36.20363" yp2="33.59888" sp="0.05" color="silver" opacity="100"/>
<line xp1="36.20363" yp1="33.59888" xp2="36.28009" yp2="33.57717" sp="0.05" color="silver" opacity="100"/>
<line xp1="36.28009" yp1="33.57717" xp2="36.35363" yp2="33.45917" sp="0.05" color="silver" opacity="100"/>
<line xp1="36.35363" yp1="33.45917" xp2="36.38060" yp2="33.39128" sp="0.05" color="silver" opacity="100"/>
<line xp1="36.38060" yp1="33.39128" xp2="36.45610" yp2="33.20118" sp="0.05" color="silver" opacity="100"/>
<line xp1="36.45610" yp1="33.20118" xp2="36.49106" yp2="33.03446" sp="0.05" color="silver" opacity="100"/>
<line xp1="36.49106" yp1="33.03446" xp2="36.55876" yp2="32.89536" sp="0.05" color="silver" opacity="100"/>
<line xp1="36.55876" yp1="32.89536" xp2="36.65281" yp2="32.73223" sp="0.05" color="silver" opacity="100"/>
<line xp1="36.65281" yp1="32.73223" xp2="36.79960" yp2="32.56772" sp="0.05" color="silver" opacity="100"/>
<line xp1="36.79960" yp1="32.56772" xp2="36.91550" yp2="32.54988" sp="0.05" color="silver" opacity="100"/>
<line xp1="36.91550" yp1="32.54988" xp2="36.92857" yp2="32.53669" sp="0.05" color="silver" opacity="100"/>
<line xp1="36.92857" yp1="32.53669" xp2="36.99393" yp2="32.47071" sp="0.05" color="silver" opacity="100"/>
<line xp1="36.99393" yp1="32.47071" xp2="37.01777" yp2="32.33924" sp="0.05" color="silver" opacity="100"/>
<line xp1="37.01777" yp1="32.33924" xp2="37.12407" yp2="32.25324" sp="0.05" color="silver" opacity="100"/>
<line xp1="37.12407" yp1="32.25324" xp2="37.23941" yp2="32.00640" sp="0.05" color="silver" opacity="100"/>
<line xp1="37.23941" yp1="32.00640" xp2="37.27191" yp2="31.90542" sp="0.05" color="silver" opacity="100"/>
<line xp1="37.27191" yp1="31.90542" xp2="37.37001" yp2="31.81821" sp="0.05" color="silver" opacity="100"/>
<line xp1="37.37001" yp1="31.81821" xp2="37.49639" yp2="31.71013" sp="0.05" color="silver" opacity="100"/>
<line xp1="37.49639" yp1="31.71013" xp2="37.56994" yp2="31.52970" sp="0.05" color="silver" opacity="100"/>
<line xp1="37.56994" yp1="31.52970" xp2="37.60395" yp2="31.40065" sp="0.05" color="silver" opacity="100"/>
<line xp1="37.60395" yp1="31.40065" xp2="37.71073" yp2="31.26651" sp="0.05" color="silver" opacity="100"/>
<line xp1="37.71073" yp1="31.26651" xp2="37.84676" yp2="31.11126" sp="0.05" color="silver" opacity="100"/>
<line xp1="37.84676" yp1="31.11126" xp2="37.85501" yp2="31.00851" sp="0.05" color="silver" opacity="100"/>
<line xp1="37.85501" yp1="31.00851" xp2="37.97713" yp2="30.90560" sp="0.05" color="silver" opacity="100"/>
<line xp1="37.97713" yp1="30.90560" xp2="38.12514" yp2="30.86162" sp="0.05" color="silver" opacity="100"/>
<line xp1="38.12514" yp1="30.86162" xp2="38.21515" yp2="30.73445" sp="0.05" color="silver" opacity="100"/>
<line xp1="38.21515" yp1="30.73445" xp2="38.31034" yp2="30.62547" sp="0.05" color="silver" opacity="100"/>
<line xp1="38.31034" yp1="30.62547" xp2="38.36564" yp2="30.53229" sp="0.05" color="silver" opacity="100"/>
<line xp1="38.36564" yp1="30.53229" xp2="38.45963" yp2="30.49309" sp="0.05" color="silver" opacity="100"/>
<line xp1="38.45963" yp1="30.49309" xp2="38.49115" yp2="30.36803" sp="0.05" color="silver" opacity="100"/>
<line xp1="38.49115" yp1="30.36803" xp2="38.50451" yp2="30.31503" sp="0.05" color="silver" opacity="100"/>
<line xp1="38.50451" yp1="30.31503" xp2="38.57724" yp2="30.29952" sp="0.05" color="silver" opacity="100"/>
<line xp1="38.57724" yp1="30.29952" xp2="38.63173" yp2="30.10041" sp="0.05" color="silver" opacity="100"/>
<line xp1="38.63173" yp1="30.10041" xp2="38.66174" yp2="29.88184" sp="0.05" color="silver" opacity="100"/>
<line xp1="38.66174" yp1="29.88184" xp2="38.67766" yp2="29.68689" sp="0.05" color="silver" opacity="100"/>
<line xp1="38.67766" yp1="29.68689" xp2="38.73182" yp2="29.62990" sp="0.05" color="silver" opacity="100"/>
<line xp1="38.73182" yp1="29.62990" xp2="38.82826" yp2="29.43185" sp="0.05" color="silver" opacity="100"/>
<line xp1="38.82826" yp1="29.43185" xp2="38.86085" yp2="29.31273" sp="0.05" color="silver" opacity="100"/>
<line xp1="38.86085" yp1="29.31273" xp2="38.91879" yp2="29.17639" sp="0.05" color="silver" opacity="100"/>
<line xp1="38.91879" yp1="29.17639" xp2="38.93524" yp2="28.87801" sp="0.05" color="silver" opacity="100"/>
<line xp1="38.93524" yp1="28.87801" xp2="38.91693" yp2="28.64060" sp="0.05" color="silver" opacity="100"/>
<line xp1="38.91693" yp1="28.64060" xp2="38.94542" yp2="28.54269" sp="0.05" color="silver" opacity="100"/>
<line xp1="38.94542" yp1="28.54269" xp2="38.96565" yp2="28.31746" sp="0.05" color="silver" opacity="100"/>
<line xp1="38.96565" yp1="28.31746" xp2="39.04763" yp2="28.12699" sp="0.05" color="silver" opacity="100"/>
<line xp1="39.04763" yp1="28.12699" xp2="39.12971" yp2="27.91561" sp="0.05" color="silver" opacity="100"/>
<line xp1="39.12971" yp1="27.91561" xp2="39.16960" yp2="27.64593" sp="0.05" color="silver" opacity="100"/>
<line xp1="39.16960" yp1="27.64593" xp2="39.30415" yp2="27.43903" sp="0.05" color="silver" opacity="100"/>
<line xp1="39.30415" yp1="27.43903" xp2="39.42896" yp2="27.26589" sp="0.05" color="silver" opacity="100"/>
<line xp1="39.42896" yp1="27.26589" xp2="39.52490" yp2="27.21239" sp="0.05" color="silver" opacity="100"/>
<line xp1="39.52490" yp1="27.21239" xp2="39.64757" yp2="27.08871" sp="0.05" color="silver" opacity="100"/>
<line xp1="39.64757" yp1="27.08871" xp2="39.72112" yp2="26.93219" sp="0.05" color="silver" opacity="100"/>
<line xp1="39.72112" yp1="26.93219" xp2="39.77894" yp2="26.80937" sp="0.05" color="silver" opacity="100"/>
<line xp1="39.77894" yp1="26.80937" xp2="39.91447" yp2="26.65974" sp="0.05" color="silver" opacity="100"/>
<line xp1="39.91447" yp1="26.65974" xp2="40.03810" yp2="26.56005" sp="0.05" color="silver" opacity="100"/>
<line xp1="40.03810" yp1="26.56005" xp2="40.22016" yp2="26.51958" sp="0.05" color="silver" opacity="100"/>
<line xp1="40.22016" yp1="26.51958" xp2="40.31712" yp2="26.45497" sp="0.05" color="silver" opacity="100"/>
<line xp1="40.31712" yp1="26.45497" xp2="40.32456" yp2="26.45001" sp="0.05" color="silver" opacity="100"/>
<line xp1="40.32456" yp1="26.45001" xp2="40.42347" yp2="26.26134" sp="0.05" color="silver" opacity="100"/>
<line xp1="40.42347" yp1="26.26134" xp2="40.52276" yp2="26.20267" sp="0.05" color="silver" opacity="100"/>
<line xp1="40.52276" yp1="26.20267" xp2="40.62714" yp2="26.14360" sp="0.05" color="silver" opacity="100"/>
<line xp1="40.62714" yp1="26.14360" xp2="40.73136" yp2="26.05999" sp="0.05" color="silver" opacity="100"/>
<line xp1="40.73136" yp1="26.05999" xp2="40.82585" yp2="25.90521" sp="0.05" color="silver" opacity="100"/>
<line xp1="40.82585" yp1="25.90521" xp2="40.98154" yp2="25.76833" sp="0.05" color="silver" opacity="100"/>
<line xp1="40.98154" yp1="25.76833" xp2="41.10586" yp2="25.66325" sp="0.05" color="silver" opacity="100"/>
<line xp1="41.10586" yp1="25.66325" xp2="41.18800" yp2="25.69009" sp="0.05" color="silver" opacity="100"/>
<line xp1="41.18800" yp1="25.69009" xp2="41.34346" yp2="25.66321" sp="0.05" color="silver" opacity="100"/>
<line xp1="41.34346" yp1="25.66321" xp2="41.38405" yp2="25.79108" sp="0.05" color="silver" opacity="100"/>
<line xp1="41.38405" yp1="25.79108" xp2="41.42099" yp2="25.95921" sp="0.05" color="silver" opacity="100"/>
<line xp1="41.42099" yp1="25.95921" xp2="41.48356" yp2="26.00865" sp="0.05" color="silver" opacity="100"/>
<line xp1="41.48356" yp1="26.00865" xp2="41.54510" yp2="26.17491" sp="0.05" color="silver" opacity="100"/>
<line xp1="41.54510" yp1="26.17491" xp2="41.66492" yp2="26.25913" sp="0.05" color="silver" opacity="100"/>
<line xp1="41.66492" yp1="26.25913" xp2="41.73639" yp2="26.40464" sp="0.05" color="silver" opacity="100"/>
<line xp1="41.73639" yp1="26.40464" xp2="41.70612" yp2="26.53461" sp="0.05" color="silver" opacity="100"/>
<line xp1="41.70612" yp1="26.53461" xp2="41.73560" yp2="26.72027" sp="0.05" color="silver" opacity="100"/>
<line xp1="41.73560" yp1="26.72027" xp2="41.80836" yp2="26.85588" sp="0.05" color="silver" opacity="100"/>
<line xp1="41.80836" yp1="26.85588" xp2="41.79851" yp2="26.98362" sp="0.05" color="silver" opacity="100"/>
<line xp1="41.79851" yp1="26.98362" xp2="41.83278" yp2="27.20663" sp="0.05" color="silver" opacity="100"/>
<line xp1="41.83278" yp1="27.20663" xp2="41.88072" yp2="27.30428" sp="0.05" color="silver" opacity="100"/>
<line xp1="41.88072" yp1="27.30428" xp2="41.94088" yp2="27.49123" sp="0.05" color="silver" opacity="100"/>
<line xp1="41.94088" yp1="27.49123" xp2="42.01005" yp2="27.64716" sp="0.05" color="silver" opacity="100"/>
<line xp1="42.01005" yp1="27.64716" xp2="42.03509" yp2="27.82360" sp="0.05" color="silver" opacity="100"/>
<line xp1="42.03509" yp1="27.82360" xp2="42.13403" yp2="27.85195" sp="0.05" color="silver" opacity="100"/>
<line xp1="42.13403" yp1="27.85195" xp2="42.22911" yp2="27.86388" sp="0.05" color="silver" opacity="100"/>
<line xp1="42.22911" yp1="27.86388" xp2="42.28817" yp2="27.94372" sp="0.05" color="silver" opacity="100"/>
<line xp1="42.28817" yp1="27.94372" xp2="42.35547" yp2="27.94233" sp="0.05" color="silver" opacity="100"/>
<line xp1="42.35547" yp1="27.94233" xp2="42.47245" yp2="27.90163" sp="0.05" color="silver" opacity="100"/>
<line xp1="42.47245" yp1="27.90163" xp2="42.50843" yp2="28.05827" sp="0.05" color="silver" opacity="100"/>
<line xp1="42.50843" yp1="28.05827" xp2="42.53868" yp2="28.17805" sp="0.05" color="silver" opacity="100"/>
<line xp1="42.53868" yp1="28.17805" xp2="42.58664" yp2="28.20627" sp="0.05" color="silver" opacity="100"/>
<line xp1="42.58664" yp1="28.20627" xp2="42.61326" yp2="28.22193" sp="0.05" color="silver" opacity="100"/>
<line xp1="42.61326" yp1="28.22193" xp2="42.72684" yp2="28.12438" sp="0.05" color="silver" opacity="100"/>
<line xp1="42.72684" yp1="28.12438" xp2="42.82819" yp2="28.05568" sp="0.05" color="silver" opacity="100"/>
<line xp1="42.82819" yp1="28.05568" xp2="42.89895" yp2="27.97826" sp="0.05" color="silver" opacity="100"/>
<line xp1="42.89895" yp1="27.97826" xp2="42.96362" yp2="27.96265" sp="0.05" color="silver" opacity="100"/>
<line xp1="42.96362" yp1="27.96265" xp2="43.04320" yp2="28.00712" sp="0.05" color="silver" opacity="100"/>
<line xp1="43.04320" yp1="28.00712" xp2="43.12897" yp2="28.02098" sp="0.05" color="silver" opacity="100"/>
<line xp1="43.12897" yp1="28.02098" xp2="43.26862" yp2="27.98292" sp="0.05" color="silver" opacity="100"/>
<line xp1="43.26862" yp1="27.98292" xp2="43.37009" yp2="27.97189" sp="0.05" color="silver" opacity="100"/>
<line xp1="43.37009" yp1="27.97189" xp2="43.44366" yp2="27.93960" sp="0.05" color="silver" opacity="100"/>
<line xp1="43.44366" yp1="27.93960" xp2="43.51658" yp2="27.90760" sp="0.05" color="silver" opacity="100"/>
<line xp1="43.51658" yp1="27.90760" xp2="43.60834" yp2="27.90047" sp="0.05" color="silver" opacity="100"/>
<line xp1="43.60834" yp1="27.90047" xp2="43.75143" yp2="27.98474" sp="0.05" color="silver" opacity="100"/>
<line xp1="43.75143" yp1="27.98474" xp2="43.84120" yp2="27.89881" sp="0.05" color="silver" opacity="100"/>
<line xp1="43.84120" yp1="27.89881" xp2="43.91769" yp2="27.88477" sp="0.05" color="silver" opacity="100"/>
<line xp1="43.91769" yp1="27.88477" xp2="43.99902" yp2="27.82308" sp="0.05" color="silver" opacity="100"/>
<line xp1="43.99902" yp1="27.82308" xp2="44.05046" yp2="27.61155" sp="0.05" color="silver" opacity="100"/>
<line xp1="44.05046" yp1="27.61155" xp2="44.14257" yp2="27.54490" sp="0.05" color="silver" opacity="100"/>
<line xp1="44.14257" yp1="27.54490" xp2="44.14533" yp2="27.36550" sp="0.05" color="silver" opacity="100"/>
<line xp1="44.14533" yp1="27.36550" xp2="44.22324" yp2="27.20098" sp="0.05" color="silver" opacity="100"/>
<line xp1="44.22324" yp1="27.20098" xp2="44.31889" yp2="27.20081" sp="0.05" color="silver" opacity="100"/>
<line xp1="44.31889" yp1="27.20081" xp2="44.40384" yp2="27.06726" sp="0.05" color="silver" opacity="100"/>
<line xp1="44.40384" yp1="27.06726" xp2="44.52284" yp2="27.02475" sp="0.05" color="silver" opacity="100"/>
<line xp1="44.52284" yp1="27.02475" xp2="44.62214" yp2="26.75258" sp="0.05" color="silver" opacity="100"/>
<line xp1="44.62214" yp1="26.75258" xp2="44.78947" yp2="26.59385" sp="0.05" color="silver" opacity="100"/>
<line xp1="44.78947" yp1="26.59385" xp2="44.84821" yp2="26.48977" sp="0.05" color="silver" opacity="100"/>
<line xp1="44.84821" yp1="26.48977" xp2="44.92020" yp2="26.37952" sp="0.05" color="silver" opacity="100"/>
<line xp1="44.92020" yp1="26.37952" xp2="44.92972" yp2="26.36494" sp="0.05" color="silver" opacity="100"/>
<line xp1="44.92972" yp1="26.36494" xp2="44.96516" yp2="26.19569" sp="0.05" color="silver" opacity="100"/>
<line xp1="44.96516" yp1="26.19569" xp2="45.03467" yp2="26.08321" sp="0.05" color="silver" opacity="100"/>
<line xp1="45.03467" yp1="26.08321" xp2="45.11591" yp2="25.99936" sp="0.05" color="silver" opacity="100"/>
<line xp1="45.11591" yp1="25.99936" xp2="45.12121" yp2="25.95290" sp="0.05" color="silver" opacity="100"/>
<line xp1="45.12121" yp1="25.95290" xp2="45.13814" yp2="25.80428" sp="0.05" color="silver" opacity="100"/>
<line xp1="45.13814" yp1="25.80428" xp2="45.15847" yp2="25.59165" sp="0.05" color="silver" opacity="100"/>
<line xp1="45.15847" yp1="25.59165" xp2="45.18891" yp2="25.43924" sp="0.05" color="silver" opacity="100"/>
<line xp1="45.18891" yp1="25.43924" xp2="45.26639" yp2="25.24619" sp="0.05" color="silver" opacity="100"/>
<line xp1="45.26639" yp1="25.24619" xp2="45.32949" yp2="25.15968" sp="0.05" color="silver" opacity="100"/>
<line xp1="45.32949" yp1="25.15968" xp2="45.33382" yp2="25.03794" sp="0.05" color="silver" opacity="100"/>
<line xp1="45.33382" yp1="25.03794" xp2="45.37431" yp2="24.90499" sp="0.05" color="silver" opacity="100"/>
<line xp1="45.37431" yp1="24.90499" xp2="45.38407" yp2="24.74846" sp="0.05" color="silver" opacity="100"/>
<line xp1="45.38407" yp1="24.74846" xp2="45.46362" yp2="24.61935" sp="0.05" color="silver" opacity="100"/>
<line xp1="45.46362" yp1="24.61935" xp2="45.54266" yp2="24.50182" sp="0.05" color="silver" opacity="100"/>
<line xp1="45.54266" yp1="24.50182" xp2="45.55560" yp2="24.33071" sp="0.05" color="silver" opacity="100"/>
<line xp1="45.55560" yp1="24.33071" xp2="45.58725" yp2="24.22056" sp="0.05" color="silver" opacity="100"/>
<line xp1="45.58725" yp1="24.22056" xp2="45.63529" yp2="24.07757" sp="0.05" color="silver" opacity="100"/>
<line xp1="45.63529" yp1="24.07757" xp2="45.66093" yp2="23.89176" sp="0.05" color="silver" opacity="100"/>
<line xp1="45.66093" yp1="23.89176" xp2="45.71146" yp2="23.71741" sp="0.05" color="silver" opacity="100"/>
<line xp1="45.71146" yp1="23.71741" xp2="45.74215" yp2="23.57220" sp="0.05" color="silver" opacity="100"/>
<line xp1="45.74215" yp1="23.57220" xp2="45.84998" yp2="23.42000" sp="0.05" color="silver" opacity="100"/>
<line xp1="45.84998" yp1="23.42000" xp2="45.88552" yp2="23.36985" sp="0.05" color="silver" opacity="100"/>
<line xp1="45.88552" yp1="23.36985" xp2="46.03773" yp2="23.21395" sp="0.05" color="silver" opacity="100"/>
<line xp1="46.03773" yp1="23.21395" xp2="46.10965" yp2="23.06605" sp="0.05" color="silver" opacity="100"/>
<line xp1="46.10965" yp1="23.06605" xp2="46.17704" yp2="22.83065" sp="0.05" color="silver" opacity="100"/>
<line xp1="46.17704" yp1="22.83065" xp2="46.25821" yp2="22.76489" sp="0.05" color="silver" opacity="100"/>
<line xp1="46.25821" yp1="22.76489" xp2="46.28083" yp2="22.62278" sp="0.05" color="silver" opacity="100"/>
<line xp1="46.28083" yp1="22.62278" xp2="46.30095" yp2="22.50081" sp="0.05" color="silver" opacity="100"/>
<line xp1="46.30095" yp1="22.50081" xp2="46.34178" yp2="22.35536" sp="0.05" color="silver" opacity="100"/>
<line xp1="46.34178" yp1="22.35536" xp2="46.39271" yp2="22.22517" sp="0.05" color="silver" opacity="100"/>
<line xp1="46.39271" yp1="22.22517" xp2="46.45900" yp2="22.11935" sp="0.05" color="silver" opacity="100"/>
<line xp1="46.45900" yp1="22.11935" xp2="46.52533" yp2="22.04877" sp="0.05" color="silver" opacity="100"/>
<line xp1="46.52533" yp1="22.04877" xp2="46.60831" yp2="21.87130" sp="0.05" color="silver" opacity="100"/>
<line xp1="46.60831" yp1="21.87130" xp2="46.73152" yp2="21.81290" sp="0.05" color="silver" opacity="100"/>
<line xp1="46.73152" yp1="21.81290" xp2="46.83567" yp2="21.75525" sp="0.05" color="silver" opacity="100"/>
<line xp1="46.83567" yp1="21.75525" xp2="46.87671" yp2="21.65773" sp="0.05" color="silver" opacity="100"/>
<line xp1="46.87671" yp1="21.65773" xp2="46.87951" yp2="21.42542" sp="0.05" color="silver" opacity="100"/>
<line xp1="46.87951" yp1="21.42542" xp2="46.92689" yp2="21.42999" sp="0.05" color="silver" opacity="100"/>
<line xp1="46.92689" yp1="21.42999" xp2="46.93061" yp2="21.29005" sp="0.05" color="silver" opacity="100"/>
<line xp1="46.93061" yp1="21.29005" xp2="46.94228" yp2="21.17827" sp="0.05" color="silver" opacity="100"/>
<line xp1="46.94228" yp1="21.17827" xp2="46.87746" yp2="20.87443" sp="0.05" color="silver" opacity="100"/>
<line xp1="46.87746" yp1="20.87443" xp2="46.94164" yp2="20.84269" sp="0.05" color="silver" opacity="100"/>
<line xp1="46.94164" yp1="20.84269" xp2="46.97952" yp2="20.76696" sp="0.05" color="silver" opacity="100"/>
<line xp1="46.97952" yp1="20.76696" xp2="46.98334" yp2="20.74926" sp="0.05" color="silver" opacity="100"/>
<line xp1="46.98334" yp1="20.74926" xp2="47.00733" yp2="20.63812" sp="0.05" color="silver" opacity="100"/>
<line xp1="47.00733" yp1="20.63812" xp2="47.03079" yp2="20.45471" sp="0.05" color="silver" opacity="100"/>
<line xp1="47.03079" yp1="20.45471" xp2="47.01212" yp2="20.30525" sp="0.05" color="silver" opacity="100"/>
<line xp1="47.01212" yp1="20.30525" xp2="47.00466" yp2="20.07436" sp="0.05" color="silver" opacity="100"/>
<line xp1="47.00466" yp1="20.07436" xp2="47.09636" yp2="19.94971" sp="0.05" color="silver" opacity="100"/>
<line xp1="47.09636" yp1="19.94971" xp2="47.13670" yp2="19.79692" sp="0.05" color="silver" opacity="100"/>
<line xp1="47.13670" yp1="19.79692" xp2="47.18631" yp2="19.65646" sp="0.05" color="silver" opacity="100"/>
<line xp1="47.18631" yp1="19.65646" xp2="47.27906" yp2="19.55204" sp="0.05" color="silver" opacity="100"/>
<line xp1="47.27906" yp1="19.55204" xp2="47.31932" yp2="19.39503" sp="0.05" color="silver" opacity="100"/>
<line xp1="47.31932" yp1="19.39503" xp2="47.37091" yp2="19.21360" sp="0.05" color="silver" opacity="100"/>
<line xp1="47.37091" yp1="19.21360" xp2="47.38381" yp2="19.01841" sp="0.05" color="silver" opacity="100"/>
<line xp1="47.38381" yp1="19.01841" xp2="47.42028" yp2="18.77046" sp="0.05" color="silver" opacity="100"/>
<line xp1="47.42028" yp1="18.77046" xp2="47.42861" yp2="18.71385" sp="0.05" color="silver" opacity="100"/>
<line xp1="47.42861" yp1="18.71385" xp2="47.53072" yp2="18.57239" sp="0.05" color="silver" opacity="100"/>
<line xp1="47.53072" yp1="18.57239" xp2="47.55133" yp2="18.50565" sp="0.05" color="silver" opacity="100"/>
<line xp1="47.55133" yp1="18.50565" xp2="47.52176" yp2="18.36079" sp="0.05" color="silver" opacity="100"/>
<line xp1="47.52176" yp1="18.36079" xp2="47.56615" yp2="18.27574" sp="0.05" color="silver" opacity="100"/>
<line xp1="47.56615" yp1="18.27574" xp2="47.64259" yp2="18.32023" sp="0.05" color="silver" opacity="100"/>
<line xp1="47.64259" yp1="18.32023" xp2="47.75642" yp2="18.26873" sp="0.05" color="silver" opacity="100"/>
<line xp1="47.75642" yp1="18.26873" xp2="47.86005" yp2="18.16448" sp="0.05" color="silver" opacity="100"/>
<line xp1="47.86005" yp1="18.16448" xp2="47.98870" yp2="18.19835" sp="0.05" color="silver" opacity="100"/>
<line xp1="47.98870" yp1="18.19835" xp2="48.03090" yp2="18.07583" sp="0.05" color="silver" opacity="100"/>
<line xp1="48.03090" yp1="18.07583" xp2="48.15561" yp2="17.90177" sp="0.05" color="silver" opacity="100"/>
<line xp1="48.15561" yp1="17.90177" xp2="48.22428" yp2="17.81703" sp="0.05" color="silver" opacity="100"/>
<line xp1="48.22428" yp1="17.81703" xp2="48.28698" yp2="17.86294" sp="0.05" color="silver" opacity="100"/>
<line xp1="48.28698" yp1="17.86294" xp2="48.31800" yp2="17.83696" sp="0.05" color="silver" opacity="100"/>
<line xp1="48.31800" yp1="17.83696" xp2="48.34433" yp2="17.81492" sp="0.05" color="silver" opacity="100"/>
<line xp1="48.34433" yp1="17.81492" xp2="48.45617" yp2="17.75657" sp="0.05" color="silver" opacity="100"/>
<line xp1="48.45617" yp1="17.75657" xp2="48.54994" yp2="17.71186" sp="0.05" color="silver" opacity="100"/>
<line xp1="48.54994" yp1="17.71186" xp2="48.63586" yp2="17.59392" sp="0.05" color="silver" opacity="100"/>
<line xp1="48.63586" yp1="17.59392" xp2="48.75662" yp2="17.46581" sp="0.05" color="silver" opacity="100"/>
<line xp1="48.75662" yp1="17.46581" xp2="48.76465" yp2="17.45729" sp="0.05" color="silver" opacity="100"/>
<line xp1="48.76465" yp1="17.45729" xp2="48.84799" yp2="17.35172" sp="0.05" color="silver" opacity="100"/>
<line xp1="48.84799" yp1="17.35172" xp2="48.91546" yp2="17.31069" sp="0.05" color="silver" opacity="100"/>
<line xp1="48.91546" yp1="17.31069" xp2="48.92762" yp2="17.30329" sp="0.05" color="silver" opacity="100"/>
<line xp1="48.92762" yp1="17.30329" xp2="49.00083" yp2="17.30232" sp="0.05" color="silver" opacity="100"/>
<line xp1="49.00083" yp1="17.30232" xp2="49.09071" yp2="17.31191" sp="0.05" color="silver" opacity="100"/>
<line xp1="49.09071" yp1="17.31191" xp2="49.17040" yp2="17.26079" sp="0.05" color="silver" opacity="100"/>
<line xp1="49.17040" yp1="17.26079" xp2="49.21389" yp2="17.32532" sp="0.05" color="silver" opacity="100"/>
<line xp1="49.21389" yp1="17.32532" xp2="49.31639" yp2="17.31320" sp="0.05" color="silver" opacity="100"/>
<line xp1="49.31639" yp1="17.31320" xp2="49.42894" yp2="17.30881" sp="0.05" color="silver" opacity="100"/>
<line xp1="49.42894" yp1="17.30881" xp2="49.44264" yp2="17.30785" sp="0.05" color="silver" opacity="100"/>
<line xp1="49.44264" yp1="17.30785" xp2="49.54571" yp2="17.30062" sp="0.05" color="silver" opacity="100"/>
<line xp1="49.54571" yp1="17.30062" xp2="49.60179" yp2="17.23466" sp="0.05" color="silver" opacity="100"/>
<line xp1="49.60179" yp1="17.23466" xp2="49.69682" yp2="17.20987" sp="0.05" color="silver" opacity="100"/>
<line xp1="49.69682" yp1="17.20987" xp2="49.77844" yp2="17.16175" sp="0.05" color="silver" opacity="100"/>
<line xp1="49.77844" yp1="17.16175" xp2="49.87298" yp2="16.96531" sp="0.05" color="silver" opacity="100"/>
<line xp1="49.87298" yp1="16.96531" xp2="49.93391" yp2="16.91439" sp="0.05" color="silver" opacity="100"/>
<line xp1="49.93391" yp1="16.91439" xp2="50.00483" yp2="16.80017" sp="0.05" color="silver" opacity="100"/>
<line xp1="50.00483" yp1="16.80017" xp2="50.06965" yp2="16.79811" sp="0.05" color="silver" opacity="100"/>
<line xp1="50.06965" yp1="16.79811" xp2="50.11902" yp2="16.68679" sp="0.05" color="silver" opacity="100"/>
<line xp1="50.11902" yp1="16.68679" xp2="50.19559" yp2="16.68605" sp="0.05" color="silver" opacity="100"/>
<line xp1="50.19559" yp1="16.68605" xp2="50.21526" yp2="16.76821" sp="0.05" color="silver" opacity="100"/>
<line xp1="50.21526" yp1="16.76821" xp2="50.20619" yp2="16.86413" sp="0.05" color="silver" opacity="100"/>
<line xp1="50.20619" yp1="16.86413" xp2="50.24870" yp2="16.92321" sp="0.05" color="silver" opacity="100"/>
<line xp1="50.24870" yp1="16.92321" xp2="50.34283" yp2="16.95839" sp="0.05" color="silver" opacity="100"/>
<line xp1="50.34283" yp1="16.95839" xp2="50.45085" yp2="17.03114" sp="0.05" color="silver" opacity="100"/>
<line xp1="50.45085" yp1="17.03114" xp2="50.52830" yp2="16.99721" sp="0.05" color="silver" opacity="100"/>
<line xp1="50.52830" yp1="16.99721" xp2="50.54528" yp2="17.06038" sp="0.05" color="silver" opacity="100"/>
<line xp1="50.54528" yp1="17.06038" xp2="50.53550" yp2="17.19329" sp="0.05" color="silver" opacity="100"/>
<line xp1="50.53550" yp1="17.19329" xp2="50.52493" yp2="17.37903" sp="0.05" color="silver" opacity="100"/>
<line xp1="50.52493" yp1="17.37903" xp2="50.46625" yp2="18.01676" sp="0.05" color="silver" opacity="100"/>
<line xp1="50.46625" yp1="18.01676" xp2="50.41956" yp2="18.31765" sp="0.05" color="silver" opacity="100"/>
<line xp1="50.41956" yp1="18.31765" xp2="50.37877" yp2="18.58047" sp="0.05" color="silver" opacity="100"/>
<line xp1="50.37877" yp1="18.58047" xp2="50.32686" yp2="18.85811" sp="0.05" color="silver" opacity="100"/>
<line xp1="50.32686" yp1="18.85811" xp2="50.27269" yp2="19.14785" sp="0.05" color="silver" opacity="100"/>
<line xp1="50.27269" yp1="19.14785" xp2="50.20481" yp2="19.67309" sp="0.05" color="silver" opacity="100"/>
<line xp1="50.20481" yp1="19.67309" xp2="50.18662" yp2="20.17155" sp="0.05" color="silver" opacity="100"/>
<line xp1="50.18662" yp1="20.17155" xp2="50.21774" yp2="20.67085" sp="0.05" color="silver" opacity="100"/>
<line xp1="50.21774" yp1="20.67085" xp2="50.23561" yp2="20.79417" sp="0.05" color="silver" opacity="100"/>
<line xp1="50.23561" yp1="20.79417" xp2="50.25212" yp2="20.90805" sp="0.05" color="silver" opacity="100"/>
<line xp1="50.25212" yp1="20.90805" xp2="50.31376" yp2="21.22050" sp="0.05" color="silver" opacity="100"/>
<line xp1="50.31376" yp1="21.22050" xp2="50.37335" yp2="21.45898" sp="0.05" color="silver" opacity="100"/>
<line xp1="50.37335" yp1="21.45898" xp2="50.42617" yp2="21.64745" sp="0.05" color="silver" opacity="100"/>
<line xp1="50.42617" yp1="21.64745" xp2="50.44203" yp2="21.70406" sp="0.05" color="silver" opacity="100"/>
<line xp1="50.44203" yp1="21.70406" xp2="50.55253" yp2="22.04768" sp="0.05" color="silver" opacity="100"/>
<line xp1="50.55253" yp1="22.04768" xp2="50.62964" yp2="22.24539" sp="0.05" color="silver" opacity="100"/>
<line xp1="50.62964" yp1="22.24539" xp2="50.70024" yp2="22.38419" sp="0.05" color="silver" opacity="100"/>
<line xp1="50.70024" yp1="22.38419" xp2="50.70202" yp2="22.39009" sp="0.05" color="silver" opacity="100"/>
<line xp1="50.70202" yp1="22.39009" xp2="50.76412" yp2="22.59516" sp="0.05" color="silver" opacity="100"/>
<line xp1="50.76412" yp1="22.59516" xp2="50.94391" yp2="22.94495" sp="0.05" color="silver" opacity="100"/>
<line xp1="50.94391" yp1="22.94495" xp2="50.99681" yp2="23.02806" sp="0.05" color="silver" opacity="100"/>
<line xp1="50.99681" yp1="23.02806" xp2="51.08899" yp2="23.17285" sp="0.05" color="silver" opacity="100"/>
<line xp1="51.08899" yp1="23.17285" xp2="51.20057" yp2="23.32741" sp="0.05" color="silver" opacity="100"/>
<line xp1="51.20057" yp1="23.32741" xp2="51.33537" yp2="23.49377" sp="0.05" color="silver" opacity="100"/>
<line xp1="51.33537" yp1="23.49377" xp2="51.62639" yp2="23.76476" sp="0.05" color="silver" opacity="100"/>
<line xp1="51.62639" yp1="23.76476" xp2="51.70711" yp2="23.94804" sp="0.05" color="silver" opacity="100"/>
<line xp1="51.70711" yp1="23.94804" xp2="51.72533" yp2="23.97104" sp="0.05" color="silver" opacity="100"/>
<line xp1="51.72533" yp1="23.97104" xp2="51.80182" yp2="24.06760" sp="0.05" color="silver" opacity="100"/>
<line xp1="51.80182" yp1="24.06760" xp2="52.00860" yp2="24.29207" sp="0.05" color="silver" opacity="100"/>
<line xp1="52.00860" yp1="24.29207" xp2="52.30664" yp2="24.53782" sp="0.05" color="silver" opacity="100"/>
<line xp1="52.30664" yp1="24.53782" xp2="52.59615" yp2="24.75698" sp="0.05" color="silver" opacity="100"/>
<line xp1="52.59615" yp1="24.75698" xp2="52.79371" yp2="24.95440" sp="0.05" color="silver" opacity="100"/>
<line xp1="52.79371" yp1="24.95440" xp2="52.94031" yp2="25.09477" sp="0.05" color="silver" opacity="100"/>
<line xp1="52.94031" yp1="25.09477" xp2="53.06610" yp2="25.21353" sp="0.05" color="silver" opacity="100"/>
<line xp1="53.06610" yp1="25.21353" xp2="53.16986" yp2="25.31149" sp="0.05" color="silver" opacity="100"/>
<line xp1="53.16986" yp1="25.31149" xp2="53.25786" yp2="25.33242" sp="0.05" color="silver" opacity="100"/>
<line xp1="53.25786" yp1="25.33242" xp2="53.38900" yp2="25.52592" sp="0.05" color="silver" opacity="100"/>
<line xp1="53.38900" yp1="25.52592" xp2="53.55171" yp2="25.78026" sp="0.05" color="silver" opacity="100"/>
<line xp1="53.55171" yp1="25.78026" xp2="53.65364" yp2="25.90663" sp="0.05" color="silver" opacity="100"/>
<line xp1="53.65364" yp1="25.90663" xp2="53.66915" yp2="25.93015" sp="0.05" color="silver" opacity="100"/>
<line xp1="53.66915" yp1="25.93015" xp2="53.80582" yp2="26.13733" sp="0.05" color="silver" opacity="100"/>
<line xp1="53.80582" yp1="26.13733" xp2="54.14816" yp2="26.51211" sp="0.05" color="silver" opacity="100"/>
<line xp1="54.14816" yp1="26.51211" xp2="54.27303" yp2="26.66127" sp="0.05" color="silver" opacity="100"/>
<line xp1="54.27303" yp1="26.66127" xp2="54.25993" yp2="26.76897" sp="0.05" color="silver" opacity="100"/>
<line xp1="54.25993" yp1="26.76897" xp2="54.35325" yp2="26.94509" sp="0.05" color="silver" opacity="100"/>
<line xp1="54.35325" yp1="26.94509" xp2="54.46946" yp2="27.05115" sp="0.05" color="silver" opacity="100"/>
<line xp1="54.46946" yp1="27.05115" xp2="54.61414" yp2="27.15819" sp="0.05" color="silver" opacity="100"/>
<line xp1="54.61414" yp1="27.15819" xp2="54.81413" yp2="27.30185" sp="0.05" color="silver" opacity="100"/>
<line xp1="54.81413" yp1="27.30185" xp2="54.83981" yp2="27.32029" sp="0.05" color="silver" opacity="100"/>
<line xp1="54.83981" yp1="27.32029" xp2="55.13608" yp2="27.53311" sp="0.05" color="silver" opacity="100"/>
<line xp1="55.13608" yp1="27.53311" xp2="55.29768" yp2="27.63189" sp="0.05" color="silver" opacity="100"/>
<line xp1="55.29768" yp1="27.63189" xp2="55.44328" yp2="27.66347" sp="0.05" color="silver" opacity="100"/>
<line xp1="55.44328" yp1="27.66347" xp2="55.59801" yp2="27.65431" sp="0.05" color="silver" opacity="100"/>
<line xp1="55.59801" yp1="27.65431" xp2="55.63389" yp2="27.68748" sp="0.05" color="silver" opacity="100"/>
<line xp1="55.63389" yp1="27.68748" xp2="55.59507" yp2="27.78303" sp="0.05" color="silver" opacity="100"/>
<line xp1="55.59507" yp1="27.78303" xp2="55.55258" yp2="27.89049" sp="0.05" color="silver" opacity="100"/>
<line xp1="55.55258" yp1="27.89049" xp2="55.49353" yp2="28.00843" sp="0.05" color="silver" opacity="100"/>
<line xp1="55.49353" yp1="28.00843" xp2="55.58085" yp2="28.14757" sp="0.05" color="silver" opacity="100"/>
<line xp1="55.58085" yp1="28.14757" xp2="55.61183" yp2="28.20597" sp="0.05" color="silver" opacity="100"/>
<line xp1="55.61183" yp1="28.20597" xp2="55.64558" yp2="28.26960" sp="0.05" color="silver" opacity="100"/>
<line xp1="55.64558" yp1="28.26960" xp2="55.68028" yp2="28.44157" sp="0.05" color="silver" opacity="100"/>
<line xp1="55.68028" yp1="28.44157" xp2="55.78296" yp2="28.63306" sp="0.05" color="silver" opacity="100"/>
<line xp1="55.78296" yp1="28.63306" xp2="55.83664" yp2="28.72090" sp="0.05" color="silver" opacity="100"/>
<line xp1="55.83664" yp1="28.72090" xp2="55.84009" yp2="28.72655" sp="0.05" color="silver" opacity="100"/>
<line xp1="55.84009" yp1="28.72655" xp2="55.84241" yp2="28.89349" sp="0.05" color="silver" opacity="100"/>
<line xp1="55.84241" yp1="28.89349" xp2="55.84036" yp2="29.06839" sp="0.05" color="silver" opacity="100"/>
<line xp1="55.84036" yp1="29.06839" xp2="55.82560" yp2="29.21503" sp="0.05" color="silver" opacity="100"/>
<line xp1="55.82560" yp1="29.21503" xp2="55.82914" yp2="29.26849" sp="0.05" color="silver" opacity="100"/>
<line xp1="55.82914" yp1="29.26849" xp2="55.83509" yp2="29.35861" sp="0.05" color="silver" opacity="100"/>
<line xp1="55.83509" yp1="29.35861" xp2="55.75334" yp2="29.51407" sp="0.05" color="silver" opacity="100"/>
<line xp1="55.75334" yp1="29.51407" xp2="55.77641" yp2="29.70578" sp="0.05" color="silver" opacity="100"/>
<line xp1="55.77641" yp1="29.70578" xp2="55.78743" yp2="29.72156" sp="0.05" color="silver" opacity="100"/>
<line xp1="55.78743" yp1="29.72156" xp2="55.84205" yp2="29.79985" sp="0.05" color="silver" opacity="100"/>
<line xp1="55.84205" yp1="29.79985" xp2="55.83059" yp2="30.01829" sp="0.05" color="silver" opacity="100"/>
<line xp1="55.83059" yp1="30.01829" xp2="55.80124" yp2="30.12812" sp="0.05" color="silver" opacity="100"/>
<line xp1="55.80124" yp1="30.12812" xp2="55.87026" yp2="30.26453" sp="0.05" color="silver" opacity="100"/>
<line xp1="55.87026" yp1="30.26453" xp2="55.86904" yp2="30.35772" sp="0.05" color="silver" opacity="100"/>
<line xp1="55.86904" yp1="30.35772" xp2="55.95399" yp2="30.51411" sp="0.05" color="silver" opacity="100"/>
<line xp1="55.95399" yp1="30.51411" xp2="55.97279" yp2="30.68137" sp="0.05" color="silver" opacity="100"/>
<line xp1="55.97279" yp1="30.68137" xp2="56.04723" yp2="30.86563" sp="0.05" color="silver" opacity="100"/>
<line xp1="56.04723" yp1="30.86563" xp2="56.06367" yp2="31.05550" sp="0.05" color="silver" opacity="100"/>
<line xp1="56.06367" yp1="31.05550" xp2="56.06988" yp2="31.07848" sp="0.05" color="silver" opacity="100"/>
<line xp1="56.06988" yp1="31.07848" xp2="56.10625" yp2="31.21295" sp="0.05" color="silver" opacity="100"/>
<line xp1="56.10625" yp1="31.21295" xp2="56.07717" yp2="31.33462" sp="0.05" color="silver" opacity="100"/>
<line xp1="56.07717" yp1="31.33462" xp2="56.09304" yp2="31.45285" sp="0.05" color="silver" opacity="100"/>
<line xp1="56.09304" yp1="31.45285" xp2="56.10582" yp2="31.57622" sp="0.05" color="silver" opacity="100"/>
<line xp1="56.10582" yp1="31.57622" xp2="56.09188" yp2="31.79677" sp="0.05" color="silver" opacity="100"/>
<line xp1="56.09188" yp1="31.79677" xp2="56.09985" yp2="31.95890" sp="0.05" color="silver" opacity="100"/>
<line xp1="56.09985" yp1="31.95890" xp2="56.07308" yp2="31.95663" sp="0.05" color="silver" opacity="100"/>
<line xp1="56.07308" yp1="31.95663" xp2="55.99907" yp2="31.95036" sp="0.05" color="silver" opacity="100"/>
<line xp1="55.99907" yp1="31.95036" xp2="55.99624" yp2="31.95012" sp="0.05" color="silver" opacity="100"/>
<line xp1="55.99624" yp1="31.95012" xp2="55.97855" yp2="32.16964" sp="0.05" color="silver" opacity="100"/>
<line xp1="55.97855" yp1="32.16964" xp2="55.88394" yp2="32.28869" sp="0.05" color="silver" opacity="100"/>
<line xp1="55.88394" yp1="32.28869" xp2="55.89516" yp2="32.50029" sp="0.05" color="silver" opacity="100"/>
<line xp1="55.89516" yp1="32.50029" xp2="55.84984" yp2="32.65260" sp="0.05" color="silver" opacity="100"/>
<line xp1="55.84984" yp1="32.65260" xp2="55.77004" yp2="32.76769" sp="0.05" color="silver" opacity="100"/>
<line xp1="55.77004" yp1="32.76769" xp2="55.80627" yp2="32.86883" sp="0.05" color="silver" opacity="100"/>
<line xp1="55.80627" yp1="32.86883" xp2="55.71125" yp2="32.93527" sp="0.05" color="silver" opacity="100"/>
<line xp1="55.71125" yp1="32.93527" xp2="55.63858" yp2="33.10346" sp="0.05" color="silver" opacity="100"/>
<line xp1="55.63858" yp1="33.10346" xp2="55.66640" yp2="33.20717" sp="0.05" color="silver" opacity="100"/>
<line xp1="55.66640" yp1="33.20717" xp2="55.68705" yp2="33.43053" sp="0.05" color="silver" opacity="100"/>
<line xp1="55.68705" yp1="33.43053" xp2="55.61017" yp2="33.72991" sp="0.05" color="silver" opacity="100"/>
<line xp1="55.61017" yp1="33.72991" xp2="55.57192" yp2="33.84079" sp="0.05" color="silver" opacity="100"/>
<line xp1="55.57192" yp1="33.84079" xp2="55.52376" yp2="33.98041" sp="0.05" color="silver" opacity="100"/>
<line xp1="55.52376" yp1="33.98041" xp2="55.41929" yp2="34.07548" sp="0.05" color="silver" opacity="100"/>
<line xp1="55.41929" yp1="34.07548" xp2="55.33934" yp2="34.22768" sp="0.05" color="silver" opacity="100"/>
<line xp1="55.33934" yp1="34.22768" xp2="55.32026" yp2="34.26401" sp="0.05" color="silver" opacity="100"/>
<line xp1="55.32026" yp1="34.26401" xp2="55.31895" yp2="34.67987" sp="0.05" color="silver" opacity="100"/>
<line xp1="55.31895" yp1="34.67987" xp2="55.31893" yp2="34.84590" sp="0.05" color="silver" opacity="100"/>
<line xp1="55.31893" yp1="34.84590" xp2="55.31886" yp2="35.32445" sp="0.05" color="silver" opacity="100"/>
<line xp1="55.31886" yp1="35.32445" xp2="55.31879" yp2="35.40652" sp="0.05" color="silver" opacity="100"/>
<line xp1="55.31879" yp1="35.40652" xp2="55.31833" yp2="35.89789" sp="0.05" color="silver" opacity="100"/>
<line xp1="55.31833" yp1="35.89789" xp2="55.31838" yp2="36.26580" sp="0.05" color="silver" opacity="100"/>
<line xp1="55.31838" yp1="36.26580" xp2="55.31842" yp2="36.56422" sp="0.05" color="silver" opacity="100"/>
<line xp1="55.31842" yp1="36.56422" xp2="55.31846" yp2="36.80311" sp="0.05" color="silver" opacity="100"/>
<line xp1="55.31846" yp1="36.80311" xp2="55.31852" yp2="37.19777" sp="0.05" color="silver" opacity="100"/>
<line xp1="55.31852" yp1="37.19777" xp2="55.31889" yp2="37.60083" sp="0.05" color="silver" opacity="100"/>
<line xp1="55.31889" yp1="37.60083" xp2="55.31854" yp2="37.91783" sp="0.05" color="silver" opacity="100"/>
<line xp1="55.31854" yp1="37.91783" xp2="55.31836" yp2="38.08714" sp="0.05" color="silver" opacity="100"/>
<line xp1="55.31836" yp1="38.08714" xp2="55.31848" yp2="38.38807" sp="0.05" color="silver" opacity="100"/>
<line xp1="55.31848" yp1="38.38807" xp2="55.31780" yp2="38.71836" sp="0.05" color="silver" opacity="100"/>
<line xp1="55.31780" yp1="38.71836" xp2="55.27282" yp2="38.77781" sp="0.05" color="silver" opacity="100"/>
<line xp1="55.27282" yp1="38.77781" xp2="55.16458" yp2="38.79350" sp="0.05" color="silver" opacity="100"/>
<line xp1="55.16458" yp1="38.79350" xp2="55.10247" yp2="38.83489" sp="0.05" color="silver" opacity="100"/>
<line xp1="55.10247" yp1="38.83489" xp2="55.05599" yp2="38.77321" sp="0.05" color="silver" opacity="100"/>
<line xp1="55.05599" yp1="38.77321" xp2="55.01713" yp2="38.79063" sp="0.05" color="silver" opacity="100"/>
<line xp1="55.01713" yp1="38.79063" xp2="54.91732" yp2="38.75567" sp="0.05" color="silver" opacity="100"/>
<line xp1="54.91732" yp1="38.75567" xp2="54.86397" yp2="38.76309" sp="0.05" color="silver" opacity="100"/>
<line xp1="54.86397" yp1="38.76309" xp2="54.83975" yp2="38.73272" sp="0.05" color="silver" opacity="100"/>
<line xp1="54.83975" yp1="38.73272" xp2="54.78761" yp2="38.75860" sp="0.05" color="silver" opacity="100"/>
<line xp1="54.78761" yp1="38.75860" xp2="54.73991" yp2="38.79205" sp="0.05" color="silver" opacity="100"/>
<line xp1="54.73991" yp1="38.79205" xp2="54.63712" yp2="38.96533" sp="0.05" color="silver" opacity="100"/>
<line xp1="54.63712" yp1="38.96533" xp2="54.57088" yp2="38.91954" sp="0.05" color="silver" opacity="100"/>
<line xp1="54.57088" yp1="38.91954" xp2="54.50327" yp2="39.05682" sp="0.05" color="silver" opacity="100"/>
<line xp1="54.50327" yp1="39.05682" xp2="54.41448" yp2="39.06686" sp="0.05" color="silver" opacity="100"/>
<line xp1="54.41448" yp1="39.06686" xp2="54.28482" yp2="39.16360" sp="0.05" color="silver" opacity="100"/>
<line xp1="54.28482" yp1="39.16360" xp2="54.25856" yp2="39.20237" sp="0.05" color="silver" opacity="100"/>
<line xp1="54.25856" yp1="39.20237" xp2="54.20593" yp2="39.28009" sp="0.05" color="silver" opacity="100"/>
<line xp1="54.20593" yp1="39.28009" xp2="54.08979" yp2="39.25552" sp="0.05" color="silver" opacity="100"/>
<line xp1="54.08979" yp1="39.25552" xp2="53.99650" yp2="39.36083" sp="0.05" color="silver" opacity="100"/>
<line xp1="53.99650" yp1="39.36083" xp2="53.93914" yp2="39.45858" sp="0.05" color="silver" opacity="100"/>
<line xp1="53.93914" yp1="39.45858" xp2="53.87438" yp2="39.57795" sp="0.05" color="silver" opacity="100"/>
<line xp1="53.87438" yp1="39.57795" xp2="53.77451" yp2="39.60733" sp="0.05" color="silver" opacity="100"/>
<line xp1="53.77451" yp1="39.60733" xp2="53.70000" yp2="39.72805" sp="0.05" color="silver" opacity="100"/>
<line xp1="53.70000" yp1="39.72805" xp2="53.61621" yp2="39.81810" sp="0.05" color="silver" opacity="100"/>
<line xp1="53.61621" yp1="39.81810" xp2="53.60630" yp2="39.82424" sp="0.05" color="silver" opacity="100"/>
<line xp1="53.60630" yp1="39.82424" xp2="53.49786" yp2="39.89130" sp="0.05" color="silver" opacity="100"/>
<line xp1="53.49786" yp1="39.89130" xp2="53.45596" yp2="39.79917" sp="0.05" color="silver" opacity="100"/>
<line xp1="53.45596" yp1="39.79917" xp2="53.41008" yp2="39.65070" sp="0.05" color="silver" opacity="100"/>
<line xp1="53.41008" yp1="39.65070" xp2="53.36854" yp2="39.63955" sp="0.05" color="silver" opacity="100"/>
<line xp1="53.36854" yp1="39.63955" xp2="53.30410" yp2="39.62225" sp="0.05" color="silver" opacity="100"/>
<line xp1="53.30410" yp1="39.62225" xp2="53.15789" yp2="39.62529" sp="0.05" color="silver" opacity="100"/>
<line xp1="53.15789" yp1="39.62529" xp2="53.03797" yp2="39.67282" sp="0.05" color="silver" opacity="100"/>
<line xp1="53.03797" yp1="39.67282" xp2="52.98936" yp2="39.79149" sp="0.05" color="silver" opacity="100"/>
<line xp1="52.98936" yp1="39.79149" xp2="52.91745" yp2="39.79199" sp="0.05" color="silver" opacity="100"/>
<line xp1="52.91745" yp1="39.79199" xp2="52.81542" yp2="39.73098" sp="0.05" color="silver" opacity="100"/>
<line xp1="52.81542" yp1="39.73098" xp2="52.71153" yp2="39.70276" sp="0.05" color="silver" opacity="100"/>
<line xp1="52.71153" yp1="39.70276" xp2="52.63132" yp2="39.63554" sp="0.05" color="silver" opacity="100"/>
<line xp1="52.63132" yp1="39.63554" xp2="52.58370" yp2="39.59561" sp="0.05" color="silver" opacity="100"/>
<line xp1="52.58370" yp1="39.59561" xp2="52.54634" yp2="39.60121" sp="0.05" color="silver" opacity="100"/>
<line xp1="52.54634" yp1="39.60121" xp2="52.48078" yp2="39.61102" sp="0.05" color="silver" opacity="100"/>
<line xp1="52.48078" yp1="39.61102" xp2="52.40719" yp2="39.64314" sp="0.05" color="silver" opacity="100"/>
<line xp1="52.40719" yp1="39.64314" xp2="52.20935" yp2="39.54721" sp="0.05" color="silver" opacity="100"/>
<line xp1="52.20935" yp1="39.54721" xp2="52.07442" yp2="39.51985" sp="0.05" color="silver" opacity="100"/>
<line xp1="52.07442" yp1="39.51985" xp2="52.04150" yp2="39.43017" sp="0.05" color="silver" opacity="100"/>
<line xp1="52.04150" yp1="39.43017" xp2="51.95535" yp2="39.28006" sp="0.05" color="silver" opacity="100"/>
<line xp1="51.95535" yp1="39.28006" xp2="51.88112" yp2="39.34210" sp="0.05" color="silver" opacity="100"/>
<line xp1="51.88112" yp1="39.34210" xp2="51.83479" yp2="39.24287" sp="0.05" color="silver" opacity="100"/>
<line xp1="51.83479" yp1="39.24287" xp2="51.74902" yp2="39.12633" sp="0.05" color="silver" opacity="100"/>
<line xp1="51.74902" yp1="39.12633" xp2="51.72360" yp2="39.18723" sp="0.05" color="silver" opacity="100"/>
<line xp1="51.72360" yp1="39.18723" xp2="51.68691" yp2="39.27511" sp="0.05" color="silver" opacity="100"/>
<line xp1="51.68691" yp1="39.27511" xp2="51.63622" yp2="39.37157" sp="0.05" color="silver" opacity="100"/>
<line xp1="51.63622" yp1="39.37157" xp2="51.53494" yp2="39.35274" sp="0.05" color="silver" opacity="100"/>
<line xp1="51.53494" yp1="39.35274" xp2="51.50175" yp2="39.48033" sp="0.05" color="silver" opacity="100"/>
<line xp1="51.50175" yp1="39.48033" xp2="51.42625" yp2="39.48314" sp="0.05" color="silver" opacity="100"/>
<line xp1="51.42625" yp1="39.48314" xp2="51.39550" yp2="39.51690" sp="0.05" color="silver" opacity="100"/>
<line xp1="51.39550" yp1="39.51690" xp2="51.39983" yp2="39.65904" sp="0.05" color="silver" opacity="100"/>
<line xp1="51.39983" yp1="39.65904" xp2="51.39281" yp2="39.66577" sp="0.05" color="silver" opacity="100"/>
<line xp1="51.39281" yp1="39.66577" xp2="51.29247" yp2="39.76190" sp="0.05" color="silver" opacity="100"/>
<line xp1="51.29247" yp1="39.76190" xp2="51.25830" yp2="39.64756" sp="0.05" color="silver" opacity="100"/>
<line xp1="51.25830" yp1="39.64756" xp2="51.21166" yp2="39.51895" sp="0.05" color="silver" opacity="100"/>
<line xp1="51.21166" yp1="39.51895" xp2="51.11267" yp2="39.54850" sp="0.05" color="silver" opacity="100"/>
<line xp1="51.11267" yp1="39.54850" xp2="51.08573" yp2="39.62539" sp="0.05" color="silver" opacity="100"/>
<line xp1="51.08573" yp1="39.62539" xp2="50.99909" yp2="39.56346" sp="0.05" color="silver" opacity="100"/>
<line xp1="50.99909" yp1="39.56346" xp2="50.92739" yp2="39.72273" sp="0.05" color="silver" opacity="100"/>
<line xp1="50.92739" yp1="39.72273" xp2="50.91500" yp2="39.84920" sp="0.05" color="silver" opacity="100"/>
<line xp1="50.91500" yp1="39.84920" xp2="50.87024" yp2="39.84454" sp="0.05" color="silver" opacity="100"/>
<line xp1="50.87024" yp1="39.84454" xp2="50.85444" yp2="39.84290" sp="0.05" color="silver" opacity="100"/>
<line xp1="50.85444" yp1="39.84290" xp2="50.84260" yp2="39.84166" sp="0.05" color="silver" opacity="100"/>
<line xp1="50.84260" yp1="39.84166" xp2="50.78655" yp2="39.76705" sp="0.05" color="silver" opacity="100"/>
<line xp1="50.78655" yp1="39.76705" xp2="50.79144" yp2="39.67578" sp="0.05" color="silver" opacity="100"/>
<line xp1="50.79144" yp1="39.67578" xp2="50.68333" yp2="39.58783" sp="0.05" color="silver" opacity="100"/>
<line xp1="50.68333" yp1="39.58783" xp2="50.64832" yp2="39.46502" sp="0.05" color="silver" opacity="100"/>
<line xp1="50.64832" yp1="39.46502" xp2="50.63407" yp2="39.35457" sp="0.05" color="silver" opacity="100"/>
<line xp1="50.63407" yp1="39.35457" xp2="50.62912" yp2="39.24319" sp="0.05" color="silver" opacity="100"/>
<line xp1="50.62912" yp1="39.24319" xp2="50.53939" yp2="39.20562" sp="0.05" color="silver" opacity="100"/>
<line xp1="50.53939" yp1="39.20562" xp2="50.45284" yp2="39.45664" sp="0.05" color="silver" opacity="100"/>
<line xp1="50.45284" yp1="39.45664" xp2="50.51288" yp2="39.56375" sp="0.05" color="silver" opacity="100"/>
<line xp1="50.51288" yp1="39.56375" xp2="50.45209" yp2="39.75509" sp="0.05" color="silver" opacity="100"/>
<line xp1="50.45209" yp1="39.75509" xp2="50.39049" yp2="39.71527" sp="0.05" color="silver" opacity="100"/>
<line xp1="50.39049" yp1="39.71527" xp2="50.27963" yp2="39.61463" sp="0.05" color="silver" opacity="100"/>
<line xp1="50.27963" yp1="39.61463" xp2="50.19548" yp2="39.48415" sp="0.05" color="silver" opacity="100"/>
<line xp1="50.19548" yp1="39.48415" xp2="50.08586" yp2="39.49649" sp="0.05" color="silver" opacity="100"/>
<line xp1="50.08586" yp1="39.49649" xp2="50.07466" yp2="39.63123" sp="0.05" color="silver" opacity="100"/>
<line xp1="50.07466" yp1="39.63123" xp2="50.02439" yp2="39.75397" sp="0.05" color="silver" opacity="100"/>
<line xp1="50.02439" yp1="39.75397" xp2="50.02076" yp2="39.76284" sp="0.05" color="silver" opacity="100"/>
<line xp1="50.02076" yp1="39.76284" xp2="49.91035" yp2="39.70600" sp="0.05" color="silver" opacity="100"/>
<line xp1="49.91035" yp1="39.70600" xp2="49.90578" yp2="39.71160" sp="0.05" color="silver" opacity="100"/>
<line xp1="49.90578" yp1="39.71160" xp2="49.85207" yp2="39.77745" sp="0.05" color="silver" opacity="100"/>
<line xp1="49.85207" yp1="39.77745" xp2="49.83217" yp2="39.90884" sp="0.05" color="silver" opacity="100"/>
<line xp1="49.83217" yp1="39.90884" xp2="49.73574" yp2="39.97534" sp="0.05" color="silver" opacity="100"/>
<line xp1="49.73574" yp1="39.97534" xp2="49.60026" yp2="39.78631" sp="0.05" color="silver" opacity="100"/>
<line xp1="49.60026" yp1="39.78631" xp2="49.53312" yp2="39.65769" sp="0.05" color="silver" opacity="100"/>
<line xp1="49.53312" yp1="39.65769" xp2="49.43728" yp2="39.56969" sp="0.05" color="silver" opacity="100"/>
<line xp1="49.43728" yp1="39.56969" xp2="49.30582" yp2="39.65264" sp="0.05" color="silver" opacity="100"/>
<line xp1="49.30582" yp1="39.65264" xp2="49.30476" yp2="39.68922" sp="0.05" color="silver" opacity="100"/>
<line xp1="49.30476" yp1="39.68922" xp2="49.30201" yp2="39.78392" sp="0.05" color="silver" opacity="100"/>
<line xp1="49.30201" yp1="39.78392" xp2="49.31143" yp2="39.97444" sp="0.05" color="silver" opacity="100"/>
<line xp1="49.31143" yp1="39.97444" xp2="49.22205" yp2="39.98847" sp="0.05" color="silver" opacity="100"/>
<line xp1="49.22205" yp1="39.98847" xp2="49.10332" yp2="40.00689" sp="0.05" color="silver" opacity="100"/>
<line xp1="49.10332" yp1="40.00689" xp2="49.07831" yp2="40.13897" sp="0.05" color="silver" opacity="100"/>
<line xp1="49.07831" yp1="40.13897" xp2="49.07796" yp2="40.29799" sp="0.05" color="silver" opacity="100"/>
<line xp1="49.07796" yp1="40.29799" xp2="49.04096" yp2="40.44154" sp="0.05" color="silver" opacity="100"/>
<line xp1="49.04096" yp1="40.44154" xp2="49.01771" yp2="40.40345" sp="0.05" color="silver" opacity="100"/>
<line xp1="49.01771" yp1="40.40345" xp2="48.97058" yp2="40.32620" sp="0.05" color="silver" opacity="100"/>
<line xp1="48.97058" yp1="40.32620" xp2="48.88418" yp2="40.36356" sp="0.05" color="silver" opacity="100"/>
<line xp1="48.88418" yp1="40.36356" xp2="48.74038" yp2="40.41835" sp="0.05" color="silver" opacity="100"/>
<line xp1="48.74038" yp1="40.41835" xp2="48.67073" yp2="40.44888" sp="0.05" color="silver" opacity="100"/>
<line xp1="48.67073" yp1="40.44888" xp2="48.61778" yp2="40.36702" sp="0.05" color="silver" opacity="100"/>
<line xp1="48.61778" yp1="40.36702" xp2="48.59319" yp2="40.24307" sp="0.05" color="silver" opacity="100"/>
<line xp1="48.59319" yp1="40.24307" xp2="48.57918" yp2="40.23414" sp="0.05" color="silver" opacity="100"/>
<line xp1="48.57918" yp1="40.23414" xp2="48.49990" yp2="40.18363" sp="0.05" color="silver" opacity="100"/>
<line xp1="48.49990" yp1="40.18363" xp2="48.41815" yp2="40.27132" sp="0.05" color="silver" opacity="100"/>
<line xp1="48.41815" yp1="40.27132" xp2="48.34287" yp2="40.42561" sp="0.05" color="silver" opacity="100"/>
<line xp1="48.34287" yp1="40.42561" xp2="48.29200" yp2="40.44622" sp="0.05" color="silver" opacity="100"/>
<line xp1="48.29200" yp1="40.44622" xp2="48.23373" yp2="40.46983" sp="0.05" color="silver" opacity="100"/>
<line xp1="48.23373" yp1="40.46983" xp2="48.16912" yp2="40.38044" sp="0.05" color="silver" opacity="100"/>
<line xp1="48.16912" yp1="40.38044" xp2="48.09657" yp2="40.37426" sp="0.05" color="silver" opacity="100"/>
<line xp1="48.09657" yp1="40.37426" xp2="47.98952" yp2="40.44543" sp="0.05" color="silver" opacity="100"/>
<line xp1="47.98952" yp1="40.44543" xp2="47.88888" yp2="40.45842" sp="0.05" color="silver" opacity="100"/>
<line xp1="47.88888" yp1="40.45842" xp2="47.78428" yp2="40.58196" sp="0.05" color="silver" opacity="100"/>
<line xp1="47.78428" yp1="40.58196" xp2="47.76565" yp2="40.58477" sp="0.05" color="silver" opacity="100"/>
<line xp1="47.76565" yp1="40.58477" xp2="47.68782" yp2="40.59652" sp="0.05" color="silver" opacity="100"/>
<line xp1="47.68782" yp1="40.59652" xp2="47.60185" yp2="40.57502" sp="0.05" color="silver" opacity="100"/>
<line xp1="47.60185" yp1="40.57502" xp2="47.48992" yp2="40.59815" sp="0.05" color="silver" opacity="100"/>
<line xp1="47.48992" yp1="40.59815" xp2="47.40075" yp2="40.61232" sp="0.05" color="silver" opacity="100"/>
<line xp1="47.40075" yp1="40.61232" xp2="47.36677" yp2="40.89706" sp="0.05" color="silver" opacity="100"/>
<line xp1="47.36677" yp1="40.89706" xp2="47.35137" yp2="40.92964" sp="0.05" color="silver" opacity="100"/>
<line xp1="47.35137" yp1="40.92964" xp2="47.26871" yp2="41.10457" sp="0.05" color="silver" opacity="100"/>
<line xp1="47.26871" yp1="41.10457" xp2="47.15322" yp2="41.24881" sp="0.05" color="silver" opacity="100"/>
<line xp1="47.15322" yp1="41.24881" xp2="47.08468" yp2="41.26314" sp="0.05" color="silver" opacity="100"/>
<line xp1="47.08468" yp1="41.26314" xp2="47.04549" yp2="41.08704" sp="0.05" color="silver" opacity="100"/>
<line xp1="47.04549" yp1="41.08704" xp2="46.96774" yp2="41.13277" sp="0.05" color="silver" opacity="100"/>
<line xp1="46.96774" yp1="41.13277" xp2="46.96150" yp2="41.13392" sp="0.05" color="silver" opacity="100"/>
<line xp1="46.96150" yp1="41.13392" xp2="46.79311" yp2="41.16478" sp="0.05" color="silver" opacity="100"/>
<line xp1="46.79311" yp1="41.16478" xp2="46.76919" yp2="41.07054" sp="0.05" color="silver" opacity="100"/>
<line xp1="46.76919" yp1="41.07054" xp2="46.62083" yp2="41.08867" sp="0.05" color="silver" opacity="100"/>
<line xp1="46.62083" yp1="41.08867" xp2="46.51557" yp2="41.24362" sp="0.05" color="silver" opacity="100"/>
<line xp1="46.51557" yp1="41.24362" xp2="46.43356" yp2="41.39383" sp="0.05" color="silver" opacity="100"/>
<line xp1="46.43356" yp1="41.39383" xp2="46.39682" yp2="41.44838" sp="0.05" color="silver" opacity="100"/>
<line xp1="46.39682" yp1="41.44838" xp2="46.26256" yp2="41.64775" sp="0.05" color="silver" opacity="100"/>
<line xp1="46.26256" yp1="41.64775" xp2="46.15749" yp2="41.60325" sp="0.05" color="silver" opacity="100"/>
<line xp1="46.15749" yp1="41.60325" xp2="46.15326" yp2="41.60145" sp="0.05" color="silver" opacity="100"/>
<line xp1="46.15326" yp1="41.60145" xp2="46.15326" yp2="42.13246" sp="0.05" color="silver" opacity="100"/>
<line xp1="46.15326" yp1="42.13246" xp2="46.15326" yp2="42.94266" sp="0.05" color="silver" opacity="100"/>
<line xp1="46.15326" yp1="42.94266" xp2="46.15325" yp2="43.37915" sp="0.05" color="silver" opacity="100"/>
<line xp1="46.15325" yp1="43.37915" xp2="46.15325" yp2="44.06390" sp="0.05" color="silver" opacity="100"/>
<line xp1="46.15325" yp1="44.06390" xp2="46.15324" yp2="44.62604" sp="0.05" color="silver" opacity="100"/>
<line xp1="46.15324" yp1="44.62604" xp2="46.15324" yp2="45.37495" sp="0.05" color="silver" opacity="100"/>
<line xp1="46.15324" yp1="45.37495" xp2="46.15323" yp2="45.87336" sp="0.05" color="silver" opacity="100"/>
<line xp1="46.15323" yp1="45.87336" xp2="46.15322" yp2="47.14201" sp="0.05" color="silver" opacity="100"/>
<line xp1="46.15322" yp1="47.14201" xp2="46.14806" yp2="47.14201" sp="0.05" color="silver" opacity="100"/>
<line xp1="46.14806" yp1="47.14201" xp2="45.67536" yp2="47.14197" sp="0.05" color="silver" opacity="100"/>
<line xp1="45.67536" yp1="47.14197" xp2="45.31362" yp2="47.14144" sp="0.05" color="silver" opacity="100"/>
<line xp1="45.31362" yp1="47.14144" xp2="45.24213" yp2="47.14134" sp="0.05" color="silver" opacity="100"/>
<line xp1="45.24213" yp1="47.14134" xp2="44.79358" yp2="47.14195" sp="0.05" color="silver" opacity="100"/>
<line xp1="44.79358" yp1="47.14195" xp2="44.68592" yp2="47.14151" sp="0.05" color="silver" opacity="100"/>
<line xp1="44.68592" yp1="47.14151" xp2="44.48438" yp2="47.14070" sp="0.05" color="silver" opacity="100"/>
<line xp1="44.48438" yp1="47.14070" xp2="43.65552" yp2="47.14151" sp="0.05" color="silver" opacity="100"/>
<line xp1="43.65552" yp1="47.14151" xp2="43.34375" yp2="47.14187" sp="0.05" color="silver" opacity="100"/>
<line xp1="43.34375" yp1="47.14187" xp2="43.02717" yp2="47.14304" sp="0.05" color="silver" opacity="100"/>
<line xp1="43.02717" yp1="47.14304" xp2="42.82698" yp2="47.14379" sp="0.05" color="silver" opacity="100"/>
<line xp1="42.82698" yp1="47.14379" xp2="41.53472" yp2="47.14399" sp="0.05" color="silver" opacity="100"/>
<line xp1="41.53472" yp1="47.14399" xp2="41.47396" yp2="47.14411" sp="0.05" color="silver" opacity="100"/>
<line xp1="41.47396" yp1="47.14411" xp2="41.47566" yp2="45.87209" sp="0.05" color="silver" opacity="100"/>
<line xp1="41.47566" yp1="45.87209" xp2="41.47484" yp2="44.96981" sp="0.05" color="silver" opacity="100"/>
<line xp1="41.47484" yp1="44.96981" xp2="41.47453" yp2="44.63568" sp="0.05" color="silver" opacity="100"/>
<line xp1="41.47453" yp1="44.63568" xp2="41.47290" yp2="43.38045" sp="0.05" color="silver" opacity="100"/>
<line xp1="41.47290" yp1="43.38045" xp2="41.47275" yp2="43.27067" sp="0.05" color="silver" opacity="100"/>
<line xp1="41.47275" yp1="43.27067" xp2="41.47271" yp2="42.72612" sp="0.05" color="silver" opacity="100"/>
<line xp1="41.47271" yp1="42.72612" xp2="41.47266" yp2="42.13532" sp="0.05" color="silver" opacity="100"/>
<line xp1="41.47266" yp1="42.13532" xp2="41.47220" yp2="41.77081" sp="0.05" color="silver" opacity="100"/>
<line xp1="41.47220" yp1="41.77081" xp2="41.47085" yp2="41.08444" sp="0.05" color="silver" opacity="100"/>
<line xp1="41.47085" yp1="41.08444" xp2="41.47100" yp2="40.89357" sp="0.05" color="silver" opacity="100"/>
<line xp1="41.47100" yp1="40.89357" xp2="41.47102" yp2="40.86471" sp="0.05" color="silver" opacity="100"/>
<line xp1="41.47102" yp1="40.86471" xp2="41.47144" yp2="40.32238" sp="0.05" color="silver" opacity="100"/>
<line xp1="41.47144" yp1="40.32238" xp2="41.47151" yp2="40.22681" sp="0.05" color="silver" opacity="100"/>
<line xp1="41.47151" yp1="40.22681" xp2="41.46562" yp2="39.49907" sp="0.05" color="silver" opacity="100"/>
<line xp1="41.46562" yp1="39.49907" xp2="41.45752" yp2="38.77314" sp="0.05" color="silver" opacity="100"/>
<line xp1="41.45752" yp1="38.77314" xp2="41.45752" yp2="38.77307" sp="0.05" color="silver" opacity="100"/>
<line xp1="41.45752" yp1="38.77307" xp2="41.45155" yp2="38.25261" sp="0.05" color="silver" opacity="100"/>
<line xp1="41.45155" yp1="38.25261" xp2="41.44600" yp2="37.76921" sp="0.05" color="silver" opacity="100"/>
<line xp1="41.44600" yp1="37.76921" xp2="41.44082" yp2="37.02602" sp="0.05" color="silver" opacity="100"/>
<line xp1="41.44082" yp1="37.02602" xp2="41.43863" yp2="36.71245" sp="0.05" color="silver" opacity="100"/>
<line xp1="41.43863" yp1="36.71245" xp2="41.43883" yp2="35.96567" sp="0.05" color="silver" opacity="100"/>
<line xp1="41.43883" yp1="35.96567" xp2="41.43893" yp2="35.77769" sp="0.05" color="silver" opacity="100"/>
<line xp1="41.43893" yp1="35.77769" xp2="41.43935" yp2="34.70002" sp="0.05" color="silver" opacity="100"/>
<line xp1="41.43935" yp1="34.70002" xp2="41.43935" yp2="34.53443" sp="0.05" color="silver" opacity="100"/>
<line xp1="41.43935" yp1="34.53443" xp2="41.43935" yp2="34.28719" sp="0.05" color="silver" opacity="100"/>
<line xp1="41.43935" yp1="34.28719" xp2="41.03615" yp2="34.28677" sp="0.05" color="silver" opacity="100"/>
<line xp1="41.03615" yp1="34.28677" xp2="40.42634" yp2="34.28619" sp="0.05" color="silver" opacity="100"/>
<line xp1="40.42634" yp1="34.28619" xp2="40.03044" yp2="34.28581" sp="0.05" color="silver" opacity="100"/>
<line xp1="40.03044" yp1="34.28581" xp2="39.96228" yp2="34.28574" sp="0.05" color="silver" opacity="100"/>
<line xp1="39.96228" yp1="34.28574" xp2="39.00996" yp2="34.28698" sp="0.05" color="silver" opacity="100"/>
<line xp1="39.00996" yp1="34.28698" xp2="38.69578" yp2="34.28704" sp="0.05" color="silver" opacity="100"/>
<line xp1="38.69578" yp1="34.28704" xp2="38.58714" yp2="34.28706" sp="0.05" color="silver" opacity="100"/>
<line xp1="38.58714" yp1="34.28706" xp2="38.22462" yp2="34.28713" sp="0.05" color="silver" opacity="100"/>
<line xp1="38.22462" yp1="34.28713" xp2="37.30688" yp2="34.29202" sp="0.05" color="silver" opacity="100"/>
<line xp1="37.30688" yp1="34.29202" xp2="36.92620" yp2="34.29136" sp="0.05" color="silver" opacity="100"/>
<line xp1="36.92620" yp1="34.29136" xp2="36.61431" yp2="34.29081" sp="0.05" color="silver" opacity="100"/>
<line xp1="36.61431" yp1="34.29081" xp2="36.34281" yp2="34.28926" sp="0.05" color="silver" opacity="100"/>
<line xp1="36.34281" yp1="34.28926" xp2="35.97156" yp2="34.28713" sp="0.05" color="silver" opacity="100"/>
<line xp1="35.97156" yp1="34.28713" xp2="35.95367" yp2="34.20359" sp="0.05" color="silver" opacity="100"/>
<line xp1="35.95367" yp1="34.20359" xp2="35.96393" yp2="34.04010" sp="0.05" color="silver" opacity="100"/>
<line xp1="35.96393" yp1="34.04010" xp2="35.96393" yp2="34.04010" sp="0.05" color="silver" opacity="100"/>
<line xp1="24.53466" yp1="50.29936" xp2="24.53431" yp2="49.97718" sp="0.05" color="silver" opacity="100"/>
<line xp1="24.53431" yp1="49.97718" xp2="24.53542" yp2="49.38432" sp="0.05" color="silver" opacity="100"/>
<line xp1="24.53542" yp1="49.38432" xp2="24.53577" yp2="48.82410" sp="0.05" color="silver" opacity="100"/>
<line xp1="24.53577" yp1="48.82410" xp2="24.53754" yp2="48.57256" sp="0.05" color="silver" opacity="100"/>
<line xp1="24.53754" yp1="48.57256" xp2="24.66784" yp2="48.57150" sp="0.05" color="silver" opacity="100"/>
<line xp1="24.66784" yp1="48.57150" xp2="26.20543" yp2="48.57205" sp="0.05" color="silver" opacity="100"/>
<line xp1="26.20543" yp1="48.57205" xp2="26.30894" yp2="48.57229" sp="0.05" color="silver" opacity="100"/>
<line xp1="26.30894" yp1="48.57229" xp2="26.41615" yp2="48.57253" sp="0.05" color="silver" opacity="100"/>
<line xp1="26.41615" yp1="48.57253" xp2="26.85370" yp2="48.57353" sp="0.05" color="silver" opacity="100"/>
<line xp1="26.85370" yp1="48.57353" xp2="26.86374" yp2="48.57355" sp="0.05" color="silver" opacity="100"/>
<line xp1="26.86374" yp1="48.57355" xp2="27.14202" yp2="48.57436" sp="0.05" color="silver" opacity="100"/>
<line xp1="27.14202" yp1="48.57436" xp2="28.59572" yp2="48.57565" sp="0.05" color="silver" opacity="100"/>
<line xp1="28.59572" yp1="48.57565" xp2="28.60636" yp2="48.57566" sp="0.05" color="silver" opacity="100"/>
<line xp1="28.60636" yp1="48.57566" xp2="28.80264" yp2="48.57276" sp="0.05" color="silver" opacity="100"/>
<line xp1="28.80264" yp1="48.57276" xp2="29.12847" yp2="48.57825" sp="0.05" color="silver" opacity="100"/>
<line xp1="29.12847" yp1="48.57825" xp2="29.61432" yp2="48.58056" sp="0.05" color="silver" opacity="100"/>
<line xp1="29.61432" yp1="48.58056" xp2="30.04586" yp2="48.56571" sp="0.05" color="silver" opacity="100"/>
<line xp1="30.04586" yp1="48.56571" xp2="30.76819" yp2="48.56562" sp="0.05" color="silver" opacity="100"/>
<line xp1="30.76819" yp1="48.56562" xp2="31.54563" yp2="48.56887" sp="0.05" color="silver" opacity="100"/>
<line xp1="31.54563" yp1="48.56887" xp2="32.23812" yp2="48.56881" sp="0.05" color="silver" opacity="100"/>
<line xp1="32.23812" yp1="48.56881" xp2="32.24034" yp2="49.95663" sp="0.05" color="silver" opacity="100"/>
<line xp1="32.24034" yp1="49.95663" xp2="32.24215" yp2="51.08881" sp="0.05" color="silver" opacity="100"/>
<line xp1="32.24215" yp1="51.08881" xp2="32.24339" yp2="51.86581" sp="0.05" color="silver" opacity="100"/>
<line xp1="32.24339" yp1="51.86581" xp2="32.24344" yp2="51.89911" sp="0.05" color="silver" opacity="100"/>
<line xp1="32.24344" yp1="51.89911" xp2="32.21529" yp2="52.21568" sp="0.05" color="silver" opacity="100"/>
<line xp1="32.21529" yp1="52.21568" xp2="32.21544" yp2="52.85711" sp="0.05" color="silver" opacity="100"/>
<line xp1="32.21544" yp1="52.85711" xp2="32.22844" yp2="54.64599" sp="0.05" color="silver" opacity="100"/>
<line xp1="32.22844" yp1="54.64599" xp2="32.22889" yp2="55.33336" sp="0.05" color="silver" opacity="100"/>
<line xp1="32.22889" yp1="55.33336" xp2="32.22913" yp2="55.70783" sp="0.05" color="silver" opacity="100"/>
<line xp1="32.22913" yp1="55.70783" xp2="32.22943" yp2="56.17278" sp="0.05" color="silver" opacity="100"/>
<line xp1="32.22943" yp1="56.17278" xp2="32.22982" yp2="56.78563" sp="0.05" color="silver" opacity="100"/>
<line xp1="32.22982" yp1="56.78563" xp2="32.22927" yp2="57.65957" sp="0.05" color="silver" opacity="100"/>
<line xp1="32.22927" yp1="57.65957" xp2="32.22964" yp2="57.77902" sp="0.05" color="silver" opacity="100"/>
<line xp1="32.22964" yp1="57.77902" xp2="32.23346" yp2="59.01029" sp="0.05" color="silver" opacity="100"/>
<line xp1="32.23346" yp1="59.01029" xp2="32.23345" yp2="59.03601" sp="0.05" color="silver" opacity="100"/>
<line xp1="32.23345" yp1="59.03601" xp2="32.23315" yp2="59.50309" sp="0.05" color="silver" opacity="100"/>
<line xp1="32.23315" yp1="59.50309" xp2="32.23065" yp2="60.00188" sp="0.05" color="silver" opacity="100"/>
<line xp1="32.23065" yp1="60.00188" xp2="31.92195" yp2="60.00288" sp="0.05" color="silver" opacity="100"/>
<line xp1="31.92195" yp1="60.00288" xp2="31.20706" yp2="59.99483" sp="0.05" color="silver" opacity="100"/>
<line xp1="31.20706" yp1="59.99483" xp2="30.76813" yp2="59.99264" sp="0.05" color="silver" opacity="100"/>
<line xp1="30.76813" yp1="59.99264" xp2="30.69464" yp2="59.99228" sp="0.05" color="silver" opacity="100"/>
<line xp1="30.69464" yp1="59.99228" xp2="30.58209" yp2="59.99172" sp="0.05" color="silver" opacity="100"/>
<line xp1="30.58209" yp1="59.99172" xp2="29.93874" yp2="59.98956" sp="0.05" color="silver" opacity="100"/>
<line xp1="29.93874" yp1="59.98956" xp2="29.15889" yp2="59.99417" sp="0.05" color="silver" opacity="100"/>
<line xp1="29.15889" yp1="59.99417" xp2="29.15902" yp2="60.71893" sp="0.05" color="silver" opacity="100"/>
<line xp1="29.15902" yp1="60.71893" xp2="29.15908" yp2="61.03055" sp="0.05" color="silver" opacity="100"/>
<line xp1="29.15908" yp1="61.03055" xp2="29.16032" yp2="61.61592" sp="0.05" color="silver" opacity="100"/>
<line xp1="29.16032" yp1="61.61592" xp2="29.16028" yp2="61.65670" sp="0.05" color="silver" opacity="100"/>
<line xp1="29.16028" yp1="61.65670" xp2="29.15894" yp2="62.86162" sp="0.05" color="silver" opacity="100"/>
<line xp1="29.15894" yp1="62.86162" xp2="28.65519" yp2="62.85969" sp="0.05" color="silver" opacity="100"/>
<line xp1="28.65519" yp1="62.85969" xp2="28.50557" yp2="62.85640" sp="0.05" color="silver" opacity="100"/>
<line xp1="28.50557" yp1="62.85640" xp2="28.44953" yp2="62.85624" sp="0.05" color="silver" opacity="100"/>
<line xp1="28.44953" yp1="62.85624" xp2="28.44952" yp2="62.85624" sp="0.05" color="silver" opacity="100"/>
<line xp1="28.44952" yp1="62.85624" xp2="28.07573" yp2="62.85523" sp="0.05" color="silver" opacity="100"/>
<line xp1="28.07573" yp1="62.85523" xp2="27.52393" yp2="62.85028" sp="0.05" color="silver" opacity="100"/>
<line xp1="27.52393" yp1="62.85028" xp2="27.52380" yp2="62.85028" sp="0.05" color="silver" opacity="100"/>
<line xp1="27.52380" yp1="62.85028" xp2="27.44742" yp2="62.85338" sp="0.05" color="silver" opacity="100"/>
<line xp1="27.44742" yp1="62.85338" xp2="27.28471" yp2="62.85997" sp="0.05" color="silver" opacity="100"/>
<line xp1="27.28471" yp1="62.85997" xp2="26.69536" yp2="62.85802" sp="0.05" color="silver" opacity="100"/>
<line xp1="26.69536" yp1="62.85802" xp2="26.15378" yp2="62.85208" sp="0.05" color="silver" opacity="100"/>
<line xp1="26.15378" yp1="62.85208" xp2="26.15258" yp2="62.85207" sp="0.05" color="silver" opacity="100"/>
<line xp1="26.15258" yp1="62.85207" xp2="25.77052" yp2="62.84629" sp="0.05" color="silver" opacity="100"/>
<line xp1="25.77052" yp1="62.84629" xp2="25.38993" yp2="62.83801" sp="0.05" color="silver" opacity="100"/>
<line xp1="25.38993" yp1="62.83801" xp2="24.89544" yp2="62.82451" sp="0.05" color="silver" opacity="100"/>
<line xp1="24.89544" yp1="62.82451" xp2="24.55120" yp2="62.83920" sp="0.05" color="silver" opacity="100"/>
<line xp1="24.55120" yp1="62.83920" xp2="24.55400" yp2="62.15366" sp="0.05" color="silver" opacity="100"/>
<line xp1="24.55400" yp1="62.15366" xp2="24.55349" yp2="61.40483" sp="0.05" color="silver" opacity="100"/>
<line xp1="24.55349" yp1="61.40483" xp2="24.55162" yp2="60.59358" sp="0.05" color="silver" opacity="100"/>
<line xp1="24.55162" yp1="60.59358" xp2="24.55055" yp2="59.99979" sp="0.05" color="silver" opacity="100"/>
<line xp1="24.55055" yp1="59.99979" xp2="24.55055" yp2="59.99970" sp="0.05" color="silver" opacity="100"/>
<line xp1="24.55055" yp1="59.99970" xp2="24.54845" yp2="59.21798" sp="0.05" color="silver" opacity="100"/>
<line xp1="24.54845" yp1="59.21798" xp2="24.54527" yp2="58.55943" sp="0.05" color="silver" opacity="100"/>
<line xp1="24.54527" yp1="58.55943" xp2="24.54434" yp2="58.28089" sp="0.05" color="silver" opacity="100"/>
<line xp1="24.54434" yp1="58.28089" xp2="24.54404" yp2="57.47696" sp="0.05" color="silver" opacity="100"/>
<line xp1="24.54404" yp1="57.47696" xp2="24.54402" yp2="57.42256" sp="0.05" color="silver" opacity="100"/>
<line xp1="24.54402" yp1="57.42256" xp2="24.54266" yp2="56.87457" sp="0.05" color="silver" opacity="100"/>
<line xp1="24.54266" yp1="56.87457" xp2="24.54187" yp2="56.55474" sp="0.05" color="silver" opacity="100"/>
<line xp1="24.54187" yp1="56.55474" xp2="24.54280" yp2="55.83641" sp="0.05" color="silver" opacity="100"/>
<line xp1="24.54280" yp1="55.83641" xp2="24.54296" yp2="55.71412" sp="0.05" color="silver" opacity="100"/>
<line xp1="24.54296" yp1="55.71412" xp2="24.53984" yp2="54.30145" sp="0.05" color="silver" opacity="100"/>
<line xp1="24.53984" yp1="54.30145" xp2="24.54146" yp2="53.93912" sp="0.05" color="silver" opacity="100"/>
<line xp1="24.54146" yp1="53.93912" xp2="24.53933" yp2="53.36389" sp="0.05" color="silver" opacity="100"/>
<line xp1="24.53933" yp1="53.36389" xp2="24.53823" yp2="53.06564" sp="0.05" color="silver" opacity="100"/>
<line xp1="24.53823" yp1="53.06564" xp2="24.53822" yp2="53.06549" sp="0.05" color="silver" opacity="100"/>
<line xp1="24.53822" yp1="53.06549" xp2="24.53828" yp2="52.58439" sp="0.05" color="silver" opacity="100"/>
<line xp1="24.53828" yp1="52.58439" xp2="24.53825" yp2="52.14274" sp="0.05" color="silver" opacity="100"/>
<line xp1="24.53825" yp1="52.14274" xp2="24.53861" yp2="51.85361" sp="0.05" color="silver" opacity="100"/>
<line xp1="24.53861" yp1="51.85361" xp2="24.53861" yp2="51.85315" sp="0.05" color="silver" opacity="100"/>
<line xp1="24.53861" yp1="51.85315" xp2="24.53899" yp2="51.08962" sp="0.05" color="silver" opacity="100"/>
<line xp1="24.53899" yp1="51.08962" xp2="24.53580" yp2="50.70285" sp="0.05" color="silver" opacity="100"/>
<line xp1="24.53580" yp1="50.70285" xp2="24.53466" yp2="50.29936" sp="0.05" color="silver" opacity="100"/>
<line xp1="24.53466" yp1="50.29936" xp2="24.53466" yp2="50.29936" sp="0.05" color="silver" opacity="100"/>
<line xp1="87.05182" yp1="68.85549" xp2="87.02018" yp2="68.69308" sp="0.05" color="silver" opacity="100"/>
<line xp1="87.02018" yp1="68.69308" xp2="87.06773" yp2="68.60424" sp="0.05" color="silver" opacity="100"/>
<line xp1="87.06773" yp1="68.60424" xp2="87.05962" yp2="68.50170" sp="0.05" color="silver" opacity="100"/>
<line xp1="87.05962" yp1="68.50170" xp2="87.06501" yp2="68.37111" sp="0.05" color="silver" opacity="100"/>
<line xp1="87.06501" yp1="68.37111" xp2="87.11684" yp2="68.21589" sp="0.05" color="silver" opacity="100"/>
<line xp1="87.11684" yp1="68.21589" xp2="87.09184" yp2="68.04963" sp="0.05" color="silver" opacity="100"/>
<line xp1="87.09184" yp1="68.04963" xp2="87.10381" yp2="68.02331" sp="0.05" color="silver" opacity="100"/>
<line xp1="87.10381" yp1="68.02331" xp2="87.15276" yp2="67.91561" sp="0.05" color="silver" opacity="100"/>
<line xp1="87.15276" yp1="67.91561" xp2="87.13676" yp2="67.86638" sp="0.05" color="silver" opacity="100"/>
<line xp1="87.13676" yp1="67.86638" xp2="87.08658" yp2="67.71200" sp="0.05" color="silver" opacity="100"/>
<line xp1="87.08658" yp1="67.71200" xp2="87.05454" yp2="67.59488" sp="0.05" color="silver" opacity="100"/>
<line xp1="87.05454" yp1="67.59488" xp2="87.03850" yp2="67.42507" sp="0.05" color="silver" opacity="100"/>
<line xp1="87.03850" yp1="67.42507" xp2="87.08344" yp2="67.33739" sp="0.05" color="silver" opacity="100"/>
<line xp1="87.08344" yp1="67.33739" xp2="87.18815" yp2="67.50261" sp="0.05" color="silver" opacity="100"/>
<line xp1="87.18815" yp1="67.50261" xp2="87.24290" yp2="67.38431" sp="0.05" color="silver" opacity="100"/>
<line xp1="87.24290" yp1="67.38431" xp2="87.31994" yp2="67.24264" sp="0.05" color="silver" opacity="100"/>
<line xp1="87.31994" yp1="67.24264" xp2="87.30334" yp2="66.75284" sp="0.05" color="silver" opacity="100"/>
<line xp1="87.30334" yp1="66.75284" xp2="87.29944" yp2="66.61296" sp="0.05" color="silver" opacity="100"/>
<line xp1="87.29944" yp1="66.61296" xp2="87.27726" yp2="65.81692" sp="0.05" color="silver" opacity="100"/>
<line xp1="87.27726" yp1="65.81692" xp2="87.27686" yp2="65.80012" sp="0.05" color="silver" opacity="100"/>
<line xp1="87.27686" yp1="65.80012" xp2="87.27103" yp2="65.55323" sp="0.05" color="silver" opacity="100"/>
<line xp1="87.27103" yp1="65.55323" xp2="87.26358" yp2="65.23831" sp="0.05" color="silver" opacity="100"/>
<line xp1="87.26358" yp1="65.23831" xp2="87.24470" yp2="65.14834" sp="0.05" color="silver" opacity="100"/>
<line xp1="87.24470" yp1="65.14834" xp2="87.28468" yp2="64.98840" sp="0.05" color="silver" opacity="100"/>
<line xp1="87.28468" yp1="64.98840" xp2="87.47281" yp2="64.98123" sp="0.05" color="silver" opacity="100"/>
<line xp1="87.47281" yp1="64.98123" xp2="87.65690" yp2="64.97421" sp="0.05" color="silver" opacity="100"/>
<line xp1="87.65690" yp1="64.97421" xp2="87.66362" yp2="64.97395" sp="0.05" color="silver" opacity="100"/>
<line xp1="87.66362" yp1="64.97395" xp2="87.77087" yp2="64.96986" sp="0.05" color="silver" opacity="100"/>
<line xp1="87.77087" yp1="64.96986" xp2="87.79984" yp2="64.96876" sp="0.05" color="silver" opacity="100"/>
<line xp1="87.79984" yp1="64.96876" xp2="87.80429" yp2="64.96859" sp="0.05" color="silver" opacity="100"/>
<line xp1="87.80429" yp1="64.96859" xp2="87.90109" yp2="64.96490" sp="0.05" color="silver" opacity="100"/>
<line xp1="87.90109" yp1="64.96490" xp2="87.98598" yp2="64.96166" sp="0.05" color="silver" opacity="100"/>
<line xp1="87.98598" yp1="64.96166" xp2="88.43583" yp2="64.93848" sp="0.05" color="silver" opacity="100"/>
<line xp1="88.43583" yp1="64.93848" xp2="88.52536" yp2="64.93387" sp="0.05" color="silver" opacity="100"/>
<line xp1="88.52536" yp1="64.93387" xp2="88.49598" yp2="65.03213" sp="0.05" color="silver" opacity="100"/>
<line xp1="88.49598" yp1="65.03213" xp2="88.40062" yp2="65.15666" sp="0.05" color="silver" opacity="100"/>
<line xp1="88.40062" yp1="65.15666" xp2="88.37861" yp2="65.30866" sp="0.05" color="silver" opacity="100"/>
<line xp1="88.37861" yp1="65.30866" xp2="88.37521" yp2="65.33215" sp="0.05" color="silver" opacity="100"/>
<line xp1="88.37521" yp1="65.33215" xp2="88.41312" yp2="65.42271" sp="0.05" color="silver" opacity="100"/>
<line xp1="88.41312" yp1="65.42271" xp2="88.41202" yp2="65.58556" sp="0.05" color="silver" opacity="100"/>
<line xp1="88.41202" yp1="65.58556" xp2="88.47293" yp2="65.62185" sp="0.05" color="silver" opacity="100"/>
<line xp1="88.47293" yp1="65.62185" xp2="88.54619" yp2="65.72690" sp="0.05" color="silver" opacity="100"/>
<line xp1="88.54619" yp1="65.72690" xp2="88.53545" yp2="65.77284" sp="0.05" color="silver" opacity="100"/>
<line xp1="88.53545" yp1="65.77284" xp2="88.51962" yp2="65.84061" sp="0.05" color="silver" opacity="100"/>
<line xp1="88.51962" yp1="65.84061" xp2="88.56124" yp2="65.96178" sp="0.05" color="silver" opacity="100"/>
<line xp1="88.56124" yp1="65.96178" xp2="88.53569" yp2="66.15282" sp="0.05" color="silver" opacity="100"/>
<line xp1="88.53569" yp1="66.15282" xp2="88.53785" yp2="66.17490" sp="0.05" color="silver" opacity="100"/>
<line xp1="88.53785" yp1="66.17490" xp2="88.55298" yp2="66.32930" sp="0.05" color="silver" opacity="100"/>
<line xp1="88.55298" yp1="66.32930" xp2="88.56365" yp2="66.37962" sp="0.05" color="silver" opacity="100"/>
<line xp1="88.56365" yp1="66.37962" xp2="88.58218" yp2="66.46698" sp="0.05" color="silver" opacity="100"/>
<line xp1="88.58218" yp1="66.46698" xp2="88.61149" yp2="66.62966" sp="0.05" color="silver" opacity="100"/>
<line xp1="88.61149" yp1="66.62966" xp2="88.60477" yp2="66.67843" sp="0.05" color="silver" opacity="100"/>
<line xp1="88.60477" yp1="66.67843" xp2="88.59480" yp2="66.75069" sp="0.05" color="silver" opacity="100"/>
<line xp1="88.59480" yp1="66.75069" xp2="88.62006" yp2="66.93933" sp="0.05" color="silver" opacity="100"/>
<line xp1="88.62006" yp1="66.93933" xp2="88.62017" yp2="66.94015" sp="0.05" color="silver" opacity="100"/>
<line xp1="88.62017" yp1="66.94015" xp2="88.64478" yp2="67.12398" sp="0.05" color="silver" opacity="100"/>
<line xp1="88.64478" yp1="67.12398" xp2="88.64702" yp2="67.35448" sp="0.05" color="silver" opacity="100"/>
<line xp1="88.64702" yp1="67.35448" xp2="88.71754" yp2="67.44455" sp="0.05" color="silver" opacity="100"/>
<line xp1="88.71754" yp1="67.44455" xp2="88.72381" yp2="67.45255" sp="0.05" color="silver" opacity="100"/>
<line xp1="88.72381" yp1="67.45255" xp2="88.79261" yp2="67.77246" sp="0.05" color="silver" opacity="100"/>
<line xp1="88.79261" yp1="67.77246" xp2="88.88912" yp2="67.88523" sp="0.05" color="silver" opacity="100"/>
<line xp1="88.88912" yp1="67.88523" xp2="88.90541" yp2="67.92298" sp="0.05" color="silver" opacity="100"/>
<line xp1="88.90541" yp1="67.92298" xp2="88.94872" yp2="68.02336" sp="0.05" color="silver" opacity="100"/>
<line xp1="88.94872" yp1="68.02336" xp2="88.96957" yp2="68.20979" sp="0.05" color="silver" opacity="100"/>
<line xp1="88.96957" yp1="68.20979" xp2="89.06788" yp2="68.42677" sp="0.05" color="silver" opacity="100"/>
<line xp1="89.06788" yp1="68.42677" xp2="89.05122" yp2="68.54844" sp="0.05" color="silver" opacity="100"/>
<line xp1="89.05122" yp1="68.54844" xp2="89.10778" yp2="68.65714" sp="0.05" color="silver" opacity="100"/>
<line xp1="89.10778" yp1="68.65714" xp2="89.10816" yp2="68.65788" sp="0.05" color="silver" opacity="100"/>
<line xp1="89.10816" yp1="68.65788" xp2="89.11464" yp2="68.67033" sp="0.05" color="silver" opacity="100"/>
<line xp1="89.11464" yp1="68.67033" xp2="89.17403" yp2="68.86605" sp="0.05" color="silver" opacity="100"/>
<line xp1="89.17403" yp1="68.86605" xp2="89.14791" yp2="69.02836" sp="0.05" color="silver" opacity="100"/>
<line xp1="89.14791" yp1="69.02836" xp2="89.13640" yp2="69.09986" sp="0.05" color="silver" opacity="100"/>
<line xp1="89.13640" yp1="69.09986" xp2="89.14771" yp2="69.27693" sp="0.05" color="silver" opacity="100"/>
<line xp1="89.14771" yp1="69.27693" xp2="89.15954" yp2="69.40567" sp="0.05" color="silver" opacity="100"/>
<line xp1="89.15954" yp1="69.40567" xp2="89.22721" yp2="69.49963" sp="0.05" color="silver" opacity="100"/>
<line xp1="89.22721" yp1="69.49963" xp2="89.31513" yp2="69.53641" sp="0.05" color="silver" opacity="100"/>
<line xp1="89.31513" yp1="69.53641" xp2="89.42175" yp2="69.53534" sp="0.05" color="silver" opacity="100"/>
<line xp1="89.42175" yp1="69.53534" xp2="89.48025" yp2="69.56500" sp="0.05" color="silver" opacity="100"/>
<line xp1="89.48025" yp1="69.56500" xp2="89.50948" yp2="69.57983" sp="0.05" color="silver" opacity="100"/>
<line xp1="89.50948" yp1="69.57983" xp2="89.57136" yp2="69.71371" sp="0.05" color="silver" opacity="100"/>
<line xp1="89.57136" yp1="69.71371" xp2="89.59509" yp2="69.72448" sp="0.05" color="silver" opacity="100"/>
<line xp1="89.59509" yp1="69.72448" xp2="89.70628" yp2="69.77495" sp="0.05" color="silver" opacity="100"/>
<line xp1="89.70628" yp1="69.77495" xp2="89.77454" yp2="69.91105" sp="0.05" color="silver" opacity="100"/>
<line xp1="89.77454" yp1="69.91105" xp2="89.87696" yp2="70.00508" sp="0.05" color="silver" opacity="100"/>
<line xp1="89.87696" yp1="70.00508" xp2="89.86450" yp2="70.13671" sp="0.05" color="silver" opacity="100"/>
<line xp1="89.86450" yp1="70.13671" xp2="89.93089" yp2="70.22651" sp="0.05" color="silver" opacity="100"/>
<line xp1="89.93089" yp1="70.22651" xp2="89.92043" yp2="70.36457" sp="0.05" color="silver" opacity="100"/>
<line xp1="89.92043" yp1="70.36457" xp2="89.86989" yp2="70.47243" sp="0.05" color="silver" opacity="100"/>
<line xp1="89.86989" yp1="70.47243" xp2="89.80476" yp2="70.70635" sp="0.05" color="silver" opacity="100"/>
<line xp1="89.80476" yp1="70.70635" xp2="89.89169" yp2="70.87222" sp="0.05" color="silver" opacity="100"/>
<line xp1="89.89169" yp1="70.87222" xp2="89.96555" yp2="71.08803" sp="0.05" color="silver" opacity="100"/>
<line xp1="89.96555" yp1="71.08803" xp2="90.00861" yp2="71.17668" sp="0.05" color="silver" opacity="100"/>
<line xp1="90.00861" yp1="71.17668" xp2="89.95138" yp2="71.36007" sp="0.05" color="silver" opacity="100"/>
<line xp1="89.95138" yp1="71.36007" xp2="89.99833" yp2="71.46679" sp="0.05" color="silver" opacity="100"/>
<line xp1="89.99833" yp1="71.46679" xp2="89.83102" yp2="71.46488" sp="0.05" color="silver" opacity="100"/>
<line xp1="89.83102" yp1="71.46488" xp2="89.70477" yp2="71.46120" sp="0.05" color="silver" opacity="100"/>
<line xp1="89.70477" yp1="71.46120" xp2="89.38567" yp2="71.45156" sp="0.05" color="silver" opacity="100"/>
<line xp1="89.38567" yp1="71.45156" xp2="89.36152" yp2="71.45083" sp="0.05" color="silver" opacity="100"/>
<line xp1="89.36152" yp1="71.45083" xp2="89.19494" yp2="71.44798" sp="0.05" color="silver" opacity="100"/>
<line xp1="89.19494" yp1="71.44798" xp2="88.69449" yp2="71.44464" sp="0.05" color="silver" opacity="100"/>
<line xp1="88.69449" yp1="71.44464" xp2="88.41153" yp2="71.45103" sp="0.05" color="silver" opacity="100"/>
<line xp1="88.41153" yp1="71.45103" xp2="88.37880" yp2="71.45552" sp="0.05" color="silver" opacity="100"/>
<line xp1="88.37880" yp1="71.45552" xp2="88.33481" yp2="71.46155" sp="0.05" color="silver" opacity="100"/>
<line xp1="88.33481" yp1="71.46155" xp2="87.79009" yp2="71.46933" sp="0.05" color="silver" opacity="100"/>
<line xp1="87.79009" yp1="71.46933" xp2="87.61787" yp2="71.47083" sp="0.05" color="silver" opacity="100"/>
<line xp1="87.61787" yp1="71.47083" xp2="87.43042" yp2="71.46616" sp="0.05" color="silver" opacity="100"/>
<line xp1="87.43042" yp1="71.46616" xp2="87.39604" yp2="71.46531" sp="0.05" color="silver" opacity="100"/>
<line xp1="87.39604" yp1="71.46531" xp2="87.16442" yp2="71.45954" sp="0.05" color="silver" opacity="100"/>
<line xp1="87.16442" yp1="71.45954" xp2="87.16194" yp2="71.34419" sp="0.05" color="silver" opacity="100"/>
<line xp1="87.16194" yp1="71.34419" xp2="87.17080" yp2="71.19337" sp="0.05" color="silver" opacity="100"/>
<line xp1="87.17080" yp1="71.19337" xp2="87.10797" yp2="71.02011" sp="0.05" color="silver" opacity="100"/>
<line xp1="87.10797" yp1="71.02011" xp2="87.12973" yp2="70.93272" sp="0.05" color="silver" opacity="100"/>
<line xp1="87.12973" yp1="70.93272" xp2="87.17780" yp2="70.86339" sp="0.05" color="silver" opacity="100"/>
<line xp1="87.17780" yp1="70.86339" xp2="87.17568" yp2="70.85473" sp="0.05" color="silver" opacity="100"/>
<line xp1="87.17568" yp1="70.85473" xp2="87.14204" yp2="70.71719" sp="0.05" color="silver" opacity="100"/>
<line xp1="87.14204" yp1="70.71719" xp2="87.12991" yp2="70.57228" sp="0.05" color="silver" opacity="100"/>
<line xp1="87.12991" yp1="70.57228" xp2="87.09236" yp2="70.34177" sp="0.05" color="silver" opacity="100"/>
<line xp1="87.09236" yp1="70.34177" xp2="87.12727" yp2="70.19299" sp="0.05" color="silver" opacity="100"/>
<line xp1="87.12727" yp1="70.19299" xp2="87.13283" yp2="70.18154" sp="0.05" color="silver" opacity="100"/>
<line xp1="87.13283" yp1="70.18154" xp2="87.15695" yp2="70.13189" sp="0.05" color="silver" opacity="100"/>
<line xp1="87.15695" yp1="70.13189" xp2="87.21097" yp2="70.02070" sp="0.05" color="silver" opacity="100"/>
<line xp1="87.21097" yp1="70.02070" xp2="87.24060" yp2="69.83017" sp="0.05" color="silver" opacity="100"/>
<line xp1="87.24060" yp1="69.83017" xp2="87.19853" yp2="69.66477" sp="0.05" color="silver" opacity="100"/>
<line xp1="87.19853" yp1="69.66477" xp2="87.17748" yp2="69.59108" sp="0.05" color="silver" opacity="100"/>
<line xp1="87.17748" yp1="69.59108" xp2="87.19349" yp2="69.45721" sp="0.05" color="silver" opacity="100"/>
<line xp1="87.19349" yp1="69.45721" xp2="87.20391" yp2="69.32435" sp="0.05" color="silver" opacity="100"/>
<line xp1="87.20391" yp1="69.32435" xp2="87.20520" yp2="69.30791" sp="0.05" color="silver" opacity="100"/>
<line xp1="87.20520" yp1="69.30791" xp2="87.15402" yp2="69.22959" sp="0.05" color="silver" opacity="100"/>
<line xp1="87.15402" yp1="69.22959" xp2="87.08400" yp2="69.04829" sp="0.05" color="silver" opacity="100"/>
<line xp1="87.08400" yp1="69.04829" xp2="87.07728" yp2="69.00803" sp="0.05" color="silver" opacity="100"/>
<line xp1="87.07728" yp1="69.00803" xp2="87.05182" yp2="68.85549" sp="0.05" color="silver" opacity="100"/>
<line xp1="87.05182" yp1="68.85549" xp2="87.05182" yp2="68.85549" sp="0.05" color="silver" opacity="100"/>
<line xp1="83.04081" yp1="49.39733" xp2="83.07900" yp2="49.11068" sp="0.05" color="silver" opacity="100"/>
<line xp1="83.07900" yp1="49.11068" xp2="83.10830" yp2="48.85842" sp="0.05" color="silver" opacity="100"/>
<line xp1="83.10830" yp1="48.85842" xp2="83.16554" yp2="48.82745" sp="0.05" color="silver" opacity="100"/>
<line xp1="83.16554" yp1="48.82745" xp2="83.23493" yp2="48.90868" sp="0.05" color="silver" opacity="100"/>
<line xp1="83.23493" yp1="48.90868" xp2="83.35787" yp2="49.12411" sp="0.05" color="silver" opacity="100"/>
<line xp1="83.35787" yp1="49.12411" xp2="83.39206" yp2="49.27741" sp="0.05" color="silver" opacity="100"/>
<line xp1="83.39206" yp1="49.27741" xp2="83.41720" yp2="49.42050" sp="0.05" color="silver" opacity="100"/>
<line xp1="83.41720" yp1="49.42050" xp2="83.48334" yp2="49.52979" sp="0.05" color="silver" opacity="100"/>
<line xp1="83.48334" yp1="49.52979" xp2="83.50656" yp2="49.63751" sp="0.05" color="silver" opacity="100"/>
<line xp1="83.50656" yp1="49.63751" xp2="83.60249" yp2="49.86233" sp="0.05" color="silver" opacity="100"/>
<line xp1="83.60249" yp1="49.86233" xp2="83.59166" yp2="49.90655" sp="0.05" color="silver" opacity="100"/>
<line xp1="83.59166" yp1="49.90655" xp2="83.58019" yp2="49.95342" sp="0.05" color="silver" opacity="100"/>
<line xp1="83.58019" yp1="49.95342" xp2="83.68027" yp2="50.17345" sp="0.05" color="silver" opacity="100"/>
<line xp1="83.68027" yp1="50.17345" xp2="83.66996" yp2="50.31227" sp="0.05" color="silver" opacity="100"/>
<line xp1="83.66996" yp1="50.31227" xp2="83.70469" yp2="50.46622" sp="0.05" color="silver" opacity="100"/>
<line xp1="83.70469" yp1="50.46622" xp2="83.76631" yp2="50.70892" sp="0.05" color="silver" opacity="100"/>
<line xp1="83.76631" yp1="50.70892" xp2="83.86266" yp2="50.94988" sp="0.05" color="silver" opacity="100"/>
<line xp1="83.86266" yp1="50.94988" xp2="83.94000" yp2="51.05524" sp="0.05" color="silver" opacity="100"/>
<line xp1="83.94000" yp1="51.05524" xp2="84.02979" yp2="51.00486" sp="0.05" color="silver" opacity="100"/>
<line xp1="84.02979" yp1="51.00486" xp2="84.09443" yp2="51.12853" sp="0.05" color="silver" opacity="100"/>
<line xp1="84.09443" yp1="51.12853" xp2="84.24267" yp2="51.50631" sp="0.05" color="silver" opacity="100"/>
<line xp1="84.24267" yp1="51.50631" xp2="83.65486" yp2="51.41203" sp="0.05" color="silver" opacity="100"/>
<line xp1="83.65486" yp1="51.41203" xp2="83.58506" yp2="51.28799" sp="0.05" color="silver" opacity="100"/>
<line xp1="83.58506" yp1="51.28799" xp2="83.44970" yp2="51.15403" sp="0.05" color="silver" opacity="100"/>
<line xp1="83.44970" yp1="51.15403" xp2="83.53398" yp2="50.99903" sp="0.05" color="silver" opacity="100"/>
<line xp1="83.53398" yp1="50.99903" xp2="83.48326" yp2="50.90446" sp="0.05" color="silver" opacity="100"/>
<line xp1="83.48326" yp1="50.90446" xp2="83.35673" yp2="50.83342" sp="0.05" color="silver" opacity="100"/>
<line xp1="83.35673" yp1="50.83342" xp2="83.36592" yp2="50.71286" sp="0.05" color="silver" opacity="100"/>
<line xp1="83.36592" yp1="50.71286" xp2="83.29344" yp2="50.58032" sp="0.05" color="silver" opacity="100"/>
<line xp1="83.29344" yp1="50.58032" xp2="83.23282" yp2="50.38693" sp="0.05" color="silver" opacity="100"/>
<line xp1="83.23282" yp1="50.38693" xp2="83.16741" yp2="50.18240" sp="0.05" color="silver" opacity="100"/>
<line xp1="83.16741" yp1="50.18240" xp2="83.16065" yp2="50.14012" sp="0.05" color="silver" opacity="100"/>
<line xp1="83.16065" yp1="50.14012" xp2="83.11309" yp2="49.84251" sp="0.05" color="silver" opacity="100"/>
<line xp1="83.11309" yp1="49.84251" xp2="83.09674" yp2="49.62442" sp="0.05" color="silver" opacity="100"/>
<line xp1="83.09674" yp1="49.62442" xp2="83.04081" yp2="49.39733" sp="0.05" color="silver" opacity="100"/>
<line xp1="83.04081" yp1="49.39733" xp2="83.04081" yp2="49.39733" sp="0.05" color="silver" opacity="100"/>
<line xp1="71.36229" yp1="47.52567" xp2="71.26860" yp2="47.43090" sp="0.05" color="silver" opacity="100"/>
<line xp1="71.26860" yp1="47.43090" xp2="71.58139" yp2="47.42707" sp="0.05" color="silver" opacity="100"/>
<line xp1="71.58139" yp1="47.42707" xp2="71.88262" yp2="47.42339" sp="0.05" color="silver" opacity="100"/>
<line xp1="71.88262" yp1="47.42339" xp2="72.33160" yp2="47.41511" sp="0.05" color="silver" opacity="100"/>
<line xp1="72.33160" yp1="47.41511" xp2="72.56856" yp2="47.41075" sp="0.05" color="silver" opacity="100"/>
<line xp1="72.56856" yp1="47.41075" xp2="72.90895" yp2="47.41454" sp="0.05" color="silver" opacity="100"/>
<line xp1="72.90895" yp1="47.41454" xp2="73.09656" yp2="47.41663" sp="0.05" color="silver" opacity="100"/>
<line xp1="73.09656" yp1="47.41663" xp2="73.39364" yp2="47.41449" sp="0.05" color="silver" opacity="100"/>
<line xp1="73.39364" yp1="47.41449" xp2="73.47172" yp2="47.41393" sp="0.05" color="silver" opacity="100"/>
<line xp1="73.47172" yp1="47.41393" xp2="73.57849" yp2="47.41316" sp="0.05" color="silver" opacity="100"/>
<line xp1="73.57849" yp1="47.41316" xp2="73.62219" yp2="47.41303" sp="0.05" color="silver" opacity="100"/>
<line xp1="73.62219" yp1="47.41303" xp2="73.94747" yp2="47.41204" sp="0.05" color="silver" opacity="100"/>
<line xp1="73.94747" yp1="47.41204" xp2="73.96516" yp2="47.47489" sp="0.05" color="silver" opacity="100"/>
<line xp1="73.96516" yp1="47.47489" xp2="74.11272" yp2="47.47063" sp="0.05" color="silver" opacity="100"/>
<line xp1="74.11272" yp1="47.47063" xp2="74.38938" yp2="47.46262" sp="0.05" color="silver" opacity="100"/>
<line xp1="74.38938" yp1="47.46262" xp2="74.34225" yp2="47.39462" sp="0.05" color="silver" opacity="100"/>
<line xp1="74.34225" yp1="47.39462" xp2="74.61564" yp2="47.37091" sp="0.05" color="silver" opacity="100"/>
<line xp1="74.61564" yp1="47.37091" xp2="74.84120" yp2="47.36068" sp="0.05" color="silver" opacity="100"/>
<line xp1="74.84120" yp1="47.36068" xp2="75.11275" yp2="47.34836" sp="0.05" color="silver" opacity="100"/>
<line xp1="75.11275" yp1="47.34836" xp2="75.28944" yp2="47.33434" sp="0.05" color="silver" opacity="100"/>
<line xp1="75.28944" yp1="47.33434" xp2="75.53581" yp2="47.31929" sp="0.05" color="silver" opacity="100"/>
<line xp1="75.53581" yp1="47.31929" xp2="75.53591" yp2="47.31929" sp="0.05" color="silver" opacity="100"/>
<line xp1="75.53591" yp1="47.31929" xp2="75.63044" yp2="47.31980" sp="0.05" color="silver" opacity="100"/>
<line xp1="75.63044" yp1="47.31980" xp2="75.83872" yp2="47.32091" sp="0.05" color="silver" opacity="100"/>
<line xp1="75.83872" yp1="47.32091" xp2="75.98125" yp2="47.30919" sp="0.05" color="silver" opacity="100"/>
<line xp1="75.98125" yp1="47.30919" xp2="76.24563" yp2="47.28745" sp="0.05" color="silver" opacity="100"/>
<line xp1="76.24563" yp1="47.28745" xp2="76.25907" yp2="47.28634" sp="0.05" color="silver" opacity="100"/>
<line xp1="76.25907" yp1="47.28634" xp2="76.46886" yp2="47.26849" sp="0.05" color="silver" opacity="100"/>
<line xp1="76.46886" yp1="47.26849" xp2="76.84084" yp2="47.26468" sp="0.05" color="silver" opacity="100"/>
<line xp1="76.84084" yp1="47.26468" xp2="76.88102" yp2="47.26427" sp="0.05" color="silver" opacity="100"/>
<line xp1="76.88102" yp1="47.26427" xp2="76.88112" yp2="47.26427" sp="0.05" color="silver" opacity="100"/>
<line xp1="76.88112" yp1="47.26427" xp2="77.08974" yp2="47.26295" sp="0.05" color="silver" opacity="100"/>
<line xp1="77.08974" yp1="47.26295" xp2="77.36177" yp2="47.26124" sp="0.05" color="silver" opacity="100"/>
<line xp1="77.36177" yp1="47.26124" xp2="77.67131" yp2="47.25928" sp="0.05" color="silver" opacity="100"/>
<line xp1="77.67131" yp1="47.25928" xp2="77.67593" yp2="47.25925" sp="0.05" color="silver" opacity="100"/>
<line xp1="77.67593" yp1="47.25925" xp2="77.73837" yp2="47.25953" sp="0.05" color="silver" opacity="100"/>
<line xp1="77.73837" yp1="47.25953" xp2="77.93367" yp2="47.26041" sp="0.05" color="silver" opacity="100"/>
<line xp1="77.93367" yp1="47.26041" xp2="78.12545" yp2="47.26127" sp="0.05" color="silver" opacity="100"/>
<line xp1="78.12545" yp1="47.26127" xp2="78.24871" yp2="47.26182" sp="0.05" color="silver" opacity="100"/>
<line xp1="78.24871" yp1="47.26182" xp2="78.55076" yp2="47.26318" sp="0.05" color="silver" opacity="100"/>
<line xp1="78.55076" yp1="47.26318" xp2="78.77496" yp2="47.26217" sp="0.05" color="silver" opacity="100"/>
<line xp1="78.77496" yp1="47.26217" xp2="78.87058" yp2="47.26174" sp="0.05" color="silver" opacity="100"/>
<line xp1="78.87058" yp1="47.26174" xp2="79.21544" yp2="47.26019" sp="0.05" color="silver" opacity="100"/>
<line xp1="79.21544" yp1="47.26019" xp2="79.29650" yp2="47.26128" sp="0.05" color="silver" opacity="100"/>
<line xp1="79.29650" yp1="47.26128" xp2="79.50197" yp2="47.26406" sp="0.05" color="silver" opacity="100"/>
<line xp1="79.50197" yp1="47.26406" xp2="79.79552" yp2="47.26803" sp="0.05" color="silver" opacity="100"/>
<line xp1="79.79552" yp1="47.26803" xp2="79.92891" yp2="47.26914" sp="0.05" color="silver" opacity="100"/>
<line xp1="79.92891" yp1="47.26914" xp2="80.15419" yp2="47.27100" sp="0.05" color="silver" opacity="100"/>
<line xp1="80.15419" yp1="47.27100" xp2="80.35830" yp2="47.27269" sp="0.05" color="silver" opacity="100"/>
<line xp1="80.35830" yp1="47.27269" xp2="80.38507" yp2="47.27291" sp="0.05" color="silver" opacity="100"/>
<line xp1="80.38507" yp1="47.27291" xp2="81.07882" yp2="47.27440" sp="0.05" color="silver" opacity="100"/>
<line xp1="81.07882" yp1="47.27440" xp2="81.24588" yp2="47.27475" sp="0.05" color="silver" opacity="100"/>
<line xp1="81.24588" yp1="47.27475" xp2="81.28566" yp2="47.27472" sp="0.05" color="silver" opacity="100"/>
<line xp1="81.28566" yp1="47.27472" xp2="81.66566" yp2="47.27442" sp="0.05" color="silver" opacity="100"/>
<line xp1="81.66566" yp1="47.27442" xp2="81.66763" yp2="47.27452" sp="0.05" color="silver" opacity="100"/>
<line xp1="81.66763" yp1="47.27452" xp2="81.66810" yp2="47.27454" sp="0.05" color="silver" opacity="100"/>
<line xp1="81.66810" yp1="47.27454" xp2="81.94103" yp2="47.28853" sp="0.05" color="silver" opacity="100"/>
<line xp1="81.94103" yp1="47.28853" xp2="82.24313" yp2="47.28796" sp="0.05" color="silver" opacity="100"/>
<line xp1="82.24313" yp1="47.28796" xp2="82.32080" yp2="47.28781" sp="0.05" color="silver" opacity="100"/>
<line xp1="82.32080" yp1="47.28781" xp2="82.59492" yp2="47.28729" sp="0.05" color="silver" opacity="100"/>
<line xp1="82.59492" yp1="47.28729" xp2="82.59505" yp2="47.28729" sp="0.05" color="silver" opacity="100"/>
<line xp1="82.59505" yp1="47.28729" xp2="82.88869" yp2="47.28729" sp="0.05" color="silver" opacity="100"/>
<line xp1="82.88869" yp1="47.28729" xp2="83.03577" yp2="47.28729" sp="0.05" color="silver" opacity="100"/>
<line xp1="83.03577" yp1="47.28729" xp2="83.28147" yp2="47.28787" sp="0.05" color="silver" opacity="100"/>
<line xp1="83.28147" yp1="47.28787" xp2="83.24470" yp2="47.51644" sp="0.05" color="silver" opacity="100"/>
<line xp1="83.24470" yp1="47.51644" xp2="83.19731" yp2="47.69157" sp="0.05" color="silver" opacity="100"/>
<line xp1="83.19731" yp1="47.69157" xp2="83.13602" yp2="47.99999" sp="0.05" color="silver" opacity="100"/>
<line xp1="83.13602" yp1="47.99999" xp2="83.08269" yp2="48.34871" sp="0.05" color="silver" opacity="100"/>
<line xp1="83.08269" yp1="48.34871" xp2="83.01069" yp2="48.36442" sp="0.05" color="silver" opacity="100"/>
<line xp1="83.01069" yp1="48.36442" xp2="82.94161" yp2="48.31042" sp="0.05" color="silver" opacity="100"/>
<line xp1="82.94161" yp1="48.31042" xp2="82.80470" yp2="48.36725" sp="0.05" color="silver" opacity="100"/>
<line xp1="82.80470" yp1="48.36725" xp2="82.78468" yp2="48.37556" sp="0.05" color="silver" opacity="100"/>
<line xp1="82.78468" yp1="48.37556" xp2="82.66467" yp2="48.47013" sp="0.05" color="silver" opacity="100"/>
<line xp1="82.66467" yp1="48.47013" xp2="82.64466" yp2="48.50784" sp="0.05" color="silver" opacity="100"/>
<line xp1="82.64466" yp1="48.50784" xp2="82.62032" yp2="48.55369" sp="0.05" color="silver" opacity="100"/>
<line xp1="82.62032" yp1="48.55369" xp2="82.60881" yp2="48.57537" sp="0.05" color="silver" opacity="100"/>
<line xp1="82.60881" yp1="48.57537" xp2="82.64026" yp2="48.72253" sp="0.05" color="silver" opacity="100"/>
<line xp1="82.64026" yp1="48.72253" xp2="82.65960" yp2="48.81298" sp="0.05" color="silver" opacity="100"/>
<line xp1="82.65960" yp1="48.81298" xp2="82.62596" yp2="48.89761" sp="0.05" color="silver" opacity="100"/>
<line xp1="82.62596" yp1="48.89761" xp2="82.59833" yp2="48.96713" sp="0.05" color="silver" opacity="100"/>
<line xp1="82.59833" yp1="48.96713" xp2="82.54908" yp2="49.10443" sp="0.05" color="silver" opacity="100"/>
<line xp1="82.54908" yp1="49.10443" xp2="82.54278" yp2="49.11327" sp="0.05" color="silver" opacity="100"/>
<line xp1="82.54278" yp1="49.11327" xp2="82.47057" yp2="49.21471" sp="0.05" color="silver" opacity="100"/>
<line xp1="82.47057" yp1="49.21471" xp2="82.49702" yp2="49.28426" sp="0.05" color="silver" opacity="100"/>
<line xp1="82.49702" yp1="49.28426" xp2="82.51955" yp2="49.34350" sp="0.05" color="silver" opacity="100"/>
<line xp1="82.51955" yp1="49.34350" xp2="82.48035" yp2="49.45049" sp="0.05" color="silver" opacity="100"/>
<line xp1="82.48035" yp1="49.45049" xp2="82.40381" yp2="49.65643" sp="0.05" color="silver" opacity="100"/>
<line xp1="82.40381" yp1="49.65643" xp2="82.45701" yp2="49.69314" sp="0.05" color="silver" opacity="100"/>
<line xp1="82.45701" yp1="49.69314" xp2="82.47083" yp2="49.70269" sp="0.05" color="silver" opacity="100"/>
<line xp1="82.47083" yp1="49.70269" xp2="82.51269" yp2="49.64141" sp="0.05" color="silver" opacity="100"/>
<line xp1="82.51269" yp1="49.64141" xp2="82.65300" yp2="49.45704" sp="0.05" color="silver" opacity="100"/>
<line xp1="82.65300" yp1="49.45704" xp2="82.69468" yp2="49.64324" sp="0.05" color="silver" opacity="100"/>
<line xp1="82.69468" yp1="49.64324" xp2="82.69161" yp2="49.77682" sp="0.05" color="silver" opacity="100"/>
<line xp1="82.69161" yp1="49.77682" xp2="82.65617" yp2="49.98663" sp="0.05" color="silver" opacity="100"/>
<line xp1="82.65617" yp1="49.98663" xp2="82.63155" yp2="50.10307" sp="0.05" color="silver" opacity="100"/>
<line xp1="82.63155" yp1="50.10307" xp2="82.61852" yp2="50.16467" sp="0.05" color="silver" opacity="100"/>
<line xp1="82.61852" yp1="50.16467" xp2="82.63250" yp2="50.24960" sp="0.05" color="silver" opacity="100"/>
<line xp1="82.63250" yp1="50.24960" xp2="82.64700" yp2="50.33779" sp="0.05" color="silver" opacity="100"/>
<line xp1="82.64700" yp1="50.33779" xp2="82.57058" yp2="50.48850" sp="0.05" color="silver" opacity="100"/>
<line xp1="82.57058" yp1="50.48850" xp2="82.57646" yp2="50.52164" sp="0.05" color="silver" opacity="100"/>
<line xp1="82.57646" yp1="50.52164" xp2="82.59560" yp2="50.62954" sp="0.05" color="silver" opacity="100"/>
<line xp1="82.59560" yp1="50.62954" xp2="82.59953" yp2="50.84243" sp="0.05" color="silver" opacity="100"/>
<line xp1="82.59953" yp1="50.84243" xp2="82.69022" yp2="50.95163" sp="0.05" color="silver" opacity="100"/>
<line xp1="82.69022" yp1="50.95163" xp2="82.71273" yp2="51.11193" sp="0.05" color="silver" opacity="100"/>
<line xp1="82.71273" yp1="51.11193" xp2="82.58930" yp2="51.24265" sp="0.05" color="silver" opacity="100"/>
<line xp1="82.58930" yp1="51.24265" xp2="82.41925" yp2="51.36297" sp="0.05" color="silver" opacity="100"/>
<line xp1="82.41925" yp1="51.36297" xp2="82.32000" yp2="51.47778" sp="0.05" color="silver" opacity="100"/>
<line xp1="82.32000" yp1="51.47778" xp2="82.29124" yp2="51.54140" sp="0.05" color="silver" opacity="100"/>
<line xp1="82.29124" yp1="51.54140" xp2="82.25243" yp2="51.62723" sp="0.05" color="silver" opacity="100"/>
<line xp1="82.25243" yp1="51.62723" xp2="82.15240" yp2="51.74310" sp="0.05" color="silver" opacity="100"/>
<line xp1="82.15240" yp1="51.74310" xp2="82.13240" yp2="51.85311" sp="0.05" color="silver" opacity="100"/>
<line xp1="82.13240" yp1="51.85311" xp2="82.02324" yp2="51.87571" sp="0.05" color="silver" opacity="100"/>
<line xp1="82.02324" yp1="51.87571" xp2="81.92356" yp2="51.89175" sp="0.05" color="silver" opacity="100"/>
<line xp1="81.92356" yp1="51.89175" xp2="81.78647" yp2="51.89565" sp="0.05" color="silver" opacity="100"/>
<line xp1="81.78647" yp1="51.89565" xp2="81.67564" yp2="51.99164" sp="0.05" color="silver" opacity="100"/>
<line xp1="81.67564" yp1="51.99164" xp2="81.59644" yp2="52.04021" sp="0.05" color="silver" opacity="100"/>
<line xp1="81.59644" yp1="52.04021" xp2="81.60339" yp2="52.12338" sp="0.05" color="silver" opacity="100"/>
<line xp1="81.60339" yp1="52.12338" xp2="81.55345" yp2="52.21124" sp="0.05" color="silver" opacity="100"/>
<line xp1="81.55345" yp1="52.21124" xp2="81.54340" yp2="52.22614" sp="0.05" color="silver" opacity="100"/>
<line xp1="81.54340" yp1="52.22614" xp2="81.49799" yp2="52.29339" sp="0.05" color="silver" opacity="100"/>
<line xp1="81.49799" yp1="52.29339" xp2="81.50624" yp2="52.36935" sp="0.05" color="silver" opacity="100"/>
<line xp1="81.50624" yp1="52.36935" xp2="81.46440" yp2="52.45756" sp="0.05" color="silver" opacity="100"/>
<line xp1="81.46440" yp1="52.45756" xp2="81.39429" yp2="52.43657" sp="0.05" color="silver" opacity="100"/>
<line xp1="81.39429" yp1="52.43657" xp2="81.28817" yp2="52.41713" sp="0.05" color="silver" opacity="100"/>
<line xp1="81.28817" yp1="52.41713" xp2="81.13032" yp2="52.38047" sp="0.05" color="silver" opacity="100"/>
<line xp1="81.13032" yp1="52.38047" xp2="81.10101" yp2="52.43325" sp="0.05" color="silver" opacity="100"/>
<line xp1="81.10101" yp1="52.43325" xp2="81.05033" yp2="52.52450" sp="0.05" color="silver" opacity="100"/>
<line xp1="81.05033" yp1="52.52450" xp2="81.04212" yp2="52.76323" sp="0.05" color="silver" opacity="100"/>
<line xp1="81.04212" yp1="52.76323" xp2="81.05753" yp2="52.86265" sp="0.05" color="silver" opacity="100"/>
<line xp1="81.05753" yp1="52.86265" xp2="81.07810" yp2="52.99536" sp="0.05" color="silver" opacity="100"/>
<line xp1="81.07810" yp1="52.99536" xp2="81.08419" yp2="53.03464" sp="0.05" color="silver" opacity="100"/>
<line xp1="81.08419" yp1="53.03464" xp2="81.15892" yp2="53.24348" sp="0.05" color="silver" opacity="100"/>
<line xp1="81.15892" yp1="53.24348" xp2="81.19362" yp2="53.24337" sp="0.05" color="silver" opacity="100"/>
<line xp1="81.19362" yp1="53.24337" xp2="81.33815" yp2="53.24291" sp="0.05" color="silver" opacity="100"/>
<line xp1="81.33815" yp1="53.24291" xp2="81.33461" yp2="53.35376" sp="0.05" color="silver" opacity="100"/>
<line xp1="81.33461" yp1="53.35376" xp2="81.40648" yp2="53.44366" sp="0.05" color="silver" opacity="100"/>
<line xp1="81.40648" yp1="53.44366" xp2="81.41616" yp2="53.45576" sp="0.05" color="silver" opacity="100"/>
<line xp1="81.41616" yp1="53.45576" xp2="81.45662" yp2="53.45690" sp="0.05" color="silver" opacity="100"/>
<line xp1="81.45662" yp1="53.45690" xp2="81.47539" yp2="53.53690" sp="0.05" color="silver" opacity="100"/>
<line xp1="81.47539" yp1="53.53690" xp2="81.47589" yp2="53.56198" sp="0.05" color="silver" opacity="100"/>
<line xp1="81.47589" yp1="53.56198" xp2="81.47809" yp2="53.67239" sp="0.05" color="silver" opacity="100"/>
<line xp1="81.47809" yp1="53.67239" xp2="81.47845" yp2="53.69041" sp="0.05" color="silver" opacity="100"/>
<line xp1="81.47845" yp1="53.69041" xp2="81.47836" yp2="53.83221" sp="0.05" color="silver" opacity="100"/>
<line xp1="81.47836" yp1="53.83221" xp2="81.47831" yp2="53.90889" sp="0.05" color="silver" opacity="100"/>
<line xp1="81.47831" yp1="53.90889" xp2="81.39969" yp2="54.01203" sp="0.05" color="silver" opacity="100"/>
<line xp1="81.39969" yp1="54.01203" xp2="81.35422" yp2="54.09812" sp="0.05" color="silver" opacity="100"/>
<line xp1="81.35422" yp1="54.09812" xp2="81.35417" yp2="54.09822" sp="0.05" color="silver" opacity="100"/>
<line xp1="81.35417" yp1="54.09822" xp2="81.31292" yp2="54.18346" sp="0.05" color="silver" opacity="100"/>
<line xp1="81.31292" yp1="54.18346" xp2="81.22692" yp2="54.19403" sp="0.05" color="silver" opacity="100"/>
<line xp1="81.22692" yp1="54.19403" xp2="81.15415" yp2="54.24545" sp="0.05" color="silver" opacity="100"/>
<line xp1="81.15415" yp1="54.24545" xp2="81.15630" yp2="54.36254" sp="0.05" color="silver" opacity="100"/>
<line xp1="81.15630" yp1="54.36254" xp2="81.15630" yp2="54.36260" sp="0.05" color="silver" opacity="100"/>
<line xp1="81.15630" yp1="54.36260" xp2="81.06045" yp2="54.43431" sp="0.05" color="silver" opacity="100"/>
<line xp1="81.06045" yp1="54.43431" xp2="81.03071" yp2="54.44558" sp="0.05" color="silver" opacity="100"/>
<line xp1="81.03071" yp1="54.44558" xp2="80.98507" yp2="54.46287" sp="0.05" color="silver" opacity="100"/>
<line xp1="80.98507" yp1="54.46287" xp2="80.82674" yp2="54.50357" sp="0.05" color="silver" opacity="100"/>
<line xp1="80.82674" yp1="54.50357" xp2="80.79803" yp2="54.58759" sp="0.05" color="silver" opacity="100"/>
<line xp1="80.79803" yp1="54.58759" xp2="80.73857" yp2="54.63121" sp="0.05" color="silver" opacity="100"/>
<line xp1="80.73857" yp1="54.63121" xp2="80.73658" yp2="54.74588" sp="0.05" color="silver" opacity="100"/>
<line xp1="80.73658" yp1="54.74588" xp2="80.79081" yp2="54.81619" sp="0.05" color="silver" opacity="100"/>
<line xp1="80.79081" yp1="54.81619" xp2="80.83095" yp2="54.91052" sp="0.05" color="silver" opacity="100"/>
<line xp1="80.83095" yp1="54.91052" xp2="80.83067" yp2="54.91098" sp="0.05" color="silver" opacity="100"/>
<line xp1="80.83067" yp1="54.91098" xp2="80.77445" yp2="55.00299" sp="0.05" color="silver" opacity="100"/>
<line xp1="80.77445" yp1="55.00299" xp2="80.68752" yp2="55.08362" sp="0.05" color="silver" opacity="100"/>
<line xp1="80.68752" yp1="55.08362" xp2="80.63348" yp2="55.14844" sp="0.05" color="silver" opacity="100"/>
<line xp1="80.63348" yp1="55.14844" xp2="80.51365" yp2="55.19145" sp="0.05" color="silver" opacity="100"/>
<line xp1="80.51365" yp1="55.19145" xp2="80.49585" yp2="55.19412" sp="0.05" color="silver" opacity="100"/>
<line xp1="80.49585" yp1="55.19412" xp2="80.43151" yp2="55.20375" sp="0.05" color="silver" opacity="100"/>
<line xp1="80.43151" yp1="55.20375" xp2="80.34143" yp2="54.94087" sp="0.05" color="silver" opacity="100"/>
<line xp1="80.34143" yp1="54.94087" xp2="80.29365" yp2="54.76733" sp="0.05" color="silver" opacity="100"/>
<line xp1="80.29365" yp1="54.76733" xp2="80.26437" yp2="54.66380" sp="0.05" color="silver" opacity="100"/>
<line xp1="80.26437" yp1="54.66380" xp2="80.26415" yp2="54.66406" sp="0.05" color="silver" opacity="100"/>
<line xp1="80.26415" yp1="54.66406" xp2="79.94948" yp2="55.04115" sp="0.05" color="silver" opacity="100"/>
<line xp1="79.94948" yp1="55.04115" xp2="79.94895" yp2="55.04178" sp="0.05" color="silver" opacity="100"/>
<line xp1="79.94895" yp1="55.04178" xp2="79.94895" yp2="55.04179" sp="0.05" color="silver" opacity="100"/>
<line xp1="79.94895" yp1="55.04179" xp2="79.71174" yp2="55.32568" sp="0.05" color="silver" opacity="100"/>
<line xp1="79.71174" yp1="55.32568" xp2="79.64749" yp2="55.40190" sp="0.05" color="silver" opacity="100"/>
<line xp1="79.64749" yp1="55.40190" xp2="79.46602" yp2="55.61718" sp="0.05" color="silver" opacity="100"/>
<line xp1="79.46602" yp1="55.61718" xp2="79.48133" yp2="55.45477" sp="0.05" color="silver" opacity="100"/>
<line xp1="79.48133" yp1="55.45477" xp2="79.47618" yp2="55.29569" sp="0.05" color="silver" opacity="100"/>
<line xp1="79.47618" yp1="55.29569" xp2="79.38183" yp2="55.07644" sp="0.05" color="silver" opacity="100"/>
<line xp1="79.38183" yp1="55.07644" xp2="79.37695" yp2="54.96573" sp="0.05" color="silver" opacity="100"/>
<line xp1="79.37695" yp1="54.96573" xp2="79.34047" yp2="54.82062" sp="0.05" color="silver" opacity="100"/>
<line xp1="79.34047" yp1="54.82062" xp2="79.36316" yp2="54.73833" sp="0.05" color="silver" opacity="100"/>
<line xp1="79.36316" yp1="54.73833" xp2="79.21826" yp2="54.53894" sp="0.05" color="silver" opacity="100"/>
<line xp1="79.21826" yp1="54.53894" xp2="79.18113" yp2="54.43647" sp="0.05" color="silver" opacity="100"/>
<line xp1="79.18113" yp1="54.43647" xp2="79.13583" yp2="54.31145" sp="0.05" color="silver" opacity="100"/>
<line xp1="79.13583" yp1="54.31145" xp2="79.04546" yp2="54.23600" sp="0.05" color="silver" opacity="100"/>
<line xp1="79.04546" yp1="54.23600" xp2="78.95136" yp2="54.07383" sp="0.05" color="silver" opacity="100"/>
<line xp1="78.95136" yp1="54.07383" xp2="78.81109" yp2="53.98212" sp="0.05" color="silver" opacity="100"/>
<line xp1="78.81109" yp1="53.98212" xp2="78.73667" yp2="53.80281" sp="0.05" color="silver" opacity="100"/>
<line xp1="78.73667" yp1="53.80281" xp2="78.66265" yp2="53.60855" sp="0.05" color="silver" opacity="100"/>
<line xp1="78.66265" yp1="53.60855" xp2="78.46306" yp2="53.82878" sp="0.05" color="silver" opacity="100"/>
<line xp1="78.46306" yp1="53.82878" xp2="78.42607" yp2="53.71032" sp="0.05" color="silver" opacity="100"/>
<line xp1="78.42607" yp1="53.71032" xp2="78.37346" yp2="53.60404" sp="0.05" color="silver" opacity="100"/>
<line xp1="78.37346" yp1="53.60404" xp2="78.32607" yp2="53.40033" sp="0.05" color="silver" opacity="100"/>
<line xp1="78.32607" yp1="53.40033" xp2="78.31853" yp2="53.31291" sp="0.05" color="silver" opacity="100"/>
<line xp1="78.31853" yp1="53.31291" xp2="78.22407" yp2="53.16148" sp="0.05" color="silver" opacity="100"/>
<line xp1="78.22407" yp1="53.16148" xp2="78.15160" yp2="52.93663" sp="0.05" color="silver" opacity="100"/>
<line xp1="78.15160" yp1="52.93663" xp2="78.11012" yp2="52.79926" sp="0.05" color="silver" opacity="100"/>
<line xp1="78.11012" yp1="52.79926" xp2="78.10520" yp2="52.78297" sp="0.05" color="silver" opacity="100"/>
<line xp1="78.10520" yp1="52.78297" xp2="78.00345" yp2="52.61839" sp="0.05" color="silver" opacity="100"/>
<line xp1="78.00345" yp1="52.61839" xp2="77.98262" yp2="52.62416" sp="0.05" color="silver" opacity="100"/>
<line xp1="77.98262" yp1="52.62416" xp2="77.89184" yp2="52.64927" sp="0.05" color="silver" opacity="100"/>
<line xp1="77.89184" yp1="52.64927" xp2="77.72825" yp2="52.73494" sp="0.05" color="silver" opacity="100"/>
<line xp1="77.72825" yp1="52.73494" xp2="77.62682" yp2="53.00919" sp="0.05" color="silver" opacity="100"/>
<line xp1="77.62682" yp1="53.00919" xp2="77.46296" yp2="53.11861" sp="0.05" color="silver" opacity="100"/>
<line xp1="77.46296" yp1="53.11861" xp2="77.43211" yp2="52.88824" sp="0.05" color="silver" opacity="100"/>
<line xp1="77.43211" yp1="52.88824" xp2="77.39833" yp2="52.75355" sp="0.05" color="silver" opacity="100"/>
<line xp1="77.39833" yp1="52.75355" xp2="77.40050" yp2="52.66125" sp="0.05" color="silver" opacity="100"/>
<line xp1="77.40050" yp1="52.66125" xp2="77.33138" yp2="52.44779" sp="0.05" color="silver" opacity="100"/>
<line xp1="77.33138" yp1="52.44779" xp2="77.22447" yp2="52.32549" sp="0.05" color="silver" opacity="100"/>
<line xp1="77.22447" yp1="52.32549" xp2="77.24994" yp2="52.20942" sp="0.05" color="silver" opacity="100"/>
<line xp1="77.24994" yp1="52.20942" xp2="77.23536" yp2="52.19219" sp="0.05" color="silver" opacity="100"/>
<line xp1="77.23536" yp1="52.19219" xp2="77.15335" yp2="52.09523" sp="0.05" color="silver" opacity="100"/>
<line xp1="77.15335" yp1="52.09523" xp2="77.05204" yp2="51.95539" sp="0.05" color="silver" opacity="100"/>
<line xp1="77.05204" yp1="51.95539" xp2="77.01700" yp2="51.74748" sp="0.05" color="silver" opacity="100"/>
<line xp1="77.01700" yp1="51.74748" xp2="76.98157" yp2="51.61031" sp="0.05" color="silver" opacity="100"/>
<line xp1="76.98157" yp1="51.61031" xp2="76.96734" yp2="51.55522" sp="0.05" color="silver" opacity="100"/>
<line xp1="76.96734" yp1="51.55522" xp2="76.86733" yp2="51.33691" sp="0.05" color="silver" opacity="100"/>
<line xp1="76.86733" yp1="51.33691" xp2="76.83721" yp2="51.29108" sp="0.05" color="silver" opacity="100"/>
<line xp1="76.83721" yp1="51.29108" xp2="76.72011" yp2="51.11286" sp="0.05" color="silver" opacity="100"/>
<line xp1="76.72011" yp1="51.11286" xp2="76.61595" yp2="50.93573" sp="0.05" color="silver" opacity="100"/>
<line xp1="76.61595" yp1="50.93573" xp2="76.58674" yp2="50.80940" sp="0.05" color="silver" opacity="100"/>
<line xp1="76.58674" yp1="50.80940" xp2="76.52593" yp2="50.63032" sp="0.05" color="silver" opacity="100"/>
<line xp1="76.52593" yp1="50.63032" xp2="76.47687" yp2="50.53182" sp="0.05" color="silver" opacity="100"/>
<line xp1="76.47687" yp1="50.53182" xp2="76.47345" yp2="50.52495" sp="0.05" color="silver" opacity="100"/>
<line xp1="76.47345" yp1="50.52495" xp2="76.57800" yp2="50.35426" sp="0.05" color="silver" opacity="100"/>
<line xp1="76.57800" yp1="50.35426" xp2="76.57941" yp2="50.35196" sp="0.05" color="silver" opacity="100"/>
<line xp1="76.57941" yp1="50.35196" xp2="76.48855" yp2="50.24423" sp="0.05" color="silver" opacity="100"/>
<line xp1="76.48855" yp1="50.24423" xp2="76.47439" yp2="50.10430" sp="0.05" color="silver" opacity="100"/>
<line xp1="76.47439" yp1="50.10430" xp2="76.30788" yp2="49.89233" sp="0.05" color="silver" opacity="100"/>
<line xp1="76.30788" yp1="49.89233" xp2="76.20797" yp2="49.78898" sp="0.05" color="silver" opacity="100"/>
<line xp1="76.20797" yp1="49.78898" xp2="76.20066" yp2="49.79722" sp="0.05" color="silver" opacity="100"/>
<line xp1="76.20066" yp1="49.79722" xp2="76.08487" yp2="49.92770" sp="0.05" color="silver" opacity="100"/>
<line xp1="76.08487" yp1="49.92770" xp2="75.90004" yp2="49.75490" sp="0.05" color="silver" opacity="100"/>
<line xp1="75.90004" yp1="49.75490" xp2="75.73834" yp2="49.63532" sp="0.05" color="silver" opacity="100"/>
<line xp1="75.73834" yp1="49.63532" xp2="75.63624" yp2="49.78387" sp="0.05" color="silver" opacity="100"/>
<line xp1="75.63624" yp1="49.78387" xp2="75.60406" yp2="49.77465" sp="0.05" color="silver" opacity="100"/>
<line xp1="75.60406" yp1="49.77465" xp2="75.60285" yp2="49.77431" sp="0.05" color="silver" opacity="100"/>
<line xp1="75.60285" yp1="49.77431" xp2="75.59208" yp2="49.77122" sp="0.05" color="silver" opacity="100"/>
<line xp1="75.59208" yp1="49.77122" xp2="75.56423" yp2="49.66838" sp="0.05" color="silver" opacity="100"/>
<line xp1="75.56423" yp1="49.66838" xp2="75.63772" yp2="49.52807" sp="0.05" color="silver" opacity="100"/>
<line xp1="75.63772" yp1="49.52807" xp2="75.50883" yp2="49.44618" sp="0.05" color="silver" opacity="100"/>
<line xp1="75.50883" yp1="49.44618" xp2="75.41408" yp2="49.43101" sp="0.05" color="silver" opacity="100"/>
<line xp1="75.41408" yp1="49.43101" xp2="75.39075" yp2="49.42727" sp="0.05" color="silver" opacity="100"/>
<line xp1="75.39075" yp1="49.42727" xp2="75.21139" yp2="49.36713" sp="0.05" color="silver" opacity="100"/>
<line xp1="75.21139" yp1="49.36713" xp2="75.03830" yp2="49.24250" sp="0.05" color="silver" opacity="100"/>
<line xp1="75.03830" yp1="49.24250" xp2="74.82745" yp2="49.53625" sp="0.05" color="silver" opacity="100"/>
<line xp1="74.82745" yp1="49.53625" xp2="74.72624" yp2="49.34576" sp="0.05" color="silver" opacity="100"/>
<line xp1="74.72624" yp1="49.34576" xp2="74.64068" yp2="49.28744" sp="0.05" color="silver" opacity="100"/>
<line xp1="74.64068" yp1="49.28744" xp2="74.56451" yp2="49.20975" sp="0.05" color="silver" opacity="100"/>
<line xp1="74.56451" yp1="49.20975" xp2="74.52212" yp2="49.16189" sp="0.05" color="silver" opacity="100"/>
<line xp1="74.52212" yp1="49.16189" xp2="74.34061" yp2="49.14991" sp="0.05" color="silver" opacity="100"/>
<line xp1="74.34061" yp1="49.14991" xp2="74.24761" yp2="49.25571" sp="0.05" color="silver" opacity="100"/>
<line xp1="74.24761" yp1="49.25571" xp2="74.24000" yp2="49.26437" sp="0.05" color="silver" opacity="100"/>
<line xp1="74.24000" yp1="49.26437" xp2="74.19270" yp2="49.35671" sp="0.05" color="silver" opacity="100"/>
<line xp1="74.19270" yp1="49.35671" xp2="74.07700" yp2="49.38636" sp="0.05" color="silver" opacity="100"/>
<line xp1="74.07700" yp1="49.38636" xp2="74.00615" yp2="49.51991" sp="0.05" color="silver" opacity="100"/>
<line xp1="74.00615" yp1="49.51991" xp2="73.94831" yp2="49.68348" sp="0.05" color="silver" opacity="100"/>
<line xp1="73.94831" yp1="49.68348" xp2="73.94315" yp2="49.77120" sp="0.05" color="silver" opacity="100"/>
<line xp1="73.94315" yp1="49.77120" xp2="73.86940" yp2="49.86947" sp="0.05" color="silver" opacity="100"/>
<line xp1="73.86940" yp1="49.86947" xp2="73.95034" yp2="50.03417" sp="0.05" color="silver" opacity="100"/>
<line xp1="73.95034" yp1="50.03417" xp2="73.89493" yp2="50.10799" sp="0.05" color="silver" opacity="100"/>
<line xp1="73.89493" yp1="50.10799" xp2="73.53578" yp2="49.64317" sp="0.05" color="silver" opacity="100"/>
<line xp1="73.53578" yp1="49.64317" xp2="73.37013" yp2="49.42876" sp="0.05" color="silver" opacity="100"/>
<line xp1="73.37013" yp1="49.42876" xp2="73.36251" yp2="49.41802" sp="0.05" color="silver" opacity="100"/>
<line xp1="73.36251" yp1="49.41802" xp2="73.29947" yp2="49.32920" sp="0.05" color="silver" opacity="100"/>
<line xp1="73.29947" yp1="49.32920" xp2="73.15513" yp2="49.26831" sp="0.05" color="silver" opacity="100"/>
<line xp1="73.15513" yp1="49.26831" xp2="72.99440" yp2="49.14700" sp="0.05" color="silver" opacity="100"/>
<line xp1="72.99440" yp1="49.14700" xp2="72.98742" yp2="49.14173" sp="0.05" color="silver" opacity="100"/>
<line xp1="72.98742" yp1="49.14173" xp2="72.97650" yp2="49.13115" sp="0.05" color="silver" opacity="100"/>
<line xp1="72.97650" yp1="49.13115" xp2="72.72878" yp2="48.89101" sp="0.05" color="silver" opacity="100"/>
<line xp1="72.72878" yp1="48.89101" xp2="72.73499" yp2="48.73699" sp="0.05" color="silver" opacity="100"/>
<line xp1="72.73499" yp1="48.73699" xp2="72.69121" yp2="48.64031" sp="0.05" color="silver" opacity="100"/>
<line xp1="72.69121" yp1="48.64031" xp2="72.59116" yp2="48.59199" sp="0.05" color="silver" opacity="100"/>
<line xp1="72.59116" yp1="48.59199" xp2="72.50895" yp2="48.49766" sp="0.05" color="silver" opacity="100"/>
<line xp1="72.50895" yp1="48.49766" xp2="72.51509" yp2="48.34549" sp="0.05" color="silver" opacity="100"/>
<line xp1="72.51509" yp1="48.34549" xp2="72.48653" yp2="48.27751" sp="0.05" color="silver" opacity="100"/>
<line xp1="72.48653" yp1="48.27751" xp2="72.46855" yp2="48.23470" sp="0.05" color="silver" opacity="100"/>
<line xp1="72.46855" yp1="48.23470" xp2="72.28833" yp2="48.13511" sp="0.05" color="silver" opacity="100"/>
<line xp1="72.28833" yp1="48.13511" xp2="72.19140" yp2="48.14454" sp="0.05" color="silver" opacity="100"/>
<line xp1="72.19140" yp1="48.14454" xp2="72.13124" yp2="47.98882" sp="0.05" color="silver" opacity="100"/>
<line xp1="72.13124" yp1="47.98882" xp2="72.09785" yp2="47.83739" sp="0.05" color="silver" opacity="100"/>
<line xp1="72.09785" yp1="47.83739" xp2="71.94400" yp2="47.79111" sp="0.05" color="silver" opacity="100"/>
<line xp1="71.94400" yp1="47.79111" xp2="71.71369" yp2="47.67597" sp="0.05" color="silver" opacity="100"/>
<line xp1="71.71369" yp1="47.67597" xp2="71.63614" yp2="47.61767" sp="0.05" color="silver" opacity="100"/>
<line xp1="71.63614" yp1="47.61767" xp2="71.59853" yp2="47.61752" sp="0.05" color="silver" opacity="100"/>
<line xp1="71.59853" yp1="47.61752" xp2="71.49675" yp2="47.61710" sp="0.05" color="silver" opacity="100"/>
<line xp1="71.49675" yp1="47.61710" xp2="71.36229" yp2="47.52567" sp="0.05" color="silver" opacity="100"/>
<line xp1="71.36229" yp1="47.52567" xp2="71.36229" yp2="47.52567" sp="0.05" color="silver" opacity="100"/>
<line xp1="10.40439" yp1="81.95276" xp2="10.45742" yp2="81.68633" sp="0.05" color="silver" opacity="100"/>
<line xp1="10.45742" yp1="81.68633" xp2="10.55157" yp2="81.44369" sp="0.05" color="silver" opacity="100"/>
<line xp1="10.55157" yp1="81.44369" xp2="10.70899" yp2="81.31429" sp="0.05" color="silver" opacity="100"/>
<line xp1="10.70899" yp1="81.31429" xp2="10.87999" yp2="81.25705" sp="0.05" color="silver" opacity="100"/>
<line xp1="10.87999" yp1="81.25705" xp2="10.96287" yp2="81.19485" sp="0.05" color="silver" opacity="100"/>
<line xp1="10.96287" yp1="81.19485" xp2="11.07151" yp2="81.22499" sp="0.05" color="silver" opacity="100"/>
<line xp1="11.07151" yp1="81.22499" xp2="11.04937" yp2="81.38254" sp="0.05" color="silver" opacity="100"/>
<line xp1="11.04937" yp1="81.38254" xp2="11.10904" yp2="81.45403" sp="0.05" color="silver" opacity="100"/>
<line xp1="11.10904" yp1="81.45403" xp2="11.12122" yp2="81.60693" sp="0.05" color="silver" opacity="100"/>
<line xp1="11.12122" yp1="81.60693" xp2="11.07845" yp2="81.72767" sp="0.05" color="silver" opacity="100"/>
<line xp1="11.07845" yp1="81.72767" xp2="11.16454" yp2="81.89140" sp="0.05" color="silver" opacity="100"/>
<line xp1="11.16454" yp1="81.89140" xp2="11.04856" yp2="82.12751" sp="0.05" color="silver" opacity="100"/>
<line xp1="11.04856" yp1="82.12751" xp2="10.86473" yp2="82.25804" sp="0.05" color="silver" opacity="100"/>
<line xp1="10.86473" yp1="82.25804" xp2="10.80074" yp2="82.23343" sp="0.05" color="silver" opacity="100"/>
<line xp1="10.80074" yp1="82.23343" xp2="10.73892" yp2="82.06089" sp="0.05" color="silver" opacity="100"/>
<line xp1="10.73892" yp1="82.06089" xp2="10.66088" yp2="81.99992" sp="0.05" color="silver" opacity="100"/>
<line xp1="10.66088" yp1="81.99992" xp2="10.40439" yp2="81.95276" sp="0.05" color="silver" opacity="100"/>
<line xp1="10.40439" yp1="81.95276" xp2="10.40439" yp2="81.95276" sp="0.05" color="silver" opacity="100"/>
<line xp1="8.11409" yp1="81.10289" xp2="8.20113" yp2="80.84672" sp="0.05" color="silver" opacity="100"/>
<line xp1="8.20113" yp1="80.84672" xp2="8.16863" yp2="80.62784" sp="0.05" color="silver" opacity="100"/>
<line xp1="8.16863" yp1="80.62784" xp2="8.12042" yp2="80.43767" sp="0.05" color="silver" opacity="100"/>
<line xp1="8.12042" yp1="80.43767" xp2="8.17369" yp2="80.28188" sp="0.05" color="silver" opacity="100"/>
<line xp1="8.17369" yp1="80.28188" xp2="8.17632" yp2="80.14068" sp="0.05" color="silver" opacity="100"/>
<line xp1="8.17632" yp1="80.14068" xp2="8.19627" yp2="79.89833" sp="0.05" color="silver" opacity="100"/>
<line xp1="8.19627" yp1="79.89833" xp2="8.26844" yp2="79.67989" sp="0.05" color="silver" opacity="100"/>
<line xp1="8.26844" yp1="79.67989" xp2="8.28753" yp2="79.65878" sp="0.05" color="silver" opacity="100"/>
<line xp1="8.28753" yp1="79.65878" xp2="8.40011" yp2="79.53419" sp="0.05" color="silver" opacity="100"/>
<line xp1="8.40011" yp1="79.53419" xp2="8.50510" yp2="79.33402" sp="0.05" color="silver" opacity="100"/>
<line xp1="8.50510" yp1="79.33402" xp2="8.59676" yp2="79.11771" sp="0.05" color="silver" opacity="100"/>
<line xp1="8.59676" yp1="79.11771" xp2="8.68315" yp2="78.70199" sp="0.05" color="silver" opacity="100"/>
<line xp1="8.68315" yp1="78.70199" xp2="8.68675" yp2="78.66725" sp="0.05" color="silver" opacity="100"/>
<line xp1="8.68675" yp1="78.66725" xp2="8.73942" yp2="78.15874" sp="0.05" color="silver" opacity="100"/>
<line xp1="8.73942" yp1="78.15874" xp2="8.86716" yp2="77.96368" sp="0.05" color="silver" opacity="100"/>
<line xp1="8.86716" yp1="77.96368" xp2="8.92940" yp2="77.64000" sp="0.05" color="silver" opacity="100"/>
<line xp1="8.92940" yp1="77.64000" xp2="8.94070" yp2="77.59388" sp="0.05" color="silver" opacity="100"/>
<line xp1="8.94070" yp1="77.59388" xp2="8.97060" yp2="77.12717" sp="0.05" color="silver" opacity="100"/>
<line xp1="8.97060" yp1="77.12717" xp2="8.95368" yp2="76.93245" sp="0.05" color="silver" opacity="100"/>
<line xp1="8.95368" yp1="76.93245" xp2="9.01812" yp2="76.87295" sp="0.05" color="silver" opacity="100"/>
<line xp1="9.01812" yp1="76.87295" xp2="9.07503" yp2="76.60187" sp="0.05" color="silver" opacity="100"/>
<line xp1="9.07503" yp1="76.60187" xp2="9.08185" yp2="76.55453" sp="0.05" color="silver" opacity="100"/>
<line xp1="9.08185" yp1="76.55453" xp2="9.10618" yp2="76.38572" sp="0.05" color="silver" opacity="100"/>
<line xp1="9.10618" yp1="76.38572" xp2="9.26899" yp2="76.32563" sp="0.05" color="silver" opacity="100"/>
<line xp1="9.26899" yp1="76.32563" xp2="9.34882" yp2="76.20774" sp="0.05" color="silver" opacity="100"/>
<line xp1="9.34882" yp1="76.20774" xp2="9.29132" yp2="76.10390" sp="0.05" color="silver" opacity="100"/>
<line xp1="9.29132" yp1="76.10390" xp2="9.12372" yp2="76.08757" sp="0.05" color="silver" opacity="100"/>
<line xp1="9.12372" yp1="76.08757" xp2="9.14304" yp2="75.69525" sp="0.05" color="silver" opacity="100"/>
<line xp1="9.14304" yp1="75.69525" xp2="9.13135" yp2="75.21971" sp="0.05" color="silver" opacity="100"/>
<line xp1="9.13135" yp1="75.21971" xp2="9.10666" yp2="75.04925" sp="0.05" color="silver" opacity="100"/>
<line xp1="9.10666" yp1="75.04925" xp2="9.27780" yp2="75.11828" sp="0.05" color="silver" opacity="100"/>
<line xp1="9.27780" yp1="75.11828" xp2="9.30100" yp2="75.07715" sp="0.05" color="silver" opacity="100"/>
<line xp1="9.30100" yp1="75.07715" xp2="9.37030" yp2="74.98712" sp="0.05" color="silver" opacity="100"/>
<line xp1="9.37030" yp1="74.98712" xp2="9.42227" yp2="74.97082" sp="0.05" color="silver" opacity="100"/>
<line xp1="9.42227" yp1="74.97082" xp2="9.52902" yp2="75.09597" sp="0.05" color="silver" opacity="100"/>
<line xp1="9.52902" yp1="75.09597" xp2="9.60068" yp2="75.07164" sp="0.05" color="silver" opacity="100"/>
<line xp1="9.60068" yp1="75.07164" xp2="9.64938" yp2="75.11810" sp="0.05" color="silver" opacity="100"/>
<line xp1="9.64938" yp1="75.11810" xp2="9.69113" yp2="75.15794" sp="0.05" color="silver" opacity="100"/>
<line xp1="9.69113" yp1="75.15794" xp2="9.73923" yp2="75.04809" sp="0.05" color="silver" opacity="100"/>
<line xp1="9.73923" yp1="75.04809" xp2="9.92668" yp2="75.02603" sp="0.05" color="silver" opacity="100"/>
<line xp1="9.92668" yp1="75.02603" xp2="10.03132" yp2="75.05466" sp="0.05" color="silver" opacity="100"/>
<line xp1="10.03132" yp1="75.05466" xp2="10.11134" yp2="74.94099" sp="0.05" color="silver" opacity="100"/>
<line xp1="10.11134" yp1="74.94099" xp2="10.10639" yp2="74.80522" sp="0.05" color="silver" opacity="100"/>
<line xp1="10.10639" yp1="74.80522" xp2="10.19780" yp2="74.70392" sp="0.05" color="silver" opacity="100"/>
<line xp1="10.19780" yp1="74.70392" xp2="10.20962" yp2="74.70355" sp="0.05" color="silver" opacity="100"/>
<line xp1="10.20962" yp1="74.70355" xp2="10.33821" yp2="74.69955" sp="0.05" color="silver" opacity="100"/>
<line xp1="10.33821" yp1="74.69955" xp2="10.44232" yp2="74.77456" sp="0.05" color="silver" opacity="100"/>
<line xp1="10.44232" yp1="74.77456" xp2="10.51321" yp2="74.82564" sp="0.05" color="silver" opacity="100"/>
<line xp1="10.51321" yp1="74.82564" xp2="10.59092" yp2="74.81505" sp="0.05" color="silver" opacity="100"/>
<line xp1="10.59092" yp1="74.81505" xp2="10.76272" yp2="74.66807" sp="0.05" color="silver" opacity="100"/>
<line xp1="10.76272" yp1="74.66807" xp2="10.82664" yp2="74.58519" sp="0.05" color="silver" opacity="100"/>
<line xp1="10.82664" yp1="74.58519" xp2="10.91674" yp2="74.52495" sp="0.05" color="silver" opacity="100"/>
<line xp1="10.91674" yp1="74.52495" xp2="10.99053" yp2="74.32705" sp="0.05" color="silver" opacity="100"/>
<line xp1="10.99053" yp1="74.32705" xp2="11.05539" yp2="74.17424" sp="0.05" color="silver" opacity="100"/>
<line xp1="11.05539" yp1="74.17424" xp2="11.05922" yp2="74.03636" sp="0.05" color="silver" opacity="100"/>
<line xp1="11.05922" yp1="74.03636" xp2="11.09996" yp2="73.90771" sp="0.05" color="silver" opacity="100"/>
<line xp1="11.09996" yp1="73.90771" xp2="11.09525" yp2="73.86002" sp="0.05" color="silver" opacity="100"/>
<line xp1="11.09525" yp1="73.86002" xp2="11.08368" yp2="73.74286" sp="0.05" color="silver" opacity="100"/>
<line xp1="11.08368" yp1="73.74286" xp2="11.13623" yp2="73.59761" sp="0.05" color="silver" opacity="100"/>
<line xp1="11.13623" yp1="73.59761" xp2="11.12844" yp2="73.51046" sp="0.05" color="silver" opacity="100"/>
<line xp1="11.12844" yp1="73.51046" xp2="11.11614" yp2="73.37268" sp="0.05" color="silver" opacity="100"/>
<line xp1="11.11614" yp1="73.37268" xp2="11.14393" yp2="73.32120" sp="0.05" color="silver" opacity="100"/>
<line xp1="11.14393" yp1="73.32120" xp2="11.17214" yp2="73.26897" sp="0.05" color="silver" opacity="100"/>
<line xp1="11.17214" yp1="73.26897" xp2="11.31707" yp2="73.17068" sp="0.05" color="silver" opacity="100"/>
<line xp1="11.31707" yp1="73.17068" xp2="11.55037" yp2="73.09509" sp="0.05" color="silver" opacity="100"/>
<line xp1="11.55037" yp1="73.09509" xp2="11.63281" yp2="73.03881" sp="0.05" color="silver" opacity="100"/>
<line xp1="11.63281" yp1="73.03881" xp2="11.72261" yp2="73.07412" sp="0.05" color="silver" opacity="100"/>
<line xp1="11.72261" yp1="73.07412" xp2="11.79769" yp2="72.99497" sp="0.05" color="silver" opacity="100"/>
<line xp1="11.79769" yp1="72.99497" xp2="11.90365" yp2="72.98377" sp="0.05" color="silver" opacity="100"/>
<line xp1="11.90365" yp1="72.98377" xp2="11.92431" yp2="73.00000" sp="0.05" color="silver" opacity="100"/>
<line xp1="11.92431" yp1="73.00000" xp2="12.02508" yp2="73.07913" sp="0.05" color="silver" opacity="100"/>
<line xp1="12.02508" yp1="73.07913" xp2="12.15127" yp2="73.09576" sp="0.05" color="silver" opacity="100"/>
<line xp1="12.15127" yp1="73.09576" xp2="12.30202" yp2="73.18837" sp="0.05" color="silver" opacity="100"/>
<line xp1="12.30202" yp1="73.18837" xp2="12.38179" yp2="73.27129" sp="0.05" color="silver" opacity="100"/>
<line xp1="12.38179" yp1="73.27129" xp2="12.42500" yp2="73.29814" sp="0.05" color="silver" opacity="100"/>
<line xp1="12.42500" yp1="73.29814" xp2="12.46022" yp2="73.32003" sp="0.05" color="silver" opacity="100"/>
<line xp1="12.46022" yp1="73.32003" xp2="12.51205" yp2="73.40936" sp="0.05" color="silver" opacity="100"/>
<line xp1="12.51205" yp1="73.40936" xp2="12.59799" yp2="73.44789" sp="0.05" color="silver" opacity="100"/>
<line xp1="12.59799" yp1="73.44789" xp2="12.71522" yp2="73.41154" sp="0.05" color="silver" opacity="100"/>
<line xp1="12.71522" yp1="73.41154" xp2="12.81790" yp2="73.44309" sp="0.05" color="silver" opacity="100"/>
<line xp1="12.81790" yp1="73.44309" xp2="13.02599" yp2="73.50440" sp="0.05" color="silver" opacity="100"/>
<line xp1="13.02599" yp1="73.50440" xp2="13.03999" yp2="73.49667" sp="0.05" color="silver" opacity="100"/>
<line xp1="13.03999" yp1="73.49667" xp2="13.16816" yp2="73.42593" sp="0.05" color="silver" opacity="100"/>
<line xp1="13.16816" yp1="73.42593" xp2="13.19447" yp2="73.41140" sp="0.05" color="silver" opacity="100"/>
<line xp1="13.19447" yp1="73.41140" xp2="13.32651" yp2="73.44271" sp="0.05" color="silver" opacity="100"/>
<line xp1="13.32651" yp1="73.44271" xp2="13.51419" yp2="73.34639" sp="0.05" color="silver" opacity="100"/>
<line xp1="13.51419" yp1="73.34639" xp2="13.56332" yp2="73.16126" sp="0.05" color="silver" opacity="100"/>
<line xp1="13.56332" yp1="73.16126" xp2="13.65815" yp2="73.18876" sp="0.05" color="silver" opacity="100"/>
<line xp1="13.65815" yp1="73.18876" xp2="13.71549" yp2="73.27969" sp="0.05" color="silver" opacity="100"/>
<line xp1="13.71549" yp1="73.27969" xp2="13.93234" yp2="73.30413" sp="0.05" color="silver" opacity="100"/>
<line xp1="13.93234" yp1="73.30413" xp2="13.97856" yp2="73.28019" sp="0.05" color="silver" opacity="100"/>
<line xp1="13.97856" yp1="73.28019" xp2="14.00681" yp2="73.26556" sp="0.05" color="silver" opacity="100"/>
<line xp1="14.00681" yp1="73.26556" xp2="14.06819" yp2="73.34727" sp="0.05" color="silver" opacity="100"/>
<line xp1="14.06819" yp1="73.34727" xp2="14.32405" yp2="73.47385" sp="0.05" color="silver" opacity="100"/>
<line xp1="14.32405" yp1="73.47385" xp2="14.38074" yp2="73.53191" sp="0.05" color="silver" opacity="100"/>
<line xp1="14.38074" yp1="73.53191" xp2="14.40774" yp2="73.55956" sp="0.05" color="silver" opacity="100"/>
<line xp1="14.40774" yp1="73.55956" xp2="14.47513" yp2="73.56156" sp="0.05" color="silver" opacity="100"/>
<line xp1="14.47513" yp1="73.56156" xp2="14.60636" yp2="73.42871" sp="0.05" color="silver" opacity="100"/>
<line xp1="14.60636" yp1="73.42871" xp2="14.63300" yp2="73.42832" sp="0.05" color="silver" opacity="100"/>
<line xp1="14.63300" yp1="73.42832" xp2="14.76314" yp2="73.42643" sp="0.05" color="silver" opacity="100"/>
<line xp1="14.76314" yp1="73.42643" xp2="14.95053" yp2="73.48929" sp="0.05" color="silver" opacity="100"/>
<line xp1="14.95053" yp1="73.48929" xp2="15.06038" yp2="73.50272" sp="0.05" color="silver" opacity="100"/>
<line xp1="15.06038" yp1="73.50272" xp2="15.16715" yp2="73.63758" sp="0.05" color="silver" opacity="100"/>
<line xp1="15.16715" yp1="73.63758" xp2="15.27669" yp2="73.67186" sp="0.05" color="silver" opacity="100"/>
<line xp1="15.27669" yp1="73.67186" xp2="15.38538" yp2="73.74767" sp="0.05" color="silver" opacity="100"/>
<line xp1="15.38538" yp1="73.74767" xp2="15.43732" yp2="73.78390" sp="0.05" color="silver" opacity="100"/>
<line xp1="15.43732" yp1="73.78390" xp2="15.58746" yp2="73.82350" sp="0.05" color="silver" opacity="100"/>
<line xp1="15.58746" yp1="73.82350" xp2="15.68822" yp2="73.85009" sp="0.05" color="silver" opacity="100"/>
<line xp1="15.68822" yp1="73.85009" xp2="15.89250" yp2="73.87676" sp="0.05" color="silver" opacity="100"/>
<line xp1="15.89250" yp1="73.87676" xp2="15.99916" yp2="74.05595" sp="0.05" color="silver" opacity="100"/>
<line xp1="15.99916" yp1="74.05595" xp2="16.04372" yp2="74.07273" sp="0.05" color="silver" opacity="100"/>
<line xp1="16.04372" yp1="74.07273" xp2="16.17257" yp2="74.01802" sp="0.05" color="silver" opacity="100"/>
<line xp1="16.17257" yp1="74.01802" xp2="16.25825" yp2="74.03774" sp="0.05" color="silver" opacity="100"/>
<line xp1="16.25825" yp1="74.03774" xp2="16.36247" yp2="74.06173" sp="0.05" color="silver" opacity="100"/>
<line xp1="16.36247" yp1="74.06173" xp2="16.52746" yp2="74.11407" sp="0.05" color="silver" opacity="100"/>
<line xp1="16.52746" yp1="74.11407" xp2="16.72905" yp2="74.09388" sp="0.05" color="silver" opacity="100"/>
<line xp1="16.72905" yp1="74.09388" xp2="16.82852" yp2="74.16722" sp="0.05" color="silver" opacity="100"/>
<line xp1="16.82852" yp1="74.16722" xp2="16.94273" yp2="74.28514" sp="0.05" color="silver" opacity="100"/>
<line xp1="16.94273" yp1="74.28514" xp2="16.94288" yp2="74.28530" sp="0.05" color="silver" opacity="100"/>
<line xp1="16.94288" yp1="74.28530" xp2="17.41866" yp2="74.28839" sp="0.05" color="silver" opacity="100"/>
<line xp1="17.41866" yp1="74.28839" xp2="17.52802" yp2="74.28818" sp="0.05" color="silver" opacity="100"/>
<line xp1="17.52802" yp1="74.28818" xp2="17.89571" yp2="74.28749" sp="0.05" color="silver" opacity="100"/>
<line xp1="17.89571" yp1="74.28749" xp2="18.46620" yp2="74.28626" sp="0.05" color="silver" opacity="100"/>
<line xp1="18.46620" yp1="74.28626" xp2="18.49591" yp2="74.28619" sp="0.05" color="silver" opacity="100"/>
<line xp1="18.49591" yp1="74.28619" xp2="18.89561" yp2="74.28533" sp="0.05" color="silver" opacity="100"/>
<line xp1="18.89561" yp1="74.28533" xp2="19.07165" yp2="74.28217" sp="0.05" color="silver" opacity="100"/>
<line xp1="19.07165" yp1="74.28217" xp2="19.26163" yp2="74.27876" sp="0.05" color="silver" opacity="100"/>
<line xp1="19.26163" yp1="74.27876" xp2="19.45550" yp2="74.27528" sp="0.05" color="silver" opacity="100"/>
<line xp1="19.45550" yp1="74.27528" xp2="20.12925" yp2="74.27261" sp="0.05" color="silver" opacity="100"/>
<line xp1="20.12925" yp1="74.27261" xp2="20.08822" yp2="74.46000" sp="0.05" color="silver" opacity="100"/>
<line xp1="20.08822" yp1="74.46000" xp2="20.02775" yp2="74.52833" sp="0.05" color="silver" opacity="100"/>
<line xp1="20.02775" yp1="74.52833" xp2="20.09927" yp2="74.69271" sp="0.05" color="silver" opacity="100"/>
<line xp1="20.09927" yp1="74.69271" xp2="20.11699" yp2="74.77406" sp="0.05" color="silver" opacity="100"/>
<line xp1="20.11699" yp1="74.77406" xp2="20.05698" yp2="74.85623" sp="0.05" color="silver" opacity="100"/>
<line xp1="20.05698" yp1="74.85623" xp2="20.05480" yp2="75.00938" sp="0.05" color="silver" opacity="100"/>
<line xp1="20.05480" yp1="75.00938" xp2="20.00422" yp2="75.15186" sp="0.05" color="silver" opacity="100"/>
<line xp1="20.00422" yp1="75.15186" xp2="19.90346" yp2="75.29607" sp="0.05" color="silver" opacity="100"/>
<line xp1="19.90346" yp1="75.29607" xp2="19.94532" yp2="75.45718" sp="0.05" color="silver" opacity="100"/>
<line xp1="19.94532" yp1="75.45718" xp2="19.94362" yp2="75.50314" sp="0.05" color="silver" opacity="100"/>
<line xp1="19.94362" yp1="75.50314" xp2="19.93881" yp2="75.63365" sp="0.05" color="silver" opacity="100"/>
<line xp1="19.93881" yp1="75.63365" xp2="19.93880" yp2="75.83345" sp="0.05" color="silver" opacity="100"/>
<line xp1="19.93880" yp1="75.83345" xp2="19.93872" yp2="77.50648" sp="0.05" color="silver" opacity="100"/>
<line xp1="19.93872" yp1="77.50648" xp2="19.93871" yp2="77.58495" sp="0.05" color="silver" opacity="100"/>
<line xp1="19.93871" yp1="77.58495" xp2="19.93822" yp2="77.88363" sp="0.05" color="silver" opacity="100"/>
<line xp1="19.93822" yp1="77.88363" xp2="19.93771" yp2="78.18865" sp="0.05" color="silver" opacity="100"/>
<line xp1="19.93771" yp1="78.18865" xp2="19.93595" yp2="79.24371" sp="0.05" color="silver" opacity="100"/>
<line xp1="19.93595" yp1="79.24371" xp2="19.93645" yp2="79.93559" sp="0.05" color="silver" opacity="100"/>
<line xp1="19.93645" yp1="79.93559" xp2="19.93659" yp2="80.12990" sp="0.05" color="silver" opacity="100"/>
<line xp1="19.93659" yp1="80.12990" xp2="19.93676" yp2="80.35687" sp="0.05" color="silver" opacity="100"/>
<line xp1="19.93676" yp1="80.35687" xp2="19.94571" yp2="81.20781" sp="0.05" color="silver" opacity="100"/>
<line xp1="19.94571" yp1="81.20781" xp2="19.94820" yp2="81.87686" sp="0.05" color="silver" opacity="100"/>
<line xp1="19.94820" yp1="81.87686" xp2="19.94932" yp2="82.41905" sp="0.05" color="silver" opacity="100"/>
<line xp1="19.94932" yp1="82.41905" xp2="19.95023" yp2="82.85482" sp="0.05" color="silver" opacity="100"/>
<line xp1="19.95023" yp1="82.85482" xp2="19.58731" yp2="82.85662" sp="0.05" color="silver" opacity="100"/>
<line xp1="19.58731" yp1="82.85662" xp2="19.33851" yp2="82.85802" sp="0.05" color="silver" opacity="100"/>
<line xp1="19.33851" yp1="82.85802" xp2="19.06566" yp2="82.85955" sp="0.05" color="silver" opacity="100"/>
<line xp1="19.06566" yp1="82.85955" xp2="18.45839" yp2="82.85839" sp="0.05" color="silver" opacity="100"/>
<line xp1="18.45839" yp1="82.85839" xp2="18.15788" yp2="82.85831" sp="0.05" color="silver" opacity="100"/>
<line xp1="18.15788" yp1="82.85831" xp2="17.17444" yp2="82.85802" sp="0.05" color="silver" opacity="100"/>
<line xp1="17.17444" yp1="82.85802" xp2="16.71984" yp2="82.85789" sp="0.05" color="silver" opacity="100"/>
<line xp1="16.71984" yp1="82.85789" xp2="16.21892" yp2="82.85789" sp="0.05" color="silver" opacity="100"/>
<line xp1="16.21892" yp1="82.85789" xp2="15.38277" yp2="82.85548" sp="0.05" color="silver" opacity="100"/>
<line xp1="15.38277" yp1="82.85548" xp2="14.80582" yp2="82.85916" sp="0.05" color="silver" opacity="100"/>
<line xp1="14.80582" yp1="82.85916" xp2="14.28215" yp2="82.85768" sp="0.05" color="silver" opacity="100"/>
<line xp1="14.28215" yp1="82.85768" xp2="14.07457" yp2="82.85883" sp="0.05" color="silver" opacity="100"/>
<line xp1="14.07457" yp1="82.85883" xp2="13.65194" yp2="82.86118" sp="0.05" color="silver" opacity="100"/>
<line xp1="13.65194" yp1="82.86118" xp2="13.23763" yp2="82.85672" sp="0.05" color="silver" opacity="100"/>
<line xp1="13.23763" yp1="82.85672" xp2="12.69038" yp2="82.84971" sp="0.05" color="silver" opacity="100"/>
<line xp1="12.69038" yp1="82.84971" xp2="12.15637" yp2="82.86327" sp="0.05" color="silver" opacity="100"/>
<line xp1="12.15637" yp1="82.86327" xp2="11.92144" yp2="82.86427" sp="0.05" color="silver" opacity="100"/>
<line xp1="11.92144" yp1="82.86427" xp2="11.14151" yp2="82.86388" sp="0.05" color="silver" opacity="100"/>
<line xp1="11.14151" yp1="82.86388" xp2="11.04364" yp2="82.68963" sp="0.05" color="silver" opacity="100"/>
<line xp1="11.04364" yp1="82.68963" xp2="11.08613" yp2="82.52323" sp="0.05" color="silver" opacity="100"/>
<line xp1="11.08613" yp1="82.52323" xp2="11.18076" yp2="82.39456" sp="0.05" color="silver" opacity="100"/>
<line xp1="11.18076" yp1="82.39456" xp2="11.19993" yp2="82.25484" sp="0.05" color="silver" opacity="100"/>
<line xp1="11.19993" yp1="82.25484" xp2="11.21511" yp2="82.06353" sp="0.05" color="silver" opacity="100"/>
<line xp1="11.21511" yp1="82.06353" xp2="11.27485" yp2="81.84371" sp="0.05" color="silver" opacity="100"/>
<line xp1="11.27485" yp1="81.84371" xp2="11.31908" yp2="81.68097" sp="0.05" color="silver" opacity="100"/>
<line xp1="11.31908" yp1="81.68097" xp2="11.30722" yp2="81.51473" sp="0.05" color="silver" opacity="100"/>
<line xp1="11.30722" yp1="81.51473" xp2="11.24751" yp2="81.36243" sp="0.05" color="silver" opacity="100"/>
<line xp1="11.24751" yp1="81.36243" xp2="11.28410" yp2="81.18987" sp="0.05" color="silver" opacity="100"/>
<line xp1="11.28410" yp1="81.18987" xp2="11.28157" yp2="81.17848" sp="0.05" color="silver" opacity="100"/>
<line xp1="11.28157" yp1="81.17848" xp2="11.21988" yp2="80.90082" sp="0.05" color="silver" opacity="100"/>
<line xp1="11.21988" yp1="80.90082" xp2="11.14990" yp2="80.74303" sp="0.05" color="silver" opacity="100"/>
<line xp1="11.14990" yp1="80.74303" xp2="11.21306" yp2="80.55307" sp="0.05" color="silver" opacity="100"/>
<line xp1="11.21306" yp1="80.55307" xp2="11.33359" yp2="80.46652" sp="0.05" color="silver" opacity="100"/>
<line xp1="11.33359" yp1="80.46652" xp2="11.38723" yp2="80.31605" sp="0.05" color="silver" opacity="100"/>
<line xp1="11.38723" yp1="80.31605" xp2="11.37332" yp2="80.08855" sp="0.05" color="silver" opacity="100"/>
<line xp1="11.37332" yp1="80.08855" xp2="11.47242" yp2="79.98973" sp="0.05" color="silver" opacity="100"/>
<line xp1="11.47242" yp1="79.98973" xp2="11.46642" yp2="79.90633" sp="0.05" color="silver" opacity="100"/>
<line xp1="11.46642" yp1="79.90633" xp2="11.42501" yp2="79.86001" sp="0.05" color="silver" opacity="100"/>
<line xp1="11.42501" yp1="79.86001" xp2="11.35892" yp2="79.78611" sp="0.05" color="silver" opacity="100"/>
<line xp1="11.35892" yp1="79.78611" xp2="11.33215" yp2="79.78010" sp="0.05" color="silver" opacity="100"/>
<line xp1="11.33215" yp1="79.78010" xp2="11.30606" yp2="79.77424" sp="0.05" color="silver" opacity="100"/>
<line xp1="11.30606" yp1="79.77424" xp2="11.22878" yp2="79.92280" sp="0.05" color="silver" opacity="100"/>
<line xp1="11.22878" yp1="79.92280" xp2="11.22794" yp2="80.04602" sp="0.05" color="silver" opacity="100"/>
<line xp1="11.22794" yp1="80.04602" xp2="11.23313" yp2="80.29458" sp="0.05" color="silver" opacity="100"/>
<line xp1="11.23313" yp1="80.29458" xp2="11.13777" yp2="80.40926" sp="0.05" color="silver" opacity="100"/>
<line xp1="11.13777" yp1="80.40926" xp2="11.02589" yp2="80.38402" sp="0.05" color="silver" opacity="100"/>
<line xp1="11.02589" yp1="80.38402" xp2="10.90664" yp2="80.31371" sp="0.05" color="silver" opacity="100"/>
<line xp1="10.90664" yp1="80.31371" xp2="10.85212" yp2="80.28158" sp="0.05" color="silver" opacity="100"/>
<line xp1="10.85212" yp1="80.28158" xp2="10.76288" yp2="80.25862" sp="0.05" color="silver" opacity="100"/>
<line xp1="10.76288" yp1="80.25862" xp2="10.66737" yp2="80.34420" sp="0.05" color="silver" opacity="100"/>
<line xp1="10.66737" yp1="80.34420" xp2="10.54649" yp2="80.50269" sp="0.05" color="silver" opacity="100"/>
<line xp1="10.54649" yp1="80.50269" xp2="10.40134" yp2="80.33776" sp="0.05" color="silver" opacity="100"/>
<line xp1="10.40134" yp1="80.33776" xp2="10.28526" yp2="80.32493" sp="0.05" color="silver" opacity="100"/>
<line xp1="10.28526" yp1="80.32493" xp2="10.08927" yp2="80.35503" sp="0.05" color="silver" opacity="100"/>
<line xp1="10.08927" yp1="80.35503" xp2="9.92134" yp2="80.43252" sp="0.05" color="silver" opacity="100"/>
<line xp1="9.92134" yp1="80.43252" xp2="9.73470" yp2="80.46490" sp="0.05" color="silver" opacity="100"/>
<line xp1="9.73470" yp1="80.46490" xp2="9.64810" yp2="80.46514" sp="0.05" color="silver" opacity="100"/>
<line xp1="9.64810" yp1="80.46514" xp2="9.41528" yp2="80.45892" sp="0.05" color="silver" opacity="100"/>
<line xp1="9.41528" yp1="80.45892" xp2="9.15272" yp2="80.50785" sp="0.05" color="silver" opacity="100"/>
<line xp1="9.15272" yp1="80.50785" xp2="9.07420" yp2="80.61967" sp="0.05" color="silver" opacity="100"/>
<line xp1="9.07420" yp1="80.61967" xp2="8.84480" yp2="80.75649" sp="0.05" color="silver" opacity="100"/>
<line xp1="8.84480" yp1="80.75649" xp2="8.64481" yp2="80.81343" sp="0.05" color="silver" opacity="100"/>
<line xp1="8.64481" yp1="80.81343" xp2="8.39037" yp2="81.01027" sp="0.05" color="silver" opacity="100"/>
<line xp1="8.39037" yp1="81.01027" xp2="8.22578" yp2="81.11626" sp="0.05" color="silver" opacity="100"/>
<line xp1="8.22578" yp1="81.11626" xp2="8.11409" yp2="81.10289" sp="0.05" color="silver" opacity="100"/>
<line xp1="8.11409" yp1="81.10289" xp2="8.11409" yp2="81.10289" sp="0.05" color="silver" opacity="100"/>
<line xp1="72.92482" yp1="52.00288" xp2="72.88280" yp2="51.81381" sp="0.05" color="silver" opacity="100"/>
<line xp1="72.88280" yp1="51.81381" xp2="73.00091" yp2="51.60875" sp="0.05" color="silver" opacity="100"/>
<line xp1="73.00091" yp1="51.60875" xp2="73.13079" yp2="51.36245" sp="0.05" color="silver" opacity="100"/>
<line xp1="73.13079" yp1="51.36245" xp2="73.10858" yp2="51.25304" sp="0.05" color="silver" opacity="100"/>
<line xp1="73.10858" yp1="51.25304" xp2="73.09607" yp2="51.19136" sp="0.05" color="silver" opacity="100"/>
<line xp1="73.09607" yp1="51.19136" xp2="73.20202" yp2="51.06393" sp="0.05" color="silver" opacity="100"/>
<line xp1="73.20202" yp1="51.06393" xp2="73.23313" yp2="50.98015" sp="0.05" color="silver" opacity="100"/>
<line xp1="73.23313" yp1="50.98015" xp2="73.27696" yp2="50.86214" sp="0.05" color="silver" opacity="100"/>
<line xp1="73.27696" yp1="50.86214" xp2="73.34253" yp2="50.74924" sp="0.05" color="silver" opacity="100"/>
<line xp1="73.34253" yp1="50.74924" xp2="73.35281" yp2="50.70276" sp="0.05" color="silver" opacity="100"/>
<line xp1="73.35281" yp1="50.70276" xp2="73.39059" yp2="50.53193" sp="0.05" color="silver" opacity="100"/>
<line xp1="73.39059" yp1="50.53193" xp2="73.49829" yp2="50.43741" sp="0.05" color="silver" opacity="100"/>
<line xp1="73.49829" yp1="50.43741" xp2="73.62838" yp2="50.27190" sp="0.05" color="silver" opacity="100"/>
<line xp1="73.62838" yp1="50.27190" xp2="73.74705" yp2="50.12719" sp="0.05" color="silver" opacity="100"/>
<line xp1="73.74705" yp1="50.12719" xp2="73.89493" yp2="50.10799" sp="0.05" color="silver" opacity="100"/>
<line xp1="73.89493" yp1="50.10799" xp2="73.95034" yp2="50.03417" sp="0.05" color="silver" opacity="100"/>
<line xp1="73.95034" yp1="50.03417" xp2="73.86940" yp2="49.86947" sp="0.05" color="silver" opacity="100"/>
<line xp1="73.86940" yp1="49.86947" xp2="73.94315" yp2="49.77120" sp="0.05" color="silver" opacity="100"/>
<line xp1="73.94315" yp1="49.77120" xp2="73.94831" yp2="49.68348" sp="0.05" color="silver" opacity="100"/>
<line xp1="73.94831" yp1="49.68348" xp2="74.00615" yp2="49.51991" sp="0.05" color="silver" opacity="100"/>
<line xp1="74.00615" yp1="49.51991" xp2="74.07700" yp2="49.38636" sp="0.05" color="silver" opacity="100"/>
<line xp1="74.07700" yp1="49.38636" xp2="74.19270" yp2="49.35671" sp="0.05" color="silver" opacity="100"/>
<line xp1="74.19270" yp1="49.35671" xp2="74.24000" yp2="49.26437" sp="0.05" color="silver" opacity="100"/>
<line xp1="74.24000" yp1="49.26437" xp2="74.24761" yp2="49.25571" sp="0.05" color="silver" opacity="100"/>
<line xp1="74.24761" yp1="49.25571" xp2="74.34061" yp2="49.14991" sp="0.05" color="silver" opacity="100"/>
<line xp1="74.34061" yp1="49.14991" xp2="74.52212" yp2="49.16189" sp="0.05" color="silver" opacity="100"/>
<line xp1="74.52212" yp1="49.16189" xp2="74.56451" yp2="49.20975" sp="0.05" color="silver" opacity="100"/>
<line xp1="74.56451" yp1="49.20975" xp2="74.64068" yp2="49.28744" sp="0.05" color="silver" opacity="100"/>
<line xp1="74.64068" yp1="49.28744" xp2="74.72624" yp2="49.34576" sp="0.05" color="silver" opacity="100"/>
<line xp1="74.72624" yp1="49.34576" xp2="74.82745" yp2="49.53625" sp="0.05" color="silver" opacity="100"/>
<line xp1="74.82745" yp1="49.53625" xp2="75.03830" yp2="49.24250" sp="0.05" color="silver" opacity="100"/>
<line xp1="75.03830" yp1="49.24250" xp2="75.21139" yp2="49.36713" sp="0.05" color="silver" opacity="100"/>
<line xp1="75.21139" yp1="49.36713" xp2="75.39075" yp2="49.42727" sp="0.05" color="silver" opacity="100"/>
<line xp1="75.39075" yp1="49.42727" xp2="75.41408" yp2="49.43101" sp="0.05" color="silver" opacity="100"/>
<line xp1="75.41408" yp1="49.43101" xp2="75.50883" yp2="49.44618" sp="0.05" color="silver" opacity="100"/>
<line xp1="75.50883" yp1="49.44618" xp2="75.63772" yp2="49.52807" sp="0.05" color="silver" opacity="100"/>
<line xp1="75.63772" yp1="49.52807" xp2="75.56423" yp2="49.66838" sp="0.05" color="silver" opacity="100"/>
<line xp1="75.56423" yp1="49.66838" xp2="75.59208" yp2="49.77122" sp="0.05" color="silver" opacity="100"/>
<line xp1="75.59208" yp1="49.77122" xp2="75.60285" yp2="49.77431" sp="0.05" color="silver" opacity="100"/>
<line xp1="75.60285" yp1="49.77431" xp2="75.60406" yp2="49.77465" sp="0.05" color="silver" opacity="100"/>
<line xp1="75.60406" yp1="49.77465" xp2="75.63624" yp2="49.78387" sp="0.05" color="silver" opacity="100"/>
<line xp1="75.63624" yp1="49.78387" xp2="75.73834" yp2="49.63532" sp="0.05" color="silver" opacity="100"/>
<line xp1="75.73834" yp1="49.63532" xp2="75.90004" yp2="49.75490" sp="0.05" color="silver" opacity="100"/>
<line xp1="75.90004" yp1="49.75490" xp2="76.08487" yp2="49.92770" sp="0.05" color="silver" opacity="100"/>
<line xp1="76.08487" yp1="49.92770" xp2="76.20066" yp2="49.79722" sp="0.05" color="silver" opacity="100"/>
<line xp1="76.20066" yp1="49.79722" xp2="76.20797" yp2="49.78898" sp="0.05" color="silver" opacity="100"/>
<line xp1="76.20797" yp1="49.78898" xp2="76.30788" yp2="49.89233" sp="0.05" color="silver" opacity="100"/>
<line xp1="76.30788" yp1="49.89233" xp2="76.47439" yp2="50.10430" sp="0.05" color="silver" opacity="100"/>
<line xp1="76.47439" yp1="50.10430" xp2="76.48855" yp2="50.24423" sp="0.05" color="silver" opacity="100"/>
<line xp1="76.48855" yp1="50.24423" xp2="76.57941" yp2="50.35196" sp="0.05" color="silver" opacity="100"/>
<line xp1="76.57941" yp1="50.35196" xp2="76.57800" yp2="50.35426" sp="0.05" color="silver" opacity="100"/>
<line xp1="76.57800" yp1="50.35426" xp2="76.47345" yp2="50.52495" sp="0.05" color="silver" opacity="100"/>
<line xp1="76.47345" yp1="50.52495" xp2="76.47687" yp2="50.53182" sp="0.05" color="silver" opacity="100"/>
<line xp1="76.47687" yp1="50.53182" xp2="76.52593" yp2="50.63032" sp="0.05" color="silver" opacity="100"/>
<line xp1="76.52593" yp1="50.63032" xp2="76.58674" yp2="50.80940" sp="0.05" color="silver" opacity="100"/>
<line xp1="76.58674" yp1="50.80940" xp2="76.61595" yp2="50.93573" sp="0.05" color="silver" opacity="100"/>
<line xp1="76.61595" yp1="50.93573" xp2="76.72011" yp2="51.11286" sp="0.05" color="silver" opacity="100"/>
<line xp1="76.72011" yp1="51.11286" xp2="76.83721" yp2="51.29108" sp="0.05" color="silver" opacity="100"/>
<line xp1="76.83721" yp1="51.29108" xp2="76.86733" yp2="51.33691" sp="0.05" color="silver" opacity="100"/>
<line xp1="76.86733" yp1="51.33691" xp2="76.96734" yp2="51.55522" sp="0.05" color="silver" opacity="100"/>
<line xp1="76.96734" yp1="51.55522" xp2="76.98157" yp2="51.61031" sp="0.05" color="silver" opacity="100"/>
<line xp1="76.98157" yp1="51.61031" xp2="77.01700" yp2="51.74748" sp="0.05" color="silver" opacity="100"/>
<line xp1="77.01700" yp1="51.74748" xp2="77.05204" yp2="51.95539" sp="0.05" color="silver" opacity="100"/>
<line xp1="77.05204" yp1="51.95539" xp2="77.15335" yp2="52.09523" sp="0.05" color="silver" opacity="100"/>
<line xp1="77.15335" yp1="52.09523" xp2="77.23536" yp2="52.19219" sp="0.05" color="silver" opacity="100"/>
<line xp1="77.23536" yp1="52.19219" xp2="77.24994" yp2="52.20942" sp="0.05" color="silver" opacity="100"/>
<line xp1="77.24994" yp1="52.20942" xp2="77.22447" yp2="52.32549" sp="0.05" color="silver" opacity="100"/>
<line xp1="77.22447" yp1="52.32549" xp2="77.33138" yp2="52.44779" sp="0.05" color="silver" opacity="100"/>
<line xp1="77.33138" yp1="52.44779" xp2="77.40050" yp2="52.66125" sp="0.05" color="silver" opacity="100"/>
<line xp1="77.40050" yp1="52.66125" xp2="77.39833" yp2="52.75355" sp="0.05" color="silver" opacity="100"/>
<line xp1="77.39833" yp1="52.75355" xp2="77.43211" yp2="52.88824" sp="0.05" color="silver" opacity="100"/>
<line xp1="77.43211" yp1="52.88824" xp2="77.46296" yp2="53.11861" sp="0.05" color="silver" opacity="100"/>
<line xp1="77.46296" yp1="53.11861" xp2="77.62682" yp2="53.00919" sp="0.05" color="silver" opacity="100"/>
<line xp1="77.62682" yp1="53.00919" xp2="77.72825" yp2="52.73494" sp="0.05" color="silver" opacity="100"/>
<line xp1="77.72825" yp1="52.73494" xp2="77.89184" yp2="52.64927" sp="0.05" color="silver" opacity="100"/>
<line xp1="77.89184" yp1="52.64927" xp2="77.98262" yp2="52.62416" sp="0.05" color="silver" opacity="100"/>
<line xp1="77.98262" yp1="52.62416" xp2="78.00345" yp2="52.61839" sp="0.05" color="silver" opacity="100"/>
<line xp1="78.00345" yp1="52.61839" xp2="78.10520" yp2="52.78297" sp="0.05" color="silver" opacity="100"/>
<line xp1="78.10520" yp1="52.78297" xp2="78.11012" yp2="52.79926" sp="0.05" color="silver" opacity="100"/>
<line xp1="78.11012" yp1="52.79926" xp2="78.15160" yp2="52.93663" sp="0.05" color="silver" opacity="100"/>
<line xp1="78.15160" yp1="52.93663" xp2="78.22407" yp2="53.16148" sp="0.05" color="silver" opacity="100"/>
<line xp1="78.22407" yp1="53.16148" xp2="78.31853" yp2="53.31291" sp="0.05" color="silver" opacity="100"/>
<line xp1="78.31853" yp1="53.31291" xp2="78.32607" yp2="53.40033" sp="0.05" color="silver" opacity="100"/>
<line xp1="78.32607" yp1="53.40033" xp2="78.37346" yp2="53.60404" sp="0.05" color="silver" opacity="100"/>
<line xp1="78.37346" yp1="53.60404" xp2="78.42607" yp2="53.71032" sp="0.05" color="silver" opacity="100"/>
<line xp1="78.42607" yp1="53.71032" xp2="78.46306" yp2="53.82878" sp="0.05" color="silver" opacity="100"/>
<line xp1="78.46306" yp1="53.82878" xp2="78.66265" yp2="53.60855" sp="0.05" color="silver" opacity="100"/>
<line xp1="78.66265" yp1="53.60855" xp2="78.73667" yp2="53.80281" sp="0.05" color="silver" opacity="100"/>
<line xp1="78.73667" yp1="53.80281" xp2="78.81109" yp2="53.98212" sp="0.05" color="silver" opacity="100"/>
<line xp1="78.81109" yp1="53.98212" xp2="78.95136" yp2="54.07383" sp="0.05" color="silver" opacity="100"/>
<line xp1="78.95136" yp1="54.07383" xp2="79.04546" yp2="54.23600" sp="0.05" color="silver" opacity="100"/>
<line xp1="79.04546" yp1="54.23600" xp2="79.13583" yp2="54.31145" sp="0.05" color="silver" opacity="100"/>
<line xp1="79.13583" yp1="54.31145" xp2="79.18113" yp2="54.43647" sp="0.05" color="silver" opacity="100"/>
<line xp1="79.18113" yp1="54.43647" xp2="79.21826" yp2="54.53894" sp="0.05" color="silver" opacity="100"/>
<line xp1="79.21826" yp1="54.53894" xp2="79.36316" yp2="54.73833" sp="0.05" color="silver" opacity="100"/>
<line xp1="79.36316" yp1="54.73833" xp2="79.34047" yp2="54.82062" sp="0.05" color="silver" opacity="100"/>
<line xp1="79.34047" yp1="54.82062" xp2="79.37695" yp2="54.96573" sp="0.05" color="silver" opacity="100"/>
<line xp1="79.37695" yp1="54.96573" xp2="79.38183" yp2="55.07644" sp="0.05" color="silver" opacity="100"/>
<line xp1="79.38183" yp1="55.07644" xp2="79.47618" yp2="55.29569" sp="0.05" color="silver" opacity="100"/>
<line xp1="79.47618" yp1="55.29569" xp2="79.48133" yp2="55.45477" sp="0.05" color="silver" opacity="100"/>
<line xp1="79.48133" yp1="55.45477" xp2="79.46602" yp2="55.61718" sp="0.05" color="silver" opacity="100"/>
<line xp1="79.46602" yp1="55.61718" xp2="79.64749" yp2="55.40190" sp="0.05" color="silver" opacity="100"/>
<line xp1="79.64749" yp1="55.40190" xp2="79.71174" yp2="55.32568" sp="0.05" color="silver" opacity="100"/>
<line xp1="79.71174" yp1="55.32568" xp2="79.94895" yp2="55.04179" sp="0.05" color="silver" opacity="100"/>
<line xp1="79.94895" yp1="55.04179" xp2="79.94895" yp2="55.04178" sp="0.05" color="silver" opacity="100"/>
<line xp1="79.94895" yp1="55.04178" xp2="79.94948" yp2="55.04115" sp="0.05" color="silver" opacity="100"/>
<line xp1="79.94948" yp1="55.04115" xp2="80.26415" yp2="54.66406" sp="0.05" color="silver" opacity="100"/>
<line xp1="80.26415" yp1="54.66406" xp2="80.26437" yp2="54.66380" sp="0.05" color="silver" opacity="100"/>
<line xp1="80.26437" yp1="54.66380" xp2="80.29365" yp2="54.76733" sp="0.05" color="silver" opacity="100"/>
<line xp1="80.29365" yp1="54.76733" xp2="80.34143" yp2="54.94087" sp="0.05" color="silver" opacity="100"/>
<line xp1="80.34143" yp1="54.94087" xp2="80.43151" yp2="55.20375" sp="0.05" color="silver" opacity="100"/>
<line xp1="80.43151" yp1="55.20375" xp2="80.39088" yp2="55.29492" sp="0.05" color="silver" opacity="100"/>
<line xp1="80.39088" yp1="55.29492" xp2="80.39998" yp2="55.43341" sp="0.05" color="silver" opacity="100"/>
<line xp1="80.39998" yp1="55.43341" xp2="80.31046" yp2="55.64491" sp="0.05" color="silver" opacity="100"/>
<line xp1="80.31046" yp1="55.64491" xp2="80.29086" yp2="55.71640" sp="0.05" color="silver" opacity="100"/>
<line xp1="80.29086" yp1="55.71640" xp2="80.27114" yp2="55.78831" sp="0.05" color="silver" opacity="100"/>
<line xp1="80.27114" yp1="55.78831" xp2="80.26182" yp2="55.96368" sp="0.05" color="silver" opacity="100"/>
<line xp1="80.26182" yp1="55.96368" xp2="80.11386" yp2="56.02183" sp="0.05" color="silver" opacity="100"/>
<line xp1="80.11386" yp1="56.02183" xp2="79.98964" yp2="56.00382" sp="0.05" color="silver" opacity="100"/>
<line xp1="79.98964" yp1="56.00382" xp2="79.95749" yp2="56.05902" sp="0.05" color="silver" opacity="100"/>
<line xp1="79.95749" yp1="56.05902" xp2="79.87345" yp2="56.20333" sp="0.05" color="silver" opacity="100"/>
<line xp1="79.87345" yp1="56.20333" xp2="79.65373" yp2="56.16822" sp="0.05" color="silver" opacity="100"/>
<line xp1="79.65373" yp1="56.16822" xp2="79.51841" yp2="56.08857" sp="0.05" color="silver" opacity="100"/>
<line xp1="79.51841" yp1="56.08857" xp2="79.48802" yp2="56.08151" sp="0.05" color="silver" opacity="100"/>
<line xp1="79.48802" yp1="56.08151" xp2="79.41083" yp2="56.06356" sp="0.05" color="silver" opacity="100"/>
<line xp1="79.41083" yp1="56.06356" xp2="79.32588" yp2="55.89578" sp="0.05" color="silver" opacity="100"/>
<line xp1="79.32588" yp1="55.89578" xp2="79.29084" yp2="55.78853" sp="0.05" color="silver" opacity="100"/>
<line xp1="79.29084" yp1="55.78853" xp2="79.27959" yp2="55.78921" sp="0.05" color="silver" opacity="100"/>
<line xp1="79.27959" yp1="55.78921" xp2="79.09130" yp2="55.80055" sp="0.05" color="silver" opacity="100"/>
<line xp1="79.09130" yp1="55.80055" xp2="78.99225" yp2="55.84109" sp="0.05" color="silver" opacity="100"/>
<line xp1="78.99225" yp1="55.84109" xp2="78.91216" yp2="55.87388" sp="0.05" color="silver" opacity="100"/>
<line xp1="78.91216" yp1="55.87388" xp2="78.86300" yp2="56.02771" sp="0.05" color="silver" opacity="100"/>
<line xp1="78.86300" yp1="56.02771" xp2="78.81363" yp2="56.10968" sp="0.05" color="silver" opacity="100"/>
<line xp1="78.81363" yp1="56.10968" xp2="78.69074" yp2="55.86870" sp="0.05" color="silver" opacity="100"/>
<line xp1="78.69074" yp1="55.86870" xp2="78.54982" yp2="55.65604" sp="0.05" color="silver" opacity="100"/>
<line xp1="78.54982" yp1="55.65604" xp2="78.52808" yp2="55.54361" sp="0.05" color="silver" opacity="100"/>
<line xp1="78.52808" yp1="55.54361" xp2="78.40673" yp2="55.63813" sp="0.05" color="silver" opacity="100"/>
<line xp1="78.40673" yp1="55.63813" xp2="78.35777" yp2="55.63660" sp="0.05" color="silver" opacity="100"/>
<line xp1="78.35777" yp1="55.63660" xp2="78.32103" yp2="55.63545" sp="0.05" color="silver" opacity="100"/>
<line xp1="78.32103" yp1="55.63545" xp2="78.20539" yp2="55.43111" sp="0.05" color="silver" opacity="100"/>
<line xp1="78.20539" yp1="55.43111" xp2="78.05786" yp2="55.21784" sp="0.05" color="silver" opacity="100"/>
<line xp1="78.05786" yp1="55.21784" xp2="78.02504" yp2="55.17040" sp="0.05" color="silver" opacity="100"/>
<line xp1="78.02504" yp1="55.17040" xp2="77.91731" yp2="55.08011" sp="0.05" color="silver" opacity="100"/>
<line xp1="77.91731" yp1="55.08011" xp2="77.80860" yp2="54.93763" sp="0.05" color="silver" opacity="100"/>
<line xp1="77.80860" yp1="54.93763" xp2="77.71250" yp2="54.87417" sp="0.05" color="silver" opacity="100"/>
<line xp1="77.71250" yp1="54.87417" xp2="77.71635" yp2="55.26943" sp="0.05" color="silver" opacity="100"/>
<line xp1="77.71635" yp1="55.26943" xp2="77.71944" yp2="55.80483" sp="0.05" color="silver" opacity="100"/>
<line xp1="77.71944" yp1="55.80483" xp2="77.72821" yp2="56.34594" sp="0.05" color="silver" opacity="100"/>
<line xp1="77.72821" yp1="56.34594" xp2="77.28650" yp2="56.34507" sp="0.05" color="silver" opacity="100"/>
<line xp1="77.28650" yp1="56.34507" xp2="77.05228" yp2="56.34587" sp="0.05" color="silver" opacity="100"/>
<line xp1="77.05228" yp1="56.34587" xp2="76.80624" yp2="56.34671" sp="0.05" color="silver" opacity="100"/>
<line xp1="76.80624" yp1="56.34671" xp2="76.27479" yp2="56.34625" sp="0.05" color="silver" opacity="100"/>
<line xp1="76.27479" yp1="56.34625" xp2="76.12409" yp2="56.34687" sp="0.05" color="silver" opacity="100"/>
<line xp1="76.12409" yp1="56.34687" xp2="76.12437" yp2="57.03486" sp="0.05" color="silver" opacity="100"/>
<line xp1="76.12437" yp1="57.03486" xp2="76.12443" yp2="57.18974" sp="0.05" color="silver" opacity="100"/>
<line xp1="76.12443" yp1="57.18974" xp2="76.12449" yp2="57.59906" sp="0.05" color="silver" opacity="100"/>
<line xp1="76.12449" yp1="57.59906" xp2="76.12456" yp2="58.12029" sp="0.05" color="silver" opacity="100"/>
<line xp1="76.12456" yp1="58.12029" xp2="76.12457" yp2="58.28469" sp="0.05" color="silver" opacity="100"/>
<line xp1="76.12457" yp1="58.28469" xp2="76.12459" yp2="58.50675" sp="0.05" color="silver" opacity="100"/>
<line xp1="76.12459" yp1="58.50675" xp2="76.12463" yp2="58.96800" sp="0.05" color="silver" opacity="100"/>
<line xp1="76.12463" yp1="58.96800" xp2="76.02518" yp2="58.90149" sp="0.05" color="silver" opacity="100"/>
<line xp1="76.02518" yp1="58.90149" xp2="75.95820" yp2="58.91410" sp="0.05" color="silver" opacity="100"/>
<line xp1="75.95820" yp1="58.91410" xp2="75.89545" yp2="58.80713" sp="0.05" color="silver" opacity="100"/>
<line xp1="75.89545" yp1="58.80713" xp2="75.96585" yp2="58.62999" sp="0.05" color="silver" opacity="100"/>
<line xp1="75.96585" yp1="58.62999" xp2="75.99247" yp2="58.41905" sp="0.05" color="silver" opacity="100"/>
<line xp1="75.99247" yp1="58.41905" xp2="75.95790" yp2="58.27192" sp="0.05" color="silver" opacity="100"/>
<line xp1="75.95790" yp1="58.27192" xp2="75.95139" yp2="58.24419" sp="0.05" color="silver" opacity="100"/>
<line xp1="75.95139" yp1="58.24419" xp2="75.98985" yp2="58.01105" sp="0.05" color="silver" opacity="100"/>
<line xp1="75.98985" yp1="58.01105" xp2="75.93139" yp2="57.86077" sp="0.05" color="silver" opacity="100"/>
<line xp1="75.93139" yp1="57.86077" xp2="75.87050" yp2="57.67719" sp="0.05" color="silver" opacity="100"/>
<line xp1="75.87050" yp1="57.67719" xp2="75.84219" yp2="57.59183" sp="0.05" color="silver" opacity="100"/>
<line xp1="75.84219" yp1="57.59183" xp2="75.83693" yp2="57.57597" sp="0.05" color="silver" opacity="100"/>
<line xp1="75.83693" yp1="57.57597" xp2="75.78953" yp2="57.37163" sp="0.05" color="silver" opacity="100"/>
<line xp1="75.78953" yp1="57.37163" xp2="75.78736" yp2="57.23869" sp="0.05" color="silver" opacity="100"/>
<line xp1="75.78736" yp1="57.23869" xp2="75.78442" yp2="57.05941" sp="0.05" color="silver" opacity="100"/>
<line xp1="75.78442" yp1="57.05941" xp2="75.74696" yp2="57.00071" sp="0.05" color="silver" opacity="100"/>
<line xp1="75.74696" yp1="57.00071" xp2="75.68709" yp2="56.91075" sp="0.05" color="silver" opacity="100"/>
<line xp1="75.68709" yp1="56.91075" xp2="75.65625" yp2="56.71438" sp="0.05" color="silver" opacity="100"/>
<line xp1="75.65625" yp1="56.71438" xp2="75.65496" yp2="56.70617" sp="0.05" color="silver" opacity="100"/>
<line xp1="75.65496" yp1="56.70617" xp2="75.65389" yp2="56.57455" sp="0.05" color="silver" opacity="100"/>
<line xp1="75.65389" yp1="56.57455" xp2="75.58472" yp2="56.46730" sp="0.05" color="silver" opacity="100"/>
<line xp1="75.58472" yp1="56.46730" xp2="75.63766" yp2="56.34072" sp="0.05" color="silver" opacity="100"/>
<line xp1="75.63766" yp1="56.34072" xp2="75.64652" yp2="56.31954" sp="0.05" color="silver" opacity="100"/>
<line xp1="75.64652" yp1="56.31954" xp2="75.59142" yp2="56.17929" sp="0.05" color="silver" opacity="100"/>
<line xp1="75.59142" yp1="56.17929" xp2="75.47110" yp2="56.01979" sp="0.05" color="silver" opacity="100"/>
<line xp1="75.47110" yp1="56.01979" xp2="75.32713" yp2="55.82302" sp="0.05" color="silver" opacity="100"/>
<line xp1="75.32713" yp1="55.82302" xp2="75.26777" yp2="55.74189" sp="0.05" color="silver" opacity="100"/>
<line xp1="75.26777" yp1="55.74189" xp2="75.19804" yp2="55.59342" sp="0.05" color="silver" opacity="100"/>
<line xp1="75.19804" yp1="55.59342" xp2="75.18687" yp2="55.56964" sp="0.05" color="silver" opacity="100"/>
<line xp1="75.18687" yp1="55.56964" xp2="75.09854" yp2="55.51637" sp="0.05" color="silver" opacity="100"/>
<line xp1="75.09854" yp1="55.51637" xp2="75.00140" yp2="55.39998" sp="0.05" color="silver" opacity="100"/>
<line xp1="75.00140" yp1="55.39998" xp2="74.84990" yp2="55.27363" sp="0.05" color="silver" opacity="100"/>
<line xp1="74.84990" yp1="55.27363" xp2="74.81478" yp2="55.28200" sp="0.05" color="silver" opacity="100"/>
<line xp1="74.81478" yp1="55.28200" xp2="74.77878" yp2="55.29059" sp="0.05" color="silver" opacity="100"/>
<line xp1="74.77878" yp1="55.29059" xp2="74.74968" yp2="55.41319" sp="0.05" color="silver" opacity="100"/>
<line xp1="74.74968" yp1="55.41319" xp2="74.68286" yp2="55.45507" sp="0.05" color="silver" opacity="100"/>
<line xp1="74.68286" yp1="55.45507" xp2="74.61048" yp2="55.35212" sp="0.05" color="silver" opacity="100"/>
<line xp1="74.61048" yp1="55.35212" xp2="74.52362" yp2="55.23078" sp="0.05" color="silver" opacity="100"/>
<line xp1="74.52362" yp1="55.23078" xp2="74.51500" yp2="55.07479" sp="0.05" color="silver" opacity="100"/>
<line xp1="74.51500" yp1="55.07479" xp2="74.44016" yp2="55.07240" sp="0.05" color="silver" opacity="100"/>
<line xp1="74.44016" yp1="55.07240" xp2="74.34103" yp2="55.06787" sp="0.05" color="silver" opacity="100"/>
<line xp1="74.34103" yp1="55.06787" xp2="74.28980" yp2="54.91208" sp="0.05" color="silver" opacity="100"/>
<line xp1="74.28980" yp1="54.91208" xp2="74.27466" yp2="54.88846" sp="0.05" color="silver" opacity="100"/>
<line xp1="74.27466" yp1="54.88846" xp2="74.22653" yp2="54.81336" sp="0.05" color="silver" opacity="100"/>
<line xp1="74.22653" yp1="54.81336" xp2="74.22724" yp2="54.80296" sp="0.05" color="silver" opacity="100"/>
<line xp1="74.22724" yp1="54.80296" xp2="74.24161" yp2="54.59022" sp="0.05" color="silver" opacity="100"/>
<line xp1="74.24161" yp1="54.59022" xp2="74.23036" yp2="54.58295" sp="0.05" color="silver" opacity="100"/>
<line xp1="74.23036" yp1="54.58295" xp2="74.14176" yp2="54.52565" sp="0.05" color="silver" opacity="100"/>
<line xp1="74.14176" yp1="54.52565" xp2="74.16415" yp2="54.40101" sp="0.05" color="silver" opacity="100"/>
<line xp1="74.16415" yp1="54.40101" xp2="74.19118" yp2="54.23068" sp="0.05" color="silver" opacity="100"/>
<line xp1="74.19118" yp1="54.23068" xp2="74.11176" yp2="54.13114" sp="0.05" color="silver" opacity="100"/>
<line xp1="74.11176" yp1="54.13114" xp2="74.00235" yp2="54.08458" sp="0.05" color="silver" opacity="100"/>
<line xp1="74.00235" yp1="54.08458" xp2="73.93565" yp2="54.26656" sp="0.05" color="silver" opacity="100"/>
<line xp1="73.93565" yp1="54.26656" xp2="73.83529" yp2="54.37022" sp="0.05" color="silver" opacity="100"/>
<line xp1="73.83529" yp1="54.37022" xp2="73.78221" yp2="54.33679" sp="0.05" color="silver" opacity="100"/>
<line xp1="73.78221" yp1="54.33679" xp2="73.70913" yp2="54.21708" sp="0.05" color="silver" opacity="100"/>
<line xp1="73.70913" yp1="54.21708" xp2="73.69405" yp2="54.17394" sp="0.05" color="silver" opacity="100"/>
<line xp1="73.69405" yp1="54.17394" xp2="73.63882" yp2="54.01594" sp="0.05" color="silver" opacity="100"/>
<line xp1="73.63882" yp1="54.01594" xp2="73.59758" yp2="53.78466" sp="0.05" color="silver" opacity="100"/>
<line xp1="73.59758" yp1="53.78466" xp2="73.52417" yp2="53.72192" sp="0.05" color="silver" opacity="100"/>
<line xp1="73.52417" yp1="53.72192" xp2="73.53610" yp2="53.60106" sp="0.05" color="silver" opacity="100"/>
<line xp1="73.53610" yp1="53.60106" xp2="73.56067" yp2="53.31309" sp="0.05" color="silver" opacity="100"/>
<line xp1="73.56067" yp1="53.31309" xp2="73.57667" yp2="53.16710" sp="0.05" color="silver" opacity="100"/>
<line xp1="73.57667" yp1="53.16710" xp2="73.50928" yp2="53.11909" sp="0.05" color="silver" opacity="100"/>
<line xp1="73.50928" yp1="53.11909" xp2="73.42420" yp2="53.12481" sp="0.05" color="silver" opacity="100"/>
<line xp1="73.42420" yp1="53.12481" xp2="73.41210" yp2="53.08532" sp="0.05" color="silver" opacity="100"/>
<line xp1="73.41210" yp1="53.08532" xp2="73.39497" yp2="53.02938" sp="0.05" color="silver" opacity="100"/>
<line xp1="73.39497" yp1="53.02938" xp2="73.37812" yp2="52.84659" sp="0.05" color="silver" opacity="100"/>
<line xp1="73.37812" yp1="52.84659" xp2="73.34769" yp2="52.71219" sp="0.05" color="silver" opacity="100"/>
<line xp1="73.34769" yp1="52.71219" xp2="73.25881" yp2="52.67081" sp="0.05" color="silver" opacity="100"/>
<line xp1="73.25881" yp1="52.67081" xp2="73.15834" yp2="52.64852" sp="0.05" color="silver" opacity="100"/>
<line xp1="73.15834" yp1="52.64852" xp2="73.06313" yp2="52.61327" sp="0.05" color="silver" opacity="100"/>
<line xp1="73.06313" yp1="52.61327" xp2="72.98359" yp2="52.58382" sp="0.05" color="silver" opacity="100"/>
<line xp1="72.98359" yp1="52.58382" xp2="72.93281" yp2="52.63374" sp="0.05" color="silver" opacity="100"/>
<line xp1="72.93281" yp1="52.63374" xp2="72.92929" yp2="52.51683" sp="0.05" color="silver" opacity="100"/>
<line xp1="72.92929" yp1="52.51683" xp2="72.92619" yp2="52.41403" sp="0.05" color="silver" opacity="100"/>
<line xp1="72.92619" yp1="52.41403" xp2="72.96634" yp2="52.33080" sp="0.05" color="silver" opacity="100"/>
<line xp1="72.96634" yp1="52.33080" xp2="72.95108" yp2="52.13883" sp="0.05" color="silver" opacity="100"/>
<line xp1="72.95108" yp1="52.13883" xp2="72.94662" yp2="52.11575" sp="0.05" color="silver" opacity="100"/>
<line xp1="72.94662" yp1="52.11575" xp2="72.92482" yp2="52.00288" sp="0.05" color="silver" opacity="100"/>
<line xp1="72.92482" yp1="52.00288" xp2="72.92482" yp2="52.00288" sp="0.05" color="silver" opacity="100"/>
<line xp1="66.25496" yp1="72.63185" xp2="66.22123" yp2="72.43430" sp="0.05" color="silver" opacity="100"/>
<line xp1="66.22123" yp1="72.43430" xp2="66.30786" yp2="72.27196" sp="0.05" color="silver" opacity="100"/>
<line xp1="66.30786" yp1="72.27196" xp2="66.35732" yp2="72.43733" sp="0.05" color="silver" opacity="100"/>
<line xp1="66.35732" yp1="72.43733" xp2="66.45251" yp2="72.60829" sp="0.05" color="silver" opacity="100"/>
<line xp1="66.45251" yp1="72.60829" xp2="66.40654" yp2="72.71482" sp="0.05" color="silver" opacity="100"/>
<line xp1="66.40654" yp1="72.71482" xp2="66.25496" yp2="72.63185" sp="0.05" color="silver" opacity="100"/>
<line xp1="66.25496" yp1="72.63185" xp2="66.25496" yp2="72.63185" sp="0.05" color="silver" opacity="100"/>
<line xp1="60.34320" yp1="77.21235" xp2="60.35695" yp2="77.14951" sp="0.05" color="silver" opacity="100"/>
<line xp1="60.35695" yp1="77.14951" xp2="60.44303" yp2="77.10074" sp="0.05" color="silver" opacity="100"/>
<line xp1="60.44303" yp1="77.10074" xp2="60.49316" yp2="77.01723" sp="0.05" color="silver" opacity="100"/>
<line xp1="60.49316" yp1="77.01723" xp2="60.55827" yp2="76.87635" sp="0.05" color="silver" opacity="100"/>
<line xp1="60.55827" yp1="76.87635" xp2="60.69369" yp2="76.90132" sp="0.05" color="silver" opacity="100"/>
<line xp1="60.69369" yp1="76.90132" xp2="60.73222" yp2="76.95904" sp="0.05" color="silver" opacity="100"/>
<line xp1="60.73222" yp1="76.95904" xp2="60.75135" yp2="77.03259" sp="0.05" color="silver" opacity="100"/>
<line xp1="60.75135" yp1="77.03259" xp2="60.70019" yp2="77.19252" sp="0.05" color="silver" opacity="100"/>
<line xp1="60.70019" yp1="77.19252" xp2="60.67548" yp2="77.24861" sp="0.05" color="silver" opacity="100"/>
<line xp1="60.67548" yp1="77.24861" xp2="60.53781" yp2="77.29908" sp="0.05" color="silver" opacity="100"/>
<line xp1="60.53781" yp1="77.29908" xp2="60.39972" yp2="77.24601" sp="0.05" color="silver" opacity="100"/>
<line xp1="60.39972" yp1="77.24601" xp2="60.34320" yp2="77.21235" sp="0.05" color="silver" opacity="100"/>
<line xp1="60.34320" yp1="77.21235" xp2="60.34320" yp2="77.21235" sp="0.05" color="silver" opacity="100"/>
<line xp1="57.09739" yp1="73.26899" xp2="57.09549" yp2="73.25430" sp="0.05" color="silver" opacity="100"/>
<line xp1="57.09549" yp1="73.25430" xp2="57.10594" yp2="73.06688" sp="0.05" color="silver" opacity="100"/>
<line xp1="57.10594" yp1="73.06688" xp2="57.22846" yp2="73.03673" sp="0.05" color="silver" opacity="100"/>
<line xp1="57.22846" yp1="73.03673" xp2="57.29707" yp2="73.02143" sp="0.05" color="silver" opacity="100"/>
<line xp1="57.29707" yp1="73.02143" xp2="57.34150" yp2="72.93043" sp="0.05" color="silver" opacity="100"/>
<line xp1="57.34150" yp1="72.93043" xp2="57.40493" yp2="72.77792" sp="0.05" color="silver" opacity="100"/>
<line xp1="57.40493" yp1="72.77792" xp2="57.46651" yp2="72.67980" sp="0.05" color="silver" opacity="100"/>
<line xp1="57.46651" yp1="72.67980" xp2="57.44848" yp2="72.56017" sp="0.05" color="silver" opacity="100"/>
<line xp1="57.44848" yp1="72.56017" xp2="57.38620" yp2="72.38964" sp="0.05" color="silver" opacity="100"/>
<line xp1="57.38620" yp1="72.38964" xp2="57.31036" yp2="72.27446" sp="0.05" color="silver" opacity="100"/>
<line xp1="57.31036" yp1="72.27446" xp2="57.28943" yp2="72.24268" sp="0.05" color="silver" opacity="100"/>
<line xp1="57.28943" yp1="72.24268" xp2="57.28294" yp2="72.02863" sp="0.05" color="silver" opacity="100"/>
<line xp1="57.28294" yp1="72.02863" xp2="57.28164" yp2="71.98603" sp="0.05" color="silver" opacity="100"/>
<line xp1="57.28164" yp1="71.98603" xp2="57.31718" yp2="71.78190" sp="0.05" color="silver" opacity="100"/>
<line xp1="57.31718" yp1="71.78190" xp2="57.32229" yp2="71.75256" sp="0.05" color="silver" opacity="100"/>
<line xp1="57.32229" yp1="71.75256" xp2="57.22629" yp2="71.61544" sp="0.05" color="silver" opacity="100"/>
<line xp1="57.22629" yp1="71.61544" xp2="57.28938" yp2="71.49276" sp="0.05" color="silver" opacity="100"/>
<line xp1="57.28938" yp1="71.49276" xp2="57.30646" yp2="71.26162" sp="0.05" color="silver" opacity="100"/>
<line xp1="57.30646" yp1="71.26162" xp2="57.28150" yp2="71.03422" sp="0.05" color="silver" opacity="100"/>
<line xp1="57.28150" yp1="71.03422" xp2="57.28136" yp2="71.03290" sp="0.05" color="silver" opacity="100"/>
<line xp1="57.28136" yp1="71.03290" xp2="57.27912" yp2="71.01248" sp="0.05" color="silver" opacity="100"/>
<line xp1="57.27912" yp1="71.01248" xp2="57.22264" yp2="70.76675" sp="0.05" color="silver" opacity="100"/>
<line xp1="57.22264" yp1="70.76675" xp2="57.24252" yp2="70.73995" sp="0.05" color="silver" opacity="100"/>
<line xp1="57.24252" yp1="70.73995" xp2="57.33596" yp2="70.61407" sp="0.05" color="silver" opacity="100"/>
<line xp1="57.33596" yp1="70.61407" xp2="57.39001" yp2="70.54125" sp="0.05" color="silver" opacity="100"/>
<line xp1="57.39001" yp1="70.54125" xp2="57.51073" yp2="70.32249" sp="0.05" color="silver" opacity="100"/>
<line xp1="57.51073" yp1="70.32249" xp2="57.61649" yp2="70.22201" sp="0.05" color="silver" opacity="100"/>
<line xp1="57.61649" yp1="70.22201" xp2="57.84726" yp2="70.16655" sp="0.05" color="silver" opacity="100"/>
<line xp1="57.84726" yp1="70.16655" xp2="57.90536" yp2="70.16839" sp="0.05" color="silver" opacity="100"/>
<line xp1="57.90536" yp1="70.16839" xp2="57.97395" yp2="70.11222" sp="0.05" color="silver" opacity="100"/>
<line xp1="57.97395" yp1="70.11222" xp2="57.97835" yp2="70.10861" sp="0.05" color="silver" opacity="100"/>
<line xp1="57.97835" yp1="70.10861" xp2="58.01384" yp2="69.95847" sp="0.05" color="silver" opacity="100"/>
<line xp1="58.01384" yp1="69.95847" xp2="58.08405" yp2="69.86929" sp="0.05" color="silver" opacity="100"/>
<line xp1="58.08405" yp1="69.86929" xp2="58.10389" yp2="69.84410" sp="0.05" color="silver" opacity="100"/>
<line xp1="58.10389" yp1="69.84410" xp2="58.29064" yp2="69.75414" sp="0.05" color="silver" opacity="100"/>
<line xp1="58.29064" yp1="69.75414" xp2="58.33149" yp2="69.72747" sp="0.05" color="silver" opacity="100"/>
<line xp1="58.33149" yp1="69.72747" xp2="58.51754" yp2="69.60603" sp="0.05" color="silver" opacity="100"/>
<line xp1="58.51754" yp1="69.60603" xp2="58.59048" yp2="69.48027" sp="0.05" color="silver" opacity="100"/>
<line xp1="58.59048" yp1="69.48027" xp2="58.62662" yp2="69.23173" sp="0.05" color="silver" opacity="100"/>
<line xp1="58.62662" yp1="69.23173" xp2="58.68538" yp2="69.13493" sp="0.05" color="silver" opacity="100"/>
<line xp1="58.68538" yp1="69.13493" xp2="58.74261" yp2="69.04067" sp="0.05" color="silver" opacity="100"/>
<line xp1="58.74261" yp1="69.04067" xp2="58.89370" yp2="68.93958" sp="0.05" color="silver" opacity="100"/>
<line xp1="58.89370" yp1="68.93958" xp2="59.00327" yp2="68.75460" sp="0.05" color="silver" opacity="100"/>
<line xp1="59.00327" yp1="68.75460" xp2="59.11803" yp2="68.64829" sp="0.05" color="silver" opacity="100"/>
<line xp1="59.11803" yp1="68.64829" xp2="59.13967" yp2="68.64060" sp="0.05" color="silver" opacity="100"/>
<line xp1="59.13967" yp1="68.64060" xp2="59.32225" yp2="68.57572" sp="0.05" color="silver" opacity="100"/>
<line xp1="59.32225" yp1="68.57572" xp2="59.34836" yp2="68.52656" sp="0.05" color="silver" opacity="100"/>
<line xp1="59.34836" yp1="68.52656" xp2="59.45011" yp2="68.33495" sp="0.05" color="silver" opacity="100"/>
<line xp1="59.45011" yp1="68.33495" xp2="59.55230" yp2="68.15067" sp="0.05" color="silver" opacity="100"/>
<line xp1="59.55230" yp1="68.15067" xp2="59.55745" yp2="68.13447" sp="0.05" color="silver" opacity="100"/>
<line xp1="59.55745" yp1="68.13447" xp2="59.62468" yp2="67.92299" sp="0.05" color="silver" opacity="100"/>
<line xp1="59.62468" yp1="67.92299" xp2="59.60462" yp2="67.78760" sp="0.05" color="silver" opacity="100"/>
<line xp1="59.60462" yp1="67.78760" xp2="59.57961" yp2="67.61892" sp="0.05" color="silver" opacity="100"/>
<line xp1="59.57961" yp1="67.61892" xp2="59.61088" yp2="67.42961" sp="0.05" color="silver" opacity="100"/>
<line xp1="59.61088" yp1="67.42961" xp2="59.64183" yp2="67.32812" sp="0.05" color="silver" opacity="100"/>
<line xp1="59.64183" yp1="67.32812" xp2="59.66507" yp2="67.14443" sp="0.05" color="silver" opacity="100"/>
<line xp1="59.66507" yp1="67.14443" xp2="59.64265" yp2="67.00272" sp="0.05" color="silver" opacity="100"/>
<line xp1="59.64265" yp1="67.00272" xp2="59.67590" yp2="66.91269" sp="0.05" color="silver" opacity="100"/>
<line xp1="59.67590" yp1="66.91269" xp2="59.69322" yp2="66.86581" sp="0.05" color="silver" opacity="100"/>
<line xp1="59.69322" yp1="66.86581" xp2="59.68097" yp2="66.78188" sp="0.05" color="silver" opacity="100"/>
<line xp1="59.68097" yp1="66.78188" xp2="59.76184" yp2="66.67093" sp="0.05" color="silver" opacity="100"/>
<line xp1="59.76184" yp1="66.67093" xp2="59.83502" yp2="66.61041" sp="0.05" color="silver" opacity="100"/>
<line xp1="59.83502" yp1="66.61041" xp2="59.91091" yp2="66.43991" sp="0.05" color="silver" opacity="100"/>
<line xp1="59.91091" yp1="66.43991" xp2="59.86545" yp2="66.34826" sp="0.05" color="silver" opacity="100"/>
<line xp1="59.86545" yp1="66.34826" xp2="59.79358" yp2="66.21259" sp="0.05" color="silver" opacity="100"/>
<line xp1="59.79358" yp1="66.21259" xp2="59.73038" yp2="66.09904" sp="0.05" color="silver" opacity="100"/>
<line xp1="59.73038" yp1="66.09904" xp2="59.73087" yp2="65.94360" sp="0.05" color="silver" opacity="100"/>
<line xp1="59.73087" yp1="65.94360" xp2="59.73124" yp2="65.82489" sp="0.05" color="silver" opacity="100"/>
<line xp1="59.73124" yp1="65.82489" xp2="59.75525" yp2="65.67851" sp="0.05" color="silver" opacity="100"/>
<line xp1="59.75525" yp1="65.67851" xp2="59.76074" yp2="65.64507" sp="0.05" color="silver" opacity="100"/>
<line xp1="59.76074" yp1="65.64507" xp2="59.78769" yp2="65.43935" sp="0.05" color="silver" opacity="100"/>
<line xp1="59.78769" yp1="65.43935" xp2="59.84797" yp2="65.32692" sp="0.05" color="silver" opacity="100"/>
<line xp1="59.84797" yp1="65.32692" xp2="59.89121" yp2="65.07286" sp="0.05" color="silver" opacity="100"/>
<line xp1="59.89121" yp1="65.07286" xp2="59.97348" yp2="64.91305" sp="0.05" color="silver" opacity="100"/>
<line xp1="59.97348" yp1="64.91305" xp2="60.08990" yp2="64.81098" sp="0.05" color="silver" opacity="100"/>
<line xp1="60.08990" yp1="64.81098" xp2="60.15852" yp2="64.78377" sp="0.05" color="silver" opacity="100"/>
<line xp1="60.15852" yp1="64.78377" xp2="60.22693" yp2="64.75663" sp="0.05" color="silver" opacity="100"/>
<line xp1="60.22693" yp1="64.75663" xp2="60.39434" yp2="64.70160" sp="0.05" color="silver" opacity="100"/>
<line xp1="60.39434" yp1="64.70160" xp2="60.46022" yp2="64.64699" sp="0.05" color="silver" opacity="100"/>
<line xp1="60.46022" yp1="64.64699" xp2="60.50350" yp2="64.50457" sp="0.05" color="silver" opacity="100"/>
<line xp1="60.50350" yp1="64.50457" xp2="60.54947" yp2="64.30995" sp="0.05" color="silver" opacity="100"/>
<line xp1="60.54947" yp1="64.30995" xp2="60.86614" yp2="64.30613" sp="0.05" color="silver" opacity="100"/>
<line xp1="60.86614" yp1="64.30613" xp2="60.88250" yp2="64.30622" sp="0.05" color="silver" opacity="100"/>
<line xp1="60.88250" yp1="64.30622" xp2="61.19509" yp2="64.30790" sp="0.05" color="silver" opacity="100"/>
<line xp1="61.19509" yp1="64.30790" xp2="61.65156" yp2="64.30225" sp="0.05" color="silver" opacity="100"/>
<line xp1="61.65156" yp1="64.30225" xp2="61.65159" yp2="64.30225" sp="0.05" color="silver" opacity="100"/>
<line xp1="61.65159" yp1="64.30225" xp2="61.78832" yp2="64.29974" sp="0.05" color="silver" opacity="100"/>
<line xp1="61.78832" yp1="64.29974" xp2="62.31813" yp2="64.29004" sp="0.05" color="silver" opacity="100"/>
<line xp1="62.31813" yp1="64.29004" xp2="62.45936" yp2="64.28698" sp="0.05" color="silver" opacity="100"/>
<line xp1="62.45936" yp1="64.28698" xp2="62.51416" yp2="64.28579" sp="0.05" color="silver" opacity="100"/>
<line xp1="62.51416" yp1="64.28579" xp2="63.01093" yp2="64.27501" sp="0.05" color="silver" opacity="100"/>
<line xp1="63.01093" yp1="64.27501" xp2="63.08837" yp2="64.27387" sp="0.05" color="silver" opacity="100"/>
<line xp1="63.08837" yp1="64.27387" xp2="63.16864" yp2="64.27269" sp="0.05" color="silver" opacity="100"/>
<line xp1="63.16864" yp1="64.27269" xp2="63.42063" yp2="64.26896" sp="0.05" color="silver" opacity="100"/>
<line xp1="63.42063" yp1="64.26896" xp2="63.52704" yp2="64.26739" sp="0.05" color="silver" opacity="100"/>
<line xp1="63.52704" yp1="64.26739" xp2="63.52711" yp2="64.26739" sp="0.05" color="silver" opacity="100"/>
<line xp1="63.52711" yp1="64.26739" xp2="63.83552" yp2="64.27109" sp="0.05" color="silver" opacity="100"/>
<line xp1="63.83552" yp1="64.27109" xp2="64.14663" yp2="64.27317" sp="0.05" color="silver" opacity="100"/>
<line xp1="64.14663" yp1="64.27317" xp2="64.28169" yp2="64.27407" sp="0.05" color="silver" opacity="100"/>
<line xp1="64.28169" yp1="64.27407" xp2="64.30864" yp2="64.27358" sp="0.05" color="silver" opacity="100"/>
<line xp1="64.30864" yp1="64.27358" xp2="64.77231" yp2="64.26531" sp="0.05" color="silver" opacity="100"/>
<line xp1="64.77231" yp1="64.26531" xp2="64.92234" yp2="64.26263" sp="0.05" color="silver" opacity="100"/>
<line xp1="64.92234" yp1="64.26263" xp2="64.90266" yp2="64.51206" sp="0.05" color="silver" opacity="100"/>
<line xp1="64.90266" yp1="64.51206" xp2="64.90050" yp2="64.69720" sp="0.05" color="silver" opacity="100"/>
<line xp1="64.90050" yp1="64.69720" xp2="64.91998" yp2="64.76660" sp="0.05" color="silver" opacity="100"/>
<line xp1="64.91998" yp1="64.76660" xp2="64.94604" yp2="64.85948" sp="0.05" color="silver" opacity="100"/>
<line xp1="64.94604" yp1="64.85948" xp2="64.97435" yp2="65.09970" sp="0.05" color="silver" opacity="100"/>
<line xp1="64.97435" yp1="65.09970" xp2="64.89052" yp2="65.26364" sp="0.05" color="silver" opacity="100"/>
<line xp1="64.89052" yp1="65.26364" xp2="64.88080" yp2="65.28264" sp="0.05" color="silver" opacity="100"/>
<line xp1="64.88080" yp1="65.28264" xp2="64.86942" yp2="65.30491" sp="0.05" color="silver" opacity="100"/>
<line xp1="64.86942" yp1="65.30491" xp2="64.85741" yp2="65.55462" sp="0.05" color="silver" opacity="100"/>
<line xp1="64.85741" yp1="65.55462" xp2="64.77572" yp2="65.75947" sp="0.05" color="silver" opacity="100"/>
<line xp1="64.77572" yp1="65.75947" xp2="64.81510" yp2="65.89832" sp="0.05" color="silver" opacity="100"/>
<line xp1="64.81510" yp1="65.89832" xp2="64.76848" yp2="66.07403" sp="0.05" color="silver" opacity="100"/>
<line xp1="64.76848" yp1="66.07403" xp2="64.77449" yp2="66.26324" sp="0.05" color="silver" opacity="100"/>
<line xp1="64.77449" yp1="66.26324" xp2="64.77494" yp2="66.27745" sp="0.05" color="silver" opacity="100"/>
<line xp1="64.77494" yp1="66.27745" xp2="64.78584" yp2="66.59329" sp="0.05" color="silver" opacity="100"/>
<line xp1="64.78584" yp1="66.59329" xp2="64.86007" yp2="66.91622" sp="0.05" color="silver" opacity="100"/>
<line xp1="64.86007" yp1="66.91622" xp2="64.93348" yp2="67.12224" sp="0.05" color="silver" opacity="100"/>
<line xp1="64.93348" yp1="67.12224" xp2="64.93689" yp2="67.26576" sp="0.05" color="silver" opacity="100"/>
<line xp1="64.93689" yp1="67.26576" xp2="64.93825" yp2="67.32301" sp="0.05" color="silver" opacity="100"/>
<line xp1="64.93825" yp1="67.32301" xp2="65.06738" yp2="67.65583" sp="0.05" color="silver" opacity="100"/>
<line xp1="65.06738" yp1="67.65583" xp2="65.06433" yp2="67.77970" sp="0.05" color="silver" opacity="100"/>
<line xp1="65.06433" yp1="67.77970" xp2="65.07654" yp2="67.90671" sp="0.05" color="silver" opacity="100"/>
<line xp1="65.07654" yp1="67.90671" xp2="65.03630" yp2="68.02984" sp="0.05" color="silver" opacity="100"/>
<line xp1="65.03630" yp1="68.02984" xp2="65.02151" yp2="68.21063" sp="0.05" color="silver" opacity="100"/>
<line xp1="65.02151" yp1="68.21063" xp2="65.03295" yp2="68.26345" sp="0.05" color="silver" opacity="100"/>
<line xp1="65.03295" yp1="68.26345" xp2="65.07858" yp2="68.47410" sp="0.05" color="silver" opacity="100"/>
<line xp1="65.07858" yp1="68.47410" xp2="65.14587" yp2="68.80541" sp="0.05" color="silver" opacity="100"/>
<line xp1="65.14587" yp1="68.80541" xp2="65.22941" yp2="68.94770" sp="0.05" color="silver" opacity="100"/>
<line xp1="65.22941" yp1="68.94770" xp2="65.32317" yp2="69.02769" sp="0.05" color="silver" opacity="100"/>
<line xp1="65.32317" yp1="69.02769" xp2="65.37320" yp2="69.17372" sp="0.05" color="silver" opacity="100"/>
<line xp1="65.37320" yp1="69.17372" xp2="65.35115" yp2="69.31416" sp="0.05" color="silver" opacity="100"/>
<line xp1="65.35115" yp1="69.31416" xp2="65.31480" yp2="69.48967" sp="0.05" color="silver" opacity="100"/>
<line xp1="65.31480" yp1="69.48967" xp2="65.31796" yp2="69.50718" sp="0.05" color="silver" opacity="100"/>
<line xp1="65.31796" yp1="69.50718" xp2="65.38667" yp2="69.88767" sp="0.05" color="silver" opacity="100"/>
<line xp1="65.38667" yp1="69.88767" xp2="65.46621" yp2="70.24650" sp="0.05" color="silver" opacity="100"/>
<line xp1="65.46621" yp1="70.24650" xp2="65.53596" yp2="70.37483" sp="0.05" color="silver" opacity="100"/>
<line xp1="65.53596" yp1="70.37483" xp2="65.57617" yp2="70.50146" sp="0.05" color="silver" opacity="100"/>
<line xp1="65.57617" yp1="70.50146" xp2="65.66310" yp2="70.77524" sp="0.05" color="silver" opacity="100"/>
<line xp1="65.66310" yp1="70.77524" xp2="65.72918" yp2="70.95194" sp="0.05" color="silver" opacity="100"/>
<line xp1="65.72918" yp1="70.95194" xp2="65.83648" yp2="71.10265" sp="0.05" color="silver" opacity="100"/>
<line xp1="65.83648" yp1="71.10265" xp2="65.86404" yp2="71.28022" sp="0.05" color="silver" opacity="100"/>
<line xp1="65.86404" yp1="71.28022" xp2="65.93941" yp2="71.46447" sp="0.05" color="silver" opacity="100"/>
<line xp1="65.93941" yp1="71.46447" xp2="66.05668" yp2="71.65519" sp="0.05" color="silver" opacity="100"/>
<line xp1="66.05668" yp1="71.65519" xp2="66.08346" yp2="71.81425" sp="0.05" color="silver" opacity="100"/>
<line xp1="66.08346" yp1="71.81425" xp2="66.08589" yp2="71.96270" sp="0.05" color="silver" opacity="100"/>
<line xp1="66.08589" yp1="71.96270" xp2="66.18652" yp2="72.07809" sp="0.05" color="silver" opacity="100"/>
<line xp1="66.18652" yp1="72.07809" xp2="66.18803" yp2="72.25910" sp="0.05" color="silver" opacity="100"/>
<line xp1="66.18803" yp1="72.25910" xp2="66.12764" yp2="72.28358" sp="0.05" color="silver" opacity="100"/>
<line xp1="66.12764" yp1="72.28358" xp2="66.06519" yp2="72.26525" sp="0.05" color="silver" opacity="100"/>
<line xp1="66.06519" yp1="72.26525" xp2="65.98655" yp2="72.16287" sp="0.05" color="silver" opacity="100"/>
<line xp1="65.98655" yp1="72.16287" xp2="65.96676" yp2="72.02795" sp="0.05" color="silver" opacity="100"/>
<line xp1="65.96676" yp1="72.02795" xp2="65.88451" yp2="71.92300" sp="0.05" color="silver" opacity="100"/>
<line xp1="65.88451" yp1="71.92300" xp2="65.78735" yp2="71.90645" sp="0.05" color="silver" opacity="100"/>
<line xp1="65.78735" yp1="71.90645" xp2="65.74634" yp2="71.66103" sp="0.05" color="silver" opacity="100"/>
<line xp1="65.74634" yp1="71.66103" xp2="65.63622" yp2="71.46723" sp="0.05" color="silver" opacity="100"/>
<line xp1="65.63622" yp1="71.46723" xp2="65.54861" yp2="71.24112" sp="0.05" color="silver" opacity="100"/>
<line xp1="65.54861" yp1="71.24112" xp2="65.46696" yp2="71.10317" sp="0.05" color="silver" opacity="100"/>
<line xp1="65.46696" yp1="71.10317" xp2="65.36132" yp2="71.05599" sp="0.05" color="silver" opacity="100"/>
<line xp1="65.36132" yp1="71.05599" xp2="65.33692" yp2="71.02125" sp="0.05" color="silver" opacity="100"/>
<line xp1="65.33692" yp1="71.02125" xp2="65.25953" yp2="71.00512" sp="0.05" color="silver" opacity="100"/>
<line xp1="65.25953" yp1="71.00512" xp2="65.15954" yp2="70.85354" sp="0.05" color="silver" opacity="100"/>
<line xp1="65.15954" yp1="70.85354" xp2="65.04479" yp2="70.64157" sp="0.05" color="silver" opacity="100"/>
<line xp1="65.04479" yp1="70.64157" xp2="65.04649" yp2="70.55213" sp="0.05" color="silver" opacity="100"/>
<line xp1="65.04649" yp1="70.55213" xp2="65.01912" yp2="70.50575" sp="0.05" color="silver" opacity="100"/>
<line xp1="65.01912" yp1="70.50575" xp2="65.00245" yp2="70.47749" sp="0.05" color="silver" opacity="100"/>
<line xp1="65.00245" yp1="70.47749" xp2="64.98260" yp2="70.43914" sp="0.05" color="silver" opacity="100"/>
<line xp1="64.98260" yp1="70.43914" xp2="64.96129" yp2="70.39795" sp="0.05" color="silver" opacity="100"/>
<line xp1="64.96129" yp1="70.39795" xp2="64.82018" yp2="70.30981" sp="0.05" color="silver" opacity="100"/>
<line xp1="64.82018" yp1="70.30981" xp2="64.77094" yp2="70.21181" sp="0.05" color="silver" opacity="100"/>
<line xp1="64.77094" yp1="70.21181" xp2="64.70184" yp2="70.08484" sp="0.05" color="silver" opacity="100"/>
<line xp1="64.70184" yp1="70.08484" xp2="64.60690" yp2="70.11205" sp="0.05" color="silver" opacity="100"/>
<line xp1="64.60690" yp1="70.11205" xp2="64.55200" yp2="70.20737" sp="0.05" color="silver" opacity="100"/>
<line xp1="64.55200" yp1="70.20737" xp2="64.61736" yp2="70.31225" sp="0.05" color="silver" opacity="100"/>
<line xp1="64.61736" yp1="70.31225" xp2="64.61218" yp2="70.46867" sp="0.05" color="silver" opacity="100"/>
<line xp1="64.61218" yp1="70.46867" xp2="64.61912" yp2="70.50761" sp="0.05" color="silver" opacity="100"/>
<line xp1="64.61912" yp1="70.50761" xp2="64.64078" yp2="70.62913" sp="0.05" color="silver" opacity="100"/>
<line xp1="64.64078" yp1="70.62913" xp2="64.70546" yp2="70.73166" sp="0.05" color="silver" opacity="100"/>
<line xp1="64.70546" yp1="70.73166" xp2="64.76233" yp2="70.91064" sp="0.05" color="silver" opacity="100"/>
<line xp1="64.76233" yp1="70.91064" xp2="64.83895" yp2="71.02220" sp="0.05" color="silver" opacity="100"/>
<line xp1="64.83895" yp1="71.02220" xp2="64.86406" yp2="71.06853" sp="0.05" color="silver" opacity="100"/>
<line xp1="64.86406" yp1="71.06853" xp2="64.85626" yp2="71.21244" sp="0.05" color="silver" opacity="100"/>
<line xp1="64.85626" yp1="71.21244" xp2="64.90309" yp2="71.29718" sp="0.05" color="silver" opacity="100"/>
<line xp1="64.90309" yp1="71.29718" xp2="64.98056" yp2="71.32215" sp="0.05" color="silver" opacity="100"/>
<line xp1="64.98056" yp1="71.32215" xp2="65.08232" yp2="71.35495" sp="0.05" color="silver" opacity="100"/>
<line xp1="65.08232" yp1="71.35495" xp2="65.18416" yp2="71.36247" sp="0.05" color="silver" opacity="100"/>
<line xp1="65.18416" yp1="71.36247" xp2="65.19116" yp2="71.55759" sp="0.05" color="silver" opacity="100"/>
<line xp1="65.19116" yp1="71.55759" xp2="65.24583" yp2="71.70075" sp="0.05" color="silver" opacity="100"/>
<line xp1="65.24583" yp1="71.70075" xp2="65.15663" yp2="71.73248" sp="0.05" color="silver" opacity="100"/>
<line xp1="65.15663" yp1="71.73248" xp2="65.08453" yp2="71.85863" sp="0.05" color="silver" opacity="100"/>
<line xp1="65.08453" yp1="71.85863" xp2="65.01261" yp2="71.99157" sp="0.05" color="silver" opacity="100"/>
<line xp1="65.01261" yp1="71.99157" xp2="65.05926" yp2="72.12921" sp="0.05" color="silver" opacity="100"/>
<line xp1="65.05926" yp1="72.12921" xp2="65.12704" yp2="72.33246" sp="0.05" color="silver" opacity="100"/>
<line xp1="65.12704" yp1="72.33246" xp2="65.14254" yp2="72.48215" sp="0.05" color="silver" opacity="100"/>
<line xp1="65.14254" yp1="72.48215" xp2="65.06651" yp2="72.52522" sp="0.05" color="silver" opacity="100"/>
<line xp1="65.06651" yp1="72.52522" xp2="64.99857" yp2="72.44296" sp="0.05" color="silver" opacity="100"/>
<line xp1="64.99857" yp1="72.44296" xp2="64.92236" yp2="72.43888" sp="0.05" color="silver" opacity="100"/>
<line xp1="64.92236" yp1="72.43888" xp2="64.82540" yp2="72.43720" sp="0.05" color="silver" opacity="100"/>
<line xp1="64.82540" yp1="72.43720" xp2="64.83565" yp2="72.55173" sp="0.05" color="silver" opacity="100"/>
<line xp1="64.83565" yp1="72.55173" xp2="64.85011" yp2="72.69765" sp="0.05" color="silver" opacity="100"/>
<line xp1="64.85011" yp1="72.69765" xp2="64.91420" yp2="72.78040" sp="0.05" color="silver" opacity="100"/>
<line xp1="64.91420" yp1="72.78040" xp2="64.91661" yp2="72.92765" sp="0.05" color="silver" opacity="100"/>
<line xp1="64.91661" yp1="72.92765" xp2="64.94263" yp2="73.07116" sp="0.05" color="silver" opacity="100"/>
<line xp1="64.94263" yp1="73.07116" xp2="64.95743" yp2="73.16915" sp="0.05" color="silver" opacity="100"/>
<line xp1="64.95743" yp1="73.16915" xp2="64.88511" yp2="73.29489" sp="0.05" color="silver" opacity="100"/>
<line xp1="64.88511" yp1="73.29489" xp2="64.95230" yp2="73.35410" sp="0.05" color="silver" opacity="100"/>
<line xp1="64.95230" yp1="73.35410" xp2="64.91527" yp2="73.43873" sp="0.05" color="silver" opacity="100"/>
<line xp1="64.91527" yp1="73.43873" xp2="64.87223" yp2="73.49358" sp="0.05" color="silver" opacity="100"/>
<line xp1="64.87223" yp1="73.49358" xp2="64.80029" yp2="73.58527" sp="0.05" color="silver" opacity="100"/>
<line xp1="64.80029" yp1="73.58527" xp2="64.66620" yp2="73.61149" sp="0.05" color="silver" opacity="100"/>
<line xp1="64.66620" yp1="73.61149" xp2="64.62173" yp2="73.70124" sp="0.05" color="silver" opacity="100"/>
<line xp1="64.62173" yp1="73.70124" xp2="64.54075" yp2="73.66443" sp="0.05" color="silver" opacity="100"/>
<line xp1="64.54075" yp1="73.66443" xp2="64.52768" yp2="73.67136" sp="0.05" color="silver" opacity="100"/>
<line xp1="64.52768" yp1="73.67136" xp2="64.45305" yp2="73.71097" sp="0.05" color="silver" opacity="100"/>
<line xp1="64.45305" yp1="73.71097" xp2="64.40759" yp2="73.77627" sp="0.05" color="silver" opacity="100"/>
<line xp1="64.40759" yp1="73.77627" xp2="64.50162" yp2="73.93027" sp="0.05" color="silver" opacity="100"/>
<line xp1="64.50162" yp1="73.93027" xp2="64.43793" yp2="74.06346" sp="0.05" color="silver" opacity="100"/>
<line xp1="64.43793" yp1="74.06346" xp2="64.43561" yp2="74.06517" sp="0.05" color="silver" opacity="100"/>
<line xp1="64.43561" yp1="74.06517" xp2="64.34153" yp2="74.13460" sp="0.05" color="silver" opacity="100"/>
<line xp1="64.34153" yp1="74.13460" xp2="64.23645" yp2="74.17995" sp="0.05" color="silver" opacity="100"/>
<line xp1="64.23645" yp1="74.17995" xp2="64.13920" yp2="74.16963" sp="0.05" color="silver" opacity="100"/>
<line xp1="64.13920" yp1="74.16963" xp2="64.03049" yp2="74.26187" sp="0.05" color="silver" opacity="100"/>
<line xp1="64.03049" yp1="74.26187" xp2="63.98482" yp2="74.22768" sp="0.05" color="silver" opacity="100"/>
<line xp1="63.98482" yp1="74.22768" xp2="63.80512" yp2="74.34521" sp="0.05" color="silver" opacity="100"/>
<line xp1="63.80512" yp1="74.34521" xp2="63.70175" yp2="74.32895" sp="0.05" color="silver" opacity="100"/>
<line xp1="63.70175" yp1="74.32895" xp2="63.67221" yp2="74.25893" sp="0.05" color="silver" opacity="100"/>
<line xp1="63.67221" yp1="74.25893" xp2="63.60345" yp2="74.25511" sp="0.05" color="silver" opacity="100"/>
<line xp1="63.60345" yp1="74.25511" xp2="63.57057" yp2="74.32439" sp="0.05" color="silver" opacity="100"/>
<line xp1="63.57057" yp1="74.32439" xp2="63.56426" yp2="74.32704" sp="0.05" color="silver" opacity="100"/>
<line xp1="63.56426" yp1="74.32704" xp2="63.47693" yp2="74.36374" sp="0.05" color="silver" opacity="100"/>
<line xp1="63.47693" yp1="74.36374" xp2="63.36623" yp2="74.34745" sp="0.05" color="silver" opacity="100"/>
<line xp1="63.36623" yp1="74.34745" xp2="63.18036" yp2="74.49173" sp="0.05" color="silver" opacity="100"/>
<line xp1="63.18036" yp1="74.49173" xp2="63.09044" yp2="74.56153" sp="0.05" color="silver" opacity="100"/>
<line xp1="63.09044" yp1="74.56153" xp2="62.93595" yp2="74.68144" sp="0.05" color="silver" opacity="100"/>
<line xp1="62.93595" yp1="74.68144" xp2="62.09474" yp2="74.98230" sp="0.05" color="silver" opacity="100"/>
<line xp1="62.09474" yp1="74.98230" xp2="61.64750" yp2="75.14262" sp="0.05" color="silver" opacity="100"/>
<line xp1="61.64750" yp1="75.14262" xp2="61.35309" yp2="75.24815" sp="0.05" color="silver" opacity="100"/>
<line xp1="61.35309" yp1="75.24815" xp2="61.29501" yp2="75.48710" sp="0.05" color="silver" opacity="100"/>
<line xp1="61.29501" yp1="75.48710" xp2="61.20790" yp2="75.71413" sp="0.05" color="silver" opacity="100"/>
<line xp1="61.20790" yp1="75.71413" xp2="61.09891" yp2="75.76813" sp="0.05" color="silver" opacity="100"/>
<line xp1="61.09891" yp1="75.76813" xp2="61.02787" yp2="75.86651" sp="0.05" color="silver" opacity="100"/>
<line xp1="61.02787" yp1="75.86651" xp2="60.94273" yp2="75.81047" sp="0.05" color="silver" opacity="100"/>
<line xp1="60.94273" yp1="75.81047" xp2="60.89518" yp2="75.90313" sp="0.05" color="silver" opacity="100"/>
<line xp1="60.89518" yp1="75.90313" xp2="60.86524" yp2="75.88998" sp="0.05" color="silver" opacity="100"/>
<line xp1="60.86524" yp1="75.88998" xp2="60.76014" yp2="75.97033" sp="0.05" color="silver" opacity="100"/>
<line xp1="60.76014" yp1="75.97033" xp2="60.69449" yp2="75.96068" sp="0.05" color="silver" opacity="100"/>
<line xp1="60.69449" yp1="75.96068" xp2="60.66837" yp2="75.95683" sp="0.05" color="silver" opacity="100"/>
<line xp1="60.66837" yp1="75.95683" xp2="60.51804" yp2="76.12950" sp="0.05" color="silver" opacity="100"/>
<line xp1="60.51804" yp1="76.12950" xp2="60.40422" yp2="76.26362" sp="0.05" color="silver" opacity="100"/>
<line xp1="60.40422" yp1="76.26362" xp2="60.37648" yp2="76.13225" sp="0.05" color="silver" opacity="100"/>
<line xp1="60.37648" yp1="76.13225" xp2="60.31573" yp2="76.07126" sp="0.05" color="silver" opacity="100"/>
<line xp1="60.31573" yp1="76.07126" xp2="60.26303" yp2="76.04590" sp="0.05" color="silver" opacity="100"/>
<line xp1="60.26303" yp1="76.04590" xp2="60.15645" yp2="75.95157" sp="0.05" color="silver" opacity="100"/>
<line xp1="60.15645" yp1="75.95157" xp2="60.11503" yp2="75.96425" sp="0.05" color="silver" opacity="100"/>
<line xp1="60.11503" yp1="75.96425" xp2="60.06823" yp2="75.97858" sp="0.05" color="silver" opacity="100"/>
<line xp1="60.06823" yp1="75.97858" xp2="60.10365" yp2="76.04942" sp="0.05" color="silver" opacity="100"/>
<line xp1="60.10365" yp1="76.04942" xp2="60.13054" yp2="76.16689" sp="0.05" color="silver" opacity="100"/>
<line xp1="60.13054" yp1="76.16689" xp2="60.22661" yp2="76.28452" sp="0.05" color="silver" opacity="100"/>
<line xp1="60.22661" yp1="76.28452" xp2="60.18332" yp2="76.39988" sp="0.05" color="silver" opacity="100"/>
<line xp1="60.18332" yp1="76.39988" xp2="60.21378" yp2="76.47323" sp="0.05" color="silver" opacity="100"/>
<line xp1="60.21378" yp1="76.47323" xp2="60.30933" yp2="76.63755" sp="0.05" color="silver" opacity="100"/>
<line xp1="60.30933" yp1="76.63755" xp2="60.39184" yp2="76.84073" sp="0.05" color="silver" opacity="100"/>
<line xp1="60.39184" yp1="76.84073" xp2="60.29803" yp2="76.96782" sp="0.05" color="silver" opacity="100"/>
<line xp1="60.29803" yp1="76.96782" xp2="60.22640" yp2="77.03588" sp="0.05" color="silver" opacity="100"/>
<line xp1="60.22640" yp1="77.03588" xp2="60.11673" yp2="77.14825" sp="0.05" color="silver" opacity="100"/>
<line xp1="60.11673" yp1="77.14825" xp2="60.01635" yp2="77.09221" sp="0.05" color="silver" opacity="100"/>
<line xp1="60.01635" yp1="77.09221" xp2="60.02367" yp2="76.93029" sp="0.05" color="silver" opacity="100"/>
<line xp1="60.02367" yp1="76.93029" xp2="59.94690" yp2="76.86587" sp="0.05" color="silver" opacity="100"/>
<line xp1="59.94690" yp1="76.86587" xp2="59.86560" yp2="76.79849" sp="0.05" color="silver" opacity="100"/>
<line xp1="59.86560" yp1="76.79849" xp2="59.79927" yp2="76.77145" sp="0.05" color="silver" opacity="100"/>
<line xp1="59.79927" yp1="76.77145" xp2="59.74215" yp2="76.69931" sp="0.05" color="silver" opacity="100"/>
<line xp1="59.74215" yp1="76.69931" xp2="59.67439" yp2="76.76235" sp="0.05" color="silver" opacity="100"/>
<line xp1="59.67439" yp1="76.76235" xp2="59.60507" yp2="76.67682" sp="0.05" color="silver" opacity="100"/>
<line xp1="59.60507" yp1="76.67682" xp2="59.51567" yp2="76.64807" sp="0.05" color="silver" opacity="100"/>
<line xp1="59.51567" yp1="76.64807" xp2="59.44492" yp2="76.56610" sp="0.05" color="silver" opacity="100"/>
<line xp1="59.44492" yp1="76.56610" xp2="59.36646" yp2="76.54183" sp="0.05" color="silver" opacity="100"/>
<line xp1="59.36646" yp1="76.54183" xp2="59.21373" yp2="76.44987" sp="0.05" color="silver" opacity="100"/>
<line xp1="59.21373" yp1="76.44987" xp2="59.15178" yp2="76.44993" sp="0.05" color="silver" opacity="100"/>
<line xp1="59.15178" yp1="76.44993" xp2="59.11648" yp2="76.44997" sp="0.05" color="silver" opacity="100"/>
<line xp1="59.11648" yp1="76.44997" xp2="59.00692" yp2="76.38495" sp="0.05" color="silver" opacity="100"/>
<line xp1="59.00692" yp1="76.38495" xp2="58.73842" yp2="76.25765" sp="0.05" color="silver" opacity="100"/>
<line xp1="58.73842" yp1="76.25765" xp2="58.63544" yp2="76.25775" sp="0.05" color="silver" opacity="100"/>
<line xp1="58.63544" yp1="76.25775" xp2="58.52017" yp2="76.23583" sp="0.05" color="silver" opacity="100"/>
<line xp1="58.52017" yp1="76.23583" xp2="58.43802" yp2="76.30420" sp="0.05" color="silver" opacity="100"/>
<line xp1="58.43802" yp1="76.30420" xp2="58.38336" yp2="76.31576" sp="0.05" color="silver" opacity="100"/>
<line xp1="58.38336" yp1="76.31576" xp2="58.30730" yp2="76.38413" sp="0.05" color="silver" opacity="100"/>
<line xp1="58.30730" yp1="76.38413" xp2="58.24102" yp2="76.37599" sp="0.05" color="silver" opacity="100"/>
<line xp1="58.24102" yp1="76.37599" xp2="58.17986" yp2="76.27212" sp="0.05" color="silver" opacity="100"/>
<line xp1="58.17986" yp1="76.27212" xp2="58.14540" yp2="76.18497" sp="0.05" color="silver" opacity="100"/>
<line xp1="58.14540" yp1="76.18497" xp2="58.01201" yp2="76.18069" sp="0.05" color="silver" opacity="100"/>
<line xp1="58.01201" yp1="76.18069" xp2="58.01174" yp2="75.70167" sp="0.05" color="silver" opacity="100"/>
<line xp1="58.01174" yp1="75.70167" xp2="58.01114" yp2="75.47777" sp="0.05" color="silver" opacity="100"/>
<line xp1="58.01114" yp1="75.47777" xp2="58.00982" yp2="74.98298" sp="0.05" color="silver" opacity="100"/>
<line xp1="58.00982" yp1="74.98298" xp2="58.00949" yp2="74.73520" sp="0.05" color="silver" opacity="100"/>
<line xp1="58.00949" yp1="74.73520" xp2="58.00918" yp2="74.49822" sp="0.05" color="silver" opacity="100"/>
<line xp1="58.00918" yp1="74.49822" xp2="57.94117" yp2="74.43471" sp="0.05" color="silver" opacity="100"/>
<line xp1="57.94117" yp1="74.43471" xp2="57.92037" yp2="74.33053" sp="0.05" color="silver" opacity="100"/>
<line xp1="57.92037" yp1="74.33053" xp2="57.85741" yp2="74.34154" sp="0.05" color="silver" opacity="100"/>
<line xp1="57.85741" yp1="74.34154" xp2="57.76980" yp2="74.29215" sp="0.05" color="silver" opacity="100"/>
<line xp1="57.76980" yp1="74.29215" xp2="57.73421" yp2="74.20843" sp="0.05" color="silver" opacity="100"/>
<line xp1="57.73421" yp1="74.20843" xp2="57.62203" yp2="74.20034" sp="0.05" color="silver" opacity="100"/>
<line xp1="57.62203" yp1="74.20034" xp2="57.56836" yp2="74.13214" sp="0.05" color="silver" opacity="100"/>
<line xp1="57.56836" yp1="74.13214" xp2="57.45212" yp2="74.06983" sp="0.05" color="silver" opacity="100"/>
<line xp1="57.45212" yp1="74.06983" xp2="57.35211" yp2="73.95373" sp="0.05" color="silver" opacity="100"/>
<line xp1="57.35211" yp1="73.95373" xp2="57.29314" yp2="73.81526" sp="0.05" color="silver" opacity="100"/>
<line xp1="57.29314" yp1="73.81526" xp2="57.26693" yp2="73.68575" sp="0.05" color="silver" opacity="100"/>
<line xp1="57.26693" yp1="73.68575" xp2="57.19075" yp2="73.53329" sp="0.05" color="silver" opacity="100"/>
<line xp1="57.19075" yp1="73.53329" xp2="57.16809" yp2="73.51256" sp="0.05" color="silver" opacity="100"/>
<line xp1="57.16809" yp1="73.51256" xp2="57.12356" yp2="73.47183" sp="0.05" color="silver" opacity="100"/>
<line xp1="57.12356" yp1="73.47183" xp2="57.09739" yp2="73.26899" sp="0.05" color="silver" opacity="100"/>
<line xp1="57.09739" yp1="73.26899" xp2="57.09739" yp2="73.26899" sp="0.05" color="silver" opacity="100"/>
<line xp1="29.14325" yp1="71.04759" xp2="29.14537" yp2="70.64384" sp="0.05" color="silver" opacity="100"/>
<line xp1="29.14537" yp1="70.64384" xp2="29.14564" yp2="70.47504" sp="0.05" color="silver" opacity="100"/>
<line xp1="29.14564" yp1="70.47504" xp2="29.14583" yp2="70.35693" sp="0.05" color="silver" opacity="100"/>
<line xp1="29.14583" yp1="70.35693" xp2="29.15542" yp2="69.92592" sp="0.05" color="silver" opacity="100"/>
<line xp1="29.15542" yp1="69.92592" xp2="29.15516" yp2="69.64264" sp="0.05" color="silver" opacity="100"/>
<line xp1="29.15516" yp1="69.64264" xp2="29.15623" yp2="68.89952" sp="0.05" color="silver" opacity="100"/>
<line xp1="29.15623" yp1="68.89952" xp2="29.15812" yp2="68.52409" sp="0.05" color="silver" opacity="100"/>
<line xp1="29.15812" yp1="68.52409" xp2="29.15921" yp2="68.30965" sp="0.05" color="silver" opacity="100"/>
<line xp1="29.15921" yp1="68.30965" xp2="29.15983" yp2="67.67957" sp="0.05" color="silver" opacity="100"/>
<line xp1="29.15983" yp1="67.67957" xp2="29.16098" yp2="67.14586" sp="0.05" color="silver" opacity="100"/>
<line xp1="29.16098" yp1="67.14586" xp2="29.16213" yp2="66.61634" sp="0.05" color="silver" opacity="100"/>
<line xp1="29.16213" yp1="66.61634" xp2="29.16286" yp2="65.92104" sp="0.05" color="silver" opacity="100"/>
<line xp1="29.16286" yp1="65.92104" xp2="29.16300" yp2="65.76973" sp="0.05" color="silver" opacity="100"/>
<line xp1="29.16300" yp1="65.76973" xp2="29.16314" yp2="65.61271" sp="0.05" color="silver" opacity="100"/>
<line xp1="29.16314" yp1="65.61271" xp2="29.16375" yp2="64.92178" sp="0.05" color="silver" opacity="100"/>
<line xp1="29.16375" yp1="64.92178" xp2="29.16072" yp2="64.32547" sp="0.05" color="silver" opacity="100"/>
<line xp1="29.16072" yp1="64.32547" xp2="29.15834" yp2="63.85549" sp="0.05" color="silver" opacity="100"/>
<line xp1="29.15834" yp1="63.85549" xp2="29.15894" yp2="62.86162" sp="0.05" color="silver" opacity="100"/>
<line xp1="29.15894" yp1="62.86162" xp2="29.16028" yp2="61.65670" sp="0.05" color="silver" opacity="100"/>
<line xp1="29.16028" yp1="61.65670" xp2="29.16032" yp2="61.61592" sp="0.05" color="silver" opacity="100"/>
<line xp1="29.16032" yp1="61.61592" xp2="29.15908" yp2="61.03055" sp="0.05" color="silver" opacity="100"/>
<line xp1="29.15908" yp1="61.03055" xp2="29.15902" yp2="60.71893" sp="0.05" color="silver" opacity="100"/>
<line xp1="29.15902" yp1="60.71893" xp2="29.15889" yp2="59.99417" sp="0.05" color="silver" opacity="100"/>
<line xp1="29.15889" yp1="59.99417" xp2="29.93874" yp2="59.98956" sp="0.05" color="silver" opacity="100"/>
<line xp1="29.93874" yp1="59.98956" xp2="30.58209" yp2="59.99172" sp="0.05" color="silver" opacity="100"/>
<line xp1="30.58209" yp1="59.99172" xp2="30.69464" yp2="59.99228" sp="0.05" color="silver" opacity="100"/>
<line xp1="30.69464" yp1="59.99228" xp2="30.76813" yp2="59.99264" sp="0.05" color="silver" opacity="100"/>
<line xp1="30.76813" yp1="59.99264" xp2="31.20706" yp2="59.99483" sp="0.05" color="silver" opacity="100"/>
<line xp1="31.20706" yp1="59.99483" xp2="31.92195" yp2="60.00288" sp="0.05" color="silver" opacity="100"/>
<line xp1="31.92195" yp1="60.00288" xp2="32.23065" yp2="60.00188" sp="0.05" color="silver" opacity="100"/>
<line xp1="32.23065" yp1="60.00188" xp2="33.46054" yp2="60.00033" sp="0.05" color="silver" opacity="100"/>
<line xp1="33.46054" yp1="60.00033" xp2="33.97166" yp2="60.00351" sp="0.05" color="silver" opacity="100"/>
<line xp1="33.97166" yp1="60.00351" xp2="34.81932" yp2="60.00878" sp="0.05" color="silver" opacity="100"/>
<line xp1="34.81932" yp1="60.00878" xp2="34.89570" yp2="60.00812" sp="0.05" color="silver" opacity="100"/>
<line xp1="34.89570" yp1="60.00812" xp2="35.59942" yp2="60.00205" sp="0.05" color="silver" opacity="100"/>
<line xp1="35.59942" yp1="60.00205" xp2="36.42897" yp2="59.99490" sp="0.05" color="silver" opacity="100"/>
<line xp1="36.42897" yp1="59.99490" xp2="36.58835" yp2="59.99353" sp="0.05" color="silver" opacity="100"/>
<line xp1="36.58835" yp1="59.99353" xp2="36.62992" yp2="59.99356" sp="0.05" color="silver" opacity="100"/>
<line xp1="36.62992" yp1="59.99356" xp2="38.03517" yp2="59.99478" sp="0.05" color="silver" opacity="100"/>
<line xp1="38.03517" yp1="59.99478" xp2="38.03560" yp2="59.99478" sp="0.05" color="silver" opacity="100"/>
<line xp1="38.03560" yp1="59.99478" xp2="38.54866" yp2="59.99450" sp="0.05" color="silver" opacity="100"/>
<line xp1="38.54866" yp1="59.99450" xp2="38.68420" yp2="59.99442" sp="0.05" color="silver" opacity="100"/>
<line xp1="38.68420" yp1="59.99442" xp2="39.23530" yp2="60.00516" sp="0.05" color="silver" opacity="100"/>
<line xp1="39.23530" yp1="60.00516" xp2="39.91808" yp2="60.00402" sp="0.05" color="silver" opacity="100"/>
<line xp1="39.91808" yp1="60.00402" xp2="39.91824" yp2="60.32702" sp="0.05" color="silver" opacity="100"/>
<line xp1="39.91824" yp1="60.32702" xp2="39.91930" yp2="60.79486" sp="0.05" color="silver" opacity="100"/>
<line xp1="39.91930" yp1="60.79486" xp2="39.91956" yp2="61.12347" sp="0.05" color="silver" opacity="100"/>
<line xp1="39.91956" yp1="61.12347" xp2="39.91956" yp2="61.12373" sp="0.05" color="silver" opacity="100"/>
<line xp1="39.91956" yp1="61.12373" xp2="39.91902" yp2="61.61222" sp="0.05" color="silver" opacity="100"/>
<line xp1="39.91902" yp1="61.61222" xp2="39.91887" yp2="61.75336" sp="0.05" color="silver" opacity="100"/>
<line xp1="39.91887" yp1="61.75336" xp2="39.91873" yp2="61.99378" sp="0.05" color="silver" opacity="100"/>
<line xp1="39.91873" yp1="61.99378" xp2="39.91842" yp2="62.52990" sp="0.05" color="silver" opacity="100"/>
<line xp1="39.91842" yp1="62.52990" xp2="39.91883" yp2="62.86222" sp="0.05" color="silver" opacity="100"/>
<line xp1="39.91883" yp1="62.86222" xp2="39.91888" yp2="62.90377" sp="0.05" color="silver" opacity="100"/>
<line xp1="39.91888" yp1="62.90377" xp2="39.91878" yp2="63.57132" sp="0.05" color="silver" opacity="100"/>
<line xp1="39.91878" yp1="63.57132" xp2="39.91830" yp2="64.28561" sp="0.05" color="silver" opacity="100"/>
<line xp1="39.91830" yp1="64.28561" xp2="39.91898" yp2="64.60505" sp="0.05" color="silver" opacity="100"/>
<line xp1="39.91898" yp1="64.60505" xp2="39.91910" yp2="64.65976" sp="0.05" color="silver" opacity="100"/>
<line xp1="39.91910" yp1="64.65976" xp2="39.91827" yp2="65.71596" sp="0.05" color="silver" opacity="100"/>
<line xp1="39.91827" yp1="65.71596" xp2="39.91711" yp2="66.54229" sp="0.05" color="silver" opacity="100"/>
<line xp1="39.91711" yp1="66.54229" xp2="39.91587" yp2="67.07947" sp="0.05" color="silver" opacity="100"/>
<line xp1="39.91587" yp1="67.07947" xp2="39.91570" yp2="67.15236" sp="0.05" color="silver" opacity="100"/>
<line xp1="39.91570" yp1="67.15236" xp2="39.91534" yp2="67.31029" sp="0.05" color="silver" opacity="100"/>
<line xp1="39.91534" yp1="67.31029" xp2="39.91463" yp2="68.15279" sp="0.05" color="silver" opacity="100"/>
<line xp1="39.91463" yp1="68.15279" xp2="39.91474" yp2="68.97452" sp="0.05" color="silver" opacity="100"/>
<line xp1="39.91474" yp1="68.97452" xp2="39.91476" yp2="69.08681" sp="0.05" color="silver" opacity="100"/>
<line xp1="39.91476" yp1="69.08681" xp2="39.91479" yp2="69.28567" sp="0.05" color="silver" opacity="100"/>
<line xp1="39.91479" yp1="69.28567" xp2="39.91432" yp2="70.20283" sp="0.05" color="silver" opacity="100"/>
<line xp1="39.91432" yp1="70.20283" xp2="39.91414" yp2="70.54669" sp="0.05" color="silver" opacity="100"/>
<line xp1="39.91414" yp1="70.54669" xp2="39.91123" yp2="71.42123" sp="0.05" color="silver" opacity="100"/>
<line xp1="39.91123" yp1="71.42123" xp2="38.42267" yp2="71.42940" sp="0.05" color="silver" opacity="100"/>
<line xp1="38.42267" yp1="71.42940" xp2="38.40269" yp2="71.42940" sp="0.05" color="silver" opacity="100"/>
<line xp1="38.40269" yp1="71.42940" xp2="38.34369" yp2="71.42942" sp="0.05" color="silver" opacity="100"/>
<line xp1="38.34369" yp1="71.42942" xp2="37.15682" yp2="71.42970" sp="0.05" color="silver" opacity="100"/>
<line xp1="37.15682" yp1="71.42970" xp2="36.88480" yp2="71.42167" sp="0.05" color="silver" opacity="100"/>
<line xp1="36.88480" yp1="71.42167" xp2="36.51756" yp2="71.41082" sp="0.05" color="silver" opacity="100"/>
<line xp1="36.51756" yp1="71.41082" xp2="36.51736" yp2="71.41082" sp="0.05" color="silver" opacity="100"/>
<line xp1="36.51736" yp1="71.41082" xp2="35.55573" yp2="71.41681" sp="0.05" color="silver" opacity="100"/>
<line xp1="35.55573" yp1="71.41681" xp2="34.84394" yp2="71.43259" sp="0.05" color="silver" opacity="100"/>
<line xp1="34.84394" yp1="71.43259" xp2="33.98227" yp2="71.43298" sp="0.05" color="silver" opacity="100"/>
<line xp1="33.98227" yp1="71.43298" xp2="33.85023" yp2="71.43304" sp="0.05" color="silver" opacity="100"/>
<line xp1="33.85023" yp1="71.43304" xp2="33.46381" yp2="71.43037" sp="0.05" color="silver" opacity="100"/>
<line xp1="33.46381" yp1="71.43037" xp2="33.07588" yp2="71.42769" sp="0.05" color="silver" opacity="100"/>
<line xp1="33.07588" yp1="71.42769" xp2="32.89001" yp2="71.42765" sp="0.05" color="silver" opacity="100"/>
<line xp1="32.89001" yp1="71.42765" xp2="32.21190" yp2="71.42749" sp="0.05" color="silver" opacity="100"/>
<line xp1="32.21190" yp1="71.42749" xp2="32.14855" yp2="71.44544" sp="0.05" color="silver" opacity="100"/>
<line xp1="32.14855" yp1="71.44544" xp2="31.42412" yp2="71.43609" sp="0.05" color="silver" opacity="100"/>
<line xp1="31.42412" yp1="71.43609" xp2="31.07926" yp2="71.43692" sp="0.05" color="silver" opacity="100"/>
<line xp1="31.07926" yp1="71.43692" xp2="30.77685" yp2="71.43764" sp="0.05" color="silver" opacity="100"/>
<line xp1="30.77685" yp1="71.43764" xp2="30.27009" yp2="71.42616" sp="0.05" color="silver" opacity="100"/>
<line xp1="30.27009" yp1="71.42616" xp2="29.68420" yp2="71.40664" sp="0.05" color="silver" opacity="100"/>
<line xp1="29.68420" yp1="71.40664" xp2="29.56153" yp2="71.43701" sp="0.05" color="silver" opacity="100"/>
<line xp1="29.56153" yp1="71.43701" xp2="29.16265" yp2="71.43241" sp="0.05" color="silver" opacity="100"/>
<line xp1="29.16265" yp1="71.43241" xp2="29.16259" yp2="71.43109" sp="0.05" color="silver" opacity="100"/>
<line xp1="29.16259" yp1="71.43109" xp2="29.14325" yp2="71.04759" sp="0.05" color="silver" opacity="100"/>
<line xp1="29.14325" yp1="71.04759" xp2="29.14325" yp2="71.04759" sp="0.05" color="silver" opacity="100"/>
<line xp1="86.14444" yp1="59.17937" xp2="84.36368" yp2="57.00794" sp="0.50000" color="red" opacity="25"/>
<line xp1="84.36368" yp1="57.00794" xp2="67.44914" yp2="56.48175" sp="0.50000" color="red" opacity="25"/>
<line xp1="67.44914" yp1="56.48175" xp2="61.23419" yp2="53.22063" sp="0.50000" color="red" opacity="25"/>
<line xp1="61.23419" yp1="53.22063" xp2="49.96709" yp2="44.19603" sp="0.50000" color="red" opacity="25"/>
<line xp1="49.96709" yp1="44.19603" xp2="35.92265" yp2="43.09841" sp="0.50000" color="red" opacity="25"/>
<line xp1="35.92265" yp1="43.09841" xp2="22.84829" yp2="46.19206" sp="0.50000" color="red" opacity="25"/>
<line xp1="22.84829" yp1="46.19206" xp2="18.07692" yp2="40.14286" sp="0.50000" color="red" opacity="25"/>
<image name="usa.png" xp="41.538" yp="54.286" width="5" height="0"/>
<image name="mex.png" xp="41.538" yp="14.286" width="5" height="0"/>
<image name="can.png" xp="41.538" yp="91.429" width="5" height="0"/>
<curve xp1="18.15" yp1="40.14" xp2="18.15" yp2="71.38" xp3="56.51" yp3="71.38" sp="0.2" color="green"/>
<line xp1="56.51" yp1="71.38" xp2="86.25" yp2="59.23" sp="0.2" color="green"/>
<ellipse xp="56.509" yp="71.377" wp="1.500" hr="100" color="green" opacity="100"/>
<text align="c" xp="56.509" yp="72.127" sp="1.500" >Minneapolis</text>
<text align="c" xp="61.538" yp="15.286" sp="2.000" >Gulf of Mexico</text>
<text align="c" xp="7.692" yp="29.821" sp="2.500" >Pacific</text>
<text align="c" xp="7.692" yp="25.321" sp="2.500" >Ocean</text>
<text align="c" xp="92.308" yp="44.107" sp="2.500" >Atlantic</text>
<text align="c" xp="92.308" yp="39.607" sp="2.500" >Ocean</text>
</slide>
<slide bg="white" fg="black">
<text align="c" xp="50" yp="87" sp="5" >Deck elements</text>
<image name="follow.jpg" caption="Dreams" xp="72" yp="50" width="640" height="480" scale="58" link="https://budnitzbicycles.com"/>
<text type="block" xp="55" yp="35" wp="10" sp="1" font="serif" color="white">Budnitz #1, Plainfield, NJ, May 10, 2015</text>
<list type="bullet" xp="10" yp="75" sp="3" >
<li>text, image, list</li>
<li>rect, ellipse, polygon</li>
<li>line, arc, curve</li>
</list>
<rect xp="15" yp="10" wp="8" hp="6" color="red"/>
<ellipse xp="27.5" yp="10" wp="8" hp="6" color="blue"/>
<polygon xc="37 37 45" yc="7 13 10" color="green"/>
<line xp1="50" yp1="10" xp2="60" yp2="10" sp="0.25" color="red"/>
<arc xp="70" yp="10" wp="10" hp="8" a1="0" a2="180" sp="0.25" color="blue"/>
<curve xp1="80" yp1="10" xp2="95" yp2="25" xp3="90" yp3="10" sp="0.25" color="green"/>
<text xp="26.00" yp="45.60" sp="1.50" align="center" wp="0.00" font="sans" opacity="100.00" color="black" type="">AAPL Volume (Millions)</text><line xp1="10.00" yp1="28.00" xp2="10.00" yp2="38.26" sp="1.50" opacity="100.00" color="lightsteelblue"/><text xp="10.00" yp="39.26" sp="0.75" align="center" wp="0.00" font="sans" opacity="100.00" color="rgb(127,0,0)" type="">679.9</text><text xp="10.00" yp="26.00" sp="0.80" align="center" wp="0.00" font="sans" opacity="100.00" color="rgb(75,75,75)" type="">2017-09-01</text><line xp1="12.91" yp1="28.00" xp2="12.91" yp2="35.61" sp="1.50" opacity="100.00" color="lightsteelblue"/><text xp="12.91" yp="36.61" sp="0.75" align="center" wp="0.00" font="sans" opacity="100.00" color="rgb(127,0,0)" type="">504.3</text><line xp1="15.82" yp1="28.00" xp2="15.82" yp2="37.06" sp="1.50" opacity="100.00" color="lightsteelblue"/><text xp="15.82" yp="38.06" sp="0.75" align="center" wp="0.00" font="sans" opacity="100.00" color="rgb(127,0,0)" type="">600.7</text><text xp="15.82" yp="26.00" sp="0.80" align="center" wp="0.00" font="sans" opacity="100.00" color="rgb(75,75,75)" type="">2017-11-01</text><line xp1="18.73" yp1="28.00" xp2="18.73" yp2="36.01" sp="1.50" opacity="100.00" color="lightsteelblue"/><text xp="18.73" yp="37.01" sp="0.75" align="center" wp="0.00" font="sans" opacity="100.00" color="rgb(127,0,0)" type="">531.2</text><line xp1="21.64" yp1="28.00" xp2="21.64" yp2="37.95" sp="1.50" opacity="100.00" color="lightsteelblue"/><text xp="21.64" yp="38.95" sp="0.75" align="center" wp="0.00" font="sans" opacity="100.00" color="rgb(127,0,0)" type="">659.2</text><text xp="21.64" yp="26.00" sp="0.80" align="center" wp="0.00" font="sans" opacity="100.00" color="rgb(75,75,75)" type="">2018-01-01</text><line xp1="24.55" yp1="28.00" xp2="24.55" yp2="42.00" sp="1.50" opacity="100.00" color="lightsteelblue"/><text xp="24.55" yp="43.00" sp="0.75" align="center" wp="0.00" font="sans" opacity="100.00" color="rgb(127,0,0)" type="">927.9</text><line xp1="27.45" yp1="28.00" xp2="27.45" yp2="38.77" sp="1.50" opacity="100.00" color="lightsteelblue"/><text xp="27.45" yp="39.77" sp="0.75" align="center" wp="0.00" font="sans" opacity="100.00" color="rgb(127,0,0)" type="">713.7</text><text xp="27.45" yp="26.00" sp="0.80" align="center" wp="0.00" font="sans" opacity="100.00" color="rgb(75,75,75)" type="">2018-03-01</text><line xp1="30.36" yp1="28.00" xp2="30.36" yp2="38.05" sp="1.50" opacity="100.00" color="lightsteelblue"/><text xp="30.36" yp="39.05" sp="0.75" align="center" wp="0.00" font="sans" opacity="100.00" color="rgb(127,0,0)" type="">666.2</text><line xp1="33.27" yp1="28.00" xp2="33.27" yp2="37.32" sp="1.50" opacity="100.00" color="lightsteelblue"/><text xp="33.27" yp="38.32" sp="0.75" align="center" wp="0.00" font="sans" opacity="100.00" color="rgb(127,0,0)" type="">617.4</text><text xp="33.27" yp="26.00" sp="0.80" align="center" wp="0.00" font="sans" opacity="100.00" color="rgb(75,75,75)" type="">2018-05-01</text><line xp1="36.18" yp1="28.00" xp2="36.18" yp2="35.96" sp="1.50" opacity="100.00" color="lightsteelblue"/><text xp="36.18" yp="36.96" sp="0.75" align="center" wp="0.00" font="sans" opacity="100.00" color="rgb(127,0,0)" type="">527.3</text><line xp1="39.09" yp1="28.00" xp2="39.09" yp2="33.94" sp="1.50" opacity="100.00" color="lightsteelblue"/><text xp="39.09" yp="34.94" sp="0.75" align="center" wp="0.00" font="sans" opacity="100.00" color="rgb(127,0,0)" type="">393.7</text><text xp="39.09" yp="26.00" sp="0.80" align="center" wp="0.00" font="sans" opacity="100.00" color="rgb(75,75,75)" type="">2018-07-01</text><line xp1="42.00" yp1="28.00" xp2="42.00" yp2="30.47" sp="1.50" opacity="100.00" color="lightsteelblue"/><text xp="42.00" yp="31.47" sp="0.75" align="center" wp="0.00" font="sans" opacity="100.00" color="rgb(127,0,0)" type="">163.8</text></slide>
<slide bg="white" fg="black">
<text align="c" xp="50" yp="87" sp="5" >Deck elements</text>
<image name="follow.jpg" caption="Dreams" xp="72" yp="50" width="640" height="480" scale="58" link="https://budnitzbicycles.com"/>
<text type="block" xp="55" yp="35" wp="10" sp="1" font="serif" color="white">Budnitz #1, Plainfield, NJ, May 10, 2015</text>
<list type="bullet" xp="10" yp="75" sp="3" >
<li>text, image, list</li>
<li>rect, ellipse, polygon</li>
<li>line, arc, curve</li>
</list>
<rect xp="15" yp="10" wp="8" hp="6" color="red"/>
<ellipse xp="27.5" yp="10" wp="8" hp="6" color="blue"/>
<polygon xc="37 37 45" yc="7 13 10" color="green"/>
<line xp1="50" yp1="10" xp2="60" yp2="10" sp="0.25" color="red"/>
<arc xp="70" yp="10" wp="10" hp="8" a1="0" a2="180" sp="0.25" color="blue"/>
<curve xp1="80" yp1="10" xp2="95" yp2="25" xp3="90" yp3="10" sp="0.25" color="green"/>
<text align="c" xp="50" yp="95" sp="5" font="serif" color="gray" opacity="30">text</text>
<text align="c" xp="72" yp="80" sp="5" font="serif" color="gray" opacity="30">image</text>
<text align="c" xp="25" yp="80" sp="5" font="serif" color="gray" opacity="30">list</text>
<text align="c" xp="25" yp="50" sp="5" font="serif" color="gray" opacity="30">chart</text>
<text align="c" xp="15" yp="17" sp="2" font="serif" color="gray">rect</text>
<text align="c" xp="27.5" yp="17" sp="2" font="serif" color="gray">ellipse</text>
<text align="c" xp="40" yp="17" sp="2" font="serif" color="gray">polygon</text>
<text align="c" xp="55" yp="17" sp="2" font="serif" color="gray">line</text>
<text align="c" xp="70" yp="17" sp="2" font="serif" color="gray">arc</text>
<text align="c" xp="85" yp="17" sp="2" font="serif" color="gray">curve</text>
<text xp="26.00" yp="45.60" sp="1.50" align="center" wp="0.00" font="sans" opacity="100.00" color="black" type="">AAPL Volume (Millions)</text><line xp1="10.00" yp1="28.00" xp2="10.00" yp2="38.26" sp="1.50" opacity="100.00" color="lightsteelblue"/><text xp="10.00" yp="39.26" sp="0.75" align="center" wp="0.00" font="sans" opacity="100.00" color="rgb(127,0,0)" type="">679.9</text><text xp="10.00" yp="26.00" sp="0.80" align="center" wp="0.00" font="sans" opacity="100.00" color="rgb(75,75,75)" type="">2017-09-01</text><line xp1="12.91" yp1="28.00" xp2="12.91" yp2="35.61" sp="1.50" opacity="100.00" color="lightsteelblue"/><text xp="12.91" yp="36.61" sp="0.75" align="center" wp="0.00" font="sans" opacity="100.00" color="rgb(127,0,0)" type="">504.3</text><line xp1="15.82" yp1="28.00" xp2="15.82" yp2="37.06" sp="1.50" opacity="100.00" color="lightsteelblue"/><text xp="15.82" yp="38.06" sp="0.75" align="center" wp="0.00" font="sans" opacity="100.00" color="rgb(127,0,0)" type="">600.7</text><text xp="15.82" yp="26.00" sp="0.80" align="center" wp="0.00" font="sans" opacity="100.00" color="rgb(75,75,75)" type="">2017-11-01</text><line xp1="18.73" yp1="28.00" xp2="18.73" yp2="36.01" sp="1.50" opacity="100.00" color="lightsteelblue"/><text xp="18.73" yp="37.01" sp="0.75" align="center" wp="0.00" font="sans" opacity="100.00" color="rgb(127,0,0)" type="">531.2</text><line xp1="21.64" yp1="28.00" xp2="21.64" yp2="37.95" sp="1.50" opacity="100.00" color="lightsteelblue"/><text xp="21.64" yp="38.95" sp="0.75" align="center" wp="0.00" font="sans" opacity="100.00" color="rgb(127,0,0)" type="">659.2</text><text xp="21.64" yp="26.00" sp="0.80" align="center" wp="0.00" font="sans" opacity="100.00" color="rgb(75,75,75)" type="">2018-01-01</text><line xp1="24.55" yp1="28.00" xp2="24.55" yp2="42.00" sp="1.50" opacity="100.00" color="lightsteelblue"/><text xp="24.55" yp="43.00" sp="0.75" align="center" wp="0.00" font="sans" opacity="100.00" color="rgb(127,0,0)" type="">927.9</text><line xp1="27.45" yp1="28.00" xp2="27.45" yp2="38.77" sp="1.50" opacity="100.00" color="lightsteelblue"/><text xp="27.45" yp="39.77" sp="0.75" align="center" wp="0.00" font="sans" opacity="100.00" color="rgb(127,0,0)" type="">713.7</text><text xp="27.45" yp="26.00" sp="0.80" align="center" wp="0.00" font="sans" opacity="100.00" color="rgb(75,75,75)" type="">2018-03-01</text><line xp1="30.36" yp1="28.00" xp2="30.36" yp2="38.05" sp="1.50" opacity="100.00" color="lightsteelblue"/><text xp="30.36" yp="39.05" sp="0.75" align="center" wp="0.00" font="sans" opacity="100.00" color="rgb(127,0,0)" type="">666.2</text><line xp1="33.27" yp1="28.00" xp2="33.27" yp2="37.32" sp="1.50" opacity="100.00" color="lightsteelblue"/><text xp="33.27" yp="38.32" sp="0.75" align="center" wp="0.00" font="sans" opacity="100.00" color="rgb(127,0,0)" type="">617.4</text><text xp="33.27" yp="26.00" sp="0.80" align="center" wp="0.00" font="sans" opacity="100.00" color="rgb(75,75,75)" type="">2018-05-01</text><line xp1="36.18" yp1="28.00" xp2="36.18" yp2="35.96" sp="1.50" opacity="100.00" color="lightsteelblue"/><text xp="36.18" yp="36.96" sp="0.75" align="center" wp="0.00" font="sans" opacity="100.00" color="rgb(127,0,0)" type="">527.3</text><line xp1="39.09" yp1="28.00" xp2="39.09" yp2="33.94" sp="1.50" opacity="100.00" color="lightsteelblue"/><text xp="39.09" yp="34.94" sp="0.75" align="center" wp="0.00" font="sans" opacity="100.00" color="rgb(127,0,0)" type="">393.7</text><text xp="39.09" yp="26.00" sp="0.80" align="center" wp="0.00" font="sans" opacity="100.00" color="rgb(75,75,75)" type="">2018-07-01</text><line xp1="42.00" yp1="28.00" xp2="42.00" yp2="30.47" sp="1.50" opacity="100.00" color="lightsteelblue"/><text xp="42.00" yp="31.47" sp="0.75" align="center" wp="0.00" font="sans" opacity="100.00" color="rgb(127,0,0)" type="">163.8</text></slide>
</deck>
